L 03/16/2021 - 06:30:33: [afk_manager4.smx] Player count for AFK Move minimum has been reached, feature is now enabled: sm_afk_move_min_players = 4 Current Players = 4
L 03/16/2021 - 06:38:59: [afk_manager4.smx] Player count for AFK Kick minimum has been reached, feature is now enabled: sm_afk_kick_min_players = 6 Current Players = 6
L 03/16/2021 - 06:39:29: [afk_manager4.smx] Player count for AFK Kick minimum is below requirements, feature is now disabled: sm_afk_kick_min_players = 6 Current Players = 5
L 03/16/2021 - 07:07:44: [afk_manager4.smx] Player count for AFK Kick minimum has been reached, feature is now enabled: sm_afk_kick_min_players = 6 Current Players = 6
L 03/16/2021 - 07:15:45: [afk_manager4.smx] Player count for AFK Kick minimum is below requirements, feature is now disabled: sm_afk_kick_min_players = 6 Current Players = 5
L 03/16/2021 - 07:19:16: [afk_manager4.smx] Player count for AFK Move minimum is below requirements, feature is now disabled: sm_afk_move_min_players = 4 Current Players = 3
L 03/16/2021 - 07:27:30: [afk_manager4.smx] Player count for AFK Move minimum has been reached, feature is now enabled: sm_afk_move_min_players = 4 Current Players = 4
L 03/16/2021 - 07:43:18: [afk_manager4.smx] Player count for AFK Kick minimum has been reached, feature is now enabled: sm_afk_kick_min_players = 6 Current Players = 6
L 03/16/2021 - 07:52:42: [afk_manager4.smx] Player count for AFK Kick minimum is below requirements, feature is now disabled: sm_afk_kick_min_players = 6 Current Players = 5
L 03/16/2021 - 08:01:49: [afk_manager4.smx] Player count for AFK Kick minimum has been reached, feature is now enabled: sm_afk_kick_min_players = 6 Current Players = 6
L 03/16/2021 - 08:02:58: [afk_manager4.smx] Kermit De Frog<358><STEAM_1:1:595465762><> was moved to spectate for being AFK too long.
L 03/16/2021 - 08:06:45: [afk_manager4.smx] Player count for AFK Kick minimum is below requirements, feature is now disabled: sm_afk_kick_min_players = 6 Current Players = 5
L 03/16/2021 - 08:08:00: [afk_manager4.smx] Player count for AFK Kick minimum has been reached, feature is now enabled: sm_afk_kick_min_players = 6 Current Players = 6
L 03/16/2021 - 08:14:16: [afk_manager4.smx] awptense<366><STEAM_1:1:48030867><> was moved to spectate for being AFK too long.
L 03/16/2021 - 08:17:49: [afk_manager4.smx] flusha<365><STEAM_1:1:595676168><> was moved to spectate for being AFK too long.
L 03/16/2021 - 08:25:43: [afk_manager4.smx] Markel Cornellius<367><STEAM_1:0:511833789><> was moved to spectate for being AFK too long.
L 03/16/2021 - 08:38:17: [afk_manager4.smx] Player count for AFK Kick minimum is below requirements, feature is now disabled: sm_afk_kick_min_players = 6 Current Players = 5
L 03/16/2021 - 08:41:08: [afk_manager4.smx] Player count for AFK Move minimum is below requirements, feature is now disabled: sm_afk_move_min_players = 4 Current Players = 3
L 03/16/2021 - 09:03:57: [afk_manager4.smx] Player count for AFK Move minimum has been reached, feature is now enabled: sm_afk_move_min_players = 4 Current Players = 4
L 03/16/2021 - 09:10:48: [afk_manager4.smx] Player count for AFK Kick minimum has been reached, feature is now enabled: sm_afk_kick_min_players = 6 Current Players = 6
L 03/16/2021 - 09:19:21: [afk_manager4.smx] Markel Cornellius<394><STEAM_1:0:511833789><> was moved to spectate for being AFK too long.
L 03/16/2021 - 09:19:31: [afk_manager4.smx] snoots sucks<386><STEAM_1:0:78119533><> was moved to spectate for being AFK too long.
L 03/16/2021 - 09:19:45: [afk_manager4.smx] ANTI VAC<392><STEAM_1:0:595000089><> was moved to spectate for being AFK too long.
L 03/16/2021 - 09:22:33: [afk_manager4.smx] El prisas<384><STEAM_1:0:595906375><> was moved to spectate for being AFK too long.
L 03/16/2021 - 09:29:27: [afk_manager4.smx] snoots sucks<386><STEAM_1:0:78119533><> was moved to spectate for being AFK too long.
L 03/16/2021 - 09:29:54: [afk_manager4.smx] El prisas<384><STEAM_1:0:595906375><> was moved to spectate for being AFK too long.
L 03/16/2021 - 09:29:59: [afk_manager4.smx] GodSpeed<395><STEAM_1:1:595652909><> was moved to spectate for being AFK too long.
L 03/16/2021 - 09:30:57: [afk_manager4.smx] El prisas<384><STEAM_1:0:595906375><> was kicked for being AFK too long.
L 03/16/2021 - 09:34:24: [afk_manager4.smx] Markel Cornellius<394><STEAM_1:0:511833789><> was moved to spectate for being AFK too long.
L 03/16/2021 - 09:36:36: [afk_manager4.smx] Minu<405><STEAM_1:1:153863546><> was moved to spectate for being AFK too long.
L 03/16/2021 - 09:37:02: [afk_manager4.smx] ✪Colombiano Facha<389><STEAM_1:1:1232646><> was moved to spectate for being AFK too long.
L 03/16/2021 - 09:39:42: [afk_manager4.smx] retar<388><STEAM_1:1:571456490><> was moved to spectate for being AFK too long.
L 03/16/2021 - 09:41:10: [afk_manager4.smx] ✪Colombiano Facha<389><STEAM_1:1:1232646><> was moved to spectate for being AFK too long.
L 03/16/2021 - 10:07:18: [afk_manager4.smx] SIN.X Swag<420><STEAM_1:1:47335862><> was moved to spectate for being AFK too long.
L 03/16/2021 - 10:07:25: [afk_manager4.smx] configurating my cheat<415><STEAM_1:1:592624608><> was moved to spectate for being AFK too long.
L 03/16/2021 - 10:08:21: [afk_manager4.smx] SIN.X Swag<420><STEAM_1:1:47335862><> was kicked for being AFK too long.
L 03/16/2021 - 10:16:35: [afk_manager4.smx] Wicca<432><STEAM_1:0:586110535><> was moved to spectate for being AFK too long.
L 03/16/2021 - 10:17:38: [afk_manager4.smx] Wicca<432><STEAM_1:0:586110535><> was kicked for being AFK too long.
L 03/16/2021 - 10:25:19: [afk_manager4.smx] Markel Cornellius<406><STEAM_1:0:511833789><> was moved to spectate for being AFK too long.
L 03/16/2021 - 10:25:22: [afk_manager4.smx] GodnessMeth (ESP)<439><STEAM_1:1:542523704><> was moved to spectate for being AFK too long.
L 03/16/2021 - 10:29:42: [afk_manager4.smx] ya<430><STEAM_1:1:595673785><> was moved to spectate for being AFK too long.
L 03/16/2021 - 10:34:22: [afk_manager4.smx] ya<430><STEAM_1:1:595673785><> was moved to spectate for being AFK too long.
L 03/16/2021 - 10:35:24: [afk_manager4.smx] >.<<421><STEAM_1:1:585323085><> was moved to spectate for being AFK too long.
L 03/16/2021 - 10:38:24: [afk_manager4.smx] configurating my cheat<445><STEAM_1:1:592624608><> was moved to spectate for being AFK too long.
L 03/16/2021 - 10:42:43: [afk_manager4.smx] >.<<421><STEAM_1:1:585323085><> was moved to spectate for being AFK too long.
L 03/16/2021 - 10:43:46: [afk_manager4.smx] >.<<421><STEAM_1:1:585323085><> was kicked for being AFK too long.
L 03/16/2021 - 11:09:08: [afk_manager4.smx] ✪Colombiano Facha<459><STEAM_1:1:1232646><> was moved to spectate for being AFK too long.
L 03/16/2021 - 11:09:08: [afk_manager4.smx] Dizzle<458><STEAM_1:1:574726339><> was moved to spectate for being AFK too long.
L 03/16/2021 - 11:10:11: [afk_manager4.smx] Dizzle<458><STEAM_1:1:574726339><> was kicked for being AFK too long.
L 03/16/2021 - 11:13:10: [afk_manager4.smx] CrackedDll<467><STEAM_1:1:560111388><> was moved to spectate for being AFK too long.
L 03/16/2021 - 11:13:36: [afk_manager4.smx] TayK#4187<466><STEAM_1:0:67233731><> was moved to spectate for being AFK too long.
L 03/16/2021 - 11:13:37: [afk_manager4.smx] >.<<451><STEAM_1:1:585323085><> was moved to spectate for being AFK too long.
L 03/16/2021 - 11:14:42: [afk_manager4.smx] TayK#4187<466><STEAM_1:0:67233731><> was kicked for being AFK too long.
L 03/16/2021 - 11:14:43: [afk_manager4.smx] >.<<451><STEAM_1:1:585323085><> was kicked for being AFK too long.
L 03/16/2021 - 11:17:38: [afk_manager4.smx] El prisas<455><STEAM_1:0:595906375><> was moved to spectate for being AFK too long.
L 03/16/2021 - 11:18:41: [afk_manager4.smx] El prisas<455><STEAM_1:0:595906375><> was kicked for being AFK too long.
L 03/16/2021 - 11:32:40: [afk_manager4.smx] ✪Colombiano Facha<459><STEAM_1:1:1232646><> was moved to spectate for being AFK too long.
L 03/16/2021 - 11:33:40: [afk_manager4.smx] ✪Colombiano Facha<459><STEAM_1:1:1232646><> was kicked for being AFK too long.
L 03/16/2021 - 11:37:00: [afk_manager4.smx] TayK#4187<477><STEAM_1:0:67233731><> was moved to spectate for being AFK too long.
L 03/16/2021 - 11:38:03: [afk_manager4.smx] TayK#4187<477><STEAM_1:0:67233731><> was kicked for being AFK too long.
L 03/16/2021 - 12:36:52: [afk_manager4.smx] >.<<508><STEAM_1:1:585323085><> was moved to spectate for being AFK too long.
L 03/16/2021 - 12:37:55: [afk_manager4.smx] >.<<508><STEAM_1:1:585323085><> was kicked for being AFK too long.
L 03/16/2021 - 12:38:41: [afk_manager4.smx] rich people problems<496><STEAM_1:0:538889787><> was moved to spectate for being AFK too long.
L 03/16/2021 - 12:47:49: [afk_manager4.smx] Pineapple<529><STEAM_1:0:586860439><> was moved to spectate for being AFK too long.
L 03/16/2021 - 12:48:49: [afk_manager4.smx] Pineapple<529><STEAM_1:0:586860439><> was kicked for being AFK too long.
L 03/16/2021 - 12:49:12: [afk_manager4.smx] Woosh<500><STEAM_1:1:218022647><> was moved to spectate for being AFK too long.
L 03/16/2021 - 13:15:45: [afk_manager4.smx] faded<522><STEAM_1:1:593335415><> was moved to spectate for being AFK too long.
L 03/16/2021 - 13:16:51: [afk_manager4.smx] faded<522><STEAM_1:1:593335415><> was kicked for being AFK too long.
L 03/16/2021 - 13:18:46: [afk_manager4.smx] darsmars198<553><STEAM_1:0:593814446><> was moved to spectate for being AFK too long.
L 03/16/2021 - 13:37:58: [afk_manager4.smx] Woosh<500><STEAM_1:1:218022647><> was moved to spectate for being AFK too long.
L 03/16/2021 - 13:39:13: [afk_manager4.smx] Woosh<500><STEAM_1:1:218022647><> was kicked for being AFK too long.
L 03/16/2021 - 13:44:48: [afk_manager4.smx] >.<<542><STEAM_1:1:585323085><> was moved to spectate for being AFK too long.
L 03/16/2021 - 13:49:35: [afk_manager4.smx] Haru<556><STEAM_1:0:571722659><> was moved to spectate for being AFK too long.
L 03/16/2021 - 13:50:38: [afk_manager4.smx] Haru<556><STEAM_1:0:571722659><> was kicked for being AFK too long.
L 03/16/2021 - 14:09:18: [afk_manager4.smx] demon<583><STEAM_1:0:595786029><> was moved to spectate for being AFK too long.
L 03/16/2021 - 14:10:31: [afk_manager4.smx] 5 TAPPED ?<577><STEAM_1:1:109717196><> was moved to spectate for being AFK too long.
L 03/16/2021 - 14:16:49: [afk_manager4.smx] Dropping<584><STEAM_1:1:539596167><> was moved to spectate for being AFK too long.
L 03/16/2021 - 14:21:35: [afk_manager4.smx] >.<<542><STEAM_1:1:585323085><> was moved to spectate for being AFK too long.
L 03/16/2021 - 14:22:38: [afk_manager4.smx] >.<<542><STEAM_1:1:585323085><> was kicked for being AFK too long.
L 03/16/2021 - 14:30:41: [afk_manager4.smx] mycatplayswithme<598><STEAM_1:1:595560759><> was moved to spectate for being AFK too long.
L 03/16/2021 - 14:37:27: [afk_manager4.smx] cat<604><STEAM_1:0:571893102><> was moved to spectate for being AFK too long.
L 03/16/2021 - 14:37:27: [afk_manager4.smx] demon<600><STEAM_1:0:595786029><> was moved to spectate for being AFK too long.
L 03/16/2021 - 14:38:26: [afk_manager4.smx] 0/0/16<609><STEAM_1:1:568752342><> was moved to spectate for being AFK too long.
L 03/16/2021 - 14:38:27: [afk_manager4.smx] demon<600><STEAM_1:0:595786029><> was kicked for being AFK too long.
L 03/16/2021 - 14:38:57: [afk_manager4.smx] Sheriff<611><STEAM_1:0:558978179><> was moved to spectate for being AFK too long.
L 03/16/2021 - 14:39:42: [afk_manager4.smx] peelover928291<613><STEAM_1:1:560111388><> was moved to spectate for being AFK too long.
L 03/16/2021 - 14:39:48: [afk_manager4.smx] Pineapple<579><STEAM_1:0:586860439><> was moved to spectate for being AFK too long.
L 03/16/2021 - 14:40:15: [afk_manager4.smx] Umba<602><STEAM_1:1:205547252><> was moved to spectate for being AFK too long.
L 03/16/2021 - 14:45:26: [afk_manager4.smx] usc<586><STEAM_1:1:86847442><> was moved to spectate for being AFK too long.
L 03/16/2021 - 14:48:20: [afk_manager4.smx] JohnMulaney<605><STEAM_1:1:513693719><> was moved to spectate for being AFK too long.
L 03/16/2021 - 14:48:32: [afk_manager4.smx] cartier bandz. The Greatest III<596><STEAM_1:0:594935939><> was kicked for being AFK too long.
L 03/16/2021 - 14:49:45: [afk_manager4.smx] >.<<624><STEAM_1:1:585323085><> was moved to spectate for being AFK too long.
L 03/16/2021 - 14:51:39: [afk_manager4.smx] Zanity<578><STEAM_1:0:551235849><> was moved to spectate for being AFK too long.
L 03/16/2021 - 15:12:18: [afk_manager4.smx] El prisas<631><STEAM_1:0:595906375><> was moved to spectate for being AFK too long.
L 03/16/2021 - 15:12:18: [afk_manager4.smx] definitely boss of peru<634><STEAM_1:1:554044120><> was moved to spectate for being AFK too long.
L 03/16/2021 - 15:13:21: [afk_manager4.smx] definitely boss of peru<634><STEAM_1:1:554044120><> was kicked for being AFK too long.
L 03/16/2021 - 15:17:45: [afk_manager4.smx] blossom bandz.<642><STEAM_1:0:208810215><> was moved to spectate for being AFK too long.
L 03/16/2021 - 15:21:11: [afk_manager4.smx] blossom bandz.<642><STEAM_1:0:208810215><> was kicked for being AFK too long.
L 03/16/2021 - 16:41:51: [afk_manager4.smx] lmao<711><STEAM_1:0:138123674><> was moved to spectate for being AFK too long.
L 03/16/2021 - 16:41:58: [afk_manager4.smx] blossom bandz.<697><STEAM_1:0:208810215><> was moved to spectate for being AFK too long.
L 03/16/2021 - 16:43:43: [afk_manager4.smx] blossom bandz.<697><STEAM_1:0:208810215><> was kicked for being AFK too long.
L 03/16/2021 - 16:56:25: [afk_manager4.smx] lmao<718><STEAM_1:0:138123674><> was moved to spectate for being AFK too long.
L 03/16/2021 - 16:57:25: [afk_manager4.smx] lmao<718><STEAM_1:0:138123674><> was kicked for being AFK too long.
L 03/16/2021 - 17:18:57: [afk_manager4.smx] >.<<638><STEAM_1:1:585323085><> was moved to spectate for being AFK too long.
L 03/16/2021 - 17:20:03: [afk_manager4.smx] >.<<638><STEAM_1:1:585323085><> was kicked for being AFK too long.
L 03/16/2021 - 17:35:07: [afk_manager4.smx] Daring Potato<730><STEAM_1:0:454695279><> was moved to spectate for being AFK too long.
L 03/16/2021 - 17:49:41: [afk_manager4.smx] Daring Potato<730><STEAM_1:0:454695279><> was moved to spectate for being AFK too long.
L 03/16/2021 - 17:51:27: [afk_manager4.smx] Daring Potato<730><STEAM_1:0:454695279><> was kicked for being AFK too long.
L 03/16/2021 - 17:53:11: [afk_manager4.smx] ✪Colombiano Facha<742><STEAM_1:1:1232646><> was moved to spectate for being AFK too long.
L 03/16/2021 - 18:00:34: [afk_manager4.smx] ✪Colombiano Facha<742><STEAM_1:1:1232646><> was moved to spectate for being AFK too long.
L 03/16/2021 - 18:02:15: [afk_manager4.smx] ✪Colombiano Facha<742><STEAM_1:1:1232646><> was kicked for being AFK too long.
L 03/16/2021 - 18:03:16: [afk_manager4.smx] ............................<758><STEAM_1:1:594469676><> was moved to spectate for being AFK too long.
L 03/16/2021 - 18:26:59: [afk_manager4.smx] not bunny<773><STEAM_1:0:595554775><> was moved to spectate for being AFK too long.
L 03/16/2021 - 18:35:27: [afk_manager4.smx] Haru<763><STEAM_1:0:571722659><> was kicked for being AFK too long.
L 03/16/2021 - 18:55:46: [afk_manager4.smx] J420K<791><STEAM_1:1:574789382><> was moved to spectate for being AFK too long.
L 03/16/2021 - 18:55:47: [afk_manager4.smx] explained by nn<794><STEAM_1:0:17691250><> was moved to spectate for being AFK too long.
L 03/16/2021 - 18:57:27: [afk_manager4.smx] J420K<791><STEAM_1:1:574789382><> was kicked for being AFK too long.
L 03/16/2021 - 19:40:53: [afk_manager4.smx] q<839><STEAM_1:1:564515422><> was moved to spectate for being AFK too long.
L 03/16/2021 - 19:52:05: [afk_manager4.smx] definitely boss of peru<846><STEAM_1:1:554044120><> was moved to spectate for being AFK too long.
L 03/16/2021 - 20:01:36: [afk_manager4.smx] ___________...<841><STEAM_1:0:505561999><> was moved to spectate for being AFK too long.
L 03/16/2021 - 20:02:39: [afk_manager4.smx] ___________...<841><STEAM_1:0:505561999><> was kicked for being AFK too long.
L 03/16/2021 - 20:26:26: [afk_manager4.smx] sweep rapes<867><STEAM_1:0:593780094><> was moved to spectate for being AFK too long.
L 03/16/2021 - 20:32:05: [afk_manager4.smx] Ниггер пердеж<872><STEAM_1:1:595975016><> was moved to spectate for being AFK too long.
L 03/16/2021 - 20:47:18: [afk_manager4.smx] ROBOTAIM klue<890><STEAM_1:0:558307082><> was moved to spectate for being AFK too long.
L 03/16/2021 - 21:01:41: [afk_manager4.smx] Player count for AFK Kick minimum is below requirements, feature is now disabled: sm_afk_kick_min_players = 6 Current Players = 5
L 03/16/2021 - 21:07:06: [afk_manager4.smx] Player count for AFK Kick minimum has been reached, feature is now enabled: sm_afk_kick_min_players = 6 Current Players = 6
L 03/16/2021 - 21:09:10: [afk_manager4.smx] Player count for AFK Kick minimum is below requirements, feature is now disabled: sm_afk_kick_min_players = 6 Current Players = 5
L 03/16/2021 - 21:14:54: [afk_manager4.smx] Player count for AFK Kick minimum has been reached, feature is now enabled: sm_afk_kick_min_players = 6 Current Players = 6
L 03/16/2021 - 21:18:50: [afk_manager4.smx] Player count for AFK Kick minimum is below requirements, feature is now disabled: sm_afk_kick_min_players = 6 Current Players = 5
L 03/16/2021 - 21:19:07: [afk_manager4.smx] Player count for AFK Kick minimum has been reached, feature is now enabled: sm_afk_kick_min_players = 6 Current Players = 6
L 03/16/2021 - 21:20:19: [afk_manager4.smx] rip<911><STEAM_1:0:571281312><> was moved to spectate for being AFK too long.
L 03/16/2021 - 21:21:04: [afk_manager4.smx] Player count for AFK Kick minimum is below requirements, feature is now disabled: sm_afk_kick_min_players = 6 Current Players = 5
L 03/16/2021 - 21:23:50: [afk_manager4.smx] Player count for AFK Kick minimum has been reached, feature is now enabled: sm_afk_kick_min_players = 6 Current Players = 6
L 03/16/2021 - 22:10:20: [afk_manager4.smx] Agility<927><STEAM_1:1:128717350><> was moved to spectate for being AFK too long.
L 03/16/2021 - 22:26:28: [afk_manager4.smx] unix<969><STEAM_1:0:12396570><> was kicked for being AFK too long.
L 03/16/2021 - 22:27:39: [afk_manager4.smx] 🔥 ^4king<973><STEAM_1:1:157454409><> was moved to spectate for being AFK too long.
L 03/16/2021 - 22:27:39: [afk_manager4.smx] Cruise<961><STEAM_1:0:204788539><> was moved to spectate for being AFK too long.
L 03/16/2021 - 22:29:21: [afk_manager4.smx] 🔥 ^4king<973><STEAM_1:1:157454409><> was kicked for being AFK too long.
L 03/16/2021 - 22:35:42: [afk_manager4.smx] 3<981><STEAM_1:0:206007725><> was kicked for being AFK too long.
L 03/16/2021 - 22:43:27: [afk_manager4.smx] Haru<956><STEAM_1:0:571722659><> was moved to spectate for being AFK too long.
L 03/16/2021 - 22:46:23: [afk_manager4.smx] 🔥 ^4king<978><STEAM_1:1:157454409><> was moved to spectate for being AFK too long.
L 03/16/2021 - 22:52:12: [afk_manager4.smx] FUCK<997><STEAM_1:1:119648043><> was moved to spectate for being AFK too long.
L 03/16/2021 - 23:04:34: [afk_manager4.smx] Player count for AFK Kick minimum is below requirements, feature is now disabled: sm_afk_kick_min_players = 6 Current Players = 5
L 03/16/2021 - 23:06:28: [afk_manager4.smx] Player count for AFK Kick minimum has been reached, feature is now enabled: sm_afk_kick_min_players = 6 Current Players = 6
L 03/16/2021 - 23:10:35: [afk_manager4.smx] jeme<1006><STEAM_1:0:595480903><> was moved to spectate for being AFK too long.
L 03/16/2021 - 23:27:06: [afk_manager4.smx] Player count for AFK Kick minimum is below requirements, feature is now disabled: sm_afk_kick_min_players = 6 Current Players = 5
L 03/16/2021 - 23:30:11: [afk_manager4.smx] Player count for AFK Move minimum is below requirements, feature is now disabled: sm_afk_move_min_players = 4 Current Players = 3
L 03/16/2021 - 23:34:23: [afk_manager4.smx] Player count for AFK Move minimum has been reached, feature is now enabled: sm_afk_move_min_players = 4 Current Players = 4
L 03/16/2021 - 23:38:22: [afk_manager4.smx] Player count for AFK Kick minimum has been reached, feature is now enabled: sm_afk_kick_min_players = 6 Current Players = 6
L 03/16/2021 - 23:43:11: [afk_manager4.smx] Player count for AFK Kick minimum is below requirements, feature is now disabled: sm_afk_kick_min_players = 6 Current Players = 5
L 03/16/2021 - 23:46:17: [afk_manager4.smx] Player count for AFK Kick minimum has been reached, feature is now enabled: sm_afk_kick_min_players = 6 Current Players = 6
L 03/16/2021 - 23:53:08: [afk_manager4.smx] barzY<1027><STEAM_1:0:60367894><> was moved to spectate for being AFK too long.
L 03/16/2021 - 23:56:57: [afk_manager4.smx] Jordan<1034><STEAM_1:0:529550382><> was moved to spectate for being AFK too long.
L 03/17/2021 - 00:39:14: [afk_manager4.smx] darsmars198<1037><STEAM_1:0:593814446><> was moved to spectate for being AFK too long.
L 03/17/2021 - 00:40:55: [afk_manager4.smx] blossom bandz.<1049><STEAM_1:0:208810215><> was moved to spectate for being AFK too long.
L 03/17/2021 - 00:42:24: [afk_manager4.smx] Player count for AFK Kick minimum is below requirements, feature is now disabled: sm_afk_kick_min_players = 6 Current Players = 5
L 03/17/2021 - 00:43:43: [afk_manager4.smx] Player count for AFK Kick minimum has been reached, feature is now enabled: sm_afk_kick_min_players = 6 Current Players = 6
L 03/17/2021 - 00:45:42: [afk_manager4.smx] Player count for AFK Kick minimum is below requirements, feature is now disabled: sm_afk_kick_min_players = 6 Current Players = 5
L 03/17/2021 - 00:46:18: [afk_manager4.smx] Player count for AFK Kick minimum has been reached, feature is now enabled: sm_afk_kick_min_players = 6 Current Players = 6
L 03/17/2021 - 01:01:29: [afk_manager4.smx] Coogi<1066><STEAM_1:1:453997458><> was moved to spectate for being AFK too long.
L 03/17/2021 - 01:01:29: [afk_manager4.smx] kr0md<1062><STEAM_1:0:125290236><> was moved to spectate for being AFK too long.
L 03/17/2021 - 01:03:16: [afk_manager4.smx] Enron<1071><STEAM_1:0:557648851><> was moved to spectate for being AFK too long.
L 03/17/2021 - 01:04:22: [afk_manager4.smx] Enron<1071><STEAM_1:0:557648851><> was kicked for being AFK too long.
L 03/17/2021 - 01:15:34: [afk_manager4.smx] Billy<1078><STEAM_1:1:588007803><> was moved to spectate for being AFK too long.
L 03/17/2021 - 01:31:56: [afk_manager4.smx] 迷幻的情人<1089><STEAM_1:0:596060658><> was moved to spectate for being AFK too long.
L 03/17/2021 - 01:49:19: [afk_manager4.smx] Haru<1058><STEAM_1:0:571722659><> was moved to spectate for being AFK too long.
L 03/17/2021 - 01:55:56: [afk_manager4.smx] Player count for AFK Kick minimum is below requirements, feature is now disabled: sm_afk_kick_min_players = 6 Current Players = 5
L 03/17/2021 - 02:04:11: [afk_manager4.smx] Player count for AFK Kick minimum has been reached, feature is now enabled: sm_afk_kick_min_players = 6 Current Players = 6
L 03/17/2021 - 02:15:35: [afk_manager4.smx] cute<1103><STEAM_1:1:103351402><> was moved to spectate for being AFK too long.
L 03/17/2021 - 02:17:05: [afk_manager4.smx] cute<1103><STEAM_1:1:103351402><> was moved to spectate for being AFK too long.
L 03/17/2021 - 02:53:00: [afk_manager4.smx] Amulet<1116><STEAM_1:1:17343925><> was moved to spectate for being AFK too long.
L 03/17/2021 - 02:53:00: [afk_manager4.smx] reub is a shoe<1073><STEAM_1:0:594736692><> was moved to spectate for being AFK too long.
L 03/17/2021 - 02:54:03: [afk_manager4.smx] Amulet<1116><STEAM_1:1:17343925><> was kicked for being AFK too long.
L 03/17/2021 - 02:54:03: [afk_manager4.smx] reub is a shoe<1073><STEAM_1:0:594736692><> was kicked for being AFK too long.
L 03/17/2021 - 02:55:07: [afk_manager4.smx] Player count for AFK Kick minimum is below requirements, feature is now disabled: sm_afk_kick_min_players = 6 Current Players = 5
L 03/17/2021 - 02:56:58: [afk_manager4.smx] Player count for AFK Move minimum is below requirements, feature is now disabled: sm_afk_move_min_players = 4 Current Players = 3
