L 03/12/2021 - 00:04:29: SourceMod log file session started (file "/home/steam/p_hvh/csgo/addons/sourcemod/logs/L20210312.log") (Version "1.10.0.6502")
L 03/12/2021 - 00:04:29: -------- Mapchange to de_mirage --------
L 03/12/2021 - 00:04:29: [basecommands.smx] "Console<0><Console><Console>" changed cvar (cvar "sv_vote_issue_changelevel_allowed") (value "0")
L 03/12/2021 - 00:04:29: [basecommands.smx] "Console<0><Console><Console>" changed cvar (cvar "sv_max_distance_transmit_footsteps") (value "9999")
L 03/12/2021 - 00:04:29: [basecommands.smx] "Console<0><Console><Console>" changed cvar (cvar "sv_hibernate_ms") (value "0")
L 03/12/2021 - 00:04:29: [basecommands.smx] "Console<0><Console><Console>" changed cvar (cvar "sv_hibernate_ms_vgui") (value "0")
L 03/12/2021 - 00:04:29: [basecommands.smx] "Console<0><Console><Console>" changed cvar (cvar "sv_hibernate_postgame_delay") (value "0")
L 03/12/2021 - 00:04:29: [basecommands.smx] "Console<0><Console><Console>" changed cvar (cvar "sv_hibernate_when_empty") (value "0")
L 03/12/2021 - 00:04:29: [basecommands.smx] "Console<0><Console><Console>" changed cvar (cvar "sv_parallel_sendsnapshot") (value "1")
L 03/12/2021 - 00:04:29: [basecommands.smx] "Console<0><Console><Console>" changed cvar (cvar "sv_enable_delta_packing") (value "1")
L 03/12/2021 - 00:04:29: [basecommands.smx] "Console<0><Console><Console>" changed cvar (cvar "sv_maxunlag") (value "0.200")
L 03/12/2021 - 00:04:29: [basecommands.smx] "Console<0><Console><Console>" changed cvar (cvar "net_maxcleartime") (value "0.001")
L 03/12/2021 - 00:04:29: [basecommands.smx] "Console<0><Console><Console>" changed cvar (cvar "net_minroutable") (value "1000")
L 03/12/2021 - 00:04:29: [basecommands.smx] "Console<0><Console><Console>" changed cvar (cvar "net_compresspackets") (value "0")
L 03/12/2021 - 00:04:29: [basecommands.smx] "Console<0><Console><Console>" changed cvar (cvar "g_ragdoll_important_maxcount") (value "1")
L 03/12/2021 - 00:04:29: [basecommands.smx] "Console<0><Console><Console>" changed cvar (cvar "g_ragdoll_maxcount") (value "1")
L 03/12/2021 - 00:04:29: [basecommands.smx] "Console<0><Console><Console>" changed cvar (cvar "phys_enable_experimental_optimizations") (value "1")
L 03/12/2021 - 00:04:29: [basecommands.smx] "Console<0><Console><Console>" changed cvar (cvar "prop_active_gib_limit") (value "1")
L 03/12/2021 - 00:04:29: [basecommands.smx] "Console<0><Console><Console>" changed cvar (cvar "prop_active_gib_max_fade_time") (value "1")
L 03/12/2021 - 00:04:29: [basecommands.smx] "Console<0><Console><Console>" changed cvar (cvar "sv_turbophysics") (value "1")
L 03/12/2021 - 00:04:29: [basecommands.smx] "Console<0><Console><Console>" changed cvar (cvar "fps_max") (value "0")
L 03/12/2021 - 00:04:29: [basecommands.smx] "Console<0><Console><Console>" changed cvar (cvar "host_framerate") (value "0")
L 03/12/2021 - 00:04:29: [basecommands.smx] "Console<0><Console><Console>" changed cvar (cvar "sv_alternateticks") (value "1")
L 03/12/2021 - 00:04:29: [basecommands.smx] "Console<0><Console><Console>" changed cvar (cvar "sv_forcepreload") (value "1")
L 03/12/2021 - 00:04:29: [basecommands.smx] "Console<0><Console><Console>" changed cvar (cvar "sv_stats") (value "0")
L 03/12/2021 - 00:04:29: [basecommands.smx] "Console<0><Console><Console>" changed cvar (cvar "sv_parallel_packentities") (value "1")
L 03/12/2021 - 00:04:29: [basecommands.smx] "Console<0><Console><Console>" changed cvar (cvar "sv_multiplayer_maxtempentities") (value "1")
L 03/12/2021 - 00:04:29: [basecommands.smx] "Console<0><Console><Console>" changed cvar (cvar "occlusion_test_async") (value "1")
L 03/12/2021 - 00:04:29: [basecommands.smx] "Console<0><Console><Console>" changed cvar (cvar "host_threaded_sound") (value "1")
L 03/12/2021 - 00:04:29: [basecommands.smx] "Console<0><Console><Console>" changed cvar (cvar "sv_threaded_init") (value "1")
L 03/12/2021 - 00:04:29: [basecommands.smx] "Console<0><Console><Console>" changed cvar (cvar "mod_load_anims_async") (value "1")
L 03/12/2021 - 00:04:29: [basecommands.smx] "Console<0><Console><Console>" changed cvar (cvar "mod_load_mesh_async") (value "1")
L 03/12/2021 - 00:04:29: [basecommands.smx] "Console<0><Console><Console>" changed cvar (cvar "mod_load_vcollide_async") (value "1")
L 03/12/2021 - 00:04:29: [basecommands.smx] "Console<0><Console><Console>" changed cvar (cvar "vprof_server_thread") (value "1")
L 03/12/2021 - 00:04:29: [basecommands.smx] "Console<0><Console><Console>" changed cvar (cvar "g_ai_threadedgraphbuild") (value "1")
L 03/12/2021 - 00:04:29: [basecommands.smx] "Console<0><Console><Console>" changed cvar (cvar "mp_teamname_2") (value "Profit$ - T")
L 03/12/2021 - 00:04:29: [basecommands.smx] "Console<0><Console><Console>" changed cvar (cvar "mp_teamname_1") (value "Profit$ - CT")
L 03/12/2021 - 00:04:29: [basecommands.smx] "Console<0><Console><Console>" changed cvar (cvar "sv_allow_thirdperson") (value "1")
L 03/12/2021 - 00:04:29: [basecommands.smx] "Console<0><Console><Console>" changed cvar (cvar "sv_pure_kick_clients") (value "0")
L 03/12/2021 - 00:04:29: [basecommands.smx] "Console<0><Console><Console>" changed cvar (cvar "sv_server_verify_blood_on_player") (value "0")
L 03/12/2021 - 00:04:29: [basecommands.smx] "Console<0><Console><Console>" changed cvar (cvar "host_players_show") (value "2")
L 03/12/2021 - 00:04:29: [basecommands.smx] "Console<0><Console><Console>" changed cvar (cvar "host_info_show") (value "2")
L 03/12/2021 - 00:04:29: [basecommands.smx] "Console<0><Console><Console>" changed cvar (cvar "game_mode") (value "1")
L 03/12/2021 - 00:04:29: [basecommands.smx] "Console<0><Console><Console>" changed cvar (cvar "game_type") (value "0")
L 03/12/2021 - 00:04:29: [basecommands.smx] "Console<0><Console><Console>" changed cvar (cvar "sm_afk_exclude_dead") (value "1")
L 03/12/2021 - 00:04:29: [basecommands.smx] "Console<0><Console><Console>" changed cvar (cvar "bot_join_after_player") (value "0")
L 03/12/2021 - 00:04:29: [basecommands.smx] "Console<0><Console><Console>" changed cvar (cvar "bot_join_team") (value "")
L 03/12/2021 - 00:04:30: [afk_manager4.smx] [AFK Manager] Log File: addons/sourcemod/logs/afkm_20210312.log
L 03/12/2021 - 00:05:17: -------- Mapchange to de_mirage --------
L 03/12/2021 - 00:05:17: [basecommands.smx] "Console<0><Console><Console>" changed cvar (cvar "sv_vote_issue_changelevel_allowed") (value "0")
L 03/12/2021 - 00:05:17: [basecommands.smx] "Console<0><Console><Console>" changed cvar (cvar "sv_max_distance_transmit_footsteps") (value "9999")
L 03/12/2021 - 00:05:17: [basecommands.smx] "Console<0><Console><Console>" changed cvar (cvar "sv_hibernate_ms") (value "0")
L 03/12/2021 - 00:05:17: [basecommands.smx] "Console<0><Console><Console>" changed cvar (cvar "sv_hibernate_ms_vgui") (value "0")
L 03/12/2021 - 00:05:17: [basecommands.smx] "Console<0><Console><Console>" changed cvar (cvar "sv_hibernate_postgame_delay") (value "0")
L 03/12/2021 - 00:05:17: [basecommands.smx] "Console<0><Console><Console>" changed cvar (cvar "sv_hibernate_when_empty") (value "0")
L 03/12/2021 - 00:05:17: [basecommands.smx] "Console<0><Console><Console>" changed cvar (cvar "sv_parallel_sendsnapshot") (value "1")
L 03/12/2021 - 00:05:17: [basecommands.smx] "Console<0><Console><Console>" changed cvar (cvar "sv_enable_delta_packing") (value "1")
L 03/12/2021 - 00:05:17: [basecommands.smx] "Console<0><Console><Console>" changed cvar (cvar "sv_maxunlag") (value "0.200")
L 03/12/2021 - 00:05:17: [basecommands.smx] "Console<0><Console><Console>" changed cvar (cvar "net_maxcleartime") (value "0.001")
L 03/12/2021 - 00:05:17: [basecommands.smx] "Console<0><Console><Console>" changed cvar (cvar "net_minroutable") (value "1000")
L 03/12/2021 - 00:05:17: [basecommands.smx] "Console<0><Console><Console>" changed cvar (cvar "net_compresspackets") (value "0")
L 03/12/2021 - 00:05:17: [basecommands.smx] "Console<0><Console><Console>" changed cvar (cvar "g_ragdoll_important_maxcount") (value "1")
L 03/12/2021 - 00:05:17: [basecommands.smx] "Console<0><Console><Console>" changed cvar (cvar "g_ragdoll_maxcount") (value "1")
L 03/12/2021 - 00:05:17: [basecommands.smx] "Console<0><Console><Console>" changed cvar (cvar "phys_enable_experimental_optimizations") (value "1")
L 03/12/2021 - 00:05:17: [basecommands.smx] "Console<0><Console><Console>" changed cvar (cvar "prop_active_gib_limit") (value "1")
L 03/12/2021 - 00:05:17: [basecommands.smx] "Console<0><Console><Console>" changed cvar (cvar "prop_active_gib_max_fade_time") (value "1")
L 03/12/2021 - 00:05:17: [basecommands.smx] "Console<0><Console><Console>" changed cvar (cvar "sv_turbophysics") (value "1")
L 03/12/2021 - 00:05:17: [basecommands.smx] "Console<0><Console><Console>" changed cvar (cvar "fps_max") (value "0")
L 03/12/2021 - 00:05:17: [basecommands.smx] "Console<0><Console><Console>" changed cvar (cvar "host_framerate") (value "0")
L 03/12/2021 - 00:05:17: [basecommands.smx] "Console<0><Console><Console>" changed cvar (cvar "sv_alternateticks") (value "1")
L 03/12/2021 - 00:05:17: [basecommands.smx] "Console<0><Console><Console>" changed cvar (cvar "sv_forcepreload") (value "1")
L 03/12/2021 - 00:05:17: [basecommands.smx] "Console<0><Console><Console>" changed cvar (cvar "sv_stats") (value "0")
L 03/12/2021 - 00:05:17: [basecommands.smx] "Console<0><Console><Console>" changed cvar (cvar "sv_parallel_packentities") (value "1")
L 03/12/2021 - 00:05:17: [basecommands.smx] "Console<0><Console><Console>" changed cvar (cvar "sv_multiplayer_maxtempentities") (value "1")
L 03/12/2021 - 00:05:17: [basecommands.smx] "Console<0><Console><Console>" changed cvar (cvar "occlusion_test_async") (value "1")
L 03/12/2021 - 00:05:17: [basecommands.smx] "Console<0><Console><Console>" changed cvar (cvar "host_threaded_sound") (value "1")
L 03/12/2021 - 00:05:17: [basecommands.smx] "Console<0><Console><Console>" changed cvar (cvar "sv_threaded_init") (value "1")
L 03/12/2021 - 00:05:17: [basecommands.smx] "Console<0><Console><Console>" changed cvar (cvar "mod_load_anims_async") (value "1")
L 03/12/2021 - 00:05:17: [basecommands.smx] "Console<0><Console><Console>" changed cvar (cvar "mod_load_mesh_async") (value "1")
L 03/12/2021 - 00:05:17: [basecommands.smx] "Console<0><Console><Console>" changed cvar (cvar "mod_load_vcollide_async") (value "1")
L 03/12/2021 - 00:05:17: [basecommands.smx] "Console<0><Console><Console>" changed cvar (cvar "vprof_server_thread") (value "1")
L 03/12/2021 - 00:05:17: [basecommands.smx] "Console<0><Console><Console>" changed cvar (cvar "g_ai_threadedgraphbuild") (value "1")
L 03/12/2021 - 00:05:17: [basecommands.smx] "Console<0><Console><Console>" changed cvar (cvar "mp_teamname_2") (value "Profit$ - T")
L 03/12/2021 - 00:05:17: [basecommands.smx] "Console<0><Console><Console>" changed cvar (cvar "mp_teamname_1") (value "Profit$ - CT")
L 03/12/2021 - 00:05:17: [basecommands.smx] "Console<0><Console><Console>" changed cvar (cvar "sv_allow_thirdperson") (value "1")
L 03/12/2021 - 00:05:17: [basecommands.smx] "Console<0><Console><Console>" changed cvar (cvar "sv_pure_kick_clients") (value "0")
L 03/12/2021 - 00:05:17: [basecommands.smx] "Console<0><Console><Console>" changed cvar (cvar "sv_server_verify_blood_on_player") (value "0")
L 03/12/2021 - 00:05:17: [basecommands.smx] "Console<0><Console><Console>" changed cvar (cvar "host_players_show") (value "2")
L 03/12/2021 - 00:05:17: [basecommands.smx] "Console<0><Console><Console>" changed cvar (cvar "host_info_show") (value "2")
L 03/12/2021 - 00:05:17: [basecommands.smx] "Console<0><Console><Console>" changed cvar (cvar "game_mode") (value "1")
L 03/12/2021 - 00:05:17: [basecommands.smx] "Console<0><Console><Console>" changed cvar (cvar "game_type") (value "0")
L 03/12/2021 - 00:05:17: [basecommands.smx] "Console<0><Console><Console>" changed cvar (cvar "sm_afk_exclude_dead") (value "1")
L 03/12/2021 - 00:05:17: [basecommands.smx] "Console<0><Console><Console>" changed cvar (cvar "bot_join_after_player") (value "0")
L 03/12/2021 - 00:05:17: [basecommands.smx] "Console<0><Console><Console>" changed cvar (cvar "bot_join_team") (value "")
L 03/12/2021 - 01:06:21: -------- Mapchange to de_mirage --------
L 03/12/2021 - 01:06:21: [basecommands.smx] "Console<0><Console><Console>" changed cvar (cvar "sv_vote_issue_changelevel_allowed") (value "0")
L 03/12/2021 - 01:06:21: [basecommands.smx] "Console<0><Console><Console>" changed cvar (cvar "sv_max_distance_transmit_footsteps") (value "9999")
L 03/12/2021 - 01:06:21: [basecommands.smx] "Console<0><Console><Console>" changed cvar (cvar "sv_hibernate_ms") (value "0")
L 03/12/2021 - 01:06:21: [basecommands.smx] "Console<0><Console><Console>" changed cvar (cvar "sv_hibernate_ms_vgui") (value "0")
L 03/12/2021 - 01:06:21: [basecommands.smx] "Console<0><Console><Console>" changed cvar (cvar "sv_hibernate_postgame_delay") (value "0")
L 03/12/2021 - 01:06:21: [basecommands.smx] "Console<0><Console><Console>" changed cvar (cvar "sv_hibernate_when_empty") (value "0")
L 03/12/2021 - 01:06:21: [basecommands.smx] "Console<0><Console><Console>" changed cvar (cvar "sv_parallel_sendsnapshot") (value "1")
L 03/12/2021 - 01:06:21: [basecommands.smx] "Console<0><Console><Console>" changed cvar (cvar "sv_enable_delta_packing") (value "1")
L 03/12/2021 - 01:06:21: [basecommands.smx] "Console<0><Console><Console>" changed cvar (cvar "sv_maxunlag") (value "0.200")
L 03/12/2021 - 01:06:21: [basecommands.smx] "Console<0><Console><Console>" changed cvar (cvar "net_maxcleartime") (value "0.001")
L 03/12/2021 - 01:06:21: [basecommands.smx] "Console<0><Console><Console>" changed cvar (cvar "net_minroutable") (value "1000")
L 03/12/2021 - 01:06:21: [basecommands.smx] "Console<0><Console><Console>" changed cvar (cvar "net_compresspackets") (value "0")
L 03/12/2021 - 01:06:21: [basecommands.smx] "Console<0><Console><Console>" changed cvar (cvar "g_ragdoll_important_maxcount") (value "1")
L 03/12/2021 - 01:06:21: [basecommands.smx] "Console<0><Console><Console>" changed cvar (cvar "g_ragdoll_maxcount") (value "1")
L 03/12/2021 - 01:06:21: [basecommands.smx] "Console<0><Console><Console>" changed cvar (cvar "phys_enable_experimental_optimizations") (value "1")
L 03/12/2021 - 01:06:21: [basecommands.smx] "Console<0><Console><Console>" changed cvar (cvar "prop_active_gib_limit") (value "1")
L 03/12/2021 - 01:06:21: [basecommands.smx] "Console<0><Console><Console>" changed cvar (cvar "prop_active_gib_max_fade_time") (value "1")
L 03/12/2021 - 01:06:21: [basecommands.smx] "Console<0><Console><Console>" changed cvar (cvar "sv_turbophysics") (value "1")
L 03/12/2021 - 01:06:21: [basecommands.smx] "Console<0><Console><Console>" changed cvar (cvar "fps_max") (value "0")
L 03/12/2021 - 01:06:21: [basecommands.smx] "Console<0><Console><Console>" changed cvar (cvar "host_framerate") (value "0")
L 03/12/2021 - 01:06:21: [basecommands.smx] "Console<0><Console><Console>" changed cvar (cvar "sv_alternateticks") (value "1")
L 03/12/2021 - 01:06:21: [basecommands.smx] "Console<0><Console><Console>" changed cvar (cvar "sv_forcepreload") (value "1")
L 03/12/2021 - 01:06:21: [basecommands.smx] "Console<0><Console><Console>" changed cvar (cvar "sv_stats") (value "0")
L 03/12/2021 - 01:06:21: [basecommands.smx] "Console<0><Console><Console>" changed cvar (cvar "sv_parallel_packentities") (value "1")
L 03/12/2021 - 01:06:21: [basecommands.smx] "Console<0><Console><Console>" changed cvar (cvar "sv_multiplayer_maxtempentities") (value "1")
L 03/12/2021 - 01:06:21: [basecommands.smx] "Console<0><Console><Console>" changed cvar (cvar "occlusion_test_async") (value "1")
L 03/12/2021 - 01:06:21: [basecommands.smx] "Console<0><Console><Console>" changed cvar (cvar "host_threaded_sound") (value "1")
L 03/12/2021 - 01:06:21: [basecommands.smx] "Console<0><Console><Console>" changed cvar (cvar "sv_threaded_init") (value "1")
L 03/12/2021 - 01:06:21: [basecommands.smx] "Console<0><Console><Console>" changed cvar (cvar "mod_load_anims_async") (value "1")
L 03/12/2021 - 01:06:21: [basecommands.smx] "Console<0><Console><Console>" changed cvar (cvar "mod_load_mesh_async") (value "1")
L 03/12/2021 - 01:06:21: [basecommands.smx] "Console<0><Console><Console>" changed cvar (cvar "mod_load_vcollide_async") (value "1")
L 03/12/2021 - 01:06:21: [basecommands.smx] "Console<0><Console><Console>" changed cvar (cvar "vprof_server_thread") (value "1")
L 03/12/2021 - 01:06:21: [basecommands.smx] "Console<0><Console><Console>" changed cvar (cvar "g_ai_threadedgraphbuild") (value "1")
L 03/12/2021 - 01:06:21: [basecommands.smx] "Console<0><Console><Console>" changed cvar (cvar "mp_teamname_2") (value "Profit$ - T")
L 03/12/2021 - 01:06:21: [basecommands.smx] "Console<0><Console><Console>" changed cvar (cvar "mp_teamname_1") (value "Profit$ - CT")
L 03/12/2021 - 01:06:21: [basecommands.smx] "Console<0><Console><Console>" changed cvar (cvar "sv_allow_thirdperson") (value "1")
L 03/12/2021 - 01:06:21: [basecommands.smx] "Console<0><Console><Console>" changed cvar (cvar "sv_pure_kick_clients") (value "0")
L 03/12/2021 - 01:06:21: [basecommands.smx] "Console<0><Console><Console>" changed cvar (cvar "sv_server_verify_blood_on_player") (value "0")
L 03/12/2021 - 01:06:21: [basecommands.smx] "Console<0><Console><Console>" changed cvar (cvar "host_players_show") (value "2")
L 03/12/2021 - 01:06:21: [basecommands.smx] "Console<0><Console><Console>" changed cvar (cvar "host_info_show") (value "2")
L 03/12/2021 - 01:06:21: [basecommands.smx] "Console<0><Console><Console>" changed cvar (cvar "game_mode") (value "1")
L 03/12/2021 - 01:06:21: [basecommands.smx] "Console<0><Console><Console>" changed cvar (cvar "game_type") (value "0")
L 03/12/2021 - 01:06:21: [basecommands.smx] "Console<0><Console><Console>" changed cvar (cvar "sm_afk_exclude_dead") (value "1")
L 03/12/2021 - 01:06:21: [basecommands.smx] "Console<0><Console><Console>" changed cvar (cvar "bot_join_after_player") (value "0")
L 03/12/2021 - 01:06:21: [basecommands.smx] "Console<0><Console><Console>" changed cvar (cvar "bot_join_team") (value "")
L 03/12/2021 - 02:10:42: -------- Mapchange to de_mirage --------
L 03/12/2021 - 02:10:42: [basecommands.smx] "Console<0><Console><Console>" changed cvar (cvar "sv_vote_issue_changelevel_allowed") (value "0")
L 03/12/2021 - 02:10:42: [basecommands.smx] "Console<0><Console><Console>" changed cvar (cvar "sv_max_distance_transmit_footsteps") (value "9999")
L 03/12/2021 - 02:10:42: [basecommands.smx] "Console<0><Console><Console>" changed cvar (cvar "sv_hibernate_ms") (value "0")
L 03/12/2021 - 02:10:42: [basecommands.smx] "Console<0><Console><Console>" changed cvar (cvar "sv_hibernate_ms_vgui") (value "0")
L 03/12/2021 - 02:10:42: [basecommands.smx] "Console<0><Console><Console>" changed cvar (cvar "sv_hibernate_postgame_delay") (value "0")
L 03/12/2021 - 02:10:42: [basecommands.smx] "Console<0><Console><Console>" changed cvar (cvar "sv_hibernate_when_empty") (value "0")
L 03/12/2021 - 02:10:42: [basecommands.smx] "Console<0><Console><Console>" changed cvar (cvar "sv_parallel_sendsnapshot") (value "1")
L 03/12/2021 - 02:10:42: [basecommands.smx] "Console<0><Console><Console>" changed cvar (cvar "sv_enable_delta_packing") (value "1")
L 03/12/2021 - 02:10:42: [basecommands.smx] "Console<0><Console><Console>" changed cvar (cvar "sv_maxunlag") (value "0.200")
L 03/12/2021 - 02:10:42: [basecommands.smx] "Console<0><Console><Console>" changed cvar (cvar "net_maxcleartime") (value "0.001")
L 03/12/2021 - 02:10:42: [basecommands.smx] "Console<0><Console><Console>" changed cvar (cvar "net_minroutable") (value "1000")
L 03/12/2021 - 02:10:42: [basecommands.smx] "Console<0><Console><Console>" changed cvar (cvar "net_compresspackets") (value "0")
L 03/12/2021 - 02:10:42: [basecommands.smx] "Console<0><Console><Console>" changed cvar (cvar "g_ragdoll_important_maxcount") (value "1")
L 03/12/2021 - 02:10:42: [basecommands.smx] "Console<0><Console><Console>" changed cvar (cvar "g_ragdoll_maxcount") (value "1")
L 03/12/2021 - 02:10:42: [basecommands.smx] "Console<0><Console><Console>" changed cvar (cvar "phys_enable_experimental_optimizations") (value "1")
L 03/12/2021 - 02:10:42: [basecommands.smx] "Console<0><Console><Console>" changed cvar (cvar "prop_active_gib_limit") (value "1")
L 03/12/2021 - 02:10:42: [basecommands.smx] "Console<0><Console><Console>" changed cvar (cvar "prop_active_gib_max_fade_time") (value "1")
L 03/12/2021 - 02:10:42: [basecommands.smx] "Console<0><Console><Console>" changed cvar (cvar "sv_turbophysics") (value "1")
L 03/12/2021 - 02:10:42: [basecommands.smx] "Console<0><Console><Console>" changed cvar (cvar "fps_max") (value "0")
L 03/12/2021 - 02:10:42: [basecommands.smx] "Console<0><Console><Console>" changed cvar (cvar "host_framerate") (value "0")
L 03/12/2021 - 02:10:42: [basecommands.smx] "Console<0><Console><Console>" changed cvar (cvar "sv_alternateticks") (value "1")
L 03/12/2021 - 02:10:42: [basecommands.smx] "Console<0><Console><Console>" changed cvar (cvar "sv_forcepreload") (value "1")
L 03/12/2021 - 02:10:42: [basecommands.smx] "Console<0><Console><Console>" changed cvar (cvar "sv_stats") (value "0")
L 03/12/2021 - 02:10:42: [basecommands.smx] "Console<0><Console><Console>" changed cvar (cvar "sv_parallel_packentities") (value "1")
L 03/12/2021 - 02:10:42: [basecommands.smx] "Console<0><Console><Console>" changed cvar (cvar "sv_multiplayer_maxtempentities") (value "1")
L 03/12/2021 - 02:10:42: [basecommands.smx] "Console<0><Console><Console>" changed cvar (cvar "occlusion_test_async") (value "1")
L 03/12/2021 - 02:10:42: [basecommands.smx] "Console<0><Console><Console>" changed cvar (cvar "host_threaded_sound") (value "1")
L 03/12/2021 - 02:10:42: [basecommands.smx] "Console<0><Console><Console>" changed cvar (cvar "sv_threaded_init") (value "1")
L 03/12/2021 - 02:10:42: [basecommands.smx] "Console<0><Console><Console>" changed cvar (cvar "mod_load_anims_async") (value "1")
L 03/12/2021 - 02:10:42: [basecommands.smx] "Console<0><Console><Console>" changed cvar (cvar "mod_load_mesh_async") (value "1")
L 03/12/2021 - 02:10:42: [basecommands.smx] "Console<0><Console><Console>" changed cvar (cvar "mod_load_vcollide_async") (value "1")
L 03/12/2021 - 02:10:42: [basecommands.smx] "Console<0><Console><Console>" changed cvar (cvar "vprof_server_thread") (value "1")
L 03/12/2021 - 02:10:42: [basecommands.smx] "Console<0><Console><Console>" changed cvar (cvar "g_ai_threadedgraphbuild") (value "1")
L 03/12/2021 - 02:10:42: [basecommands.smx] "Console<0><Console><Console>" changed cvar (cvar "mp_teamname_2") (value "Profit$ - T")
L 03/12/2021 - 02:10:42: [basecommands.smx] "Console<0><Console><Console>" changed cvar (cvar "mp_teamname_1") (value "Profit$ - CT")
L 03/12/2021 - 02:10:42: [basecommands.smx] "Console<0><Console><Console>" changed cvar (cvar "sv_allow_thirdperson") (value "1")
L 03/12/2021 - 02:10:42: [basecommands.smx] "Console<0><Console><Console>" changed cvar (cvar "sv_pure_kick_clients") (value "0")
L 03/12/2021 - 02:10:42: [basecommands.smx] "Console<0><Console><Console>" changed cvar (cvar "sv_server_verify_blood_on_player") (value "0")
L 03/12/2021 - 02:10:42: [basecommands.smx] "Console<0><Console><Console>" changed cvar (cvar "host_players_show") (value "2")
L 03/12/2021 - 02:10:42: [basecommands.smx] "Console<0><Console><Console>" changed cvar (cvar "host_info_show") (value "2")
L 03/12/2021 - 02:10:42: [basecommands.smx] "Console<0><Console><Console>" changed cvar (cvar "game_mode") (value "1")
L 03/12/2021 - 02:10:42: [basecommands.smx] "Console<0><Console><Console>" changed cvar (cvar "game_type") (value "0")
L 03/12/2021 - 02:10:42: [basecommands.smx] "Console<0><Console><Console>" changed cvar (cvar "sm_afk_exclude_dead") (value "1")
L 03/12/2021 - 02:10:42: [basecommands.smx] "Console<0><Console><Console>" changed cvar (cvar "bot_join_after_player") (value "0")
L 03/12/2021 - 02:10:42: [basecommands.smx] "Console<0><Console><Console>" changed cvar (cvar "bot_join_team") (value "")
L 03/12/2021 - 07:04:13: -------- Mapchange to de_mirage --------
L 03/12/2021 - 07:04:13: [basecommands.smx] "Console<0><Console><Console>" changed cvar (cvar "sv_vote_issue_changelevel_allowed") (value "0")
L 03/12/2021 - 07:04:13: [basecommands.smx] "Console<0><Console><Console>" changed cvar (cvar "sv_max_distance_transmit_footsteps") (value "9999")
L 03/12/2021 - 07:04:13: [basecommands.smx] "Console<0><Console><Console>" changed cvar (cvar "sv_hibernate_ms") (value "0")
L 03/12/2021 - 07:04:13: [basecommands.smx] "Console<0><Console><Console>" changed cvar (cvar "sv_hibernate_ms_vgui") (value "0")
L 03/12/2021 - 07:04:13: [basecommands.smx] "Console<0><Console><Console>" changed cvar (cvar "sv_hibernate_postgame_delay") (value "0")
L 03/12/2021 - 07:04:13: [basecommands.smx] "Console<0><Console><Console>" changed cvar (cvar "sv_hibernate_when_empty") (value "0")
L 03/12/2021 - 07:04:13: [basecommands.smx] "Console<0><Console><Console>" changed cvar (cvar "sv_parallel_sendsnapshot") (value "1")
L 03/12/2021 - 07:04:13: [basecommands.smx] "Console<0><Console><Console>" changed cvar (cvar "sv_enable_delta_packing") (value "1")
L 03/12/2021 - 07:04:13: [basecommands.smx] "Console<0><Console><Console>" changed cvar (cvar "sv_maxunlag") (value "0.200")
L 03/12/2021 - 07:04:13: [basecommands.smx] "Console<0><Console><Console>" changed cvar (cvar "net_maxcleartime") (value "0.001")
L 03/12/2021 - 07:04:13: [basecommands.smx] "Console<0><Console><Console>" changed cvar (cvar "net_minroutable") (value "1000")
L 03/12/2021 - 07:04:13: [basecommands.smx] "Console<0><Console><Console>" changed cvar (cvar "net_compresspackets") (value "0")
L 03/12/2021 - 07:04:13: [basecommands.smx] "Console<0><Console><Console>" changed cvar (cvar "g_ragdoll_important_maxcount") (value "1")
L 03/12/2021 - 07:04:13: [basecommands.smx] "Console<0><Console><Console>" changed cvar (cvar "g_ragdoll_maxcount") (value "1")
L 03/12/2021 - 07:04:13: [basecommands.smx] "Console<0><Console><Console>" changed cvar (cvar "phys_enable_experimental_optimizations") (value "1")
L 03/12/2021 - 07:04:13: [basecommands.smx] "Console<0><Console><Console>" changed cvar (cvar "prop_active_gib_limit") (value "1")
L 03/12/2021 - 07:04:13: [basecommands.smx] "Console<0><Console><Console>" changed cvar (cvar "prop_active_gib_max_fade_time") (value "1")
L 03/12/2021 - 07:04:13: [basecommands.smx] "Console<0><Console><Console>" changed cvar (cvar "sv_turbophysics") (value "1")
L 03/12/2021 - 07:04:13: [basecommands.smx] "Console<0><Console><Console>" changed cvar (cvar "fps_max") (value "0")
L 03/12/2021 - 07:04:13: [basecommands.smx] "Console<0><Console><Console>" changed cvar (cvar "host_framerate") (value "0")
L 03/12/2021 - 07:04:13: [basecommands.smx] "Console<0><Console><Console>" changed cvar (cvar "sv_alternateticks") (value "1")
L 03/12/2021 - 07:04:13: [basecommands.smx] "Console<0><Console><Console>" changed cvar (cvar "sv_forcepreload") (value "1")
L 03/12/2021 - 07:04:13: [basecommands.smx] "Console<0><Console><Console>" changed cvar (cvar "sv_stats") (value "0")
L 03/12/2021 - 07:04:13: [basecommands.smx] "Console<0><Console><Console>" changed cvar (cvar "sv_parallel_packentities") (value "1")
L 03/12/2021 - 07:04:13: [basecommands.smx] "Console<0><Console><Console>" changed cvar (cvar "sv_multiplayer_maxtempentities") (value "1")
L 03/12/2021 - 07:04:13: [basecommands.smx] "Console<0><Console><Console>" changed cvar (cvar "occlusion_test_async") (value "1")
L 03/12/2021 - 07:04:13: [basecommands.smx] "Console<0><Console><Console>" changed cvar (cvar "host_threaded_sound") (value "1")
L 03/12/2021 - 07:04:13: [basecommands.smx] "Console<0><Console><Console>" changed cvar (cvar "sv_threaded_init") (value "1")
L 03/12/2021 - 07:04:13: [basecommands.smx] "Console<0><Console><Console>" changed cvar (cvar "mod_load_anims_async") (value "1")
L 03/12/2021 - 07:04:13: [basecommands.smx] "Console<0><Console><Console>" changed cvar (cvar "mod_load_mesh_async") (value "1")
L 03/12/2021 - 07:04:13: [basecommands.smx] "Console<0><Console><Console>" changed cvar (cvar "mod_load_vcollide_async") (value "1")
L 03/12/2021 - 07:04:13: [basecommands.smx] "Console<0><Console><Console>" changed cvar (cvar "vprof_server_thread") (value "1")
L 03/12/2021 - 07:04:13: [basecommands.smx] "Console<0><Console><Console>" changed cvar (cvar "g_ai_threadedgraphbuild") (value "1")
L 03/12/2021 - 07:04:13: [basecommands.smx] "Console<0><Console><Console>" changed cvar (cvar "mp_teamname_2") (value "Profit$ - T")
L 03/12/2021 - 07:04:13: [basecommands.smx] "Console<0><Console><Console>" changed cvar (cvar "mp_teamname_1") (value "Profit$ - CT")
L 03/12/2021 - 07:04:13: [basecommands.smx] "Console<0><Console><Console>" changed cvar (cvar "sv_allow_thirdperson") (value "1")
L 03/12/2021 - 07:04:13: [basecommands.smx] "Console<0><Console><Console>" changed cvar (cvar "sv_pure_kick_clients") (value "0")
L 03/12/2021 - 07:04:13: [basecommands.smx] "Console<0><Console><Console>" changed cvar (cvar "sv_server_verify_blood_on_player") (value "0")
L 03/12/2021 - 07:04:13: [basecommands.smx] "Console<0><Console><Console>" changed cvar (cvar "host_players_show") (value "2")
L 03/12/2021 - 07:04:13: [basecommands.smx] "Console<0><Console><Console>" changed cvar (cvar "host_info_show") (value "2")
L 03/12/2021 - 07:04:13: [basecommands.smx] "Console<0><Console><Console>" changed cvar (cvar "game_mode") (value "1")
L 03/12/2021 - 07:04:13: [basecommands.smx] "Console<0><Console><Console>" changed cvar (cvar "game_type") (value "0")
L 03/12/2021 - 07:04:13: [basecommands.smx] "Console<0><Console><Console>" changed cvar (cvar "sm_afk_exclude_dead") (value "1")
L 03/12/2021 - 07:04:13: [basecommands.smx] "Console<0><Console><Console>" changed cvar (cvar "bot_join_after_player") (value "0")
L 03/12/2021 - 07:04:13: [basecommands.smx] "Console<0><Console><Console>" changed cvar (cvar "bot_join_team") (value "")
L 03/12/2021 - 07:10:49: -------- Mapchange to de_mirage --------
L 03/12/2021 - 07:10:49: [basecommands.smx] "Console<0><Console><Console>" changed cvar (cvar "sv_vote_issue_changelevel_allowed") (value "0")
L 03/12/2021 - 07:10:49: [basecommands.smx] "Console<0><Console><Console>" changed cvar (cvar "sv_max_distance_transmit_footsteps") (value "9999")
L 03/12/2021 - 07:10:49: [basecommands.smx] "Console<0><Console><Console>" changed cvar (cvar "sv_hibernate_ms") (value "0")
L 03/12/2021 - 07:10:49: [basecommands.smx] "Console<0><Console><Console>" changed cvar (cvar "sv_hibernate_ms_vgui") (value "0")
L 03/12/2021 - 07:10:49: [basecommands.smx] "Console<0><Console><Console>" changed cvar (cvar "sv_hibernate_postgame_delay") (value "0")
L 03/12/2021 - 07:10:49: [basecommands.smx] "Console<0><Console><Console>" changed cvar (cvar "sv_hibernate_when_empty") (value "0")
L 03/12/2021 - 07:10:49: [basecommands.smx] "Console<0><Console><Console>" changed cvar (cvar "sv_parallel_sendsnapshot") (value "1")
L 03/12/2021 - 07:10:49: [basecommands.smx] "Console<0><Console><Console>" changed cvar (cvar "sv_enable_delta_packing") (value "1")
L 03/12/2021 - 07:10:49: [basecommands.smx] "Console<0><Console><Console>" changed cvar (cvar "sv_maxunlag") (value "0.200")
L 03/12/2021 - 07:10:49: [basecommands.smx] "Console<0><Console><Console>" changed cvar (cvar "net_maxcleartime") (value "0.001")
L 03/12/2021 - 07:10:49: [basecommands.smx] "Console<0><Console><Console>" changed cvar (cvar "net_minroutable") (value "1000")
L 03/12/2021 - 07:10:49: [basecommands.smx] "Console<0><Console><Console>" changed cvar (cvar "net_compresspackets") (value "0")
L 03/12/2021 - 07:10:49: [basecommands.smx] "Console<0><Console><Console>" changed cvar (cvar "g_ragdoll_important_maxcount") (value "1")
L 03/12/2021 - 07:10:49: [basecommands.smx] "Console<0><Console><Console>" changed cvar (cvar "g_ragdoll_maxcount") (value "1")
L 03/12/2021 - 07:10:49: [basecommands.smx] "Console<0><Console><Console>" changed cvar (cvar "phys_enable_experimental_optimizations") (value "1")
L 03/12/2021 - 07:10:49: [basecommands.smx] "Console<0><Console><Console>" changed cvar (cvar "prop_active_gib_limit") (value "1")
L 03/12/2021 - 07:10:49: [basecommands.smx] "Console<0><Console><Console>" changed cvar (cvar "prop_active_gib_max_fade_time") (value "1")
L 03/12/2021 - 07:10:49: [basecommands.smx] "Console<0><Console><Console>" changed cvar (cvar "sv_turbophysics") (value "1")
L 03/12/2021 - 07:10:49: [basecommands.smx] "Console<0><Console><Console>" changed cvar (cvar "fps_max") (value "0")
L 03/12/2021 - 07:10:49: [basecommands.smx] "Console<0><Console><Console>" changed cvar (cvar "host_framerate") (value "0")
L 03/12/2021 - 07:10:49: [basecommands.smx] "Console<0><Console><Console>" changed cvar (cvar "sv_alternateticks") (value "1")
L 03/12/2021 - 07:10:49: [basecommands.smx] "Console<0><Console><Console>" changed cvar (cvar "sv_forcepreload") (value "1")
L 03/12/2021 - 07:10:49: [basecommands.smx] "Console<0><Console><Console>" changed cvar (cvar "sv_stats") (value "0")
L 03/12/2021 - 07:10:49: [basecommands.smx] "Console<0><Console><Console>" changed cvar (cvar "sv_parallel_packentities") (value "1")
L 03/12/2021 - 07:10:49: [basecommands.smx] "Console<0><Console><Console>" changed cvar (cvar "sv_multiplayer_maxtempentities") (value "1")
L 03/12/2021 - 07:10:49: [basecommands.smx] "Console<0><Console><Console>" changed cvar (cvar "occlusion_test_async") (value "1")
L 03/12/2021 - 07:10:49: [basecommands.smx] "Console<0><Console><Console>" changed cvar (cvar "host_threaded_sound") (value "1")
L 03/12/2021 - 07:10:49: [basecommands.smx] "Console<0><Console><Console>" changed cvar (cvar "sv_threaded_init") (value "1")
L 03/12/2021 - 07:10:49: [basecommands.smx] "Console<0><Console><Console>" changed cvar (cvar "mod_load_anims_async") (value "1")
L 03/12/2021 - 07:10:49: [basecommands.smx] "Console<0><Console><Console>" changed cvar (cvar "mod_load_mesh_async") (value "1")
L 03/12/2021 - 07:10:49: [basecommands.smx] "Console<0><Console><Console>" changed cvar (cvar "mod_load_vcollide_async") (value "1")
L 03/12/2021 - 07:10:49: [basecommands.smx] "Console<0><Console><Console>" changed cvar (cvar "vprof_server_thread") (value "1")
L 03/12/2021 - 07:10:49: [basecommands.smx] "Console<0><Console><Console>" changed cvar (cvar "g_ai_threadedgraphbuild") (value "1")
L 03/12/2021 - 07:10:49: [basecommands.smx] "Console<0><Console><Console>" changed cvar (cvar "mp_teamname_2") (value "Profit$ - T")
L 03/12/2021 - 07:10:49: [basecommands.smx] "Console<0><Console><Console>" changed cvar (cvar "mp_teamname_1") (value "Profit$ - CT")
L 03/12/2021 - 07:10:49: [basecommands.smx] "Console<0><Console><Console>" changed cvar (cvar "sv_allow_thirdperson") (value "1")
L 03/12/2021 - 07:10:49: [basecommands.smx] "Console<0><Console><Console>" changed cvar (cvar "sv_pure_kick_clients") (value "0")
L 03/12/2021 - 07:10:49: [basecommands.smx] "Console<0><Console><Console>" changed cvar (cvar "sv_server_verify_blood_on_player") (value "0")
L 03/12/2021 - 07:10:49: [basecommands.smx] "Console<0><Console><Console>" changed cvar (cvar "host_players_show") (value "2")
L 03/12/2021 - 07:10:49: [basecommands.smx] "Console<0><Console><Console>" changed cvar (cvar "host_info_show") (value "2")
L 03/12/2021 - 07:10:49: [basecommands.smx] "Console<0><Console><Console>" changed cvar (cvar "game_mode") (value "1")
L 03/12/2021 - 07:10:49: [basecommands.smx] "Console<0><Console><Console>" changed cvar (cvar "game_type") (value "0")
L 03/12/2021 - 07:10:49: [basecommands.smx] "Console<0><Console><Console>" changed cvar (cvar "sm_afk_exclude_dead") (value "1")
L 03/12/2021 - 07:10:49: [basecommands.smx] "Console<0><Console><Console>" changed cvar (cvar "bot_join_after_player") (value "0")
L 03/12/2021 - 07:10:49: [basecommands.smx] "Console<0><Console><Console>" changed cvar (cvar "bot_join_team") (value "")
L 03/12/2021 - 07:40:49: -------- Mapchange to de_mirage --------
L 03/12/2021 - 07:40:49: [basecommands.smx] "Console<0><Console><Console>" changed cvar (cvar "sv_vote_issue_changelevel_allowed") (value "0")
L 03/12/2021 - 07:40:49: [basecommands.smx] "Console<0><Console><Console>" changed cvar (cvar "sv_max_distance_transmit_footsteps") (value "9999")
L 03/12/2021 - 07:40:49: [basecommands.smx] "Console<0><Console><Console>" changed cvar (cvar "sv_hibernate_ms") (value "0")
L 03/12/2021 - 07:40:49: [basecommands.smx] "Console<0><Console><Console>" changed cvar (cvar "sv_hibernate_ms_vgui") (value "0")
L 03/12/2021 - 07:40:49: [basecommands.smx] "Console<0><Console><Console>" changed cvar (cvar "sv_hibernate_postgame_delay") (value "0")
L 03/12/2021 - 07:40:49: [basecommands.smx] "Console<0><Console><Console>" changed cvar (cvar "sv_hibernate_when_empty") (value "0")
L 03/12/2021 - 07:40:49: [basecommands.smx] "Console<0><Console><Console>" changed cvar (cvar "sv_parallel_sendsnapshot") (value "1")
L 03/12/2021 - 07:40:49: [basecommands.smx] "Console<0><Console><Console>" changed cvar (cvar "sv_enable_delta_packing") (value "1")
L 03/12/2021 - 07:40:49: [basecommands.smx] "Console<0><Console><Console>" changed cvar (cvar "sv_maxunlag") (value "0.200")
L 03/12/2021 - 07:40:49: [basecommands.smx] "Console<0><Console><Console>" changed cvar (cvar "net_maxcleartime") (value "0.001")
L 03/12/2021 - 07:40:49: [basecommands.smx] "Console<0><Console><Console>" changed cvar (cvar "net_minroutable") (value "1000")
L 03/12/2021 - 07:40:49: [basecommands.smx] "Console<0><Console><Console>" changed cvar (cvar "net_compresspackets") (value "0")
L 03/12/2021 - 07:40:49: [basecommands.smx] "Console<0><Console><Console>" changed cvar (cvar "g_ragdoll_important_maxcount") (value "1")
L 03/12/2021 - 07:40:49: [basecommands.smx] "Console<0><Console><Console>" changed cvar (cvar "g_ragdoll_maxcount") (value "1")
L 03/12/2021 - 07:40:49: [basecommands.smx] "Console<0><Console><Console>" changed cvar (cvar "phys_enable_experimental_optimizations") (value "1")
L 03/12/2021 - 07:40:49: [basecommands.smx] "Console<0><Console><Console>" changed cvar (cvar "prop_active_gib_limit") (value "1")
L 03/12/2021 - 07:40:49: [basecommands.smx] "Console<0><Console><Console>" changed cvar (cvar "prop_active_gib_max_fade_time") (value "1")
L 03/12/2021 - 07:40:49: [basecommands.smx] "Console<0><Console><Console>" changed cvar (cvar "sv_turbophysics") (value "1")
L 03/12/2021 - 07:40:49: [basecommands.smx] "Console<0><Console><Console>" changed cvar (cvar "fps_max") (value "0")
L 03/12/2021 - 07:40:49: [basecommands.smx] "Console<0><Console><Console>" changed cvar (cvar "host_framerate") (value "0")
L 03/12/2021 - 07:40:49: [basecommands.smx] "Console<0><Console><Console>" changed cvar (cvar "sv_alternateticks") (value "1")
L 03/12/2021 - 07:40:49: [basecommands.smx] "Console<0><Console><Console>" changed cvar (cvar "sv_forcepreload") (value "1")
L 03/12/2021 - 07:40:49: [basecommands.smx] "Console<0><Console><Console>" changed cvar (cvar "sv_stats") (value "0")
L 03/12/2021 - 07:40:49: [basecommands.smx] "Console<0><Console><Console>" changed cvar (cvar "sv_parallel_packentities") (value "1")
L 03/12/2021 - 07:40:49: [basecommands.smx] "Console<0><Console><Console>" changed cvar (cvar "sv_multiplayer_maxtempentities") (value "1")
L 03/12/2021 - 07:40:49: [basecommands.smx] "Console<0><Console><Console>" changed cvar (cvar "occlusion_test_async") (value "1")
L 03/12/2021 - 07:40:49: [basecommands.smx] "Console<0><Console><Console>" changed cvar (cvar "host_threaded_sound") (value "1")
L 03/12/2021 - 07:40:49: [basecommands.smx] "Console<0><Console><Console>" changed cvar (cvar "sv_threaded_init") (value "1")
L 03/12/2021 - 07:40:49: [basecommands.smx] "Console<0><Console><Console>" changed cvar (cvar "mod_load_anims_async") (value "1")
L 03/12/2021 - 07:40:49: [basecommands.smx] "Console<0><Console><Console>" changed cvar (cvar "mod_load_mesh_async") (value "1")
L 03/12/2021 - 07:40:49: [basecommands.smx] "Console<0><Console><Console>" changed cvar (cvar "mod_load_vcollide_async") (value "1")
L 03/12/2021 - 07:40:49: [basecommands.smx] "Console<0><Console><Console>" changed cvar (cvar "vprof_server_thread") (value "1")
L 03/12/2021 - 07:40:49: [basecommands.smx] "Console<0><Console><Console>" changed cvar (cvar "g_ai_threadedgraphbuild") (value "1")
L 03/12/2021 - 07:40:49: [basecommands.smx] "Console<0><Console><Console>" changed cvar (cvar "mp_teamname_2") (value "Profit$ - T")
L 03/12/2021 - 07:40:49: [basecommands.smx] "Console<0><Console><Console>" changed cvar (cvar "mp_teamname_1") (value "Profit$ - CT")
L 03/12/2021 - 07:40:49: [basecommands.smx] "Console<0><Console><Console>" changed cvar (cvar "sv_allow_thirdperson") (value "1")
L 03/12/2021 - 07:40:49: [basecommands.smx] "Console<0><Console><Console>" changed cvar (cvar "sv_pure_kick_clients") (value "0")
L 03/12/2021 - 07:40:49: [basecommands.smx] "Console<0><Console><Console>" changed cvar (cvar "sv_server_verify_blood_on_player") (value "0")
L 03/12/2021 - 07:40:49: [basecommands.smx] "Console<0><Console><Console>" changed cvar (cvar "host_players_show") (value "2")
L 03/12/2021 - 07:40:49: [basecommands.smx] "Console<0><Console><Console>" changed cvar (cvar "host_info_show") (value "2")
L 03/12/2021 - 07:40:49: [basecommands.smx] "Console<0><Console><Console>" changed cvar (cvar "game_mode") (value "1")
L 03/12/2021 - 07:40:49: [basecommands.smx] "Console<0><Console><Console>" changed cvar (cvar "game_type") (value "0")
L 03/12/2021 - 07:40:49: [basecommands.smx] "Console<0><Console><Console>" changed cvar (cvar "sm_afk_exclude_dead") (value "1")
L 03/12/2021 - 07:40:49: [basecommands.smx] "Console<0><Console><Console>" changed cvar (cvar "bot_join_after_player") (value "0")
L 03/12/2021 - 07:40:49: [basecommands.smx] "Console<0><Console><Console>" changed cvar (cvar "bot_join_team") (value "")
L 03/12/2021 - 07:45:59: -------- Mapchange to de_mirage --------
L 03/12/2021 - 07:45:59: [basecommands.smx] "Console<0><Console><Console>" changed cvar (cvar "sv_vote_issue_changelevel_allowed") (value "0")
L 03/12/2021 - 07:45:59: [basecommands.smx] "Console<0><Console><Console>" changed cvar (cvar "sv_max_distance_transmit_footsteps") (value "9999")
L 03/12/2021 - 07:45:59: [basecommands.smx] "Console<0><Console><Console>" changed cvar (cvar "sv_hibernate_ms") (value "0")
L 03/12/2021 - 07:45:59: [basecommands.smx] "Console<0><Console><Console>" changed cvar (cvar "sv_hibernate_ms_vgui") (value "0")
L 03/12/2021 - 07:45:59: [basecommands.smx] "Console<0><Console><Console>" changed cvar (cvar "sv_hibernate_postgame_delay") (value "0")
L 03/12/2021 - 07:45:59: [basecommands.smx] "Console<0><Console><Console>" changed cvar (cvar "sv_hibernate_when_empty") (value "0")
L 03/12/2021 - 07:45:59: [basecommands.smx] "Console<0><Console><Console>" changed cvar (cvar "sv_parallel_sendsnapshot") (value "1")
L 03/12/2021 - 07:45:59: [basecommands.smx] "Console<0><Console><Console>" changed cvar (cvar "sv_enable_delta_packing") (value "1")
L 03/12/2021 - 07:45:59: [basecommands.smx] "Console<0><Console><Console>" changed cvar (cvar "sv_maxunlag") (value "0.200")
L 03/12/2021 - 07:45:59: [basecommands.smx] "Console<0><Console><Console>" changed cvar (cvar "net_maxcleartime") (value "0.001")
L 03/12/2021 - 07:45:59: [basecommands.smx] "Console<0><Console><Console>" changed cvar (cvar "net_minroutable") (value "1000")
L 03/12/2021 - 07:45:59: [basecommands.smx] "Console<0><Console><Console>" changed cvar (cvar "net_compresspackets") (value "0")
L 03/12/2021 - 07:45:59: [basecommands.smx] "Console<0><Console><Console>" changed cvar (cvar "g_ragdoll_important_maxcount") (value "1")
L 03/12/2021 - 07:45:59: [basecommands.smx] "Console<0><Console><Console>" changed cvar (cvar "g_ragdoll_maxcount") (value "1")
L 03/12/2021 - 07:45:59: [basecommands.smx] "Console<0><Console><Console>" changed cvar (cvar "phys_enable_experimental_optimizations") (value "1")
L 03/12/2021 - 07:45:59: [basecommands.smx] "Console<0><Console><Console>" changed cvar (cvar "prop_active_gib_limit") (value "1")
L 03/12/2021 - 07:45:59: [basecommands.smx] "Console<0><Console><Console>" changed cvar (cvar "prop_active_gib_max_fade_time") (value "1")
L 03/12/2021 - 07:45:59: [basecommands.smx] "Console<0><Console><Console>" changed cvar (cvar "sv_turbophysics") (value "1")
L 03/12/2021 - 07:45:59: [basecommands.smx] "Console<0><Console><Console>" changed cvar (cvar "fps_max") (value "0")
L 03/12/2021 - 07:45:59: [basecommands.smx] "Console<0><Console><Console>" changed cvar (cvar "host_framerate") (value "0")
L 03/12/2021 - 07:45:59: [basecommands.smx] "Console<0><Console><Console>" changed cvar (cvar "sv_alternateticks") (value "1")
L 03/12/2021 - 07:45:59: [basecommands.smx] "Console<0><Console><Console>" changed cvar (cvar "sv_forcepreload") (value "1")
L 03/12/2021 - 07:45:59: [basecommands.smx] "Console<0><Console><Console>" changed cvar (cvar "sv_stats") (value "0")
L 03/12/2021 - 07:45:59: [basecommands.smx] "Console<0><Console><Console>" changed cvar (cvar "sv_parallel_packentities") (value "1")
L 03/12/2021 - 07:45:59: [basecommands.smx] "Console<0><Console><Console>" changed cvar (cvar "sv_multiplayer_maxtempentities") (value "1")
L 03/12/2021 - 07:45:59: [basecommands.smx] "Console<0><Console><Console>" changed cvar (cvar "occlusion_test_async") (value "1")
L 03/12/2021 - 07:45:59: [basecommands.smx] "Console<0><Console><Console>" changed cvar (cvar "host_threaded_sound") (value "1")
L 03/12/2021 - 07:45:59: [basecommands.smx] "Console<0><Console><Console>" changed cvar (cvar "sv_threaded_init") (value "1")
L 03/12/2021 - 07:45:59: [basecommands.smx] "Console<0><Console><Console>" changed cvar (cvar "mod_load_anims_async") (value "1")
L 03/12/2021 - 07:45:59: [basecommands.smx] "Console<0><Console><Console>" changed cvar (cvar "mod_load_mesh_async") (value "1")
L 03/12/2021 - 07:45:59: [basecommands.smx] "Console<0><Console><Console>" changed cvar (cvar "mod_load_vcollide_async") (value "1")
L 03/12/2021 - 07:45:59: [basecommands.smx] "Console<0><Console><Console>" changed cvar (cvar "vprof_server_thread") (value "1")
L 03/12/2021 - 07:45:59: [basecommands.smx] "Console<0><Console><Console>" changed cvar (cvar "g_ai_threadedgraphbuild") (value "1")
L 03/12/2021 - 07:45:59: [basecommands.smx] "Console<0><Console><Console>" changed cvar (cvar "mp_teamname_2") (value "Profit$ - T")
L 03/12/2021 - 07:45:59: [basecommands.smx] "Console<0><Console><Console>" changed cvar (cvar "mp_teamname_1") (value "Profit$ - CT")
L 03/12/2021 - 07:45:59: [basecommands.smx] "Console<0><Console><Console>" changed cvar (cvar "sv_allow_thirdperson") (value "1")
L 03/12/2021 - 07:45:59: [basecommands.smx] "Console<0><Console><Console>" changed cvar (cvar "sv_pure_kick_clients") (value "0")
L 03/12/2021 - 07:45:59: [basecommands.smx] "Console<0><Console><Console>" changed cvar (cvar "sv_server_verify_blood_on_player") (value "0")
L 03/12/2021 - 07:45:59: [basecommands.smx] "Console<0><Console><Console>" changed cvar (cvar "host_players_show") (value "2")
L 03/12/2021 - 07:45:59: [basecommands.smx] "Console<0><Console><Console>" changed cvar (cvar "host_info_show") (value "2")
L 03/12/2021 - 07:45:59: [basecommands.smx] "Console<0><Console><Console>" changed cvar (cvar "game_mode") (value "1")
L 03/12/2021 - 07:45:59: [basecommands.smx] "Console<0><Console><Console>" changed cvar (cvar "game_type") (value "0")
L 03/12/2021 - 07:45:59: [basecommands.smx] "Console<0><Console><Console>" changed cvar (cvar "sm_afk_exclude_dead") (value "1")
L 03/12/2021 - 07:45:59: [basecommands.smx] "Console<0><Console><Console>" changed cvar (cvar "bot_join_after_player") (value "0")
L 03/12/2021 - 07:45:59: [basecommands.smx] "Console<0><Console><Console>" changed cvar (cvar "bot_join_team") (value "")
L 03/12/2021 - 08:13:41: -------- Mapchange to de_mirage --------
L 03/12/2021 - 08:13:41: [basecommands.smx] "Console<0><Console><Console>" changed cvar (cvar "sv_vote_issue_changelevel_allowed") (value "0")
L 03/12/2021 - 08:13:41: [basecommands.smx] "Console<0><Console><Console>" changed cvar (cvar "sv_max_distance_transmit_footsteps") (value "9999")
L 03/12/2021 - 08:13:41: [basecommands.smx] "Console<0><Console><Console>" changed cvar (cvar "sv_hibernate_ms") (value "0")
L 03/12/2021 - 08:13:41: [basecommands.smx] "Console<0><Console><Console>" changed cvar (cvar "sv_hibernate_ms_vgui") (value "0")
L 03/12/2021 - 08:13:41: [basecommands.smx] "Console<0><Console><Console>" changed cvar (cvar "sv_hibernate_postgame_delay") (value "0")
L 03/12/2021 - 08:13:41: [basecommands.smx] "Console<0><Console><Console>" changed cvar (cvar "sv_hibernate_when_empty") (value "0")
L 03/12/2021 - 08:13:41: [basecommands.smx] "Console<0><Console><Console>" changed cvar (cvar "sv_parallel_sendsnapshot") (value "1")
L 03/12/2021 - 08:13:41: [basecommands.smx] "Console<0><Console><Console>" changed cvar (cvar "sv_enable_delta_packing") (value "1")
L 03/12/2021 - 08:13:41: [basecommands.smx] "Console<0><Console><Console>" changed cvar (cvar "sv_maxunlag") (value "0.200")
L 03/12/2021 - 08:13:41: [basecommands.smx] "Console<0><Console><Console>" changed cvar (cvar "net_maxcleartime") (value "0.001")
L 03/12/2021 - 08:13:41: [basecommands.smx] "Console<0><Console><Console>" changed cvar (cvar "net_minroutable") (value "1000")
L 03/12/2021 - 08:13:41: [basecommands.smx] "Console<0><Console><Console>" changed cvar (cvar "net_compresspackets") (value "0")
L 03/12/2021 - 08:13:41: [basecommands.smx] "Console<0><Console><Console>" changed cvar (cvar "g_ragdoll_important_maxcount") (value "1")
L 03/12/2021 - 08:13:41: [basecommands.smx] "Console<0><Console><Console>" changed cvar (cvar "g_ragdoll_maxcount") (value "1")
L 03/12/2021 - 08:13:41: [basecommands.smx] "Console<0><Console><Console>" changed cvar (cvar "phys_enable_experimental_optimizations") (value "1")
L 03/12/2021 - 08:13:41: [basecommands.smx] "Console<0><Console><Console>" changed cvar (cvar "prop_active_gib_limit") (value "1")
L 03/12/2021 - 08:13:41: [basecommands.smx] "Console<0><Console><Console>" changed cvar (cvar "prop_active_gib_max_fade_time") (value "1")
L 03/12/2021 - 08:13:41: [basecommands.smx] "Console<0><Console><Console>" changed cvar (cvar "sv_turbophysics") (value "1")
L 03/12/2021 - 08:13:41: [basecommands.smx] "Console<0><Console><Console>" changed cvar (cvar "fps_max") (value "0")
L 03/12/2021 - 08:13:41: [basecommands.smx] "Console<0><Console><Console>" changed cvar (cvar "host_framerate") (value "0")
L 03/12/2021 - 08:13:41: [basecommands.smx] "Console<0><Console><Console>" changed cvar (cvar "sv_alternateticks") (value "1")
L 03/12/2021 - 08:13:41: [basecommands.smx] "Console<0><Console><Console>" changed cvar (cvar "sv_forcepreload") (value "1")
L 03/12/2021 - 08:13:41: [basecommands.smx] "Console<0><Console><Console>" changed cvar (cvar "sv_stats") (value "0")
L 03/12/2021 - 08:13:41: [basecommands.smx] "Console<0><Console><Console>" changed cvar (cvar "sv_parallel_packentities") (value "1")
L 03/12/2021 - 08:13:41: [basecommands.smx] "Console<0><Console><Console>" changed cvar (cvar "sv_multiplayer_maxtempentities") (value "1")
L 03/12/2021 - 08:13:41: [basecommands.smx] "Console<0><Console><Console>" changed cvar (cvar "occlusion_test_async") (value "1")
L 03/12/2021 - 08:13:41: [basecommands.smx] "Console<0><Console><Console>" changed cvar (cvar "host_threaded_sound") (value "1")
L 03/12/2021 - 08:13:41: [basecommands.smx] "Console<0><Console><Console>" changed cvar (cvar "sv_threaded_init") (value "1")
L 03/12/2021 - 08:13:41: [basecommands.smx] "Console<0><Console><Console>" changed cvar (cvar "mod_load_anims_async") (value "1")
L 03/12/2021 - 08:13:41: [basecommands.smx] "Console<0><Console><Console>" changed cvar (cvar "mod_load_mesh_async") (value "1")
L 03/12/2021 - 08:13:41: [basecommands.smx] "Console<0><Console><Console>" changed cvar (cvar "mod_load_vcollide_async") (value "1")
L 03/12/2021 - 08:13:41: [basecommands.smx] "Console<0><Console><Console>" changed cvar (cvar "vprof_server_thread") (value "1")
L 03/12/2021 - 08:13:41: [basecommands.smx] "Console<0><Console><Console>" changed cvar (cvar "g_ai_threadedgraphbuild") (value "1")
L 03/12/2021 - 08:13:41: [basecommands.smx] "Console<0><Console><Console>" changed cvar (cvar "mp_teamname_2") (value "Profit$ - T")
L 03/12/2021 - 08:13:41: [basecommands.smx] "Console<0><Console><Console>" changed cvar (cvar "mp_teamname_1") (value "Profit$ - CT")
L 03/12/2021 - 08:13:41: [basecommands.smx] "Console<0><Console><Console>" changed cvar (cvar "sv_allow_thirdperson") (value "1")
L 03/12/2021 - 08:13:41: [basecommands.smx] "Console<0><Console><Console>" changed cvar (cvar "sv_pure_kick_clients") (value "0")
L 03/12/2021 - 08:13:41: [basecommands.smx] "Console<0><Console><Console>" changed cvar (cvar "sv_server_verify_blood_on_player") (value "0")
L 03/12/2021 - 08:13:41: [basecommands.smx] "Console<0><Console><Console>" changed cvar (cvar "host_players_show") (value "2")
L 03/12/2021 - 08:13:41: [basecommands.smx] "Console<0><Console><Console>" changed cvar (cvar "host_info_show") (value "2")
L 03/12/2021 - 08:13:41: [basecommands.smx] "Console<0><Console><Console>" changed cvar (cvar "game_mode") (value "1")
L 03/12/2021 - 08:13:41: [basecommands.smx] "Console<0><Console><Console>" changed cvar (cvar "game_type") (value "0")
L 03/12/2021 - 08:13:41: [basecommands.smx] "Console<0><Console><Console>" changed cvar (cvar "sm_afk_exclude_dead") (value "1")
L 03/12/2021 - 08:13:41: [basecommands.smx] "Console<0><Console><Console>" changed cvar (cvar "bot_join_after_player") (value "0")
L 03/12/2021 - 08:13:41: [basecommands.smx] "Console<0><Console><Console>" changed cvar (cvar "bot_join_team") (value "")
L 03/12/2021 - 08:19:10: -------- Mapchange to de_mirage --------
L 03/12/2021 - 08:19:10: [basecommands.smx] "Console<0><Console><Console>" changed cvar (cvar "sv_vote_issue_changelevel_allowed") (value "0")
L 03/12/2021 - 08:19:10: [basecommands.smx] "Console<0><Console><Console>" changed cvar (cvar "sv_max_distance_transmit_footsteps") (value "9999")
L 03/12/2021 - 08:19:10: [basecommands.smx] "Console<0><Console><Console>" changed cvar (cvar "sv_hibernate_ms") (value "0")
L 03/12/2021 - 08:19:10: [basecommands.smx] "Console<0><Console><Console>" changed cvar (cvar "sv_hibernate_ms_vgui") (value "0")
L 03/12/2021 - 08:19:10: [basecommands.smx] "Console<0><Console><Console>" changed cvar (cvar "sv_hibernate_postgame_delay") (value "0")
L 03/12/2021 - 08:19:10: [basecommands.smx] "Console<0><Console><Console>" changed cvar (cvar "sv_hibernate_when_empty") (value "0")
L 03/12/2021 - 08:19:10: [basecommands.smx] "Console<0><Console><Console>" changed cvar (cvar "sv_parallel_sendsnapshot") (value "1")
L 03/12/2021 - 08:19:10: [basecommands.smx] "Console<0><Console><Console>" changed cvar (cvar "sv_enable_delta_packing") (value "1")
L 03/12/2021 - 08:19:10: [basecommands.smx] "Console<0><Console><Console>" changed cvar (cvar "sv_maxunlag") (value "0.200")
L 03/12/2021 - 08:19:10: [basecommands.smx] "Console<0><Console><Console>" changed cvar (cvar "net_maxcleartime") (value "0.001")
L 03/12/2021 - 08:19:10: [basecommands.smx] "Console<0><Console><Console>" changed cvar (cvar "net_minroutable") (value "1000")
L 03/12/2021 - 08:19:10: [basecommands.smx] "Console<0><Console><Console>" changed cvar (cvar "net_compresspackets") (value "0")
L 03/12/2021 - 08:19:10: [basecommands.smx] "Console<0><Console><Console>" changed cvar (cvar "g_ragdoll_important_maxcount") (value "1")
L 03/12/2021 - 08:19:10: [basecommands.smx] "Console<0><Console><Console>" changed cvar (cvar "g_ragdoll_maxcount") (value "1")
L 03/12/2021 - 08:19:10: [basecommands.smx] "Console<0><Console><Console>" changed cvar (cvar "phys_enable_experimental_optimizations") (value "1")
L 03/12/2021 - 08:19:10: [basecommands.smx] "Console<0><Console><Console>" changed cvar (cvar "prop_active_gib_limit") (value "1")
L 03/12/2021 - 08:19:10: [basecommands.smx] "Console<0><Console><Console>" changed cvar (cvar "prop_active_gib_max_fade_time") (value "1")
L 03/12/2021 - 08:19:10: [basecommands.smx] "Console<0><Console><Console>" changed cvar (cvar "sv_turbophysics") (value "1")
L 03/12/2021 - 08:19:10: [basecommands.smx] "Console<0><Console><Console>" changed cvar (cvar "fps_max") (value "0")
L 03/12/2021 - 08:19:10: [basecommands.smx] "Console<0><Console><Console>" changed cvar (cvar "host_framerate") (value "0")
L 03/12/2021 - 08:19:10: [basecommands.smx] "Console<0><Console><Console>" changed cvar (cvar "sv_alternateticks") (value "1")
L 03/12/2021 - 08:19:10: [basecommands.smx] "Console<0><Console><Console>" changed cvar (cvar "sv_forcepreload") (value "1")
L 03/12/2021 - 08:19:10: [basecommands.smx] "Console<0><Console><Console>" changed cvar (cvar "sv_stats") (value "0")
L 03/12/2021 - 08:19:10: [basecommands.smx] "Console<0><Console><Console>" changed cvar (cvar "sv_parallel_packentities") (value "1")
L 03/12/2021 - 08:19:10: [basecommands.smx] "Console<0><Console><Console>" changed cvar (cvar "sv_multiplayer_maxtempentities") (value "1")
L 03/12/2021 - 08:19:10: [basecommands.smx] "Console<0><Console><Console>" changed cvar (cvar "occlusion_test_async") (value "1")
L 03/12/2021 - 08:19:10: [basecommands.smx] "Console<0><Console><Console>" changed cvar (cvar "host_threaded_sound") (value "1")
L 03/12/2021 - 08:19:10: [basecommands.smx] "Console<0><Console><Console>" changed cvar (cvar "sv_threaded_init") (value "1")
L 03/12/2021 - 08:19:10: [basecommands.smx] "Console<0><Console><Console>" changed cvar (cvar "mod_load_anims_async") (value "1")
L 03/12/2021 - 08:19:10: [basecommands.smx] "Console<0><Console><Console>" changed cvar (cvar "mod_load_mesh_async") (value "1")
L 03/12/2021 - 08:19:10: [basecommands.smx] "Console<0><Console><Console>" changed cvar (cvar "mod_load_vcollide_async") (value "1")
L 03/12/2021 - 08:19:10: [basecommands.smx] "Console<0><Console><Console>" changed cvar (cvar "vprof_server_thread") (value "1")
L 03/12/2021 - 08:19:10: [basecommands.smx] "Console<0><Console><Console>" changed cvar (cvar "g_ai_threadedgraphbuild") (value "1")
L 03/12/2021 - 08:19:10: [basecommands.smx] "Console<0><Console><Console>" changed cvar (cvar "mp_teamname_2") (value "Profit$ - T")
L 03/12/2021 - 08:19:10: [basecommands.smx] "Console<0><Console><Console>" changed cvar (cvar "mp_teamname_1") (value "Profit$ - CT")
L 03/12/2021 - 08:19:10: [basecommands.smx] "Console<0><Console><Console>" changed cvar (cvar "sv_allow_thirdperson") (value "1")
L 03/12/2021 - 08:19:10: [basecommands.smx] "Console<0><Console><Console>" changed cvar (cvar "sv_pure_kick_clients") (value "0")
L 03/12/2021 - 08:19:10: [basecommands.smx] "Console<0><Console><Console>" changed cvar (cvar "sv_server_verify_blood_on_player") (value "0")
L 03/12/2021 - 08:19:10: [basecommands.smx] "Console<0><Console><Console>" changed cvar (cvar "host_players_show") (value "2")
L 03/12/2021 - 08:19:10: [basecommands.smx] "Console<0><Console><Console>" changed cvar (cvar "host_info_show") (value "2")
L 03/12/2021 - 08:19:10: [basecommands.smx] "Console<0><Console><Console>" changed cvar (cvar "game_mode") (value "1")
L 03/12/2021 - 08:19:10: [basecommands.smx] "Console<0><Console><Console>" changed cvar (cvar "game_type") (value "0")
L 03/12/2021 - 08:19:10: [basecommands.smx] "Console<0><Console><Console>" changed cvar (cvar "sm_afk_exclude_dead") (value "1")
L 03/12/2021 - 08:19:10: [basecommands.smx] "Console<0><Console><Console>" changed cvar (cvar "bot_join_after_player") (value "0")
L 03/12/2021 - 08:19:10: [basecommands.smx] "Console<0><Console><Console>" changed cvar (cvar "bot_join_team") (value "")
L 03/12/2021 - 08:54:56: -------- Mapchange to de_mirage --------
L 03/12/2021 - 08:54:56: [basecommands.smx] "Console<0><Console><Console>" changed cvar (cvar "sv_vote_issue_changelevel_allowed") (value "0")
L 03/12/2021 - 08:54:56: [basecommands.smx] "Console<0><Console><Console>" changed cvar (cvar "sv_max_distance_transmit_footsteps") (value "9999")
L 03/12/2021 - 08:54:56: [basecommands.smx] "Console<0><Console><Console>" changed cvar (cvar "sv_hibernate_ms") (value "0")
L 03/12/2021 - 08:54:56: [basecommands.smx] "Console<0><Console><Console>" changed cvar (cvar "sv_hibernate_ms_vgui") (value "0")
L 03/12/2021 - 08:54:56: [basecommands.smx] "Console<0><Console><Console>" changed cvar (cvar "sv_hibernate_postgame_delay") (value "0")
L 03/12/2021 - 08:54:56: [basecommands.smx] "Console<0><Console><Console>" changed cvar (cvar "sv_hibernate_when_empty") (value "0")
L 03/12/2021 - 08:54:56: [basecommands.smx] "Console<0><Console><Console>" changed cvar (cvar "sv_parallel_sendsnapshot") (value "1")
L 03/12/2021 - 08:54:56: [basecommands.smx] "Console<0><Console><Console>" changed cvar (cvar "sv_enable_delta_packing") (value "1")
L 03/12/2021 - 08:54:56: [basecommands.smx] "Console<0><Console><Console>" changed cvar (cvar "sv_maxunlag") (value "0.200")
L 03/12/2021 - 08:54:56: [basecommands.smx] "Console<0><Console><Console>" changed cvar (cvar "net_maxcleartime") (value "0.001")
L 03/12/2021 - 08:54:56: [basecommands.smx] "Console<0><Console><Console>" changed cvar (cvar "net_minroutable") (value "1000")
L 03/12/2021 - 08:54:56: [basecommands.smx] "Console<0><Console><Console>" changed cvar (cvar "net_compresspackets") (value "0")
L 03/12/2021 - 08:54:56: [basecommands.smx] "Console<0><Console><Console>" changed cvar (cvar "g_ragdoll_important_maxcount") (value "1")
L 03/12/2021 - 08:54:56: [basecommands.smx] "Console<0><Console><Console>" changed cvar (cvar "g_ragdoll_maxcount") (value "1")
L 03/12/2021 - 08:54:56: [basecommands.smx] "Console<0><Console><Console>" changed cvar (cvar "phys_enable_experimental_optimizations") (value "1")
L 03/12/2021 - 08:54:56: [basecommands.smx] "Console<0><Console><Console>" changed cvar (cvar "prop_active_gib_limit") (value "1")
L 03/12/2021 - 08:54:56: [basecommands.smx] "Console<0><Console><Console>" changed cvar (cvar "prop_active_gib_max_fade_time") (value "1")
L 03/12/2021 - 08:54:56: [basecommands.smx] "Console<0><Console><Console>" changed cvar (cvar "sv_turbophysics") (value "1")
L 03/12/2021 - 08:54:56: [basecommands.smx] "Console<0><Console><Console>" changed cvar (cvar "fps_max") (value "0")
L 03/12/2021 - 08:54:56: [basecommands.smx] "Console<0><Console><Console>" changed cvar (cvar "host_framerate") (value "0")
L 03/12/2021 - 08:54:56: [basecommands.smx] "Console<0><Console><Console>" changed cvar (cvar "sv_alternateticks") (value "1")
L 03/12/2021 - 08:54:56: [basecommands.smx] "Console<0><Console><Console>" changed cvar (cvar "sv_forcepreload") (value "1")
L 03/12/2021 - 08:54:56: [basecommands.smx] "Console<0><Console><Console>" changed cvar (cvar "sv_stats") (value "0")
L 03/12/2021 - 08:54:56: [basecommands.smx] "Console<0><Console><Console>" changed cvar (cvar "sv_parallel_packentities") (value "1")
L 03/12/2021 - 08:54:56: [basecommands.smx] "Console<0><Console><Console>" changed cvar (cvar "sv_multiplayer_maxtempentities") (value "1")
L 03/12/2021 - 08:54:56: [basecommands.smx] "Console<0><Console><Console>" changed cvar (cvar "occlusion_test_async") (value "1")
L 03/12/2021 - 08:54:56: [basecommands.smx] "Console<0><Console><Console>" changed cvar (cvar "host_threaded_sound") (value "1")
L 03/12/2021 - 08:54:56: [basecommands.smx] "Console<0><Console><Console>" changed cvar (cvar "sv_threaded_init") (value "1")
L 03/12/2021 - 08:54:56: [basecommands.smx] "Console<0><Console><Console>" changed cvar (cvar "mod_load_anims_async") (value "1")
L 03/12/2021 - 08:54:56: [basecommands.smx] "Console<0><Console><Console>" changed cvar (cvar "mod_load_mesh_async") (value "1")
L 03/12/2021 - 08:54:56: [basecommands.smx] "Console<0><Console><Console>" changed cvar (cvar "mod_load_vcollide_async") (value "1")
L 03/12/2021 - 08:54:56: [basecommands.smx] "Console<0><Console><Console>" changed cvar (cvar "vprof_server_thread") (value "1")
L 03/12/2021 - 08:54:56: [basecommands.smx] "Console<0><Console><Console>" changed cvar (cvar "g_ai_threadedgraphbuild") (value "1")
L 03/12/2021 - 08:54:56: [basecommands.smx] "Console<0><Console><Console>" changed cvar (cvar "mp_teamname_2") (value "Profit$ - T")
L 03/12/2021 - 08:54:56: [basecommands.smx] "Console<0><Console><Console>" changed cvar (cvar "mp_teamname_1") (value "Profit$ - CT")
L 03/12/2021 - 08:54:56: [basecommands.smx] "Console<0><Console><Console>" changed cvar (cvar "sv_allow_thirdperson") (value "1")
L 03/12/2021 - 08:54:56: [basecommands.smx] "Console<0><Console><Console>" changed cvar (cvar "sv_pure_kick_clients") (value "0")
L 03/12/2021 - 08:54:56: [basecommands.smx] "Console<0><Console><Console>" changed cvar (cvar "sv_server_verify_blood_on_player") (value "0")
L 03/12/2021 - 08:54:56: [basecommands.smx] "Console<0><Console><Console>" changed cvar (cvar "host_players_show") (value "2")
L 03/12/2021 - 08:54:56: [basecommands.smx] "Console<0><Console><Console>" changed cvar (cvar "host_info_show") (value "2")
L 03/12/2021 - 08:54:56: [basecommands.smx] "Console<0><Console><Console>" changed cvar (cvar "game_mode") (value "1")
L 03/12/2021 - 08:54:56: [basecommands.smx] "Console<0><Console><Console>" changed cvar (cvar "game_type") (value "0")
L 03/12/2021 - 08:54:56: [basecommands.smx] "Console<0><Console><Console>" changed cvar (cvar "sm_afk_exclude_dead") (value "1")
L 03/12/2021 - 08:54:56: [basecommands.smx] "Console<0><Console><Console>" changed cvar (cvar "bot_join_after_player") (value "0")
L 03/12/2021 - 08:54:56: [basecommands.smx] "Console<0><Console><Console>" changed cvar (cvar "bot_join_team") (value "")
L 03/12/2021 - 08:58:24: -------- Mapchange to de_mirage --------
L 03/12/2021 - 08:58:24: [basecommands.smx] "Console<0><Console><Console>" changed cvar (cvar "sv_vote_issue_changelevel_allowed") (value "0")
L 03/12/2021 - 08:58:24: [basecommands.smx] "Console<0><Console><Console>" changed cvar (cvar "sv_max_distance_transmit_footsteps") (value "9999")
L 03/12/2021 - 08:58:24: [basecommands.smx] "Console<0><Console><Console>" changed cvar (cvar "sv_hibernate_ms") (value "0")
L 03/12/2021 - 08:58:24: [basecommands.smx] "Console<0><Console><Console>" changed cvar (cvar "sv_hibernate_ms_vgui") (value "0")
L 03/12/2021 - 08:58:24: [basecommands.smx] "Console<0><Console><Console>" changed cvar (cvar "sv_hibernate_postgame_delay") (value "0")
L 03/12/2021 - 08:58:24: [basecommands.smx] "Console<0><Console><Console>" changed cvar (cvar "sv_hibernate_when_empty") (value "0")
L 03/12/2021 - 08:58:24: [basecommands.smx] "Console<0><Console><Console>" changed cvar (cvar "sv_parallel_sendsnapshot") (value "1")
L 03/12/2021 - 08:58:24: [basecommands.smx] "Console<0><Console><Console>" changed cvar (cvar "sv_enable_delta_packing") (value "1")
L 03/12/2021 - 08:58:24: [basecommands.smx] "Console<0><Console><Console>" changed cvar (cvar "sv_maxunlag") (value "0.200")
L 03/12/2021 - 08:58:24: [basecommands.smx] "Console<0><Console><Console>" changed cvar (cvar "net_maxcleartime") (value "0.001")
L 03/12/2021 - 08:58:24: [basecommands.smx] "Console<0><Console><Console>" changed cvar (cvar "net_minroutable") (value "1000")
L 03/12/2021 - 08:58:24: [basecommands.smx] "Console<0><Console><Console>" changed cvar (cvar "net_compresspackets") (value "0")
L 03/12/2021 - 08:58:24: [basecommands.smx] "Console<0><Console><Console>" changed cvar (cvar "g_ragdoll_important_maxcount") (value "1")
L 03/12/2021 - 08:58:24: [basecommands.smx] "Console<0><Console><Console>" changed cvar (cvar "g_ragdoll_maxcount") (value "1")
L 03/12/2021 - 08:58:24: [basecommands.smx] "Console<0><Console><Console>" changed cvar (cvar "phys_enable_experimental_optimizations") (value "1")
L 03/12/2021 - 08:58:24: [basecommands.smx] "Console<0><Console><Console>" changed cvar (cvar "prop_active_gib_limit") (value "1")
L 03/12/2021 - 08:58:24: [basecommands.smx] "Console<0><Console><Console>" changed cvar (cvar "prop_active_gib_max_fade_time") (value "1")
L 03/12/2021 - 08:58:24: [basecommands.smx] "Console<0><Console><Console>" changed cvar (cvar "sv_turbophysics") (value "1")
L 03/12/2021 - 08:58:24: [basecommands.smx] "Console<0><Console><Console>" changed cvar (cvar "fps_max") (value "0")
L 03/12/2021 - 08:58:24: [basecommands.smx] "Console<0><Console><Console>" changed cvar (cvar "host_framerate") (value "0")
L 03/12/2021 - 08:58:24: [basecommands.smx] "Console<0><Console><Console>" changed cvar (cvar "sv_alternateticks") (value "1")
L 03/12/2021 - 08:58:24: [basecommands.smx] "Console<0><Console><Console>" changed cvar (cvar "sv_forcepreload") (value "1")
L 03/12/2021 - 08:58:24: [basecommands.smx] "Console<0><Console><Console>" changed cvar (cvar "sv_stats") (value "0")
L 03/12/2021 - 08:58:24: [basecommands.smx] "Console<0><Console><Console>" changed cvar (cvar "sv_parallel_packentities") (value "1")
L 03/12/2021 - 08:58:24: [basecommands.smx] "Console<0><Console><Console>" changed cvar (cvar "sv_multiplayer_maxtempentities") (value "1")
L 03/12/2021 - 08:58:24: [basecommands.smx] "Console<0><Console><Console>" changed cvar (cvar "occlusion_test_async") (value "1")
L 03/12/2021 - 08:58:24: [basecommands.smx] "Console<0><Console><Console>" changed cvar (cvar "host_threaded_sound") (value "1")
L 03/12/2021 - 08:58:24: [basecommands.smx] "Console<0><Console><Console>" changed cvar (cvar "sv_threaded_init") (value "1")
L 03/12/2021 - 08:58:24: [basecommands.smx] "Console<0><Console><Console>" changed cvar (cvar "mod_load_anims_async") (value "1")
L 03/12/2021 - 08:58:24: [basecommands.smx] "Console<0><Console><Console>" changed cvar (cvar "mod_load_mesh_async") (value "1")
L 03/12/2021 - 08:58:24: [basecommands.smx] "Console<0><Console><Console>" changed cvar (cvar "mod_load_vcollide_async") (value "1")
L 03/12/2021 - 08:58:24: [basecommands.smx] "Console<0><Console><Console>" changed cvar (cvar "vprof_server_thread") (value "1")
L 03/12/2021 - 08:58:24: [basecommands.smx] "Console<0><Console><Console>" changed cvar (cvar "g_ai_threadedgraphbuild") (value "1")
L 03/12/2021 - 08:58:24: [basecommands.smx] "Console<0><Console><Console>" changed cvar (cvar "mp_teamname_2") (value "Profit$ - T")
L 03/12/2021 - 08:58:24: [basecommands.smx] "Console<0><Console><Console>" changed cvar (cvar "mp_teamname_1") (value "Profit$ - CT")
L 03/12/2021 - 08:58:24: [basecommands.smx] "Console<0><Console><Console>" changed cvar (cvar "sv_allow_thirdperson") (value "1")
L 03/12/2021 - 08:58:24: [basecommands.smx] "Console<0><Console><Console>" changed cvar (cvar "sv_pure_kick_clients") (value "0")
L 03/12/2021 - 08:58:24: [basecommands.smx] "Console<0><Console><Console>" changed cvar (cvar "sv_server_verify_blood_on_player") (value "0")
L 03/12/2021 - 08:58:24: [basecommands.smx] "Console<0><Console><Console>" changed cvar (cvar "host_players_show") (value "2")
L 03/12/2021 - 08:58:24: [basecommands.smx] "Console<0><Console><Console>" changed cvar (cvar "host_info_show") (value "2")
L 03/12/2021 - 08:58:24: [basecommands.smx] "Console<0><Console><Console>" changed cvar (cvar "game_mode") (value "1")
L 03/12/2021 - 08:58:24: [basecommands.smx] "Console<0><Console><Console>" changed cvar (cvar "game_type") (value "0")
L 03/12/2021 - 08:58:24: [basecommands.smx] "Console<0><Console><Console>" changed cvar (cvar "sm_afk_exclude_dead") (value "1")
L 03/12/2021 - 08:58:24: [basecommands.smx] "Console<0><Console><Console>" changed cvar (cvar "bot_join_after_player") (value "0")
L 03/12/2021 - 08:58:24: [basecommands.smx] "Console<0><Console><Console>" changed cvar (cvar "bot_join_team") (value "")
L 03/12/2021 - 09:15:06: -------- Mapchange to de_mirage --------
L 03/12/2021 - 09:15:06: [basecommands.smx] "Console<0><Console><Console>" changed cvar (cvar "sv_vote_issue_changelevel_allowed") (value "0")
L 03/12/2021 - 09:15:06: [basecommands.smx] "Console<0><Console><Console>" changed cvar (cvar "sv_max_distance_transmit_footsteps") (value "9999")
L 03/12/2021 - 09:15:06: [basecommands.smx] "Console<0><Console><Console>" changed cvar (cvar "sv_hibernate_ms") (value "0")
L 03/12/2021 - 09:15:06: [basecommands.smx] "Console<0><Console><Console>" changed cvar (cvar "sv_hibernate_ms_vgui") (value "0")
L 03/12/2021 - 09:15:06: [basecommands.smx] "Console<0><Console><Console>" changed cvar (cvar "sv_hibernate_postgame_delay") (value "0")
L 03/12/2021 - 09:15:06: [basecommands.smx] "Console<0><Console><Console>" changed cvar (cvar "sv_hibernate_when_empty") (value "0")
L 03/12/2021 - 09:15:06: [basecommands.smx] "Console<0><Console><Console>" changed cvar (cvar "sv_parallel_sendsnapshot") (value "1")
L 03/12/2021 - 09:15:06: [basecommands.smx] "Console<0><Console><Console>" changed cvar (cvar "sv_enable_delta_packing") (value "1")
L 03/12/2021 - 09:15:06: [basecommands.smx] "Console<0><Console><Console>" changed cvar (cvar "sv_maxunlag") (value "0.200")
L 03/12/2021 - 09:15:06: [basecommands.smx] "Console<0><Console><Console>" changed cvar (cvar "net_maxcleartime") (value "0.001")
L 03/12/2021 - 09:15:06: [basecommands.smx] "Console<0><Console><Console>" changed cvar (cvar "net_minroutable") (value "1000")
L 03/12/2021 - 09:15:06: [basecommands.smx] "Console<0><Console><Console>" changed cvar (cvar "net_compresspackets") (value "0")
L 03/12/2021 - 09:15:06: [basecommands.smx] "Console<0><Console><Console>" changed cvar (cvar "g_ragdoll_important_maxcount") (value "1")
L 03/12/2021 - 09:15:06: [basecommands.smx] "Console<0><Console><Console>" changed cvar (cvar "g_ragdoll_maxcount") (value "1")
L 03/12/2021 - 09:15:06: [basecommands.smx] "Console<0><Console><Console>" changed cvar (cvar "phys_enable_experimental_optimizations") (value "1")
L 03/12/2021 - 09:15:06: [basecommands.smx] "Console<0><Console><Console>" changed cvar (cvar "prop_active_gib_limit") (value "1")
L 03/12/2021 - 09:15:06: [basecommands.smx] "Console<0><Console><Console>" changed cvar (cvar "prop_active_gib_max_fade_time") (value "1")
L 03/12/2021 - 09:15:06: [basecommands.smx] "Console<0><Console><Console>" changed cvar (cvar "sv_turbophysics") (value "1")
L 03/12/2021 - 09:15:06: [basecommands.smx] "Console<0><Console><Console>" changed cvar (cvar "fps_max") (value "0")
L 03/12/2021 - 09:15:06: [basecommands.smx] "Console<0><Console><Console>" changed cvar (cvar "host_framerate") (value "0")
L 03/12/2021 - 09:15:06: [basecommands.smx] "Console<0><Console><Console>" changed cvar (cvar "sv_alternateticks") (value "1")
L 03/12/2021 - 09:15:06: [basecommands.smx] "Console<0><Console><Console>" changed cvar (cvar "sv_forcepreload") (value "1")
L 03/12/2021 - 09:15:06: [basecommands.smx] "Console<0><Console><Console>" changed cvar (cvar "sv_stats") (value "0")
L 03/12/2021 - 09:15:06: [basecommands.smx] "Console<0><Console><Console>" changed cvar (cvar "sv_parallel_packentities") (value "1")
L 03/12/2021 - 09:15:06: [basecommands.smx] "Console<0><Console><Console>" changed cvar (cvar "sv_multiplayer_maxtempentities") (value "1")
L 03/12/2021 - 09:15:06: [basecommands.smx] "Console<0><Console><Console>" changed cvar (cvar "occlusion_test_async") (value "1")
L 03/12/2021 - 09:15:06: [basecommands.smx] "Console<0><Console><Console>" changed cvar (cvar "host_threaded_sound") (value "1")
L 03/12/2021 - 09:15:06: [basecommands.smx] "Console<0><Console><Console>" changed cvar (cvar "sv_threaded_init") (value "1")
L 03/12/2021 - 09:15:06: [basecommands.smx] "Console<0><Console><Console>" changed cvar (cvar "mod_load_anims_async") (value "1")
L 03/12/2021 - 09:15:06: [basecommands.smx] "Console<0><Console><Console>" changed cvar (cvar "mod_load_mesh_async") (value "1")
L 03/12/2021 - 09:15:06: [basecommands.smx] "Console<0><Console><Console>" changed cvar (cvar "mod_load_vcollide_async") (value "1")
L 03/12/2021 - 09:15:06: [basecommands.smx] "Console<0><Console><Console>" changed cvar (cvar "vprof_server_thread") (value "1")
L 03/12/2021 - 09:15:06: [basecommands.smx] "Console<0><Console><Console>" changed cvar (cvar "g_ai_threadedgraphbuild") (value "1")
L 03/12/2021 - 09:15:06: [basecommands.smx] "Console<0><Console><Console>" changed cvar (cvar "mp_teamname_2") (value "Profit$ - T")
L 03/12/2021 - 09:15:06: [basecommands.smx] "Console<0><Console><Console>" changed cvar (cvar "mp_teamname_1") (value "Profit$ - CT")
L 03/12/2021 - 09:15:06: [basecommands.smx] "Console<0><Console><Console>" changed cvar (cvar "sv_allow_thirdperson") (value "1")
L 03/12/2021 - 09:15:06: [basecommands.smx] "Console<0><Console><Console>" changed cvar (cvar "sv_pure_kick_clients") (value "0")
L 03/12/2021 - 09:15:06: [basecommands.smx] "Console<0><Console><Console>" changed cvar (cvar "sv_server_verify_blood_on_player") (value "0")
L 03/12/2021 - 09:15:06: [basecommands.smx] "Console<0><Console><Console>" changed cvar (cvar "host_players_show") (value "2")
L 03/12/2021 - 09:15:06: [basecommands.smx] "Console<0><Console><Console>" changed cvar (cvar "host_info_show") (value "2")
L 03/12/2021 - 09:15:06: [basecommands.smx] "Console<0><Console><Console>" changed cvar (cvar "game_mode") (value "1")
L 03/12/2021 - 09:15:06: [basecommands.smx] "Console<0><Console><Console>" changed cvar (cvar "game_type") (value "0")
L 03/12/2021 - 09:15:06: [basecommands.smx] "Console<0><Console><Console>" changed cvar (cvar "sm_afk_exclude_dead") (value "1")
L 03/12/2021 - 09:15:06: [basecommands.smx] "Console<0><Console><Console>" changed cvar (cvar "bot_join_after_player") (value "0")
L 03/12/2021 - 09:15:06: [basecommands.smx] "Console<0><Console><Console>" changed cvar (cvar "bot_join_team") (value "")
L 03/12/2021 - 09:29:46: -------- Mapchange to de_mirage --------
L 03/12/2021 - 09:29:46: [basecommands.smx] "Console<0><Console><Console>" changed cvar (cvar "sv_vote_issue_changelevel_allowed") (value "0")
L 03/12/2021 - 09:29:46: [basecommands.smx] "Console<0><Console><Console>" changed cvar (cvar "sv_max_distance_transmit_footsteps") (value "9999")
L 03/12/2021 - 09:29:46: [basecommands.smx] "Console<0><Console><Console>" changed cvar (cvar "sv_hibernate_ms") (value "0")
L 03/12/2021 - 09:29:46: [basecommands.smx] "Console<0><Console><Console>" changed cvar (cvar "sv_hibernate_ms_vgui") (value "0")
L 03/12/2021 - 09:29:46: [basecommands.smx] "Console<0><Console><Console>" changed cvar (cvar "sv_hibernate_postgame_delay") (value "0")
L 03/12/2021 - 09:29:46: [basecommands.smx] "Console<0><Console><Console>" changed cvar (cvar "sv_hibernate_when_empty") (value "0")
L 03/12/2021 - 09:29:46: [basecommands.smx] "Console<0><Console><Console>" changed cvar (cvar "sv_parallel_sendsnapshot") (value "1")
L 03/12/2021 - 09:29:46: [basecommands.smx] "Console<0><Console><Console>" changed cvar (cvar "sv_enable_delta_packing") (value "1")
L 03/12/2021 - 09:29:46: [basecommands.smx] "Console<0><Console><Console>" changed cvar (cvar "sv_maxunlag") (value "0.200")
L 03/12/2021 - 09:29:46: [basecommands.smx] "Console<0><Console><Console>" changed cvar (cvar "net_maxcleartime") (value "0.001")
L 03/12/2021 - 09:29:46: [basecommands.smx] "Console<0><Console><Console>" changed cvar (cvar "net_minroutable") (value "1000")
L 03/12/2021 - 09:29:46: [basecommands.smx] "Console<0><Console><Console>" changed cvar (cvar "net_compresspackets") (value "0")
L 03/12/2021 - 09:29:46: [basecommands.smx] "Console<0><Console><Console>" changed cvar (cvar "g_ragdoll_important_maxcount") (value "1")
L 03/12/2021 - 09:29:46: [basecommands.smx] "Console<0><Console><Console>" changed cvar (cvar "g_ragdoll_maxcount") (value "1")
L 03/12/2021 - 09:29:46: [basecommands.smx] "Console<0><Console><Console>" changed cvar (cvar "phys_enable_experimental_optimizations") (value "1")
L 03/12/2021 - 09:29:46: [basecommands.smx] "Console<0><Console><Console>" changed cvar (cvar "prop_active_gib_limit") (value "1")
L 03/12/2021 - 09:29:46: [basecommands.smx] "Console<0><Console><Console>" changed cvar (cvar "prop_active_gib_max_fade_time") (value "1")
L 03/12/2021 - 09:29:46: [basecommands.smx] "Console<0><Console><Console>" changed cvar (cvar "sv_turbophysics") (value "1")
L 03/12/2021 - 09:29:46: [basecommands.smx] "Console<0><Console><Console>" changed cvar (cvar "fps_max") (value "0")
L 03/12/2021 - 09:29:46: [basecommands.smx] "Console<0><Console><Console>" changed cvar (cvar "host_framerate") (value "0")
L 03/12/2021 - 09:29:46: [basecommands.smx] "Console<0><Console><Console>" changed cvar (cvar "sv_alternateticks") (value "1")
L 03/12/2021 - 09:29:46: [basecommands.smx] "Console<0><Console><Console>" changed cvar (cvar "sv_forcepreload") (value "1")
L 03/12/2021 - 09:29:46: [basecommands.smx] "Console<0><Console><Console>" changed cvar (cvar "sv_stats") (value "0")
L 03/12/2021 - 09:29:46: [basecommands.smx] "Console<0><Console><Console>" changed cvar (cvar "sv_parallel_packentities") (value "1")
L 03/12/2021 - 09:29:46: [basecommands.smx] "Console<0><Console><Console>" changed cvar (cvar "sv_multiplayer_maxtempentities") (value "1")
L 03/12/2021 - 09:29:46: [basecommands.smx] "Console<0><Console><Console>" changed cvar (cvar "occlusion_test_async") (value "1")
L 03/12/2021 - 09:29:46: [basecommands.smx] "Console<0><Console><Console>" changed cvar (cvar "host_threaded_sound") (value "1")
L 03/12/2021 - 09:29:46: [basecommands.smx] "Console<0><Console><Console>" changed cvar (cvar "sv_threaded_init") (value "1")
L 03/12/2021 - 09:29:46: [basecommands.smx] "Console<0><Console><Console>" changed cvar (cvar "mod_load_anims_async") (value "1")
L 03/12/2021 - 09:29:46: [basecommands.smx] "Console<0><Console><Console>" changed cvar (cvar "mod_load_mesh_async") (value "1")
L 03/12/2021 - 09:29:46: [basecommands.smx] "Console<0><Console><Console>" changed cvar (cvar "mod_load_vcollide_async") (value "1")
L 03/12/2021 - 09:29:46: [basecommands.smx] "Console<0><Console><Console>" changed cvar (cvar "vprof_server_thread") (value "1")
L 03/12/2021 - 09:29:46: [basecommands.smx] "Console<0><Console><Console>" changed cvar (cvar "g_ai_threadedgraphbuild") (value "1")
L 03/12/2021 - 09:29:46: [basecommands.smx] "Console<0><Console><Console>" changed cvar (cvar "mp_teamname_2") (value "Profit$ - T")
L 03/12/2021 - 09:29:46: [basecommands.smx] "Console<0><Console><Console>" changed cvar (cvar "mp_teamname_1") (value "Profit$ - CT")
L 03/12/2021 - 09:29:46: [basecommands.smx] "Console<0><Console><Console>" changed cvar (cvar "sv_allow_thirdperson") (value "1")
L 03/12/2021 - 09:29:46: [basecommands.smx] "Console<0><Console><Console>" changed cvar (cvar "sv_pure_kick_clients") (value "0")
L 03/12/2021 - 09:29:46: [basecommands.smx] "Console<0><Console><Console>" changed cvar (cvar "sv_server_verify_blood_on_player") (value "0")
L 03/12/2021 - 09:29:46: [basecommands.smx] "Console<0><Console><Console>" changed cvar (cvar "host_players_show") (value "2")
L 03/12/2021 - 09:29:46: [basecommands.smx] "Console<0><Console><Console>" changed cvar (cvar "host_info_show") (value "2")
L 03/12/2021 - 09:29:46: [basecommands.smx] "Console<0><Console><Console>" changed cvar (cvar "game_mode") (value "1")
L 03/12/2021 - 09:29:46: [basecommands.smx] "Console<0><Console><Console>" changed cvar (cvar "game_type") (value "0")
L 03/12/2021 - 09:29:46: [basecommands.smx] "Console<0><Console><Console>" changed cvar (cvar "sm_afk_exclude_dead") (value "1")
L 03/12/2021 - 09:29:46: [basecommands.smx] "Console<0><Console><Console>" changed cvar (cvar "bot_join_after_player") (value "0")
L 03/12/2021 - 09:29:46: [basecommands.smx] "Console<0><Console><Console>" changed cvar (cvar "bot_join_team") (value "")
L 03/12/2021 - 09:31:24: -------- Mapchange to de_mirage --------
L 03/12/2021 - 09:31:24: [basecommands.smx] "Console<0><Console><Console>" changed cvar (cvar "sv_vote_issue_changelevel_allowed") (value "0")
L 03/12/2021 - 09:31:24: [basecommands.smx] "Console<0><Console><Console>" changed cvar (cvar "sv_max_distance_transmit_footsteps") (value "9999")
L 03/12/2021 - 09:31:24: [basecommands.smx] "Console<0><Console><Console>" changed cvar (cvar "sv_hibernate_ms") (value "0")
L 03/12/2021 - 09:31:24: [basecommands.smx] "Console<0><Console><Console>" changed cvar (cvar "sv_hibernate_ms_vgui") (value "0")
L 03/12/2021 - 09:31:24: [basecommands.smx] "Console<0><Console><Console>" changed cvar (cvar "sv_hibernate_postgame_delay") (value "0")
L 03/12/2021 - 09:31:24: [basecommands.smx] "Console<0><Console><Console>" changed cvar (cvar "sv_hibernate_when_empty") (value "0")
L 03/12/2021 - 09:31:24: [basecommands.smx] "Console<0><Console><Console>" changed cvar (cvar "sv_parallel_sendsnapshot") (value "1")
L 03/12/2021 - 09:31:24: [basecommands.smx] "Console<0><Console><Console>" changed cvar (cvar "sv_enable_delta_packing") (value "1")
L 03/12/2021 - 09:31:24: [basecommands.smx] "Console<0><Console><Console>" changed cvar (cvar "sv_maxunlag") (value "0.200")
L 03/12/2021 - 09:31:24: [basecommands.smx] "Console<0><Console><Console>" changed cvar (cvar "net_maxcleartime") (value "0.001")
L 03/12/2021 - 09:31:24: [basecommands.smx] "Console<0><Console><Console>" changed cvar (cvar "net_minroutable") (value "1000")
L 03/12/2021 - 09:31:24: [basecommands.smx] "Console<0><Console><Console>" changed cvar (cvar "net_compresspackets") (value "0")
L 03/12/2021 - 09:31:24: [basecommands.smx] "Console<0><Console><Console>" changed cvar (cvar "g_ragdoll_important_maxcount") (value "1")
L 03/12/2021 - 09:31:24: [basecommands.smx] "Console<0><Console><Console>" changed cvar (cvar "g_ragdoll_maxcount") (value "1")
L 03/12/2021 - 09:31:24: [basecommands.smx] "Console<0><Console><Console>" changed cvar (cvar "phys_enable_experimental_optimizations") (value "1")
L 03/12/2021 - 09:31:24: [basecommands.smx] "Console<0><Console><Console>" changed cvar (cvar "prop_active_gib_limit") (value "1")
L 03/12/2021 - 09:31:24: [basecommands.smx] "Console<0><Console><Console>" changed cvar (cvar "prop_active_gib_max_fade_time") (value "1")
L 03/12/2021 - 09:31:24: [basecommands.smx] "Console<0><Console><Console>" changed cvar (cvar "sv_turbophysics") (value "1")
L 03/12/2021 - 09:31:24: [basecommands.smx] "Console<0><Console><Console>" changed cvar (cvar "fps_max") (value "0")
L 03/12/2021 - 09:31:24: [basecommands.smx] "Console<0><Console><Console>" changed cvar (cvar "host_framerate") (value "0")
L 03/12/2021 - 09:31:24: [basecommands.smx] "Console<0><Console><Console>" changed cvar (cvar "sv_alternateticks") (value "1")
L 03/12/2021 - 09:31:24: [basecommands.smx] "Console<0><Console><Console>" changed cvar (cvar "sv_forcepreload") (value "1")
L 03/12/2021 - 09:31:24: [basecommands.smx] "Console<0><Console><Console>" changed cvar (cvar "sv_stats") (value "0")
L 03/12/2021 - 09:31:24: [basecommands.smx] "Console<0><Console><Console>" changed cvar (cvar "sv_parallel_packentities") (value "1")
L 03/12/2021 - 09:31:24: [basecommands.smx] "Console<0><Console><Console>" changed cvar (cvar "sv_multiplayer_maxtempentities") (value "1")
L 03/12/2021 - 09:31:24: [basecommands.smx] "Console<0><Console><Console>" changed cvar (cvar "occlusion_test_async") (value "1")
L 03/12/2021 - 09:31:24: [basecommands.smx] "Console<0><Console><Console>" changed cvar (cvar "host_threaded_sound") (value "1")
L 03/12/2021 - 09:31:24: [basecommands.smx] "Console<0><Console><Console>" changed cvar (cvar "sv_threaded_init") (value "1")
L 03/12/2021 - 09:31:24: [basecommands.smx] "Console<0><Console><Console>" changed cvar (cvar "mod_load_anims_async") (value "1")
L 03/12/2021 - 09:31:24: [basecommands.smx] "Console<0><Console><Console>" changed cvar (cvar "mod_load_mesh_async") (value "1")
L 03/12/2021 - 09:31:24: [basecommands.smx] "Console<0><Console><Console>" changed cvar (cvar "mod_load_vcollide_async") (value "1")
L 03/12/2021 - 09:31:24: [basecommands.smx] "Console<0><Console><Console>" changed cvar (cvar "vprof_server_thread") (value "1")
L 03/12/2021 - 09:31:24: [basecommands.smx] "Console<0><Console><Console>" changed cvar (cvar "g_ai_threadedgraphbuild") (value "1")
L 03/12/2021 - 09:31:24: [basecommands.smx] "Console<0><Console><Console>" changed cvar (cvar "mp_teamname_2") (value "Profit$ - T")
L 03/12/2021 - 09:31:24: [basecommands.smx] "Console<0><Console><Console>" changed cvar (cvar "mp_teamname_1") (value "Profit$ - CT")
L 03/12/2021 - 09:31:24: [basecommands.smx] "Console<0><Console><Console>" changed cvar (cvar "sv_allow_thirdperson") (value "1")
L 03/12/2021 - 09:31:24: [basecommands.smx] "Console<0><Console><Console>" changed cvar (cvar "sv_pure_kick_clients") (value "0")
L 03/12/2021 - 09:31:24: [basecommands.smx] "Console<0><Console><Console>" changed cvar (cvar "sv_server_verify_blood_on_player") (value "0")
L 03/12/2021 - 09:31:24: [basecommands.smx] "Console<0><Console><Console>" changed cvar (cvar "host_players_show") (value "2")
L 03/12/2021 - 09:31:24: [basecommands.smx] "Console<0><Console><Console>" changed cvar (cvar "host_info_show") (value "2")
L 03/12/2021 - 09:31:24: [basecommands.smx] "Console<0><Console><Console>" changed cvar (cvar "game_mode") (value "1")
L 03/12/2021 - 09:31:24: [basecommands.smx] "Console<0><Console><Console>" changed cvar (cvar "game_type") (value "0")
L 03/12/2021 - 09:31:24: [basecommands.smx] "Console<0><Console><Console>" changed cvar (cvar "sm_afk_exclude_dead") (value "1")
L 03/12/2021 - 09:31:24: [basecommands.smx] "Console<0><Console><Console>" changed cvar (cvar "bot_join_after_player") (value "0")
L 03/12/2021 - 09:31:24: [basecommands.smx] "Console<0><Console><Console>" changed cvar (cvar "bot_join_team") (value "")
L 03/12/2021 - 10:19:02: [basechat.smx] "kodi<1650><STEAM_1:1:568677692><>" triggered sm_chat (text perrita)
L 03/13/2021 - 00:10:09: Log file closed.
