L 01/31/2022 - 00:29:21: SourceMod log file session started (file "/home/steam/nospread/csgo/addons/sourcemod/logs/L20220131.log") (Version "1.10.0.6502")
L 01/31/2022 - 00:29:21: [basecommands.smx] "Console<0><Console><Console>" changed cvar (cvar "sv_vote_issue_changelevel_allowed") (value "0")
L 01/31/2022 - 00:29:21: [basecommands.smx] "Console<0><Console><Console>" changed cvar (cvar "g_ragdoll_important_maxcount") (value "1")
L 01/31/2022 - 00:29:21: [basecommands.smx] "Console<0><Console><Console>" changed cvar (cvar "g_ragdoll_maxcount") (value "1")
L 01/31/2022 - 00:29:21: [basecommands.smx] "Console<0><Console><Console>" changed cvar (cvar "phys_enable_experimental_optimizations") (value "1")
L 01/31/2022 - 00:29:21: [basecommands.smx] "Console<0><Console><Console>" changed cvar (cvar "prop_active_gib_limit") (value "1")
L 01/31/2022 - 00:29:21: [basecommands.smx] "Console<0><Console><Console>" changed cvar (cvar "prop_active_gib_max_fade_time") (value "1")
L 01/31/2022 - 00:29:21: [basecommands.smx] "Console<0><Console><Console>" changed cvar (cvar "sv_turbophysics") (value "1")
L 01/31/2022 - 00:29:21: [basecommands.smx] "Console<0><Console><Console>" changed cvar (cvar "sv_parallel_sendsnapshot") (value "1")
L 01/31/2022 - 00:29:21: [basecommands.smx] "Console<0><Console><Console>" changed cvar (cvar "sv_enable_delta_packing") (value "1")
L 01/31/2022 - 00:29:21: [basecommands.smx] "Console<0><Console><Console>" changed cvar (cvar "sv_maxunlag") (value "0.2")
L 01/31/2022 - 00:29:21: [basecommands.smx] "Console<0><Console><Console>" changed cvar (cvar "net_maxcleartime") (value "0.001")
L 01/31/2022 - 00:29:21: [basecommands.smx] "Console<0><Console><Console>" changed cvar (cvar "net_minroutable") (value "1000")
L 01/31/2022 - 00:29:21: [basecommands.smx] "Console<0><Console><Console>" changed cvar (cvar "net_compresspackets") (value "0")
L 01/31/2022 - 00:29:21: [basecommands.smx] "Console<0><Console><Console>" changed cvar (cvar "fps_max") (value "0")
L 01/31/2022 - 00:29:21: [basecommands.smx] "Console<0><Console><Console>" changed cvar (cvar "host_framerate") (value "0")
L 01/31/2022 - 00:29:21: [basecommands.smx] "Console<0><Console><Console>" changed cvar (cvar "pvs_min_player_distance") (value "1")
L 01/31/2022 - 00:29:21: [basecommands.smx] "Console<0><Console><Console>" changed cvar (cvar "sv_alternateticks") (value "1")
L 01/31/2022 - 00:29:21: [basecommands.smx] "Console<0><Console><Console>" changed cvar (cvar "sv_force_transmit_ents") (value "0")
L 01/31/2022 - 00:29:21: [basecommands.smx] "Console<0><Console><Console>" changed cvar (cvar "sv_forcepreload") (value "1")
L 01/31/2022 - 00:29:21: [basecommands.smx] "Console<0><Console><Console>" changed cvar (cvar "sv_stats") (value "0")
L 01/31/2022 - 00:29:21: [basecommands.smx] "Console<0><Console><Console>" changed cvar (cvar "sv_parallel_packentities") (value "1")
L 01/31/2022 - 00:29:21: [basecommands.smx] "Console<0><Console><Console>" changed cvar (cvar "sv_multiplayer_maxtempentities") (value "1")
L 01/31/2022 - 00:29:21: [basecommands.smx] "Console<0><Console><Console>" changed cvar (cvar "occlusion_test_async") (value "1")
L 01/31/2022 - 00:29:21: [basecommands.smx] "Console<0><Console><Console>" changed cvar (cvar "host_threaded_sound") (value "1")
L 01/31/2022 - 00:29:21: [basecommands.smx] "Console<0><Console><Console>" changed cvar (cvar "sv_threaded_init") (value "1")
L 01/31/2022 - 00:29:21: [basecommands.smx] "Console<0><Console><Console>" changed cvar (cvar "mod_load_anims_async") (value "1")
L 01/31/2022 - 00:29:21: [basecommands.smx] "Console<0><Console><Console>" changed cvar (cvar "mod_load_mesh_async") (value "1")
L 01/31/2022 - 00:29:21: [basecommands.smx] "Console<0><Console><Console>" changed cvar (cvar "mod_load_vcollide_async") (value "1")
L 01/31/2022 - 00:29:21: [basecommands.smx] "Console<0><Console><Console>" changed cvar (cvar "vprof_server_thread") (value "1")
L 01/31/2022 - 00:29:21: [basecommands.smx] "Console<0><Console><Console>" changed cvar (cvar "g_ai_threadedgraphbuild") (value "1")
L 01/31/2022 - 00:29:21: [basecommands.smx] "Console<0><Console><Console>" changed cvar (cvar "sv_maxupdaterate") (value "128")
L 01/31/2022 - 00:29:21: [basecommands.smx] "Console<0><Console><Console>" changed cvar (cvar "sv_maxcmdrate") (value "128")
L 01/31/2022 - 00:29:21: [basecommands.smx] "Console<0><Console><Console>" changed cvar (cvar "weapon_recoil_cooldown") (value "0")
L 01/31/2022 - 00:29:21: [basecommands.smx] "Console<0><Console><Console>" changed cvar (cvar "weapon_recoil_decay1_exp") (value "99999")
L 01/31/2022 - 00:29:21: [basecommands.smx] "Console<0><Console><Console>" changed cvar (cvar "weapon_recoil_decay2_exp") (value "99999")
L 01/31/2022 - 00:29:21: [basecommands.smx] "Console<0><Console><Console>" changed cvar (cvar "weapon_recoil_decay2_lin") (value "99999")
L 01/31/2022 - 00:29:21: [basecommands.smx] "Console<0><Console><Console>" changed cvar (cvar "weapon_recoil_scale") (value "0")
L 01/31/2022 - 00:29:21: [basecommands.smx] "Console<0><Console><Console>" changed cvar (cvar "weapon_recoil_suppression_shots") (value "500")
L 01/31/2022 - 00:29:21: [basecommands.smx] "Console<0><Console><Console>" changed cvar (cvar "weapon_recoil_view_punch_extra") (value "0")
L 01/31/2022 - 00:29:21: [basecommands.smx] "Console<0><Console><Console>" changed cvar (cvar "spec_allow_roaming") (value "1")
L 01/31/2022 - 00:29:21: [basecommands.smx] "Console<0><Console><Console>" changed cvar (cvar "mp_teamname_2") (value "Noble - T")
L 01/31/2022 - 00:29:21: [basecommands.smx] "Console<0><Console><Console>" changed cvar (cvar "mp_teamname_1") (value "Noble - CT")
L 01/31/2022 - 00:29:22: [afk_manager4.smx] [AFK Manager] Log File: addons/sourcemod/logs/afkm_20220131.log
L 01/31/2022 - 00:29:27: [randomcycle.smx] RandomCycle has chosen aim_bh4x_noble for the nextmap.
L 01/31/2022 - 14:36:38: -------- Mapchange to aim_ag_texture2_noble --------
L 01/31/2022 - 14:36:38: [basecommands.smx] "Console<0><Console><Console>" changed cvar (cvar "sv_vote_issue_changelevel_allowed") (value "0")
L 01/31/2022 - 14:36:38: [basecommands.smx] "Console<0><Console><Console>" changed cvar (cvar "g_ragdoll_important_maxcount") (value "1")
L 01/31/2022 - 14:36:38: [basecommands.smx] "Console<0><Console><Console>" changed cvar (cvar "g_ragdoll_maxcount") (value "1")
L 01/31/2022 - 14:36:38: [basecommands.smx] "Console<0><Console><Console>" changed cvar (cvar "phys_enable_experimental_optimizations") (value "1")
L 01/31/2022 - 14:36:38: [basecommands.smx] "Console<0><Console><Console>" changed cvar (cvar "prop_active_gib_limit") (value "1")
L 01/31/2022 - 14:36:38: [basecommands.smx] "Console<0><Console><Console>" changed cvar (cvar "prop_active_gib_max_fade_time") (value "1")
L 01/31/2022 - 14:36:38: [basecommands.smx] "Console<0><Console><Console>" changed cvar (cvar "sv_turbophysics") (value "1")
L 01/31/2022 - 14:36:38: [basecommands.smx] "Console<0><Console><Console>" changed cvar (cvar "sv_parallel_sendsnapshot") (value "1")
L 01/31/2022 - 14:36:38: [basecommands.smx] "Console<0><Console><Console>" changed cvar (cvar "sv_enable_delta_packing") (value "1")
L 01/31/2022 - 14:36:38: [basecommands.smx] "Console<0><Console><Console>" changed cvar (cvar "sv_maxunlag") (value "0.2")
L 01/31/2022 - 14:36:38: [basecommands.smx] "Console<0><Console><Console>" changed cvar (cvar "net_maxcleartime") (value "0.001")
L 01/31/2022 - 14:36:38: [basecommands.smx] "Console<0><Console><Console>" changed cvar (cvar "net_minroutable") (value "1000")
L 01/31/2022 - 14:36:38: [basecommands.smx] "Console<0><Console><Console>" changed cvar (cvar "net_compresspackets") (value "0")
L 01/31/2022 - 14:36:38: [basecommands.smx] "Console<0><Console><Console>" changed cvar (cvar "fps_max") (value "0")
L 01/31/2022 - 14:36:38: [basecommands.smx] "Console<0><Console><Console>" changed cvar (cvar "host_framerate") (value "0")
L 01/31/2022 - 14:36:38: [basecommands.smx] "Console<0><Console><Console>" changed cvar (cvar "pvs_min_player_distance") (value "1")
L 01/31/2022 - 14:36:38: [basecommands.smx] "Console<0><Console><Console>" changed cvar (cvar "sv_alternateticks") (value "1")
L 01/31/2022 - 14:36:38: [basecommands.smx] "Console<0><Console><Console>" changed cvar (cvar "sv_force_transmit_ents") (value "0")
L 01/31/2022 - 14:36:38: [basecommands.smx] "Console<0><Console><Console>" changed cvar (cvar "sv_forcepreload") (value "1")
L 01/31/2022 - 14:36:38: [basecommands.smx] "Console<0><Console><Console>" changed cvar (cvar "sv_stats") (value "0")
L 01/31/2022 - 14:36:38: [basecommands.smx] "Console<0><Console><Console>" changed cvar (cvar "sv_parallel_packentities") (value "1")
L 01/31/2022 - 14:36:38: [basecommands.smx] "Console<0><Console><Console>" changed cvar (cvar "sv_multiplayer_maxtempentities") (value "1")
L 01/31/2022 - 14:36:38: [basecommands.smx] "Console<0><Console><Console>" changed cvar (cvar "occlusion_test_async") (value "1")
L 01/31/2022 - 14:36:38: [basecommands.smx] "Console<0><Console><Console>" changed cvar (cvar "host_threaded_sound") (value "1")
L 01/31/2022 - 14:36:38: [basecommands.smx] "Console<0><Console><Console>" changed cvar (cvar "sv_threaded_init") (value "1")
L 01/31/2022 - 14:36:38: [basecommands.smx] "Console<0><Console><Console>" changed cvar (cvar "mod_load_anims_async") (value "1")
L 01/31/2022 - 14:36:38: [basecommands.smx] "Console<0><Console><Console>" changed cvar (cvar "mod_load_mesh_async") (value "1")
L 01/31/2022 - 14:36:38: [basecommands.smx] "Console<0><Console><Console>" changed cvar (cvar "mod_load_vcollide_async") (value "1")
L 01/31/2022 - 14:36:38: [basecommands.smx] "Console<0><Console><Console>" changed cvar (cvar "vprof_server_thread") (value "1")
L 01/31/2022 - 14:36:38: [basecommands.smx] "Console<0><Console><Console>" changed cvar (cvar "g_ai_threadedgraphbuild") (value "1")
L 01/31/2022 - 14:36:38: [basecommands.smx] "Console<0><Console><Console>" changed cvar (cvar "sv_maxupdaterate") (value "128")
L 01/31/2022 - 14:36:38: [basecommands.smx] "Console<0><Console><Console>" changed cvar (cvar "sv_maxcmdrate") (value "128")
L 01/31/2022 - 14:36:38: [basecommands.smx] "Console<0><Console><Console>" changed cvar (cvar "weapon_recoil_cooldown") (value "0")
L 01/31/2022 - 14:36:38: [basecommands.smx] "Console<0><Console><Console>" changed cvar (cvar "weapon_recoil_decay1_exp") (value "99999")
L 01/31/2022 - 14:36:38: [basecommands.smx] "Console<0><Console><Console>" changed cvar (cvar "weapon_recoil_decay2_exp") (value "99999")
L 01/31/2022 - 14:36:38: [basecommands.smx] "Console<0><Console><Console>" changed cvar (cvar "weapon_recoil_decay2_lin") (value "99999")
L 01/31/2022 - 14:36:38: [basecommands.smx] "Console<0><Console><Console>" changed cvar (cvar "weapon_recoil_scale") (value "0")
L 01/31/2022 - 14:36:38: [basecommands.smx] "Console<0><Console><Console>" changed cvar (cvar "weapon_recoil_suppression_shots") (value "500")
L 01/31/2022 - 14:36:38: [basecommands.smx] "Console<0><Console><Console>" changed cvar (cvar "weapon_recoil_view_punch_extra") (value "0")
L 01/31/2022 - 14:36:38: [basecommands.smx] "Console<0><Console><Console>" changed cvar (cvar "spec_allow_roaming") (value "1")
L 01/31/2022 - 14:36:38: [basecommands.smx] "Console<0><Console><Console>" changed cvar (cvar "mp_teamname_2") (value "Noble - T")
L 01/31/2022 - 14:36:38: [basecommands.smx] "Console<0><Console><Console>" changed cvar (cvar "mp_teamname_1") (value "Noble - CT")
L 01/31/2022 - 14:36:44: [randomcycle.smx] RandomCycle has chosen aim_bh4x_noble for the nextmap.
L 01/31/2022 - 15:25:34: -------- Mapchange to aim_ag_texture2_noble --------
L 01/31/2022 - 15:25:34: [basecommands.smx] "Console<0><Console><Console>" changed cvar (cvar "sv_vote_issue_changelevel_allowed") (value "0")
L 01/31/2022 - 15:25:34: [basecommands.smx] "Console<0><Console><Console>" changed cvar (cvar "g_ragdoll_important_maxcount") (value "1")
L 01/31/2022 - 15:25:34: [basecommands.smx] "Console<0><Console><Console>" changed cvar (cvar "g_ragdoll_maxcount") (value "1")
L 01/31/2022 - 15:25:34: [basecommands.smx] "Console<0><Console><Console>" changed cvar (cvar "phys_enable_experimental_optimizations") (value "1")
L 01/31/2022 - 15:25:34: [basecommands.smx] "Console<0><Console><Console>" changed cvar (cvar "prop_active_gib_limit") (value "1")
L 01/31/2022 - 15:25:34: [basecommands.smx] "Console<0><Console><Console>" changed cvar (cvar "prop_active_gib_max_fade_time") (value "1")
L 01/31/2022 - 15:25:34: [basecommands.smx] "Console<0><Console><Console>" changed cvar (cvar "sv_turbophysics") (value "1")
L 01/31/2022 - 15:25:34: [basecommands.smx] "Console<0><Console><Console>" changed cvar (cvar "sv_parallel_sendsnapshot") (value "1")
L 01/31/2022 - 15:25:34: [basecommands.smx] "Console<0><Console><Console>" changed cvar (cvar "sv_enable_delta_packing") (value "1")
L 01/31/2022 - 15:25:34: [basecommands.smx] "Console<0><Console><Console>" changed cvar (cvar "sv_maxunlag") (value "0.2")
L 01/31/2022 - 15:25:34: [basecommands.smx] "Console<0><Console><Console>" changed cvar (cvar "net_maxcleartime") (value "0.001")
L 01/31/2022 - 15:25:34: [basecommands.smx] "Console<0><Console><Console>" changed cvar (cvar "net_minroutable") (value "1000")
L 01/31/2022 - 15:25:34: [basecommands.smx] "Console<0><Console><Console>" changed cvar (cvar "net_compresspackets") (value "0")
L 01/31/2022 - 15:25:34: [basecommands.smx] "Console<0><Console><Console>" changed cvar (cvar "fps_max") (value "0")
L 01/31/2022 - 15:25:34: [basecommands.smx] "Console<0><Console><Console>" changed cvar (cvar "host_framerate") (value "0")
L 01/31/2022 - 15:25:34: [basecommands.smx] "Console<0><Console><Console>" changed cvar (cvar "pvs_min_player_distance") (value "1")
L 01/31/2022 - 15:25:34: [basecommands.smx] "Console<0><Console><Console>" changed cvar (cvar "sv_alternateticks") (value "1")
L 01/31/2022 - 15:25:34: [basecommands.smx] "Console<0><Console><Console>" changed cvar (cvar "sv_force_transmit_ents") (value "0")
L 01/31/2022 - 15:25:34: [basecommands.smx] "Console<0><Console><Console>" changed cvar (cvar "sv_forcepreload") (value "1")
L 01/31/2022 - 15:25:34: [basecommands.smx] "Console<0><Console><Console>" changed cvar (cvar "sv_stats") (value "0")
L 01/31/2022 - 15:25:34: [basecommands.smx] "Console<0><Console><Console>" changed cvar (cvar "sv_parallel_packentities") (value "1")
L 01/31/2022 - 15:25:34: [basecommands.smx] "Console<0><Console><Console>" changed cvar (cvar "sv_multiplayer_maxtempentities") (value "1")
L 01/31/2022 - 15:25:34: [basecommands.smx] "Console<0><Console><Console>" changed cvar (cvar "occlusion_test_async") (value "1")
L 01/31/2022 - 15:25:34: [basecommands.smx] "Console<0><Console><Console>" changed cvar (cvar "host_threaded_sound") (value "1")
L 01/31/2022 - 15:25:34: [basecommands.smx] "Console<0><Console><Console>" changed cvar (cvar "sv_threaded_init") (value "1")
L 01/31/2022 - 15:25:34: [basecommands.smx] "Console<0><Console><Console>" changed cvar (cvar "mod_load_anims_async") (value "1")
L 01/31/2022 - 15:25:34: [basecommands.smx] "Console<0><Console><Console>" changed cvar (cvar "mod_load_mesh_async") (value "1")
L 01/31/2022 - 15:25:34: [basecommands.smx] "Console<0><Console><Console>" changed cvar (cvar "mod_load_vcollide_async") (value "1")
L 01/31/2022 - 15:25:34: [basecommands.smx] "Console<0><Console><Console>" changed cvar (cvar "vprof_server_thread") (value "1")
L 01/31/2022 - 15:25:34: [basecommands.smx] "Console<0><Console><Console>" changed cvar (cvar "g_ai_threadedgraphbuild") (value "1")
L 01/31/2022 - 15:25:34: [basecommands.smx] "Console<0><Console><Console>" changed cvar (cvar "sv_maxupdaterate") (value "128")
L 01/31/2022 - 15:25:34: [basecommands.smx] "Console<0><Console><Console>" changed cvar (cvar "sv_maxcmdrate") (value "128")
L 01/31/2022 - 15:25:34: [basecommands.smx] "Console<0><Console><Console>" changed cvar (cvar "weapon_recoil_cooldown") (value "0")
L 01/31/2022 - 15:25:34: [basecommands.smx] "Console<0><Console><Console>" changed cvar (cvar "weapon_recoil_decay1_exp") (value "99999")
L 01/31/2022 - 15:25:34: [basecommands.smx] "Console<0><Console><Console>" changed cvar (cvar "weapon_recoil_decay2_exp") (value "99999")
L 01/31/2022 - 15:25:34: [basecommands.smx] "Console<0><Console><Console>" changed cvar (cvar "weapon_recoil_decay2_lin") (value "99999")
L 01/31/2022 - 15:25:34: [basecommands.smx] "Console<0><Console><Console>" changed cvar (cvar "weapon_recoil_scale") (value "0")
L 01/31/2022 - 15:25:34: [basecommands.smx] "Console<0><Console><Console>" changed cvar (cvar "weapon_recoil_suppression_shots") (value "500")
L 01/31/2022 - 15:25:34: [basecommands.smx] "Console<0><Console><Console>" changed cvar (cvar "weapon_recoil_view_punch_extra") (value "0")
L 01/31/2022 - 15:25:34: [basecommands.smx] "Console<0><Console><Console>" changed cvar (cvar "spec_allow_roaming") (value "1")
L 01/31/2022 - 15:25:34: [basecommands.smx] "Console<0><Console><Console>" changed cvar (cvar "mp_teamname_2") (value "Noble - T")
L 01/31/2022 - 15:25:34: [basecommands.smx] "Console<0><Console><Console>" changed cvar (cvar "mp_teamname_1") (value "Noble - CT")
L 01/31/2022 - 15:25:40: [randomcycle.smx] RandomCycle has chosen aim_ag_doubled_noble for the nextmap.
L 01/31/2022 - 19:44:19: -------- Mapchange to aim_ag_texture2_noble --------
L 01/31/2022 - 19:44:19: [basecommands.smx] "Console<0><Console><Console>" changed cvar (cvar "sv_vote_issue_changelevel_allowed") (value "0")
L 01/31/2022 - 19:44:19: [basecommands.smx] "Console<0><Console><Console>" changed cvar (cvar "g_ragdoll_important_maxcount") (value "1")
L 01/31/2022 - 19:44:19: [basecommands.smx] "Console<0><Console><Console>" changed cvar (cvar "g_ragdoll_maxcount") (value "1")
L 01/31/2022 - 19:44:19: [basecommands.smx] "Console<0><Console><Console>" changed cvar (cvar "phys_enable_experimental_optimizations") (value "1")
L 01/31/2022 - 19:44:19: [basecommands.smx] "Console<0><Console><Console>" changed cvar (cvar "prop_active_gib_limit") (value "1")
L 01/31/2022 - 19:44:19: [basecommands.smx] "Console<0><Console><Console>" changed cvar (cvar "prop_active_gib_max_fade_time") (value "1")
L 01/31/2022 - 19:44:19: [basecommands.smx] "Console<0><Console><Console>" changed cvar (cvar "sv_turbophysics") (value "1")
L 01/31/2022 - 19:44:19: [basecommands.smx] "Console<0><Console><Console>" changed cvar (cvar "sv_parallel_sendsnapshot") (value "1")
L 01/31/2022 - 19:44:19: [basecommands.smx] "Console<0><Console><Console>" changed cvar (cvar "sv_enable_delta_packing") (value "1")
L 01/31/2022 - 19:44:19: [basecommands.smx] "Console<0><Console><Console>" changed cvar (cvar "sv_maxunlag") (value "0.2")
L 01/31/2022 - 19:44:19: [basecommands.smx] "Console<0><Console><Console>" changed cvar (cvar "net_maxcleartime") (value "0.001")
L 01/31/2022 - 19:44:19: [basecommands.smx] "Console<0><Console><Console>" changed cvar (cvar "net_minroutable") (value "1000")
L 01/31/2022 - 19:44:19: [basecommands.smx] "Console<0><Console><Console>" changed cvar (cvar "net_compresspackets") (value "0")
L 01/31/2022 - 19:44:19: [basecommands.smx] "Console<0><Console><Console>" changed cvar (cvar "fps_max") (value "0")
L 01/31/2022 - 19:44:19: [basecommands.smx] "Console<0><Console><Console>" changed cvar (cvar "host_framerate") (value "0")
L 01/31/2022 - 19:44:19: [basecommands.smx] "Console<0><Console><Console>" changed cvar (cvar "pvs_min_player_distance") (value "1")
L 01/31/2022 - 19:44:19: [basecommands.smx] "Console<0><Console><Console>" changed cvar (cvar "sv_alternateticks") (value "1")
L 01/31/2022 - 19:44:19: [basecommands.smx] "Console<0><Console><Console>" changed cvar (cvar "sv_force_transmit_ents") (value "0")
L 01/31/2022 - 19:44:19: [basecommands.smx] "Console<0><Console><Console>" changed cvar (cvar "sv_forcepreload") (value "1")
L 01/31/2022 - 19:44:19: [basecommands.smx] "Console<0><Console><Console>" changed cvar (cvar "sv_stats") (value "0")
L 01/31/2022 - 19:44:19: [basecommands.smx] "Console<0><Console><Console>" changed cvar (cvar "sv_parallel_packentities") (value "1")
L 01/31/2022 - 19:44:19: [basecommands.smx] "Console<0><Console><Console>" changed cvar (cvar "sv_multiplayer_maxtempentities") (value "1")
L 01/31/2022 - 19:44:19: [basecommands.smx] "Console<0><Console><Console>" changed cvar (cvar "occlusion_test_async") (value "1")
L 01/31/2022 - 19:44:19: [basecommands.smx] "Console<0><Console><Console>" changed cvar (cvar "host_threaded_sound") (value "1")
L 01/31/2022 - 19:44:19: [basecommands.smx] "Console<0><Console><Console>" changed cvar (cvar "sv_threaded_init") (value "1")
L 01/31/2022 - 19:44:19: [basecommands.smx] "Console<0><Console><Console>" changed cvar (cvar "mod_load_anims_async") (value "1")
L 01/31/2022 - 19:44:19: [basecommands.smx] "Console<0><Console><Console>" changed cvar (cvar "mod_load_mesh_async") (value "1")
L 01/31/2022 - 19:44:19: [basecommands.smx] "Console<0><Console><Console>" changed cvar (cvar "mod_load_vcollide_async") (value "1")
L 01/31/2022 - 19:44:19: [basecommands.smx] "Console<0><Console><Console>" changed cvar (cvar "vprof_server_thread") (value "1")
L 01/31/2022 - 19:44:19: [basecommands.smx] "Console<0><Console><Console>" changed cvar (cvar "g_ai_threadedgraphbuild") (value "1")
L 01/31/2022 - 19:44:19: [basecommands.smx] "Console<0><Console><Console>" changed cvar (cvar "sv_maxupdaterate") (value "128")
L 01/31/2022 - 19:44:19: [basecommands.smx] "Console<0><Console><Console>" changed cvar (cvar "sv_maxcmdrate") (value "128")
L 01/31/2022 - 19:44:19: [basecommands.smx] "Console<0><Console><Console>" changed cvar (cvar "weapon_recoil_cooldown") (value "0")
L 01/31/2022 - 19:44:19: [basecommands.smx] "Console<0><Console><Console>" changed cvar (cvar "weapon_recoil_decay1_exp") (value "99999")
L 01/31/2022 - 19:44:19: [basecommands.smx] "Console<0><Console><Console>" changed cvar (cvar "weapon_recoil_decay2_exp") (value "99999")
L 01/31/2022 - 19:44:19: [basecommands.smx] "Console<0><Console><Console>" changed cvar (cvar "weapon_recoil_decay2_lin") (value "99999")
L 01/31/2022 - 19:44:19: [basecommands.smx] "Console<0><Console><Console>" changed cvar (cvar "weapon_recoil_scale") (value "0")
L 01/31/2022 - 19:44:19: [basecommands.smx] "Console<0><Console><Console>" changed cvar (cvar "weapon_recoil_suppression_shots") (value "500")
L 01/31/2022 - 19:44:19: [basecommands.smx] "Console<0><Console><Console>" changed cvar (cvar "weapon_recoil_view_punch_extra") (value "0")
L 01/31/2022 - 19:44:19: [basecommands.smx] "Console<0><Console><Console>" changed cvar (cvar "spec_allow_roaming") (value "1")
L 01/31/2022 - 19:44:19: [basecommands.smx] "Console<0><Console><Console>" changed cvar (cvar "mp_teamname_2") (value "Noble - T")
L 01/31/2022 - 19:44:19: [basecommands.smx] "Console<0><Console><Console>" changed cvar (cvar "mp_teamname_1") (value "Noble - CT")
L 01/31/2022 - 19:44:25: [randomcycle.smx] RandomCycle has chosen aim_ag_texture2_noble for the nextmap.
L 01/31/2022 - 22:45:00: SourceMod log file session started (file "/home/steam/nospread/csgo/addons/sourcemod/logs/L20220131.log") (Version "1.10.0.6502")
L 01/31/2022 - 22:45:00: [GEOIP] GeoIP database info: GEO-106FREE 20180327 Build 1 Copyright (c) 2018 MaxMind Inc All Rights Reserved
L 01/31/2022 - 22:45:00: [simple-chatprocessor.smx] [SCP] Recognized mod [Counter-Strike: GO].
L 01/31/2022 - 22:45:00: [simple-chatprocessor.smx] [SCP] Loading translation file [scp.csgo.phrases].
L 01/31/2022 - 22:45:00: [auto_steam_update.smx] HUD text is supported on this mod. The persistant timer will display.
L 01/31/2022 - 22:45:00: [afk_manager4.smx] [AFK Manager] Log File: addons/sourcemod/logs/afkm_20220131.log
L 01/31/2022 - 22:45:00: [afk_manager4.smx] [AFK Manager] Detected Mod Counter-Strike: Global Offensive
L 01/31/2022 - 22:53:57: -------- Mapchange to aim_ag_doubled_noble --------
L 01/31/2022 - 22:53:57: [basecommands.smx] "Console<0><Console><Console>" changed cvar (cvar "sv_vote_issue_changelevel_allowed") (value "0")
L 01/31/2022 - 22:53:57: [basecommands.smx] "Console<0><Console><Console>" changed cvar (cvar "g_ragdoll_important_maxcount") (value "1")
L 01/31/2022 - 22:53:57: [basecommands.smx] "Console<0><Console><Console>" changed cvar (cvar "g_ragdoll_maxcount") (value "1")
L 01/31/2022 - 22:53:57: [basecommands.smx] "Console<0><Console><Console>" changed cvar (cvar "phys_enable_experimental_optimizations") (value "1")
L 01/31/2022 - 22:53:57: [basecommands.smx] "Console<0><Console><Console>" changed cvar (cvar "prop_active_gib_limit") (value "1")
L 01/31/2022 - 22:53:57: [basecommands.smx] "Console<0><Console><Console>" changed cvar (cvar "prop_active_gib_max_fade_time") (value "1")
L 01/31/2022 - 22:53:57: [basecommands.smx] "Console<0><Console><Console>" changed cvar (cvar "sv_turbophysics") (value "1")
L 01/31/2022 - 22:53:57: [basecommands.smx] "Console<0><Console><Console>" changed cvar (cvar "sv_parallel_sendsnapshot") (value "1")
L 01/31/2022 - 22:53:57: [basecommands.smx] "Console<0><Console><Console>" changed cvar (cvar "sv_enable_delta_packing") (value "1")
L 01/31/2022 - 22:53:57: [basecommands.smx] "Console<0><Console><Console>" changed cvar (cvar "sv_maxunlag") (value "0.2")
L 01/31/2022 - 22:53:57: [basecommands.smx] "Console<0><Console><Console>" changed cvar (cvar "net_maxcleartime") (value "0.001")
L 01/31/2022 - 22:53:57: [basecommands.smx] "Console<0><Console><Console>" changed cvar (cvar "net_minroutable") (value "1000")
L 01/31/2022 - 22:53:57: [basecommands.smx] "Console<0><Console><Console>" changed cvar (cvar "net_compresspackets") (value "0")
L 01/31/2022 - 22:53:57: [basecommands.smx] "Console<0><Console><Console>" changed cvar (cvar "fps_max") (value "0")
L 01/31/2022 - 22:53:57: [basecommands.smx] "Console<0><Console><Console>" changed cvar (cvar "host_framerate") (value "0")
L 01/31/2022 - 22:53:57: [basecommands.smx] "Console<0><Console><Console>" changed cvar (cvar "pvs_min_player_distance") (value "1")
L 01/31/2022 - 22:53:57: [basecommands.smx] "Console<0><Console><Console>" changed cvar (cvar "sv_alternateticks") (value "1")
L 01/31/2022 - 22:53:57: [basecommands.smx] "Console<0><Console><Console>" changed cvar (cvar "sv_force_transmit_ents") (value "0")
L 01/31/2022 - 22:53:57: [basecommands.smx] "Console<0><Console><Console>" changed cvar (cvar "sv_forcepreload") (value "1")
L 01/31/2022 - 22:53:57: [basecommands.smx] "Console<0><Console><Console>" changed cvar (cvar "sv_stats") (value "0")
L 01/31/2022 - 22:53:57: [basecommands.smx] "Console<0><Console><Console>" changed cvar (cvar "sv_parallel_packentities") (value "1")
L 01/31/2022 - 22:53:57: [basecommands.smx] "Console<0><Console><Console>" changed cvar (cvar "sv_multiplayer_maxtempentities") (value "1")
L 01/31/2022 - 22:53:57: [basecommands.smx] "Console<0><Console><Console>" changed cvar (cvar "occlusion_test_async") (value "1")
L 01/31/2022 - 22:53:57: [basecommands.smx] "Console<0><Console><Console>" changed cvar (cvar "host_threaded_sound") (value "1")
L 01/31/2022 - 22:53:57: [basecommands.smx] "Console<0><Console><Console>" changed cvar (cvar "sv_threaded_init") (value "1")
L 01/31/2022 - 22:53:57: [basecommands.smx] "Console<0><Console><Console>" changed cvar (cvar "mod_load_anims_async") (value "1")
L 01/31/2022 - 22:53:57: [basecommands.smx] "Console<0><Console><Console>" changed cvar (cvar "mod_load_mesh_async") (value "1")
L 01/31/2022 - 22:53:57: [basecommands.smx] "Console<0><Console><Console>" changed cvar (cvar "mod_load_vcollide_async") (value "1")
L 01/31/2022 - 22:53:57: [basecommands.smx] "Console<0><Console><Console>" changed cvar (cvar "vprof_server_thread") (value "1")
L 01/31/2022 - 22:53:57: [basecommands.smx] "Console<0><Console><Console>" changed cvar (cvar "g_ai_threadedgraphbuild") (value "1")
L 01/31/2022 - 22:53:57: [basecommands.smx] "Console<0><Console><Console>" changed cvar (cvar "sv_maxupdaterate") (value "128")
L 01/31/2022 - 22:53:57: [basecommands.smx] "Console<0><Console><Console>" changed cvar (cvar "sv_maxcmdrate") (value "128")
L 01/31/2022 - 22:53:57: [basecommands.smx] "Console<0><Console><Console>" changed cvar (cvar "weapon_recoil_cooldown") (value "0")
L 01/31/2022 - 22:53:57: [basecommands.smx] "Console<0><Console><Console>" changed cvar (cvar "weapon_recoil_decay1_exp") (value "99999")
L 01/31/2022 - 22:53:57: [basecommands.smx] "Console<0><Console><Console>" changed cvar (cvar "weapon_recoil_decay2_exp") (value "99999")
L 01/31/2022 - 22:53:57: [basecommands.smx] "Console<0><Console><Console>" changed cvar (cvar "weapon_recoil_decay2_lin") (value "99999")
L 01/31/2022 - 22:53:57: [basecommands.smx] "Console<0><Console><Console>" changed cvar (cvar "weapon_recoil_scale") (value "0")
L 01/31/2022 - 22:53:57: [basecommands.smx] "Console<0><Console><Console>" changed cvar (cvar "weapon_recoil_suppression_shots") (value "500")
L 01/31/2022 - 22:53:57: [basecommands.smx] "Console<0><Console><Console>" changed cvar (cvar "weapon_recoil_view_punch_extra") (value "0")
L 01/31/2022 - 22:53:57: [basecommands.smx] "Console<0><Console><Console>" changed cvar (cvar "spec_allow_roaming") (value "1")
L 01/31/2022 - 22:53:57: [basecommands.smx] "Console<0><Console><Console>" changed cvar (cvar "mp_teamname_2") (value "Noble - T")
L 01/31/2022 - 22:53:57: [basecommands.smx] "Console<0><Console><Console>" changed cvar (cvar "mp_teamname_1") (value "Noble - CT")
L 01/31/2022 - 22:54:04: [randomcycle.smx] RandomCycle has chosen aim_ag_texture2_noble for the nextmap.
L 02/01/2022 - 01:52:02: Log file closed.
