L 01/27/2022 - 00:43:11: SourceMod log file session started (file "/home/steam/nospread/csgo/addons/sourcemod/logs/L20220127.log") (Version "1.10.0.6502")
L 01/27/2022 - 00:43:11: [basecommands.smx] "Console<0><Console><Console>" changed cvar (cvar "sv_vote_issue_changelevel_allowed") (value "0")
L 01/27/2022 - 00:43:11: [basecommands.smx] "Console<0><Console><Console>" changed cvar (cvar "g_ragdoll_important_maxcount") (value "1")
L 01/27/2022 - 00:43:11: [basecommands.smx] "Console<0><Console><Console>" changed cvar (cvar "g_ragdoll_maxcount") (value "1")
L 01/27/2022 - 00:43:11: [basecommands.smx] "Console<0><Console><Console>" changed cvar (cvar "phys_enable_experimental_optimizations") (value "1")
L 01/27/2022 - 00:43:11: [basecommands.smx] "Console<0><Console><Console>" changed cvar (cvar "prop_active_gib_limit") (value "1")
L 01/27/2022 - 00:43:11: [basecommands.smx] "Console<0><Console><Console>" changed cvar (cvar "prop_active_gib_max_fade_time") (value "1")
L 01/27/2022 - 00:43:11: [basecommands.smx] "Console<0><Console><Console>" changed cvar (cvar "sv_turbophysics") (value "1")
L 01/27/2022 - 00:43:11: [basecommands.smx] "Console<0><Console><Console>" changed cvar (cvar "sv_parallel_sendsnapshot") (value "1")
L 01/27/2022 - 00:43:11: [basecommands.smx] "Console<0><Console><Console>" changed cvar (cvar "sv_enable_delta_packing") (value "1")
L 01/27/2022 - 00:43:11: [basecommands.smx] "Console<0><Console><Console>" changed cvar (cvar "sv_maxunlag") (value "0.2")
L 01/27/2022 - 00:43:11: [basecommands.smx] "Console<0><Console><Console>" changed cvar (cvar "net_maxcleartime") (value "0.001")
L 01/27/2022 - 00:43:11: [basecommands.smx] "Console<0><Console><Console>" changed cvar (cvar "net_minroutable") (value "1000")
L 01/27/2022 - 00:43:11: [basecommands.smx] "Console<0><Console><Console>" changed cvar (cvar "net_compresspackets") (value "0")
L 01/27/2022 - 00:43:11: [basecommands.smx] "Console<0><Console><Console>" changed cvar (cvar "fps_max") (value "0")
L 01/27/2022 - 00:43:11: [basecommands.smx] "Console<0><Console><Console>" changed cvar (cvar "host_framerate") (value "0")
L 01/27/2022 - 00:43:11: [basecommands.smx] "Console<0><Console><Console>" changed cvar (cvar "pvs_min_player_distance") (value "1")
L 01/27/2022 - 00:43:11: [basecommands.smx] "Console<0><Console><Console>" changed cvar (cvar "sv_alternateticks") (value "1")
L 01/27/2022 - 00:43:11: [basecommands.smx] "Console<0><Console><Console>" changed cvar (cvar "sv_force_transmit_ents") (value "0")
L 01/27/2022 - 00:43:11: [basecommands.smx] "Console<0><Console><Console>" changed cvar (cvar "sv_forcepreload") (value "1")
L 01/27/2022 - 00:43:11: [basecommands.smx] "Console<0><Console><Console>" changed cvar (cvar "sv_stats") (value "0")
L 01/27/2022 - 00:43:11: [basecommands.smx] "Console<0><Console><Console>" changed cvar (cvar "sv_parallel_packentities") (value "1")
L 01/27/2022 - 00:43:11: [basecommands.smx] "Console<0><Console><Console>" changed cvar (cvar "sv_multiplayer_maxtempentities") (value "1")
L 01/27/2022 - 00:43:11: [basecommands.smx] "Console<0><Console><Console>" changed cvar (cvar "occlusion_test_async") (value "1")
L 01/27/2022 - 00:43:11: [basecommands.smx] "Console<0><Console><Console>" changed cvar (cvar "host_threaded_sound") (value "1")
L 01/27/2022 - 00:43:11: [basecommands.smx] "Console<0><Console><Console>" changed cvar (cvar "sv_threaded_init") (value "1")
L 01/27/2022 - 00:43:11: [basecommands.smx] "Console<0><Console><Console>" changed cvar (cvar "mod_load_anims_async") (value "1")
L 01/27/2022 - 00:43:11: [basecommands.smx] "Console<0><Console><Console>" changed cvar (cvar "mod_load_mesh_async") (value "1")
L 01/27/2022 - 00:43:11: [basecommands.smx] "Console<0><Console><Console>" changed cvar (cvar "mod_load_vcollide_async") (value "1")
L 01/27/2022 - 00:43:11: [basecommands.smx] "Console<0><Console><Console>" changed cvar (cvar "vprof_server_thread") (value "1")
L 01/27/2022 - 00:43:11: [basecommands.smx] "Console<0><Console><Console>" changed cvar (cvar "g_ai_threadedgraphbuild") (value "1")
L 01/27/2022 - 00:43:11: [basecommands.smx] "Console<0><Console><Console>" changed cvar (cvar "sv_maxupdaterate") (value "128")
L 01/27/2022 - 00:43:11: [basecommands.smx] "Console<0><Console><Console>" changed cvar (cvar "sv_maxcmdrate") (value "128")
L 01/27/2022 - 00:43:11: [basecommands.smx] "Console<0><Console><Console>" changed cvar (cvar "weapon_recoil_cooldown") (value "0")
L 01/27/2022 - 00:43:11: [basecommands.smx] "Console<0><Console><Console>" changed cvar (cvar "weapon_recoil_decay1_exp") (value "99999")
L 01/27/2022 - 00:43:11: [basecommands.smx] "Console<0><Console><Console>" changed cvar (cvar "weapon_recoil_decay2_exp") (value "99999")
L 01/27/2022 - 00:43:11: [basecommands.smx] "Console<0><Console><Console>" changed cvar (cvar "weapon_recoil_decay2_lin") (value "99999")
L 01/27/2022 - 00:43:11: [basecommands.smx] "Console<0><Console><Console>" changed cvar (cvar "weapon_recoil_scale") (value "0")
L 01/27/2022 - 00:43:11: [basecommands.smx] "Console<0><Console><Console>" changed cvar (cvar "weapon_recoil_suppression_shots") (value "500")
L 01/27/2022 - 00:43:11: [basecommands.smx] "Console<0><Console><Console>" changed cvar (cvar "weapon_recoil_view_punch_extra") (value "0")
L 01/27/2022 - 00:43:11: [basecommands.smx] "Console<0><Console><Console>" changed cvar (cvar "spec_allow_roaming") (value "1")
L 01/27/2022 - 00:43:11: [basecommands.smx] "Console<0><Console><Console>" changed cvar (cvar "mp_teamname_2") (value "Noble - T")
L 01/27/2022 - 00:43:11: [basecommands.smx] "Console<0><Console><Console>" changed cvar (cvar "mp_teamname_1") (value "Noble - CT")
L 01/27/2022 - 00:43:12: [afk_manager4.smx] [AFK Manager] Log File: addons/sourcemod/logs/afkm_20220127.log
L 01/27/2022 - 00:43:17: [randomcycle.smx] RandomCycle has chosen aim_nospread_noble for the nextmap.
L 01/27/2022 - 00:43:38: -------- Mapchange to aim_ag_doubled_noble --------
L 01/27/2022 - 00:43:38: [basecommands.smx] "Console<0><Console><Console>" changed cvar (cvar "sv_vote_issue_changelevel_allowed") (value "0")
L 01/27/2022 - 00:43:38: [basecommands.smx] "Console<0><Console><Console>" changed cvar (cvar "g_ragdoll_important_maxcount") (value "1")
L 01/27/2022 - 00:43:38: [basecommands.smx] "Console<0><Console><Console>" changed cvar (cvar "g_ragdoll_maxcount") (value "1")
L 01/27/2022 - 00:43:38: [basecommands.smx] "Console<0><Console><Console>" changed cvar (cvar "phys_enable_experimental_optimizations") (value "1")
L 01/27/2022 - 00:43:38: [basecommands.smx] "Console<0><Console><Console>" changed cvar (cvar "prop_active_gib_limit") (value "1")
L 01/27/2022 - 00:43:38: [basecommands.smx] "Console<0><Console><Console>" changed cvar (cvar "prop_active_gib_max_fade_time") (value "1")
L 01/27/2022 - 00:43:38: [basecommands.smx] "Console<0><Console><Console>" changed cvar (cvar "sv_turbophysics") (value "1")
L 01/27/2022 - 00:43:38: [basecommands.smx] "Console<0><Console><Console>" changed cvar (cvar "sv_parallel_sendsnapshot") (value "1")
L 01/27/2022 - 00:43:38: [basecommands.smx] "Console<0><Console><Console>" changed cvar (cvar "sv_enable_delta_packing") (value "1")
L 01/27/2022 - 00:43:38: [basecommands.smx] "Console<0><Console><Console>" changed cvar (cvar "sv_maxunlag") (value "0.2")
L 01/27/2022 - 00:43:38: [basecommands.smx] "Console<0><Console><Console>" changed cvar (cvar "net_maxcleartime") (value "0.001")
L 01/27/2022 - 00:43:38: [basecommands.smx] "Console<0><Console><Console>" changed cvar (cvar "net_minroutable") (value "1000")
L 01/27/2022 - 00:43:38: [basecommands.smx] "Console<0><Console><Console>" changed cvar (cvar "net_compresspackets") (value "0")
L 01/27/2022 - 00:43:38: [basecommands.smx] "Console<0><Console><Console>" changed cvar (cvar "fps_max") (value "0")
L 01/27/2022 - 00:43:38: [basecommands.smx] "Console<0><Console><Console>" changed cvar (cvar "host_framerate") (value "0")
L 01/27/2022 - 00:43:38: [basecommands.smx] "Console<0><Console><Console>" changed cvar (cvar "pvs_min_player_distance") (value "1")
L 01/27/2022 - 00:43:38: [basecommands.smx] "Console<0><Console><Console>" changed cvar (cvar "sv_alternateticks") (value "1")
L 01/27/2022 - 00:43:38: [basecommands.smx] "Console<0><Console><Console>" changed cvar (cvar "sv_force_transmit_ents") (value "0")
L 01/27/2022 - 00:43:38: [basecommands.smx] "Console<0><Console><Console>" changed cvar (cvar "sv_forcepreload") (value "1")
L 01/27/2022 - 00:43:38: [basecommands.smx] "Console<0><Console><Console>" changed cvar (cvar "sv_stats") (value "0")
L 01/27/2022 - 00:43:38: [basecommands.smx] "Console<0><Console><Console>" changed cvar (cvar "sv_parallel_packentities") (value "1")
L 01/27/2022 - 00:43:38: [basecommands.smx] "Console<0><Console><Console>" changed cvar (cvar "sv_multiplayer_maxtempentities") (value "1")
L 01/27/2022 - 00:43:38: [basecommands.smx] "Console<0><Console><Console>" changed cvar (cvar "occlusion_test_async") (value "1")
L 01/27/2022 - 00:43:38: [basecommands.smx] "Console<0><Console><Console>" changed cvar (cvar "host_threaded_sound") (value "1")
L 01/27/2022 - 00:43:38: [basecommands.smx] "Console<0><Console><Console>" changed cvar (cvar "sv_threaded_init") (value "1")
L 01/27/2022 - 00:43:38: [basecommands.smx] "Console<0><Console><Console>" changed cvar (cvar "mod_load_anims_async") (value "1")
L 01/27/2022 - 00:43:38: [basecommands.smx] "Console<0><Console><Console>" changed cvar (cvar "mod_load_mesh_async") (value "1")
L 01/27/2022 - 00:43:38: [basecommands.smx] "Console<0><Console><Console>" changed cvar (cvar "mod_load_vcollide_async") (value "1")
L 01/27/2022 - 00:43:38: [basecommands.smx] "Console<0><Console><Console>" changed cvar (cvar "vprof_server_thread") (value "1")
L 01/27/2022 - 00:43:38: [basecommands.smx] "Console<0><Console><Console>" changed cvar (cvar "g_ai_threadedgraphbuild") (value "1")
L 01/27/2022 - 00:43:38: [basecommands.smx] "Console<0><Console><Console>" changed cvar (cvar "sv_maxupdaterate") (value "128")
L 01/27/2022 - 00:43:38: [basecommands.smx] "Console<0><Console><Console>" changed cvar (cvar "sv_maxcmdrate") (value "128")
L 01/27/2022 - 00:43:38: [basecommands.smx] "Console<0><Console><Console>" changed cvar (cvar "weapon_recoil_cooldown") (value "0")
L 01/27/2022 - 00:43:38: [basecommands.smx] "Console<0><Console><Console>" changed cvar (cvar "weapon_recoil_decay1_exp") (value "99999")
L 01/27/2022 - 00:43:38: [basecommands.smx] "Console<0><Console><Console>" changed cvar (cvar "weapon_recoil_decay2_exp") (value "99999")
L 01/27/2022 - 00:43:38: [basecommands.smx] "Console<0><Console><Console>" changed cvar (cvar "weapon_recoil_decay2_lin") (value "99999")
L 01/27/2022 - 00:43:38: [basecommands.smx] "Console<0><Console><Console>" changed cvar (cvar "weapon_recoil_scale") (value "0")
L 01/27/2022 - 00:43:38: [basecommands.smx] "Console<0><Console><Console>" changed cvar (cvar "weapon_recoil_suppression_shots") (value "500")
L 01/27/2022 - 00:43:38: [basecommands.smx] "Console<0><Console><Console>" changed cvar (cvar "weapon_recoil_view_punch_extra") (value "0")
L 01/27/2022 - 00:43:38: [basecommands.smx] "Console<0><Console><Console>" changed cvar (cvar "spec_allow_roaming") (value "1")
L 01/27/2022 - 00:43:38: [basecommands.smx] "Console<0><Console><Console>" changed cvar (cvar "mp_teamname_2") (value "Noble - T")
L 01/27/2022 - 00:43:38: [basecommands.smx] "Console<0><Console><Console>" changed cvar (cvar "mp_teamname_1") (value "Noble - CT")
L 01/27/2022 - 00:43:44: [randomcycle.smx] RandomCycle has chosen aim_ag_texture2_noble for the nextmap.
L 01/27/2022 - 04:12:21: -------- Mapchange to aim_ag_doubled_noble --------
L 01/27/2022 - 04:12:21: [basecommands.smx] "Console<0><Console><Console>" changed cvar (cvar "sv_vote_issue_changelevel_allowed") (value "0")
L 01/27/2022 - 04:12:21: [basecommands.smx] "Console<0><Console><Console>" changed cvar (cvar "g_ragdoll_important_maxcount") (value "1")
L 01/27/2022 - 04:12:21: [basecommands.smx] "Console<0><Console><Console>" changed cvar (cvar "g_ragdoll_maxcount") (value "1")
L 01/27/2022 - 04:12:21: [basecommands.smx] "Console<0><Console><Console>" changed cvar (cvar "phys_enable_experimental_optimizations") (value "1")
L 01/27/2022 - 04:12:21: [basecommands.smx] "Console<0><Console><Console>" changed cvar (cvar "prop_active_gib_limit") (value "1")
L 01/27/2022 - 04:12:21: [basecommands.smx] "Console<0><Console><Console>" changed cvar (cvar "prop_active_gib_max_fade_time") (value "1")
L 01/27/2022 - 04:12:21: [basecommands.smx] "Console<0><Console><Console>" changed cvar (cvar "sv_turbophysics") (value "1")
L 01/27/2022 - 04:12:21: [basecommands.smx] "Console<0><Console><Console>" changed cvar (cvar "sv_parallel_sendsnapshot") (value "1")
L 01/27/2022 - 04:12:21: [basecommands.smx] "Console<0><Console><Console>" changed cvar (cvar "sv_enable_delta_packing") (value "1")
L 01/27/2022 - 04:12:21: [basecommands.smx] "Console<0><Console><Console>" changed cvar (cvar "sv_maxunlag") (value "0.2")
L 01/27/2022 - 04:12:21: [basecommands.smx] "Console<0><Console><Console>" changed cvar (cvar "net_maxcleartime") (value "0.001")
L 01/27/2022 - 04:12:21: [basecommands.smx] "Console<0><Console><Console>" changed cvar (cvar "net_minroutable") (value "1000")
L 01/27/2022 - 04:12:21: [basecommands.smx] "Console<0><Console><Console>" changed cvar (cvar "net_compresspackets") (value "0")
L 01/27/2022 - 04:12:21: [basecommands.smx] "Console<0><Console><Console>" changed cvar (cvar "fps_max") (value "0")
L 01/27/2022 - 04:12:21: [basecommands.smx] "Console<0><Console><Console>" changed cvar (cvar "host_framerate") (value "0")
L 01/27/2022 - 04:12:21: [basecommands.smx] "Console<0><Console><Console>" changed cvar (cvar "pvs_min_player_distance") (value "1")
L 01/27/2022 - 04:12:21: [basecommands.smx] "Console<0><Console><Console>" changed cvar (cvar "sv_alternateticks") (value "1")
L 01/27/2022 - 04:12:21: [basecommands.smx] "Console<0><Console><Console>" changed cvar (cvar "sv_force_transmit_ents") (value "0")
L 01/27/2022 - 04:12:21: [basecommands.smx] "Console<0><Console><Console>" changed cvar (cvar "sv_forcepreload") (value "1")
L 01/27/2022 - 04:12:21: [basecommands.smx] "Console<0><Console><Console>" changed cvar (cvar "sv_stats") (value "0")
L 01/27/2022 - 04:12:21: [basecommands.smx] "Console<0><Console><Console>" changed cvar (cvar "sv_parallel_packentities") (value "1")
L 01/27/2022 - 04:12:21: [basecommands.smx] "Console<0><Console><Console>" changed cvar (cvar "sv_multiplayer_maxtempentities") (value "1")
L 01/27/2022 - 04:12:21: [basecommands.smx] "Console<0><Console><Console>" changed cvar (cvar "occlusion_test_async") (value "1")
L 01/27/2022 - 04:12:21: [basecommands.smx] "Console<0><Console><Console>" changed cvar (cvar "host_threaded_sound") (value "1")
L 01/27/2022 - 04:12:21: [basecommands.smx] "Console<0><Console><Console>" changed cvar (cvar "sv_threaded_init") (value "1")
L 01/27/2022 - 04:12:21: [basecommands.smx] "Console<0><Console><Console>" changed cvar (cvar "mod_load_anims_async") (value "1")
L 01/27/2022 - 04:12:21: [basecommands.smx] "Console<0><Console><Console>" changed cvar (cvar "mod_load_mesh_async") (value "1")
L 01/27/2022 - 04:12:21: [basecommands.smx] "Console<0><Console><Console>" changed cvar (cvar "mod_load_vcollide_async") (value "1")
L 01/27/2022 - 04:12:21: [basecommands.smx] "Console<0><Console><Console>" changed cvar (cvar "vprof_server_thread") (value "1")
L 01/27/2022 - 04:12:21: [basecommands.smx] "Console<0><Console><Console>" changed cvar (cvar "g_ai_threadedgraphbuild") (value "1")
L 01/27/2022 - 04:12:21: [basecommands.smx] "Console<0><Console><Console>" changed cvar (cvar "sv_maxupdaterate") (value "128")
L 01/27/2022 - 04:12:21: [basecommands.smx] "Console<0><Console><Console>" changed cvar (cvar "sv_maxcmdrate") (value "128")
L 01/27/2022 - 04:12:21: [basecommands.smx] "Console<0><Console><Console>" changed cvar (cvar "weapon_recoil_cooldown") (value "0")
L 01/27/2022 - 04:12:21: [basecommands.smx] "Console<0><Console><Console>" changed cvar (cvar "weapon_recoil_decay1_exp") (value "99999")
L 01/27/2022 - 04:12:21: [basecommands.smx] "Console<0><Console><Console>" changed cvar (cvar "weapon_recoil_decay2_exp") (value "99999")
L 01/27/2022 - 04:12:21: [basecommands.smx] "Console<0><Console><Console>" changed cvar (cvar "weapon_recoil_decay2_lin") (value "99999")
L 01/27/2022 - 04:12:21: [basecommands.smx] "Console<0><Console><Console>" changed cvar (cvar "weapon_recoil_scale") (value "0")
L 01/27/2022 - 04:12:21: [basecommands.smx] "Console<0><Console><Console>" changed cvar (cvar "weapon_recoil_suppression_shots") (value "500")
L 01/27/2022 - 04:12:21: [basecommands.smx] "Console<0><Console><Console>" changed cvar (cvar "weapon_recoil_view_punch_extra") (value "0")
L 01/27/2022 - 04:12:21: [basecommands.smx] "Console<0><Console><Console>" changed cvar (cvar "spec_allow_roaming") (value "1")
L 01/27/2022 - 04:12:21: [basecommands.smx] "Console<0><Console><Console>" changed cvar (cvar "mp_teamname_2") (value "Noble - T")
L 01/27/2022 - 04:12:21: [basecommands.smx] "Console<0><Console><Console>" changed cvar (cvar "mp_teamname_1") (value "Noble - CT")
L 01/27/2022 - 04:12:27: [randomcycle.smx] RandomCycle has chosen aim_nospread_noble for the nextmap.
L 01/27/2022 - 13:13:12: -------- Mapchange to aim_ag_doubled_noble --------
L 01/27/2022 - 13:13:12: [basecommands.smx] "Console<0><Console><Console>" changed cvar (cvar "sv_vote_issue_changelevel_allowed") (value "0")
L 01/27/2022 - 13:13:12: [basecommands.smx] "Console<0><Console><Console>" changed cvar (cvar "g_ragdoll_important_maxcount") (value "1")
L 01/27/2022 - 13:13:12: [basecommands.smx] "Console<0><Console><Console>" changed cvar (cvar "g_ragdoll_maxcount") (value "1")
L 01/27/2022 - 13:13:12: [basecommands.smx] "Console<0><Console><Console>" changed cvar (cvar "phys_enable_experimental_optimizations") (value "1")
L 01/27/2022 - 13:13:12: [basecommands.smx] "Console<0><Console><Console>" changed cvar (cvar "prop_active_gib_limit") (value "1")
L 01/27/2022 - 13:13:12: [basecommands.smx] "Console<0><Console><Console>" changed cvar (cvar "prop_active_gib_max_fade_time") (value "1")
L 01/27/2022 - 13:13:12: [basecommands.smx] "Console<0><Console><Console>" changed cvar (cvar "sv_turbophysics") (value "1")
L 01/27/2022 - 13:13:12: [basecommands.smx] "Console<0><Console><Console>" changed cvar (cvar "sv_parallel_sendsnapshot") (value "1")
L 01/27/2022 - 13:13:12: [basecommands.smx] "Console<0><Console><Console>" changed cvar (cvar "sv_enable_delta_packing") (value "1")
L 01/27/2022 - 13:13:12: [basecommands.smx] "Console<0><Console><Console>" changed cvar (cvar "sv_maxunlag") (value "0.2")
L 01/27/2022 - 13:13:12: [basecommands.smx] "Console<0><Console><Console>" changed cvar (cvar "net_maxcleartime") (value "0.001")
L 01/27/2022 - 13:13:12: [basecommands.smx] "Console<0><Console><Console>" changed cvar (cvar "net_minroutable") (value "1000")
L 01/27/2022 - 13:13:12: [basecommands.smx] "Console<0><Console><Console>" changed cvar (cvar "net_compresspackets") (value "0")
L 01/27/2022 - 13:13:12: [basecommands.smx] "Console<0><Console><Console>" changed cvar (cvar "fps_max") (value "0")
L 01/27/2022 - 13:13:12: [basecommands.smx] "Console<0><Console><Console>" changed cvar (cvar "host_framerate") (value "0")
L 01/27/2022 - 13:13:12: [basecommands.smx] "Console<0><Console><Console>" changed cvar (cvar "pvs_min_player_distance") (value "1")
L 01/27/2022 - 13:13:12: [basecommands.smx] "Console<0><Console><Console>" changed cvar (cvar "sv_alternateticks") (value "1")
L 01/27/2022 - 13:13:12: [basecommands.smx] "Console<0><Console><Console>" changed cvar (cvar "sv_force_transmit_ents") (value "0")
L 01/27/2022 - 13:13:12: [basecommands.smx] "Console<0><Console><Console>" changed cvar (cvar "sv_forcepreload") (value "1")
L 01/27/2022 - 13:13:12: [basecommands.smx] "Console<0><Console><Console>" changed cvar (cvar "sv_stats") (value "0")
L 01/27/2022 - 13:13:12: [basecommands.smx] "Console<0><Console><Console>" changed cvar (cvar "sv_parallel_packentities") (value "1")
L 01/27/2022 - 13:13:12: [basecommands.smx] "Console<0><Console><Console>" changed cvar (cvar "sv_multiplayer_maxtempentities") (value "1")
L 01/27/2022 - 13:13:12: [basecommands.smx] "Console<0><Console><Console>" changed cvar (cvar "occlusion_test_async") (value "1")
L 01/27/2022 - 13:13:12: [basecommands.smx] "Console<0><Console><Console>" changed cvar (cvar "host_threaded_sound") (value "1")
L 01/27/2022 - 13:13:12: [basecommands.smx] "Console<0><Console><Console>" changed cvar (cvar "sv_threaded_init") (value "1")
L 01/27/2022 - 13:13:12: [basecommands.smx] "Console<0><Console><Console>" changed cvar (cvar "mod_load_anims_async") (value "1")
L 01/27/2022 - 13:13:12: [basecommands.smx] "Console<0><Console><Console>" changed cvar (cvar "mod_load_mesh_async") (value "1")
L 01/27/2022 - 13:13:12: [basecommands.smx] "Console<0><Console><Console>" changed cvar (cvar "mod_load_vcollide_async") (value "1")
L 01/27/2022 - 13:13:12: [basecommands.smx] "Console<0><Console><Console>" changed cvar (cvar "vprof_server_thread") (value "1")
L 01/27/2022 - 13:13:12: [basecommands.smx] "Console<0><Console><Console>" changed cvar (cvar "g_ai_threadedgraphbuild") (value "1")
L 01/27/2022 - 13:13:12: [basecommands.smx] "Console<0><Console><Console>" changed cvar (cvar "sv_maxupdaterate") (value "128")
L 01/27/2022 - 13:13:12: [basecommands.smx] "Console<0><Console><Console>" changed cvar (cvar "sv_maxcmdrate") (value "128")
L 01/27/2022 - 13:13:12: [basecommands.smx] "Console<0><Console><Console>" changed cvar (cvar "weapon_recoil_cooldown") (value "0")
L 01/27/2022 - 13:13:12: [basecommands.smx] "Console<0><Console><Console>" changed cvar (cvar "weapon_recoil_decay1_exp") (value "99999")
L 01/27/2022 - 13:13:12: [basecommands.smx] "Console<0><Console><Console>" changed cvar (cvar "weapon_recoil_decay2_exp") (value "99999")
L 01/27/2022 - 13:13:12: [basecommands.smx] "Console<0><Console><Console>" changed cvar (cvar "weapon_recoil_decay2_lin") (value "99999")
L 01/27/2022 - 13:13:12: [basecommands.smx] "Console<0><Console><Console>" changed cvar (cvar "weapon_recoil_scale") (value "0")
L 01/27/2022 - 13:13:12: [basecommands.smx] "Console<0><Console><Console>" changed cvar (cvar "weapon_recoil_suppression_shots") (value "500")
L 01/27/2022 - 13:13:12: [basecommands.smx] "Console<0><Console><Console>" changed cvar (cvar "weapon_recoil_view_punch_extra") (value "0")
L 01/27/2022 - 13:13:12: [basecommands.smx] "Console<0><Console><Console>" changed cvar (cvar "spec_allow_roaming") (value "1")
L 01/27/2022 - 13:13:12: [basecommands.smx] "Console<0><Console><Console>" changed cvar (cvar "mp_teamname_2") (value "Noble - T")
L 01/27/2022 - 13:13:12: [basecommands.smx] "Console<0><Console><Console>" changed cvar (cvar "mp_teamname_1") (value "Noble - CT")
L 01/27/2022 - 13:13:18: [randomcycle.smx] RandomCycle has chosen aim_ag_doubled_noble for the nextmap.
L 01/27/2022 - 14:30:53: -------- Mapchange to aim_ag_doubled_noble --------
L 01/27/2022 - 14:30:53: [basecommands.smx] "Console<0><Console><Console>" changed cvar (cvar "sv_vote_issue_changelevel_allowed") (value "0")
L 01/27/2022 - 14:30:53: [basecommands.smx] "Console<0><Console><Console>" changed cvar (cvar "g_ragdoll_important_maxcount") (value "1")
L 01/27/2022 - 14:30:53: [basecommands.smx] "Console<0><Console><Console>" changed cvar (cvar "g_ragdoll_maxcount") (value "1")
L 01/27/2022 - 14:30:53: [basecommands.smx] "Console<0><Console><Console>" changed cvar (cvar "phys_enable_experimental_optimizations") (value "1")
L 01/27/2022 - 14:30:53: [basecommands.smx] "Console<0><Console><Console>" changed cvar (cvar "prop_active_gib_limit") (value "1")
L 01/27/2022 - 14:30:53: [basecommands.smx] "Console<0><Console><Console>" changed cvar (cvar "prop_active_gib_max_fade_time") (value "1")
L 01/27/2022 - 14:30:53: [basecommands.smx] "Console<0><Console><Console>" changed cvar (cvar "sv_turbophysics") (value "1")
L 01/27/2022 - 14:30:53: [basecommands.smx] "Console<0><Console><Console>" changed cvar (cvar "sv_parallel_sendsnapshot") (value "1")
L 01/27/2022 - 14:30:53: [basecommands.smx] "Console<0><Console><Console>" changed cvar (cvar "sv_enable_delta_packing") (value "1")
L 01/27/2022 - 14:30:53: [basecommands.smx] "Console<0><Console><Console>" changed cvar (cvar "sv_maxunlag") (value "0.2")
L 01/27/2022 - 14:30:53: [basecommands.smx] "Console<0><Console><Console>" changed cvar (cvar "net_maxcleartime") (value "0.001")
L 01/27/2022 - 14:30:53: [basecommands.smx] "Console<0><Console><Console>" changed cvar (cvar "net_minroutable") (value "1000")
L 01/27/2022 - 14:30:53: [basecommands.smx] "Console<0><Console><Console>" changed cvar (cvar "net_compresspackets") (value "0")
L 01/27/2022 - 14:30:53: [basecommands.smx] "Console<0><Console><Console>" changed cvar (cvar "fps_max") (value "0")
L 01/27/2022 - 14:30:53: [basecommands.smx] "Console<0><Console><Console>" changed cvar (cvar "host_framerate") (value "0")
L 01/27/2022 - 14:30:53: [basecommands.smx] "Console<0><Console><Console>" changed cvar (cvar "pvs_min_player_distance") (value "1")
L 01/27/2022 - 14:30:53: [basecommands.smx] "Console<0><Console><Console>" changed cvar (cvar "sv_alternateticks") (value "1")
L 01/27/2022 - 14:30:53: [basecommands.smx] "Console<0><Console><Console>" changed cvar (cvar "sv_force_transmit_ents") (value "0")
L 01/27/2022 - 14:30:53: [basecommands.smx] "Console<0><Console><Console>" changed cvar (cvar "sv_forcepreload") (value "1")
L 01/27/2022 - 14:30:53: [basecommands.smx] "Console<0><Console><Console>" changed cvar (cvar "sv_stats") (value "0")
L 01/27/2022 - 14:30:53: [basecommands.smx] "Console<0><Console><Console>" changed cvar (cvar "sv_parallel_packentities") (value "1")
L 01/27/2022 - 14:30:53: [basecommands.smx] "Console<0><Console><Console>" changed cvar (cvar "sv_multiplayer_maxtempentities") (value "1")
L 01/27/2022 - 14:30:53: [basecommands.smx] "Console<0><Console><Console>" changed cvar (cvar "occlusion_test_async") (value "1")
L 01/27/2022 - 14:30:53: [basecommands.smx] "Console<0><Console><Console>" changed cvar (cvar "host_threaded_sound") (value "1")
L 01/27/2022 - 14:30:53: [basecommands.smx] "Console<0><Console><Console>" changed cvar (cvar "sv_threaded_init") (value "1")
L 01/27/2022 - 14:30:53: [basecommands.smx] "Console<0><Console><Console>" changed cvar (cvar "mod_load_anims_async") (value "1")
L 01/27/2022 - 14:30:53: [basecommands.smx] "Console<0><Console><Console>" changed cvar (cvar "mod_load_mesh_async") (value "1")
L 01/27/2022 - 14:30:53: [basecommands.smx] "Console<0><Console><Console>" changed cvar (cvar "mod_load_vcollide_async") (value "1")
L 01/27/2022 - 14:30:53: [basecommands.smx] "Console<0><Console><Console>" changed cvar (cvar "vprof_server_thread") (value "1")
L 01/27/2022 - 14:30:53: [basecommands.smx] "Console<0><Console><Console>" changed cvar (cvar "g_ai_threadedgraphbuild") (value "1")
L 01/27/2022 - 14:30:53: [basecommands.smx] "Console<0><Console><Console>" changed cvar (cvar "sv_maxupdaterate") (value "128")
L 01/27/2022 - 14:30:53: [basecommands.smx] "Console<0><Console><Console>" changed cvar (cvar "sv_maxcmdrate") (value "128")
L 01/27/2022 - 14:30:53: [basecommands.smx] "Console<0><Console><Console>" changed cvar (cvar "weapon_recoil_cooldown") (value "0")
L 01/27/2022 - 14:30:53: [basecommands.smx] "Console<0><Console><Console>" changed cvar (cvar "weapon_recoil_decay1_exp") (value "99999")
L 01/27/2022 - 14:30:53: [basecommands.smx] "Console<0><Console><Console>" changed cvar (cvar "weapon_recoil_decay2_exp") (value "99999")
L 01/27/2022 - 14:30:53: [basecommands.smx] "Console<0><Console><Console>" changed cvar (cvar "weapon_recoil_decay2_lin") (value "99999")
L 01/27/2022 - 14:30:53: [basecommands.smx] "Console<0><Console><Console>" changed cvar (cvar "weapon_recoil_scale") (value "0")
L 01/27/2022 - 14:30:53: [basecommands.smx] "Console<0><Console><Console>" changed cvar (cvar "weapon_recoil_suppression_shots") (value "500")
L 01/27/2022 - 14:30:53: [basecommands.smx] "Console<0><Console><Console>" changed cvar (cvar "weapon_recoil_view_punch_extra") (value "0")
L 01/27/2022 - 14:30:53: [basecommands.smx] "Console<0><Console><Console>" changed cvar (cvar "spec_allow_roaming") (value "1")
L 01/27/2022 - 14:30:53: [basecommands.smx] "Console<0><Console><Console>" changed cvar (cvar "mp_teamname_2") (value "Noble - T")
L 01/27/2022 - 14:30:53: [basecommands.smx] "Console<0><Console><Console>" changed cvar (cvar "mp_teamname_1") (value "Noble - CT")
L 01/27/2022 - 14:30:58: [randomcycle.smx] RandomCycle has chosen aim_ag_doubled_noble for the nextmap.
L 01/27/2022 - 16:43:53: -------- Mapchange to aim_ag_doubled_noble --------
L 01/27/2022 - 16:43:53: [basecommands.smx] "Console<0><Console><Console>" changed cvar (cvar "sv_vote_issue_changelevel_allowed") (value "0")
L 01/27/2022 - 16:43:53: [basecommands.smx] "Console<0><Console><Console>" changed cvar (cvar "g_ragdoll_important_maxcount") (value "1")
L 01/27/2022 - 16:43:53: [basecommands.smx] "Console<0><Console><Console>" changed cvar (cvar "g_ragdoll_maxcount") (value "1")
L 01/27/2022 - 16:43:53: [basecommands.smx] "Console<0><Console><Console>" changed cvar (cvar "phys_enable_experimental_optimizations") (value "1")
L 01/27/2022 - 16:43:53: [basecommands.smx] "Console<0><Console><Console>" changed cvar (cvar "prop_active_gib_limit") (value "1")
L 01/27/2022 - 16:43:53: [basecommands.smx] "Console<0><Console><Console>" changed cvar (cvar "prop_active_gib_max_fade_time") (value "1")
L 01/27/2022 - 16:43:53: [basecommands.smx] "Console<0><Console><Console>" changed cvar (cvar "sv_turbophysics") (value "1")
L 01/27/2022 - 16:43:53: [basecommands.smx] "Console<0><Console><Console>" changed cvar (cvar "sv_parallel_sendsnapshot") (value "1")
L 01/27/2022 - 16:43:53: [basecommands.smx] "Console<0><Console><Console>" changed cvar (cvar "sv_enable_delta_packing") (value "1")
L 01/27/2022 - 16:43:53: [basecommands.smx] "Console<0><Console><Console>" changed cvar (cvar "sv_maxunlag") (value "0.2")
L 01/27/2022 - 16:43:53: [basecommands.smx] "Console<0><Console><Console>" changed cvar (cvar "net_maxcleartime") (value "0.001")
L 01/27/2022 - 16:43:53: [basecommands.smx] "Console<0><Console><Console>" changed cvar (cvar "net_minroutable") (value "1000")
L 01/27/2022 - 16:43:53: [basecommands.smx] "Console<0><Console><Console>" changed cvar (cvar "net_compresspackets") (value "0")
L 01/27/2022 - 16:43:53: [basecommands.smx] "Console<0><Console><Console>" changed cvar (cvar "fps_max") (value "0")
L 01/27/2022 - 16:43:53: [basecommands.smx] "Console<0><Console><Console>" changed cvar (cvar "host_framerate") (value "0")
L 01/27/2022 - 16:43:53: [basecommands.smx] "Console<0><Console><Console>" changed cvar (cvar "pvs_min_player_distance") (value "1")
L 01/27/2022 - 16:43:53: [basecommands.smx] "Console<0><Console><Console>" changed cvar (cvar "sv_alternateticks") (value "1")
L 01/27/2022 - 16:43:53: [basecommands.smx] "Console<0><Console><Console>" changed cvar (cvar "sv_force_transmit_ents") (value "0")
L 01/27/2022 - 16:43:53: [basecommands.smx] "Console<0><Console><Console>" changed cvar (cvar "sv_forcepreload") (value "1")
L 01/27/2022 - 16:43:53: [basecommands.smx] "Console<0><Console><Console>" changed cvar (cvar "sv_stats") (value "0")
L 01/27/2022 - 16:43:53: [basecommands.smx] "Console<0><Console><Console>" changed cvar (cvar "sv_parallel_packentities") (value "1")
L 01/27/2022 - 16:43:53: [basecommands.smx] "Console<0><Console><Console>" changed cvar (cvar "sv_multiplayer_maxtempentities") (value "1")
L 01/27/2022 - 16:43:53: [basecommands.smx] "Console<0><Console><Console>" changed cvar (cvar "occlusion_test_async") (value "1")
L 01/27/2022 - 16:43:53: [basecommands.smx] "Console<0><Console><Console>" changed cvar (cvar "host_threaded_sound") (value "1")
L 01/27/2022 - 16:43:53: [basecommands.smx] "Console<0><Console><Console>" changed cvar (cvar "sv_threaded_init") (value "1")
L 01/27/2022 - 16:43:53: [basecommands.smx] "Console<0><Console><Console>" changed cvar (cvar "mod_load_anims_async") (value "1")
L 01/27/2022 - 16:43:53: [basecommands.smx] "Console<0><Console><Console>" changed cvar (cvar "mod_load_mesh_async") (value "1")
L 01/27/2022 - 16:43:53: [basecommands.smx] "Console<0><Console><Console>" changed cvar (cvar "mod_load_vcollide_async") (value "1")
L 01/27/2022 - 16:43:53: [basecommands.smx] "Console<0><Console><Console>" changed cvar (cvar "vprof_server_thread") (value "1")
L 01/27/2022 - 16:43:53: [basecommands.smx] "Console<0><Console><Console>" changed cvar (cvar "g_ai_threadedgraphbuild") (value "1")
L 01/27/2022 - 16:43:53: [basecommands.smx] "Console<0><Console><Console>" changed cvar (cvar "sv_maxupdaterate") (value "128")
L 01/27/2022 - 16:43:53: [basecommands.smx] "Console<0><Console><Console>" changed cvar (cvar "sv_maxcmdrate") (value "128")
L 01/27/2022 - 16:43:53: [basecommands.smx] "Console<0><Console><Console>" changed cvar (cvar "weapon_recoil_cooldown") (value "0")
L 01/27/2022 - 16:43:53: [basecommands.smx] "Console<0><Console><Console>" changed cvar (cvar "weapon_recoil_decay1_exp") (value "99999")
L 01/27/2022 - 16:43:53: [basecommands.smx] "Console<0><Console><Console>" changed cvar (cvar "weapon_recoil_decay2_exp") (value "99999")
L 01/27/2022 - 16:43:53: [basecommands.smx] "Console<0><Console><Console>" changed cvar (cvar "weapon_recoil_decay2_lin") (value "99999")
L 01/27/2022 - 16:43:53: [basecommands.smx] "Console<0><Console><Console>" changed cvar (cvar "weapon_recoil_scale") (value "0")
L 01/27/2022 - 16:43:53: [basecommands.smx] "Console<0><Console><Console>" changed cvar (cvar "weapon_recoil_suppression_shots") (value "500")
L 01/27/2022 - 16:43:53: [basecommands.smx] "Console<0><Console><Console>" changed cvar (cvar "weapon_recoil_view_punch_extra") (value "0")
L 01/27/2022 - 16:43:53: [basecommands.smx] "Console<0><Console><Console>" changed cvar (cvar "spec_allow_roaming") (value "1")
L 01/27/2022 - 16:43:53: [basecommands.smx] "Console<0><Console><Console>" changed cvar (cvar "mp_teamname_2") (value "Noble - T")
L 01/27/2022 - 16:43:53: [basecommands.smx] "Console<0><Console><Console>" changed cvar (cvar "mp_teamname_1") (value "Noble - CT")
L 01/27/2022 - 16:43:59: [randomcycle.smx] RandomCycle has chosen aim_ag_texture2_noble for the nextmap.
L 01/27/2022 - 17:49:48: -------- Mapchange to aim_ag_doubled_noble --------
L 01/27/2022 - 17:49:48: [basecommands.smx] "Console<0><Console><Console>" changed cvar (cvar "sv_vote_issue_changelevel_allowed") (value "0")
L 01/27/2022 - 17:49:48: [basecommands.smx] "Console<0><Console><Console>" changed cvar (cvar "g_ragdoll_important_maxcount") (value "1")
L 01/27/2022 - 17:49:48: [basecommands.smx] "Console<0><Console><Console>" changed cvar (cvar "g_ragdoll_maxcount") (value "1")
L 01/27/2022 - 17:49:48: [basecommands.smx] "Console<0><Console><Console>" changed cvar (cvar "phys_enable_experimental_optimizations") (value "1")
L 01/27/2022 - 17:49:48: [basecommands.smx] "Console<0><Console><Console>" changed cvar (cvar "prop_active_gib_limit") (value "1")
L 01/27/2022 - 17:49:48: [basecommands.smx] "Console<0><Console><Console>" changed cvar (cvar "prop_active_gib_max_fade_time") (value "1")
L 01/27/2022 - 17:49:48: [basecommands.smx] "Console<0><Console><Console>" changed cvar (cvar "sv_turbophysics") (value "1")
L 01/27/2022 - 17:49:48: [basecommands.smx] "Console<0><Console><Console>" changed cvar (cvar "sv_parallel_sendsnapshot") (value "1")
L 01/27/2022 - 17:49:48: [basecommands.smx] "Console<0><Console><Console>" changed cvar (cvar "sv_enable_delta_packing") (value "1")
L 01/27/2022 - 17:49:48: [basecommands.smx] "Console<0><Console><Console>" changed cvar (cvar "sv_maxunlag") (value "0.2")
L 01/27/2022 - 17:49:48: [basecommands.smx] "Console<0><Console><Console>" changed cvar (cvar "net_maxcleartime") (value "0.001")
L 01/27/2022 - 17:49:48: [basecommands.smx] "Console<0><Console><Console>" changed cvar (cvar "net_minroutable") (value "1000")
L 01/27/2022 - 17:49:48: [basecommands.smx] "Console<0><Console><Console>" changed cvar (cvar "net_compresspackets") (value "0")
L 01/27/2022 - 17:49:48: [basecommands.smx] "Console<0><Console><Console>" changed cvar (cvar "fps_max") (value "0")
L 01/27/2022 - 17:49:48: [basecommands.smx] "Console<0><Console><Console>" changed cvar (cvar "host_framerate") (value "0")
L 01/27/2022 - 17:49:48: [basecommands.smx] "Console<0><Console><Console>" changed cvar (cvar "pvs_min_player_distance") (value "1")
L 01/27/2022 - 17:49:48: [basecommands.smx] "Console<0><Console><Console>" changed cvar (cvar "sv_alternateticks") (value "1")
L 01/27/2022 - 17:49:48: [basecommands.smx] "Console<0><Console><Console>" changed cvar (cvar "sv_force_transmit_ents") (value "0")
L 01/27/2022 - 17:49:48: [basecommands.smx] "Console<0><Console><Console>" changed cvar (cvar "sv_forcepreload") (value "1")
L 01/27/2022 - 17:49:48: [basecommands.smx] "Console<0><Console><Console>" changed cvar (cvar "sv_stats") (value "0")
L 01/27/2022 - 17:49:48: [basecommands.smx] "Console<0><Console><Console>" changed cvar (cvar "sv_parallel_packentities") (value "1")
L 01/27/2022 - 17:49:48: [basecommands.smx] "Console<0><Console><Console>" changed cvar (cvar "sv_multiplayer_maxtempentities") (value "1")
L 01/27/2022 - 17:49:48: [basecommands.smx] "Console<0><Console><Console>" changed cvar (cvar "occlusion_test_async") (value "1")
L 01/27/2022 - 17:49:48: [basecommands.smx] "Console<0><Console><Console>" changed cvar (cvar "host_threaded_sound") (value "1")
L 01/27/2022 - 17:49:48: [basecommands.smx] "Console<0><Console><Console>" changed cvar (cvar "sv_threaded_init") (value "1")
L 01/27/2022 - 17:49:48: [basecommands.smx] "Console<0><Console><Console>" changed cvar (cvar "mod_load_anims_async") (value "1")
L 01/27/2022 - 17:49:48: [basecommands.smx] "Console<0><Console><Console>" changed cvar (cvar "mod_load_mesh_async") (value "1")
L 01/27/2022 - 17:49:48: [basecommands.smx] "Console<0><Console><Console>" changed cvar (cvar "mod_load_vcollide_async") (value "1")
L 01/27/2022 - 17:49:48: [basecommands.smx] "Console<0><Console><Console>" changed cvar (cvar "vprof_server_thread") (value "1")
L 01/27/2022 - 17:49:48: [basecommands.smx] "Console<0><Console><Console>" changed cvar (cvar "g_ai_threadedgraphbuild") (value "1")
L 01/27/2022 - 17:49:48: [basecommands.smx] "Console<0><Console><Console>" changed cvar (cvar "sv_maxupdaterate") (value "128")
L 01/27/2022 - 17:49:48: [basecommands.smx] "Console<0><Console><Console>" changed cvar (cvar "sv_maxcmdrate") (value "128")
L 01/27/2022 - 17:49:48: [basecommands.smx] "Console<0><Console><Console>" changed cvar (cvar "weapon_recoil_cooldown") (value "0")
L 01/27/2022 - 17:49:48: [basecommands.smx] "Console<0><Console><Console>" changed cvar (cvar "weapon_recoil_decay1_exp") (value "99999")
L 01/27/2022 - 17:49:48: [basecommands.smx] "Console<0><Console><Console>" changed cvar (cvar "weapon_recoil_decay2_exp") (value "99999")
L 01/27/2022 - 17:49:48: [basecommands.smx] "Console<0><Console><Console>" changed cvar (cvar "weapon_recoil_decay2_lin") (value "99999")
L 01/27/2022 - 17:49:48: [basecommands.smx] "Console<0><Console><Console>" changed cvar (cvar "weapon_recoil_scale") (value "0")
L 01/27/2022 - 17:49:48: [basecommands.smx] "Console<0><Console><Console>" changed cvar (cvar "weapon_recoil_suppression_shots") (value "500")
L 01/27/2022 - 17:49:48: [basecommands.smx] "Console<0><Console><Console>" changed cvar (cvar "weapon_recoil_view_punch_extra") (value "0")
L 01/27/2022 - 17:49:48: [basecommands.smx] "Console<0><Console><Console>" changed cvar (cvar "spec_allow_roaming") (value "1")
L 01/27/2022 - 17:49:48: [basecommands.smx] "Console<0><Console><Console>" changed cvar (cvar "mp_teamname_2") (value "Noble - T")
L 01/27/2022 - 17:49:48: [basecommands.smx] "Console<0><Console><Console>" changed cvar (cvar "mp_teamname_1") (value "Noble - CT")
L 01/27/2022 - 17:49:54: [randomcycle.smx] RandomCycle has chosen aim_ag_texture2_noble for the nextmap.
L 01/27/2022 - 18:25:08: [mapchooser.smx] Starting map vote because outside request
L 01/27/2022 - 18:25:08: [mapchooser.smx] Voting for next map has started.
L 01/27/2022 - 18:25:12: [mapchooser.smx] Voting for next map has finished. Nextmap: aim_ag_texture2_noble.
L 01/27/2022 - 18:25:14: [SM] Changed map to "aim_ag_texture2_noble"
L 01/27/2022 - 18:25:14: -------- Mapchange to aim_ag_texture2_noble --------
L 01/27/2022 - 18:25:14: [basecommands.smx] "Console<0><Console><Console>" changed cvar (cvar "sv_vote_issue_changelevel_allowed") (value "0")
L 01/27/2022 - 18:25:14: [basecommands.smx] "Console<0><Console><Console>" changed cvar (cvar "g_ragdoll_important_maxcount") (value "1")
L 01/27/2022 - 18:25:14: [basecommands.smx] "Console<0><Console><Console>" changed cvar (cvar "g_ragdoll_maxcount") (value "1")
L 01/27/2022 - 18:25:14: [basecommands.smx] "Console<0><Console><Console>" changed cvar (cvar "phys_enable_experimental_optimizations") (value "1")
L 01/27/2022 - 18:25:14: [basecommands.smx] "Console<0><Console><Console>" changed cvar (cvar "prop_active_gib_limit") (value "1")
L 01/27/2022 - 18:25:14: [basecommands.smx] "Console<0><Console><Console>" changed cvar (cvar "prop_active_gib_max_fade_time") (value "1")
L 01/27/2022 - 18:25:14: [basecommands.smx] "Console<0><Console><Console>" changed cvar (cvar "sv_turbophysics") (value "1")
L 01/27/2022 - 18:25:14: [basecommands.smx] "Console<0><Console><Console>" changed cvar (cvar "sv_parallel_sendsnapshot") (value "1")
L 01/27/2022 - 18:25:14: [basecommands.smx] "Console<0><Console><Console>" changed cvar (cvar "sv_enable_delta_packing") (value "1")
L 01/27/2022 - 18:25:14: [basecommands.smx] "Console<0><Console><Console>" changed cvar (cvar "sv_maxunlag") (value "0.2")
L 01/27/2022 - 18:25:14: [basecommands.smx] "Console<0><Console><Console>" changed cvar (cvar "net_maxcleartime") (value "0.001")
L 01/27/2022 - 18:25:14: [basecommands.smx] "Console<0><Console><Console>" changed cvar (cvar "net_minroutable") (value "1000")
L 01/27/2022 - 18:25:14: [basecommands.smx] "Console<0><Console><Console>" changed cvar (cvar "net_compresspackets") (value "0")
L 01/27/2022 - 18:25:14: [basecommands.smx] "Console<0><Console><Console>" changed cvar (cvar "fps_max") (value "0")
L 01/27/2022 - 18:25:14: [basecommands.smx] "Console<0><Console><Console>" changed cvar (cvar "host_framerate") (value "0")
L 01/27/2022 - 18:25:14: [basecommands.smx] "Console<0><Console><Console>" changed cvar (cvar "pvs_min_player_distance") (value "1")
L 01/27/2022 - 18:25:14: [basecommands.smx] "Console<0><Console><Console>" changed cvar (cvar "sv_alternateticks") (value "1")
L 01/27/2022 - 18:25:14: [basecommands.smx] "Console<0><Console><Console>" changed cvar (cvar "sv_force_transmit_ents") (value "0")
L 01/27/2022 - 18:25:14: [basecommands.smx] "Console<0><Console><Console>" changed cvar (cvar "sv_forcepreload") (value "1")
L 01/27/2022 - 18:25:14: [basecommands.smx] "Console<0><Console><Console>" changed cvar (cvar "sv_stats") (value "0")
L 01/27/2022 - 18:25:14: [basecommands.smx] "Console<0><Console><Console>" changed cvar (cvar "sv_parallel_packentities") (value "1")
L 01/27/2022 - 18:25:14: [basecommands.smx] "Console<0><Console><Console>" changed cvar (cvar "sv_multiplayer_maxtempentities") (value "1")
L 01/27/2022 - 18:25:14: [basecommands.smx] "Console<0><Console><Console>" changed cvar (cvar "occlusion_test_async") (value "1")
L 01/27/2022 - 18:25:14: [basecommands.smx] "Console<0><Console><Console>" changed cvar (cvar "host_threaded_sound") (value "1")
L 01/27/2022 - 18:25:14: [basecommands.smx] "Console<0><Console><Console>" changed cvar (cvar "sv_threaded_init") (value "1")
L 01/27/2022 - 18:25:14: [basecommands.smx] "Console<0><Console><Console>" changed cvar (cvar "mod_load_anims_async") (value "1")
L 01/27/2022 - 18:25:14: [basecommands.smx] "Console<0><Console><Console>" changed cvar (cvar "mod_load_mesh_async") (value "1")
L 01/27/2022 - 18:25:14: [basecommands.smx] "Console<0><Console><Console>" changed cvar (cvar "mod_load_vcollide_async") (value "1")
L 01/27/2022 - 18:25:14: [basecommands.smx] "Console<0><Console><Console>" changed cvar (cvar "vprof_server_thread") (value "1")
L 01/27/2022 - 18:25:14: [basecommands.smx] "Console<0><Console><Console>" changed cvar (cvar "g_ai_threadedgraphbuild") (value "1")
L 01/27/2022 - 18:25:14: [basecommands.smx] "Console<0><Console><Console>" changed cvar (cvar "sv_maxupdaterate") (value "128")
L 01/27/2022 - 18:25:14: [basecommands.smx] "Console<0><Console><Console>" changed cvar (cvar "sv_maxcmdrate") (value "128")
L 01/27/2022 - 18:25:14: [basecommands.smx] "Console<0><Console><Console>" changed cvar (cvar "weapon_recoil_cooldown") (value "0")
L 01/27/2022 - 18:25:14: [basecommands.smx] "Console<0><Console><Console>" changed cvar (cvar "weapon_recoil_decay1_exp") (value "99999")
L 01/27/2022 - 18:25:14: [basecommands.smx] "Console<0><Console><Console>" changed cvar (cvar "weapon_recoil_decay2_exp") (value "99999")
L 01/27/2022 - 18:25:14: [basecommands.smx] "Console<0><Console><Console>" changed cvar (cvar "weapon_recoil_decay2_lin") (value "99999")
L 01/27/2022 - 18:25:14: [basecommands.smx] "Console<0><Console><Console>" changed cvar (cvar "weapon_recoil_scale") (value "0")
L 01/27/2022 - 18:25:14: [basecommands.smx] "Console<0><Console><Console>" changed cvar (cvar "weapon_recoil_suppression_shots") (value "500")
L 01/27/2022 - 18:25:14: [basecommands.smx] "Console<0><Console><Console>" changed cvar (cvar "weapon_recoil_view_punch_extra") (value "0")
L 01/27/2022 - 18:25:14: [basecommands.smx] "Console<0><Console><Console>" changed cvar (cvar "spec_allow_roaming") (value "1")
L 01/27/2022 - 18:25:14: [basecommands.smx] "Console<0><Console><Console>" changed cvar (cvar "mp_teamname_2") (value "Noble - T")
L 01/27/2022 - 18:25:14: [basecommands.smx] "Console<0><Console><Console>" changed cvar (cvar "mp_teamname_1") (value "Noble - CT")
L 01/27/2022 - 18:25:20: [randomcycle.smx] RandomCycle has chosen aim_ag_texture2_noble for the nextmap.
L 01/27/2022 - 18:28:43: [basecommands.smx] "dylan<131><STEAM_1:0:152419574><>" console command (cmdline "sv_air_max_wishspeed 30")
L 01/27/2022 - 18:31:04: [advadmin.smx] dylan: Death4two has been swapped
L 01/27/2022 - 18:41:59: [basecommands.smx] "dylan<131><STEAM_1:0:152419574><>" console command (cmdline "mp_damage_headshot_only 1")
L 01/27/2022 - 18:45:00: [basecommands.smx] "dylan<131><STEAM_1:0:152419574><>" console command (cmdline "sv_maxusrcmdprocessticks ")
L 01/27/2022 - 18:45:02: [basecommands.smx] "dylan<131><STEAM_1:0:152419574><>" console command (cmdline "sv_maxusrcmdprocessticks 24")
L 01/27/2022 - 18:54:10: [basecommands.smx] "dylan<132><STEAM_1:0:152419574><>" console command (cmdline "sv_maxusrcmdprocessticks 16")
L 01/27/2022 - 18:59:45: [basecommands.smx] "dylan<132><STEAM_1:0:152419574><>" console command (cmdline "sv_maxusrcmdprocessticks 64")
L 01/27/2022 - 19:09:50: [basecommands.smx] "dylan<132><STEAM_1:0:152419574><>" console command (cmdline "sv_air_max_wishspeed 60")
L 01/27/2022 - 19:11:11: [basecommands.smx] "dylan<132><STEAM_1:0:152419574><>" console command (cmdline "sv_maxusrcmdprocessticks 16")
L 01/27/2022 - 19:11:49: [basecommands.smx] "dylan<132><STEAM_1:0:152419574><>" console command (cmdline "mp_damage_headshot_only 0")
L 01/27/2022 - 19:13:16: [basecommands.smx] "dylan<132><STEAM_1:0:152419574><>" console command (cmdline "sv_maxusrcmdprocessticks 64")
L 01/27/2022 - 19:15:20: [basecommands.smx] "dylan<132><STEAM_1:0:152419574><>" console command (cmdline "sv_maxusrcmdprocessticks 0")
L 01/27/2022 - 19:18:30: [basecommands.smx] "dylan<132><STEAM_1:0:152419574><>" console command (cmdline "sv_maxusrcmdprocessticks 16")
L 01/27/2022 - 21:40:46: -------- Mapchange to aim_ag_texture2_noble --------
L 01/27/2022 - 21:40:46: [basecommands.smx] "Console<0><Console><Console>" changed cvar (cvar "sv_vote_issue_changelevel_allowed") (value "0")
L 01/27/2022 - 21:40:46: [basecommands.smx] "Console<0><Console><Console>" changed cvar (cvar "g_ragdoll_important_maxcount") (value "1")
L 01/27/2022 - 21:40:46: [basecommands.smx] "Console<0><Console><Console>" changed cvar (cvar "g_ragdoll_maxcount") (value "1")
L 01/27/2022 - 21:40:46: [basecommands.smx] "Console<0><Console><Console>" changed cvar (cvar "phys_enable_experimental_optimizations") (value "1")
L 01/27/2022 - 21:40:46: [basecommands.smx] "Console<0><Console><Console>" changed cvar (cvar "prop_active_gib_limit") (value "1")
L 01/27/2022 - 21:40:46: [basecommands.smx] "Console<0><Console><Console>" changed cvar (cvar "prop_active_gib_max_fade_time") (value "1")
L 01/27/2022 - 21:40:46: [basecommands.smx] "Console<0><Console><Console>" changed cvar (cvar "sv_turbophysics") (value "1")
L 01/27/2022 - 21:40:46: [basecommands.smx] "Console<0><Console><Console>" changed cvar (cvar "sv_parallel_sendsnapshot") (value "1")
L 01/27/2022 - 21:40:46: [basecommands.smx] "Console<0><Console><Console>" changed cvar (cvar "sv_enable_delta_packing") (value "1")
L 01/27/2022 - 21:40:46: [basecommands.smx] "Console<0><Console><Console>" changed cvar (cvar "sv_maxunlag") (value "0.2")
L 01/27/2022 - 21:40:46: [basecommands.smx] "Console<0><Console><Console>" changed cvar (cvar "net_maxcleartime") (value "0.001")
L 01/27/2022 - 21:40:46: [basecommands.smx] "Console<0><Console><Console>" changed cvar (cvar "net_minroutable") (value "1000")
L 01/27/2022 - 21:40:46: [basecommands.smx] "Console<0><Console><Console>" changed cvar (cvar "net_compresspackets") (value "0")
L 01/27/2022 - 21:40:46: [basecommands.smx] "Console<0><Console><Console>" changed cvar (cvar "fps_max") (value "0")
L 01/27/2022 - 21:40:46: [basecommands.smx] "Console<0><Console><Console>" changed cvar (cvar "host_framerate") (value "0")
L 01/27/2022 - 21:40:46: [basecommands.smx] "Console<0><Console><Console>" changed cvar (cvar "pvs_min_player_distance") (value "1")
L 01/27/2022 - 21:40:46: [basecommands.smx] "Console<0><Console><Console>" changed cvar (cvar "sv_alternateticks") (value "1")
L 01/27/2022 - 21:40:46: [basecommands.smx] "Console<0><Console><Console>" changed cvar (cvar "sv_force_transmit_ents") (value "0")
L 01/27/2022 - 21:40:46: [basecommands.smx] "Console<0><Console><Console>" changed cvar (cvar "sv_forcepreload") (value "1")
L 01/27/2022 - 21:40:46: [basecommands.smx] "Console<0><Console><Console>" changed cvar (cvar "sv_stats") (value "0")
L 01/27/2022 - 21:40:46: [basecommands.smx] "Console<0><Console><Console>" changed cvar (cvar "sv_parallel_packentities") (value "1")
L 01/27/2022 - 21:40:46: [basecommands.smx] "Console<0><Console><Console>" changed cvar (cvar "sv_multiplayer_maxtempentities") (value "1")
L 01/27/2022 - 21:40:46: [basecommands.smx] "Console<0><Console><Console>" changed cvar (cvar "occlusion_test_async") (value "1")
L 01/27/2022 - 21:40:46: [basecommands.smx] "Console<0><Console><Console>" changed cvar (cvar "host_threaded_sound") (value "1")
L 01/27/2022 - 21:40:46: [basecommands.smx] "Console<0><Console><Console>" changed cvar (cvar "sv_threaded_init") (value "1")
L 01/27/2022 - 21:40:46: [basecommands.smx] "Console<0><Console><Console>" changed cvar (cvar "mod_load_anims_async") (value "1")
L 01/27/2022 - 21:40:46: [basecommands.smx] "Console<0><Console><Console>" changed cvar (cvar "mod_load_mesh_async") (value "1")
L 01/27/2022 - 21:40:46: [basecommands.smx] "Console<0><Console><Console>" changed cvar (cvar "mod_load_vcollide_async") (value "1")
L 01/27/2022 - 21:40:46: [basecommands.smx] "Console<0><Console><Console>" changed cvar (cvar "vprof_server_thread") (value "1")
L 01/27/2022 - 21:40:46: [basecommands.smx] "Console<0><Console><Console>" changed cvar (cvar "g_ai_threadedgraphbuild") (value "1")
L 01/27/2022 - 21:40:46: [basecommands.smx] "Console<0><Console><Console>" changed cvar (cvar "sv_maxupdaterate") (value "128")
L 01/27/2022 - 21:40:46: [basecommands.smx] "Console<0><Console><Console>" changed cvar (cvar "sv_maxcmdrate") (value "128")
L 01/27/2022 - 21:40:46: [basecommands.smx] "Console<0><Console><Console>" changed cvar (cvar "weapon_recoil_cooldown") (value "0")
L 01/27/2022 - 21:40:46: [basecommands.smx] "Console<0><Console><Console>" changed cvar (cvar "weapon_recoil_decay1_exp") (value "99999")
L 01/27/2022 - 21:40:46: [basecommands.smx] "Console<0><Console><Console>" changed cvar (cvar "weapon_recoil_decay2_exp") (value "99999")
L 01/27/2022 - 21:40:46: [basecommands.smx] "Console<0><Console><Console>" changed cvar (cvar "weapon_recoil_decay2_lin") (value "99999")
L 01/27/2022 - 21:40:46: [basecommands.smx] "Console<0><Console><Console>" changed cvar (cvar "weapon_recoil_scale") (value "0")
L 01/27/2022 - 21:40:46: [basecommands.smx] "Console<0><Console><Console>" changed cvar (cvar "weapon_recoil_suppression_shots") (value "500")
L 01/27/2022 - 21:40:46: [basecommands.smx] "Console<0><Console><Console>" changed cvar (cvar "weapon_recoil_view_punch_extra") (value "0")
L 01/27/2022 - 21:40:46: [basecommands.smx] "Console<0><Console><Console>" changed cvar (cvar "spec_allow_roaming") (value "1")
L 01/27/2022 - 21:40:46: [basecommands.smx] "Console<0><Console><Console>" changed cvar (cvar "mp_teamname_2") (value "Noble - T")
L 01/27/2022 - 21:40:46: [basecommands.smx] "Console<0><Console><Console>" changed cvar (cvar "mp_teamname_1") (value "Noble - CT")
L 01/27/2022 - 21:40:52: [randomcycle.smx] RandomCycle has chosen aim_ag_texture2_noble for the nextmap.
L 01/28/2022 - 06:09:40: Log file closed.
