L 12/30/2021 - 02:14:26: [afk_manager4.smx] Player count for AFK Move minimum has been reached, feature is now enabled: sm_afk_move_min_players = 4 Current Players = 4
L 12/30/2021 - 02:33:30: [afk_manager4.smx] kyps kitten<37><STEAM_1:0:582183177><> was moved to spectate for being AFK too long.
L 12/30/2021 - 02:42:17: [afk_manager4.smx] kyps kitten<37><STEAM_1:0:582183177><> was moved to spectate for being AFK too long.
L 12/30/2021 - 02:42:18: [afk_manager4.smx] pA Kyzo<38><STEAM_1:1:607550104><> was moved to spectate for being AFK too long.
L 12/30/2021 - 02:44:30: [afk_manager4.smx] kyps kitten<37><STEAM_1:0:582183177><> was moved to spectate for being AFK too long.
L 12/30/2021 - 02:56:49: [afk_manager4.smx] kyps kitten<43><STEAM_1:0:582183177><> was moved to spectate for being AFK too long.
L 12/30/2021 - 03:05:04: [afk_manager4.smx] kyps kitten<43><STEAM_1:0:582183177><> was moved to spectate for being AFK too long.
L 12/30/2021 - 03:09:52: [afk_manager4.smx] kyps kitten<43><STEAM_1:0:582183177><> was moved to spectate for being AFK too long.
L 12/30/2021 - 03:19:32: [afk_manager4.smx] pA Kyzo<41><STEAM_1:1:607550104><> was moved to spectate for being AFK too long.
L 12/30/2021 - 03:19:32: [afk_manager4.smx] kyps kitten<43><STEAM_1:0:582183177><> was moved to spectate for being AFK too long.
L 12/30/2021 - 03:19:46: [afk_manager4.smx] Player count for AFK Move minimum is below requirements, feature is now disabled: sm_afk_move_min_players = 4 Current Players = 3
L 12/30/2021 - 04:47:41: [afk_manager4.smx] Player count for AFK Move minimum has been reached, feature is now enabled: sm_afk_move_min_players = 4 Current Players = 4
L 12/30/2021 - 04:56:07: [afk_manager4.smx] Player count for AFK Move minimum is below requirements, feature is now disabled: sm_afk_move_min_players = 4 Current Players = 2
L 12/30/2021 - 05:09:27: [afk_manager4.smx] Player count for AFK Move minimum has been reached, feature is now enabled: sm_afk_move_min_players = 4 Current Players = 4
L 12/30/2021 - 05:19:43: [afk_manager4.smx] Player count for AFK Move minimum is below requirements, feature is now disabled: sm_afk_move_min_players = 4 Current Players = 3
L 12/30/2021 - 09:46:53: [afk_manager4.smx] Player count for AFK Move minimum has been reached, feature is now enabled: sm_afk_move_min_players = 4 Current Players = 4
L 12/30/2021 - 10:06:16: [afk_manager4.smx] Bermuda Butter<77><STEAM_1:1:238827642><> was moved to spectate for being AFK too long.
L 12/30/2021 - 10:09:10: [afk_manager4.smx] Bermuda Butter<77><STEAM_1:1:238827642><> was moved to spectate for being AFK too long.
L 12/30/2021 - 10:10:23: [afk_manager4.smx] Player count for AFK Kick minimum has been reached, feature is now enabled: sm_afk_kick_min_players = 6 Current Players = 6
L 12/30/2021 - 10:12:00: [afk_manager4.smx] Player count for AFK Kick minimum is below requirements, feature is now disabled: sm_afk_kick_min_players = 6 Current Players = 5
L 12/30/2021 - 10:15:56: [afk_manager4.smx] Player count for AFK Move minimum is below requirements, feature is now disabled: sm_afk_move_min_players = 4 Current Players = 3
L 12/30/2021 - 18:35:16: [afk_manager4.smx] Player count for AFK Move minimum has been reached, feature is now enabled: sm_afk_move_min_players = 4 Current Players = 4
L 12/30/2021 - 18:36:57: [afk_manager4.smx] abood9768<10><STEAM_1:0:87211137><> was moved to spectate for being AFK too long.
L 12/30/2021 - 18:54:42: [afk_manager4.smx] proflickhitter<9><STEAM_1:1:634675108><> was moved to spectate for being AFK too long.
L 12/30/2021 - 18:59:59: [afk_manager4.smx] jakerobertsilverman<12><STEAM_1:1:599757198><> was moved to spectate for being AFK too long.
L 12/30/2021 - 19:08:54: [afk_manager4.smx] Player count for AFK Move minimum is below requirements, feature is now disabled: sm_afk_move_min_players = 4 Current Players = 3
