L 12/29/2021 - 08:41:39: SourceMod error session started
L 12/29/2021 - 08:41:39: Info (map "dm_mirage_v3_noble") (file "/home/steam/deathmatch/csgo/addons/sourcemod/logs/errors_20211229.log")
L 12/29/2021 - 08:41:39: [SM] Exception reported: Entity 2 (2) is invalid
L 12/29/2021 - 08:41:39: [SM] Blaming: DisableRadar.smx
L 12/29/2021 - 08:41:39: [SM] Call stack trace:
L 12/29/2021 - 08:41:39: [SM]   [0] GetEntProp
L 12/29/2021 - 08:41:39: [SM]   [1] Line 33, /home/forums/content/files/2/4/8/3/8/6/133573.attach::RemoveRadar
L 12/29/2021 - 08:41:39: [SM] Exception reported: Entity 2 (2) is invalid
L 12/29/2021 - 08:41:39: [SM] Blaming: DisableRadar.smx
L 12/29/2021 - 08:41:39: [SM] Call stack trace:
L 12/29/2021 - 08:41:39: [SM]   [0] GetEntProp
L 12/29/2021 - 08:41:39: [SM]   [1] Line 33, /home/forums/content/files/2/4/8/3/8/6/133573.attach::RemoveRadar
L 12/29/2021 - 11:49:24: Error log file session closed.
L 12/29/2021 - 16:08:53: SourceMod error session started
L 12/29/2021 - 16:08:53: Info (map "dm_mirage_v3_noble") (file "/home/steam/deathmatch/csgo/addons/sourcemod/logs/errors_20211229.log")
L 12/29/2021 - 16:08:53: [SM] Unable to load plugin "rockthevote.smx": Could not find required plugin "mapchooser"
L 12/29/2021 - 16:08:53: [SM] Error parsing gameconfig file "/home/steam/deathmatch/csgo/addons/sourcemod/gamedata/LagExploitFix_3_7_2020.txt":
L 12/29/2021 - 16:08:53: [SM] Error 1 on line 0, col 0: Stream failed to open
L 12/29/2021 - 16:08:53: [SM] Exception reported: Unable to open LagExploitFix_3_7_2020: File could not be opened: No such file or directory
L 12/29/2021 - 16:08:53: [SM] Blaming: ServerLagExploitFix_3_7_2020 (2).smx
L 12/29/2021 - 16:08:53: [SM] Call stack trace:
L 12/29/2021 - 16:08:53: [SM]   [0] LoadGameConfigFile
L 12/29/2021 - 16:08:53: [SM]   [1] Line 14, /home/forums/content/files/2/4/6/0/2/9/180045.attach::OnPluginStart
L 12/29/2021 - 16:08:53: [SM] Unable to load plugin "ServerLagExploitFix_3_7_2020 (2).smx": Error detected in plugin startup (see error logs)
L 12/29/2021 - 16:18:18: Error log file session closed.
L 12/29/2021 - 17:03:02: SourceMod error session started
L 12/29/2021 - 17:03:02: Info (map "dm_mirage_v3_noble") (file "/home/steam/deathmatch/csgo/addons/sourcemod/logs/errors_20211229.log")
L 12/29/2021 - 17:03:02: [SM] Exception reported: Entity 2 (2) is invalid
L 12/29/2021 - 17:03:02: [SM] Blaming: DisableRadar.smx
L 12/29/2021 - 17:03:02: [SM] Call stack trace:
L 12/29/2021 - 17:03:02: [SM]   [0] GetEntProp
L 12/29/2021 - 17:03:02: [SM]   [1] Line 33, /home/forums/content/files/2/4/8/3/8/6/133573.attach::RemoveRadar
L 12/29/2021 - 17:03:02: [SM] Exception reported: Entity 2 (2) is invalid
L 12/29/2021 - 17:03:02: [SM] Blaming: DisableRadar.smx
L 12/29/2021 - 17:03:02: [SM] Call stack trace:
L 12/29/2021 - 17:03:02: [SM]   [0] GetEntProp
L 12/29/2021 - 17:03:02: [SM]   [1] Line 33, /home/forums/content/files/2/4/8/3/8/6/133573.attach::RemoveRadar
L 12/29/2021 - 17:53:00: Error log file session closed.
L 12/29/2021 - 19:30:28: SourceMod error session started
L 12/29/2021 - 19:30:28: Info (map "dm_mirage_v3_noble") (file "/home/steam/deathmatch/csgo/addons/sourcemod/logs/errors_20211229.log")
L 12/29/2021 - 19:30:28: [SM] Exception reported: Entity 2 (2) is invalid
L 12/29/2021 - 19:30:28: [SM] Blaming: DisableRadar.smx
L 12/29/2021 - 19:30:28: [SM] Call stack trace:
L 12/29/2021 - 19:30:28: [SM]   [0] GetEntProp
L 12/29/2021 - 19:30:28: [SM]   [1] Line 33, /home/forums/content/files/2/4/8/3/8/6/133573.attach::RemoveRadar
L 12/29/2021 - 19:30:28: [SM] Exception reported: Entity 2 (2) is invalid
L 12/29/2021 - 19:30:28: [SM] Blaming: DisableRadar.smx
L 12/29/2021 - 19:30:28: [SM] Call stack trace:
L 12/29/2021 - 19:30:28: [SM]   [0] GetEntProp
L 12/29/2021 - 19:30:28: [SM]   [1] Line 33, /home/forums/content/files/2/4/8/3/8/6/133573.attach::RemoveRadar
L 12/29/2021 - 20:14:10: Error log file session closed.
