L 01/19/2022 - 05:15:21: SourceMod error session started
L 01/19/2022 - 05:15:21: Info (map "dm_mirage_v3_noble") (file "/home/steam/deathmatch/csgo/addons/sourcemod/logs/errors_20220119.log")
L 01/19/2022 - 05:15:21: [SM] Exception reported: Entity 2 (2) is invalid
L 01/19/2022 - 05:15:21: [SM] Blaming: DisableRadar.smx
L 01/19/2022 - 05:15:21: [SM] Call stack trace:
L 01/19/2022 - 05:15:21: [SM]   [0] GetEntProp
L 01/19/2022 - 05:15:21: [SM]   [1] Line 33, /home/forums/content/files/2/4/8/3/8/6/133573.attach::RemoveRadar
L 01/19/2022 - 05:15:21: [SM] Exception reported: Entity 2 (2) is invalid
L 01/19/2022 - 05:15:21: [SM] Blaming: DisableRadar.smx
L 01/19/2022 - 05:15:21: [SM] Call stack trace:
L 01/19/2022 - 05:15:21: [SM]   [0] GetEntProp
L 01/19/2022 - 05:15:21: [SM]   [1] Line 33, /home/forums/content/files/2/4/8/3/8/6/133573.attach::RemoveRadar
L 01/19/2022 - 06:41:41: Error log file session closed.
L 01/19/2022 - 12:45:30: SourceMod error session started
L 01/19/2022 - 12:45:30: Info (map "dm_mirage_v3_noble") (file "/home/steam/deathmatch/csgo/addons/sourcemod/logs/errors_20220119.log")
L 01/19/2022 - 12:45:30: [SM] Exception reported: Entity 2 (2) is invalid
L 01/19/2022 - 12:45:30: [SM] Blaming: DisableRadar.smx
L 01/19/2022 - 12:45:30: [SM] Call stack trace:
L 01/19/2022 - 12:45:30: [SM]   [0] GetEntProp
L 01/19/2022 - 12:45:30: [SM]   [1] Line 33, /home/forums/content/files/2/4/8/3/8/6/133573.attach::RemoveRadar
L 01/19/2022 - 12:45:30: [SM] Exception reported: Entity 2 (2) is invalid
L 01/19/2022 - 12:45:30: [SM] Blaming: DisableRadar.smx
L 01/19/2022 - 12:45:30: [SM] Call stack trace:
L 01/19/2022 - 12:45:30: [SM]   [0] GetEntProp
L 01/19/2022 - 12:45:30: [SM]   [1] Line 33, /home/forums/content/files/2/4/8/3/8/6/133573.attach::RemoveRadar
L 01/19/2022 - 15:36:16: Error log file session closed.
L 01/19/2022 - 15:36:49: SourceMod error session started
L 01/19/2022 - 15:36:49: Info (map "dm_mirage_v3_noble") (file "/home/steam/deathmatch/csgo/addons/sourcemod/logs/errors_20220119.log")
L 01/19/2022 - 15:36:49: [SM] Exception reported: Entity 2 (2) is invalid
L 01/19/2022 - 15:36:49: [SM] Blaming: DisableRadar.smx
L 01/19/2022 - 15:36:49: [SM] Call stack trace:
L 01/19/2022 - 15:36:49: [SM]   [0] GetEntProp
L 01/19/2022 - 15:36:49: [SM]   [1] Line 33, /home/forums/content/files/2/4/8/3/8/6/133573.attach::RemoveRadar
L 01/19/2022 - 15:36:49: [SM] Exception reported: Entity 2 (2) is invalid
L 01/19/2022 - 15:36:49: [SM] Blaming: DisableRadar.smx
L 01/19/2022 - 15:36:49: [SM] Call stack trace:
L 01/19/2022 - 15:36:49: [SM]   [0] GetEntProp
L 01/19/2022 - 15:36:49: [SM]   [1] Line 33, /home/forums/content/files/2/4/8/3/8/6/133573.attach::RemoveRadar
L 01/19/2022 - 19:06:10: Error log file session closed.
