L 02/02/2022 - 01:03:55: SourceMod error session started
L 02/02/2022 - 01:03:55: Info (map "dm_mirage_v3_noble") (file "/home/steam/deathmatch/csgo/addons/sourcemod/logs/errors_20220202.log")
L 02/02/2022 - 01:03:55: [SM] Unable to load plugin "rockthevote.smx": Could not find required plugin "mapchooser"
L 02/02/2022 - 01:03:55: [SM] Error parsing gameconfig file "/home/steam/deathmatch/csgo/addons/sourcemod/gamedata/LagExploitFix_3_7_2020.txt":
L 02/02/2022 - 01:03:55: [SM] Error 1 on line 0, col 0: Stream failed to open
L 02/02/2022 - 01:03:55: [SM] Exception reported: Unable to open LagExploitFix_3_7_2020: File could not be opened: No such file or directory
L 02/02/2022 - 01:03:55: [SM] Blaming: ServerLagExploitFix_3_7_2020 (2).smx
L 02/02/2022 - 01:03:55: [SM] Call stack trace:
L 02/02/2022 - 01:03:55: [SM]   [0] LoadGameConfigFile
L 02/02/2022 - 01:03:55: [SM]   [1] Line 14, /home/forums/content/files/2/4/6/0/2/9/180045.attach::OnPluginStart
L 02/02/2022 - 01:03:55: [SM] Unable to load plugin "ServerLagExploitFix_3_7_2020 (2).smx": Error detected in plugin startup (see error logs)
L 02/02/2022 - 01:14:31: Error log file session closed.
L 02/02/2022 - 12:32:31: SourceMod error session started
L 02/02/2022 - 12:32:31: Info (map "dm_mirage_v3_noble") (file "/home/steam/deathmatch/csgo/addons/sourcemod/logs/errors_20220202.log")
L 02/02/2022 - 12:32:31: [SM] Exception reported: Entity 2 (2) is invalid
L 02/02/2022 - 12:32:31: [SM] Blaming: DisableRadar.smx
L 02/02/2022 - 12:32:31: [SM] Call stack trace:
L 02/02/2022 - 12:32:31: [SM]   [0] GetEntProp
L 02/02/2022 - 12:32:31: [SM]   [1] Line 33, /home/forums/content/files/2/4/8/3/8/6/133573.attach::RemoveRadar
L 02/02/2022 - 12:32:31: [SM] Exception reported: Entity 2 (2) is invalid
L 02/02/2022 - 12:32:31: [SM] Blaming: DisableRadar.smx
L 02/02/2022 - 12:32:31: [SM] Call stack trace:
L 02/02/2022 - 12:32:31: [SM]   [0] GetEntProp
L 02/02/2022 - 12:32:31: [SM]   [1] Line 33, /home/forums/content/files/2/4/8/3/8/6/133573.attach::RemoveRadar
L 02/02/2022 - 12:34:34: Error log file session closed.
L 02/02/2022 - 18:01:03: SourceMod error session started
L 02/02/2022 - 18:01:03: Info (map "dm_mirage_v3_noble") (file "/home/steam/deathmatch/csgo/addons/sourcemod/logs/errors_20220202.log")
L 02/02/2022 - 18:01:03: [SM] Unable to load plugin "rockthevote.smx": Could not find required plugin "mapchooser"
L 02/02/2022 - 18:01:03: [SM] Error parsing gameconfig file "/home/steam/deathmatch/csgo/addons/sourcemod/gamedata/LagExploitFix_3_7_2020.txt":
L 02/02/2022 - 18:01:03: [SM] Error 1 on line 0, col 0: Stream failed to open
L 02/02/2022 - 18:01:03: [SM] Exception reported: Unable to open LagExploitFix_3_7_2020: File could not be opened: No such file or directory
L 02/02/2022 - 18:01:03: [SM] Blaming: ServerLagExploitFix_3_7_2020 (2).smx
L 02/02/2022 - 18:01:03: [SM] Call stack trace:
L 02/02/2022 - 18:01:03: [SM]   [0] LoadGameConfigFile
L 02/02/2022 - 18:01:03: [SM]   [1] Line 14, /home/forums/content/files/2/4/6/0/2/9/180045.attach::OnPluginStart
L 02/02/2022 - 18:01:03: [SM] Unable to load plugin "ServerLagExploitFix_3_7_2020 (2).smx": Error detected in plugin startup (see error logs)
L 02/02/2022 - 18:04:18: Error log file session closed.
L 02/02/2022 - 18:54:21: SourceMod error session started
L 02/02/2022 - 18:54:21: Info (map "dm_mirage_v3_noble") (file "/home/steam/deathmatch/csgo/addons/sourcemod/logs/errors_20220202.log")
L 02/02/2022 - 18:54:21: [SM] Unable to load plugin "rockthevote.smx": Could not find required plugin "mapchooser"
L 02/02/2022 - 18:54:21: [SM] Error parsing gameconfig file "/home/steam/deathmatch/csgo/addons/sourcemod/gamedata/LagExploitFix_3_7_2020.txt":
L 02/02/2022 - 18:54:21: [SM] Error 1 on line 0, col 0: Stream failed to open
L 02/02/2022 - 18:54:21: [SM] Exception reported: Unable to open LagExploitFix_3_7_2020: File could not be opened: No such file or directory
L 02/02/2022 - 18:54:21: [SM] Blaming: ServerLagExploitFix_3_7_2020 (2).smx
L 02/02/2022 - 18:54:21: [SM] Call stack trace:
L 02/02/2022 - 18:54:21: [SM]   [0] LoadGameConfigFile
L 02/02/2022 - 18:54:21: [SM]   [1] Line 14, /home/forums/content/files/2/4/6/0/2/9/180045.attach::OnPluginStart
L 02/02/2022 - 18:54:21: [SM] Unable to load plugin "ServerLagExploitFix_3_7_2020 (2).smx": Error detected in plugin startup (see error logs)
L 02/02/2022 - 19:18:34: Error log file session closed.
L 02/02/2022 - 19:42:30: SourceMod error session started
L 02/02/2022 - 19:42:30: Info (map "dm_mirage_v3_noble") (file "/home/steam/deathmatch/csgo/addons/sourcemod/logs/errors_20220202.log")
L 02/02/2022 - 19:42:30: [SM] Exception reported: Entity 2 (2) is invalid
L 02/02/2022 - 19:42:30: [SM] Blaming: DisableRadar.smx
L 02/02/2022 - 19:42:30: [SM] Call stack trace:
L 02/02/2022 - 19:42:30: [SM]   [0] GetEntProp
L 02/02/2022 - 19:42:30: [SM]   [1] Line 33, /home/forums/content/files/2/4/8/3/8/6/133573.attach::RemoveRadar
L 02/02/2022 - 19:42:30: [SM] Exception reported: Entity 2 (2) is invalid
L 02/02/2022 - 19:42:30: [SM] Blaming: DisableRadar.smx
L 02/02/2022 - 19:42:30: [SM] Call stack trace:
L 02/02/2022 - 19:42:30: [SM]   [0] GetEntProp
L 02/02/2022 - 19:42:30: [SM]   [1] Line 33, /home/forums/content/files/2/4/8/3/8/6/133573.attach::RemoveRadar
L 02/02/2022 - 19:48:58: Error log file session closed.
L 02/02/2022 - 19:49:33: SourceMod error session started
L 02/02/2022 - 19:49:33: Info (map "dm_mirage_v3_noble") (file "/home/steam/deathmatch/csgo/addons/sourcemod/logs/errors_20220202.log")
L 02/02/2022 - 19:49:33: [SM] Exception reported: Entity 2 (2) is invalid
L 02/02/2022 - 19:49:33: [SM] Blaming: DisableRadar.smx
L 02/02/2022 - 19:49:33: [SM] Call stack trace:
L 02/02/2022 - 19:49:33: [SM]   [0] GetEntProp
L 02/02/2022 - 19:49:33: [SM]   [1] Line 33, /home/forums/content/files/2/4/8/3/8/6/133573.attach::RemoveRadar
L 02/02/2022 - 19:49:33: [SM] Exception reported: Entity 2 (2) is invalid
L 02/02/2022 - 19:49:33: [SM] Blaming: DisableRadar.smx
L 02/02/2022 - 19:49:33: [SM] Call stack trace:
L 02/02/2022 - 19:49:33: [SM]   [0] GetEntProp
L 02/02/2022 - 19:49:33: [SM]   [1] Line 33, /home/forums/content/files/2/4/8/3/8/6/133573.attach::RemoveRadar
L 02/02/2022 - 20:20:25: Error log file session closed.
