L 01/26/2022 - 00:42:00: SourceMod error session started
L 01/26/2022 - 00:42:00: Info (map "dm_mirage_v3_noble") (file "/home/steam/deathmatch/csgo/addons/sourcemod/logs/errors_20220126.log")
L 01/26/2022 - 00:42:00: [SM] Unable to load plugin "rockthevote.smx": Could not find required plugin "mapchooser"
L 01/26/2022 - 00:42:00: [SM] Error parsing gameconfig file "/home/steam/deathmatch/csgo/addons/sourcemod/gamedata/LagExploitFix_3_7_2020.txt":
L 01/26/2022 - 00:42:00: [SM] Error 1 on line 0, col 0: Stream failed to open
L 01/26/2022 - 00:42:00: [SM] Exception reported: Unable to open LagExploitFix_3_7_2020: File could not be opened: No such file or directory
L 01/26/2022 - 00:42:00: [SM] Blaming: ServerLagExploitFix_3_7_2020 (2).smx
L 01/26/2022 - 00:42:00: [SM] Call stack trace:
L 01/26/2022 - 00:42:00: [SM]   [0] LoadGameConfigFile
L 01/26/2022 - 00:42:00: [SM]   [1] Line 14, /home/forums/content/files/2/4/6/0/2/9/180045.attach::OnPluginStart
L 01/26/2022 - 00:42:00: [SM] Unable to load plugin "ServerLagExploitFix_3_7_2020 (2).smx": Error detected in plugin startup (see error logs)
L 01/26/2022 - 00:48:30: Error log file session closed.
L 01/26/2022 - 06:02:37: SourceMod error session started
L 01/26/2022 - 06:02:37: Info (map "dm_mirage_v3_noble") (file "/home/steam/deathmatch/csgo/addons/sourcemod/logs/errors_20220126.log")
L 01/26/2022 - 06:02:37: [SM] Exception reported: Entity 2 (2) is invalid
L 01/26/2022 - 06:02:37: [SM] Blaming: DisableRadar.smx
L 01/26/2022 - 06:02:37: [SM] Call stack trace:
L 01/26/2022 - 06:02:37: [SM]   [0] GetEntProp
L 01/26/2022 - 06:02:37: [SM]   [1] Line 33, /home/forums/content/files/2/4/8/3/8/6/133573.attach::RemoveRadar
L 01/26/2022 - 06:02:37: [SM] Exception reported: Entity 2 (2) is invalid
L 01/26/2022 - 06:02:37: [SM] Blaming: DisableRadar.smx
L 01/26/2022 - 06:02:37: [SM] Call stack trace:
L 01/26/2022 - 06:02:37: [SM]   [0] GetEntProp
L 01/26/2022 - 06:02:37: [SM]   [1] Line 33, /home/forums/content/files/2/4/8/3/8/6/133573.attach::RemoveRadar
L 01/26/2022 - 10:13:37: Error log file session closed.
L 01/26/2022 - 16:06:42: SourceMod error session started
L 01/26/2022 - 16:06:42: Info (map "dm_mirage_v3_noble") (file "/home/steam/deathmatch/csgo/addons/sourcemod/logs/errors_20220126.log")
L 01/26/2022 - 16:06:42: [SM] Exception reported: Entity 2 (2) is invalid
L 01/26/2022 - 16:06:42: [SM] Blaming: DisableRadar.smx
L 01/26/2022 - 16:06:42: [SM] Call stack trace:
L 01/26/2022 - 16:06:42: [SM]   [0] GetEntProp
L 01/26/2022 - 16:06:42: [SM]   [1] Line 33, /home/forums/content/files/2/4/8/3/8/6/133573.attach::RemoveRadar
L 01/26/2022 - 16:06:42: [SM] Exception reported: Entity 2 (2) is invalid
L 01/26/2022 - 16:06:42: [SM] Blaming: DisableRadar.smx
L 01/26/2022 - 16:06:42: [SM] Call stack trace:
L 01/26/2022 - 16:06:42: [SM]   [0] GetEntProp
L 01/26/2022 - 16:06:42: [SM]   [1] Line 33, /home/forums/content/files/2/4/8/3/8/6/133573.attach::RemoveRadar
L 01/26/2022 - 17:30:45: Error log file session closed.
L 01/26/2022 - 17:59:39: SourceMod error session started
L 01/26/2022 - 17:59:39: Info (map "dm_mirage_v3_noble") (file "/home/steam/deathmatch/csgo/addons/sourcemod/logs/errors_20220126.log")
L 01/26/2022 - 17:59:39: [SM] Exception reported: Entity 2 (2) is invalid
L 01/26/2022 - 17:59:39: [SM] Blaming: DisableRadar.smx
L 01/26/2022 - 17:59:39: [SM] Call stack trace:
L 01/26/2022 - 17:59:39: [SM]   [0] GetEntProp
L 01/26/2022 - 17:59:39: [SM]   [1] Line 33, /home/forums/content/files/2/4/8/3/8/6/133573.attach::RemoveRadar
L 01/26/2022 - 17:59:39: [SM] Exception reported: Entity 2 (2) is invalid
L 01/26/2022 - 17:59:39: [SM] Blaming: DisableRadar.smx
L 01/26/2022 - 17:59:39: [SM] Call stack trace:
L 01/26/2022 - 17:59:39: [SM]   [0] GetEntProp
L 01/26/2022 - 17:59:39: [SM]   [1] Line 33, /home/forums/content/files/2/4/8/3/8/6/133573.attach::RemoveRadar
L 01/26/2022 - 19:05:10: Error log file session closed.
L 01/26/2022 - 21:46:41: SourceMod error session started
L 01/26/2022 - 21:46:41: Info (map "dm_mirage_v3_noble") (file "/home/steam/deathmatch/csgo/addons/sourcemod/logs/errors_20220126.log")
L 01/26/2022 - 21:46:41: [SM] Unable to load plugin "rockthevote.smx": Could not find required plugin "mapchooser"
L 01/26/2022 - 21:46:41: [SM] Error parsing gameconfig file "/home/steam/deathmatch/csgo/addons/sourcemod/gamedata/LagExploitFix_3_7_2020.txt":
L 01/26/2022 - 21:46:41: [SM] Error 1 on line 0, col 0: Stream failed to open
L 01/26/2022 - 21:46:41: [SM] Exception reported: Unable to open LagExploitFix_3_7_2020: File could not be opened: No such file or directory
L 01/26/2022 - 21:46:41: [SM] Blaming: ServerLagExploitFix_3_7_2020 (2).smx
L 01/26/2022 - 21:46:41: [SM] Call stack trace:
L 01/26/2022 - 21:46:41: [SM]   [0] LoadGameConfigFile
L 01/26/2022 - 21:46:41: [SM]   [1] Line 14, /home/forums/content/files/2/4/6/0/2/9/180045.attach::OnPluginStart
L 01/26/2022 - 21:46:41: [SM] Unable to load plugin "ServerLagExploitFix_3_7_2020 (2).smx": Error detected in plugin startup (see error logs)
L 01/26/2022 - 23:51:35: Error log file session closed.
