L 02/09/2022 - 13:59:43: SourceMod error session started
L 02/09/2022 - 13:59:43: Info (map "dm_mirage_v3_noble") (file "/home/steam/deathmatch/csgo/addons/sourcemod/logs/errors_20220209.log")
L 02/09/2022 - 13:59:43: [SM] Exception reported: Entity 2 (2) is invalid
L 02/09/2022 - 13:59:43: [SM] Blaming: DisableRadar.smx
L 02/09/2022 - 13:59:43: [SM] Call stack trace:
L 02/09/2022 - 13:59:43: [SM]   [0] GetEntProp
L 02/09/2022 - 13:59:43: [SM]   [1] Line 33, /home/forums/content/files/2/4/8/3/8/6/133573.attach::RemoveRadar
L 02/09/2022 - 13:59:43: [SM] Exception reported: Entity 2 (2) is invalid
L 02/09/2022 - 13:59:43: [SM] Blaming: DisableRadar.smx
L 02/09/2022 - 13:59:43: [SM] Call stack trace:
L 02/09/2022 - 13:59:43: [SM]   [0] GetEntProp
L 02/09/2022 - 13:59:43: [SM]   [1] Line 33, /home/forums/content/files/2/4/8/3/8/6/133573.attach::RemoveRadar
L 02/09/2022 - 15:55:50: Error log file session closed.
L 02/09/2022 - 15:56:13: SourceMod error session started
L 02/09/2022 - 15:56:13: Info (map "dm_mirage_v3_noble") (file "/home/steam/deathmatch/csgo/addons/sourcemod/logs/errors_20220209.log")
L 02/09/2022 - 15:56:13: [SM] Exception reported: Entity 2 (2) is invalid
L 02/09/2022 - 15:56:13: [SM] Blaming: DisableRadar.smx
L 02/09/2022 - 15:56:13: [SM] Call stack trace:
L 02/09/2022 - 15:56:13: [SM]   [0] GetEntProp
L 02/09/2022 - 15:56:13: [SM]   [1] Line 33, /home/forums/content/files/2/4/8/3/8/6/133573.attach::RemoveRadar
L 02/09/2022 - 15:56:13: [SM] Exception reported: Entity 2 (2) is invalid
L 02/09/2022 - 15:56:13: [SM] Blaming: DisableRadar.smx
L 02/09/2022 - 15:56:13: [SM] Call stack trace:
L 02/09/2022 - 15:56:13: [SM]   [0] GetEntProp
L 02/09/2022 - 15:56:13: [SM]   [1] Line 33, /home/forums/content/files/2/4/8/3/8/6/133573.attach::RemoveRadar
L 02/10/2022 - 04:38:03: Error log file session closed.
