L 01/30/2022 - 04:14:13: SourceMod error session started
L 01/30/2022 - 04:14:13: Info (map "dm_mirage_v3_noble") (file "/home/steam/deathmatch/csgo/addons/sourcemod/logs/errors_20220130.log")
L 01/30/2022 - 04:14:13: [SM] Exception reported: Entity 2 (2) is invalid
L 01/30/2022 - 04:14:13: [SM] Blaming: DisableRadar.smx
L 01/30/2022 - 04:14:13: [SM] Call stack trace:
L 01/30/2022 - 04:14:13: [SM]   [0] GetEntProp
L 01/30/2022 - 04:14:13: [SM]   [1] Line 33, /home/forums/content/files/2/4/8/3/8/6/133573.attach::RemoveRadar
L 01/30/2022 - 04:14:13: [SM] Exception reported: Entity 2 (2) is invalid
L 01/30/2022 - 04:14:13: [SM] Blaming: DisableRadar.smx
L 01/30/2022 - 04:14:13: [SM] Call stack trace:
L 01/30/2022 - 04:14:13: [SM]   [0] GetEntProp
L 01/30/2022 - 04:14:13: [SM]   [1] Line 33, /home/forums/content/files/2/4/8/3/8/6/133573.attach::RemoveRadar
L 01/30/2022 - 07:23:32: Error log file session closed.
L 01/30/2022 - 08:49:49: SourceMod error session started
L 01/30/2022 - 08:49:49: Info (map "dm_mirage_v3_noble") (file "/home/steam/deathmatch/csgo/addons/sourcemod/logs/errors_20220130.log")
L 01/30/2022 - 08:49:49: [SM] Exception reported: Entity 3 (3) is invalid
L 01/30/2022 - 08:49:49: [SM] Blaming: DisableRadar.smx
L 01/30/2022 - 08:49:49: [SM] Call stack trace:
L 01/30/2022 - 08:49:49: [SM]   [0] GetEntProp
L 01/30/2022 - 08:49:49: [SM]   [1] Line 33, /home/forums/content/files/2/4/8/3/8/6/133573.attach::RemoveRadar
L 01/30/2022 - 08:49:49: [SM] Exception reported: Entity 3 (3) is invalid
L 01/30/2022 - 08:49:49: [SM] Blaming: DisableRadar.smx
L 01/30/2022 - 08:49:49: [SM] Call stack trace:
L 01/30/2022 - 08:49:49: [SM]   [0] GetEntProp
L 01/30/2022 - 08:49:49: [SM]   [1] Line 33, /home/forums/content/files/2/4/8/3/8/6/133573.attach::RemoveRadar
L 01/30/2022 - 09:44:34: Error log file session closed.
L 01/30/2022 - 14:42:25: SourceMod error session started
L 01/30/2022 - 14:42:25: Info (map "dm_mirage_v3_noble") (file "/home/steam/deathmatch/csgo/addons/sourcemod/logs/errors_20220130.log")
L 01/30/2022 - 14:42:25: [SM] Unable to load plugin "rockthevote.smx": Could not find required plugin "mapchooser"
L 01/30/2022 - 14:42:25: [SM] Error parsing gameconfig file "/home/steam/deathmatch/csgo/addons/sourcemod/gamedata/LagExploitFix_3_7_2020.txt":
L 01/30/2022 - 14:42:25: [SM] Error 1 on line 0, col 0: Stream failed to open
L 01/30/2022 - 14:42:25: [SM] Exception reported: Unable to open LagExploitFix_3_7_2020: File could not be opened: No such file or directory
L 01/30/2022 - 14:42:25: [SM] Blaming: ServerLagExploitFix_3_7_2020 (2).smx
L 01/30/2022 - 14:42:25: [SM] Call stack trace:
L 01/30/2022 - 14:42:25: [SM]   [0] LoadGameConfigFile
L 01/30/2022 - 14:42:25: [SM]   [1] Line 14, /home/forums/content/files/2/4/6/0/2/9/180045.attach::OnPluginStart
L 01/30/2022 - 14:42:25: [SM] Unable to load plugin "ServerLagExploitFix_3_7_2020 (2).smx": Error detected in plugin startup (see error logs)
L 01/30/2022 - 14:51:43: Error log file session closed.
