L 01/11/2022 - 16:44:22: [afk_manager4.smx] Player count for AFK Move minimum has been reached, feature is now enabled: sm_afk_move_min_players = 4 Current Players = 4
L 01/11/2022 - 16:45:21: [afk_manager4.smx] hiyku64<3393><STEAM_1:1:625719673><> was moved to spectate for being AFK too long.
L 01/11/2022 - 16:55:50: [afk_manager4.smx] asscrack007<3399><STEAM_1:0:29274297><> was moved to spectate for being AFK too long.
L 01/11/2022 - 17:00:27: [afk_manager4.smx] Player count for AFK Move minimum is below requirements, feature is now disabled: sm_afk_move_min_players = 4 Current Players = 3
L 01/11/2022 - 23:43:56: [afk_manager4.smx] Player count for AFK Move minimum has been reached, feature is now enabled: sm_afk_move_min_players = 4 Current Players = 4
L 01/11/2022 - 23:43:57: [afk_manager4.smx] Player count for AFK Kick minimum has been reached, feature is now enabled: sm_afk_kick_min_players = 6 Current Players = 6
L 01/11/2022 - 23:46:30: [afk_manager4.smx] Player count for AFK Kick minimum is below requirements, feature is now disabled: sm_afk_kick_min_players = 6 Current Players = 5
L 01/11/2022 - 23:46:42: [afk_manager4.smx] Player count for AFK Kick minimum has been reached, feature is now enabled: sm_afk_kick_min_players = 6 Current Players = 6
L 01/11/2022 - 23:46:53: [afk_manager4.smx] Player count for AFK Kick minimum is below requirements, feature is now disabled: sm_afk_kick_min_players = 6 Current Players = 5
L 01/11/2022 - 23:57:50: [afk_manager4.smx] stealth build 2020<3476><STEAM_1:1:613964347><> was moved to spectate for being AFK too long.
L 01/12/2022 - 00:04:47: [afk_manager4.smx] Player count for AFK Kick minimum has been reached, feature is now enabled: sm_afk_kick_min_players = 6 Current Players = 6
L 01/12/2022 - 00:13:40: [afk_manager4.smx] Player count for AFK Kick minimum is below requirements, feature is now disabled: sm_afk_kick_min_players = 6 Current Players = 5
L 01/12/2022 - 00:33:49: [afk_manager4.smx] Player count for AFK Kick minimum has been reached, feature is now enabled: sm_afk_kick_min_players = 6 Current Players = 6
L 01/12/2022 - 00:35:24: [afk_manager4.smx] Player count for AFK Kick minimum is below requirements, feature is now disabled: sm_afk_kick_min_players = 6 Current Players = 5
L 01/12/2022 - 00:42:26: [afk_manager4.smx] Player count for AFK Move minimum is below requirements, feature is now disabled: sm_afk_move_min_players = 4 Current Players = 3
L 01/12/2022 - 00:53:31: [afk_manager4.smx] Player count for AFK Move minimum has been reached, feature is now enabled: sm_afk_move_min_players = 4 Current Players = 4
L 01/12/2022 - 00:58:01: [afk_manager4.smx] Player count for AFK Move minimum is below requirements, feature is now disabled: sm_afk_move_min_players = 4 Current Players = 3
L 01/12/2022 - 01:03:27: [afk_manager4.smx] Player count for AFK Move minimum has been reached, feature is now enabled: sm_afk_move_min_players = 4 Current Players = 4
L 01/12/2022 - 01:06:55: [afk_manager4.smx] Sasquatch1771<3487><STEAM_1:1:69263117><> was moved to spectate for being AFK too long.
L 01/12/2022 - 01:09:25: [afk_manager4.smx] Player count for AFK Kick minimum has been reached, feature is now enabled: sm_afk_kick_min_players = 6 Current Players = 6
L 01/12/2022 - 01:11:52: [afk_manager4.smx] Player count for AFK Kick minimum is below requirements, feature is now disabled: sm_afk_kick_min_players = 6 Current Players = 5
L 01/12/2022 - 01:16:52: [afk_manager4.smx] Player count for AFK Move minimum is below requirements, feature is now disabled: sm_afk_move_min_players = 4 Current Players = 3
