L 01/03/2022 - 06:08:37: [afk_manager4.smx] Player count for AFK Move minimum has been reached, feature is now enabled: sm_afk_move_min_players = 4 Current Players = 4
L 01/03/2022 - 06:28:45: [afk_manager4.smx] Wipeout<1372><STEAM_1:1:52574485><> was moved to spectate for being AFK too long.
L 01/03/2022 - 06:30:13: [afk_manager4.smx] Player count for AFK Move minimum is below requirements, feature is now disabled: sm_afk_move_min_players = 4 Current Players = 3
L 01/03/2022 - 06:35:05: [afk_manager4.smx] Player count for AFK Move minimum has been reached, feature is now enabled: sm_afk_move_min_players = 4 Current Players = 4
L 01/03/2022 - 06:36:50: [afk_manager4.smx] marencraig2<1374><STEAM_1:0:585093209><> was moved to spectate for being AFK too long.
L 01/03/2022 - 06:38:10: [afk_manager4.smx] Player count for AFK Move minimum is below requirements, feature is now disabled: sm_afk_move_min_players = 4 Current Players = 3
L 01/03/2022 - 09:01:34: [afk_manager4.smx] Player count for AFK Move minimum has been reached, feature is now enabled: sm_afk_move_min_players = 4 Current Players = 4
L 01/03/2022 - 09:24:50: [afk_manager4.smx] Ronnoc<1393><STEAM_1:0:52075322><> was moved to spectate for being AFK too long.
L 01/03/2022 - 09:26:45: [afk_manager4.smx] Player count for AFK Move minimum is below requirements, feature is now disabled: sm_afk_move_min_players = 4 Current Players = 3
L 01/03/2022 - 15:06:05: [afk_manager4.smx] Player count for AFK Move minimum has been reached, feature is now enabled: sm_afk_move_min_players = 4 Current Players = 4
L 01/03/2022 - 15:12:27: [afk_manager4.smx] codymcpherson2003<1433><STEAM_1:0:632299801><> was moved to spectate for being AFK too long.
L 01/03/2022 - 15:30:17: [afk_manager4.smx] LilJai<1431><STEAM_1:1:569299888><> was moved to spectate for being AFK too long.
L 01/03/2022 - 15:30:45: [afk_manager4.smx] Player count for AFK Move minimum is below requirements, feature is now disabled: sm_afk_move_min_players = 4 Current Players = 3
L 01/03/2022 - 19:41:58: [afk_manager4.smx] Player count for AFK Move minimum has been reached, feature is now enabled: sm_afk_move_min_players = 4 Current Players = 4
L 01/03/2022 - 19:42:08: [afk_manager4.smx] Player count for AFK Move minimum is below requirements, feature is now disabled: sm_afk_move_min_players = 4 Current Players = 3
L 01/03/2022 - 22:27:07: [afk_manager4.smx] Player count for AFK Move minimum has been reached, feature is now enabled: sm_afk_move_min_players = 4 Current Players = 4
L 01/03/2022 - 22:27:27: [afk_manager4.smx] eros<1537><STEAM_1:1:502629085><> was moved to spectate for being AFK too long.
L 01/03/2022 - 22:33:12: [afk_manager4.smx] ghoss<1536><STEAM_1:0:566885565><> was moved to spectate for being AFK too long.
L 01/03/2022 - 22:33:19: [afk_manager4.smx] DaFrog<1539><STEAM_1:1:529003383><> was moved to spectate for being AFK too long.
L 01/03/2022 - 22:35:58: [afk_manager4.smx] eros<1537><STEAM_1:1:502629085><> was moved to spectate for being AFK too long.
L 01/03/2022 - 22:38:36: [afk_manager4.smx] Player count for AFK Move minimum is below requirements, feature is now disabled: sm_afk_move_min_players = 4 Current Players = 3
