L 01/02/2022 - 18:28:47: [afk_manager4.smx] Player count for AFK Move minimum has been reached, feature is now enabled: sm_afk_move_min_players = 4 Current Players = 4
L 01/02/2022 - 18:32:42: [afk_manager4.smx] codymcpherson2003<1214><STEAM_1:0:632299801><> was moved to spectate for being AFK too long.
L 01/02/2022 - 18:33:14: [afk_manager4.smx] Player count for AFK Move minimum is below requirements, feature is now disabled: sm_afk_move_min_players = 4 Current Players = 3
L 01/02/2022 - 21:31:36: [afk_manager4.smx] Player count for AFK Move minimum has been reached, feature is now enabled: sm_afk_move_min_players = 4 Current Players = 4
L 01/02/2022 - 21:46:13: [afk_manager4.smx] Books<1275><STEAM_1:1:71202667><> was moved to spectate for being AFK too long.
L 01/02/2022 - 21:53:44: [afk_manager4.smx] Player count for AFK Kick minimum has been reached, feature is now enabled: sm_afk_kick_min_players = 6 Current Players = 6
L 01/02/2022 - 22:02:03: [afk_manager4.smx] HennyStyleJutsu<1277><STEAM_1:0:117833085><> was moved to spectate for being AFK too long.
L 01/02/2022 - 22:14:19: [afk_manager4.smx] Player count for AFK Kick minimum is below requirements, feature is now disabled: sm_afk_kick_min_players = 6 Current Players = 5
L 01/02/2022 - 22:16:34: [afk_manager4.smx] Player count for AFK Kick minimum has been reached, feature is now enabled: sm_afk_kick_min_players = 6 Current Players = 6
L 01/02/2022 - 22:18:38: [afk_manager4.smx] Player count for AFK Kick minimum is below requirements, feature is now disabled: sm_afk_kick_min_players = 6 Current Players = 5
L 01/02/2022 - 22:21:20: [afk_manager4.smx] Player count for AFK Move minimum is below requirements, feature is now disabled: sm_afk_move_min_players = 4 Current Players = 3
L 01/02/2022 - 22:34:05: [afk_manager4.smx] Player count for AFK Move minimum has been reached, feature is now enabled: sm_afk_move_min_players = 4 Current Players = 4
L 01/02/2022 - 22:36:35: [afk_manager4.smx] landonisthebest900<1283><STEAM_1:1:567343858><> was moved to spectate for being AFK too long.
L 01/02/2022 - 22:41:30: [afk_manager4.smx] Player count for AFK Kick minimum has been reached, feature is now enabled: sm_afk_kick_min_players = 6 Current Players = 6
L 01/02/2022 - 22:44:04: [afk_manager4.smx] brum $$<1288><STEAM_1:1:608648671><> was moved to spectate for being AFK too long.
L 01/02/2022 - 22:53:15: [afk_manager4.smx] StandingDoom<1287><STEAM_1:0:581253370><> was moved to spectate for being AFK too long.
L 01/02/2022 - 22:56:12: [afk_manager4.smx] Player count for AFK Kick minimum is below requirements, feature is now disabled: sm_afk_kick_min_players = 6 Current Players = 5
L 01/02/2022 - 23:09:07: [afk_manager4.smx] aidsboat<1295><STEAM_1:1:556000978><> was moved to spectate for being AFK too long.
L 01/02/2022 - 23:13:37: [afk_manager4.smx] Player count for AFK Move minimum is below requirements, feature is now disabled: sm_afk_move_min_players = 4 Current Players = 3
L 01/02/2022 - 23:58:32: [afk_manager4.smx] Player count for AFK Move minimum has been reached, feature is now enabled: sm_afk_move_min_players = 4 Current Players = 4
L 01/02/2022 - 23:59:17: [afk_manager4.smx] Player count for AFK Move minimum is below requirements, feature is now disabled: sm_afk_move_min_players = 4 Current Players = 3
L 01/03/2022 - 00:49:16: [afk_manager4.smx] Player count for AFK Move minimum has been reached, feature is now enabled: sm_afk_move_min_players = 4 Current Players = 4
L 01/03/2022 - 01:06:00: [afk_manager4.smx] Mugen<1309><STEAM_1:1:62456985><> was moved to spectate for being AFK too long.
L 01/03/2022 - 01:11:22: [afk_manager4.smx] Player count for AFK Move minimum is below requirements, feature is now disabled: sm_afk_move_min_players = 4 Current Players = 3
L 01/03/2022 - 01:44:29: [afk_manager4.smx] Player count for AFK Move minimum has been reached, feature is now enabled: sm_afk_move_min_players = 4 Current Players = 4
L 01/03/2022 - 01:44:50: [afk_manager4.smx] SPARKLYSCOOT<1320><STEAM_1:0:176332412><> was moved to spectate for being AFK too long.
L 01/03/2022 - 01:44:54: [afk_manager4.smx] Player count for AFK Kick minimum has been reached, feature is now enabled: sm_afk_kick_min_players = 6 Current Players = 6
L 01/03/2022 - 01:45:51: [afk_manager4.smx] weezy217r<1316><STEAM_1:1:635272481><> was moved to spectate for being AFK too long.
L 01/03/2022 - 01:46:02: [afk_manager4.smx] Player count for AFK Kick minimum is below requirements, feature is now disabled: sm_afk_kick_min_players = 6 Current Players = 5
L 01/03/2022 - 01:49:51: [afk_manager4.smx] Player count for AFK Kick minimum has been reached, feature is now enabled: sm_afk_kick_min_players = 6 Current Players = 6
L 01/03/2022 - 01:51:57: [afk_manager4.smx] Player count for AFK Kick minimum is below requirements, feature is now disabled: sm_afk_kick_min_players = 6 Current Players = 5
L 01/03/2022 - 02:00:08: [afk_manager4.smx] Player count for AFK Kick minimum has been reached, feature is now enabled: sm_afk_kick_min_players = 6 Current Players = 6
L 01/03/2022 - 02:02:46: [afk_manager4.smx] xfiew<1328><STEAM_1:1:631430454><> was moved to spectate for being AFK too long.
L 01/03/2022 - 02:13:43: [afk_manager4.smx] xfiew<1328><STEAM_1:1:631430454><> was moved to spectate for being AFK too long.
L 01/03/2022 - 02:17:42: [afk_manager4.smx] xfiew<1328><STEAM_1:1:631430454><> was moved to spectate for being AFK too long.
L 01/03/2022 - 02:36:44: [afk_manager4.smx] xfiew<1328><STEAM_1:1:631430454><> was moved to spectate for being AFK too long.
L 01/03/2022 - 02:39:53: [afk_manager4.smx] Player count for AFK Kick minimum is below requirements, feature is now disabled: sm_afk_kick_min_players = 6 Current Players = 5
L 01/03/2022 - 02:42:09: [afk_manager4.smx] xfiew<1328><STEAM_1:1:631430454><> was moved to spectate for being AFK too long.
L 01/03/2022 - 02:47:53: [afk_manager4.smx] SCROODz<1334><STEAM_1:1:97725216><> was moved to spectate for being AFK too long.
L 01/03/2022 - 02:57:29: [afk_manager4.smx] Player count for AFK Kick minimum has been reached, feature is now enabled: sm_afk_kick_min_players = 6 Current Players = 6
L 01/03/2022 - 03:02:59: [afk_manager4.smx] xfiew<1328><STEAM_1:1:631430454><> was moved to spectate for being AFK too long.
L 01/03/2022 - 03:05:46: [afk_manager4.smx] Player count for AFK Kick minimum is below requirements, feature is now disabled: sm_afk_kick_min_players = 6 Current Players = 5
L 01/03/2022 - 03:11:13: [afk_manager4.smx] skoden<1324><STEAM_1:1:426381458><> was moved to spectate for being AFK too long.
L 01/03/2022 - 03:11:51: [afk_manager4.smx] xfiew<1328><STEAM_1:1:631430454><> was moved to spectate for being AFK too long.
L 01/03/2022 - 03:12:40: [afk_manager4.smx] Player count for AFK Move minimum is below requirements, feature is now disabled: sm_afk_move_min_players = 4 Current Players = 3
L 01/03/2022 - 03:35:53: [afk_manager4.smx] Player count for AFK Move minimum has been reached, feature is now enabled: sm_afk_move_min_players = 4 Current Players = 4
L 01/03/2022 - 03:36:52: [afk_manager4.smx] xfiew<1328><STEAM_1:1:631430454><> was moved to spectate for being AFK too long.
L 01/03/2022 - 03:39:15: [afk_manager4.smx] Player count for AFK Kick minimum has been reached, feature is now enabled: sm_afk_kick_min_players = 6 Current Players = 6
L 01/03/2022 - 03:41:07: [afk_manager4.smx] Player count for AFK Kick minimum is below requirements, feature is now disabled: sm_afk_kick_min_players = 6 Current Players = 5
L 01/03/2022 - 03:44:43: [afk_manager4.smx] Player count for AFK Move minimum is below requirements, feature is now disabled: sm_afk_move_min_players = 4 Current Players = 3
L 01/03/2022 - 04:43:27: [afk_manager4.smx] Player count for AFK Move minimum has been reached, feature is now enabled: sm_afk_move_min_players = 4 Current Players = 4
L 01/03/2022 - 04:44:26: [afk_manager4.smx] xfiew<1328><STEAM_1:1:631430454><> was moved to spectate for being AFK too long.
L 01/03/2022 - 04:45:26: [afk_manager4.smx] Player count for AFK Kick minimum has been reached, feature is now enabled: sm_afk_kick_min_players = 6 Current Players = 6
L 01/03/2022 - 04:46:14: [afk_manager4.smx] dirty monkey<1348><STEAM_1:0:197211595><> was moved to spectate for being AFK too long.
L 01/03/2022 - 04:48:21: [afk_manager4.smx] flip </3<1352><STEAM_1:1:91060550><> was moved to spectate for being AFK too long.
L 01/03/2022 - 04:54:38: [afk_manager4.smx] dirty monkey<1348><STEAM_1:0:197211595><> was moved to spectate for being AFK too long.
L 01/03/2022 - 04:54:47: [afk_manager4.smx] Pacman<1353><STEAM_1:1:115410518><> was moved to spectate for being AFK too long.
L 01/03/2022 - 05:01:54: [afk_manager4.smx] dirty monkey<1348><STEAM_1:0:197211595><> was moved to spectate for being AFK too long.
L 01/03/2022 - 05:02:04: [afk_manager4.smx] Pacman<1353><STEAM_1:1:115410518><> was moved to spectate for being AFK too long.
L 01/03/2022 - 05:03:18: [afk_manager4.smx] dirty monkey<1348><STEAM_1:0:197211595><> was moved to spectate for being AFK too long.
L 01/03/2022 - 05:04:46: [afk_manager4.smx] tubs™<1354><STEAM_1:0:184579169><> was moved to spectate for being AFK too long.
L 01/03/2022 - 05:06:19: [afk_manager4.smx] dirty monkey<1348><STEAM_1:0:197211595><> was moved to spectate for being AFK too long.
L 01/03/2022 - 05:06:55: [afk_manager4.smx] Player count for AFK Kick minimum is below requirements, feature is now disabled: sm_afk_kick_min_players = 6 Current Players = 5
L 01/03/2022 - 05:07:37: [afk_manager4.smx] Pacman<1353><STEAM_1:1:115410518><> was moved to spectate for being AFK too long.
L 01/03/2022 - 05:09:21: [afk_manager4.smx] flip </3<1352><STEAM_1:1:91060550><> was moved to spectate for being AFK too long.
L 01/03/2022 - 05:09:27: [afk_manager4.smx] Player count for AFK Move minimum is below requirements, feature is now disabled: sm_afk_move_min_players = 4 Current Players = 3
