L 12/19/2021 - 03:53:21: [afk_manager4.smx] Player count for AFK Move minimum has been reached, feature is now enabled: sm_afk_move_min_players = 4 Current Players = 4
L 12/19/2021 - 03:58:23: [afk_manager4.smx] Player count for AFK Move minimum is below requirements, feature is now disabled: sm_afk_move_min_players = 4 Current Players = 3
L 12/19/2021 - 05:57:59: [afk_manager4.smx] Player count for AFK Move minimum has been reached, feature is now enabled: sm_afk_move_min_players = 4 Current Players = 4
L 12/19/2021 - 06:08:35: [afk_manager4.smx] ضرطة<587><STEAM_1:1:526606132><> was moved to spectate for being AFK too long.
L 12/19/2021 - 06:10:25: [afk_manager4.smx] Density<576><STEAM_1:0:141266864><> was moved to spectate for being AFK too long.
L 12/19/2021 - 06:25:30: [afk_manager4.smx] Player count for AFK Move minimum is below requirements, feature is now disabled: sm_afk_move_min_players = 4 Current Players = 3
L 12/19/2021 - 21:13:03: [afk_manager4.smx] Player count for AFK Move minimum has been reached, feature is now enabled: sm_afk_move_min_players = 4 Current Players = 4
L 12/19/2021 - 21:14:02: [afk_manager4.smx] Kultivar<16><STEAM_1:1:507862268><> was moved to spectate for being AFK too long.
L 12/19/2021 - 21:14:58: [afk_manager4.smx] bleachiee.<22><STEAM_1:0:616229434><> was moved to spectate for being AFK too long.
L 12/19/2021 - 21:18:10: [afk_manager4.smx] codymcpherson2003<23><STEAM_1:0:632299801><> was moved to spectate for being AFK too long.
L 12/19/2021 - 21:26:31: [afk_manager4.smx] Player count for AFK Move minimum is below requirements, feature is now disabled: sm_afk_move_min_players = 4 Current Players = 3
L 12/19/2021 - 23:21:07: [afk_manager4.smx] Player count for AFK Move minimum has been reached, feature is now enabled: sm_afk_move_min_players = 4 Current Players = 4
L 12/19/2021 - 23:27:08: [afk_manager4.smx] Player count for AFK Move minimum is below requirements, feature is now disabled: sm_afk_move_min_players = 4 Current Players = 3
L 12/19/2021 - 23:34:13: [afk_manager4.smx] Player count for AFK Move minimum has been reached, feature is now enabled: sm_afk_move_min_players = 4 Current Players = 4
L 12/19/2021 - 23:34:33: [afk_manager4.smx] BOT poopface hotdog man<39><STEAM_1:0:168196642><> was moved to spectate for being AFK too long.
L 12/19/2021 - 23:46:27: [afk_manager4.smx] Player count for AFK Move minimum is below requirements, feature is now disabled: sm_afk_move_min_players = 4 Current Players = 3
L 12/19/2021 - 23:48:45: [afk_manager4.smx] Player count for AFK Move minimum has been reached, feature is now enabled: sm_afk_move_min_players = 4 Current Players = 4
L 12/19/2021 - 23:52:36: [afk_manager4.smx] Player count for AFK Move minimum is below requirements, feature is now disabled: sm_afk_move_min_players = 4 Current Players = 3
L 12/20/2021 - 00:47:28: [afk_manager4.smx] Player count for AFK Move minimum has been reached, feature is now enabled: sm_afk_move_min_players = 4 Current Players = 4
L 12/20/2021 - 00:47:48: [afk_manager4.smx] Hanskrl<47><STEAM_1:0:221631452><> was moved to spectate for being AFK too long.
L 12/20/2021 - 00:48:27: [afk_manager4.smx] zalarkanbi余建国<46><STEAM_1:0:145986535><> was moved to spectate for being AFK too long.
L 12/20/2021 - 01:11:42: [afk_manager4.smx] Player count for AFK Kick minimum has been reached, feature is now enabled: sm_afk_kick_min_players = 6 Current Players = 6
L 12/20/2021 - 01:11:42: [afk_manager4.smx] Kultivar<16><STEAM_1:1:507862268><> was kicked for being AFK too long.
L 12/20/2021 - 01:12:02: [afk_manager4.smx] oke<54><STEAM_1:0:535951746><> was moved to spectate for being AFK too long.
L 12/20/2021 - 01:13:07: [afk_manager4.smx] Player count for AFK Kick minimum is below requirements, feature is now disabled: sm_afk_kick_min_players = 6 Current Players = 5
L 12/20/2021 - 01:14:47: [afk_manager4.smx] Player count for AFK Kick minimum has been reached, feature is now enabled: sm_afk_kick_min_players = 6 Current Players = 6
L 12/20/2021 - 01:20:17: [afk_manager4.smx] Player count for AFK Kick minimum is below requirements, feature is now disabled: sm_afk_kick_min_players = 6 Current Players = 5
L 12/20/2021 - 01:27:27: [afk_manager4.smx] Player count for AFK Move minimum is below requirements, feature is now disabled: sm_afk_move_min_players = 4 Current Players = 0
