L 01/21/2022 - 00:31:38: [afk_manager4.smx] Player count for AFK Move minimum has been reached, feature is now enabled: sm_afk_move_min_players = 4 Current Players = 4
L 01/21/2022 - 00:32:27: [afk_manager4.smx] Player count for AFK Kick minimum has been reached, feature is now enabled: sm_afk_kick_min_players = 6 Current Players = 6
L 01/21/2022 - 00:39:54: [afk_manager4.smx] SiggaNike<17><STEAM_1:1:168821235><> was moved to spectate for being AFK too long.
L 01/21/2022 - 00:41:36: [afk_manager4.smx] cartie<26><STEAM_1:0:637923388><> was moved to spectate for being AFK too long.
L 01/21/2022 - 00:46:00: [afk_manager4.smx] Nova<20><STEAM_1:0:110020177><> was moved to spectate for being AFK too long.
L 01/21/2022 - 00:47:09: [afk_manager4.smx] ronny<15><STEAM_1:1:105642177><> was moved to spectate for being AFK too long.
L 01/21/2022 - 00:50:08: [afk_manager4.smx] NoHa<49><STEAM_1:1:67823037><> was moved to spectate for being AFK too long.
L 01/21/2022 - 00:56:27: [afk_manager4.smx] d0ntcrypls<57><STEAM_1:1:565433715><> was moved to spectate for being AFK too long.
L 01/21/2022 - 01:02:17: [afk_manager4.smx] d0ntcrypls<58><STEAM_1:1:565433715><> was moved to spectate for being AFK too long.
L 01/21/2022 - 01:05:37: [afk_manager4.smx] cepzu<53><STEAM_1:1:527802632><> was moved to spectate for being AFK too long.
L 01/21/2022 - 01:07:16: [afk_manager4.smx] Geico Lizard<21><STEAM_1:0:420485380><> was moved to spectate for being AFK too long.
L 01/21/2022 - 01:09:40: [afk_manager4.smx] cepzu<66><STEAM_1:1:527802632><> was moved to spectate for being AFK too long.
L 01/21/2022 - 01:13:44: [afk_manager4.smx] d0ntcrypls<67><STEAM_1:1:565433715><> was moved to spectate for being AFK too long.
L 01/21/2022 - 01:15:38: [afk_manager4.smx] RUGE<28><STEAM_1:0:228187802><> was moved to spectate for being AFK too long.
L 01/21/2022 - 01:18:34: [afk_manager4.smx] ThyDale<52><STEAM_1:1:610110762><> was moved to spectate for being AFK too long.
L 01/21/2022 - 01:21:43: [afk_manager4.smx] glirnth<71><STEAM_1:1:509935850><> was moved to spectate for being AFK too long.
L 01/21/2022 - 01:23:11: [afk_manager4.smx] cepzu<66><STEAM_1:1:527802632><> was moved to spectate for being AFK too long.
L 01/21/2022 - 01:29:14: [afk_manager4.smx] d0ntcrypls<68><STEAM_1:1:565433715><> was moved to spectate for being AFK too long.
L 01/21/2022 - 01:52:04: [afk_manager4.smx] Player count for AFK Kick minimum is below requirements, feature is now disabled: sm_afk_kick_min_players = 6 Current Players = 5
L 01/21/2022 - 01:57:18: [afk_manager4.smx] ronaldcurless06<77><STEAM_1:0:634755480><> was moved to spectate for being AFK too long.
L 01/21/2022 - 01:59:00: [afk_manager4.smx] Player count for AFK Move minimum is below requirements, feature is now disabled: sm_afk_move_min_players = 4 Current Players = 3
L 01/21/2022 - 02:14:34: [afk_manager4.smx] Player count for AFK Move minimum has been reached, feature is now enabled: sm_afk_move_min_players = 4 Current Players = 4
L 01/21/2022 - 02:17:40: [afk_manager4.smx] pillowy<90><STEAM_1:0:440013256><> was moved to spectate for being AFK too long.
L 01/21/2022 - 02:26:01: [afk_manager4.smx] Player count for AFK Move minimum is below requirements, feature is now disabled: sm_afk_move_min_players = 4 Current Players = 3
L 01/21/2022 - 02:28:11: [afk_manager4.smx] Player count for AFK Move minimum has been reached, feature is now enabled: sm_afk_move_min_players = 4 Current Players = 4
L 01/21/2022 - 02:31:32: [afk_manager4.smx] pillowy<90><STEAM_1:0:440013256><> was moved to spectate for being AFK too long.
L 01/21/2022 - 02:32:53: [afk_manager4.smx] zoxy<93><STEAM_1:0:557498110><> was moved to spectate for being AFK too long.
L 01/21/2022 - 02:41:30: [afk_manager4.smx] pillowy<90><STEAM_1:0:440013256><> was moved to spectate for being AFK too long.
L 01/21/2022 - 02:42:08: [afk_manager4.smx] Player count for AFK Move minimum is below requirements, feature is now disabled: sm_afk_move_min_players = 4 Current Players = 3
L 01/21/2022 - 02:44:43: [afk_manager4.smx] Player count for AFK Move minimum has been reached, feature is now enabled: sm_afk_move_min_players = 4 Current Players = 4
L 01/21/2022 - 02:46:58: [afk_manager4.smx] Player count for AFK Kick minimum has been reached, feature is now enabled: sm_afk_kick_min_players = 6 Current Players = 6
L 01/21/2022 - 02:49:10: [afk_manager4.smx] nealak09<97><STEAM_1:0:592398819><> was moved to spectate for being AFK too long.
L 01/21/2022 - 02:49:20: [afk_manager4.smx] Player count for AFK Kick minimum is below requirements, feature is now disabled: sm_afk_kick_min_players = 6 Current Players = 5
L 01/21/2022 - 02:56:42: [afk_manager4.smx] Player count for AFK Move minimum is below requirements, feature is now disabled: sm_afk_move_min_players = 4 Current Players = 3
L 01/21/2022 - 02:59:44: [afk_manager4.smx] Player count for AFK Move minimum has been reached, feature is now enabled: sm_afk_move_min_players = 4 Current Players = 4
L 01/21/2022 - 03:00:04: [afk_manager4.smx] snowflxke<102><STEAM_1:0:518424221><> was moved to spectate for being AFK too long.
L 01/21/2022 - 03:06:46: [afk_manager4.smx] Шлакоблокунь<100><STEAM_1:0:147579805><> was moved to spectate for being AFK too long.
L 01/21/2022 - 03:09:59: [afk_manager4.smx] Player count for AFK Move minimum is below requirements, feature is now disabled: sm_afk_move_min_players = 4 Current Players = 3
L 01/21/2022 - 03:51:24: [afk_manager4.smx] Player count for AFK Move minimum has been reached, feature is now enabled: sm_afk_move_min_players = 4 Current Players = 4
L 01/21/2022 - 04:20:03: [afk_manager4.smx] Player count for AFK Kick minimum has been reached, feature is now enabled: sm_afk_kick_min_players = 6 Current Players = 6
L 01/21/2022 - 04:23:14: [afk_manager4.smx] Goodie Two Shoe<118><STEAM_1:1:176968173><> was moved to spectate for being AFK too long.
L 01/21/2022 - 04:23:19: [afk_manager4.smx] Шлакоблокунь<111><STEAM_1:0:147579805><> was moved to spectate for being AFK too long.
L 01/21/2022 - 04:23:38: [afk_manager4.smx] Player count for AFK Kick minimum is below requirements, feature is now disabled: sm_afk_kick_min_players = 6 Current Players = 5
L 01/21/2022 - 04:25:45: [afk_manager4.smx] Player count for AFK Move minimum is below requirements, feature is now disabled: sm_afk_move_min_players = 4 Current Players = 3
L 01/21/2022 - 04:52:10: [afk_manager4.smx] Player count for AFK Move minimum has been reached, feature is now enabled: sm_afk_move_min_players = 4 Current Players = 4
L 01/21/2022 - 04:54:43: [afk_manager4.smx] ゴ「ITAMI」ゴ<119><STEAM_1:0:590302755><> was moved to spectate for being AFK too long.
L 01/21/2022 - 04:55:38: [afk_manager4.smx] Player count for AFK Move minimum is below requirements, feature is now disabled: sm_afk_move_min_players = 4 Current Players = 3
L 01/21/2022 - 14:53:23: [afk_manager4.smx] Player count for AFK Move minimum has been reached, feature is now enabled: sm_afk_move_min_players = 4 Current Players = 4
L 01/21/2022 - 14:56:58: [afk_manager4.smx] loganobrien07<147><STEAM_1:1:637993974><> was moved to spectate for being AFK too long.
L 01/21/2022 - 14:59:30: [afk_manager4.smx] Player count for AFK Move minimum is below requirements, feature is now disabled: sm_afk_move_min_players = 4 Current Players = 3
L 01/21/2022 - 22:57:46: [afk_manager4.smx] Player count for AFK Move minimum has been reached, feature is now enabled: sm_afk_move_min_players = 4 Current Players = 4
L 01/21/2022 - 23:18:54: [afk_manager4.smx] Player count for AFK Move minimum is below requirements, feature is now disabled: sm_afk_move_min_players = 4 Current Players = 3
L 01/21/2022 - 23:30:55: [afk_manager4.smx] Player count for AFK Move minimum has been reached, feature is now enabled: sm_afk_move_min_players = 4 Current Players = 4
L 01/21/2022 - 23:33:14: [afk_manager4.smx] Player count for AFK Kick minimum has been reached, feature is now enabled: sm_afk_kick_min_players = 6 Current Players = 6
L 01/21/2022 - 23:37:43: [afk_manager4.smx] jackgonzalez312<182><STEAM_1:1:615730429><> was moved to spectate for being AFK too long.
L 01/21/2022 - 23:50:57: [afk_manager4.smx] DarkShogun<192><STEAM_1:0:524591885><> was moved to spectate for being AFK too long.
L 01/21/2022 - 23:55:57: [afk_manager4.smx] Player count for AFK Kick minimum is below requirements, feature is now disabled: sm_afk_kick_min_players = 6 Current Players = 5
L 01/21/2022 - 23:58:19: [afk_manager4.smx] Player count for AFK Kick minimum has been reached, feature is now enabled: sm_afk_kick_min_players = 6 Current Players = 6
L 01/22/2022 - 00:00:34: [afk_manager4.smx] HomeMadeTacos<197><STEAM_1:1:156751568><> was moved to spectate for being AFK too long.
L 01/22/2022 - 00:08:44: [afk_manager4.smx] DarkShogun<192><STEAM_1:0:524591885><> was moved to spectate for being AFK too long.
L 01/22/2022 - 00:09:34: [afk_manager4.smx] Player count for AFK Kick minimum is below requirements, feature is now disabled: sm_afk_kick_min_players = 6 Current Players = 5
L 01/22/2022 - 00:11:32: [afk_manager4.smx] Player count for AFK Kick minimum has been reached, feature is now enabled: sm_afk_kick_min_players = 6 Current Players = 6
L 01/22/2022 - 00:12:01: [afk_manager4.smx] boqif<187><STEAM_1:0:213233197><> was moved to spectate for being AFK too long.
L 01/22/2022 - 00:13:43: [afk_manager4.smx] DarkShogun<192><STEAM_1:0:524591885><> was moved to spectate for being AFK too long.
L 01/22/2022 - 00:14:53: [afk_manager4.smx] creepy uncle joe<196><STEAM_1:1:454579265><> was moved to spectate for being AFK too long.
L 01/22/2022 - 00:20:48: [afk_manager4.smx] Player count for AFK Kick minimum is below requirements, feature is now disabled: sm_afk_kick_min_players = 6 Current Players = 5
L 01/22/2022 - 00:22:27: [afk_manager4.smx] denniskolesar3<201><STEAM_1:1:627346349><> was moved to spectate for being AFK too long.
L 01/22/2022 - 00:24:19: [afk_manager4.smx] DarkShogun<192><STEAM_1:0:524591885><> was moved to spectate for being AFK too long.
L 01/22/2022 - 00:25:24: [afk_manager4.smx] Player count for AFK Move minimum is below requirements, feature is now disabled: sm_afk_move_min_players = 4 Current Players = 3
L 01/22/2022 - 00:27:10: [afk_manager4.smx] Player count for AFK Move minimum has been reached, feature is now enabled: sm_afk_move_min_players = 4 Current Players = 4
L 01/22/2022 - 00:27:31: [afk_manager4.smx] codymcpherson2003<203><STEAM_1:0:632299801><> was moved to spectate for being AFK too long.
L 01/22/2022 - 00:31:13: [afk_manager4.smx] codymcpherson2003<203><STEAM_1:0:632299801><> was moved to spectate for being AFK too long.
L 01/22/2022 - 00:47:34: [afk_manager4.smx] Player count for AFK Kick minimum has been reached, feature is now enabled: sm_afk_kick_min_players = 6 Current Players = 6
L 01/22/2022 - 00:47:45: [afk_manager4.smx] jackgonzalez312<209><STEAM_1:1:615730429><> was moved to spectate for being AFK too long.
L 01/22/2022 - 00:48:57: [afk_manager4.smx] jackgonzalez312<209><STEAM_1:1:615730429><> was moved to spectate for being AFK too long.
L 01/22/2022 - 00:52:22: [afk_manager4.smx] Player count for AFK Kick minimum is below requirements, feature is now disabled: sm_afk_kick_min_players = 6 Current Players = 5
L 01/22/2022 - 00:55:09: [afk_manager4.smx] Player count for AFK Move minimum is below requirements, feature is now disabled: sm_afk_move_min_players = 4 Current Players = 3
L 01/22/2022 - 18:11:38: [afk_manager4.smx] Player count for AFK Move minimum has been reached, feature is now enabled: sm_afk_move_min_players = 4 Current Players = 4
L 01/22/2022 - 18:12:14: [afk_manager4.smx] Player count for AFK Move minimum is below requirements, feature is now disabled: sm_afk_move_min_players = 4 Current Players = 3
L 01/22/2022 - 19:48:13: [afk_manager4.smx] Player count for AFK Move minimum has been reached, feature is now enabled: sm_afk_move_min_players = 4 Current Players = 4
L 01/22/2022 - 19:50:06: [afk_manager4.smx] BENZI_GAMER<274><STEAM_1:1:552649742><> was moved to spectate for being AFK too long.
L 01/22/2022 - 19:52:44: [afk_manager4.smx] Player count for AFK Move minimum is below requirements, feature is now disabled: sm_afk_move_min_players = 4 Current Players = 3
L 01/23/2022 - 00:26:50: [afk_manager4.smx] Player count for AFK Move minimum has been reached, feature is now enabled: sm_afk_move_min_players = 4 Current Players = 4
L 01/23/2022 - 00:27:49: [afk_manager4.smx] kustomcarter1<307><STEAM_1:0:596579959><> was moved to spectate for being AFK too long.
L 01/23/2022 - 00:28:57: [afk_manager4.smx] Player count for AFK Move minimum is below requirements, feature is now disabled: sm_afk_move_min_players = 4 Current Players = 3
L 01/23/2022 - 00:33:39: [afk_manager4.smx] Player count for AFK Move minimum has been reached, feature is now enabled: sm_afk_move_min_players = 4 Current Players = 4
L 01/23/2022 - 00:37:40: [afk_manager4.smx] TBR QUE SARRA NELA ?????<321><STEAM_1:1:575074530><> was moved to spectate for being AFK too long.
L 01/23/2022 - 00:38:01: [afk_manager4.smx] Player count for AFK Move minimum is below requirements, feature is now disabled: sm_afk_move_min_players = 4 Current Players = 3
L 01/23/2022 - 00:52:21: [afk_manager4.smx] Player count for AFK Move minimum has been reached, feature is now enabled: sm_afk_move_min_players = 4 Current Players = 4
L 01/23/2022 - 00:55:17: [afk_manager4.smx] Player count for AFK Move minimum is below requirements, feature is now disabled: sm_afk_move_min_players = 4 Current Players = 3
L 01/23/2022 - 07:29:00: [afk_manager4.smx] Player count for AFK Move minimum has been reached, feature is now enabled: sm_afk_move_min_players = 4 Current Players = 4
L 01/23/2022 - 07:29:59: [afk_manager4.smx] ALABAMA<360><STEAM_1:1:460169678><> was moved to spectate for being AFK too long.
L 01/23/2022 - 07:35:41: [afk_manager4.smx] autistic_sloth._-<367><STEAM_1:1:504609473><> was moved to spectate for being AFK too long.
L 01/23/2022 - 07:40:56: [afk_manager4.smx] Player count for AFK Move minimum is below requirements, feature is now disabled: sm_afk_move_min_players = 4 Current Players = 3
L 01/23/2022 - 08:19:01: [afk_manager4.smx] Player count for AFK Move minimum has been reached, feature is now enabled: sm_afk_move_min_players = 4 Current Players = 4
L 01/23/2022 - 08:26:00: [afk_manager4.smx] Player count for AFK Move minimum is below requirements, feature is now disabled: sm_afk_move_min_players = 4 Current Players = 3
L 01/23/2022 - 20:00:43: [afk_manager4.smx] Player count for AFK Move minimum has been reached, feature is now enabled: sm_afk_move_min_players = 4 Current Players = 4
L 01/23/2022 - 20:04:23: [afk_manager4.smx] deadpool<410><STEAM_1:1:609804456><> was moved to spectate for being AFK too long.
L 01/23/2022 - 20:08:28: [afk_manager4.smx] GarbageBag<411><STEAM_1:1:598094063><> was moved to spectate for being AFK too long.
L 01/23/2022 - 20:13:24: [afk_manager4.smx] mayozedon****<412><STEAM_1:0:628044526><> was moved to spectate for being AFK too long.
L 01/23/2022 - 20:19:51: [afk_manager4.smx] mayozedon****<412><STEAM_1:0:628044526><> was moved to spectate for being AFK too long.
L 01/23/2022 - 20:20:38: [afk_manager4.smx] Player count for AFK Move minimum is below requirements, feature is now disabled: sm_afk_move_min_players = 4 Current Players = 3
