L 12/16/2021 - 12:19:30: [afk_manager4.smx] Player count for AFK Move minimum has been reached, feature is now enabled: sm_afk_move_min_players = 4 Current Players = 4
L 12/16/2021 - 12:41:15: [afk_manager4.smx] Player count for AFK Kick minimum has been reached, feature is now enabled: sm_afk_kick_min_players = 6 Current Players = 6
L 12/16/2021 - 12:46:44: [afk_manager4.smx] CoryCantCrap<21><STEAM_1:0:627660951><> was moved to spectate for being AFK too long.
L 12/16/2021 - 12:47:44: [afk_manager4.smx] CoryCantCrap<21><STEAM_1:0:627660951><> was kicked for being AFK too long.
L 12/16/2021 - 12:52:03: [afk_manager4.smx] Waffle<20><STEAM_1:1:561864452><> was moved to spectate for being AFK too long.
L 12/16/2021 - 12:53:59: [afk_manager4.smx] Player count for AFK Kick minimum is below requirements, feature is now disabled: sm_afk_kick_min_players = 6 Current Players = 5
L 12/16/2021 - 12:59:04: [afk_manager4.smx] AkaShaallo<27><STEAM_1:1:555923607><> was moved to spectate for being AFK too long.
L 12/16/2021 - 12:59:39: [afk_manager4.smx] Player count for AFK Kick minimum has been reached, feature is now enabled: sm_afk_kick_min_players = 6 Current Players = 6
L 12/16/2021 - 13:08:07: [afk_manager4.smx] Player count for AFK Kick minimum is below requirements, feature is now disabled: sm_afk_kick_min_players = 6 Current Players = 5
L 12/16/2021 - 13:09:44: [afk_manager4.smx] Player count for AFK Move minimum is below requirements, feature is now disabled: sm_afk_move_min_players = 4 Current Players = 3
L 12/16/2021 - 22:16:30: [afk_manager4.smx] Player count for AFK Move minimum has been reached, feature is now enabled: sm_afk_move_min_players = 4 Current Players = 4
L 12/16/2021 - 22:17:30: [afk_manager4.smx] 9atches<56><STEAM_1:0:621267247><> was moved to spectate for being AFK too long.
L 12/16/2021 - 22:21:18: [afk_manager4.smx] Player count for AFK Move minimum is below requirements, feature is now disabled: sm_afk_move_min_players = 4 Current Players = 3
L 12/16/2021 - 22:39:30: [afk_manager4.smx] Player count for AFK Move minimum has been reached, feature is now enabled: sm_afk_move_min_players = 4 Current Players = 4
L 12/16/2021 - 22:40:09: [afk_manager4.smx] Player count for AFK Kick minimum has been reached, feature is now enabled: sm_afk_kick_min_players = 6 Current Players = 6
L 12/16/2021 - 22:40:10: [afk_manager4.smx] 9atches<56><STEAM_1:0:621267247><> was kicked for being AFK too long.
L 12/16/2021 - 22:41:41: [afk_manager4.smx] Player count for AFK Kick minimum is below requirements, feature is now disabled: sm_afk_kick_min_players = 6 Current Players = 5
L 12/16/2021 - 22:49:16: [afk_manager4.smx] PAP33R<75><STEAM_1:0:557552074><> was moved to spectate for being AFK too long.
L 12/16/2021 - 22:51:32: [afk_manager4.smx] PAP33R<75><STEAM_1:0:557552074><> was moved to spectate for being AFK too long.
L 12/16/2021 - 23:06:56: [afk_manager4.smx] PAP33R<75><STEAM_1:0:557552074><> was moved to spectate for being AFK too long.
L 12/16/2021 - 23:26:43: [afk_manager4.smx] Player count for AFK Kick minimum has been reached, feature is now enabled: sm_afk_kick_min_players = 6 Current Players = 6
L 12/16/2021 - 23:32:10: [afk_manager4.smx] Player count for AFK Kick minimum is below requirements, feature is now disabled: sm_afk_kick_min_players = 6 Current Players = 5
L 12/16/2021 - 23:32:54: [afk_manager4.smx] Player count for AFK Move minimum is below requirements, feature is now disabled: sm_afk_move_min_players = 4 Current Players = 3
