L 01/18/2022 - 02:13:16: [afk_manager4.smx] Player count for AFK Move minimum has been reached, feature is now enabled: sm_afk_move_min_players = 4 Current Players = 4
L 01/18/2022 - 02:15:19: [afk_manager4.smx] Player count for AFK Kick minimum has been reached, feature is now enabled: sm_afk_kick_min_players = 6 Current Players = 6
L 01/18/2022 - 02:21:17: [afk_manager4.smx] Thermal<12><STEAM_1:0:241581506><> was moved to spectate for being AFK too long.
L 01/18/2022 - 02:32:51: [afk_manager4.smx] DirtyLilRat<20><STEAM_1:0:597276452><> was moved to spectate for being AFK too long.
L 01/18/2022 - 02:33:23: [afk_manager4.smx] Thermal<12><STEAM_1:0:241581506><> was moved to spectate for being AFK too long.
L 01/18/2022 - 02:39:23: [afk_manager4.smx] zZPauliZz<10><STEAM_1:1:504254806><> was moved to spectate for being AFK too long.
L 01/18/2022 - 02:39:59: [afk_manager4.smx] Apollo392<22><STEAM_1:0:86849692><> was moved to spectate for being AFK too long.
L 01/18/2022 - 02:45:07: [afk_manager4.smx] Apollo392<22><STEAM_1:0:86849692><> was moved to spectate for being AFK too long.
L 01/18/2022 - 02:57:20: [afk_manager4.smx] Player count for AFK Kick minimum is below requirements, feature is now disabled: sm_afk_kick_min_players = 6 Current Players = 5
L 01/18/2022 - 03:01:37: [afk_manager4.smx] Gladiator<11><STEAM_1:0:607947042><> was moved to spectate for being AFK too long.
L 01/18/2022 - 03:15:07: [afk_manager4.smx] Player count for AFK Kick minimum has been reached, feature is now enabled: sm_afk_kick_min_players = 6 Current Players = 6
L 01/18/2022 - 03:18:34: [afk_manager4.smx] xX6amaXx<37><STEAM_1:1:541065741><> was moved to spectate for being AFK too long.
L 01/18/2022 - 03:26:27: [afk_manager4.smx] Player count for AFK Kick minimum is below requirements, feature is now disabled: sm_afk_kick_min_players = 6 Current Players = 5
L 01/18/2022 - 03:27:26: [afk_manager4.smx] xX6amaXx<37><STEAM_1:1:541065741><> was moved to spectate for being AFK too long.
L 01/18/2022 - 03:28:12: [afk_manager4.smx] Player count for AFK Kick minimum has been reached, feature is now enabled: sm_afk_kick_min_players = 6 Current Players = 6
L 01/18/2022 - 03:41:57: [afk_manager4.smx] Player count for AFK Kick minimum is below requirements, feature is now disabled: sm_afk_kick_min_players = 6 Current Players = 5
L 01/18/2022 - 03:44:32: [afk_manager4.smx] ssar<41><STEAM_1:0:521445945><> was moved to spectate for being AFK too long.
L 01/18/2022 - 03:55:04: [afk_manager4.smx] Player count for AFK Move minimum is below requirements, feature is now disabled: sm_afk_move_min_players = 4 Current Players = 3
L 01/18/2022 - 04:46:55: [afk_manager4.smx] Player count for AFK Move minimum has been reached, feature is now enabled: sm_afk_move_min_players = 4 Current Players = 4
L 01/18/2022 - 04:52:08: [afk_manager4.smx] Player count for AFK Move minimum is below requirements, feature is now disabled: sm_afk_move_min_players = 4 Current Players = 3
L 01/18/2022 - 07:09:04: [afk_manager4.smx] Player count for AFK Move minimum has been reached, feature is now enabled: sm_afk_move_min_players = 4 Current Players = 4
L 01/18/2022 - 07:11:06: [afk_manager4.smx] Player count for AFK Move minimum is below requirements, feature is now disabled: sm_afk_move_min_players = 4 Current Players = 3
L 01/18/2022 - 21:55:27: [afk_manager4.smx] Player count for AFK Move minimum has been reached, feature is now enabled: sm_afk_move_min_players = 4 Current Players = 4
L 01/18/2022 - 21:56:57: [afk_manager4.smx] Player count for AFK Move minimum is below requirements, feature is now disabled: sm_afk_move_min_players = 4 Current Players = 3
L 01/18/2022 - 22:01:24: [afk_manager4.smx] Player count for AFK Move minimum has been reached, feature is now enabled: sm_afk_move_min_players = 4 Current Players = 4
L 01/18/2022 - 22:06:58: [afk_manager4.smx] Krisp<90><STEAM_1:0:634590710><> was moved to spectate for being AFK too long.
L 01/18/2022 - 22:13:24: [afk_manager4.smx] Monkegoyumyum<86><STEAM_1:1:536665474><> was moved to spectate for being AFK too long.
L 01/18/2022 - 22:23:02: [afk_manager4.smx] Player count for AFK Move minimum is below requirements, feature is now disabled: sm_afk_move_min_players = 4 Current Players = 3
L 01/19/2022 - 00:33:47: [afk_manager4.smx] Player count for AFK Move minimum has been reached, feature is now enabled: sm_afk_move_min_players = 4 Current Players = 4
L 01/19/2022 - 00:44:33: [afk_manager4.smx] Joxa<102><STEAM_1:0:144381264><> was moved to spectate for being AFK too long.
L 01/19/2022 - 00:44:58: [afk_manager4.smx] Player count for AFK Move minimum is below requirements, feature is now disabled: sm_afk_move_min_players = 4 Current Players = 3
L 01/19/2022 - 03:04:02: [afk_manager4.smx] Player count for AFK Move minimum has been reached, feature is now enabled: sm_afk_move_min_players = 4 Current Players = 4
L 01/19/2022 - 03:16:00: [afk_manager4.smx] cbs.1979<129><STEAM_1:0:532826223><> was moved to spectate for being AFK too long.
L 01/19/2022 - 03:34:25: [afk_manager4.smx] Player count for AFK Kick minimum has been reached, feature is now enabled: sm_afk_kick_min_players = 6 Current Players = 6
L 01/19/2022 - 03:39:33: [afk_manager4.smx] Cabeza de Tractor<134><STEAM_1:0:59803994><> was moved to spectate for being AFK too long.
L 01/19/2022 - 03:43:40: [afk_manager4.smx] Cabeza de Tractor<134><STEAM_1:0:59803994><> was moved to spectate for being AFK too long.
L 01/19/2022 - 03:44:54: [afk_manager4.smx] Player count for AFK Kick minimum is below requirements, feature is now disabled: sm_afk_kick_min_players = 6 Current Players = 5
L 01/19/2022 - 03:45:03: [afk_manager4.smx] fortnitelawoffical<133><STEAM_1:0:508828676><> was moved to spectate for being AFK too long.
L 01/19/2022 - 03:46:38: [afk_manager4.smx] Player count for AFK Move minimum is below requirements, feature is now disabled: sm_afk_move_min_players = 4 Current Players = 3
L 01/19/2022 - 04:38:42: [afk_manager4.smx] Player count for AFK Move minimum has been reached, feature is now enabled: sm_afk_move_min_players = 4 Current Players = 4
L 01/19/2022 - 04:58:38: [afk_manager4.smx] Player count for AFK Move minimum is below requirements, feature is now disabled: sm_afk_move_min_players = 4 Current Players = 3
L 01/20/2022 - 02:27:21: [afk_manager4.smx] Player count for AFK Move minimum has been reached, feature is now enabled: sm_afk_move_min_players = 4 Current Players = 4
L 01/20/2022 - 02:33:45: [afk_manager4.smx] Player count for AFK Move minimum is below requirements, feature is now disabled: sm_afk_move_min_players = 4 Current Players = 3
L 01/20/2022 - 05:19:07: [afk_manager4.smx] Player count for AFK Move minimum has been reached, feature is now enabled: sm_afk_move_min_players = 4 Current Players = 4
L 01/20/2022 - 05:25:02: [afk_manager4.smx] Player count for AFK Move minimum is below requirements, feature is now disabled: sm_afk_move_min_players = 4 Current Players = 3
