L 01/02/2022 - 01:16:48: SourceMod error session started
L 01/02/2022 - 01:16:48: Info (map "surf_utopia_noble") (file "/home/steam/surf/csgo/addons/sourcemod/logs/errors_20220102.log")
L 01/02/2022 - 01:16:48: [SM] Exception reported: Tracker stack is out of bounds
L 01/02/2022 - 01:16:48: [SM] Blaming: unrestricted_fov.smx
L 01/02/2022 - 01:16:48: [SM] Call stack trace:
L 01/02/2022 - 01:16:48: [SM]   [1] Line 148, D:\Libraries\Documents\Dropbox\SourceMod Plugins\scripting\include\easy_commands.inc::__Handle_ConCmd__
L 01/02/2022 - 01:17:07: [SM] Exception reported: Tracker stack is out of bounds
L 01/02/2022 - 01:17:07: [SM] Blaming: unrestricted_fov.smx
L 01/02/2022 - 01:17:07: [SM] Call stack trace:
L 01/02/2022 - 01:17:07: [SM]   [1] Line 148, D:\Libraries\Documents\Dropbox\SourceMod Plugins\scripting\include\easy_commands.inc::__Handle_ConCmd__
L 01/02/2022 - 01:17:26: [SM] Exception reported: Tracker stack is out of bounds
L 01/02/2022 - 01:17:26: [SM] Blaming: unrestricted_fov.smx
L 01/02/2022 - 01:17:26: [SM] Call stack trace:
L 01/02/2022 - 01:17:26: [SM]   [1] Line 148, D:\Libraries\Documents\Dropbox\SourceMod Plugins\scripting\include\easy_commands.inc::__Handle_ConCmd__
L 01/02/2022 - 01:17:30: [SM] Exception reported: Tracker stack is out of bounds
L 01/02/2022 - 01:17:30: [SM] Blaming: unrestricted_fov.smx
L 01/02/2022 - 01:17:30: [SM] Call stack trace:
L 01/02/2022 - 01:17:30: [SM]   [1] Line 148, D:\Libraries\Documents\Dropbox\SourceMod Plugins\scripting\include\easy_commands.inc::__Handle_ConCmd__
L 01/02/2022 - 01:18:55: [SM] Exception reported: Tracker stack is out of bounds
L 01/02/2022 - 01:18:55: [SM] Blaming: unrestricted_fov.smx
L 01/02/2022 - 01:18:55: [SM] Call stack trace:
L 01/02/2022 - 01:18:55: [SM]   [1] Line 148, D:\Libraries\Documents\Dropbox\SourceMod Plugins\scripting\include\easy_commands.inc::__Handle_ConCmd__
L 01/02/2022 - 01:28:46: [SM] Exception reported: Tracker stack is out of bounds
L 01/02/2022 - 01:28:46: [SM] Blaming: unrestricted_fov.smx
L 01/02/2022 - 01:28:46: [SM] Call stack trace:
L 01/02/2022 - 01:28:46: [SM]   [1] Line 148, D:\Libraries\Documents\Dropbox\SourceMod Plugins\scripting\include\easy_commands.inc::__Handle_ConCmd__
L 01/02/2022 - 01:28:51: [SM] Exception reported: Tracker stack is out of bounds
L 01/02/2022 - 01:28:51: [SM] Blaming: unrestricted_fov.smx
L 01/02/2022 - 01:28:51: [SM] Call stack trace:
L 01/02/2022 - 01:28:51: [SM]   [1] Line 148, D:\Libraries\Documents\Dropbox\SourceMod Plugins\scripting\include\easy_commands.inc::__Handle_ConCmd__
L 01/02/2022 - 01:31:14: [SM] Exception reported: Tracker stack is out of bounds
L 01/02/2022 - 01:31:14: [SM] Blaming: unrestricted_fov.smx
L 01/02/2022 - 01:31:14: [SM] Call stack trace:
L 01/02/2022 - 01:31:14: [SM]   [1] Line 148, D:\Libraries\Documents\Dropbox\SourceMod Plugins\scripting\include\easy_commands.inc::__Handle_ConCmd__
L 01/02/2022 - 04:16:38: [SM] Exception reported: Tracker stack is out of bounds
L 01/02/2022 - 04:16:38: [SM] Blaming: unrestricted_fov.smx
L 01/02/2022 - 04:16:38: [SM] Call stack trace:
L 01/02/2022 - 04:16:38: [SM]   [1] Line 148, D:\Libraries\Documents\Dropbox\SourceMod Plugins\scripting\include\easy_commands.inc::__Handle_ConCmd__
L 01/02/2022 - 05:19:16: Error log file session closed.
L 01/02/2022 - 05:54:27: SourceMod error session started
L 01/02/2022 - 05:54:27: Info (map "surf_utopia_noble") (file "/home/steam/surf/csgo/addons/sourcemod/logs/errors_20220102.log")
L 01/02/2022 - 05:54:27: [SM] Exception reported: Tracker stack is out of bounds
L 01/02/2022 - 05:54:27: [SM] Blaming: unrestricted_fov.smx
L 01/02/2022 - 05:54:27: [SM] Call stack trace:
L 01/02/2022 - 05:54:27: [SM]   [1] Line 148, D:\Libraries\Documents\Dropbox\SourceMod Plugins\scripting\include\easy_commands.inc::__Handle_ConCmd__
L 01/02/2022 - 06:29:26: Error log file session closed.
L 01/02/2022 - 06:56:58: SourceMod error session started
L 01/02/2022 - 06:56:58: Info (map "surf_utopia_noble") (file "/home/steam/surf/csgo/addons/sourcemod/logs/errors_20220102.log")
L 01/02/2022 - 06:56:58: [SM] Exception reported: Tracker stack is out of bounds
L 01/02/2022 - 06:56:58: [SM] Blaming: unrestricted_fov.smx
L 01/02/2022 - 06:56:58: [SM] Call stack trace:
L 01/02/2022 - 06:56:58: [SM]   [1] Line 148, D:\Libraries\Documents\Dropbox\SourceMod Plugins\scripting\include\easy_commands.inc::__Handle_ConCmd__
L 01/02/2022 - 07:21:12: Error log file session closed.
L 01/02/2022 - 14:42:14: SourceMod error session started
L 01/02/2022 - 14:42:14: Info (map "surf_utopia_noble") (file "/home/steam/surf/csgo/addons/sourcemod/logs/errors_20220102.log")
L 01/02/2022 - 14:42:14: [SM] Exception reported: Tracker stack is out of bounds
L 01/02/2022 - 14:42:14: [SM] Blaming: unrestricted_fov.smx
L 01/02/2022 - 14:42:14: [SM] Call stack trace:
L 01/02/2022 - 14:42:14: [SM]   [1] Line 148, D:\Libraries\Documents\Dropbox\SourceMod Plugins\scripting\include\easy_commands.inc::__Handle_ConCmd__
L 01/02/2022 - 15:11:52: Error log file session closed.
L 01/02/2022 - 18:07:02: SourceMod error session started
L 01/02/2022 - 18:07:02: Info (map "surf_utopia_noble") (file "/home/steam/surf/csgo/addons/sourcemod/logs/errors_20220102.log")
L 01/02/2022 - 18:07:02: [SM] Exception reported: Tracker stack is out of bounds
L 01/02/2022 - 18:07:02: [SM] Blaming: unrestricted_fov.smx
L 01/02/2022 - 18:07:02: [SM] Call stack trace:
L 01/02/2022 - 18:07:02: [SM]   [1] Line 148, D:\Libraries\Documents\Dropbox\SourceMod Plugins\scripting\include\easy_commands.inc::__Handle_ConCmd__
L 01/02/2022 - 18:21:22: Error log file session closed.
L 01/02/2022 - 18:30:35: SourceMod error session started
L 01/02/2022 - 18:30:35: Info (map "surf_utopia_noble") (file "/home/steam/surf/csgo/addons/sourcemod/logs/errors_20220102.log")
L 01/02/2022 - 18:30:35: [SM] Exception reported: Tracker stack is out of bounds
L 01/02/2022 - 18:30:35: [SM] Blaming: unrestricted_fov.smx
L 01/02/2022 - 18:30:35: [SM] Call stack trace:
L 01/02/2022 - 18:30:35: [SM]   [1] Line 148, D:\Libraries\Documents\Dropbox\SourceMod Plugins\scripting\include\easy_commands.inc::__Handle_ConCmd__
L 01/02/2022 - 19:04:29: Error log file session closed.
L 01/02/2022 - 19:05:19: SourceMod error session started
L 01/02/2022 - 19:05:19: Info (map "surf_utopia_noble") (file "/home/steam/surf/csgo/addons/sourcemod/logs/errors_20220102.log")
L 01/02/2022 - 19:05:19: [SM] Exception reported: Tracker stack is out of bounds
L 01/02/2022 - 19:05:19: [SM] Blaming: unrestricted_fov.smx
L 01/02/2022 - 19:05:19: [SM] Call stack trace:
L 01/02/2022 - 19:05:19: [SM]   [1] Line 148, D:\Libraries\Documents\Dropbox\SourceMod Plugins\scripting\include\easy_commands.inc::__Handle_ConCmd__
L 01/02/2022 - 19:05:40: Error log file session closed.
