L 01/11/2022 - 01:15:31: SourceMod error session started
L 01/11/2022 - 01:15:31: Info (map "surf_utopia_noble") (file "/home/steam/surf/csgo/addons/sourcemod/logs/errors_20220111.log")
L 01/11/2022 - 01:15:31: [SM] Exception reported: Tracker stack is out of bounds
L 01/11/2022 - 01:15:31: [SM] Blaming: unrestricted_fov.smx
L 01/11/2022 - 01:15:31: [SM] Call stack trace:
L 01/11/2022 - 01:15:31: [SM]   [1] Line 148, D:\Libraries\Documents\Dropbox\SourceMod Plugins\scripting\include\easy_commands.inc::__Handle_ConCmd__
L 01/11/2022 - 01:15:36: [SM] Exception reported: Tracker stack is out of bounds
L 01/11/2022 - 01:15:36: [SM] Blaming: unrestricted_fov.smx
L 01/11/2022 - 01:15:36: [SM] Call stack trace:
L 01/11/2022 - 01:15:36: [SM]   [1] Line 148, D:\Libraries\Documents\Dropbox\SourceMod Plugins\scripting\include\easy_commands.inc::__Handle_ConCmd__
L 01/11/2022 - 03:38:51: Error log file session closed.
L 01/11/2022 - 04:16:43: SourceMod error session started
L 01/11/2022 - 04:16:43: Info (map "surf_utopia_noble") (file "/home/steam/surf/csgo/addons/sourcemod/logs/errors_20220111.log")
L 01/11/2022 - 04:16:43: [SM] Exception reported: Tracker stack is out of bounds
L 01/11/2022 - 04:16:43: [SM] Blaming: unrestricted_fov.smx
L 01/11/2022 - 04:16:43: [SM] Call stack trace:
L 01/11/2022 - 04:16:43: [SM]   [1] Line 148, D:\Libraries\Documents\Dropbox\SourceMod Plugins\scripting\include\easy_commands.inc::__Handle_ConCmd__
L 01/11/2022 - 04:17:20: [SM] Exception reported: Tracker stack is out of bounds
L 01/11/2022 - 04:17:20: [SM] Blaming: unrestricted_fov.smx
L 01/11/2022 - 04:17:20: [SM] Call stack trace:
L 01/11/2022 - 04:17:20: [SM]   [1] Line 148, D:\Libraries\Documents\Dropbox\SourceMod Plugins\scripting\include\easy_commands.inc::__Handle_ConCmd__
L 01/11/2022 - 04:53:15: Error log file session closed.
L 01/11/2022 - 15:36:25: SourceMod error session started
L 01/11/2022 - 15:36:25: Info (map "surf_utopia_noble") (file "/home/steam/surf/csgo/addons/sourcemod/logs/errors_20220111.log")
L 01/11/2022 - 15:36:25: [SM] Exception reported: Tracker stack is out of bounds
L 01/11/2022 - 15:36:25: [SM] Blaming: unrestricted_fov.smx
L 01/11/2022 - 15:36:25: [SM] Call stack trace:
L 01/11/2022 - 15:36:25: [SM]   [1] Line 148, D:\Libraries\Documents\Dropbox\SourceMod Plugins\scripting\include\easy_commands.inc::__Handle_ConCmd__
L 01/11/2022 - 15:36:31: [SM] Exception reported: Tracker stack is out of bounds
L 01/11/2022 - 15:36:31: [SM] Blaming: unrestricted_fov.smx
L 01/11/2022 - 15:36:31: [SM] Call stack trace:
L 01/11/2022 - 15:36:31: [SM]   [1] Line 148, D:\Libraries\Documents\Dropbox\SourceMod Plugins\scripting\include\easy_commands.inc::__Handle_ConCmd__
L 01/11/2022 - 15:36:37: [SM] Exception reported: Tracker stack is out of bounds
L 01/11/2022 - 15:36:37: [SM] Blaming: unrestricted_fov.smx
L 01/11/2022 - 15:36:37: [SM] Call stack trace:
L 01/11/2022 - 15:36:37: [SM]   [1] Line 148, D:\Libraries\Documents\Dropbox\SourceMod Plugins\scripting\include\easy_commands.inc::__Handle_ConCmd__
L 01/11/2022 - 16:00:27: [SM] Exception reported: Tracker stack is out of bounds
L 01/11/2022 - 16:00:27: [SM] Blaming: unrestricted_fov.smx
L 01/11/2022 - 16:00:27: [SM] Call stack trace:
L 01/11/2022 - 16:00:27: [SM]   [1] Line 148, D:\Libraries\Documents\Dropbox\SourceMod Plugins\scripting\include\easy_commands.inc::__Handle_ConCmd__
L 01/11/2022 - 16:00:41: [SM] Exception reported: Tracker stack is out of bounds
L 01/11/2022 - 16:00:41: [SM] Blaming: unrestricted_fov.smx
L 01/11/2022 - 16:00:41: [SM] Call stack trace:
L 01/11/2022 - 16:00:41: [SM]   [1] Line 148, D:\Libraries\Documents\Dropbox\SourceMod Plugins\scripting\include\easy_commands.inc::__Handle_ConCmd__
L 01/11/2022 - 16:00:50: [SM] Exception reported: Tracker stack is out of bounds
L 01/11/2022 - 16:00:50: [SM] Blaming: unrestricted_fov.smx
L 01/11/2022 - 16:00:50: [SM] Call stack trace:
L 01/11/2022 - 16:00:50: [SM]   [1] Line 148, D:\Libraries\Documents\Dropbox\SourceMod Plugins\scripting\include\easy_commands.inc::__Handle_ConCmd__
L 01/11/2022 - 16:00:57: [SM] Exception reported: Tracker stack is out of bounds
L 01/11/2022 - 16:00:57: [SM] Blaming: unrestricted_fov.smx
L 01/11/2022 - 16:00:57: [SM] Call stack trace:
L 01/11/2022 - 16:00:57: [SM]   [1] Line 148, D:\Libraries\Documents\Dropbox\SourceMod Plugins\scripting\include\easy_commands.inc::__Handle_ConCmd__
L 01/11/2022 - 16:07:22: Error log file session closed.
L 01/11/2022 - 16:31:31: SourceMod error session started
L 01/11/2022 - 16:31:31: Info (map "surf_utopia_noble") (file "/home/steam/surf/csgo/addons/sourcemod/logs/errors_20220111.log")
L 01/11/2022 - 16:31:31: [SM] Exception reported: Tracker stack is out of bounds
L 01/11/2022 - 16:31:31: [SM] Blaming: unrestricted_fov.smx
L 01/11/2022 - 16:31:31: [SM] Call stack trace:
L 01/11/2022 - 16:31:31: [SM]   [1] Line 148, D:\Libraries\Documents\Dropbox\SourceMod Plugins\scripting\include\easy_commands.inc::__Handle_ConCmd__
L 01/11/2022 - 16:31:31: [SM]   [3] FakeClientCommand
L 01/11/2022 - 16:31:31: [SM]   [4] Line 427, surftimer/hooks.sp::Say_Hook
L 01/11/2022 - 18:06:29: Error log file session closed.
L 01/11/2022 - 20:20:41: SourceMod error session started
L 01/11/2022 - 20:20:41: Info (map "surf_utopia_noble") (file "/home/steam/surf/csgo/addons/sourcemod/logs/errors_20220111.log")
L 01/11/2022 - 20:20:41: [SM] Exception reported: Tracker stack is out of bounds
L 01/11/2022 - 20:20:41: [SM] Blaming: unrestricted_fov.smx
L 01/11/2022 - 20:20:41: [SM] Call stack trace:
L 01/11/2022 - 20:20:41: [SM]   [1] Line 148, D:\Libraries\Documents\Dropbox\SourceMod Plugins\scripting\include\easy_commands.inc::__Handle_ConCmd__
L 01/11/2022 - 20:41:02: [SM] Exception reported: Tracker stack is out of bounds
L 01/11/2022 - 20:41:02: [SM] Blaming: unrestricted_fov.smx
L 01/11/2022 - 20:41:02: [SM] Call stack trace:
L 01/11/2022 - 20:41:02: [SM]   [1] Line 148, D:\Libraries\Documents\Dropbox\SourceMod Plugins\scripting\include\easy_commands.inc::__Handle_ConCmd__
L 01/11/2022 - 20:41:07: [SM] Exception reported: Tracker stack is out of bounds
L 01/11/2022 - 20:41:07: [SM] Blaming: unrestricted_fov.smx
L 01/11/2022 - 20:41:07: [SM] Call stack trace:
L 01/11/2022 - 20:41:07: [SM]   [1] Line 148, D:\Libraries\Documents\Dropbox\SourceMod Plugins\scripting\include\easy_commands.inc::__Handle_ConCmd__
L 01/11/2022 - 20:41:31: [SM] Exception reported: Tracker stack is out of bounds
L 01/11/2022 - 20:41:31: [SM] Blaming: unrestricted_fov.smx
L 01/11/2022 - 20:41:31: [SM] Call stack trace:
L 01/11/2022 - 20:41:31: [SM]   [1] Line 148, D:\Libraries\Documents\Dropbox\SourceMod Plugins\scripting\include\easy_commands.inc::__Handle_ConCmd__
L 01/11/2022 - 21:06:41: Error log file session closed.
L 01/11/2022 - 22:07:50: SourceMod error session started
L 01/11/2022 - 22:07:50: Info (map "surf_utopia_noble") (file "/home/steam/surf/csgo/addons/sourcemod/logs/errors_20220111.log")
L 01/11/2022 - 22:07:50: [SM] Exception reported: Tracker stack is out of bounds
L 01/11/2022 - 22:07:50: [SM] Blaming: unrestricted_fov.smx
L 01/11/2022 - 22:07:50: [SM] Call stack trace:
L 01/11/2022 - 22:07:50: [SM]   [1] Line 148, D:\Libraries\Documents\Dropbox\SourceMod Plugins\scripting\include\easy_commands.inc::__Handle_ConCmd__
L 01/11/2022 - 22:17:10: Error log file session closed.
L 01/11/2022 - 23:26:01: SourceMod error session started
L 01/11/2022 - 23:26:01: Info (map "surf_utopia_noble") (file "/home/steam/surf/csgo/addons/sourcemod/logs/errors_20220111.log")
L 01/11/2022 - 23:26:01: [SM] Exception reported: Tracker stack is out of bounds
L 01/11/2022 - 23:26:01: [SM] Blaming: unrestricted_fov.smx
L 01/11/2022 - 23:26:01: [SM] Call stack trace:
L 01/11/2022 - 23:26:01: [SM]   [1] Line 148, D:\Libraries\Documents\Dropbox\SourceMod Plugins\scripting\include\easy_commands.inc::__Handle_ConCmd__
L 01/11/2022 - 23:50:20: [SM] Exception reported: Tracker stack is out of bounds
L 01/11/2022 - 23:50:20: [SM] Blaming: unrestricted_fov.smx
L 01/11/2022 - 23:50:20: [SM] Call stack trace:
L 01/11/2022 - 23:50:20: [SM]   [1] Line 148, D:\Libraries\Documents\Dropbox\SourceMod Plugins\scripting\include\easy_commands.inc::__Handle_ConCmd__
L 01/11/2022 - 23:50:38: [SM] Exception reported: Tracker stack is out of bounds
L 01/11/2022 - 23:50:38: [SM] Blaming: unrestricted_fov.smx
L 01/11/2022 - 23:50:38: [SM] Call stack trace:
L 01/11/2022 - 23:50:38: [SM]   [1] Line 148, D:\Libraries\Documents\Dropbox\SourceMod Plugins\scripting\include\easy_commands.inc::__Handle_ConCmd__
L 01/12/2022 - 00:38:05: Error log file session closed.
