L 12/23/2021 - 01:39:54: SourceMod error session started
L 12/23/2021 - 01:39:54: Info (map "surf_utopia_noble") (file "/home/steam/surf/csgo/addons/sourcemod/logs/errors_20211223.log")
L 12/23/2021 - 01:39:54: [SM] Exception reported: Tracker stack is out of bounds
L 12/23/2021 - 01:39:54: [SM] Blaming: unrestricted_fov.smx
L 12/23/2021 - 01:39:54: [SM] Call stack trace:
L 12/23/2021 - 01:39:54: [SM]   [1] Line 148, D:\Libraries\Documents\Dropbox\SourceMod Plugins\scripting\include\easy_commands.inc::__Handle_ConCmd__
L 12/23/2021 - 01:39:54: [SM]   [3] FakeClientCommand
L 12/23/2021 - 01:39:54: [SM]   [4] Line 427, surftimer/hooks.sp::Say_Hook
L 12/23/2021 - 02:55:04: Error log file session closed.
L 12/23/2021 - 16:18:07: SourceMod error session started
L 12/23/2021 - 16:18:07: Info (map "surf_utopia_noble") (file "/home/steam/surf/csgo/addons/sourcemod/logs/errors_20211223.log")
L 12/23/2021 - 16:18:07: [SM] Exception reported: Tracker stack is out of bounds
L 12/23/2021 - 16:18:07: [SM] Blaming: unrestricted_fov.smx
L 12/23/2021 - 16:18:07: [SM] Call stack trace:
L 12/23/2021 - 16:18:07: [SM]   [1] Line 148, D:\Libraries\Documents\Dropbox\SourceMod Plugins\scripting\include\easy_commands.inc::__Handle_ConCmd__
L 12/23/2021 - 16:18:07: [SM]   [3] FakeClientCommand
L 12/23/2021 - 16:18:07: [SM]   [4] Line 427, surftimer/hooks.sp::Say_Hook
L 12/23/2021 - 17:07:07: Error log file session closed.
L 12/23/2021 - 21:01:26: SourceMod error session started
L 12/23/2021 - 21:01:26: Info (map "surf_utopia_noble") (file "/home/steam/surf/csgo/addons/sourcemod/logs/errors_20211223.log")
L 12/23/2021 - 21:01:26: [SM] Exception reported: Tracker stack is out of bounds
L 12/23/2021 - 21:01:26: [SM] Blaming: unrestricted_fov.smx
L 12/23/2021 - 21:01:26: [SM] Call stack trace:
L 12/23/2021 - 21:01:26: [SM]   [1] Line 148, D:\Libraries\Documents\Dropbox\SourceMod Plugins\scripting\include\easy_commands.inc::__Handle_ConCmd__
L 12/23/2021 - 21:03:22: [SM] Exception reported: Tracker stack is out of bounds
L 12/23/2021 - 21:03:22: [SM] Blaming: unrestricted_fov.smx
L 12/23/2021 - 21:03:22: [SM] Call stack trace:
L 12/23/2021 - 21:03:22: [SM]   [1] Line 148, D:\Libraries\Documents\Dropbox\SourceMod Plugins\scripting\include\easy_commands.inc::__Handle_ConCmd__
L 12/23/2021 - 21:03:33: [SM] Exception reported: Tracker stack is out of bounds
L 12/23/2021 - 21:03:33: [SM] Blaming: unrestricted_fov.smx
L 12/23/2021 - 21:03:33: [SM] Call stack trace:
L 12/23/2021 - 21:03:33: [SM]   [1] Line 148, D:\Libraries\Documents\Dropbox\SourceMod Plugins\scripting\include\easy_commands.inc::__Handle_ConCmd__
L 12/23/2021 - 21:13:22: [SM] Exception reported: Tracker stack is out of bounds
L 12/23/2021 - 21:13:22: [SM] Blaming: unrestricted_fov.smx
L 12/23/2021 - 21:13:22: [SM] Call stack trace:
L 12/23/2021 - 21:13:22: [SM]   [1] Line 148, D:\Libraries\Documents\Dropbox\SourceMod Plugins\scripting\include\easy_commands.inc::__Handle_ConCmd__
L 12/23/2021 - 21:26:17: Error log file session closed.
L 12/23/2021 - 22:02:47: SourceMod error session started
L 12/23/2021 - 22:02:47: Info (map "surf_utopia_noble") (file "/home/steam/surf/csgo/addons/sourcemod/logs/errors_20211223.log")
L 12/23/2021 - 22:02:47: [SM] Exception reported: Tracker stack is out of bounds
L 12/23/2021 - 22:02:47: [SM] Blaming: unrestricted_fov.smx
L 12/23/2021 - 22:02:47: [SM] Call stack trace:
L 12/23/2021 - 22:02:47: [SM]   [1] Line 148, D:\Libraries\Documents\Dropbox\SourceMod Plugins\scripting\include\easy_commands.inc::__Handle_ConCmd__
L 12/23/2021 - 23:09:43: Error log file session closed.
