L 12/15/2021 - 00:08:11: SourceMod error session started
L 12/15/2021 - 00:08:11: Info (map "surf_utopia_noble") (file "/home/steam/surf/csgo/addons/sourcemod/logs/errors_20211215.log")
L 12/15/2021 - 00:08:11: [SM] Detected parse error(s) in file "/home/steam/surf/csgo/addons/sourcemod/configs/databases.cfg"
L 12/15/2021 - 00:08:11: [SM] Line 55: Section beginning without a matching ending
L 12/15/2021 - 00:09:19: Error log file session closed.
L 12/15/2021 - 00:09:26: SourceMod error session started
L 12/15/2021 - 00:09:26: Info (map "surf_utopia_noble") (file "/home/steam/surf/csgo/addons/sourcemod/logs/errors_20211215.log")
L 12/15/2021 - 00:09:26: [SM] Detected parse error(s) in file "/home/steam/surf/csgo/addons/sourcemod/configs/databases.cfg"
L 12/15/2021 - 00:09:26: [SM] Line 55: Section beginning without a matching ending
L 12/15/2021 - 00:09:26: [SM] Unable to load extension "PTaH.ext": /home/steam/surf/csgo/addons/sourcemod/extensions/PTaH.ext.so: cannot open shared object file: No such file or directory
L 12/15/2021 - 00:09:26: [SM] Unable to load extension "SteamWorks.ext": /home/steam/surf/csgo/addons/sourcemod/extensions/SteamWorks.ext.so: cannot open shared object file: No such file or directory
L 12/15/2021 - 00:09:26: [SM] Unable to load plugin "weapons.smx": Required extension "PTaH" file("PTaH.ext") not running
L 12/15/2021 - 00:09:26: [SM] Unable to load plugin "discord_api.smx": Required extension "SteamWorks" file("SteamWorks.ext") not running
L 12/15/2021 - 00:09:26: [SM] Error parsing gameconfig file "/home/steam/surf/csgo/addons/sourcemod/gamedata/LagExploitFix_3_7_2020.txt":
L 12/15/2021 - 00:09:26: [SM] Error 1 on line 0, col 0: Stream failed to open
L 12/15/2021 - 00:09:26: [SM] Exception reported: Unable to open LagExploitFix_3_7_2020: File could not be opened: No such file or directory
L 12/15/2021 - 00:09:26: [SM] Blaming: ServerLagExploitFix_3_7_2020 (2).smx
L 12/15/2021 - 00:09:26: [SM] Call stack trace:
L 12/15/2021 - 00:09:26: [SM]   [0] LoadGameConfigFile
L 12/15/2021 - 00:09:26: [SM]   [1] Line 14, /home/forums/content/files/2/4/6/0/2/9/180045.attach::OnPluginStart
L 12/15/2021 - 00:09:26: [SM] Unable to load plugin "ServerLagExploitFix_3_7_2020 (2).smx": Error detected in plugin startup (see error logs)
L 12/15/2021 - 00:09:27: [gloves.smx] Database failure: Could not find database config "mysql"
L 12/15/2021 - 00:09:30: Error log file session closed.
L 12/15/2021 - 00:09:30: SourceMod error session started
L 12/15/2021 - 00:09:30: Info (map "surf_utopia_noble") (file "/home/steam/surf/csgo/addons/sourcemod/logs/errors_20211215.log")
L 12/15/2021 - 00:09:30: [SM] Detected parse error(s) in file "/home/steam/surf/csgo/addons/sourcemod/configs/databases.cfg"
L 12/15/2021 - 00:09:30: [SM] Line 55: Section beginning without a matching ending
L 12/15/2021 - 00:09:30: [gloves.smx] Database failure: Could not find database config "mysql"
L 12/15/2021 - 00:09:33: [SM] Exception reported: Invalid database Handle 0 (error: 4)
L 12/15/2021 - 00:09:33: [SM] Blaming: gloves.smx
L 12/15/2021 - 00:09:33: [SM] Call stack trace:
L 12/15/2021 - 00:09:33: [SM]   [0] Database.Query
L 12/15/2021 - 00:09:33: [SM]   [1] Line 24, tmp/addons/sourcemod/scripting/gloves/database.sp::GetPlayerData
L 12/15/2021 - 00:09:33: [SM]   [2] Line 125, tmp/addons/sourcemod/scripting/gloves.sp::OnClientPostAdminCheck
L 12/15/2021 - 00:09:38: [SM] Exception reported: Invalid database Handle 0 (error: 4)
L 12/15/2021 - 00:09:38: [SM] Blaming: gloves.smx
L 12/15/2021 - 00:09:38: [SM] Call stack trace:
L 12/15/2021 - 00:09:38: [SM]   [0] Database.Query
L 12/15/2021 - 00:09:38: [SM]   [1] Line 70, tmp/addons/sourcemod/scripting/gloves/database.sp::UpdatePlayerData
L 12/15/2021 - 00:09:38: [SM]   [2] Line 140, tmp/addons/sourcemod/scripting/gloves/menus.sp::GloveMainMenuHandler
L 12/15/2021 - 00:10:27: Error log file session closed.
L 12/15/2021 - 00:10:33: SourceMod error session started
L 12/15/2021 - 00:10:33: Info (map "surf_utopia_noble") (file "/home/steam/surf/csgo/addons/sourcemod/logs/errors_20211215.log")
L 12/15/2021 - 00:10:33: [SM] Detected parse error(s) in file "/home/steam/surf/csgo/addons/sourcemod/configs/databases.cfg"
L 12/15/2021 - 00:10:33: [SM] Line 55: Section beginning without a matching ending
L 12/15/2021 - 00:10:33: [SM] Unable to load extension "PTaH.ext": /home/steam/surf/csgo/addons/sourcemod/extensions/PTaH.ext.so: cannot open shared object file: No such file or directory
L 12/15/2021 - 00:10:33: [SM] Unable to load extension "SteamWorks.ext": /home/steam/surf/csgo/addons/sourcemod/extensions/SteamWorks.ext.so: cannot open shared object file: No such file or directory
L 12/15/2021 - 00:10:33: [SM] Unable to load plugin "weapons.smx": Required extension "PTaH" file("PTaH.ext") not running
L 12/15/2021 - 00:10:33: [SM] Unable to load plugin "discord_api.smx": Required extension "SteamWorks" file("SteamWorks.ext") not running
L 12/15/2021 - 00:10:33: [SM] Error parsing gameconfig file "/home/steam/surf/csgo/addons/sourcemod/gamedata/LagExploitFix_3_7_2020.txt":
L 12/15/2021 - 00:10:33: [SM] Error 1 on line 0, col 0: Stream failed to open
L 12/15/2021 - 00:10:33: [SM] Exception reported: Unable to open LagExploitFix_3_7_2020: File could not be opened: No such file or directory
L 12/15/2021 - 00:10:33: [SM] Blaming: ServerLagExploitFix_3_7_2020 (2).smx
L 12/15/2021 - 00:10:33: [SM] Call stack trace:
L 12/15/2021 - 00:10:33: [SM]   [0] LoadGameConfigFile
L 12/15/2021 - 00:10:33: [SM]   [1] Line 14, /home/forums/content/files/2/4/6/0/2/9/180045.attach::OnPluginStart
L 12/15/2021 - 00:10:33: [SM] Unable to load plugin "ServerLagExploitFix_3_7_2020 (2).smx": Error detected in plugin startup (see error logs)
L 12/15/2021 - 00:10:34: [gloves.smx] Database failure: Could not find database config "mysql"
L 12/15/2021 - 00:10:37: Error log file session closed.
L 12/15/2021 - 00:10:37: SourceMod error session started
L 12/15/2021 - 00:10:37: Info (map "surf_utopia_noble") (file "/home/steam/surf/csgo/addons/sourcemod/logs/errors_20211215.log")
L 12/15/2021 - 00:10:37: [SM] Detected parse error(s) in file "/home/steam/surf/csgo/addons/sourcemod/configs/databases.cfg"
L 12/15/2021 - 00:10:37: [SM] Line 55: Section beginning without a matching ending
L 12/15/2021 - 00:10:37: [gloves.smx] Database failure: Could not find database config "mysql"
L 12/15/2021 - 00:10:40: [SM] Exception reported: Invalid database Handle 0 (error: 4)
L 12/15/2021 - 00:10:40: [SM] Blaming: gloves.smx
L 12/15/2021 - 00:10:40: [SM] Call stack trace:
L 12/15/2021 - 00:10:40: [SM]   [0] Database.Query
L 12/15/2021 - 00:10:40: [SM]   [1] Line 24, tmp/addons/sourcemod/scripting/gloves/database.sp::GetPlayerData
L 12/15/2021 - 00:10:40: [SM]   [2] Line 125, tmp/addons/sourcemod/scripting/gloves.sp::OnClientPostAdminCheck
L 12/15/2021 - 00:10:48: [SM] Exception reported: Invalid database Handle 0 (error: 4)
L 12/15/2021 - 00:10:48: [SM] Blaming: gloves.smx
L 12/15/2021 - 00:10:48: [SM] Call stack trace:
L 12/15/2021 - 00:10:48: [SM]   [0] Database.Query
L 12/15/2021 - 00:10:48: [SM]   [1] Line 70, tmp/addons/sourcemod/scripting/gloves/database.sp::UpdatePlayerData
L 12/15/2021 - 00:10:48: [SM]   [2] Line 140, tmp/addons/sourcemod/scripting/gloves/menus.sp::GloveMainMenuHandler
L 12/15/2021 - 00:12:31: Error log file session closed.
L 12/15/2021 - 00:12:37: SourceMod error session started
L 12/15/2021 - 00:12:37: Info (map "surf_utopia_noble") (file "/home/steam/surf/csgo/addons/sourcemod/logs/errors_20211215.log")
L 12/15/2021 - 00:12:37: [SM] Unable to load extension "PTaH.ext": /home/steam/surf/csgo/addons/sourcemod/extensions/PTaH.ext.so: cannot open shared object file: No such file or directory
L 12/15/2021 - 00:12:37: [SM] Unable to load extension "SteamWorks.ext": /home/steam/surf/csgo/addons/sourcemod/extensions/SteamWorks.ext.so: cannot open shared object file: No such file or directory
L 12/15/2021 - 00:12:37: [SM] Unable to load plugin "weapons.smx": Required extension "PTaH" file("PTaH.ext") not running
L 12/15/2021 - 00:12:37: [SM] Unable to load plugin "discord_api.smx": Required extension "SteamWorks" file("SteamWorks.ext") not running
L 12/15/2021 - 00:12:37: [SM] Error parsing gameconfig file "/home/steam/surf/csgo/addons/sourcemod/gamedata/LagExploitFix_3_7_2020.txt":
L 12/15/2021 - 00:12:37: [SM] Error 1 on line 0, col 0: Stream failed to open
L 12/15/2021 - 00:12:37: [SM] Exception reported: Unable to open LagExploitFix_3_7_2020: File could not be opened: No such file or directory
L 12/15/2021 - 00:12:37: [SM] Blaming: ServerLagExploitFix_3_7_2020 (2).smx
L 12/15/2021 - 00:12:37: [SM] Call stack trace:
L 12/15/2021 - 00:12:37: [SM]   [0] LoadGameConfigFile
L 12/15/2021 - 00:12:37: [SM]   [1] Line 14, /home/forums/content/files/2/4/6/0/2/9/180045.attach::OnPluginStart
L 12/15/2021 - 00:12:37: [SM] Unable to load plugin "ServerLagExploitFix_3_7_2020 (2).smx": Error detected in plugin startup (see error logs)
L 12/15/2021 - 00:12:38: [gloves.smx] Database failure: Could not find database config "mysql"
L 12/15/2021 - 00:12:41: Error log file session closed.
L 12/15/2021 - 00:12:41: SourceMod error session started
L 12/15/2021 - 00:12:41: Info (map "surf_utopia_noble") (file "/home/steam/surf/csgo/addons/sourcemod/logs/errors_20211215.log")
L 12/15/2021 - 00:12:41: [gloves.smx] Database failure: Could not find database config "mysql"
L 12/15/2021 - 00:12:44: [SM] Exception reported: Invalid database Handle 0 (error: 4)
L 12/15/2021 - 00:12:44: [SM] Blaming: gloves.smx
L 12/15/2021 - 00:12:44: [SM] Call stack trace:
L 12/15/2021 - 00:12:44: [SM]   [0] Database.Query
L 12/15/2021 - 00:12:44: [SM]   [1] Line 24, tmp/addons/sourcemod/scripting/gloves/database.sp::GetPlayerData
L 12/15/2021 - 00:12:44: [SM]   [2] Line 125, tmp/addons/sourcemod/scripting/gloves.sp::OnClientPostAdminCheck
L 12/15/2021 - 00:12:50: [SM] Exception reported: Invalid database Handle 0 (error: 4)
L 12/15/2021 - 00:12:50: [SM] Blaming: gloves.smx
L 12/15/2021 - 00:12:50: [SM] Call stack trace:
L 12/15/2021 - 00:12:50: [SM]   [0] Database.Query
L 12/15/2021 - 00:12:50: [SM]   [1] Line 70, tmp/addons/sourcemod/scripting/gloves/database.sp::UpdatePlayerData
L 12/15/2021 - 00:12:50: [SM]   [2] Line 140, tmp/addons/sourcemod/scripting/gloves/menus.sp::GloveMainMenuHandler
L 12/15/2021 - 00:12:55: [SM] Exception reported: Invalid database Handle 0 (error: 4)
L 12/15/2021 - 00:12:55: [SM] Blaming: gloves.smx
L 12/15/2021 - 00:12:55: [SM] Call stack trace:
L 12/15/2021 - 00:12:55: [SM]   [0] Database.Query
L 12/15/2021 - 00:12:55: [SM]   [1] Line 70, tmp/addons/sourcemod/scripting/gloves/database.sp::UpdatePlayerData
L 12/15/2021 - 00:12:55: [SM]   [2] Line 48, tmp/addons/sourcemod/scripting/gloves/menus.sp::GloveMenuHandler
L 12/15/2021 - 00:13:25: Error log file session closed.
L 12/15/2021 - 00:13:31: SourceMod error session started
L 12/15/2021 - 00:13:31: Info (map "surf_utopia_noble") (file "/home/steam/surf/csgo/addons/sourcemod/logs/errors_20211215.log")
L 12/15/2021 - 00:13:31: [SM] Unable to load extension "PTaH.ext": /home/steam/surf/csgo/addons/sourcemod/extensions/PTaH.ext.so: cannot open shared object file: No such file or directory
L 12/15/2021 - 00:13:31: [SM] Unable to load extension "SteamWorks.ext": /home/steam/surf/csgo/addons/sourcemod/extensions/SteamWorks.ext.so: cannot open shared object file: No such file or directory
L 12/15/2021 - 00:13:31: [SM] Unable to load plugin "weapons.smx": Required extension "PTaH" file("PTaH.ext") not running
L 12/15/2021 - 00:13:31: [SM] Unable to load plugin "discord_api.smx": Required extension "SteamWorks" file("SteamWorks.ext") not running
L 12/15/2021 - 00:13:31: [SM] Error parsing gameconfig file "/home/steam/surf/csgo/addons/sourcemod/gamedata/LagExploitFix_3_7_2020.txt":
L 12/15/2021 - 00:13:31: [SM] Error 1 on line 0, col 0: Stream failed to open
L 12/15/2021 - 00:13:31: [SM] Exception reported: Unable to open LagExploitFix_3_7_2020: File could not be opened: No such file or directory
L 12/15/2021 - 00:13:31: [SM] Blaming: ServerLagExploitFix_3_7_2020 (2).smx
L 12/15/2021 - 00:13:31: [SM] Call stack trace:
L 12/15/2021 - 00:13:31: [SM]   [0] LoadGameConfigFile
L 12/15/2021 - 00:13:31: [SM]   [1] Line 14, /home/forums/content/files/2/4/6/0/2/9/180045.attach::OnPluginStart
L 12/15/2021 - 00:13:31: [SM] Unable to load plugin "ServerLagExploitFix_3_7_2020 (2).smx": Error detected in plugin startup (see error logs)
L 12/15/2021 - 00:13:32: [gloves.smx] Database failure: Could not find database config "mysql"
L 12/15/2021 - 00:14:08: Error log file session closed.
L 12/15/2021 - 00:14:09: SourceMod error session started
L 12/15/2021 - 00:14:09: Info (map "surf_utopia_noble") (file "/home/steam/surf/csgo/addons/sourcemod/logs/errors_20211215.log")
L 12/15/2021 - 00:14:09: [gloves.smx] Database failure: Could not find database config "mysql"
L 12/15/2021 - 00:14:18: [SM] Exception reported: Invalid database Handle 0 (error: 4)
L 12/15/2021 - 00:14:18: [SM] Blaming: gloves.smx
L 12/15/2021 - 00:14:18: [SM] Call stack trace:
L 12/15/2021 - 00:14:18: [SM]   [0] Database.Query
L 12/15/2021 - 00:14:18: [SM]   [1] Line 24, tmp/addons/sourcemod/scripting/gloves/database.sp::GetPlayerData
L 12/15/2021 - 00:14:18: [SM]   [2] Line 125, tmp/addons/sourcemod/scripting/gloves.sp::OnClientPostAdminCheck
L 12/15/2021 - 00:14:42: Error log file session closed.
L 12/15/2021 - 00:15:57: SourceMod error session started
L 12/15/2021 - 00:15:57: Info (map "surf_utopia_noble") (file "/home/steam/surf/csgo/addons/sourcemod/logs/errors_20211215.log")
L 12/15/2021 - 00:15:57: [SM] Unable to load extension "PTaH.ext": /home/steam/surf/csgo/addons/sourcemod/extensions/PTaH.ext.so: cannot open shared object file: No such file or directory
L 12/15/2021 - 00:15:57: [SM] Unable to load extension "SteamWorks.ext": /home/steam/surf/csgo/addons/sourcemod/extensions/SteamWorks.ext.so: cannot open shared object file: No such file or directory
L 12/15/2021 - 00:15:57: [SM] Unable to load plugin "weapons.smx": Required extension "PTaH" file("PTaH.ext") not running
L 12/15/2021 - 00:15:57: [SM] Unable to load plugin "discord_api.smx": Required extension "SteamWorks" file("SteamWorks.ext") not running
L 12/15/2021 - 00:15:57: [SM] Error parsing gameconfig file "/home/steam/surf/csgo/addons/sourcemod/gamedata/LagExploitFix_3_7_2020.txt":
L 12/15/2021 - 00:15:57: [SM] Error 1 on line 0, col 0: Stream failed to open
L 12/15/2021 - 00:15:57: [SM] Exception reported: Unable to open LagExploitFix_3_7_2020: File could not be opened: No such file or directory
L 12/15/2021 - 00:15:57: [SM] Blaming: ServerLagExploitFix_3_7_2020 (2).smx
L 12/15/2021 - 00:15:57: [SM] Call stack trace:
L 12/15/2021 - 00:15:57: [SM]   [0] LoadGameConfigFile
L 12/15/2021 - 00:15:57: [SM]   [1] Line 14, /home/forums/content/files/2/4/6/0/2/9/180045.attach::OnPluginStart
L 12/15/2021 - 00:15:57: [SM] Unable to load plugin "ServerLagExploitFix_3_7_2020 (2).smx": Error detected in plugin startup (see error logs)
L 12/15/2021 - 00:15:58: [gloves.smx] Database failure: Could not find database config "mysql"
L 12/15/2021 - 00:16:08: Error log file session closed.
L 12/15/2021 - 00:16:09: SourceMod error session started
L 12/15/2021 - 00:16:09: Info (map "surf_utopia_noble") (file "/home/steam/surf/csgo/addons/sourcemod/logs/errors_20211215.log")
L 12/15/2021 - 00:16:09: [gloves.smx] Database failure: Could not find database config "mysql"
L 12/15/2021 - 00:16:12: [SM] Exception reported: Invalid database Handle 0 (error: 4)
L 12/15/2021 - 00:16:12: [SM] Blaming: gloves.smx
L 12/15/2021 - 00:16:12: [SM] Call stack trace:
L 12/15/2021 - 00:16:12: [SM]   [0] Database.Query
L 12/15/2021 - 00:16:12: [SM]   [1] Line 24, tmp/addons/sourcemod/scripting/gloves/database.sp::GetPlayerData
L 12/15/2021 - 00:16:12: [SM]   [2] Line 125, tmp/addons/sourcemod/scripting/gloves.sp::OnClientPostAdminCheck
L 12/15/2021 - 00:16:55: [SM] Exception reported: Invalid database Handle 0 (error: 4)
L 12/15/2021 - 00:16:55: [SM] Blaming: gloves.smx
L 12/15/2021 - 00:16:55: [SM] Call stack trace:
L 12/15/2021 - 00:16:55: [SM]   [0] Database.Query
L 12/15/2021 - 00:16:55: [SM]   [1] Line 24, tmp/addons/sourcemod/scripting/gloves/database.sp::GetPlayerData
L 12/15/2021 - 00:16:55: [SM]   [2] Line 125, tmp/addons/sourcemod/scripting/gloves.sp::OnClientPostAdminCheck
L 12/15/2021 - 00:20:36: Error log file session closed.
L 12/15/2021 - 00:20:42: SourceMod error session started
L 12/15/2021 - 00:20:42: Info (map "surf_utopia_noble") (file "/home/steam/surf/csgo/addons/sourcemod/logs/errors_20211215.log")
L 12/15/2021 - 00:20:42: [SM] Unable to load extension "PTaH.ext": /home/steam/surf/csgo/addons/sourcemod/extensions/PTaH.ext.so: cannot open shared object file: No such file or directory
L 12/15/2021 - 00:20:42: [SM] Unable to load extension "SteamWorks.ext": /home/steam/surf/csgo/addons/sourcemod/extensions/SteamWorks.ext.so: cannot open shared object file: No such file or directory
L 12/15/2021 - 00:20:42: [SM] Unable to load plugin "weapons.smx": Required extension "PTaH" file("PTaH.ext") not running
L 12/15/2021 - 00:20:42: [SM] Unable to load plugin "discord_api.smx": Required extension "SteamWorks" file("SteamWorks.ext") not running
L 12/15/2021 - 00:20:42: [SM] Error parsing gameconfig file "/home/steam/surf/csgo/addons/sourcemod/gamedata/LagExploitFix_3_7_2020.txt":
L 12/15/2021 - 00:20:42: [SM] Error 1 on line 0, col 0: Stream failed to open
L 12/15/2021 - 00:20:42: [SM] Exception reported: Unable to open LagExploitFix_3_7_2020: File could not be opened: No such file or directory
L 12/15/2021 - 00:20:42: [SM] Blaming: ServerLagExploitFix_3_7_2020 (2).smx
L 12/15/2021 - 00:20:42: [SM] Call stack trace:
L 12/15/2021 - 00:20:42: [SM]   [0] LoadGameConfigFile
L 12/15/2021 - 00:20:42: [SM]   [1] Line 14, /home/forums/content/files/2/4/6/0/2/9/180045.attach::OnPluginStart
L 12/15/2021 - 00:20:42: [SM] Unable to load plugin "ServerLagExploitFix_3_7_2020 (2).smx": Error detected in plugin startup (see error logs)
L 12/15/2021 - 00:20:43: [gloves.smx] Database failure: Could not find database config "mysql"
L 12/15/2021 - 00:20:56: Error log file session closed.
L 12/15/2021 - 00:20:56: SourceMod error session started
L 12/15/2021 - 00:20:56: Info (map "surf_utopia_noble") (file "/home/steam/surf/csgo/addons/sourcemod/logs/errors_20211215.log")
L 12/15/2021 - 00:20:56: [gloves.smx] Database failure: Could not find database config "mysql"
L 12/15/2021 - 00:20:59: [SM] Exception reported: Invalid database Handle 0 (error: 4)
L 12/15/2021 - 00:20:59: [SM] Blaming: gloves.smx
L 12/15/2021 - 00:20:59: [SM] Call stack trace:
L 12/15/2021 - 00:20:59: [SM]   [0] Database.Query
L 12/15/2021 - 00:20:59: [SM]   [1] Line 24, tmp/addons/sourcemod/scripting/gloves/database.sp::GetPlayerData
L 12/15/2021 - 00:20:59: [SM]   [2] Line 125, tmp/addons/sourcemod/scripting/gloves.sp::OnClientPostAdminCheck
L 12/15/2021 - 00:21:08: [SM] Exception reported: Invalid database Handle 0 (error: 4)
L 12/15/2021 - 00:21:08: [SM] Blaming: gloves.smx
L 12/15/2021 - 00:21:08: [SM] Call stack trace:
L 12/15/2021 - 00:21:08: [SM]   [0] Database.Query
L 12/15/2021 - 00:21:08: [SM]   [1] Line 70, tmp/addons/sourcemod/scripting/gloves/database.sp::UpdatePlayerData
L 12/15/2021 - 00:21:08: [SM]   [2] Line 140, tmp/addons/sourcemod/scripting/gloves/menus.sp::GloveMainMenuHandler
L 12/15/2021 - 00:21:58: Error log file session closed.
L 12/15/2021 - 00:22:03: SourceMod error session started
L 12/15/2021 - 00:22:03: Info (map "surf_utopia_noble") (file "/home/steam/surf/csgo/addons/sourcemod/logs/errors_20211215.log")
L 12/15/2021 - 00:22:03: [SM] Unable to load extension "PTaH.ext": /home/steam/surf/csgo/addons/sourcemod/extensions/PTaH.ext.so: cannot open shared object file: No such file or directory
L 12/15/2021 - 00:22:03: [SM] Unable to load extension "SteamWorks.ext": /home/steam/surf/csgo/addons/sourcemod/extensions/SteamWorks.ext.so: cannot open shared object file: No such file or directory
L 12/15/2021 - 00:22:03: [SM] Unable to load plugin "weapons.smx": Required extension "PTaH" file("PTaH.ext") not running
L 12/15/2021 - 00:22:03: [SM] Unable to load plugin "discord_api.smx": Required extension "SteamWorks" file("SteamWorks.ext") not running
L 12/15/2021 - 00:22:03: [SM] Error parsing gameconfig file "/home/steam/surf/csgo/addons/sourcemod/gamedata/LagExploitFix_3_7_2020.txt":
L 12/15/2021 - 00:22:03: [SM] Error 1 on line 0, col 0: Stream failed to open
L 12/15/2021 - 00:22:03: [SM] Exception reported: Unable to open LagExploitFix_3_7_2020: File could not be opened: No such file or directory
L 12/15/2021 - 00:22:03: [SM] Blaming: ServerLagExploitFix_3_7_2020 (2).smx
L 12/15/2021 - 00:22:03: [SM] Call stack trace:
L 12/15/2021 - 00:22:03: [SM]   [0] LoadGameConfigFile
L 12/15/2021 - 00:22:03: [SM]   [1] Line 14, /home/forums/content/files/2/4/6/0/2/9/180045.attach::OnPluginStart
L 12/15/2021 - 00:22:03: [SM] Unable to load plugin "ServerLagExploitFix_3_7_2020 (2).smx": Error detected in plugin startup (see error logs)
L 12/15/2021 - 00:22:04: [gloves.smx] Database failure: Could not find database config "mysql"
L 12/15/2021 - 00:22:08: Error log file session closed.
L 12/15/2021 - 00:22:09: SourceMod error session started
L 12/15/2021 - 00:22:09: Info (map "surf_utopia_noble") (file "/home/steam/surf/csgo/addons/sourcemod/logs/errors_20211215.log")
L 12/15/2021 - 00:22:09: [gloves.smx] Database failure: Could not find database config "mysql"
L 12/15/2021 - 00:22:12: [SM] Exception reported: Invalid database Handle 0 (error: 4)
L 12/15/2021 - 00:22:12: [SM] Blaming: gloves.smx
L 12/15/2021 - 00:22:12: [SM] Call stack trace:
L 12/15/2021 - 00:22:12: [SM]   [0] Database.Query
L 12/15/2021 - 00:22:12: [SM]   [1] Line 24, tmp/addons/sourcemod/scripting/gloves/database.sp::GetPlayerData
L 12/15/2021 - 00:22:12: [SM]   [2] Line 125, tmp/addons/sourcemod/scripting/gloves.sp::OnClientPostAdminCheck
L 12/15/2021 - 00:23:18: Error log file session closed.
L 12/15/2021 - 00:23:27: SourceMod error session started
L 12/15/2021 - 00:23:27: Info (map "surf_utopia_noble") (file "/home/steam/surf/csgo/addons/sourcemod/logs/errors_20211215.log")
L 12/15/2021 - 00:23:27: [SM] Unable to load extension "PTaH.ext": /home/steam/surf/csgo/addons/sourcemod/extensions/PTaH.ext.so: cannot open shared object file: No such file or directory
L 12/15/2021 - 00:23:27: [SM] Unable to load extension "SteamWorks.ext": /home/steam/surf/csgo/addons/sourcemod/extensions/SteamWorks.ext.so: cannot open shared object file: No such file or directory
L 12/15/2021 - 00:23:27: [SM] Unable to load plugin "weapons.smx": Required extension "PTaH" file("PTaH.ext") not running
L 12/15/2021 - 00:23:27: [SM] Unable to load plugin "discord_api.smx": Required extension "SteamWorks" file("SteamWorks.ext") not running
L 12/15/2021 - 00:23:27: [SM] Error parsing gameconfig file "/home/steam/surf/csgo/addons/sourcemod/gamedata/LagExploitFix_3_7_2020.txt":
L 12/15/2021 - 00:23:27: [SM] Error 1 on line 0, col 0: Stream failed to open
L 12/15/2021 - 00:23:27: [SM] Exception reported: Unable to open LagExploitFix_3_7_2020: File could not be opened: No such file or directory
L 12/15/2021 - 00:23:27: [SM] Blaming: ServerLagExploitFix_3_7_2020 (2).smx
L 12/15/2021 - 00:23:27: [SM] Call stack trace:
L 12/15/2021 - 00:23:27: [SM]   [0] LoadGameConfigFile
L 12/15/2021 - 00:23:27: [SM]   [1] Line 14, /home/forums/content/files/2/4/6/0/2/9/180045.attach::OnPluginStart
L 12/15/2021 - 00:23:27: [SM] Unable to load plugin "ServerLagExploitFix_3_7_2020 (2).smx": Error detected in plugin startup (see error logs)
L 12/15/2021 - 00:23:28: [gloves.smx] Database failure: Could not find database config "mysql"
L 12/15/2021 - 00:23:31: Error log file session closed.
L 12/15/2021 - 00:23:31: SourceMod error session started
L 12/15/2021 - 00:23:31: Info (map "surf_utopia_noble") (file "/home/steam/surf/csgo/addons/sourcemod/logs/errors_20211215.log")
L 12/15/2021 - 00:23:31: [gloves.smx] Database failure: Could not find database config "mysql"
L 12/15/2021 - 00:23:34: [SM] Exception reported: Invalid database Handle 0 (error: 4)
L 12/15/2021 - 00:23:34: [SM] Blaming: gloves.smx
L 12/15/2021 - 00:23:34: [SM] Call stack trace:
L 12/15/2021 - 00:23:34: [SM]   [0] Database.Query
L 12/15/2021 - 00:23:34: [SM]   [1] Line 24, tmp/addons/sourcemod/scripting/gloves/database.sp::GetPlayerData
L 12/15/2021 - 00:23:34: [SM]   [2] Line 125, tmp/addons/sourcemod/scripting/gloves.sp::OnClientPostAdminCheck
L 12/15/2021 - 00:23:48: [SM] Exception reported: Invalid database Handle 0 (error: 4)
L 12/15/2021 - 00:23:48: [SM] Blaming: gloves.smx
L 12/15/2021 - 00:23:48: [SM] Call stack trace:
L 12/15/2021 - 00:23:48: [SM]   [0] Database.Query
L 12/15/2021 - 00:23:48: [SM]   [1] Line 70, tmp/addons/sourcemod/scripting/gloves/database.sp::UpdatePlayerData
L 12/15/2021 - 00:23:48: [SM]   [2] Line 140, tmp/addons/sourcemod/scripting/gloves/menus.sp::GloveMainMenuHandler
L 12/15/2021 - 00:24:23: Error log file session closed.
L 12/15/2021 - 00:24:30: SourceMod error session started
L 12/15/2021 - 00:24:30: Info (map "surf_utopia_noble") (file "/home/steam/surf/csgo/addons/sourcemod/logs/errors_20211215.log")
L 12/15/2021 - 00:24:30: [SM] Unable to load extension "PTaH.ext": /home/steam/surf/csgo/addons/sourcemod/extensions/PTaH.ext.so: cannot open shared object file: No such file or directory
L 12/15/2021 - 00:24:30: [SM] Unable to load extension "SteamWorks.ext": /home/steam/surf/csgo/addons/sourcemod/extensions/SteamWorks.ext.so: cannot open shared object file: No such file or directory
L 12/15/2021 - 00:24:30: [SM] Unable to load plugin "weapons.smx": Required extension "PTaH" file("PTaH.ext") not running
L 12/15/2021 - 00:24:30: [SM] Unable to load plugin "discord_api.smx": Required extension "SteamWorks" file("SteamWorks.ext") not running
L 12/15/2021 - 00:24:30: [SM] Error parsing gameconfig file "/home/steam/surf/csgo/addons/sourcemod/gamedata/LagExploitFix_3_7_2020.txt":
L 12/15/2021 - 00:24:30: [SM] Error 1 on line 0, col 0: Stream failed to open
L 12/15/2021 - 00:24:30: [SM] Exception reported: Unable to open LagExploitFix_3_7_2020: File could not be opened: No such file or directory
L 12/15/2021 - 00:24:30: [SM] Blaming: ServerLagExploitFix_3_7_2020 (2).smx
L 12/15/2021 - 00:24:30: [SM] Call stack trace:
L 12/15/2021 - 00:24:30: [SM]   [0] LoadGameConfigFile
L 12/15/2021 - 00:24:30: [SM]   [1] Line 14, /home/forums/content/files/2/4/6/0/2/9/180045.attach::OnPluginStart
L 12/15/2021 - 00:24:30: [SM] Unable to load plugin "ServerLagExploitFix_3_7_2020 (2).smx": Error detected in plugin startup (see error logs)
L 12/15/2021 - 00:24:31: [gloves.smx] Database failure: Could not find database config "mysql"
L 12/15/2021 - 00:24:53: Error log file session closed.
L 12/15/2021 - 00:24:54: SourceMod error session started
L 12/15/2021 - 00:24:54: Info (map "surf_utopia_noble") (file "/home/steam/surf/csgo/addons/sourcemod/logs/errors_20211215.log")
L 12/15/2021 - 00:24:54: [gloves.smx] Database failure: Could not find database config "mysql"
L 12/15/2021 - 00:24:57: [SM] Exception reported: Invalid database Handle 0 (error: 4)
L 12/15/2021 - 00:24:57: [SM] Blaming: gloves.smx
L 12/15/2021 - 00:24:57: [SM] Call stack trace:
L 12/15/2021 - 00:24:57: [SM]   [0] Database.Query
L 12/15/2021 - 00:24:57: [SM]   [1] Line 24, tmp/addons/sourcemod/scripting/gloves/database.sp::GetPlayerData
L 12/15/2021 - 00:24:57: [SM]   [2] Line 125, tmp/addons/sourcemod/scripting/gloves.sp::OnClientPostAdminCheck
L 12/15/2021 - 00:28:19: Error log file session closed.
L 12/15/2021 - 00:28:25: SourceMod error session started
L 12/15/2021 - 00:28:25: Info (map "surf_utopia_noble") (file "/home/steam/surf/csgo/addons/sourcemod/logs/errors_20211215.log")
L 12/15/2021 - 00:28:25: [SM] Unable to load extension "PTaH.ext": /home/steam/surf/csgo/addons/sourcemod/extensions/PTaH.ext.so: cannot open shared object file: No such file or directory
L 12/15/2021 - 00:28:25: [SM] Unable to load extension "SteamWorks.ext": /home/steam/surf/csgo/addons/sourcemod/extensions/SteamWorks.ext.so: cannot open shared object file: No such file or directory
L 12/15/2021 - 00:28:25: [SM] Unable to load plugin "weapons.smx": Required extension "PTaH" file("PTaH.ext") not running
L 12/15/2021 - 00:28:25: [SM] Unable to load plugin "discord_api.smx": Required extension "SteamWorks" file("SteamWorks.ext") not running
L 12/15/2021 - 00:28:25: [SM] Error parsing gameconfig file "/home/steam/surf/csgo/addons/sourcemod/gamedata/LagExploitFix_3_7_2020.txt":
L 12/15/2021 - 00:28:25: [SM] Error 1 on line 0, col 0: Stream failed to open
L 12/15/2021 - 00:28:25: [SM] Exception reported: Unable to open LagExploitFix_3_7_2020: File could not be opened: No such file or directory
L 12/15/2021 - 00:28:25: [SM] Blaming: ServerLagExploitFix_3_7_2020 (2).smx
L 12/15/2021 - 00:28:25: [SM] Call stack trace:
L 12/15/2021 - 00:28:25: [SM]   [0] LoadGameConfigFile
L 12/15/2021 - 00:28:25: [SM]   [1] Line 14, /home/forums/content/files/2/4/6/0/2/9/180045.attach::OnPluginStart
L 12/15/2021 - 00:28:25: [SM] Unable to load plugin "ServerLagExploitFix_3_7_2020 (2).smx": Error detected in plugin startup (see error logs)
L 12/15/2021 - 00:28:26: [gloves.smx] Database failure: Could not find database config "mysql"
L 12/15/2021 - 00:28:28: Error log file session closed.
L 12/15/2021 - 00:28:29: SourceMod error session started
L 12/15/2021 - 00:28:29: Info (map "surf_utopia_noble") (file "/home/steam/surf/csgo/addons/sourcemod/logs/errors_20211215.log")
L 12/15/2021 - 00:28:29: [gloves.smx] Database failure: Could not find database config "mysql"
L 12/15/2021 - 00:28:32: [SM] Exception reported: Invalid database Handle 0 (error: 4)
L 12/15/2021 - 00:28:32: [SM] Blaming: gloves.smx
L 12/15/2021 - 00:28:32: [SM] Call stack trace:
L 12/15/2021 - 00:28:32: [SM]   [0] Database.Query
L 12/15/2021 - 00:28:32: [SM]   [1] Line 24, tmp/addons/sourcemod/scripting/gloves/database.sp::GetPlayerData
L 12/15/2021 - 00:28:32: [SM]   [2] Line 125, tmp/addons/sourcemod/scripting/gloves.sp::OnClientPostAdminCheck
L 12/15/2021 - 00:28:43: [SM] Exception reported: Invalid database Handle 0 (error: 4)
L 12/15/2021 - 00:28:43: [SM] Blaming: gloves.smx
L 12/15/2021 - 00:28:43: [SM] Call stack trace:
L 12/15/2021 - 00:28:43: [SM]   [0] Database.Query
L 12/15/2021 - 00:28:43: [SM]   [1] Line 70, tmp/addons/sourcemod/scripting/gloves/database.sp::UpdatePlayerData
L 12/15/2021 - 00:28:43: [SM]   [2] Line 140, tmp/addons/sourcemod/scripting/gloves/menus.sp::GloveMainMenuHandler
L 12/15/2021 - 00:28:50: Error log file session closed.
L 12/15/2021 - 00:29:49: SourceMod error session started
L 12/15/2021 - 00:29:49: Info (map "surf_utopia_noble") (file "/home/steam/surf/csgo/addons/sourcemod/logs/errors_20211215.log")
L 12/15/2021 - 00:29:49: [SM] Unable to load extension "PTaH.ext": /home/steam/surf/csgo/addons/sourcemod/extensions/PTaH.ext.so: cannot open shared object file: No such file or directory
L 12/15/2021 - 00:29:49: [SM] Unable to load extension "SteamWorks.ext": /home/steam/surf/csgo/addons/sourcemod/extensions/SteamWorks.ext.so: cannot open shared object file: No such file or directory
L 12/15/2021 - 00:29:49: [SM] Unable to load plugin "weapons.smx": Required extension "PTaH" file("PTaH.ext") not running
L 12/15/2021 - 00:29:49: [SM] Unable to load plugin "discord_api.smx": Required extension "SteamWorks" file("SteamWorks.ext") not running
L 12/15/2021 - 00:29:49: [SM] Error parsing gameconfig file "/home/steam/surf/csgo/addons/sourcemod/gamedata/LagExploitFix_3_7_2020.txt":
L 12/15/2021 - 00:29:49: [SM] Error 1 on line 0, col 0: Stream failed to open
L 12/15/2021 - 00:29:49: [SM] Exception reported: Unable to open LagExploitFix_3_7_2020: File could not be opened: No such file or directory
L 12/15/2021 - 00:29:49: [SM] Blaming: ServerLagExploitFix_3_7_2020 (2).smx
L 12/15/2021 - 00:29:49: [SM] Call stack trace:
L 12/15/2021 - 00:29:49: [SM]   [0] LoadGameConfigFile
L 12/15/2021 - 00:29:49: [SM]   [1] Line 14, /home/forums/content/files/2/4/6/0/2/9/180045.attach::OnPluginStart
L 12/15/2021 - 00:29:49: [SM] Unable to load plugin "ServerLagExploitFix_3_7_2020 (2).smx": Error detected in plugin startup (see error logs)
L 12/15/2021 - 00:29:50: [gloves.smx] Database failure: Could not find database config "mysql"
L 12/15/2021 - 00:29:51: Error log file session closed.
L 12/15/2021 - 00:29:52: SourceMod error session started
L 12/15/2021 - 00:29:52: Info (map "surf_utopia_noble") (file "/home/steam/surf/csgo/addons/sourcemod/logs/errors_20211215.log")
L 12/15/2021 - 00:29:52: [gloves.smx] Database failure: Could not find database config "mysql"
L 12/15/2021 - 00:29:55: [SM] Exception reported: Invalid database Handle 0 (error: 4)
L 12/15/2021 - 00:29:55: [SM] Blaming: gloves.smx
L 12/15/2021 - 00:29:55: [SM] Call stack trace:
L 12/15/2021 - 00:29:55: [SM]   [0] Database.Query
L 12/15/2021 - 00:29:55: [SM]   [1] Line 24, tmp/addons/sourcemod/scripting/gloves/database.sp::GetPlayerData
L 12/15/2021 - 00:29:55: [SM]   [2] Line 125, tmp/addons/sourcemod/scripting/gloves.sp::OnClientPostAdminCheck
L 12/15/2021 - 00:30:06: Error log file session closed.
L 12/15/2021 - 03:02:16: SourceMod error session started
L 12/15/2021 - 03:02:16: Info (map "surf_utopia_noble") (file "/home/steam/surf/csgo/addons/sourcemod/logs/errors_20211215.log")
L 12/15/2021 - 03:02:16: [SM] Unable to load extension "PTaH.ext": /home/steam/surf/csgo/addons/sourcemod/extensions/PTaH.ext.so: cannot open shared object file: No such file or directory
L 12/15/2021 - 03:02:16: [SM] Unable to load extension "SteamWorks.ext": /home/steam/surf/csgo/addons/sourcemod/extensions/SteamWorks.ext.so: cannot open shared object file: No such file or directory
L 12/15/2021 - 03:02:16: [SM] Unable to load plugin "weapons.smx": Required extension "PTaH" file("PTaH.ext") not running
L 12/15/2021 - 03:02:16: [SM] Unable to load plugin "discord_api.smx": Required extension "SteamWorks" file("SteamWorks.ext") not running
L 12/15/2021 - 03:02:16: [SM] Error parsing gameconfig file "/home/steam/surf/csgo/addons/sourcemod/gamedata/LagExploitFix_3_7_2020.txt":
L 12/15/2021 - 03:02:16: [SM] Error 1 on line 0, col 0: Stream failed to open
L 12/15/2021 - 03:02:16: [SM] Exception reported: Unable to open LagExploitFix_3_7_2020: File could not be opened: No such file or directory
L 12/15/2021 - 03:02:16: [SM] Blaming: ServerLagExploitFix_3_7_2020 (2).smx
L 12/15/2021 - 03:02:16: [SM] Call stack trace:
L 12/15/2021 - 03:02:16: [SM]   [0] LoadGameConfigFile
L 12/15/2021 - 03:02:16: [SM]   [1] Line 14, /home/forums/content/files/2/4/6/0/2/9/180045.attach::OnPluginStart
L 12/15/2021 - 03:02:16: [SM] Unable to load plugin "ServerLagExploitFix_3_7_2020 (2).smx": Error detected in plugin startup (see error logs)
L 12/15/2021 - 03:02:24: Error log file session closed.
L 12/15/2021 - 03:06:09: SourceMod error session started
L 12/15/2021 - 03:06:09: Info (map "surf_utopia_noble") (file "/home/steam/surf/csgo/addons/sourcemod/logs/errors_20211215.log")
L 12/15/2021 - 03:06:09: [SM] Unable to load extension "PTaH.ext": /home/steam/surf/csgo/addons/sourcemod/extensions/PTaH.ext.so: cannot open shared object file: No such file or directory
L 12/15/2021 - 03:06:09: [SM] Unable to load extension "SteamWorks.ext": /home/steam/surf/csgo/addons/sourcemod/extensions/SteamWorks.ext.so: cannot open shared object file: No such file or directory
L 12/15/2021 - 03:06:09: [SM] Unable to load plugin "weapons.smx": Required extension "PTaH" file("PTaH.ext") not running
L 12/15/2021 - 03:06:09: [SM] Unable to load plugin "discord_api.smx": Required extension "SteamWorks" file("SteamWorks.ext") not running
L 12/15/2021 - 03:06:09: [SM] Error parsing gameconfig file "/home/steam/surf/csgo/addons/sourcemod/gamedata/LagExploitFix_3_7_2020.txt":
L 12/15/2021 - 03:06:09: [SM] Error 1 on line 0, col 0: Stream failed to open
L 12/15/2021 - 03:06:09: [SM] Exception reported: Unable to open LagExploitFix_3_7_2020: File could not be opened: No such file or directory
L 12/15/2021 - 03:06:09: [SM] Blaming: ServerLagExploitFix_3_7_2020 (2).smx
L 12/15/2021 - 03:06:09: [SM] Call stack trace:
L 12/15/2021 - 03:06:09: [SM]   [0] LoadGameConfigFile
L 12/15/2021 - 03:06:09: [SM]   [1] Line 14, /home/forums/content/files/2/4/6/0/2/9/180045.attach::OnPluginStart
L 12/15/2021 - 03:06:09: [SM] Unable to load plugin "ServerLagExploitFix_3_7_2020 (2).smx": Error detected in plugin startup (see error logs)
L 12/15/2021 - 03:06:12: Error log file session closed.
L 12/15/2021 - 03:10:05: SourceMod error session started
L 12/15/2021 - 03:10:05: Info (map "surf_utopia_noble") (file "/home/steam/surf/csgo/addons/sourcemod/logs/errors_20211215.log")
L 12/15/2021 - 03:10:05: [SM] Unable to load extension "SteamWorks.ext": /home/steam/surf/csgo/addons/sourcemod/extensions/SteamWorks.ext.so: cannot open shared object file: No such file or directory
L 12/15/2021 - 03:10:05: [SM] Unable to load plugin "discord_api.smx": Required extension "SteamWorks" file("SteamWorks.ext") not running
L 12/15/2021 - 03:10:05: [SM] Error parsing gameconfig file "/home/steam/surf/csgo/addons/sourcemod/gamedata/LagExploitFix_3_7_2020.txt":
L 12/15/2021 - 03:10:05: [SM] Error 1 on line 0, col 0: Stream failed to open
L 12/15/2021 - 03:10:05: [SM] Exception reported: Unable to open LagExploitFix_3_7_2020: File could not be opened: No such file or directory
L 12/15/2021 - 03:10:05: [SM] Blaming: ServerLagExploitFix_3_7_2020 (2).smx
L 12/15/2021 - 03:10:05: [SM] Call stack trace:
L 12/15/2021 - 03:10:05: [SM]   [0] LoadGameConfigFile
L 12/15/2021 - 03:10:05: [SM]   [1] Line 14, /home/forums/content/files/2/4/6/0/2/9/180045.attach::OnPluginStart
L 12/15/2021 - 03:10:05: [SM] Unable to load plugin "ServerLagExploitFix_3_7_2020 (2).smx": Error detected in plugin startup (see error logs)
L 12/15/2021 - 03:10:09: Error log file session closed.
L 12/15/2021 - 03:12:55: SourceMod error session started
L 12/15/2021 - 03:12:55: Info (map "surf_utopia_noble") (file "/home/steam/surf/csgo/addons/sourcemod/logs/errors_20211215.log")
L 12/15/2021 - 03:12:55: [SM] Unable to load extension "SteamWorks.ext": /home/steam/surf/csgo/addons/sourcemod/extensions/SteamWorks.ext.so: cannot open shared object file: No such file or directory
L 12/15/2021 - 03:12:55: [SM] Unable to load plugin "discord_api.smx": Required extension "SteamWorks" file("SteamWorks.ext") not running
L 12/15/2021 - 03:12:55: [SM] Error parsing gameconfig file "/home/steam/surf/csgo/addons/sourcemod/gamedata/LagExploitFix_3_7_2020.txt":
L 12/15/2021 - 03:12:55: [SM] Error 1 on line 0, col 0: Stream failed to open
L 12/15/2021 - 03:12:55: [SM] Exception reported: Unable to open LagExploitFix_3_7_2020: File could not be opened: No such file or directory
L 12/15/2021 - 03:12:55: [SM] Blaming: ServerLagExploitFix_3_7_2020 (2).smx
L 12/15/2021 - 03:12:55: [SM] Call stack trace:
L 12/15/2021 - 03:12:55: [SM]   [0] LoadGameConfigFile
L 12/15/2021 - 03:12:55: [SM]   [1] Line 14, /home/forums/content/files/2/4/6/0/2/9/180045.attach::OnPluginStart
L 12/15/2021 - 03:12:55: [SM] Unable to load plugin "ServerLagExploitFix_3_7_2020 (2).smx": Error detected in plugin startup (see error logs)
L 12/15/2021 - 03:13:05: Error log file session closed.
L 12/15/2021 - 03:17:16: SourceMod error session started
L 12/15/2021 - 03:17:16: Info (map "surf_utopia_noble") (file "/home/steam/surf/csgo/addons/sourcemod/logs/errors_20211215.log")
L 12/15/2021 - 03:17:16: [SM] Unable to load extension "SteamWorks.ext": /home/steam/surf/csgo/addons/sourcemod/extensions/SteamWorks.ext.so: cannot open shared object file: No such file or directory
L 12/15/2021 - 03:17:16: [SM] Unable to load plugin "discord_api.smx": Required extension "SteamWorks" file("SteamWorks.ext") not running
L 12/15/2021 - 03:17:16: [SM] Error parsing gameconfig file "/home/steam/surf/csgo/addons/sourcemod/gamedata/LagExploitFix_3_7_2020.txt":
L 12/15/2021 - 03:17:16: [SM] Error 1 on line 0, col 0: Stream failed to open
L 12/15/2021 - 03:17:16: [SM] Exception reported: Unable to open LagExploitFix_3_7_2020: File could not be opened: No such file or directory
L 12/15/2021 - 03:17:16: [SM] Blaming: ServerLagExploitFix_3_7_2020 (2).smx
L 12/15/2021 - 03:17:16: [SM] Call stack trace:
L 12/15/2021 - 03:17:16: [SM]   [0] LoadGameConfigFile
L 12/15/2021 - 03:17:16: [SM]   [1] Line 14, /home/forums/content/files/2/4/6/0/2/9/180045.attach::OnPluginStart
L 12/15/2021 - 03:17:16: [SM] Unable to load plugin "ServerLagExploitFix_3_7_2020 (2).smx": Error detected in plugin startup (see error logs)
L 12/15/2021 - 03:17:29: Error log file session closed.
L 12/15/2021 - 03:21:22: SourceMod error session started
L 12/15/2021 - 03:21:22: Info (map "surf_utopia_noble") (file "/home/steam/surf/csgo/addons/sourcemod/logs/errors_20211215.log")
L 12/15/2021 - 03:21:22: [SM] Error parsing gameconfig file "/home/steam/surf/csgo/addons/sourcemod/gamedata/LagExploitFix_3_7_2020.txt":
L 12/15/2021 - 03:21:22: [SM] Error 1 on line 0, col 0: Stream failed to open
L 12/15/2021 - 03:21:22: [SM] Exception reported: Unable to open LagExploitFix_3_7_2020: File could not be opened: No such file or directory
L 12/15/2021 - 03:21:22: [SM] Blaming: ServerLagExploitFix_3_7_2020 (2).smx
L 12/15/2021 - 03:21:22: [SM] Call stack trace:
L 12/15/2021 - 03:21:22: [SM]   [0] LoadGameConfigFile
L 12/15/2021 - 03:21:22: [SM]   [1] Line 14, /home/forums/content/files/2/4/6/0/2/9/180045.attach::OnPluginStart
L 12/15/2021 - 03:21:22: [SM] Unable to load plugin "ServerLagExploitFix_3_7_2020 (2).smx": Error detected in plugin startup (see error logs)
L 12/15/2021 - 03:22:34: Error log file session closed.
L 12/15/2021 - 03:23:17: SourceMod error session started
L 12/15/2021 - 03:23:17: Info (map "surf_utopia_noble") (file "/home/steam/surf/csgo/addons/sourcemod/logs/errors_20211215.log")
L 12/15/2021 - 03:23:17: [SM] Error parsing gameconfig file "/home/steam/surf/csgo/addons/sourcemod/gamedata/LagExploitFix_3_7_2020.txt":
L 12/15/2021 - 03:23:17: [SM] Error 1 on line 0, col 0: Stream failed to open
L 12/15/2021 - 03:23:17: [SM] Exception reported: Unable to open LagExploitFix_3_7_2020: File could not be opened: No such file or directory
L 12/15/2021 - 03:23:17: [SM] Blaming: ServerLagExploitFix_3_7_2020 (2).smx
L 12/15/2021 - 03:23:17: [SM] Call stack trace:
L 12/15/2021 - 03:23:17: [SM]   [0] LoadGameConfigFile
L 12/15/2021 - 03:23:17: [SM]   [1] Line 14, /home/forums/content/files/2/4/6/0/2/9/180045.attach::OnPluginStart
L 12/15/2021 - 03:23:17: [SM] Unable to load plugin "ServerLagExploitFix_3_7_2020 (2).smx": Error detected in plugin startup (see error logs)
L 12/15/2021 - 03:24:38: SourceMod error session started
L 12/15/2021 - 03:24:38: Info (map "surf_utopia_noble") (file "/home/steam/surf/csgo/addons/sourcemod/logs/errors_20211215.log")
L 12/15/2021 - 03:24:38: [SM] Error parsing gameconfig file "/home/steam/surf/csgo/addons/sourcemod/gamedata/LagExploitFix_3_7_2020.txt":
L 12/15/2021 - 03:24:38: [SM] Error 1 on line 0, col 0: Stream failed to open
L 12/15/2021 - 03:24:38: [SM] Exception reported: Unable to open LagExploitFix_3_7_2020: File could not be opened: No such file or directory
L 12/15/2021 - 03:24:38: [SM] Blaming: ServerLagExploitFix_3_7_2020 (2).smx
L 12/15/2021 - 03:24:38: [SM] Call stack trace:
L 12/15/2021 - 03:24:38: [SM]   [0] LoadGameConfigFile
L 12/15/2021 - 03:24:38: [SM]   [1] Line 14, /home/forums/content/files/2/4/6/0/2/9/180045.attach::OnPluginStart
L 12/15/2021 - 03:24:38: [SM] Unable to load plugin "ServerLagExploitFix_3_7_2020 (2).smx": Error detected in plugin startup (see error logs)
L 12/15/2021 - 03:26:42: Error log file session closed.
L 12/15/2021 - 03:29:07: SourceMod error session started
L 12/15/2021 - 03:29:07: Info (map "surf_utopia_noble") (file "/home/steam/surf/csgo/addons/sourcemod/logs/errors_20211215.log")
L 12/15/2021 - 03:29:07: [SM] Error parsing gameconfig file "/home/steam/surf/csgo/addons/sourcemod/gamedata/LagExploitFix_3_7_2020.txt":
L 12/15/2021 - 03:29:07: [SM] Error 1 on line 0, col 0: Stream failed to open
L 12/15/2021 - 03:29:07: [SM] Exception reported: Unable to open LagExploitFix_3_7_2020: File could not be opened: No such file or directory
L 12/15/2021 - 03:29:07: [SM] Blaming: ServerLagExploitFix_3_7_2020 (2).smx
L 12/15/2021 - 03:29:07: [SM] Call stack trace:
L 12/15/2021 - 03:29:07: [SM]   [0] LoadGameConfigFile
L 12/15/2021 - 03:29:07: [SM]   [1] Line 14, /home/forums/content/files/2/4/6/0/2/9/180045.attach::OnPluginStart
L 12/15/2021 - 03:29:07: [SM] Unable to load plugin "ServerLagExploitFix_3_7_2020 (2).smx": Error detected in plugin startup (see error logs)
L 12/15/2021 - 03:30:46: Error log file session closed.
L 12/15/2021 - 04:52:08: SourceMod error session started
L 12/15/2021 - 04:52:08: Info (map "surf_utopia_noble") (file "/home/steam/surf/csgo/addons/sourcemod/logs/errors_20211215.log")
L 12/15/2021 - 04:52:08: [SM] Error parsing gameconfig file "/home/steam/surf/csgo/addons/sourcemod/gamedata/LagExploitFix_3_7_2020.txt":
L 12/15/2021 - 04:52:08: [SM] Error 1 on line 0, col 0: Stream failed to open
L 12/15/2021 - 04:52:08: [SM] Exception reported: Unable to open LagExploitFix_3_7_2020: File could not be opened: No such file or directory
L 12/15/2021 - 04:52:08: [SM] Blaming: ServerLagExploitFix_3_7_2020 (2).smx
L 12/15/2021 - 04:52:08: [SM] Call stack trace:
L 12/15/2021 - 04:52:08: [SM]   [0] LoadGameConfigFile
L 12/15/2021 - 04:52:08: [SM]   [1] Line 14, /home/forums/content/files/2/4/6/0/2/9/180045.attach::OnPluginStart
L 12/15/2021 - 04:52:08: [SM] Unable to load plugin "ServerLagExploitFix_3_7_2020 (2).smx": Error detected in plugin startup (see error logs)
L 12/15/2021 - 04:52:31: Error log file session closed.
L 12/15/2021 - 05:32:39: SourceMod error session started
L 12/15/2021 - 05:32:39: Info (map "surf_utopia_noble") (file "/home/steam/surf/csgo/addons/sourcemod/logs/errors_20211215.log")
L 12/15/2021 - 05:32:39: [SM] Exception reported: Game event "player_connect_client" does not exist
L 12/15/2021 - 05:32:39: [SM] Blaming: tidychat.smx
L 12/15/2021 - 05:32:39: [SM] Call stack trace:
L 12/15/2021 - 05:32:39: [SM]   [0] HookEvent
L 12/15/2021 - 05:32:39: [SM]   [1] Line 45, /home/forums/content/files/3/8/8/2/9/146649.attach::OnPluginStart
L 12/15/2021 - 05:32:39: [SM] Unable to load plugin "tidychat.smx": Error detected in plugin startup (see error logs)
L 12/15/2021 - 05:32:39: [SM] Error parsing gameconfig file "/home/steam/surf/csgo/addons/sourcemod/gamedata/LagExploitFix_3_7_2020.txt":
L 12/15/2021 - 05:32:39: [SM] Error 1 on line 0, col 0: Stream failed to open
L 12/15/2021 - 05:32:39: [SM] Exception reported: Unable to open LagExploitFix_3_7_2020: File could not be opened: No such file or directory
L 12/15/2021 - 05:32:39: [SM] Blaming: ServerLagExploitFix_3_7_2020 (2).smx
L 12/15/2021 - 05:32:39: [SM] Call stack trace:
L 12/15/2021 - 05:32:39: [SM]   [0] LoadGameConfigFile
L 12/15/2021 - 05:32:39: [SM]   [1] Line 14, /home/forums/content/files/2/4/6/0/2/9/180045.attach::OnPluginStart
L 12/15/2021 - 05:32:39: [SM] Unable to load plugin "ServerLagExploitFix_3_7_2020 (2).smx": Error detected in plugin startup (see error logs)
L 12/15/2021 - 05:33:18: Error log file session closed.
L 12/15/2021 - 05:35:12: SourceMod error session started
L 12/15/2021 - 05:35:12: Info (map "surf_utopia_noble") (file "/home/steam/surf/csgo/addons/sourcemod/logs/errors_20211215.log")
L 12/15/2021 - 05:35:12: [SM] Exception reported: Game event "player_connect_client" does not exist
L 12/15/2021 - 05:35:12: [SM] Blaming: tidychat.smx
L 12/15/2021 - 05:35:12: [SM] Call stack trace:
L 12/15/2021 - 05:35:12: [SM]   [0] HookEvent
L 12/15/2021 - 05:35:12: [SM]   [1] Line 45, /home/forums/content/files/3/8/8/2/9/146649.attach::OnPluginStart
L 12/15/2021 - 05:35:12: [SM] Unable to load plugin "tidychat.smx": Error detected in plugin startup (see error logs)
L 12/15/2021 - 05:35:12: [SM] Error parsing gameconfig file "/home/steam/surf/csgo/addons/sourcemod/gamedata/LagExploitFix_3_7_2020.txt":
L 12/15/2021 - 05:35:12: [SM] Error 1 on line 0, col 0: Stream failed to open
L 12/15/2021 - 05:35:12: [SM] Exception reported: Unable to open LagExploitFix_3_7_2020: File could not be opened: No such file or directory
L 12/15/2021 - 05:35:12: [SM] Blaming: ServerLagExploitFix_3_7_2020 (2).smx
L 12/15/2021 - 05:35:12: [SM] Call stack trace:
L 12/15/2021 - 05:35:12: [SM]   [0] LoadGameConfigFile
L 12/15/2021 - 05:35:12: [SM]   [1] Line 14, /home/forums/content/files/2/4/6/0/2/9/180045.attach::OnPluginStart
L 12/15/2021 - 05:35:12: [SM] Unable to load plugin "ServerLagExploitFix_3_7_2020 (2).smx": Error detected in plugin startup (see error logs)
L 12/15/2021 - 06:36:54: Error log file session closed.
L 12/15/2021 - 18:06:27: SourceMod error session started
L 12/15/2021 - 18:06:27: Info (map "surf_utopia_noble") (file "/home/steam/surf/csgo/addons/sourcemod/logs/errors_20211215.log")
L 12/15/2021 - 18:06:27: [SM] Exception reported: Tracker stack is out of bounds
L 12/15/2021 - 18:06:27: [SM] Blaming: unrestricted_fov.smx
L 12/15/2021 - 18:06:27: [SM] Call stack trace:
L 12/15/2021 - 18:06:27: [SM]   [1] Line 148, D:\Libraries\Documents\Dropbox\SourceMod Plugins\scripting\include\easy_commands.inc::__Handle_ConCmd__
L 12/15/2021 - 18:07:37: [SM] Exception reported: Tracker stack is out of bounds
L 12/15/2021 - 18:07:37: [SM] Blaming: unrestricted_fov.smx
L 12/15/2021 - 18:07:37: [SM] Call stack trace:
L 12/15/2021 - 18:07:37: [SM]   [1] Line 148, D:\Libraries\Documents\Dropbox\SourceMod Plugins\scripting\include\easy_commands.inc::__Handle_ConCmd__
L 12/15/2021 - 18:07:43: [SM] Exception reported: Tracker stack is out of bounds
L 12/15/2021 - 18:07:43: [SM] Blaming: unrestricted_fov.smx
L 12/15/2021 - 18:07:43: [SM] Call stack trace:
L 12/15/2021 - 18:07:43: [SM]   [1] Line 148, D:\Libraries\Documents\Dropbox\SourceMod Plugins\scripting\include\easy_commands.inc::__Handle_ConCmd__
L 12/15/2021 - 20:20:18: Error log file session closed.
