L 01/16/2022 - 01:54:06: SourceMod error session started
L 01/16/2022 - 01:54:06: Info (map "surf_utopia_noble") (file "/home/steam/surf/csgo/addons/sourcemod/logs/errors_20220116.log")
L 01/16/2022 - 01:54:06: [SM] Exception reported: Tracker stack is out of bounds
L 01/16/2022 - 01:54:06: [SM] Blaming: unrestricted_fov.smx
L 01/16/2022 - 01:54:06: [SM] Call stack trace:
L 01/16/2022 - 01:54:06: [SM]   [1] Line 148, D:\Libraries\Documents\Dropbox\SourceMod Plugins\scripting\include\easy_commands.inc::__Handle_ConCmd__
L 01/16/2022 - 03:05:26: [SM] Exception reported: Tracker stack is out of bounds
L 01/16/2022 - 03:05:26: [SM] Blaming: unrestricted_fov.smx
L 01/16/2022 - 03:05:26: [SM] Call stack trace:
L 01/16/2022 - 03:05:26: [SM]   [1] Line 148, D:\Libraries\Documents\Dropbox\SourceMod Plugins\scripting\include\easy_commands.inc::__Handle_ConCmd__
L 01/16/2022 - 03:08:15: [SM] Exception reported: Tracker stack is out of bounds
L 01/16/2022 - 03:08:15: [SM] Blaming: unrestricted_fov.smx
L 01/16/2022 - 03:08:15: [SM] Call stack trace:
L 01/16/2022 - 03:08:15: [SM]   [1] Line 148, D:\Libraries\Documents\Dropbox\SourceMod Plugins\scripting\include\easy_commands.inc::__Handle_ConCmd__
L 01/16/2022 - 03:08:20: [SM] Exception reported: Tracker stack is out of bounds
L 01/16/2022 - 03:08:20: [SM] Blaming: unrestricted_fov.smx
L 01/16/2022 - 03:08:20: [SM] Call stack trace:
L 01/16/2022 - 03:08:20: [SM]   [1] Line 148, D:\Libraries\Documents\Dropbox\SourceMod Plugins\scripting\include\easy_commands.inc::__Handle_ConCmd__
L 01/16/2022 - 03:47:00: [SM] Exception reported: Tracker stack is out of bounds
L 01/16/2022 - 03:47:00: [SM] Blaming: unrestricted_fov.smx
L 01/16/2022 - 03:47:00: [SM] Call stack trace:
L 01/16/2022 - 03:47:00: [SM]   [1] Line 148, D:\Libraries\Documents\Dropbox\SourceMod Plugins\scripting\include\easy_commands.inc::__Handle_ConCmd__
L 01/16/2022 - 03:47:05: [SM] Exception reported: Tracker stack is out of bounds
L 01/16/2022 - 03:47:05: [SM] Blaming: unrestricted_fov.smx
L 01/16/2022 - 03:47:05: [SM] Call stack trace:
L 01/16/2022 - 03:47:05: [SM]   [1] Line 148, D:\Libraries\Documents\Dropbox\SourceMod Plugins\scripting\include\easy_commands.inc::__Handle_ConCmd__
L 01/16/2022 - 05:19:07: [SM] Exception reported: Tracker stack is out of bounds
L 01/16/2022 - 05:19:07: [SM] Blaming: unrestricted_fov.smx
L 01/16/2022 - 05:19:07: [SM] Call stack trace:
L 01/16/2022 - 05:19:07: [SM]   [1] Line 148, D:\Libraries\Documents\Dropbox\SourceMod Plugins\scripting\include\easy_commands.inc::__Handle_ConCmd__
L 01/16/2022 - 08:05:09: [SM] Exception reported: Tracker stack is out of bounds
L 01/16/2022 - 08:05:09: [SM] Blaming: unrestricted_fov.smx
L 01/16/2022 - 08:05:09: [SM] Call stack trace:
L 01/16/2022 - 08:05:09: [SM]   [1] Line 148, D:\Libraries\Documents\Dropbox\SourceMod Plugins\scripting\include\easy_commands.inc::__Handle_ConCmd__
L 01/16/2022 - 11:23:08: [SM] Exception reported: Tracker stack is out of bounds
L 01/16/2022 - 11:23:08: [SM] Blaming: unrestricted_fov.smx
L 01/16/2022 - 11:23:08: [SM] Call stack trace:
L 01/16/2022 - 11:23:08: [SM]   [1] Line 148, D:\Libraries\Documents\Dropbox\SourceMod Plugins\scripting\include\easy_commands.inc::__Handle_ConCmd__
L 01/16/2022 - 16:05:22: [SM] Exception reported: Tracker stack is out of bounds
L 01/16/2022 - 16:05:22: [SM] Blaming: unrestricted_fov.smx
L 01/16/2022 - 16:05:22: [SM] Call stack trace:
L 01/16/2022 - 16:05:22: [SM]   [1] Line 148, D:\Libraries\Documents\Dropbox\SourceMod Plugins\scripting\include\easy_commands.inc::__Handle_ConCmd__
L 01/16/2022 - 16:40:27: [SM] Exception reported: Tracker stack is out of bounds
L 01/16/2022 - 16:40:27: [SM] Blaming: unrestricted_fov.smx
L 01/16/2022 - 16:40:27: [SM] Call stack trace:
L 01/16/2022 - 16:40:27: [SM]   [1] Line 148, D:\Libraries\Documents\Dropbox\SourceMod Plugins\scripting\include\easy_commands.inc::__Handle_ConCmd__
L 01/16/2022 - 16:40:36: [SM] Exception reported: Tracker stack is out of bounds
L 01/16/2022 - 16:40:36: [SM] Blaming: unrestricted_fov.smx
L 01/16/2022 - 16:40:36: [SM] Call stack trace:
L 01/16/2022 - 16:40:36: [SM]   [1] Line 148, D:\Libraries\Documents\Dropbox\SourceMod Plugins\scripting\include\easy_commands.inc::__Handle_ConCmd__
L 01/16/2022 - 16:53:15: [SM] Exception reported: Tracker stack is out of bounds
L 01/16/2022 - 16:53:15: [SM] Blaming: unrestricted_fov.smx
L 01/16/2022 - 16:53:15: [SM] Call stack trace:
L 01/16/2022 - 16:53:15: [SM]   [1] Line 148, D:\Libraries\Documents\Dropbox\SourceMod Plugins\scripting\include\easy_commands.inc::__Handle_ConCmd__
L 01/16/2022 - 16:54:02: [SM] Exception reported: Tracker stack is out of bounds
L 01/16/2022 - 16:54:02: [SM] Blaming: unrestricted_fov.smx
L 01/16/2022 - 16:54:02: [SM] Call stack trace:
L 01/16/2022 - 16:54:02: [SM]   [1] Line 148, D:\Libraries\Documents\Dropbox\SourceMod Plugins\scripting\include\easy_commands.inc::__Handle_ConCmd__
L 01/16/2022 - 18:11:17: [SM] Exception reported: Tracker stack is out of bounds
L 01/16/2022 - 18:11:17: [SM] Blaming: unrestricted_fov.smx
L 01/16/2022 - 18:11:17: [SM] Call stack trace:
L 01/16/2022 - 18:11:17: [SM]   [1] Line 148, D:\Libraries\Documents\Dropbox\SourceMod Plugins\scripting\include\easy_commands.inc::__Handle_ConCmd__
L 01/16/2022 - 20:32:33: [SM] Exception reported: Tracker stack is out of bounds
L 01/16/2022 - 20:32:33: [SM] Blaming: unrestricted_fov.smx
L 01/16/2022 - 20:32:33: [SM] Call stack trace:
L 01/16/2022 - 20:32:33: [SM]   [1] Line 148, D:\Libraries\Documents\Dropbox\SourceMod Plugins\scripting\include\easy_commands.inc::__Handle_ConCmd__
L 01/16/2022 - 20:33:12: [SM] Exception reported: Tracker stack is out of bounds
L 01/16/2022 - 20:33:12: [SM] Blaming: unrestricted_fov.smx
L 01/16/2022 - 20:33:12: [SM] Call stack trace:
L 01/16/2022 - 20:33:12: [SM]   [1] Line 148, D:\Libraries\Documents\Dropbox\SourceMod Plugins\scripting\include\easy_commands.inc::__Handle_ConCmd__
L 01/16/2022 - 21:23:10: [SM] Exception reported: Tracker stack is out of bounds
L 01/16/2022 - 21:23:10: [SM] Blaming: unrestricted_fov.smx
L 01/16/2022 - 21:23:10: [SM] Call stack trace:
L 01/16/2022 - 21:23:10: [SM]   [1] Line 148, D:\Libraries\Documents\Dropbox\SourceMod Plugins\scripting\include\easy_commands.inc::__Handle_ConCmd__
L 01/16/2022 - 21:23:25: [SM] Exception reported: Tracker stack is out of bounds
L 01/16/2022 - 21:23:25: [SM] Blaming: unrestricted_fov.smx
L 01/16/2022 - 21:23:25: [SM] Call stack trace:
L 01/16/2022 - 21:23:25: [SM]   [1] Line 148, D:\Libraries\Documents\Dropbox\SourceMod Plugins\scripting\include\easy_commands.inc::__Handle_ConCmd__
L 01/16/2022 - 21:23:45: [SM] Exception reported: Tracker stack is out of bounds
L 01/16/2022 - 21:23:45: [SM] Blaming: unrestricted_fov.smx
L 01/16/2022 - 21:23:45: [SM] Call stack trace:
L 01/16/2022 - 21:23:45: [SM]   [1] Line 148, D:\Libraries\Documents\Dropbox\SourceMod Plugins\scripting\include\easy_commands.inc::__Handle_ConCmd__
L 01/16/2022 - 21:23:56: [SM] Exception reported: Tracker stack is out of bounds
L 01/16/2022 - 21:23:56: [SM] Blaming: unrestricted_fov.smx
L 01/16/2022 - 21:23:56: [SM] Call stack trace:
L 01/16/2022 - 21:23:56: [SM]   [1] Line 148, D:\Libraries\Documents\Dropbox\SourceMod Plugins\scripting\include\easy_commands.inc::__Handle_ConCmd__
L 01/16/2022 - 23:24:03: [SM] Exception reported: Tracker stack is out of bounds
L 01/16/2022 - 23:24:03: [SM] Blaming: unrestricted_fov.smx
L 01/16/2022 - 23:24:03: [SM] Call stack trace:
L 01/16/2022 - 23:24:03: [SM]   [1] Line 148, D:\Libraries\Documents\Dropbox\SourceMod Plugins\scripting\include\easy_commands.inc::__Handle_ConCmd__
L 01/16/2022 - 23:24:20: [SM] Exception reported: Tracker stack is out of bounds
L 01/16/2022 - 23:24:20: [SM] Blaming: unrestricted_fov.smx
L 01/16/2022 - 23:24:20: [SM] Call stack trace:
L 01/16/2022 - 23:24:20: [SM]   [1] Line 148, D:\Libraries\Documents\Dropbox\SourceMod Plugins\scripting\include\easy_commands.inc::__Handle_ConCmd__
L 01/16/2022 - 23:24:56: [SM] Exception reported: Tracker stack is out of bounds
L 01/16/2022 - 23:24:56: [SM] Blaming: unrestricted_fov.smx
L 01/16/2022 - 23:24:56: [SM] Call stack trace:
L 01/16/2022 - 23:24:56: [SM]   [1] Line 148, D:\Libraries\Documents\Dropbox\SourceMod Plugins\scripting\include\easy_commands.inc::__Handle_ConCmd__
L 01/16/2022 - 23:25:12: [SM] Exception reported: Tracker stack is out of bounds
L 01/16/2022 - 23:25:12: [SM] Blaming: unrestricted_fov.smx
L 01/16/2022 - 23:25:12: [SM] Call stack trace:
L 01/16/2022 - 23:25:12: [SM]   [1] Line 148, D:\Libraries\Documents\Dropbox\SourceMod Plugins\scripting\include\easy_commands.inc::__Handle_ConCmd__
L 01/16/2022 - 23:26:31: [SM] Exception reported: Tracker stack is out of bounds
L 01/16/2022 - 23:26:31: [SM] Blaming: unrestricted_fov.smx
L 01/16/2022 - 23:26:31: [SM] Call stack trace:
L 01/16/2022 - 23:26:31: [SM]   [1] Line 148, D:\Libraries\Documents\Dropbox\SourceMod Plugins\scripting\include\easy_commands.inc::__Handle_ConCmd__
L 01/16/2022 - 23:29:58: [SM] Exception reported: Tracker stack is out of bounds
L 01/16/2022 - 23:29:58: [SM] Blaming: unrestricted_fov.smx
L 01/16/2022 - 23:29:58: [SM] Call stack trace:
L 01/16/2022 - 23:29:58: [SM]   [1] Line 148, D:\Libraries\Documents\Dropbox\SourceMod Plugins\scripting\include\easy_commands.inc::__Handle_ConCmd__
L 01/17/2022 - 00:11:04: Error log file session closed.
