L 01/08/2022 - 01:35:46: SourceMod error session started
L 01/08/2022 - 01:35:46: Info (map "surf_utopia_noble") (file "/home/steam/surf/csgo/addons/sourcemod/logs/errors_20220108.log")
L 01/08/2022 - 01:35:46: [SM] Exception reported: Tracker stack is out of bounds
L 01/08/2022 - 01:35:46: [SM] Blaming: unrestricted_fov.smx
L 01/08/2022 - 01:35:46: [SM] Call stack trace:
L 01/08/2022 - 01:35:46: [SM]   [1] Line 148, D:\Libraries\Documents\Dropbox\SourceMod Plugins\scripting\include\easy_commands.inc::__Handle_ConCmd__
L 01/08/2022 - 01:36:02: [SM] Exception reported: Tracker stack is out of bounds
L 01/08/2022 - 01:36:02: [SM] Blaming: unrestricted_fov.smx
L 01/08/2022 - 01:36:02: [SM] Call stack trace:
L 01/08/2022 - 01:36:02: [SM]   [1] Line 148, D:\Libraries\Documents\Dropbox\SourceMod Plugins\scripting\include\easy_commands.inc::__Handle_ConCmd__
L 01/08/2022 - 02:04:28: Error log file session closed.
L 01/08/2022 - 02:54:30: SourceMod error session started
L 01/08/2022 - 02:54:30: Info (map "surf_utopia_noble") (file "/home/steam/surf/csgo/addons/sourcemod/logs/errors_20220108.log")
L 01/08/2022 - 02:54:30: [SM] Exception reported: Tracker stack is out of bounds
L 01/08/2022 - 02:54:30: [SM] Blaming: unrestricted_fov.smx
L 01/08/2022 - 02:54:30: [SM] Call stack trace:
L 01/08/2022 - 02:54:30: [SM]   [1] Line 148, D:\Libraries\Documents\Dropbox\SourceMod Plugins\scripting\include\easy_commands.inc::__Handle_ConCmd__
L 01/08/2022 - 02:54:37: [SM] Exception reported: Tracker stack is out of bounds
L 01/08/2022 - 02:54:37: [SM] Blaming: unrestricted_fov.smx
L 01/08/2022 - 02:54:37: [SM] Call stack trace:
L 01/08/2022 - 02:54:37: [SM]   [1] Line 148, D:\Libraries\Documents\Dropbox\SourceMod Plugins\scripting\include\easy_commands.inc::__Handle_ConCmd__
L 01/08/2022 - 02:54:44: [SM] Exception reported: Tracker stack is out of bounds
L 01/08/2022 - 02:54:44: [SM] Blaming: unrestricted_fov.smx
L 01/08/2022 - 02:54:44: [SM] Call stack trace:
L 01/08/2022 - 02:54:44: [SM]   [1] Line 148, D:\Libraries\Documents\Dropbox\SourceMod Plugins\scripting\include\easy_commands.inc::__Handle_ConCmd__
L 01/08/2022 - 03:21:47: Error log file session closed.
L 01/08/2022 - 03:26:23: SourceMod error session started
L 01/08/2022 - 03:26:23: Info (map "surf_utopia_noble") (file "/home/steam/surf/csgo/addons/sourcemod/logs/errors_20220108.log")
L 01/08/2022 - 03:26:23: [SM] Exception reported: Tracker stack is out of bounds
L 01/08/2022 - 03:26:23: [SM] Blaming: unrestricted_fov.smx
L 01/08/2022 - 03:26:23: [SM] Call stack trace:
L 01/08/2022 - 03:26:23: [SM]   [1] Line 148, D:\Libraries\Documents\Dropbox\SourceMod Plugins\scripting\include\easy_commands.inc::__Handle_ConCmd__
L 01/08/2022 - 04:01:52: Error log file session closed.
L 01/08/2022 - 04:20:40: SourceMod error session started
L 01/08/2022 - 04:20:40: Info (map "surf_utopia_noble") (file "/home/steam/surf/csgo/addons/sourcemod/logs/errors_20220108.log")
L 01/08/2022 - 04:20:40: [SM] Exception reported: Tracker stack is out of bounds
L 01/08/2022 - 04:20:40: [SM] Blaming: unrestricted_fov.smx
L 01/08/2022 - 04:20:40: [SM] Call stack trace:
L 01/08/2022 - 04:20:40: [SM]   [1] Line 148, D:\Libraries\Documents\Dropbox\SourceMod Plugins\scripting\include\easy_commands.inc::__Handle_ConCmd__
L 01/08/2022 - 04:45:43: Error log file session closed.
L 01/08/2022 - 04:51:12: SourceMod error session started
L 01/08/2022 - 04:51:12: Info (map "surf_utopia_noble") (file "/home/steam/surf/csgo/addons/sourcemod/logs/errors_20220108.log")
L 01/08/2022 - 04:51:12: [SM] Exception reported: Tracker stack is out of bounds
L 01/08/2022 - 04:51:12: [SM] Blaming: unrestricted_fov.smx
L 01/08/2022 - 04:51:12: [SM] Call stack trace:
L 01/08/2022 - 04:51:12: [SM]   [1] Line 148, D:\Libraries\Documents\Dropbox\SourceMod Plugins\scripting\include\easy_commands.inc::__Handle_ConCmd__
L 01/08/2022 - 04:51:18: [SM] Exception reported: Tracker stack is out of bounds
L 01/08/2022 - 04:51:18: [SM] Blaming: unrestricted_fov.smx
L 01/08/2022 - 04:51:18: [SM] Call stack trace:
L 01/08/2022 - 04:51:18: [SM]   [1] Line 148, D:\Libraries\Documents\Dropbox\SourceMod Plugins\scripting\include\easy_commands.inc::__Handle_ConCmd__
L 01/08/2022 - 05:06:23: Error log file session closed.
L 01/08/2022 - 05:28:05: SourceMod error session started
L 01/08/2022 - 05:28:05: Info (map "surf_utopia_noble") (file "/home/steam/surf/csgo/addons/sourcemod/logs/errors_20220108.log")
L 01/08/2022 - 05:28:05: [SM] Exception reported: Tracker stack is out of bounds
L 01/08/2022 - 05:28:05: [SM] Blaming: unrestricted_fov.smx
L 01/08/2022 - 05:28:05: [SM] Call stack trace:
L 01/08/2022 - 05:28:05: [SM]   [1] Line 148, D:\Libraries\Documents\Dropbox\SourceMod Plugins\scripting\include\easy_commands.inc::__Handle_ConCmd__
L 01/08/2022 - 05:53:12: Error log file session closed.
L 01/08/2022 - 06:02:24: SourceMod error session started
L 01/08/2022 - 06:02:24: Info (map "surf_utopia_noble") (file "/home/steam/surf/csgo/addons/sourcemod/logs/errors_20220108.log")
L 01/08/2022 - 06:02:24: [SM] Exception reported: Tracker stack is out of bounds
L 01/08/2022 - 06:02:24: [SM] Blaming: unrestricted_fov.smx
L 01/08/2022 - 06:02:24: [SM] Call stack trace:
L 01/08/2022 - 06:02:24: [SM]   [1] Line 148, D:\Libraries\Documents\Dropbox\SourceMod Plugins\scripting\include\easy_commands.inc::__Handle_ConCmd__
L 01/08/2022 - 06:02:29: [SM] Exception reported: Tracker stack is out of bounds
L 01/08/2022 - 06:02:29: [SM] Blaming: unrestricted_fov.smx
L 01/08/2022 - 06:02:29: [SM] Call stack trace:
L 01/08/2022 - 06:02:29: [SM]   [1] Line 148, D:\Libraries\Documents\Dropbox\SourceMod Plugins\scripting\include\easy_commands.inc::__Handle_ConCmd__
L 01/08/2022 - 06:02:34: [SM] Exception reported: Tracker stack is out of bounds
L 01/08/2022 - 06:02:34: [SM] Blaming: unrestricted_fov.smx
L 01/08/2022 - 06:02:34: [SM] Call stack trace:
L 01/08/2022 - 06:02:34: [SM]   [1] Line 148, D:\Libraries\Documents\Dropbox\SourceMod Plugins\scripting\include\easy_commands.inc::__Handle_ConCmd__
L 01/08/2022 - 06:02:39: [SM] Exception reported: Tracker stack is out of bounds
L 01/08/2022 - 06:02:39: [SM] Blaming: unrestricted_fov.smx
L 01/08/2022 - 06:02:39: [SM] Call stack trace:
L 01/08/2022 - 06:02:39: [SM]   [1] Line 148, D:\Libraries\Documents\Dropbox\SourceMod Plugins\scripting\include\easy_commands.inc::__Handle_ConCmd__
L 01/08/2022 - 06:03:59: [SM] Exception reported: Tracker stack is out of bounds
L 01/08/2022 - 06:03:59: [SM] Blaming: unrestricted_fov.smx
L 01/08/2022 - 06:03:59: [SM] Call stack trace:
L 01/08/2022 - 06:03:59: [SM]   [1] Line 148, D:\Libraries\Documents\Dropbox\SourceMod Plugins\scripting\include\easy_commands.inc::__Handle_ConCmd__
L 01/08/2022 - 06:04:46: [SM] Exception reported: Tracker stack is out of bounds
L 01/08/2022 - 06:04:46: [SM] Blaming: unrestricted_fov.smx
L 01/08/2022 - 06:04:46: [SM] Call stack trace:
L 01/08/2022 - 06:04:46: [SM]   [1] Line 148, D:\Libraries\Documents\Dropbox\SourceMod Plugins\scripting\include\easy_commands.inc::__Handle_ConCmd__
L 01/08/2022 - 06:04:49: [SM] Exception reported: Tracker stack is out of bounds
L 01/08/2022 - 06:04:49: [SM] Blaming: unrestricted_fov.smx
L 01/08/2022 - 06:04:49: [SM] Call stack trace:
L 01/08/2022 - 06:04:49: [SM]   [1] Line 148, D:\Libraries\Documents\Dropbox\SourceMod Plugins\scripting\include\easy_commands.inc::__Handle_ConCmd__
L 01/08/2022 - 06:05:56: [SM] Exception reported: Tracker stack is out of bounds
L 01/08/2022 - 06:05:56: [SM] Blaming: unrestricted_fov.smx
L 01/08/2022 - 06:05:56: [SM] Call stack trace:
L 01/08/2022 - 06:05:56: [SM]   [1] Line 148, D:\Libraries\Documents\Dropbox\SourceMod Plugins\scripting\include\easy_commands.inc::__Handle_ConCmd__
L 01/08/2022 - 06:07:04: [SM] Exception reported: Tracker stack is out of bounds
L 01/08/2022 - 06:07:04: [SM] Blaming: unrestricted_fov.smx
L 01/08/2022 - 06:07:04: [SM] Call stack trace:
L 01/08/2022 - 06:07:04: [SM]   [1] Line 148, D:\Libraries\Documents\Dropbox\SourceMod Plugins\scripting\include\easy_commands.inc::__Handle_ConCmd__
L 01/08/2022 - 06:56:15: Error log file session closed.
L 01/08/2022 - 14:04:02: SourceMod error session started
L 01/08/2022 - 14:04:02: Info (map "surf_utopia_noble") (file "/home/steam/surf/csgo/addons/sourcemod/logs/errors_20220108.log")
L 01/08/2022 - 14:04:02: [SM] Exception reported: Tracker stack is out of bounds
L 01/08/2022 - 14:04:02: [SM] Blaming: unrestricted_fov.smx
L 01/08/2022 - 14:04:02: [SM] Call stack trace:
L 01/08/2022 - 14:04:02: [SM]   [1] Line 148, D:\Libraries\Documents\Dropbox\SourceMod Plugins\scripting\include\easy_commands.inc::__Handle_ConCmd__
L 01/08/2022 - 15:00:42: Error log file session closed.
L 01/08/2022 - 18:15:19: SourceMod error session started
L 01/08/2022 - 18:15:19: Info (map "surf_utopia_noble") (file "/home/steam/surf/csgo/addons/sourcemod/logs/errors_20220108.log")
L 01/08/2022 - 18:15:19: [SM] Exception reported: Tracker stack is out of bounds
L 01/08/2022 - 18:15:19: [SM] Blaming: unrestricted_fov.smx
L 01/08/2022 - 18:15:19: [SM] Call stack trace:
L 01/08/2022 - 18:15:19: [SM]   [1] Line 148, D:\Libraries\Documents\Dropbox\SourceMod Plugins\scripting\include\easy_commands.inc::__Handle_ConCmd__
L 01/08/2022 - 18:31:31: Error log file session closed.
L 01/08/2022 - 22:28:17: SourceMod error session started
L 01/08/2022 - 22:28:17: Info (map "surf_utopia_noble") (file "/home/steam/surf/csgo/addons/sourcemod/logs/errors_20220108.log")
L 01/08/2022 - 22:28:17: [SM] Exception reported: Tracker stack is out of bounds
L 01/08/2022 - 22:28:17: [SM] Blaming: unrestricted_fov.smx
L 01/08/2022 - 22:28:17: [SM] Call stack trace:
L 01/08/2022 - 22:28:17: [SM]   [1] Line 148, D:\Libraries\Documents\Dropbox\SourceMod Plugins\scripting\include\easy_commands.inc::__Handle_ConCmd__
L 01/08/2022 - 22:28:28: [SM] Exception reported: Tracker stack is out of bounds
L 01/08/2022 - 22:28:28: [SM] Blaming: unrestricted_fov.smx
L 01/08/2022 - 22:28:28: [SM] Call stack trace:
L 01/08/2022 - 22:28:28: [SM]   [1] Line 148, D:\Libraries\Documents\Dropbox\SourceMod Plugins\scripting\include\easy_commands.inc::__Handle_ConCmd__
L 01/08/2022 - 22:34:27: [SM] Exception reported: Tracker stack is out of bounds
L 01/08/2022 - 22:34:27: [SM] Blaming: unrestricted_fov.smx
L 01/08/2022 - 22:34:27: [SM] Call stack trace:
L 01/08/2022 - 22:34:27: [SM]   [1] Line 148, D:\Libraries\Documents\Dropbox\SourceMod Plugins\scripting\include\easy_commands.inc::__Handle_ConCmd__
L 01/09/2022 - 00:56:16: Error log file session closed.
