L 01/03/2022 - 00:59:36: SourceMod error session started
L 01/03/2022 - 00:59:36: Info (map "surf_utopia_noble") (file "/home/steam/surf/csgo/addons/sourcemod/logs/errors_20220103.log")
L 01/03/2022 - 00:59:36: [SM] Exception reported: Tracker stack is out of bounds
L 01/03/2022 - 00:59:36: [SM] Blaming: unrestricted_fov.smx
L 01/03/2022 - 00:59:36: [SM] Call stack trace:
L 01/03/2022 - 00:59:36: [SM]   [1] Line 148, D:\Libraries\Documents\Dropbox\SourceMod Plugins\scripting\include\easy_commands.inc::__Handle_ConCmd__
L 01/03/2022 - 00:59:36: [SM]   [3] FakeClientCommand
L 01/03/2022 - 00:59:36: [SM]   [4] Line 427, surftimer/hooks.sp::Say_Hook
L 01/03/2022 - 02:59:42: [SM] Exception reported: Tracker stack is out of bounds
L 01/03/2022 - 02:59:42: [SM] Blaming: unrestricted_fov.smx
L 01/03/2022 - 02:59:42: [SM] Call stack trace:
L 01/03/2022 - 02:59:42: [SM]   [1] Line 148, D:\Libraries\Documents\Dropbox\SourceMod Plugins\scripting\include\easy_commands.inc::__Handle_ConCmd__
L 01/03/2022 - 02:59:50: [SM] Exception reported: Tracker stack is out of bounds
L 01/03/2022 - 02:59:50: [SM] Blaming: unrestricted_fov.smx
L 01/03/2022 - 02:59:50: [SM] Call stack trace:
L 01/03/2022 - 02:59:50: [SM]   [1] Line 148, D:\Libraries\Documents\Dropbox\SourceMod Plugins\scripting\include\easy_commands.inc::__Handle_ConCmd__
L 01/03/2022 - 03:01:04: [SM] Exception reported: Tracker stack is out of bounds
L 01/03/2022 - 03:01:04: [SM] Blaming: unrestricted_fov.smx
L 01/03/2022 - 03:01:04: [SM] Call stack trace:
L 01/03/2022 - 03:01:04: [SM]   [1] Line 148, D:\Libraries\Documents\Dropbox\SourceMod Plugins\scripting\include\easy_commands.inc::__Handle_ConCmd__
L 01/03/2022 - 03:01:15: [SM] Exception reported: Tracker stack is out of bounds
L 01/03/2022 - 03:01:15: [SM] Blaming: unrestricted_fov.smx
L 01/03/2022 - 03:01:15: [SM] Call stack trace:
L 01/03/2022 - 03:01:15: [SM]   [1] Line 148, D:\Libraries\Documents\Dropbox\SourceMod Plugins\scripting\include\easy_commands.inc::__Handle_ConCmd__
L 01/03/2022 - 03:01:28: [SM] Exception reported: Tracker stack is out of bounds
L 01/03/2022 - 03:01:28: [SM] Blaming: unrestricted_fov.smx
L 01/03/2022 - 03:01:28: [SM] Call stack trace:
L 01/03/2022 - 03:01:28: [SM]   [1] Line 148, D:\Libraries\Documents\Dropbox\SourceMod Plugins\scripting\include\easy_commands.inc::__Handle_ConCmd__
L 01/03/2022 - 03:01:35: [SM] Exception reported: Tracker stack is out of bounds
L 01/03/2022 - 03:01:35: [SM] Blaming: unrestricted_fov.smx
L 01/03/2022 - 03:01:35: [SM] Call stack trace:
L 01/03/2022 - 03:01:35: [SM]   [1] Line 148, D:\Libraries\Documents\Dropbox\SourceMod Plugins\scripting\include\easy_commands.inc::__Handle_ConCmd__
L 01/03/2022 - 03:01:58: [SM] Exception reported: Tracker stack is out of bounds
L 01/03/2022 - 03:01:58: [SM] Blaming: unrestricted_fov.smx
L 01/03/2022 - 03:01:58: [SM] Call stack trace:
L 01/03/2022 - 03:01:58: [SM]   [1] Line 148, D:\Libraries\Documents\Dropbox\SourceMod Plugins\scripting\include\easy_commands.inc::__Handle_ConCmd__
L 01/03/2022 - 03:35:41: [SM] Exception reported: Tracker stack is out of bounds
L 01/03/2022 - 03:35:41: [SM] Blaming: unrestricted_fov.smx
L 01/03/2022 - 03:35:41: [SM] Call stack trace:
L 01/03/2022 - 03:35:41: [SM]   [1] Line 148, D:\Libraries\Documents\Dropbox\SourceMod Plugins\scripting\include\easy_commands.inc::__Handle_ConCmd__
L 01/03/2022 - 05:38:33: Error log file session closed.
L 01/03/2022 - 06:05:46: SourceMod error session started
L 01/03/2022 - 06:05:46: Info (map "surf_utopia_noble") (file "/home/steam/surf/csgo/addons/sourcemod/logs/errors_20220103.log")
L 01/03/2022 - 06:05:46: [SM] Exception reported: Tracker stack is out of bounds
L 01/03/2022 - 06:05:46: [SM] Blaming: unrestricted_fov.smx
L 01/03/2022 - 06:05:46: [SM] Call stack trace:
L 01/03/2022 - 06:05:46: [SM]   [1] Line 148, D:\Libraries\Documents\Dropbox\SourceMod Plugins\scripting\include\easy_commands.inc::__Handle_ConCmd__
L 01/03/2022 - 06:05:51: [SM] Exception reported: Tracker stack is out of bounds
L 01/03/2022 - 06:05:51: [SM] Blaming: unrestricted_fov.smx
L 01/03/2022 - 06:05:51: [SM] Call stack trace:
L 01/03/2022 - 06:05:51: [SM]   [1] Line 148, D:\Libraries\Documents\Dropbox\SourceMod Plugins\scripting\include\easy_commands.inc::__Handle_ConCmd__
L 01/03/2022 - 06:05:58: [SM] Exception reported: Tracker stack is out of bounds
L 01/03/2022 - 06:05:58: [SM] Blaming: unrestricted_fov.smx
L 01/03/2022 - 06:05:58: [SM] Call stack trace:
L 01/03/2022 - 06:05:58: [SM]   [1] Line 148, D:\Libraries\Documents\Dropbox\SourceMod Plugins\scripting\include\easy_commands.inc::__Handle_ConCmd__
L 01/03/2022 - 07:36:31: Error log file session closed.
L 01/03/2022 - 15:24:49: SourceMod error session started
L 01/03/2022 - 15:24:49: Info (map "surf_utopia_noble") (file "/home/steam/surf/csgo/addons/sourcemod/logs/errors_20220103.log")
L 01/03/2022 - 15:24:49: [SM] Exception reported: Tracker stack is out of bounds
L 01/03/2022 - 15:24:49: [SM] Blaming: unrestricted_fov.smx
L 01/03/2022 - 15:24:49: [SM] Call stack trace:
L 01/03/2022 - 15:24:49: [SM]   [1] Line 148, D:\Libraries\Documents\Dropbox\SourceMod Plugins\scripting\include\easy_commands.inc::__Handle_ConCmd__
L 01/03/2022 - 15:25:05: [SM] Exception reported: Tracker stack is out of bounds
L 01/03/2022 - 15:25:05: [SM] Blaming: unrestricted_fov.smx
L 01/03/2022 - 15:25:05: [SM] Call stack trace:
L 01/03/2022 - 15:25:05: [SM]   [1] Line 148, D:\Libraries\Documents\Dropbox\SourceMod Plugins\scripting\include\easy_commands.inc::__Handle_ConCmd__
L 01/03/2022 - 15:25:05: [SM]   [3] FakeClientCommand
L 01/03/2022 - 15:25:05: [SM]   [4] Line 427, surftimer/hooks.sp::Say_Hook
L 01/03/2022 - 15:45:07: Error log file session closed.
L 01/03/2022 - 22:59:57: SourceMod error session started
L 01/03/2022 - 22:59:57: Info (map "surf_utopia_noble") (file "/home/steam/surf/csgo/addons/sourcemod/logs/errors_20220103.log")
L 01/03/2022 - 22:59:57: [SM] Exception reported: Tracker stack is out of bounds
L 01/03/2022 - 22:59:57: [SM] Blaming: unrestricted_fov.smx
L 01/03/2022 - 22:59:57: [SM] Call stack trace:
L 01/03/2022 - 22:59:57: [SM]   [1] Line 148, D:\Libraries\Documents\Dropbox\SourceMod Plugins\scripting\include\easy_commands.inc::__Handle_ConCmd__
L 01/03/2022 - 23:19:28: Error log file session closed.
