L 12/25/2021 - 01:35:25: SourceMod error session started
L 12/25/2021 - 01:35:25: Info (map "surf_utopia_noble") (file "/home/steam/surf/csgo/addons/sourcemod/logs/errors_20211225.log")
L 12/25/2021 - 01:35:25: [SM] Exception reported: Tracker stack is out of bounds
L 12/25/2021 - 01:35:25: [SM] Blaming: unrestricted_fov.smx
L 12/25/2021 - 01:35:25: [SM] Call stack trace:
L 12/25/2021 - 01:35:25: [SM]   [1] Line 148, D:\Libraries\Documents\Dropbox\SourceMod Plugins\scripting\include\easy_commands.inc::__Handle_ConCmd__
L 12/25/2021 - 04:23:23: [SM] Exception reported: Tracker stack is out of bounds
L 12/25/2021 - 04:23:23: [SM] Blaming: unrestricted_fov.smx
L 12/25/2021 - 04:23:23: [SM] Call stack trace:
L 12/25/2021 - 04:23:23: [SM]   [1] Line 148, D:\Libraries\Documents\Dropbox\SourceMod Plugins\scripting\include\easy_commands.inc::__Handle_ConCmd__
L 12/25/2021 - 04:23:27: [SM] Exception reported: Tracker stack is out of bounds
L 12/25/2021 - 04:23:27: [SM] Blaming: unrestricted_fov.smx
L 12/25/2021 - 04:23:27: [SM] Call stack trace:
L 12/25/2021 - 04:23:27: [SM]   [1] Line 148, D:\Libraries\Documents\Dropbox\SourceMod Plugins\scripting\include\easy_commands.inc::__Handle_ConCmd__
L 12/25/2021 - 04:23:30: [SM] Exception reported: Tracker stack is out of bounds
L 12/25/2021 - 04:23:30: [SM] Blaming: unrestricted_fov.smx
L 12/25/2021 - 04:23:30: [SM] Call stack trace:
L 12/25/2021 - 04:23:30: [SM]   [1] Line 148, D:\Libraries\Documents\Dropbox\SourceMod Plugins\scripting\include\easy_commands.inc::__Handle_ConCmd__
L 12/25/2021 - 04:23:33: [SM] Exception reported: Tracker stack is out of bounds
L 12/25/2021 - 04:23:33: [SM] Blaming: unrestricted_fov.smx
L 12/25/2021 - 04:23:33: [SM] Call stack trace:
L 12/25/2021 - 04:23:33: [SM]   [1] Line 148, D:\Libraries\Documents\Dropbox\SourceMod Plugins\scripting\include\easy_commands.inc::__Handle_ConCmd__
L 12/25/2021 - 04:23:33: [SM]   [3] FakeClientCommand
L 12/25/2021 - 04:23:33: [SM]   [4] Line 427, surftimer/hooks.sp::Say_Hook
L 12/25/2021 - 05:00:47: Error log file session closed.
L 12/25/2021 - 06:16:06: SourceMod error session started
L 12/25/2021 - 06:16:06: Info (map "surf_utopia_noble") (file "/home/steam/surf/csgo/addons/sourcemod/logs/errors_20211225.log")
L 12/25/2021 - 06:16:06: [SM] Exception reported: Tracker stack is out of bounds
L 12/25/2021 - 06:16:06: [SM] Blaming: unrestricted_fov.smx
L 12/25/2021 - 06:16:06: [SM] Call stack trace:
L 12/25/2021 - 06:16:06: [SM]   [1] Line 148, D:\Libraries\Documents\Dropbox\SourceMod Plugins\scripting\include\easy_commands.inc::__Handle_ConCmd__
L 12/25/2021 - 07:50:17: Error log file session closed.
L 12/25/2021 - 12:56:04: SourceMod error session started
L 12/25/2021 - 12:56:04: Info (map "surf_utopia_noble") (file "/home/steam/surf/csgo/addons/sourcemod/logs/errors_20211225.log")
L 12/25/2021 - 12:56:04: [SM] Exception reported: Tracker stack is out of bounds
L 12/25/2021 - 12:56:04: [SM] Blaming: unrestricted_fov.smx
L 12/25/2021 - 12:56:04: [SM] Call stack trace:
L 12/25/2021 - 12:56:04: [SM]   [1] Line 148, D:\Libraries\Documents\Dropbox\SourceMod Plugins\scripting\include\easy_commands.inc::__Handle_ConCmd__
L 12/25/2021 - 13:46:38: Error log file session closed.
L 12/25/2021 - 14:19:26: SourceMod error session started
L 12/25/2021 - 14:19:26: Info (map "surf_utopia_noble") (file "/home/steam/surf/csgo/addons/sourcemod/logs/errors_20211225.log")
L 12/25/2021 - 14:19:26: [SM] Exception reported: Tracker stack is out of bounds
L 12/25/2021 - 14:19:26: [SM] Blaming: unrestricted_fov.smx
L 12/25/2021 - 14:19:26: [SM] Call stack trace:
L 12/25/2021 - 14:19:26: [SM]   [1] Line 148, D:\Libraries\Documents\Dropbox\SourceMod Plugins\scripting\include\easy_commands.inc::__Handle_ConCmd__
L 12/25/2021 - 14:27:37: Error log file session closed.
L 12/25/2021 - 21:27:53: SourceMod error session started
L 12/25/2021 - 21:27:53: Info (map "surf_utopia_noble") (file "/home/steam/surf/csgo/addons/sourcemod/logs/errors_20211225.log")
L 12/25/2021 - 21:27:53: [SM] Exception reported: Tracker stack is out of bounds
L 12/25/2021 - 21:27:53: [SM] Blaming: unrestricted_fov.smx
L 12/25/2021 - 21:27:53: [SM] Call stack trace:
L 12/25/2021 - 21:27:53: [SM]   [1] Line 148, D:\Libraries\Documents\Dropbox\SourceMod Plugins\scripting\include\easy_commands.inc::__Handle_ConCmd__
L 12/25/2021 - 22:34:29: [SM] Exception reported: Tracker stack is out of bounds
L 12/25/2021 - 22:34:29: [SM] Blaming: unrestricted_fov.smx
L 12/25/2021 - 22:34:29: [SM] Call stack trace:
L 12/25/2021 - 22:34:29: [SM]   [1] Line 148, D:\Libraries\Documents\Dropbox\SourceMod Plugins\scripting\include\easy_commands.inc::__Handle_ConCmd__
L 12/25/2021 - 22:34:47: [SM] Exception reported: Tracker stack is out of bounds
L 12/25/2021 - 22:34:47: [SM] Blaming: unrestricted_fov.smx
L 12/25/2021 - 22:34:47: [SM] Call stack trace:
L 12/25/2021 - 22:34:47: [SM]   [1] Line 148, D:\Libraries\Documents\Dropbox\SourceMod Plugins\scripting\include\easy_commands.inc::__Handle_ConCmd__
L 12/25/2021 - 22:34:58: [SM] Exception reported: Tracker stack is out of bounds
L 12/25/2021 - 22:34:58: [SM] Blaming: unrestricted_fov.smx
L 12/25/2021 - 22:34:58: [SM] Call stack trace:
L 12/25/2021 - 22:34:58: [SM]   [1] Line 148, D:\Libraries\Documents\Dropbox\SourceMod Plugins\scripting\include\easy_commands.inc::__Handle_ConCmd__
L 12/25/2021 - 22:56:58: Error log file session closed.
L 12/25/2021 - 23:39:09: SourceMod error session started
L 12/25/2021 - 23:39:09: Info (map "surf_utopia_noble") (file "/home/steam/surf/csgo/addons/sourcemod/logs/errors_20211225.log")
L 12/25/2021 - 23:39:09: [SM] Exception reported: Tracker stack is out of bounds
L 12/25/2021 - 23:39:09: [SM] Blaming: unrestricted_fov.smx
L 12/25/2021 - 23:39:09: [SM] Call stack trace:
L 12/25/2021 - 23:39:09: [SM]   [1] Line 148, D:\Libraries\Documents\Dropbox\SourceMod Plugins\scripting\include\easy_commands.inc::__Handle_ConCmd__
L 12/25/2021 - 23:42:07: Error log file session closed.
