L 02/02/2022 - 01:04:26: SourceMod error session started
L 02/02/2022 - 01:04:26: Info (map "surf_utopia_noble") (file "/home/steam/surf/csgo/addons/sourcemod/logs/errors_20220202.log")
L 02/02/2022 - 01:04:26: [SM] Error parsing gameconfig file "/home/steam/surf/csgo/addons/sourcemod/gamedata/LagExploitFix_3_7_2020.txt":
L 02/02/2022 - 01:04:26: [SM] Error 1 on line 0, col 0: Stream failed to open
L 02/02/2022 - 01:04:26: [SM] Exception reported: Unable to open LagExploitFix_3_7_2020: File could not be opened: No such file or directory
L 02/02/2022 - 01:04:26: [SM] Blaming: ServerLagExploitFix_3_7_2020 (2).smx
L 02/02/2022 - 01:04:26: [SM] Call stack trace:
L 02/02/2022 - 01:04:26: [SM]   [0] LoadGameConfigFile
L 02/02/2022 - 01:04:26: [SM]   [1] Line 14, /home/forums/content/files/2/4/6/0/2/9/180045.attach::OnPluginStart
L 02/02/2022 - 01:04:26: [SM] Unable to load plugin "ServerLagExploitFix_3_7_2020 (2).smx": Error detected in plugin startup (see error logs)
L 02/02/2022 - 01:37:35: [SM] Exception reported: Tracker stack is out of bounds
L 02/02/2022 - 01:37:35: [SM] Blaming: unrestricted_fov.smx
L 02/02/2022 - 01:37:35: [SM] Call stack trace:
L 02/02/2022 - 01:37:35: [SM]   [1] Line 148, D:\Libraries\Documents\Dropbox\SourceMod Plugins\scripting\include\easy_commands.inc::__Handle_ConCmd__
L 02/02/2022 - 01:37:43: [SM] Exception reported: Tracker stack is out of bounds
L 02/02/2022 - 01:37:43: [SM] Blaming: unrestricted_fov.smx
L 02/02/2022 - 01:37:43: [SM] Call stack trace:
L 02/02/2022 - 01:37:43: [SM]   [1] Line 148, D:\Libraries\Documents\Dropbox\SourceMod Plugins\scripting\include\easy_commands.inc::__Handle_ConCmd__
L 02/02/2022 - 01:37:54: [SM] Exception reported: Tracker stack is out of bounds
L 02/02/2022 - 01:37:54: [SM] Blaming: unrestricted_fov.smx
L 02/02/2022 - 01:37:54: [SM] Call stack trace:
L 02/02/2022 - 01:37:54: [SM]   [1] Line 148, D:\Libraries\Documents\Dropbox\SourceMod Plugins\scripting\include\easy_commands.inc::__Handle_ConCmd__
L 02/02/2022 - 01:37:58: [SM] Exception reported: Tracker stack is out of bounds
L 02/02/2022 - 01:37:58: [SM] Blaming: unrestricted_fov.smx
L 02/02/2022 - 01:37:58: [SM] Call stack trace:
L 02/02/2022 - 01:37:58: [SM]   [1] Line 148, D:\Libraries\Documents\Dropbox\SourceMod Plugins\scripting\include\easy_commands.inc::__Handle_ConCmd__
L 02/02/2022 - 01:40:59: [SM] Exception reported: Tracker stack is out of bounds
L 02/02/2022 - 01:40:59: [SM] Blaming: unrestricted_fov.smx
L 02/02/2022 - 01:40:59: [SM] Call stack trace:
L 02/02/2022 - 01:40:59: [SM]   [1] Line 148, D:\Libraries\Documents\Dropbox\SourceMod Plugins\scripting\include\easy_commands.inc::__Handle_ConCmd__
L 02/02/2022 - 01:42:00: [SM] Exception reported: Tracker stack is out of bounds
L 02/02/2022 - 01:42:00: [SM] Blaming: unrestricted_fov.smx
L 02/02/2022 - 01:42:00: [SM] Call stack trace:
L 02/02/2022 - 01:42:00: [SM]   [1] Line 148, D:\Libraries\Documents\Dropbox\SourceMod Plugins\scripting\include\easy_commands.inc::__Handle_ConCmd__
L 02/02/2022 - 02:49:41: [SM] Exception reported: Tracker stack is out of bounds
L 02/02/2022 - 02:49:41: [SM] Blaming: unrestricted_fov.smx
L 02/02/2022 - 02:49:41: [SM] Call stack trace:
L 02/02/2022 - 02:49:41: [SM]   [1] Line 148, D:\Libraries\Documents\Dropbox\SourceMod Plugins\scripting\include\easy_commands.inc::__Handle_ConCmd__
L 02/02/2022 - 02:49:48: [SM] Exception reported: Tracker stack is out of bounds
L 02/02/2022 - 02:49:48: [SM] Blaming: unrestricted_fov.smx
L 02/02/2022 - 02:49:48: [SM] Call stack trace:
L 02/02/2022 - 02:49:48: [SM]   [1] Line 148, D:\Libraries\Documents\Dropbox\SourceMod Plugins\scripting\include\easy_commands.inc::__Handle_ConCmd__
L 02/02/2022 - 02:49:56: [SM] Exception reported: Tracker stack is out of bounds
L 02/02/2022 - 02:49:56: [SM] Blaming: unrestricted_fov.smx
L 02/02/2022 - 02:49:56: [SM] Call stack trace:
L 02/02/2022 - 02:49:56: [SM]   [1] Line 148, D:\Libraries\Documents\Dropbox\SourceMod Plugins\scripting\include\easy_commands.inc::__Handle_ConCmd__
L 02/02/2022 - 03:37:32: [SM] Exception reported: Tracker stack is out of bounds
L 02/02/2022 - 03:37:32: [SM] Blaming: unrestricted_fov.smx
L 02/02/2022 - 03:37:32: [SM] Call stack trace:
L 02/02/2022 - 03:37:32: [SM]   [1] Line 148, D:\Libraries\Documents\Dropbox\SourceMod Plugins\scripting\include\easy_commands.inc::__Handle_ConCmd__
L 02/02/2022 - 03:37:34: [SM] Exception reported: Tracker stack is out of bounds
L 02/02/2022 - 03:37:34: [SM] Blaming: unrestricted_fov.smx
L 02/02/2022 - 03:37:34: [SM] Call stack trace:
L 02/02/2022 - 03:37:34: [SM]   [1] Line 148, D:\Libraries\Documents\Dropbox\SourceMod Plugins\scripting\include\easy_commands.inc::__Handle_ConCmd__
L 02/02/2022 - 03:38:54: [SM] Exception reported: Tracker stack is out of bounds
L 02/02/2022 - 03:38:54: [SM] Blaming: unrestricted_fov.smx
L 02/02/2022 - 03:38:54: [SM] Call stack trace:
L 02/02/2022 - 03:38:54: [SM]   [1] Line 148, D:\Libraries\Documents\Dropbox\SourceMod Plugins\scripting\include\easy_commands.inc::__Handle_ConCmd__
L 02/02/2022 - 03:38:56: [SM] Exception reported: Tracker stack is out of bounds
L 02/02/2022 - 03:38:56: [SM] Blaming: unrestricted_fov.smx
L 02/02/2022 - 03:38:56: [SM] Call stack trace:
L 02/02/2022 - 03:38:56: [SM]   [1] Line 148, D:\Libraries\Documents\Dropbox\SourceMod Plugins\scripting\include\easy_commands.inc::__Handle_ConCmd__
L 02/02/2022 - 03:38:58: [SM] Exception reported: Tracker stack is out of bounds
L 02/02/2022 - 03:38:58: [SM] Blaming: unrestricted_fov.smx
L 02/02/2022 - 03:38:58: [SM] Call stack trace:
L 02/02/2022 - 03:38:58: [SM]   [1] Line 148, D:\Libraries\Documents\Dropbox\SourceMod Plugins\scripting\include\easy_commands.inc::__Handle_ConCmd__
L 02/02/2022 - 03:39:32: [SM] Exception reported: Tracker stack is out of bounds
L 02/02/2022 - 03:39:32: [SM] Blaming: unrestricted_fov.smx
L 02/02/2022 - 03:39:32: [SM] Call stack trace:
L 02/02/2022 - 03:39:32: [SM]   [1] Line 148, D:\Libraries\Documents\Dropbox\SourceMod Plugins\scripting\include\easy_commands.inc::__Handle_ConCmd__
L 02/02/2022 - 03:40:16: [SM] Exception reported: Tracker stack is out of bounds
L 02/02/2022 - 03:40:16: [SM] Blaming: unrestricted_fov.smx
L 02/02/2022 - 03:40:16: [SM] Call stack trace:
L 02/02/2022 - 03:40:16: [SM]   [1] Line 148, D:\Libraries\Documents\Dropbox\SourceMod Plugins\scripting\include\easy_commands.inc::__Handle_ConCmd__
L 02/02/2022 - 04:25:47: [SM] Exception reported: Tracker stack is out of bounds
L 02/02/2022 - 04:25:47: [SM] Blaming: unrestricted_fov.smx
L 02/02/2022 - 04:25:47: [SM] Call stack trace:
L 02/02/2022 - 04:25:47: [SM]   [1] Line 148, D:\Libraries\Documents\Dropbox\SourceMod Plugins\scripting\include\easy_commands.inc::__Handle_ConCmd__
L 02/02/2022 - 06:49:47: [SM] Exception reported: Tracker stack is out of bounds
L 02/02/2022 - 06:49:47: [SM] Blaming: unrestricted_fov.smx
L 02/02/2022 - 06:49:47: [SM] Call stack trace:
L 02/02/2022 - 06:49:47: [SM]   [1] Line 148, D:\Libraries\Documents\Dropbox\SourceMod Plugins\scripting\include\easy_commands.inc::__Handle_ConCmd__
L 02/02/2022 - 07:49:38: [SM] Exception reported: Tracker stack is out of bounds
L 02/02/2022 - 07:49:38: [SM] Blaming: unrestricted_fov.smx
L 02/02/2022 - 07:49:38: [SM] Call stack trace:
L 02/02/2022 - 07:49:38: [SM]   [1] Line 148, D:\Libraries\Documents\Dropbox\SourceMod Plugins\scripting\include\easy_commands.inc::__Handle_ConCmd__
L 02/02/2022 - 07:57:13: [SM] Exception reported: Tracker stack is out of bounds
L 02/02/2022 - 07:57:13: [SM] Blaming: unrestricted_fov.smx
L 02/02/2022 - 07:57:13: [SM] Call stack trace:
L 02/02/2022 - 07:57:13: [SM]   [1] Line 148, D:\Libraries\Documents\Dropbox\SourceMod Plugins\scripting\include\easy_commands.inc::__Handle_ConCmd__
L 02/02/2022 - 07:57:18: [SM] Exception reported: Tracker stack is out of bounds
L 02/02/2022 - 07:57:18: [SM] Blaming: unrestricted_fov.smx
L 02/02/2022 - 07:57:18: [SM] Call stack trace:
L 02/02/2022 - 07:57:18: [SM]   [1] Line 148, D:\Libraries\Documents\Dropbox\SourceMod Plugins\scripting\include\easy_commands.inc::__Handle_ConCmd__
L 02/02/2022 - 07:57:23: [SM] Exception reported: Tracker stack is out of bounds
L 02/02/2022 - 07:57:23: [SM] Blaming: unrestricted_fov.smx
L 02/02/2022 - 07:57:23: [SM] Call stack trace:
L 02/02/2022 - 07:57:23: [SM]   [1] Line 148, D:\Libraries\Documents\Dropbox\SourceMod Plugins\scripting\include\easy_commands.inc::__Handle_ConCmd__
L 02/02/2022 - 16:37:43: [SM] Exception reported: Tracker stack is out of bounds
L 02/02/2022 - 16:37:43: [SM] Blaming: unrestricted_fov.smx
L 02/02/2022 - 16:37:43: [SM] Call stack trace:
L 02/02/2022 - 16:37:43: [SM]   [1] Line 148, D:\Libraries\Documents\Dropbox\SourceMod Plugins\scripting\include\easy_commands.inc::__Handle_ConCmd__
L 02/02/2022 - 16:37:54: [SM] Exception reported: Tracker stack is out of bounds
L 02/02/2022 - 16:37:54: [SM] Blaming: unrestricted_fov.smx
L 02/02/2022 - 16:37:54: [SM] Call stack trace:
L 02/02/2022 - 16:37:54: [SM]   [1] Line 148, D:\Libraries\Documents\Dropbox\SourceMod Plugins\scripting\include\easy_commands.inc::__Handle_ConCmd__
L 02/02/2022 - 20:59:48: [SM] Exception reported: Tracker stack is out of bounds
L 02/02/2022 - 20:59:48: [SM] Blaming: unrestricted_fov.smx
L 02/02/2022 - 20:59:48: [SM] Call stack trace:
L 02/02/2022 - 20:59:48: [SM]   [1] Line 148, D:\Libraries\Documents\Dropbox\SourceMod Plugins\scripting\include\easy_commands.inc::__Handle_ConCmd__
L 02/02/2022 - 20:59:50: [SM] Exception reported: Tracker stack is out of bounds
L 02/02/2022 - 20:59:50: [SM] Blaming: unrestricted_fov.smx
L 02/02/2022 - 20:59:50: [SM] Call stack trace:
L 02/02/2022 - 20:59:50: [SM]   [1] Line 148, D:\Libraries\Documents\Dropbox\SourceMod Plugins\scripting\include\easy_commands.inc::__Handle_ConCmd__
L 02/02/2022 - 21:33:03: [SM] Exception reported: Tracker stack is out of bounds
L 02/02/2022 - 21:33:03: [SM] Blaming: unrestricted_fov.smx
L 02/02/2022 - 21:33:03: [SM] Call stack trace:
L 02/02/2022 - 21:33:03: [SM]   [1] Line 148, D:\Libraries\Documents\Dropbox\SourceMod Plugins\scripting\include\easy_commands.inc::__Handle_ConCmd__
L 02/02/2022 - 21:43:39: [SM] Exception reported: Tracker stack is out of bounds
L 02/02/2022 - 21:43:39: [SM] Blaming: unrestricted_fov.smx
L 02/02/2022 - 21:43:39: [SM] Call stack trace:
L 02/02/2022 - 21:43:39: [SM]   [1] Line 148, D:\Libraries\Documents\Dropbox\SourceMod Plugins\scripting\include\easy_commands.inc::__Handle_ConCmd__
L 02/02/2022 - 21:43:46: [SM] Exception reported: Tracker stack is out of bounds
L 02/02/2022 - 21:43:46: [SM] Blaming: unrestricted_fov.smx
L 02/02/2022 - 21:43:46: [SM] Call stack trace:
L 02/02/2022 - 21:43:46: [SM]   [1] Line 148, D:\Libraries\Documents\Dropbox\SourceMod Plugins\scripting\include\easy_commands.inc::__Handle_ConCmd__
L 02/02/2022 - 21:44:41: [SM] Exception reported: Tracker stack is out of bounds
L 02/02/2022 - 21:44:41: [SM] Blaming: unrestricted_fov.smx
L 02/02/2022 - 21:44:41: [SM] Call stack trace:
L 02/02/2022 - 21:44:41: [SM]   [1] Line 148, D:\Libraries\Documents\Dropbox\SourceMod Plugins\scripting\include\easy_commands.inc::__Handle_ConCmd__
L 02/02/2022 - 21:44:46: [SM] Exception reported: Tracker stack is out of bounds
L 02/02/2022 - 21:44:46: [SM] Blaming: unrestricted_fov.smx
L 02/02/2022 - 21:44:46: [SM] Call stack trace:
L 02/02/2022 - 21:44:46: [SM]   [1] Line 148, D:\Libraries\Documents\Dropbox\SourceMod Plugins\scripting\include\easy_commands.inc::__Handle_ConCmd__
L 02/02/2022 - 21:45:34: [SM] Exception reported: Tracker stack is out of bounds
L 02/02/2022 - 21:45:34: [SM] Blaming: unrestricted_fov.smx
L 02/02/2022 - 21:45:34: [SM] Call stack trace:
L 02/02/2022 - 21:45:34: [SM]   [1] Line 148, D:\Libraries\Documents\Dropbox\SourceMod Plugins\scripting\include\easy_commands.inc::__Handle_ConCmd__
L 02/02/2022 - 21:45:40: [SM] Exception reported: Tracker stack is out of bounds
L 02/02/2022 - 21:45:40: [SM] Blaming: unrestricted_fov.smx
L 02/02/2022 - 21:45:40: [SM] Call stack trace:
L 02/02/2022 - 21:45:40: [SM]   [1] Line 148, D:\Libraries\Documents\Dropbox\SourceMod Plugins\scripting\include\easy_commands.inc::__Handle_ConCmd__
L 02/02/2022 - 22:17:38: [SM] Exception reported: Tracker stack is out of bounds
L 02/02/2022 - 22:17:38: [SM] Blaming: unrestricted_fov.smx
L 02/02/2022 - 22:17:38: [SM] Call stack trace:
L 02/02/2022 - 22:17:38: [SM]   [1] Line 148, D:\Libraries\Documents\Dropbox\SourceMod Plugins\scripting\include\easy_commands.inc::__Handle_ConCmd__
L 02/02/2022 - 22:34:18: [SM] Exception reported: Tracker stack is out of bounds
L 02/02/2022 - 22:34:18: [SM] Blaming: unrestricted_fov.smx
L 02/02/2022 - 22:34:18: [SM] Call stack trace:
L 02/02/2022 - 22:34:18: [SM]   [1] Line 148, D:\Libraries\Documents\Dropbox\SourceMod Plugins\scripting\include\easy_commands.inc::__Handle_ConCmd__
L 02/02/2022 - 22:34:23: [SM] Exception reported: Tracker stack is out of bounds
L 02/02/2022 - 22:34:23: [SM] Blaming: unrestricted_fov.smx
L 02/02/2022 - 22:34:23: [SM] Call stack trace:
L 02/02/2022 - 22:34:23: [SM]   [1] Line 148, D:\Libraries\Documents\Dropbox\SourceMod Plugins\scripting\include\easy_commands.inc::__Handle_ConCmd__
L 02/02/2022 - 22:34:27: [SM] Exception reported: Tracker stack is out of bounds
L 02/02/2022 - 22:34:27: [SM] Blaming: unrestricted_fov.smx
L 02/02/2022 - 22:34:27: [SM] Call stack trace:
L 02/02/2022 - 22:34:27: [SM]   [1] Line 148, D:\Libraries\Documents\Dropbox\SourceMod Plugins\scripting\include\easy_commands.inc::__Handle_ConCmd__
L 02/02/2022 - 22:34:33: [SM] Exception reported: Tracker stack is out of bounds
L 02/02/2022 - 22:34:33: [SM] Blaming: unrestricted_fov.smx
L 02/02/2022 - 22:34:33: [SM] Call stack trace:
L 02/02/2022 - 22:34:33: [SM]   [1] Line 148, D:\Libraries\Documents\Dropbox\SourceMod Plugins\scripting\include\easy_commands.inc::__Handle_ConCmd__
L 02/02/2022 - 22:35:16: [SM] Exception reported: Tracker stack is out of bounds
L 02/02/2022 - 22:35:16: [SM] Blaming: unrestricted_fov.smx
L 02/02/2022 - 22:35:16: [SM] Call stack trace:
L 02/02/2022 - 22:35:16: [SM]   [1] Line 148, D:\Libraries\Documents\Dropbox\SourceMod Plugins\scripting\include\easy_commands.inc::__Handle_ConCmd__
L 02/03/2022 - 01:22:32: Error log file session closed.
