L 01/05/2022 - 00:22:27: SourceMod error session started
L 01/05/2022 - 00:22:27: Info (map "surf_utopia_noble") (file "/home/steam/surf/csgo/addons/sourcemod/logs/errors_20220105.log")
L 01/05/2022 - 00:22:27: [SM] Exception reported: Tracker stack is out of bounds
L 01/05/2022 - 00:22:27: [SM] Blaming: unrestricted_fov.smx
L 01/05/2022 - 00:22:27: [SM] Call stack trace:
L 01/05/2022 - 00:22:27: [SM]   [1] Line 148, D:\Libraries\Documents\Dropbox\SourceMod Plugins\scripting\include\easy_commands.inc::__Handle_ConCmd__
L 01/05/2022 - 00:22:32: [SM] Exception reported: Tracker stack is out of bounds
L 01/05/2022 - 00:22:32: [SM] Blaming: unrestricted_fov.smx
L 01/05/2022 - 00:22:32: [SM] Call stack trace:
L 01/05/2022 - 00:22:32: [SM]   [1] Line 148, D:\Libraries\Documents\Dropbox\SourceMod Plugins\scripting\include\easy_commands.inc::__Handle_ConCmd__
L 01/05/2022 - 00:22:35: [SM] Exception reported: Tracker stack is out of bounds
L 01/05/2022 - 00:22:35: [SM] Blaming: unrestricted_fov.smx
L 01/05/2022 - 00:22:35: [SM] Call stack trace:
L 01/05/2022 - 00:22:35: [SM]   [1] Line 148, D:\Libraries\Documents\Dropbox\SourceMod Plugins\scripting\include\easy_commands.inc::__Handle_ConCmd__
L 01/05/2022 - 00:22:41: [SM] Exception reported: Tracker stack is out of bounds
L 01/05/2022 - 00:22:41: [SM] Blaming: unrestricted_fov.smx
L 01/05/2022 - 00:22:41: [SM] Call stack trace:
L 01/05/2022 - 00:22:41: [SM]   [1] Line 148, D:\Libraries\Documents\Dropbox\SourceMod Plugins\scripting\include\easy_commands.inc::__Handle_ConCmd__
L 01/05/2022 - 00:22:45: [SM] Exception reported: Tracker stack is out of bounds
L 01/05/2022 - 00:22:45: [SM] Blaming: unrestricted_fov.smx
L 01/05/2022 - 00:22:45: [SM] Call stack trace:
L 01/05/2022 - 00:22:45: [SM]   [1] Line 148, D:\Libraries\Documents\Dropbox\SourceMod Plugins\scripting\include\easy_commands.inc::__Handle_ConCmd__
L 01/05/2022 - 00:22:53: [SM] Exception reported: Tracker stack is out of bounds
L 01/05/2022 - 00:22:53: [SM] Blaming: unrestricted_fov.smx
L 01/05/2022 - 00:22:53: [SM] Call stack trace:
L 01/05/2022 - 00:22:53: [SM]   [1] Line 148, D:\Libraries\Documents\Dropbox\SourceMod Plugins\scripting\include\easy_commands.inc::__Handle_ConCmd__
L 01/05/2022 - 00:22:54: [SM] Exception reported: Tracker stack is out of bounds
L 01/05/2022 - 00:22:54: [SM] Blaming: unrestricted_fov.smx
L 01/05/2022 - 00:22:54: [SM] Call stack trace:
L 01/05/2022 - 00:22:54: [SM]   [1] Line 148, D:\Libraries\Documents\Dropbox\SourceMod Plugins\scripting\include\easy_commands.inc::__Handle_ConCmd__
L 01/05/2022 - 00:22:59: [SM] Exception reported: Tracker stack is out of bounds
L 01/05/2022 - 00:22:59: [SM] Blaming: unrestricted_fov.smx
L 01/05/2022 - 00:22:59: [SM] Call stack trace:
L 01/05/2022 - 00:22:59: [SM]   [1] Line 148, D:\Libraries\Documents\Dropbox\SourceMod Plugins\scripting\include\easy_commands.inc::__Handle_ConCmd__
L 01/05/2022 - 00:23:01: [SM] Exception reported: Tracker stack is out of bounds
L 01/05/2022 - 00:23:01: [SM] Blaming: unrestricted_fov.smx
L 01/05/2022 - 00:23:01: [SM] Call stack trace:
L 01/05/2022 - 00:23:01: [SM]   [1] Line 148, D:\Libraries\Documents\Dropbox\SourceMod Plugins\scripting\include\easy_commands.inc::__Handle_ConCmd__
L 01/05/2022 - 00:23:02: [SM] Exception reported: Tracker stack is out of bounds
L 01/05/2022 - 00:23:02: [SM] Blaming: unrestricted_fov.smx
L 01/05/2022 - 00:23:02: [SM] Call stack trace:
L 01/05/2022 - 00:23:02: [SM]   [1] Line 148, D:\Libraries\Documents\Dropbox\SourceMod Plugins\scripting\include\easy_commands.inc::__Handle_ConCmd__
L 01/05/2022 - 00:23:06: [SM] Exception reported: Tracker stack is out of bounds
L 01/05/2022 - 00:23:06: [SM] Blaming: unrestricted_fov.smx
L 01/05/2022 - 00:23:06: [SM] Call stack trace:
L 01/05/2022 - 00:23:06: [SM]   [1] Line 148, D:\Libraries\Documents\Dropbox\SourceMod Plugins\scripting\include\easy_commands.inc::__Handle_ConCmd__
L 01/05/2022 - 00:23:13: [SM] Exception reported: Tracker stack is out of bounds
L 01/05/2022 - 00:23:13: [SM] Blaming: unrestricted_fov.smx
L 01/05/2022 - 00:23:13: [SM] Call stack trace:
L 01/05/2022 - 00:23:13: [SM]   [1] Line 148, D:\Libraries\Documents\Dropbox\SourceMod Plugins\scripting\include\easy_commands.inc::__Handle_ConCmd__
L 01/05/2022 - 00:24:02: [SM] Exception reported: Tracker stack is out of bounds
L 01/05/2022 - 00:24:02: [SM] Blaming: unrestricted_fov.smx
L 01/05/2022 - 00:24:02: [SM] Call stack trace:
L 01/05/2022 - 00:24:02: [SM]   [1] Line 148, D:\Libraries\Documents\Dropbox\SourceMod Plugins\scripting\include\easy_commands.inc::__Handle_ConCmd__
L 01/05/2022 - 00:24:07: [SM] Exception reported: Tracker stack is out of bounds
L 01/05/2022 - 00:24:07: [SM] Blaming: unrestricted_fov.smx
L 01/05/2022 - 00:24:07: [SM] Call stack trace:
L 01/05/2022 - 00:24:07: [SM]   [1] Line 148, D:\Libraries\Documents\Dropbox\SourceMod Plugins\scripting\include\easy_commands.inc::__Handle_ConCmd__
L 01/05/2022 - 00:24:12: [SM] Exception reported: Tracker stack is out of bounds
L 01/05/2022 - 00:24:12: [SM] Blaming: unrestricted_fov.smx
L 01/05/2022 - 00:24:12: [SM] Call stack trace:
L 01/05/2022 - 00:24:12: [SM]   [1] Line 148, D:\Libraries\Documents\Dropbox\SourceMod Plugins\scripting\include\easy_commands.inc::__Handle_ConCmd__
L 01/05/2022 - 00:24:14: [SM] Exception reported: Tracker stack is out of bounds
L 01/05/2022 - 00:24:14: [SM] Blaming: unrestricted_fov.smx
L 01/05/2022 - 00:24:14: [SM] Call stack trace:
L 01/05/2022 - 00:24:14: [SM]   [1] Line 148, D:\Libraries\Documents\Dropbox\SourceMod Plugins\scripting\include\easy_commands.inc::__Handle_ConCmd__
L 01/05/2022 - 00:24:14: [SM] Exception reported: Tracker stack is out of bounds
L 01/05/2022 - 00:24:14: [SM] Blaming: unrestricted_fov.smx
L 01/05/2022 - 00:24:14: [SM] Call stack trace:
L 01/05/2022 - 00:24:14: [SM]   [1] Line 148, D:\Libraries\Documents\Dropbox\SourceMod Plugins\scripting\include\easy_commands.inc::__Handle_ConCmd__
L 01/05/2022 - 00:24:24: [SM] Exception reported: Tracker stack is out of bounds
L 01/05/2022 - 00:24:24: [SM] Blaming: unrestricted_fov.smx
L 01/05/2022 - 00:24:24: [SM] Call stack trace:
L 01/05/2022 - 00:24:24: [SM]   [1] Line 148, D:\Libraries\Documents\Dropbox\SourceMod Plugins\scripting\include\easy_commands.inc::__Handle_ConCmd__
L 01/05/2022 - 00:24:36: [SM] Exception reported: Tracker stack is out of bounds
L 01/05/2022 - 00:24:36: [SM] Blaming: unrestricted_fov.smx
L 01/05/2022 - 00:24:36: [SM] Call stack trace:
L 01/05/2022 - 00:24:36: [SM]   [1] Line 148, D:\Libraries\Documents\Dropbox\SourceMod Plugins\scripting\include\easy_commands.inc::__Handle_ConCmd__
L 01/05/2022 - 00:24:42: [SM] Exception reported: Tracker stack is out of bounds
L 01/05/2022 - 00:24:42: [SM] Blaming: unrestricted_fov.smx
L 01/05/2022 - 00:24:42: [SM] Call stack trace:
L 01/05/2022 - 00:24:42: [SM]   [1] Line 148, D:\Libraries\Documents\Dropbox\SourceMod Plugins\scripting\include\easy_commands.inc::__Handle_ConCmd__
L 01/05/2022 - 00:24:52: [SM] Exception reported: Tracker stack is out of bounds
L 01/05/2022 - 00:24:52: [SM] Blaming: unrestricted_fov.smx
L 01/05/2022 - 00:24:52: [SM] Call stack trace:
L 01/05/2022 - 00:24:52: [SM]   [1] Line 148, D:\Libraries\Documents\Dropbox\SourceMod Plugins\scripting\include\easy_commands.inc::__Handle_ConCmd__
L 01/05/2022 - 00:25:20: [SM] Exception reported: Tracker stack is out of bounds
L 01/05/2022 - 00:25:20: [SM] Blaming: unrestricted_fov.smx
L 01/05/2022 - 00:25:20: [SM] Call stack trace:
L 01/05/2022 - 00:25:20: [SM]   [1] Line 148, D:\Libraries\Documents\Dropbox\SourceMod Plugins\scripting\include\easy_commands.inc::__Handle_ConCmd__
L 01/05/2022 - 00:32:07: Error log file session closed.
L 01/05/2022 - 00:58:45: SourceMod error session started
L 01/05/2022 - 00:58:45: Info (map "surf_utopia_noble") (file "/home/steam/surf/csgo/addons/sourcemod/logs/errors_20220105.log")
L 01/05/2022 - 00:58:45: [SM] Exception reported: Tracker stack is out of bounds
L 01/05/2022 - 00:58:45: [SM] Blaming: unrestricted_fov.smx
L 01/05/2022 - 00:58:45: [SM] Call stack trace:
L 01/05/2022 - 00:58:45: [SM]   [1] Line 148, D:\Libraries\Documents\Dropbox\SourceMod Plugins\scripting\include\easy_commands.inc::__Handle_ConCmd__
L 01/05/2022 - 00:58:57: [SM] Exception reported: Tracker stack is out of bounds
L 01/05/2022 - 00:58:57: [SM] Blaming: unrestricted_fov.smx
L 01/05/2022 - 00:58:57: [SM] Call stack trace:
L 01/05/2022 - 00:58:57: [SM]   [1] Line 148, D:\Libraries\Documents\Dropbox\SourceMod Plugins\scripting\include\easy_commands.inc::__Handle_ConCmd__
L 01/05/2022 - 02:07:33: [SM] Exception reported: Tracker stack is out of bounds
L 01/05/2022 - 02:07:33: [SM] Blaming: unrestricted_fov.smx
L 01/05/2022 - 02:07:33: [SM] Call stack trace:
L 01/05/2022 - 02:07:33: [SM]   [1] Line 148, D:\Libraries\Documents\Dropbox\SourceMod Plugins\scripting\include\easy_commands.inc::__Handle_ConCmd__
L 01/05/2022 - 02:07:46: [SM] Exception reported: Tracker stack is out of bounds
L 01/05/2022 - 02:07:46: [SM] Blaming: unrestricted_fov.smx
L 01/05/2022 - 02:07:46: [SM] Call stack trace:
L 01/05/2022 - 02:07:46: [SM]   [1] Line 148, D:\Libraries\Documents\Dropbox\SourceMod Plugins\scripting\include\easy_commands.inc::__Handle_ConCmd__
L 01/05/2022 - 02:09:28: [SM] Exception reported: Tracker stack is out of bounds
L 01/05/2022 - 02:09:28: [SM] Blaming: unrestricted_fov.smx
L 01/05/2022 - 02:09:28: [SM] Call stack trace:
L 01/05/2022 - 02:09:28: [SM]   [1] Line 148, D:\Libraries\Documents\Dropbox\SourceMod Plugins\scripting\include\easy_commands.inc::__Handle_ConCmd__
L 01/05/2022 - 03:57:42: [SM] Exception reported: Tracker stack is out of bounds
L 01/05/2022 - 03:57:42: [SM] Blaming: unrestricted_fov.smx
L 01/05/2022 - 03:57:42: [SM] Call stack trace:
L 01/05/2022 - 03:57:42: [SM]   [1] Line 148, D:\Libraries\Documents\Dropbox\SourceMod Plugins\scripting\include\easy_commands.inc::__Handle_ConCmd__
L 01/05/2022 - 03:57:42: [SM]   [3] FakeClientCommand
L 01/05/2022 - 03:57:42: [SM]   [4] Line 427, surftimer/hooks.sp::Say_Hook
L 01/05/2022 - 04:37:57: [SM] Exception reported: Tracker stack is out of bounds
L 01/05/2022 - 04:37:57: [SM] Blaming: unrestricted_fov.smx
L 01/05/2022 - 04:37:57: [SM] Call stack trace:
L 01/05/2022 - 04:37:57: [SM]   [1] Line 148, D:\Libraries\Documents\Dropbox\SourceMod Plugins\scripting\include\easy_commands.inc::__Handle_ConCmd__
L 01/05/2022 - 04:38:08: [SM] Exception reported: Tracker stack is out of bounds
L 01/05/2022 - 04:38:08: [SM] Blaming: unrestricted_fov.smx
L 01/05/2022 - 04:38:08: [SM] Call stack trace:
L 01/05/2022 - 04:38:08: [SM]   [1] Line 148, D:\Libraries\Documents\Dropbox\SourceMod Plugins\scripting\include\easy_commands.inc::__Handle_ConCmd__
L 01/05/2022 - 05:27:15: Error log file session closed.
L 01/05/2022 - 06:54:47: SourceMod error session started
L 01/05/2022 - 06:54:47: Info (map "surf_utopia_noble") (file "/home/steam/surf/csgo/addons/sourcemod/logs/errors_20220105.log")
L 01/05/2022 - 06:54:47: [SM] Exception reported: Tracker stack is out of bounds
L 01/05/2022 - 06:54:47: [SM] Blaming: unrestricted_fov.smx
L 01/05/2022 - 06:54:47: [SM] Call stack trace:
L 01/05/2022 - 06:54:47: [SM]   [1] Line 148, D:\Libraries\Documents\Dropbox\SourceMod Plugins\scripting\include\easy_commands.inc::__Handle_ConCmd__
L 01/05/2022 - 06:54:53: [SM] Exception reported: Tracker stack is out of bounds
L 01/05/2022 - 06:54:53: [SM] Blaming: unrestricted_fov.smx
L 01/05/2022 - 06:54:53: [SM] Call stack trace:
L 01/05/2022 - 06:54:53: [SM]   [1] Line 148, D:\Libraries\Documents\Dropbox\SourceMod Plugins\scripting\include\easy_commands.inc::__Handle_ConCmd__
L 01/05/2022 - 08:46:20: Error log file session closed.
L 01/05/2022 - 20:58:58: SourceMod error session started
L 01/05/2022 - 20:58:58: Info (map "surf_utopia_noble") (file "/home/steam/surf/csgo/addons/sourcemod/logs/errors_20220105.log")
L 01/05/2022 - 20:58:58: [SM] Exception reported: Tracker stack is out of bounds
L 01/05/2022 - 20:58:58: [SM] Blaming: unrestricted_fov.smx
L 01/05/2022 - 20:58:58: [SM] Call stack trace:
L 01/05/2022 - 20:58:58: [SM]   [1] Line 148, D:\Libraries\Documents\Dropbox\SourceMod Plugins\scripting\include\easy_commands.inc::__Handle_ConCmd__
L 01/05/2022 - 20:59:04: [SM] Exception reported: Tracker stack is out of bounds
L 01/05/2022 - 20:59:04: [SM] Blaming: unrestricted_fov.smx
L 01/05/2022 - 20:59:04: [SM] Call stack trace:
L 01/05/2022 - 20:59:04: [SM]   [1] Line 148, D:\Libraries\Documents\Dropbox\SourceMod Plugins\scripting\include\easy_commands.inc::__Handle_ConCmd__
L 01/05/2022 - 21:22:46: [SM] Exception reported: Tracker stack is out of bounds
L 01/05/2022 - 21:22:46: [SM] Blaming: unrestricted_fov.smx
L 01/05/2022 - 21:22:46: [SM] Call stack trace:
L 01/05/2022 - 21:22:46: [SM]   [1] Line 148, D:\Libraries\Documents\Dropbox\SourceMod Plugins\scripting\include\easy_commands.inc::__Handle_ConCmd__
L 01/05/2022 - 21:29:06: [SM] Exception reported: Tracker stack is out of bounds
L 01/05/2022 - 21:29:06: [SM] Blaming: unrestricted_fov.smx
L 01/05/2022 - 21:29:06: [SM] Call stack trace:
L 01/05/2022 - 21:29:06: [SM]   [1] Line 148, D:\Libraries\Documents\Dropbox\SourceMod Plugins\scripting\include\easy_commands.inc::__Handle_ConCmd__
L 01/05/2022 - 21:40:49: [SM] Exception reported: Tracker stack is out of bounds
L 01/05/2022 - 21:40:49: [SM] Blaming: unrestricted_fov.smx
L 01/05/2022 - 21:40:49: [SM] Call stack trace:
L 01/05/2022 - 21:40:49: [SM]   [1] Line 148, D:\Libraries\Documents\Dropbox\SourceMod Plugins\scripting\include\easy_commands.inc::__Handle_ConCmd__
L 01/05/2022 - 21:41:00: [SM] Exception reported: Tracker stack is out of bounds
L 01/05/2022 - 21:41:00: [SM] Blaming: unrestricted_fov.smx
L 01/05/2022 - 21:41:00: [SM] Call stack trace:
L 01/05/2022 - 21:41:00: [SM]   [1] Line 148, D:\Libraries\Documents\Dropbox\SourceMod Plugins\scripting\include\easy_commands.inc::__Handle_ConCmd__
L 01/05/2022 - 23:34:55: [SM] Exception reported: Tracker stack is out of bounds
L 01/05/2022 - 23:34:55: [SM] Blaming: unrestricted_fov.smx
L 01/05/2022 - 23:34:55: [SM] Call stack trace:
L 01/05/2022 - 23:34:55: [SM]   [1] Line 148, D:\Libraries\Documents\Dropbox\SourceMod Plugins\scripting\include\easy_commands.inc::__Handle_ConCmd__
L 01/06/2022 - 00:10:53: Error log file session closed.
