L 01/02/2022 - 05:19:16: SourceMod log file session started (file "/home/steam/surf/csgo/addons/sourcemod/logs/L20220102.log") (Version "1.10.0.6528")
L 01/02/2022 - 05:19:16: -------- Mapchange to surf_utopia_noble --------
L 01/02/2022 - 05:19:17: [afk_manager4.smx] [AFK Manager] Log File: addons/sourcemod/logs/afkm_20220102.log
L 01/02/2022 - 05:19:17: [weapons.smx] Inactive players' data has been deleted
L 01/02/2022 - 05:35:22: -------- Mapchange to surf_utopia_noble --------
L 01/02/2022 - 05:35:23: [weapons.smx] Inactive players' data has been deleted
L 01/02/2022 - 05:51:07: -------- Mapchange to surf_utopia_noble --------
L 01/02/2022 - 05:51:09: [weapons.smx] Inactive players' data has been deleted
L 01/02/2022 - 06:29:26: -------- Mapchange to surf_utopia_noble --------
L 01/02/2022 - 06:29:27: [weapons.smx] Inactive players' data has been deleted
L 01/02/2022 - 06:49:14: -------- Mapchange to surf_utopia_noble --------
L 01/02/2022 - 06:49:16: [weapons.smx] Inactive players' data has been deleted
L 01/02/2022 - 06:53:46: -------- Mapchange to surf_utopia_noble --------
L 01/02/2022 - 06:53:47: [weapons.smx] Inactive players' data has been deleted
L 01/02/2022 - 07:21:12: -------- Mapchange to surf_utopia_noble --------
L 01/02/2022 - 07:21:13: [weapons.smx] Inactive players' data has been deleted
L 01/02/2022 - 07:25:57: -------- Mapchange to surf_utopia_noble --------
L 01/02/2022 - 07:25:59: [weapons.smx] Inactive players' data has been deleted
L 01/02/2022 - 09:21:38: -------- Mapchange to surf_utopia_noble --------
L 01/02/2022 - 09:21:40: [weapons.smx] Inactive players' data has been deleted
L 01/02/2022 - 09:46:45: -------- Mapchange to surf_utopia_noble --------
L 01/02/2022 - 09:46:46: [weapons.smx] Inactive players' data has been deleted
L 01/02/2022 - 09:54:16: -------- Mapchange to surf_utopia_noble --------
L 01/02/2022 - 09:54:18: [weapons.smx] Inactive players' data has been deleted
L 01/02/2022 - 11:21:16: -------- Mapchange to surf_utopia_noble --------
L 01/02/2022 - 11:21:18: [weapons.smx] Inactive players' data has been deleted
L 01/02/2022 - 13:09:05: -------- Mapchange to surf_utopia_noble --------
L 01/02/2022 - 13:09:06: [weapons.smx] Inactive players' data has been deleted
L 01/02/2022 - 13:11:01: -------- Mapchange to surf_utopia_noble --------
L 01/02/2022 - 13:11:02: [weapons.smx] Inactive players' data has been deleted
L 01/02/2022 - 13:23:21: -------- Mapchange to surf_utopia_noble --------
L 01/02/2022 - 13:23:22: [weapons.smx] Inactive players' data has been deleted
L 01/02/2022 - 13:44:35: -------- Mapchange to surf_utopia_noble --------
L 01/02/2022 - 13:44:36: [weapons.smx] Inactive players' data has been deleted
L 01/02/2022 - 14:20:56: -------- Mapchange to surf_utopia_noble --------
L 01/02/2022 - 14:20:57: [weapons.smx] Inactive players' data has been deleted
L 01/02/2022 - 15:11:52: -------- Mapchange to surf_utopia_noble --------
L 01/02/2022 - 15:11:53: [weapons.smx] Inactive players' data has been deleted
L 01/02/2022 - 15:52:48: -------- Mapchange to surf_utopia_noble --------
L 01/02/2022 - 15:52:49: [weapons.smx] Inactive players' data has been deleted
L 01/02/2022 - 16:11:13: -------- Mapchange to surf_utopia_noble --------
L 01/02/2022 - 16:11:14: [weapons.smx] Inactive players' data has been deleted
L 01/02/2022 - 16:29:02: -------- Mapchange to surf_utopia_noble --------
L 01/02/2022 - 16:29:03: [weapons.smx] Inactive players' data has been deleted
L 01/02/2022 - 16:54:48: -------- Mapchange to surf_utopia_noble --------
L 01/02/2022 - 16:54:49: [weapons.smx] Inactive players' data has been deleted
L 01/02/2022 - 16:56:46: -------- Mapchange to surf_utopia_noble --------
L 01/02/2022 - 16:56:47: [weapons.smx] Inactive players' data has been deleted
L 01/02/2022 - 17:01:53: -------- Mapchange to surf_utopia_noble --------
L 01/02/2022 - 17:01:54: [weapons.smx] Inactive players' data has been deleted
L 01/02/2022 - 17:30:13: -------- Mapchange to surf_utopia_noble --------
L 01/02/2022 - 17:30:14: [weapons.smx] Inactive players' data has been deleted
L 01/02/2022 - 17:40:55: -------- Mapchange to surf_utopia_noble --------
L 01/02/2022 - 17:40:57: [weapons.smx] Inactive players' data has been deleted
L 01/02/2022 - 17:46:10: -------- Mapchange to surf_utopia_noble --------
L 01/02/2022 - 17:46:12: [weapons.smx] Inactive players' data has been deleted
L 01/02/2022 - 18:21:22: -------- Mapchange to surf_utopia_noble --------
L 01/02/2022 - 18:21:23: [weapons.smx] Inactive players' data has been deleted
L 01/02/2022 - 19:04:29: -------- Mapchange to surf_utopia_noble --------
L 01/02/2022 - 19:04:30: [weapons.smx] Inactive players' data has been deleted
L 01/02/2022 - 19:05:40: -------- Mapchange to surf_utopia_noble --------
L 01/02/2022 - 19:05:41: [weapons.smx] Inactive players' data has been deleted
L 01/02/2022 - 19:11:35: -------- Mapchange to surf_utopia_noble --------
L 01/02/2022 - 19:11:36: [weapons.smx] Inactive players' data has been deleted
L 01/02/2022 - 20:00:49: -------- Mapchange to surf_utopia_noble --------
L 01/02/2022 - 20:00:50: [weapons.smx] Inactive players' data has been deleted
L 01/02/2022 - 20:13:42: -------- Mapchange to surf_utopia_noble --------
L 01/02/2022 - 20:13:44: [weapons.smx] Inactive players' data has been deleted
L 01/02/2022 - 20:20:57: -------- Mapchange to surf_utopia_noble --------
L 01/02/2022 - 20:20:58: [weapons.smx] Inactive players' data has been deleted
L 01/02/2022 - 20:51:08: -------- Mapchange to surf_utopia_noble --------
L 01/02/2022 - 20:51:09: [weapons.smx] Inactive players' data has been deleted
L 01/02/2022 - 20:59:07: -------- Mapchange to surf_utopia_noble --------
L 01/02/2022 - 20:59:08: [weapons.smx] Inactive players' data has been deleted
L 01/02/2022 - 21:14:54: -------- Mapchange to surf_utopia_noble --------
L 01/02/2022 - 21:14:55: [weapons.smx] Inactive players' data has been deleted
L 01/02/2022 - 21:26:22: -------- Mapchange to surf_utopia_noble --------
L 01/02/2022 - 21:26:23: [weapons.smx] Inactive players' data has been deleted
L 01/03/2022 - 00:59:36: Log file closed.
