L 12/29/2021 - 00:02:14: SourceMod log file session started (file "/home/steam/surf/csgo/addons/sourcemod/logs/L20211229.log") (Version "1.10.0.6528")
L 12/29/2021 - 00:02:14: [afk_manager4.smx] [AFK Manager] Log File: addons/sourcemod/logs/afkm_20211229.log
L 12/29/2021 - 00:02:14: [weapons.smx] Inactive players' data has been deleted
L 12/29/2021 - 00:55:30: -------- Mapchange to surf_utopia_noble --------
L 12/29/2021 - 00:55:31: [weapons.smx] Inactive players' data has been deleted
L 12/29/2021 - 01:11:17: -------- Mapchange to surf_utopia_noble --------
L 12/29/2021 - 01:11:18: [weapons.smx] Inactive players' data has been deleted
L 12/29/2021 - 01:33:59: -------- Mapchange to surf_utopia_noble --------
L 12/29/2021 - 01:34:00: [weapons.smx] Inactive players' data has been deleted
L 12/29/2021 - 01:47:37: -------- Mapchange to surf_utopia_noble --------
L 12/29/2021 - 01:47:39: [weapons.smx] Inactive players' data has been deleted
L 12/29/2021 - 02:03:50: -------- Mapchange to surf_utopia_noble --------
L 12/29/2021 - 02:03:51: [weapons.smx] Inactive players' data has been deleted
L 12/29/2021 - 02:11:54: -------- Mapchange to surf_utopia_noble --------
L 12/29/2021 - 02:11:55: [weapons.smx] Inactive players' data has been deleted
L 12/29/2021 - 02:16:51: -------- Mapchange to surf_utopia_noble --------
L 12/29/2021 - 02:16:53: [weapons.smx] Inactive players' data has been deleted
L 12/29/2021 - 04:03:05: -------- Mapchange to surf_utopia_noble --------
L 12/29/2021 - 04:03:06: [weapons.smx] Inactive players' data has been deleted
L 12/29/2021 - 04:15:45: -------- Mapchange to surf_utopia_noble --------
L 12/29/2021 - 04:15:47: [weapons.smx] Inactive players' data has been deleted
L 12/29/2021 - 04:36:17: -------- Mapchange to surf_utopia_noble --------
L 12/29/2021 - 04:36:18: [weapons.smx] Inactive players' data has been deleted
L 12/29/2021 - 04:39:13: -------- Mapchange to surf_utopia_noble --------
L 12/29/2021 - 04:39:14: [weapons.smx] Inactive players' data has been deleted
L 12/29/2021 - 04:50:30: -------- Mapchange to surf_utopia_noble --------
L 12/29/2021 - 04:50:31: [weapons.smx] Inactive players' data has been deleted
L 12/29/2021 - 04:52:56: -------- Mapchange to surf_utopia_noble --------
L 12/29/2021 - 04:52:57: [weapons.smx] Inactive players' data has been deleted
L 12/29/2021 - 05:28:16: -------- Mapchange to surf_utopia_noble --------
L 12/29/2021 - 05:28:17: [weapons.smx] Inactive players' data has been deleted
L 12/29/2021 - 08:56:10: -------- Mapchange to surf_utopia_noble --------
L 12/29/2021 - 08:56:11: [weapons.smx] Inactive players' data has been deleted
L 12/29/2021 - 09:58:25: -------- Mapchange to surf_utopia_noble --------
L 12/29/2021 - 09:58:26: [weapons.smx] Inactive players' data has been deleted
L 12/29/2021 - 10:10:59: -------- Mapchange to surf_utopia_noble --------
L 12/29/2021 - 10:11:00: [weapons.smx] Inactive players' data has been deleted
L 12/29/2021 - 11:27:52: -------- Mapchange to surf_utopia_noble --------
L 12/29/2021 - 11:27:53: [weapons.smx] Inactive players' data has been deleted
L 12/29/2021 - 11:29:21: -------- Mapchange to surf_utopia_noble --------
L 12/29/2021 - 11:29:22: [weapons.smx] Inactive players' data has been deleted
L 12/29/2021 - 12:33:30: -------- Mapchange to surf_utopia_noble --------
L 12/29/2021 - 12:33:31: [weapons.smx] Inactive players' data has been deleted
L 12/29/2021 - 13:52:02: -------- Mapchange to surf_utopia_noble --------
L 12/29/2021 - 13:52:03: [weapons.smx] Inactive players' data has been deleted
L 12/29/2021 - 14:25:28: -------- Mapchange to surf_utopia_noble --------
L 12/29/2021 - 14:25:29: [weapons.smx] Inactive players' data has been deleted
L 12/29/2021 - 14:47:06: -------- Mapchange to surf_utopia_noble --------
L 12/29/2021 - 14:47:07: [weapons.smx] Inactive players' data has been deleted
L 12/29/2021 - 15:59:17: -------- Mapchange to surf_utopia_noble --------
L 12/29/2021 - 15:59:18: [weapons.smx] Inactive players' data has been deleted
L 12/29/2021 - 17:34:30: -------- Mapchange to surf_utopia_noble --------
L 12/29/2021 - 17:34:31: [weapons.smx] Inactive players' data has been deleted
L 12/29/2021 - 18:14:36: -------- Mapchange to surf_utopia_noble --------
L 12/29/2021 - 18:14:37: [weapons.smx] Inactive players' data has been deleted
L 12/29/2021 - 19:56:51: -------- Mapchange to surf_utopia_noble --------
L 12/29/2021 - 19:56:52: [weapons.smx] Inactive players' data has been deleted
L 12/29/2021 - 20:10:31: -------- Mapchange to surf_utopia_noble --------
L 12/29/2021 - 20:10:32: [weapons.smx] Inactive players' data has been deleted
L 12/29/2021 - 21:02:42: -------- Mapchange to surf_utopia_noble --------
L 12/29/2021 - 21:02:43: [weapons.smx] Inactive players' data has been deleted
L 12/29/2021 - 22:34:09: -------- Mapchange to surf_utopia_noble --------
L 12/29/2021 - 22:34:10: [weapons.smx] Inactive players' data has been deleted
L 12/29/2021 - 23:00:40: -------- Mapchange to surf_utopia_noble --------
L 12/29/2021 - 23:00:42: [weapons.smx] Inactive players' data has been deleted
L 12/29/2021 - 23:06:05: -------- Mapchange to surf_utopia_noble --------
L 12/29/2021 - 23:06:06: [weapons.smx] Inactive players' data has been deleted
L 12/29/2021 - 23:26:15: -------- Mapchange to surf_utopia_noble --------
L 12/29/2021 - 23:26:16: [weapons.smx] Inactive players' data has been deleted
L 12/29/2021 - 23:40:50: -------- Mapchange to surf_utopia_noble --------
L 12/29/2021 - 23:40:51: [weapons.smx] Inactive players' data has been deleted
L 12/30/2021 - 00:05:09: Log file closed.
