L 01/14/2022 - 00:01:48: SourceMod log file session started (file "/home/steam/surf/csgo/addons/sourcemod/logs/L20220114.log") (Version "1.10.0.6528")
L 01/14/2022 - 00:01:48: [afk_manager4.smx] [AFK Manager] Log File: addons/sourcemod/logs/afkm_20220114.log
L 01/14/2022 - 00:01:48: [weapons.smx] Inactive players' data has been deleted
L 01/14/2022 - 01:07:32: -------- Mapchange to surf_utopia_noble --------
L 01/14/2022 - 01:07:33: [weapons.smx] Inactive players' data has been deleted
L 01/14/2022 - 01:11:26: -------- Mapchange to surf_utopia_noble --------
L 01/14/2022 - 01:11:27: [weapons.smx] Inactive players' data has been deleted
L 01/14/2022 - 01:12:37: -------- Mapchange to surf_utopia_noble --------
L 01/14/2022 - 01:12:38: [weapons.smx] Inactive players' data has been deleted
L 01/14/2022 - 01:14:04: -------- Mapchange to surf_utopia_noble --------
L 01/14/2022 - 01:14:06: [weapons.smx] Inactive players' data has been deleted
L 01/14/2022 - 01:33:58: -------- Mapchange to surf_utopia_noble --------
L 01/14/2022 - 01:33:59: [weapons.smx] Inactive players' data has been deleted
L 01/14/2022 - 01:56:32: -------- Mapchange to surf_utopia_noble --------
L 01/14/2022 - 01:56:34: [weapons.smx] Inactive players' data has been deleted
L 01/14/2022 - 02:10:11: -------- Mapchange to surf_utopia_noble --------
L 01/14/2022 - 02:10:12: [weapons.smx] Inactive players' data has been deleted
L 01/14/2022 - 02:24:21: -------- Mapchange to surf_utopia_noble --------
L 01/14/2022 - 02:24:22: [weapons.smx] Inactive players' data has been deleted
L 01/14/2022 - 02:33:00: -------- Mapchange to surf_utopia_noble --------
L 01/14/2022 - 02:33:01: [weapons.smx] Inactive players' data has been deleted
L 01/14/2022 - 02:49:33: -------- Mapchange to surf_utopia_noble --------
L 01/14/2022 - 02:49:34: [weapons.smx] Inactive players' data has been deleted
L 01/14/2022 - 02:59:23: -------- Mapchange to surf_utopia_noble --------
L 01/14/2022 - 02:59:24: [weapons.smx] Inactive players' data has been deleted
L 01/14/2022 - 04:48:00: -------- Mapchange to surf_utopia_noble --------
L 01/14/2022 - 04:48:01: [weapons.smx] Inactive players' data has been deleted
L 01/14/2022 - 05:13:51: -------- Mapchange to surf_utopia_noble --------
L 01/14/2022 - 05:13:52: [weapons.smx] Inactive players' data has been deleted
L 01/14/2022 - 05:25:38: -------- Mapchange to surf_utopia_noble --------
L 01/14/2022 - 05:25:39: [weapons.smx] Inactive players' data has been deleted
L 01/14/2022 - 05:29:27: -------- Mapchange to surf_utopia_noble --------
L 01/14/2022 - 05:29:28: [weapons.smx] Inactive players' data has been deleted
L 01/14/2022 - 06:42:12: -------- Mapchange to surf_utopia_noble --------
L 01/14/2022 - 06:42:13: [weapons.smx] Inactive players' data has been deleted
L 01/14/2022 - 10:16:38: -------- Mapchange to surf_utopia_noble --------
L 01/14/2022 - 10:16:40: [weapons.smx] Inactive players' data has been deleted
L 01/14/2022 - 14:26:26: -------- Mapchange to surf_utopia_noble --------
L 01/14/2022 - 14:26:27: [weapons.smx] Inactive players' data has been deleted
L 01/14/2022 - 16:14:42: -------- Mapchange to surf_utopia_noble --------
L 01/14/2022 - 16:14:43: [weapons.smx] Inactive players' data has been deleted
L 01/14/2022 - 17:42:55: -------- Mapchange to surf_utopia_noble --------
L 01/14/2022 - 17:42:56: [weapons.smx] Inactive players' data has been deleted
L 01/14/2022 - 17:49:13: -------- Mapchange to surf_utopia_noble --------
L 01/14/2022 - 17:49:14: [weapons.smx] Inactive players' data has been deleted
L 01/14/2022 - 17:53:37: -------- Mapchange to surf_utopia_noble --------
L 01/14/2022 - 17:53:38: [weapons.smx] Inactive players' data has been deleted
L 01/14/2022 - 20:29:22: -------- Mapchange to surf_utopia_noble --------
L 01/14/2022 - 20:29:24: [weapons.smx] Inactive players' data has been deleted
L 01/14/2022 - 20:37:07: -------- Mapchange to surf_utopia_noble --------
L 01/14/2022 - 20:37:08: [weapons.smx] Inactive players' data has been deleted
L 01/14/2022 - 21:55:24: -------- Mapchange to surf_utopia_noble --------
L 01/14/2022 - 21:55:25: [weapons.smx] Inactive players' data has been deleted
L 01/14/2022 - 22:14:25: -------- Mapchange to surf_utopia_noble --------
L 01/14/2022 - 22:14:27: [weapons.smx] Inactive players' data has been deleted
L 01/14/2022 - 22:23:04: -------- Mapchange to surf_utopia_noble --------
L 01/14/2022 - 22:23:05: [weapons.smx] Inactive players' data has been deleted
L 01/14/2022 - 22:32:06: -------- Mapchange to surf_utopia_noble --------
L 01/14/2022 - 22:32:07: [weapons.smx] Inactive players' data has been deleted
L 01/14/2022 - 22:56:58: -------- Mapchange to surf_utopia_noble --------
L 01/14/2022 - 22:57:00: [weapons.smx] Inactive players' data has been deleted
L 01/14/2022 - 23:01:13: -------- Mapchange to surf_utopia_noble --------
L 01/14/2022 - 23:01:15: [weapons.smx] Inactive players' data has been deleted
L 01/14/2022 - 23:02:59: -------- Mapchange to surf_utopia_noble --------
L 01/14/2022 - 23:03:01: [weapons.smx] Inactive players' data has been deleted
L 01/14/2022 - 23:11:26: -------- Mapchange to surf_utopia_noble --------
L 01/14/2022 - 23:11:27: [weapons.smx] Inactive players' data has been deleted
L 01/14/2022 - 23:14:18: -------- Mapchange to surf_utopia_noble --------
L 01/14/2022 - 23:14:19: [weapons.smx] Inactive players' data has been deleted
L 01/14/2022 - 23:37:11: -------- Mapchange to surf_utopia_noble --------
L 01/14/2022 - 23:37:12: [weapons.smx] Inactive players' data has been deleted
L 01/15/2022 - 00:13:34: Log file closed.
