L 12/15/2021 - 00:08:12: SourceMod log file session started (file "/home/steam/surf/csgo/addons/sourcemod/logs/L20211215.log") (Version "1.10.0.6528")
L 12/15/2021 - 00:08:12: [afk_manager4.smx] [AFK Manager] Log File: addons/sourcemod/logs/afkm_20211215.log
L 12/15/2021 - 00:09:19: Log file closed.
L 12/15/2021 - 00:09:26: SourceMod log file session started (file "/home/steam/surf/csgo/addons/sourcemod/logs/L20211215.log") (Version "1.10.0.6528")
L 12/15/2021 - 00:09:26: [GEOIP] GeoIP database info: GEO-106FREE 20170502 Build 1 Copyright (c) 2017 MaxMind Inc All Rights Reserved
L 12/15/2021 - 00:09:26: [afk_manager4.smx] [AFK Manager] Log File: addons/sourcemod/logs/afkm_20211215.log
L 12/15/2021 - 00:09:26: [afk_manager4.smx] [AFK Manager] Detected Mod Counter-Strike: Global Offensive
L 12/15/2021 - 00:09:29: [goldenknife.smx] Hooked Cvars
L 12/15/2021 - 00:09:30: -------- Mapchange to surf_utopia_noble --------
L 12/15/2021 - 00:10:27: Log file closed.
L 12/15/2021 - 00:10:33: SourceMod log file session started (file "/home/steam/surf/csgo/addons/sourcemod/logs/L20211215.log") (Version "1.10.0.6528")
L 12/15/2021 - 00:10:33: [GEOIP] GeoIP database info: GEO-106FREE 20170502 Build 1 Copyright (c) 2017 MaxMind Inc All Rights Reserved
L 12/15/2021 - 00:10:33: [afk_manager4.smx] [AFK Manager] Log File: addons/sourcemod/logs/afkm_20211215.log
L 12/15/2021 - 00:10:33: [afk_manager4.smx] [AFK Manager] Detected Mod Counter-Strike: Global Offensive
L 12/15/2021 - 00:10:36: [goldenknife.smx] Hooked Cvars
L 12/15/2021 - 00:10:37: -------- Mapchange to surf_utopia_noble --------
L 12/15/2021 - 00:12:31: Log file closed.
L 12/15/2021 - 00:12:37: SourceMod log file session started (file "/home/steam/surf/csgo/addons/sourcemod/logs/L20211215.log") (Version "1.10.0.6528")
L 12/15/2021 - 00:12:37: [GEOIP] GeoIP database info: GEO-106FREE 20170502 Build 1 Copyright (c) 2017 MaxMind Inc All Rights Reserved
L 12/15/2021 - 00:12:37: [afk_manager4.smx] [AFK Manager] Log File: addons/sourcemod/logs/afkm_20211215.log
L 12/15/2021 - 00:12:37: [afk_manager4.smx] [AFK Manager] Detected Mod Counter-Strike: Global Offensive
L 12/15/2021 - 00:12:41: -------- Mapchange to surf_utopia_noble --------
L 12/15/2021 - 00:12:41: [goldenknife.smx] Hooked Cvars
L 12/15/2021 - 00:13:25: Log file closed.
L 12/15/2021 - 00:13:31: SourceMod log file session started (file "/home/steam/surf/csgo/addons/sourcemod/logs/L20211215.log") (Version "1.10.0.6528")
L 12/15/2021 - 00:13:31: [GEOIP] GeoIP database info: GEO-106FREE 20170502 Build 1 Copyright (c) 2017 MaxMind Inc All Rights Reserved
L 12/15/2021 - 00:13:31: [afk_manager4.smx] [AFK Manager] Log File: addons/sourcemod/logs/afkm_20211215.log
L 12/15/2021 - 00:13:31: [afk_manager4.smx] [AFK Manager] Detected Mod Counter-Strike: Global Offensive
L 12/15/2021 - 00:13:34: [goldenknife.smx] Hooked Cvars
L 12/15/2021 - 00:14:08: -------- Mapchange to surf_utopia_noble --------
L 12/15/2021 - 00:14:42: Log file closed.
L 12/15/2021 - 00:15:57: SourceMod log file session started (file "/home/steam/surf/csgo/addons/sourcemod/logs/L20211215.log") (Version "1.10.0.6528")
L 12/15/2021 - 00:15:57: [GEOIP] GeoIP database info: GEO-106FREE 20170502 Build 1 Copyright (c) 2017 MaxMind Inc All Rights Reserved
L 12/15/2021 - 00:15:57: [afk_manager4.smx] [AFK Manager] Log File: addons/sourcemod/logs/afkm_20211215.log
L 12/15/2021 - 00:15:57: [afk_manager4.smx] [AFK Manager] Detected Mod Counter-Strike: Global Offensive
L 12/15/2021 - 00:16:00: [goldenknife.smx] Hooked Cvars
L 12/15/2021 - 00:16:08: -------- Mapchange to surf_utopia_noble --------
L 12/15/2021 - 00:20:36: Log file closed.
L 12/15/2021 - 00:20:42: SourceMod log file session started (file "/home/steam/surf/csgo/addons/sourcemod/logs/L20211215.log") (Version "1.10.0.6528")
L 12/15/2021 - 00:20:42: [GEOIP] GeoIP database info: GEO-106FREE 20170502 Build 1 Copyright (c) 2017 MaxMind Inc All Rights Reserved
L 12/15/2021 - 00:20:42: [afk_manager4.smx] [AFK Manager] Log File: addons/sourcemod/logs/afkm_20211215.log
L 12/15/2021 - 00:20:42: [afk_manager4.smx] [AFK Manager] Detected Mod Counter-Strike: Global Offensive
L 12/15/2021 - 00:20:45: [goldenknife.smx] Hooked Cvars
L 12/15/2021 - 00:20:56: -------- Mapchange to surf_utopia_noble --------
L 12/15/2021 - 00:21:58: Log file closed.
L 12/15/2021 - 00:22:03: SourceMod log file session started (file "/home/steam/surf/csgo/addons/sourcemod/logs/L20211215.log") (Version "1.10.0.6528")
L 12/15/2021 - 00:22:03: [GEOIP] GeoIP database info: GEO-106FREE 20170502 Build 1 Copyright (c) 2017 MaxMind Inc All Rights Reserved
L 12/15/2021 - 00:22:03: [afk_manager4.smx] [AFK Manager] Log File: addons/sourcemod/logs/afkm_20211215.log
L 12/15/2021 - 00:22:03: [afk_manager4.smx] [AFK Manager] Detected Mod Counter-Strike: Global Offensive
L 12/15/2021 - 00:22:06: [goldenknife.smx] Hooked Cvars
L 12/15/2021 - 00:22:08: -------- Mapchange to surf_utopia_noble --------
L 12/15/2021 - 00:23:18: Log file closed.
L 12/15/2021 - 00:23:27: SourceMod log file session started (file "/home/steam/surf/csgo/addons/sourcemod/logs/L20211215.log") (Version "1.10.0.6528")
L 12/15/2021 - 00:23:27: [GEOIP] GeoIP database info: GEO-106FREE 20170502 Build 1 Copyright (c) 2017 MaxMind Inc All Rights Reserved
L 12/15/2021 - 00:23:27: [afk_manager4.smx] [AFK Manager] Log File: addons/sourcemod/logs/afkm_20211215.log
L 12/15/2021 - 00:23:27: [afk_manager4.smx] [AFK Manager] Detected Mod Counter-Strike: Global Offensive
L 12/15/2021 - 00:23:30: [goldenknife.smx] Hooked Cvars
L 12/15/2021 - 00:23:31: -------- Mapchange to surf_utopia_noble --------
L 12/15/2021 - 00:24:23: Log file closed.
L 12/15/2021 - 00:24:30: SourceMod log file session started (file "/home/steam/surf/csgo/addons/sourcemod/logs/L20211215.log") (Version "1.10.0.6528")
L 12/15/2021 - 00:24:30: [GEOIP] GeoIP database info: GEO-106FREE 20170502 Build 1 Copyright (c) 2017 MaxMind Inc All Rights Reserved
L 12/15/2021 - 00:24:30: [afk_manager4.smx] [AFK Manager] Log File: addons/sourcemod/logs/afkm_20211215.log
L 12/15/2021 - 00:24:30: [afk_manager4.smx] [AFK Manager] Detected Mod Counter-Strike: Global Offensive
L 12/15/2021 - 00:24:33: [goldenknife.smx] Hooked Cvars
L 12/15/2021 - 00:24:53: -------- Mapchange to surf_utopia_noble --------
L 12/15/2021 - 00:28:19: Log file closed.
L 12/15/2021 - 00:28:25: SourceMod log file session started (file "/home/steam/surf/csgo/addons/sourcemod/logs/L20211215.log") (Version "1.10.0.6528")
L 12/15/2021 - 00:28:25: [GEOIP] GeoIP database info: GEO-106FREE 20170502 Build 1 Copyright (c) 2017 MaxMind Inc All Rights Reserved
L 12/15/2021 - 00:28:25: [afk_manager4.smx] [AFK Manager] Log File: addons/sourcemod/logs/afkm_20211215.log
L 12/15/2021 - 00:28:25: [afk_manager4.smx] [AFK Manager] Detected Mod Counter-Strike: Global Offensive
L 12/15/2021 - 00:28:28: -------- Mapchange to surf_utopia_noble --------
L 12/15/2021 - 00:28:29: [goldenknife.smx] Hooked Cvars
L 12/15/2021 - 00:28:50: Log file closed.
L 12/15/2021 - 00:29:49: SourceMod log file session started (file "/home/steam/surf/csgo/addons/sourcemod/logs/L20211215.log") (Version "1.10.0.6528")
L 12/15/2021 - 00:29:49: [GEOIP] GeoIP database info: GEO-106FREE 20170502 Build 1 Copyright (c) 2017 MaxMind Inc All Rights Reserved
L 12/15/2021 - 00:29:49: [afk_manager4.smx] [AFK Manager] Log File: addons/sourcemod/logs/afkm_20211215.log
L 12/15/2021 - 00:29:49: [afk_manager4.smx] [AFK Manager] Detected Mod Counter-Strike: Global Offensive
L 12/15/2021 - 00:29:51: -------- Mapchange to surf_utopia_noble --------
L 12/15/2021 - 00:29:53: [goldenknife.smx] Hooked Cvars
L 12/15/2021 - 00:30:06: Log file closed.
L 12/15/2021 - 03:02:16: SourceMod log file session started (file "/home/steam/surf/csgo/addons/sourcemod/logs/L20211215.log") (Version "1.10.0.6528")
L 12/15/2021 - 03:02:16: [GEOIP] GeoIP database info: GEO-106FREE 20170502 Build 1 Copyright (c) 2017 MaxMind Inc All Rights Reserved
L 12/15/2021 - 03:02:16: [afk_manager4.smx] [AFK Manager] Log File: addons/sourcemod/logs/afkm_20211215.log
L 12/15/2021 - 03:02:16: [afk_manager4.smx] [AFK Manager] Detected Mod Counter-Strike: Global Offensive
L 12/15/2021 - 03:02:19: [goldenknife.smx] Hooked Cvars
L 12/15/2021 - 03:02:24: -------- Mapchange to surf_utopia_noble --------
L 12/15/2021 - 03:06:03: Log file closed.
L 12/15/2021 - 03:06:09: SourceMod log file session started (file "/home/steam/surf/csgo/addons/sourcemod/logs/L20211215.log") (Version "1.10.0.6528")
L 12/15/2021 - 03:06:09: [GEOIP] GeoIP database info: GEO-106FREE 20170502 Build 1 Copyright (c) 2017 MaxMind Inc All Rights Reserved
L 12/15/2021 - 03:06:09: [afk_manager4.smx] [AFK Manager] Log File: addons/sourcemod/logs/afkm_20211215.log
L 12/15/2021 - 03:06:09: [afk_manager4.smx] [AFK Manager] Detected Mod Counter-Strike: Global Offensive
L 12/15/2021 - 03:06:12: -------- Mapchange to surf_utopia_noble --------
L 12/15/2021 - 03:06:13: [goldenknife.smx] Hooked Cvars
L 12/15/2021 - 03:08:55: [basecommands.smx] "pot head<5><STEAM_1:0:23861894><>" console command (cmdline "sm_weapons_db_connection")
L 12/15/2021 - 03:09:57: Log file closed.
L 12/15/2021 - 03:10:05: SourceMod log file session started (file "/home/steam/surf/csgo/addons/sourcemod/logs/L20211215.log") (Version "1.10.0.6528")
L 12/15/2021 - 03:10:05: [GEOIP] GeoIP database info: GEO-106FREE 20170502 Build 1 Copyright (c) 2017 MaxMind Inc All Rights Reserved
L 12/15/2021 - 03:10:05: [afk_manager4.smx] [AFK Manager] Log File: addons/sourcemod/logs/afkm_20211215.log
L 12/15/2021 - 03:10:05: [afk_manager4.smx] [AFK Manager] Detected Mod Counter-Strike: Global Offensive
L 12/15/2021 - 03:10:06: [weapons.smx] MySQL DB connection successful
L 12/15/2021 - 03:10:06: [weapons.smx] Inactive players' data has been deleted
L 12/15/2021 - 03:10:08: [goldenknife.smx] Hooked Cvars
L 12/15/2021 - 03:10:09: -------- Mapchange to surf_utopia_noble --------
L 12/15/2021 - 03:10:10: [weapons.smx] Inactive players' data has been deleted
L 12/15/2021 - 03:12:49: Log file closed.
L 12/15/2021 - 03:12:55: SourceMod log file session started (file "/home/steam/surf/csgo/addons/sourcemod/logs/L20211215.log") (Version "1.10.0.6528")
L 12/15/2021 - 03:12:55: [GEOIP] GeoIP database info: GEO-106FREE 20170502 Build 1 Copyright (c) 2017 MaxMind Inc All Rights Reserved
L 12/15/2021 - 03:12:55: [afk_manager4.smx] [AFK Manager] Log File: addons/sourcemod/logs/afkm_20211215.log
L 12/15/2021 - 03:12:55: [afk_manager4.smx] [AFK Manager] Detected Mod Counter-Strike: Global Offensive
L 12/15/2021 - 03:12:57: [weapons.smx] MySQL DB connection successful
L 12/15/2021 - 03:12:57: [weapons.smx] Inactive players' data has been deleted
L 12/15/2021 - 03:12:58: [goldenknife.smx] Hooked Cvars
L 12/15/2021 - 03:13:05: -------- Mapchange to surf_utopia_noble --------
L 12/15/2021 - 03:13:06: [weapons.smx] Inactive players' data has been deleted
L 12/15/2021 - 03:17:07: Log file closed.
L 12/15/2021 - 03:17:16: SourceMod log file session started (file "/home/steam/surf/csgo/addons/sourcemod/logs/L20211215.log") (Version "1.10.0.6528")
L 12/15/2021 - 03:17:16: [GEOIP] GeoIP database info: GEO-106FREE 20170502 Build 1 Copyright (c) 2017 MaxMind Inc All Rights Reserved
L 12/15/2021 - 03:17:16: [afk_manager4.smx] [AFK Manager] Log File: addons/sourcemod/logs/afkm_20211215.log
L 12/15/2021 - 03:17:16: [afk_manager4.smx] [AFK Manager] Detected Mod Counter-Strike: Global Offensive
L 12/15/2021 - 03:17:17: [weapons.smx] MySQL DB connection successful
L 12/15/2021 - 03:17:17: [weapons.smx] Inactive players' data has been deleted
L 12/15/2021 - 03:17:19: [goldenknife.smx] Hooked Cvars
L 12/15/2021 - 03:17:29: -------- Mapchange to surf_utopia_noble --------
L 12/15/2021 - 03:17:30: [weapons.smx] Inactive players' data has been deleted
L 12/15/2021 - 03:21:10: Log file closed.
L 12/15/2021 - 03:21:22: SourceMod log file session started (file "/home/steam/surf/csgo/addons/sourcemod/logs/L20211215.log") (Version "1.10.0.6528")
L 12/15/2021 - 03:21:22: [GEOIP] GeoIP database info: GEO-106FREE 20170502 Build 1 Copyright (c) 2017 MaxMind Inc All Rights Reserved
L 12/15/2021 - 03:21:22: [auto_steam_update.smx] HUD text is supported on this mod. The persistant timer will display.
L 12/15/2021 - 03:21:22: [afk_manager4.smx] [AFK Manager] Log File: addons/sourcemod/logs/afkm_20211215.log
L 12/15/2021 - 03:21:22: [afk_manager4.smx] [AFK Manager] Detected Mod Counter-Strike: Global Offensive
L 12/15/2021 - 03:21:23: [weapons.smx] MySQL DB connection successful
L 12/15/2021 - 03:21:23: [weapons.smx] Inactive players' data has been deleted
L 12/15/2021 - 03:21:25: [goldenknife.smx] Hooked Cvars
L 12/15/2021 - 03:22:34: Log file closed.
L 12/15/2021 - 03:23:17: SourceMod log file session started (file "/home/steam/surf/csgo/addons/sourcemod/logs/L20211215.log") (Version "1.10.0.6528")
L 12/15/2021 - 03:23:17: [GEOIP] GeoIP database info: GEO-106FREE 20170502 Build 1 Copyright (c) 2017 MaxMind Inc All Rights Reserved
L 12/15/2021 - 03:23:17: [auto_steam_update.smx] HUD text is supported on this mod. The persistant timer will display.
L 12/15/2021 - 03:23:17: [afk_manager4.smx] [AFK Manager] Log File: addons/sourcemod/logs/afkm_20211215.log
L 12/15/2021 - 03:23:17: [afk_manager4.smx] [AFK Manager] Detected Mod Counter-Strike: Global Offensive
L 12/15/2021 - 03:23:19: [weapons.smx] MySQL DB connection successful
L 12/15/2021 - 03:23:19: [weapons.smx] Inactive players' data has been deleted
L 12/15/2021 - 03:23:20: [goldenknife.smx] Hooked Cvars
L 12/15/2021 - 03:24:38: SourceMod log file session started (file "/home/steam/surf/csgo/addons/sourcemod/logs/L20211215.log") (Version "1.10.0.6528")
L 12/15/2021 - 03:24:38: [GEOIP] GeoIP database info: GEO-106FREE 20170502 Build 1 Copyright (c) 2017 MaxMind Inc All Rights Reserved
L 12/15/2021 - 03:24:38: [auto_steam_update.smx] HUD text is supported on this mod. The persistant timer will display.
L 12/15/2021 - 03:24:38: [afk_manager4.smx] [AFK Manager] Log File: addons/sourcemod/logs/afkm_20211215.log
L 12/15/2021 - 03:24:38: [afk_manager4.smx] [AFK Manager] Detected Mod Counter-Strike: Global Offensive
L 12/15/2021 - 03:24:40: [weapons.smx] MySQL DB connection successful
L 12/15/2021 - 03:24:40: [weapons.smx] Inactive players' data has been deleted
L 12/15/2021 - 03:24:41: [goldenknife.smx] Hooked Cvars
L 12/15/2021 - 03:26:42: -------- Mapchange to surf_utopia_noble --------
L 12/15/2021 - 03:26:43: [weapons.smx] Inactive players' data has been deleted
L 12/15/2021 - 03:29:00: Log file closed.
L 12/15/2021 - 03:29:07: SourceMod log file session started (file "/home/steam/surf/csgo/addons/sourcemod/logs/L20211215.log") (Version "1.10.0.6528")
L 12/15/2021 - 03:29:07: [GEOIP] GeoIP database info: GEO-106FREE 20170502 Build 1 Copyright (c) 2017 MaxMind Inc All Rights Reserved
L 12/15/2021 - 03:29:07: [auto_steam_update.smx] HUD text is supported on this mod. The persistant timer will display.
L 12/15/2021 - 03:29:07: [afk_manager4.smx] [AFK Manager] Log File: addons/sourcemod/logs/afkm_20211215.log
L 12/15/2021 - 03:29:07: [afk_manager4.smx] [AFK Manager] Detected Mod Counter-Strike: Global Offensive
L 12/15/2021 - 03:29:08: [weapons.smx] MySQL DB connection successful
L 12/15/2021 - 03:29:08: [weapons.smx] Inactive players' data has been deleted
L 12/15/2021 - 03:29:10: [goldenknife.smx] Hooked Cvars
L 12/15/2021 - 03:30:46: -------- Mapchange to surf_utopia_noble --------
L 12/15/2021 - 03:30:47: [weapons.smx] Inactive players' data has been deleted
L 12/15/2021 - 04:51:59: Log file closed.
L 12/15/2021 - 04:52:08: SourceMod log file session started (file "/home/steam/surf/csgo/addons/sourcemod/logs/L20211215.log") (Version "1.10.0.6528")
L 12/15/2021 - 04:52:08: [GEOIP] GeoIP database info: GEO-106FREE 20170502 Build 1 Copyright (c) 2017 MaxMind Inc All Rights Reserved
L 12/15/2021 - 04:52:08: [auto_steam_update.smx] HUD text is supported on this mod. The persistant timer will display.
L 12/15/2021 - 04:52:08: [afk_manager4.smx] [AFK Manager] Log File: addons/sourcemod/logs/afkm_20211215.log
L 12/15/2021 - 04:52:08: [afk_manager4.smx] [AFK Manager] Detected Mod Counter-Strike: Global Offensive
L 12/15/2021 - 04:52:09: [weapons.smx] MySQL DB connection successful
L 12/15/2021 - 04:52:09: [weapons.smx] Inactive players' data has been deleted
L 12/15/2021 - 04:52:11: [goldenknife.smx] Hooked Cvars
L 12/15/2021 - 04:52:31: -------- Mapchange to surf_utopia_noble --------
L 12/15/2021 - 04:52:32: [weapons.smx] Inactive players' data has been deleted
L 12/15/2021 - 04:53:11: -------- Mapchange to surf_utopia_noble --------
L 12/15/2021 - 04:53:12: [weapons.smx] Inactive players' data has been deleted
L 12/15/2021 - 05:32:29: Log file closed.
L 12/15/2021 - 05:32:39: SourceMod log file session started (file "/home/steam/surf/csgo/addons/sourcemod/logs/L20211215.log") (Version "1.10.0.6528")
L 12/15/2021 - 05:32:39: [GEOIP] GeoIP database info: GEO-106FREE 20170502 Build 1 Copyright (c) 2017 MaxMind Inc All Rights Reserved
L 12/15/2021 - 05:32:39: [auto_steam_update.smx] HUD text is supported on this mod. The persistant timer will display.
L 12/15/2021 - 05:32:39: [afk_manager4.smx] [AFK Manager] Log File: addons/sourcemod/logs/afkm_20211215.log
L 12/15/2021 - 05:32:39: [afk_manager4.smx] [AFK Manager] Detected Mod Counter-Strike: Global Offensive
L 12/15/2021 - 05:32:41: [weapons.smx] MySQL DB connection successful
L 12/15/2021 - 05:32:41: [weapons.smx] Inactive players' data has been deleted
L 12/15/2021 - 05:32:42: [goldenknife.smx] Hooked Cvars
L 12/15/2021 - 05:33:18: -------- Mapchange to surf_utopia_noble --------
L 12/15/2021 - 05:33:19: [weapons.smx] Inactive players' data has been deleted
L 12/15/2021 - 05:35:05: Log file closed.
L 12/15/2021 - 05:35:12: SourceMod log file session started (file "/home/steam/surf/csgo/addons/sourcemod/logs/L20211215.log") (Version "1.10.0.6528")
L 12/15/2021 - 05:35:12: [GEOIP] GeoIP database info: GEO-106FREE 20170502 Build 1 Copyright (c) 2017 MaxMind Inc All Rights Reserved
L 12/15/2021 - 05:35:12: [auto_steam_update.smx] HUD text is supported on this mod. The persistant timer will display.
L 12/15/2021 - 05:35:12: [afk_manager4.smx] [AFK Manager] Log File: addons/sourcemod/logs/afkm_20211215.log
L 12/15/2021 - 05:35:12: [afk_manager4.smx] [AFK Manager] Detected Mod Counter-Strike: Global Offensive
L 12/15/2021 - 05:35:13: [weapons.smx] MySQL DB connection successful
L 12/15/2021 - 05:35:13: [weapons.smx] Inactive players' data has been deleted
L 12/15/2021 - 05:35:15: [goldenknife.smx] Hooked Cvars
L 12/15/2021 - 06:36:54: -------- Mapchange to surf_utopia_noble --------
L 12/15/2021 - 06:36:55: [weapons.smx] Inactive players' data has been deleted
L 12/15/2021 - 06:41:44: -------- Mapchange to surf_utopia_noble --------
L 12/15/2021 - 06:41:45: [weapons.smx] Inactive players' data has been deleted
L 12/15/2021 - 07:27:28: -------- Mapchange to surf_utopia_noble --------
L 12/15/2021 - 07:27:29: [weapons.smx] Inactive players' data has been deleted
L 12/15/2021 - 08:56:12: -------- Mapchange to surf_utopia_noble --------
L 12/15/2021 - 08:56:13: [weapons.smx] Inactive players' data has been deleted
L 12/15/2021 - 12:11:02: -------- Mapchange to surf_utopia_noble --------
L 12/15/2021 - 12:11:03: [weapons.smx] Inactive players' data has been deleted
L 12/15/2021 - 16:14:51: -------- Mapchange to surf_utopia_noble --------
L 12/15/2021 - 16:14:52: [weapons.smx] Inactive players' data has been deleted
L 12/15/2021 - 16:15:14: -------- Mapchange to surf_utopia_noble --------
L 12/15/2021 - 16:15:15: [weapons.smx] Inactive players' data has been deleted
L 12/15/2021 - 17:29:58: -------- Mapchange to surf_utopia_noble --------
L 12/15/2021 - 17:29:59: [weapons.smx] Inactive players' data has been deleted
L 12/15/2021 - 20:20:18: -------- Mapchange to surf_utopia_noble --------
L 12/15/2021 - 20:20:19: [weapons.smx] Inactive players' data has been deleted
L 12/15/2021 - 21:34:58: -------- Mapchange to surf_utopia_noble --------
L 12/15/2021 - 21:35:00: [weapons.smx] Inactive players' data has been deleted
L 12/15/2021 - 22:21:59: -------- Mapchange to surf_utopia_noble --------
L 12/15/2021 - 22:22:00: [weapons.smx] Inactive players' data has been deleted
L 12/15/2021 - 22:39:52: -------- Mapchange to surf_utopia_noble --------
L 12/15/2021 - 22:39:54: [weapons.smx] Inactive players' data has been deleted
L 12/15/2021 - 22:48:31: -------- Mapchange to surf_utopia_noble --------
L 12/15/2021 - 22:48:32: [weapons.smx] Inactive players' data has been deleted
