L 01/04/2022 - 00:09:35: SourceMod log file session started (file "/home/steam/surf/csgo/addons/sourcemod/logs/L20220104.log") (Version "1.10.0.6528")
L 01/04/2022 - 00:09:35: [afk_manager4.smx] [AFK Manager] Log File: addons/sourcemod/logs/afkm_20220104.log
L 01/04/2022 - 00:09:36: [weapons.smx] Inactive players' data has been deleted
L 01/04/2022 - 00:16:30: -------- Mapchange to surf_utopia_noble --------
L 01/04/2022 - 00:16:31: [weapons.smx] Inactive players' data has been deleted
L 01/04/2022 - 00:48:44: -------- Mapchange to surf_utopia_noble --------
L 01/04/2022 - 00:48:45: [weapons.smx] Inactive players' data has been deleted
L 01/04/2022 - 01:08:22: -------- Mapchange to surf_utopia_noble --------
L 01/04/2022 - 01:08:23: [weapons.smx] Inactive players' data has been deleted
L 01/04/2022 - 01:23:45: -------- Mapchange to surf_utopia_noble --------
L 01/04/2022 - 01:23:46: [weapons.smx] Inactive players' data has been deleted
L 01/04/2022 - 01:44:27: -------- Mapchange to surf_utopia_noble --------
L 01/04/2022 - 01:44:28: [weapons.smx] Inactive players' data has been deleted
L 01/04/2022 - 02:09:41: -------- Mapchange to surf_utopia_noble --------
L 01/04/2022 - 02:09:42: [weapons.smx] Inactive players' data has been deleted
L 01/04/2022 - 02:16:35: -------- Mapchange to surf_utopia_noble --------
L 01/04/2022 - 02:16:36: [weapons.smx] Inactive players' data has been deleted
L 01/04/2022 - 02:27:07: -------- Mapchange to surf_utopia_noble --------
L 01/04/2022 - 02:27:08: [weapons.smx] Inactive players' data has been deleted
L 01/04/2022 - 03:17:59: -------- Mapchange to surf_utopia_noble --------
L 01/04/2022 - 03:18:00: [weapons.smx] Inactive players' data has been deleted
L 01/04/2022 - 04:16:06: -------- Mapchange to surf_utopia_noble --------
L 01/04/2022 - 04:16:07: [weapons.smx] Inactive players' data has been deleted
L 01/04/2022 - 05:10:21: -------- Mapchange to surf_utopia_noble --------
L 01/04/2022 - 05:10:22: [weapons.smx] Inactive players' data has been deleted
L 01/04/2022 - 05:23:48: -------- Mapchange to surf_utopia_noble --------
L 01/04/2022 - 05:23:50: [weapons.smx] Inactive players' data has been deleted
L 01/04/2022 - 06:14:29: -------- Mapchange to surf_utopia_noble --------
L 01/04/2022 - 06:14:30: [weapons.smx] Inactive players' data has been deleted
L 01/04/2022 - 09:02:59: -------- Mapchange to surf_utopia_noble --------
L 01/04/2022 - 09:03:00: [weapons.smx] Inactive players' data has been deleted
L 01/04/2022 - 10:20:13: -------- Mapchange to surf_utopia_noble --------
L 01/04/2022 - 10:20:15: [weapons.smx] Inactive players' data has been deleted
L 01/04/2022 - 10:40:00: -------- Mapchange to surf_utopia_noble --------
L 01/04/2022 - 10:40:01: [weapons.smx] Inactive players' data has been deleted
L 01/04/2022 - 12:31:26: -------- Mapchange to surf_utopia_noble --------
L 01/04/2022 - 12:31:27: [weapons.smx] Inactive players' data has been deleted
L 01/04/2022 - 13:28:43: -------- Mapchange to surf_utopia_noble --------
L 01/04/2022 - 13:28:44: [weapons.smx] Inactive players' data has been deleted
L 01/04/2022 - 14:47:11: -------- Mapchange to surf_utopia_noble --------
L 01/04/2022 - 14:47:13: [weapons.smx] Inactive players' data has been deleted
L 01/04/2022 - 16:25:20: -------- Mapchange to surf_utopia_noble --------
L 01/04/2022 - 16:25:21: [weapons.smx] Inactive players' data has been deleted
L 01/04/2022 - 17:02:37: -------- Mapchange to surf_utopia_noble --------
L 01/04/2022 - 17:02:38: [weapons.smx] Inactive players' data has been deleted
L 01/04/2022 - 17:03:00: -------- Mapchange to surf_utopia_noble --------
L 01/04/2022 - 17:03:01: [weapons.smx] Inactive players' data has been deleted
L 01/04/2022 - 17:29:01: -------- Mapchange to surf_utopia_noble --------
L 01/04/2022 - 17:29:02: [weapons.smx] Inactive players' data has been deleted
L 01/04/2022 - 17:54:49: -------- Mapchange to surf_utopia_noble --------
L 01/04/2022 - 17:54:50: [weapons.smx] Inactive players' data has been deleted
L 01/04/2022 - 18:12:03: -------- Mapchange to surf_utopia_noble --------
L 01/04/2022 - 18:12:04: [weapons.smx] Inactive players' data has been deleted
L 01/04/2022 - 18:51:53: -------- Mapchange to surf_utopia_noble --------
L 01/04/2022 - 18:51:54: [weapons.smx] Inactive players' data has been deleted
L 01/04/2022 - 19:12:58: -------- Mapchange to surf_utopia_noble --------
L 01/04/2022 - 19:12:59: [weapons.smx] Inactive players' data has been deleted
L 01/04/2022 - 19:23:06: -------- Mapchange to surf_utopia_noble --------
L 01/04/2022 - 19:23:07: [weapons.smx] Inactive players' data has been deleted
L 01/04/2022 - 19:37:45: -------- Mapchange to surf_utopia_noble --------
L 01/04/2022 - 19:37:46: [weapons.smx] Inactive players' data has been deleted
L 01/04/2022 - 19:38:31: -------- Mapchange to surf_utopia_noble --------
L 01/04/2022 - 19:38:33: [weapons.smx] Inactive players' data has been deleted
L 01/04/2022 - 19:53:11: -------- Mapchange to surf_utopia_noble --------
L 01/04/2022 - 19:53:12: [weapons.smx] Inactive players' data has been deleted
L 01/04/2022 - 20:25:13: -------- Mapchange to surf_utopia_noble --------
L 01/04/2022 - 20:25:14: [weapons.smx] Inactive players' data has been deleted
L 01/05/2022 - 00:22:27: Log file closed.
