L 01/05/2022 - 00:32:07: SourceMod log file session started (file "/home/steam/surf/csgo/addons/sourcemod/logs/L20220105.log") (Version "1.10.0.6528")
L 01/05/2022 - 00:32:07: -------- Mapchange to surf_utopia_noble --------
L 01/05/2022 - 00:32:08: [afk_manager4.smx] [AFK Manager] Log File: addons/sourcemod/logs/afkm_20220105.log
L 01/05/2022 - 00:32:08: [weapons.smx] Inactive players' data has been deleted
L 01/05/2022 - 00:34:26: -------- Mapchange to surf_utopia_noble --------
L 01/05/2022 - 00:34:27: [weapons.smx] Inactive players' data has been deleted
L 01/05/2022 - 01:02:10: [basechat.smx] "Skinwalker<1814><STEAM_1:0:83915363><>" triggered sm_chat (text fs)
L 01/05/2022 - 05:27:15: -------- Mapchange to surf_utopia_noble --------
L 01/05/2022 - 05:27:16: [weapons.smx] Inactive players' data has been deleted
L 01/05/2022 - 05:56:54: -------- Mapchange to surf_utopia_noble --------
L 01/05/2022 - 05:56:55: [weapons.smx] Inactive players' data has been deleted
L 01/05/2022 - 06:04:27: -------- Mapchange to surf_utopia_noble --------
L 01/05/2022 - 06:04:28: [weapons.smx] Inactive players' data has been deleted
L 01/05/2022 - 06:20:57: -------- Mapchange to surf_utopia_noble --------
L 01/05/2022 - 06:20:58: [weapons.smx] Inactive players' data has been deleted
L 01/05/2022 - 08:46:20: -------- Mapchange to surf_utopia_noble --------
L 01/05/2022 - 08:46:21: [weapons.smx] Inactive players' data has been deleted
L 01/05/2022 - 09:34:27: -------- Mapchange to surf_utopia_noble --------
L 01/05/2022 - 09:34:28: [weapons.smx] Inactive players' data has been deleted
L 01/05/2022 - 11:42:42: -------- Mapchange to surf_utopia_noble --------
L 01/05/2022 - 11:42:43: [weapons.smx] Inactive players' data has been deleted
L 01/05/2022 - 13:27:21: -------- Mapchange to surf_utopia_noble --------
L 01/05/2022 - 13:27:22: [weapons.smx] Inactive players' data has been deleted
L 01/05/2022 - 14:00:45: -------- Mapchange to surf_utopia_noble --------
L 01/05/2022 - 14:00:47: [weapons.smx] Inactive players' data has been deleted
L 01/05/2022 - 14:09:46: -------- Mapchange to surf_utopia_noble --------
L 01/05/2022 - 14:09:47: [weapons.smx] Inactive players' data has been deleted
L 01/05/2022 - 14:31:12: -------- Mapchange to surf_utopia_noble --------
L 01/05/2022 - 14:31:13: [weapons.smx] Inactive players' data has been deleted
L 01/05/2022 - 15:24:38: -------- Mapchange to surf_utopia_noble --------
L 01/05/2022 - 15:24:39: [weapons.smx] Inactive players' data has been deleted
L 01/05/2022 - 15:31:48: -------- Mapchange to surf_utopia_noble --------
L 01/05/2022 - 15:31:49: [weapons.smx] Inactive players' data has been deleted
L 01/05/2022 - 15:36:40: -------- Mapchange to surf_utopia_noble --------
L 01/05/2022 - 15:36:41: [weapons.smx] Inactive players' data has been deleted
L 01/05/2022 - 17:10:31: -------- Mapchange to surf_utopia_noble --------
L 01/05/2022 - 17:10:32: [weapons.smx] Inactive players' data has been deleted
L 01/05/2022 - 17:58:12: -------- Mapchange to surf_utopia_noble --------
L 01/05/2022 - 17:58:13: [weapons.smx] Inactive players' data has been deleted
L 01/05/2022 - 19:59:30: -------- Mapchange to surf_utopia_noble --------
L 01/05/2022 - 19:59:31: [weapons.smx] Inactive players' data has been deleted
L 01/05/2022 - 20:17:56: -------- Mapchange to surf_utopia_noble --------
L 01/05/2022 - 20:17:57: [weapons.smx] Inactive players' data has been deleted
L 01/05/2022 - 20:35:43: -------- Mapchange to surf_utopia_noble --------
L 01/05/2022 - 20:35:44: [weapons.smx] Inactive players' data has been deleted
L 01/05/2022 - 20:43:34: -------- Mapchange to surf_utopia_noble --------
L 01/05/2022 - 20:43:35: [weapons.smx] Inactive players' data has been deleted
L 01/06/2022 - 00:10:53: Log file closed.
