L 12/28/2021 - 01:05:08: SourceMod log file session started (file "/home/steam/surf/csgo/addons/sourcemod/logs/L20211228.log") (Version "1.10.0.6528")
L 12/28/2021 - 01:05:08: [afk_manager4.smx] [AFK Manager] Log File: addons/sourcemod/logs/afkm_20211228.log
L 12/28/2021 - 01:05:09: [weapons.smx] Inactive players' data has been deleted
L 12/28/2021 - 01:21:25: -------- Mapchange to surf_utopia_noble --------
L 12/28/2021 - 01:21:26: [weapons.smx] Inactive players' data has been deleted
L 12/28/2021 - 02:05:33: -------- Mapchange to surf_utopia_noble --------
L 12/28/2021 - 02:05:34: [weapons.smx] Inactive players' data has been deleted
L 12/28/2021 - 02:13:27: -------- Mapchange to surf_utopia_noble --------
L 12/28/2021 - 02:13:28: [weapons.smx] Inactive players' data has been deleted
L 12/28/2021 - 02:19:19: -------- Mapchange to surf_utopia_noble --------
L 12/28/2021 - 02:19:21: [weapons.smx] Inactive players' data has been deleted
L 12/28/2021 - 02:52:23: -------- Mapchange to surf_utopia_noble --------
L 12/28/2021 - 02:52:24: [weapons.smx] Inactive players' data has been deleted
L 12/28/2021 - 02:58:54: -------- Mapchange to surf_utopia_noble --------
L 12/28/2021 - 02:58:55: [weapons.smx] Inactive players' data has been deleted
L 12/28/2021 - 03:04:03: -------- Mapchange to surf_utopia_noble --------
L 12/28/2021 - 03:04:04: [weapons.smx] Inactive players' data has been deleted
L 12/28/2021 - 04:19:03: -------- Mapchange to surf_utopia_noble --------
L 12/28/2021 - 04:19:04: [weapons.smx] Inactive players' data has been deleted
L 12/28/2021 - 04:27:04: [auto_steam_update.smx] Received a master server restart request, beginning restart timer.
L 12/28/2021 - 04:28:06: [auto_steam_update.smx] Restarting server for Steam update.
L 12/28/2021 - 04:28:07: Log file closed.
L 12/28/2021 - 04:28:27: SourceMod log file session started (file "/home/steam/surf/csgo/addons/sourcemod/logs/L20211228.log") (Version "1.10.0.6528")
L 12/28/2021 - 04:28:27: [GEOIP] GeoIP database info: GEO-106FREE 20170502 Build 1 Copyright (c) 2017 MaxMind Inc All Rights Reserved
L 12/28/2021 - 04:28:27: [auto_steam_update.smx] HUD text is supported on this mod. The persistant timer will display.
L 12/28/2021 - 04:28:27: [afk_manager4.smx] [AFK Manager] Log File: addons/sourcemod/logs/afkm_20211228.log
L 12/28/2021 - 04:28:27: [afk_manager4.smx] [AFK Manager] Detected Mod Counter-Strike: Global Offensive
L 12/28/2021 - 04:28:29: [weapons.smx] MySQL DB connection successful
L 12/28/2021 - 04:28:29: [weapons.smx] Inactive players' data has been deleted
L 12/28/2021 - 04:28:30: [goldenknife.smx] Hooked Cvars
L 12/28/2021 - 04:31:02: -------- Mapchange to surf_utopia_noble --------
L 12/28/2021 - 04:31:03: [weapons.smx] Inactive players' data has been deleted
L 12/28/2021 - 06:47:07: -------- Mapchange to surf_utopia_noble --------
L 12/28/2021 - 06:47:08: [weapons.smx] Inactive players' data has been deleted
L 12/28/2021 - 06:51:25: -------- Mapchange to surf_utopia_noble --------
L 12/28/2021 - 06:51:26: [weapons.smx] Inactive players' data has been deleted
L 12/28/2021 - 08:32:45: -------- Mapchange to surf_utopia_noble --------
L 12/28/2021 - 08:32:46: [weapons.smx] Inactive players' data has been deleted
L 12/28/2021 - 10:32:17: -------- Mapchange to surf_utopia_noble --------
L 12/28/2021 - 10:32:18: [weapons.smx] Inactive players' data has been deleted
L 12/28/2021 - 11:51:47: -------- Mapchange to surf_utopia_noble --------
L 12/28/2021 - 11:51:48: [weapons.smx] Inactive players' data has been deleted
L 12/28/2021 - 11:53:45: -------- Mapchange to surf_utopia_noble --------
L 12/28/2021 - 11:53:46: [weapons.smx] Inactive players' data has been deleted
L 12/28/2021 - 12:18:53: -------- Mapchange to surf_utopia_noble --------
L 12/28/2021 - 12:18:54: [weapons.smx] Inactive players' data has been deleted
L 12/28/2021 - 12:26:52: -------- Mapchange to surf_utopia_noble --------
L 12/28/2021 - 12:26:53: [weapons.smx] Inactive players' data has been deleted
L 12/28/2021 - 13:38:28: -------- Mapchange to surf_utopia_noble --------
L 12/28/2021 - 13:38:29: [weapons.smx] Inactive players' data has been deleted
L 12/28/2021 - 14:33:26: -------- Mapchange to surf_utopia_noble --------
L 12/28/2021 - 14:33:27: [weapons.smx] Inactive players' data has been deleted
L 12/28/2021 - 16:30:19: -------- Mapchange to surf_utopia_noble --------
L 12/28/2021 - 16:30:20: [weapons.smx] Inactive players' data has been deleted
L 12/28/2021 - 17:14:52: -------- Mapchange to surf_utopia_noble --------
L 12/28/2021 - 17:14:53: [weapons.smx] Inactive players' data has been deleted
L 12/28/2021 - 17:22:52: -------- Mapchange to surf_utopia_noble --------
L 12/28/2021 - 17:22:54: [weapons.smx] Inactive players' data has been deleted
L 12/28/2021 - 18:30:50: -------- Mapchange to surf_utopia_noble --------
L 12/28/2021 - 18:30:51: [weapons.smx] Inactive players' data has been deleted
L 12/28/2021 - 18:54:21: -------- Mapchange to surf_utopia_noble --------
L 12/28/2021 - 18:54:22: [weapons.smx] Inactive players' data has been deleted
L 12/28/2021 - 19:02:08: -------- Mapchange to surf_utopia_noble --------
L 12/28/2021 - 19:02:09: [weapons.smx] Inactive players' data has been deleted
L 12/28/2021 - 20:19:16: -------- Mapchange to surf_utopia_noble --------
L 12/28/2021 - 20:19:17: [weapons.smx] Inactive players' data has been deleted
L 12/28/2021 - 20:25:47: -------- Mapchange to surf_utopia_noble --------
L 12/28/2021 - 20:25:48: [weapons.smx] Inactive players' data has been deleted
L 12/28/2021 - 20:43:58: -------- Mapchange to surf_utopia_noble --------
L 12/28/2021 - 20:43:59: [weapons.smx] Inactive players' data has been deleted
L 12/28/2021 - 20:51:56: -------- Mapchange to surf_utopia_noble --------
L 12/28/2021 - 20:51:57: [weapons.smx] Inactive players' data has been deleted
L 12/28/2021 - 21:24:04: -------- Mapchange to surf_utopia_noble --------
L 12/28/2021 - 21:24:05: [weapons.smx] Inactive players' data has been deleted
L 12/28/2021 - 21:50:47: -------- Mapchange to surf_utopia_noble --------
L 12/28/2021 - 21:50:48: [weapons.smx] Inactive players' data has been deleted
L 12/28/2021 - 21:56:35: -------- Mapchange to surf_utopia_noble --------
L 12/28/2021 - 21:56:36: [weapons.smx] Inactive players' data has been deleted
L 12/28/2021 - 22:14:04: -------- Mapchange to surf_utopia_noble --------
L 12/28/2021 - 22:14:05: [weapons.smx] Inactive players' data has been deleted
L 12/28/2021 - 22:17:28: -------- Mapchange to surf_utopia_noble --------
L 12/28/2021 - 22:17:29: [weapons.smx] Inactive players' data has been deleted
L 12/28/2021 - 23:07:44: -------- Mapchange to surf_utopia_noble --------
L 12/28/2021 - 23:07:45: [weapons.smx] Inactive players' data has been deleted
L 12/28/2021 - 23:08:15: -------- Mapchange to surf_utopia_noble --------
L 12/28/2021 - 23:08:16: [weapons.smx] Inactive players' data has been deleted
L 12/28/2021 - 23:14:53: -------- Mapchange to surf_utopia_noble --------
L 12/28/2021 - 23:14:54: [weapons.smx] Inactive players' data has been deleted
L 12/28/2021 - 23:43:02: -------- Mapchange to surf_utopia_noble --------
L 12/28/2021 - 23:43:03: [weapons.smx] Inactive players' data has been deleted
L 12/28/2021 - 23:46:08: -------- Mapchange to surf_utopia_noble --------
L 12/28/2021 - 23:46:09: [weapons.smx] Inactive players' data has been deleted
L 12/28/2021 - 23:54:25: -------- Mapchange to surf_utopia_noble --------
L 12/28/2021 - 23:54:26: [weapons.smx] Inactive players' data has been deleted
L 12/29/2021 - 00:02:13: Log file closed.
