L 12/17/2021 - 00:40:38: SourceMod log file session started (file "/home/steam/surf/csgo/addons/sourcemod/logs/L20211217.log") (Version "1.10.0.6528")
L 12/17/2021 - 00:40:38: [afk_manager4.smx] [AFK Manager] Log File: addons/sourcemod/logs/afkm_20211217.log
L 12/17/2021 - 00:40:38: [weapons.smx] Inactive players' data has been deleted
L 12/17/2021 - 01:07:24: -------- Mapchange to surf_utopia_noble --------
L 12/17/2021 - 01:07:25: [weapons.smx] Inactive players' data has been deleted
L 12/17/2021 - 01:26:17: -------- Mapchange to surf_utopia_noble --------
L 12/17/2021 - 01:26:18: [weapons.smx] Inactive players' data has been deleted
L 12/17/2021 - 01:34:52: -------- Mapchange to surf_utopia_noble --------
L 12/17/2021 - 01:34:53: [weapons.smx] Inactive players' data has been deleted
L 12/17/2021 - 02:07:58: -------- Mapchange to surf_utopia_noble --------
L 12/17/2021 - 02:07:59: [weapons.smx] Inactive players' data has been deleted
L 12/17/2021 - 02:13:49: -------- Mapchange to surf_utopia_noble --------
L 12/17/2021 - 02:13:50: [weapons.smx] Inactive players' data has been deleted
L 12/17/2021 - 02:17:07: -------- Mapchange to surf_utopia_noble --------
L 12/17/2021 - 02:17:09: [weapons.smx] Inactive players' data has been deleted
L 12/17/2021 - 02:25:28: -------- Mapchange to surf_utopia_noble --------
L 12/17/2021 - 02:25:30: [weapons.smx] Inactive players' data has been deleted
L 12/17/2021 - 04:24:39: -------- Mapchange to surf_utopia_noble --------
L 12/17/2021 - 04:24:40: [weapons.smx] Inactive players' data has been deleted
L 12/17/2021 - 05:14:01: -------- Mapchange to surf_utopia_noble --------
L 12/17/2021 - 05:14:02: [weapons.smx] Inactive players' data has been deleted
L 12/17/2021 - 07:15:04: -------- Mapchange to surf_utopia_noble --------
L 12/17/2021 - 07:15:05: [weapons.smx] Inactive players' data has been deleted
L 12/17/2021 - 07:48:36: -------- Mapchange to surf_utopia_noble --------
L 12/17/2021 - 07:48:37: [weapons.smx] Inactive players' data has been deleted
L 12/17/2021 - 08:29:29: -------- Mapchange to surf_utopia_noble --------
L 12/17/2021 - 08:29:30: [weapons.smx] Inactive players' data has been deleted
L 12/17/2021 - 11:37:56: -------- Mapchange to surf_utopia_noble --------
L 12/17/2021 - 11:37:57: [weapons.smx] Inactive players' data has been deleted
L 12/17/2021 - 11:38:56: -------- Mapchange to surf_utopia_noble --------
L 12/17/2021 - 11:38:57: [weapons.smx] Inactive players' data has been deleted
L 12/17/2021 - 12:34:05: -------- Mapchange to surf_utopia_noble --------
L 12/17/2021 - 12:34:06: [weapons.smx] Inactive players' data has been deleted
L 12/17/2021 - 12:45:46: -------- Mapchange to surf_utopia_noble --------
L 12/17/2021 - 12:45:47: [weapons.smx] Inactive players' data has been deleted
L 12/17/2021 - 12:58:40: -------- Mapchange to surf_utopia_noble --------
L 12/17/2021 - 12:58:41: [weapons.smx] Inactive players' data has been deleted
L 12/17/2021 - 13:01:16: -------- Mapchange to surf_utopia_noble --------
L 12/17/2021 - 13:01:18: [weapons.smx] Inactive players' data has been deleted
L 12/17/2021 - 13:41:49: -------- Mapchange to surf_utopia_noble --------
L 12/17/2021 - 13:41:50: [weapons.smx] Inactive players' data has been deleted
L 12/17/2021 - 15:01:34: -------- Mapchange to surf_utopia_noble --------
L 12/17/2021 - 15:01:35: [weapons.smx] Inactive players' data has been deleted
L 12/17/2021 - 16:11:43: -------- Mapchange to surf_utopia_noble --------
L 12/17/2021 - 16:11:44: [weapons.smx] Inactive players' data has been deleted
L 12/17/2021 - 16:39:53: -------- Mapchange to surf_utopia_noble --------
L 12/17/2021 - 16:39:54: [weapons.smx] Inactive players' data has been deleted
L 12/17/2021 - 17:01:31: -------- Mapchange to surf_utopia_noble --------
L 12/17/2021 - 17:01:32: [weapons.smx] Inactive players' data has been deleted
L 12/17/2021 - 18:04:04: -------- Mapchange to surf_utopia_noble --------
L 12/17/2021 - 18:04:05: [weapons.smx] Inactive players' data has been deleted
L 12/17/2021 - 18:30:20: -------- Mapchange to surf_utopia_noble --------
L 12/17/2021 - 18:30:21: [weapons.smx] Inactive players' data has been deleted
L 12/17/2021 - 19:37:17: -------- Mapchange to surf_utopia_noble --------
L 12/17/2021 - 19:37:18: [weapons.smx] Inactive players' data has been deleted
L 12/17/2021 - 20:23:26: -------- Mapchange to surf_utopia_noble --------
L 12/17/2021 - 20:23:27: [weapons.smx] Inactive players' data has been deleted
L 12/17/2021 - 20:29:21: -------- Mapchange to surf_utopia_noble --------
L 12/17/2021 - 20:29:23: [weapons.smx] Inactive players' data has been deleted
L 12/17/2021 - 20:38:46: -------- Mapchange to surf_utopia_noble --------
L 12/17/2021 - 20:38:48: [weapons.smx] Inactive players' data has been deleted
L 12/17/2021 - 21:53:18: -------- Mapchange to surf_utopia_noble --------
L 12/17/2021 - 21:53:19: [weapons.smx] Inactive players' data has been deleted
L 12/17/2021 - 22:33:25: -------- Mapchange to surf_utopia_noble --------
L 12/17/2021 - 22:33:26: [weapons.smx] Inactive players' data has been deleted
L 12/17/2021 - 23:01:06: -------- Mapchange to surf_utopia_noble --------
L 12/17/2021 - 23:01:07: [weapons.smx] Inactive players' data has been deleted
L 12/17/2021 - 23:47:22: -------- Mapchange to surf_utopia_noble --------
L 12/17/2021 - 23:47:23: [weapons.smx] Inactive players' data has been deleted
L 12/18/2021 - 00:24:53: Log file closed.
