L 01/11/2022 - 03:38:51: SourceMod log file session started (file "/home/steam/surf/csgo/addons/sourcemod/logs/L20220111.log") (Version "1.10.0.6528")
L 01/11/2022 - 03:38:51: -------- Mapchange to surf_utopia_noble --------
L 01/11/2022 - 03:38:52: [afk_manager4.smx] [AFK Manager] Log File: addons/sourcemod/logs/afkm_20220111.log
L 01/11/2022 - 03:38:52: [weapons.smx] Inactive players' data has been deleted
L 01/11/2022 - 04:01:14: -------- Mapchange to surf_utopia_noble --------
L 01/11/2022 - 04:01:15: [weapons.smx] Inactive players' data has been deleted
L 01/11/2022 - 04:53:15: -------- Mapchange to surf_utopia_noble --------
L 01/11/2022 - 04:53:16: [weapons.smx] Inactive players' data has been deleted
L 01/11/2022 - 10:14:40: -------- Mapchange to surf_utopia_noble --------
L 01/11/2022 - 10:14:41: [weapons.smx] Inactive players' data has been deleted
L 01/11/2022 - 11:16:12: -------- Mapchange to surf_utopia_noble --------
L 01/11/2022 - 11:16:13: [weapons.smx] Inactive players' data has been deleted
L 01/11/2022 - 12:09:04: -------- Mapchange to surf_utopia_noble --------
L 01/11/2022 - 12:09:06: [weapons.smx] Inactive players' data has been deleted
L 01/11/2022 - 13:32:49: -------- Mapchange to surf_utopia_noble --------
L 01/11/2022 - 13:32:50: [weapons.smx] Inactive players' data has been deleted
L 01/11/2022 - 14:32:57: -------- Mapchange to surf_utopia_noble --------
L 01/11/2022 - 14:32:58: [weapons.smx] Inactive players' data has been deleted
L 01/11/2022 - 14:54:50: -------- Mapchange to surf_utopia_noble --------
L 01/11/2022 - 14:54:51: [weapons.smx] Inactive players' data has been deleted
L 01/11/2022 - 14:56:55: -------- Mapchange to surf_utopia_noble --------
L 01/11/2022 - 14:56:57: [weapons.smx] Inactive players' data has been deleted
L 01/11/2022 - 15:09:10: -------- Mapchange to surf_utopia_noble --------
L 01/11/2022 - 15:09:11: [weapons.smx] Inactive players' data has been deleted
L 01/11/2022 - 15:33:16: -------- Mapchange to surf_utopia_noble --------
L 01/11/2022 - 15:33:18: [weapons.smx] Inactive players' data has been deleted
L 01/11/2022 - 16:07:22: -------- Mapchange to surf_utopia_noble --------
L 01/11/2022 - 16:07:23: [weapons.smx] Inactive players' data has been deleted
L 01/11/2022 - 16:08:14: -------- Mapchange to surf_utopia_noble --------
L 01/11/2022 - 16:08:15: [weapons.smx] Inactive players' data has been deleted
L 01/11/2022 - 16:08:44: -------- Mapchange to surf_utopia_noble --------
L 01/11/2022 - 16:08:45: [weapons.smx] Inactive players' data has been deleted
L 01/11/2022 - 16:24:15: -------- Mapchange to surf_utopia_noble --------
L 01/11/2022 - 16:24:17: [weapons.smx] Inactive players' data has been deleted
L 01/11/2022 - 18:06:29: -------- Mapchange to surf_utopia_noble --------
L 01/11/2022 - 18:06:30: [weapons.smx] Inactive players' data has been deleted
L 01/11/2022 - 18:21:40: -------- Mapchange to surf_utopia_noble --------
L 01/11/2022 - 18:21:41: [weapons.smx] Inactive players' data has been deleted
L 01/11/2022 - 18:32:09: -------- Mapchange to surf_utopia_noble --------
L 01/11/2022 - 18:32:11: [weapons.smx] Inactive players' data has been deleted
L 01/11/2022 - 20:01:26: -------- Mapchange to surf_utopia_noble --------
L 01/11/2022 - 20:01:27: [weapons.smx] Inactive players' data has been deleted
L 01/11/2022 - 20:16:00: -------- Mapchange to surf_utopia_noble --------
L 01/11/2022 - 20:16:01: [weapons.smx] Inactive players' data has been deleted
L 01/11/2022 - 20:19:39: -------- Mapchange to surf_utopia_noble --------
L 01/11/2022 - 20:19:40: [weapons.smx] Inactive players' data has been deleted
L 01/11/2022 - 21:06:41: -------- Mapchange to surf_utopia_noble --------
L 01/11/2022 - 21:06:42: [weapons.smx] Inactive players' data has been deleted
L 01/11/2022 - 21:35:23: -------- Mapchange to surf_utopia_noble --------
L 01/11/2022 - 21:35:24: [weapons.smx] Inactive players' data has been deleted
L 01/11/2022 - 21:40:44: -------- Mapchange to surf_utopia_noble --------
L 01/11/2022 - 21:40:46: [weapons.smx] Inactive players' data has been deleted
L 01/11/2022 - 22:17:10: -------- Mapchange to surf_utopia_noble --------
L 01/11/2022 - 22:17:11: [weapons.smx] Inactive players' data has been deleted
L 01/11/2022 - 22:28:40: -------- Mapchange to surf_utopia_noble --------
L 01/11/2022 - 22:28:41: [weapons.smx] Inactive players' data has been deleted
L 01/12/2022 - 00:38:05: Log file closed.
