L 01/12/2022 - 01:25:22: SourceMod log file session started (file "/home/steam/surf/csgo/addons/sourcemod/logs/L20220112.log") (Version "1.10.0.6528")
L 01/12/2022 - 01:25:22: -------- Mapchange to surf_utopia_noble --------
L 01/12/2022 - 01:25:23: [afk_manager4.smx] [AFK Manager] Log File: addons/sourcemod/logs/afkm_20220112.log
L 01/12/2022 - 01:25:23: [weapons.smx] Inactive players' data has been deleted
L 01/12/2022 - 01:39:33: -------- Mapchange to surf_utopia_noble --------
L 01/12/2022 - 01:39:34: [weapons.smx] Inactive players' data has been deleted
L 01/12/2022 - 04:52:08: -------- Mapchange to surf_utopia_noble --------
L 01/12/2022 - 04:52:09: [weapons.smx] Inactive players' data has been deleted
L 01/12/2022 - 06:35:52: -------- Mapchange to surf_utopia_noble --------
L 01/12/2022 - 06:35:53: [weapons.smx] Inactive players' data has been deleted
L 01/12/2022 - 07:23:53: -------- Mapchange to surf_utopia_noble --------
L 01/12/2022 - 07:23:54: [weapons.smx] Inactive players' data has been deleted
L 01/12/2022 - 10:21:07: -------- Mapchange to surf_utopia_noble --------
L 01/12/2022 - 10:21:08: [weapons.smx] Inactive players' data has been deleted
L 01/12/2022 - 12:06:41: -------- Mapchange to surf_utopia_noble --------
L 01/12/2022 - 12:06:42: [weapons.smx] Inactive players' data has been deleted
L 01/12/2022 - 14:33:47: -------- Mapchange to surf_utopia_noble --------
L 01/12/2022 - 14:33:49: [weapons.smx] Inactive players' data has been deleted
L 01/12/2022 - 14:52:13: -------- Mapchange to surf_utopia_noble --------
L 01/12/2022 - 14:52:14: [weapons.smx] Inactive players' data has been deleted
L 01/12/2022 - 16:38:50: -------- Mapchange to surf_utopia_noble --------
L 01/12/2022 - 16:38:51: [weapons.smx] Inactive players' data has been deleted
L 01/12/2022 - 18:22:22: -------- Mapchange to surf_utopia_noble --------
L 01/12/2022 - 18:22:23: [weapons.smx] Inactive players' data has been deleted
L 01/12/2022 - 18:59:31: -------- Mapchange to surf_utopia_noble --------
L 01/12/2022 - 18:59:32: [weapons.smx] Inactive players' data has been deleted
L 01/12/2022 - 19:07:43: -------- Mapchange to surf_utopia_noble --------
L 01/12/2022 - 19:07:44: [weapons.smx] Inactive players' data has been deleted
L 01/12/2022 - 19:42:41: -------- Mapchange to surf_utopia_noble --------
L 01/12/2022 - 19:42:42: [weapons.smx] Inactive players' data has been deleted
L 01/12/2022 - 19:56:36: -------- Mapchange to surf_utopia_noble --------
L 01/12/2022 - 19:56:37: [weapons.smx] Inactive players' data has been deleted
L 01/12/2022 - 20:42:24: -------- Mapchange to surf_utopia_noble --------
L 01/12/2022 - 20:42:25: [weapons.smx] Inactive players' data has been deleted
L 01/12/2022 - 20:50:34: -------- Mapchange to surf_utopia_noble --------
L 01/12/2022 - 20:50:35: [weapons.smx] Inactive players' data has been deleted
L 01/12/2022 - 21:37:06: -------- Mapchange to surf_utopia_noble --------
L 01/12/2022 - 21:37:07: [weapons.smx] Inactive players' data has been deleted
L 01/12/2022 - 21:59:40: -------- Mapchange to surf_utopia_noble --------
L 01/12/2022 - 21:59:41: [weapons.smx] Inactive players' data has been deleted
L 01/12/2022 - 22:03:52: -------- Mapchange to surf_utopia_noble --------
L 01/12/2022 - 22:03:53: [weapons.smx] Inactive players' data has been deleted
L 01/12/2022 - 23:50:29: -------- Mapchange to surf_utopia_noble --------
L 01/12/2022 - 23:50:30: [weapons.smx] Inactive players' data has been deleted
L 01/13/2022 - 01:42:37: Log file closed.
