L 01/08/2022 - 00:01:44: SourceMod log file session started (file "/home/steam/surf/csgo/addons/sourcemod/logs/L20220108.log") (Version "1.10.0.6528")
L 01/08/2022 - 00:01:44: [afk_manager4.smx] [AFK Manager] Log File: addons/sourcemod/logs/afkm_20220108.log
L 01/08/2022 - 00:01:45: [weapons.smx] Inactive players' data has been deleted
L 01/08/2022 - 00:14:09: -------- Mapchange to surf_utopia_noble --------
L 01/08/2022 - 00:14:10: [weapons.smx] Inactive players' data has been deleted
L 01/08/2022 - 00:37:39: -------- Mapchange to surf_utopia_noble --------
L 01/08/2022 - 00:37:40: [weapons.smx] Inactive players' data has been deleted
L 01/08/2022 - 01:20:24: -------- Mapchange to surf_utopia_noble --------
L 01/08/2022 - 01:20:26: [weapons.smx] Inactive players' data has been deleted
L 01/08/2022 - 02:04:28: -------- Mapchange to surf_utopia_noble --------
L 01/08/2022 - 02:04:29: [weapons.smx] Inactive players' data has been deleted
L 01/08/2022 - 02:13:15: -------- Mapchange to surf_utopia_noble --------
L 01/08/2022 - 02:13:16: [weapons.smx] Inactive players' data has been deleted
L 01/08/2022 - 02:26:33: -------- Mapchange to surf_utopia_noble --------
L 01/08/2022 - 02:26:34: [weapons.smx] Inactive players' data has been deleted
L 01/08/2022 - 02:31:24: -------- Mapchange to surf_utopia_noble --------
L 01/08/2022 - 02:31:25: [weapons.smx] Inactive players' data has been deleted
L 01/08/2022 - 02:32:34: -------- Mapchange to surf_utopia_noble --------
L 01/08/2022 - 02:32:35: [weapons.smx] Inactive players' data has been deleted
L 01/08/2022 - 02:38:58: -------- Mapchange to surf_utopia_noble --------
L 01/08/2022 - 02:38:59: [weapons.smx] Inactive players' data has been deleted
L 01/08/2022 - 03:21:47: -------- Mapchange to surf_utopia_noble --------
L 01/08/2022 - 03:21:49: [weapons.smx] Inactive players' data has been deleted
L 01/08/2022 - 04:01:52: -------- Mapchange to surf_utopia_noble --------
L 01/08/2022 - 04:01:53: [weapons.smx] Inactive players' data has been deleted
L 01/08/2022 - 04:17:31: -------- Mapchange to surf_utopia_noble --------
L 01/08/2022 - 04:17:32: [weapons.smx] Inactive players' data has been deleted
L 01/08/2022 - 04:45:43: -------- Mapchange to surf_utopia_noble --------
L 01/08/2022 - 04:45:45: [weapons.smx] Inactive players' data has been deleted
L 01/08/2022 - 05:06:23: -------- Mapchange to surf_utopia_noble --------
L 01/08/2022 - 05:06:24: [weapons.smx] Inactive players' data has been deleted
L 01/08/2022 - 05:53:12: -------- Mapchange to surf_utopia_noble --------
L 01/08/2022 - 05:53:13: [weapons.smx] Inactive players' data has been deleted
L 01/08/2022 - 06:56:15: -------- Mapchange to surf_utopia_noble --------
L 01/08/2022 - 06:56:16: [weapons.smx] Inactive players' data has been deleted
L 01/08/2022 - 07:37:24: -------- Mapchange to surf_utopia_noble --------
L 01/08/2022 - 07:37:26: [weapons.smx] Inactive players' data has been deleted
L 01/08/2022 - 09:16:14: -------- Mapchange to surf_utopia_noble --------
L 01/08/2022 - 09:16:15: [weapons.smx] Inactive players' data has been deleted
L 01/08/2022 - 09:28:54: -------- Mapchange to surf_utopia_noble --------
L 01/08/2022 - 09:28:55: [weapons.smx] Inactive players' data has been deleted
L 01/08/2022 - 11:20:21: -------- Mapchange to surf_utopia_noble --------
L 01/08/2022 - 11:20:22: [weapons.smx] Inactive players' data has been deleted
L 01/08/2022 - 12:39:45: -------- Mapchange to surf_utopia_noble --------
L 01/08/2022 - 12:39:46: [weapons.smx] Inactive players' data has been deleted
L 01/08/2022 - 13:33:49: -------- Mapchange to surf_utopia_noble --------
L 01/08/2022 - 13:33:51: [weapons.smx] Inactive players' data has been deleted
L 01/08/2022 - 14:00:53: -------- Mapchange to surf_utopia_noble --------
L 01/08/2022 - 14:00:54: [weapons.smx] Inactive players' data has been deleted
L 01/08/2022 - 15:00:42: -------- Mapchange to surf_utopia_noble --------
L 01/08/2022 - 15:00:43: [weapons.smx] Inactive players' data has been deleted
L 01/08/2022 - 15:22:59: -------- Mapchange to surf_utopia_noble --------
L 01/08/2022 - 15:23:00: [weapons.smx] Inactive players' data has been deleted
L 01/08/2022 - 15:27:17: -------- Mapchange to surf_utopia_noble --------
L 01/08/2022 - 15:27:18: [weapons.smx] Inactive players' data has been deleted
L 01/08/2022 - 15:36:43: -------- Mapchange to surf_utopia_noble --------
L 01/08/2022 - 15:36:44: [weapons.smx] Inactive players' data has been deleted
L 01/08/2022 - 15:52:56: -------- Mapchange to surf_utopia_noble --------
L 01/08/2022 - 15:52:57: [weapons.smx] Inactive players' data has been deleted
L 01/08/2022 - 16:05:11: -------- Mapchange to surf_utopia_noble --------
L 01/08/2022 - 16:05:12: [weapons.smx] Inactive players' data has been deleted
L 01/08/2022 - 16:14:51: -------- Mapchange to surf_utopia_noble --------
L 01/08/2022 - 16:14:52: [weapons.smx] Inactive players' data has been deleted
L 01/08/2022 - 16:16:38: -------- Mapchange to surf_utopia_noble --------
L 01/08/2022 - 16:16:39: [weapons.smx] Inactive players' data has been deleted
L 01/08/2022 - 16:23:57: -------- Mapchange to surf_utopia_noble --------
L 01/08/2022 - 16:23:58: [weapons.smx] Inactive players' data has been deleted
L 01/08/2022 - 16:57:37: -------- Mapchange to surf_utopia_noble --------
L 01/08/2022 - 16:57:38: [weapons.smx] Inactive players' data has been deleted
L 01/08/2022 - 17:21:08: -------- Mapchange to surf_utopia_noble --------
L 01/08/2022 - 17:21:09: [weapons.smx] Inactive players' data has been deleted
L 01/08/2022 - 17:47:27: -------- Mapchange to surf_utopia_noble --------
L 01/08/2022 - 17:47:28: [weapons.smx] Inactive players' data has been deleted
L 01/08/2022 - 17:53:10: -------- Mapchange to surf_utopia_noble --------
L 01/08/2022 - 17:53:11: [weapons.smx] Inactive players' data has been deleted
L 01/08/2022 - 18:05:59: -------- Mapchange to surf_utopia_noble --------
L 01/08/2022 - 18:06:00: [weapons.smx] Inactive players' data has been deleted
L 01/08/2022 - 18:31:31: -------- Mapchange to surf_utopia_noble --------
L 01/08/2022 - 18:31:33: [weapons.smx] Inactive players' data has been deleted
L 01/08/2022 - 18:37:49: -------- Mapchange to surf_utopia_noble --------
L 01/08/2022 - 18:37:50: [weapons.smx] Inactive players' data has been deleted
L 01/08/2022 - 18:58:05: -------- Mapchange to surf_utopia_noble --------
L 01/08/2022 - 18:58:06: [weapons.smx] Inactive players' data has been deleted
L 01/08/2022 - 19:07:16: -------- Mapchange to surf_utopia_noble --------
L 01/08/2022 - 19:07:17: [weapons.smx] Inactive players' data has been deleted
L 01/08/2022 - 19:18:37: -------- Mapchange to surf_utopia_noble --------
L 01/08/2022 - 19:18:38: [weapons.smx] Inactive players' data has been deleted
L 01/08/2022 - 19:46:30: -------- Mapchange to surf_utopia_noble --------
L 01/08/2022 - 19:46:31: [weapons.smx] Inactive players' data has been deleted
L 01/08/2022 - 19:51:55: -------- Mapchange to surf_utopia_noble --------
L 01/08/2022 - 19:51:56: [weapons.smx] Inactive players' data has been deleted
L 01/08/2022 - 19:57:38: -------- Mapchange to surf_utopia_noble --------
L 01/08/2022 - 19:57:39: [weapons.smx] Inactive players' data has been deleted
L 01/08/2022 - 20:26:22: -------- Mapchange to surf_utopia_noble --------
L 01/08/2022 - 20:26:24: [weapons.smx] Inactive players' data has been deleted
L 01/08/2022 - 21:04:35: -------- Mapchange to surf_utopia_noble --------
L 01/08/2022 - 21:04:36: [weapons.smx] Inactive players' data has been deleted
L 01/08/2022 - 22:25:05: -------- Mapchange to surf_utopia_noble --------
L 01/08/2022 - 22:25:06: [weapons.smx] Inactive players' data has been deleted
L 01/09/2022 - 00:56:16: Log file closed.
