L 12/22/2021 - 00:34:23: SourceMod log file session started (file "/home/steam/surf/csgo/addons/sourcemod/logs/L20211222.log") (Version "1.10.0.6528")
L 12/22/2021 - 00:34:23: [afk_manager4.smx] [AFK Manager] Log File: addons/sourcemod/logs/afkm_20211222.log
L 12/22/2021 - 00:34:23: [weapons.smx] Inactive players' data has been deleted
L 12/22/2021 - 00:45:15: -------- Mapchange to surf_utopia_noble --------
L 12/22/2021 - 00:45:17: [weapons.smx] Inactive players' data has been deleted
L 12/22/2021 - 01:45:45: -------- Mapchange to surf_utopia_noble --------
L 12/22/2021 - 01:45:46: [weapons.smx] Inactive players' data has been deleted
L 12/22/2021 - 03:54:05: -------- Mapchange to surf_utopia_noble --------
L 12/22/2021 - 03:54:06: [weapons.smx] Inactive players' data has been deleted
L 12/22/2021 - 04:30:39: -------- Mapchange to surf_utopia_noble --------
L 12/22/2021 - 04:30:40: [weapons.smx] Inactive players' data has been deleted
L 12/22/2021 - 04:33:56: -------- Mapchange to surf_utopia_noble --------
L 12/22/2021 - 04:33:58: [weapons.smx] Inactive players' data has been deleted
L 12/22/2021 - 06:53:29: -------- Mapchange to surf_utopia_noble --------
L 12/22/2021 - 06:53:31: [weapons.smx] Inactive players' data has been deleted
L 12/22/2021 - 07:21:39: -------- Mapchange to surf_utopia_noble --------
L 12/22/2021 - 07:21:40: [weapons.smx] Inactive players' data has been deleted
L 12/22/2021 - 11:32:03: -------- Mapchange to surf_utopia_noble --------
L 12/22/2021 - 11:32:04: [weapons.smx] Inactive players' data has been deleted
L 12/22/2021 - 11:42:40: -------- Mapchange to surf_utopia_noble --------
L 12/22/2021 - 11:42:42: [weapons.smx] Inactive players' data has been deleted
L 12/22/2021 - 12:34:11: -------- Mapchange to surf_utopia_noble --------
L 12/22/2021 - 12:34:12: [weapons.smx] Inactive players' data has been deleted
L 12/22/2021 - 12:35:50: -------- Mapchange to surf_utopia_noble --------
L 12/22/2021 - 12:35:51: [weapons.smx] Inactive players' data has been deleted
L 12/22/2021 - 12:51:33: -------- Mapchange to surf_utopia_noble --------
L 12/22/2021 - 12:51:35: [weapons.smx] Inactive players' data has been deleted
L 12/22/2021 - 13:44:14: -------- Mapchange to surf_utopia_noble --------
L 12/22/2021 - 13:44:15: [weapons.smx] Inactive players' data has been deleted
L 12/22/2021 - 13:54:29: -------- Mapchange to surf_utopia_noble --------
L 12/22/2021 - 13:54:30: [weapons.smx] Inactive players' data has been deleted
L 12/22/2021 - 15:07:34: -------- Mapchange to surf_utopia_noble --------
L 12/22/2021 - 15:07:35: [weapons.smx] Inactive players' data has been deleted
L 12/22/2021 - 15:11:15: -------- Mapchange to surf_utopia_noble --------
L 12/22/2021 - 15:11:16: [weapons.smx] Inactive players' data has been deleted
L 12/22/2021 - 15:36:52: -------- Mapchange to surf_utopia_noble --------
L 12/22/2021 - 15:36:53: [weapons.smx] Inactive players' data has been deleted
L 12/22/2021 - 15:46:05: -------- Mapchange to surf_utopia_noble --------
L 12/22/2021 - 15:46:06: [weapons.smx] Inactive players' data has been deleted
L 12/22/2021 - 16:30:54: -------- Mapchange to surf_utopia_noble --------
L 12/22/2021 - 16:30:55: [weapons.smx] Inactive players' data has been deleted
L 12/22/2021 - 17:03:28: -------- Mapchange to surf_utopia_noble --------
L 12/22/2021 - 17:03:29: [weapons.smx] Inactive players' data has been deleted
L 12/22/2021 - 17:05:06: -------- Mapchange to surf_utopia_noble --------
L 12/22/2021 - 17:05:07: [weapons.smx] Inactive players' data has been deleted
L 12/22/2021 - 17:55:25: -------- Mapchange to surf_utopia_noble --------
L 12/22/2021 - 17:55:26: [weapons.smx] Inactive players' data has been deleted
L 12/22/2021 - 19:51:03: -------- Mapchange to surf_utopia_noble --------
L 12/22/2021 - 19:51:04: [weapons.smx] Inactive players' data has been deleted
L 12/22/2021 - 21:55:16: -------- Mapchange to surf_utopia_noble --------
L 12/22/2021 - 21:55:17: [weapons.smx] Inactive players' data has been deleted
L 12/22/2021 - 22:55:01: -------- Mapchange to surf_utopia_noble --------
L 12/22/2021 - 22:55:02: [weapons.smx] Inactive players' data has been deleted
L 12/22/2021 - 22:57:50: -------- Mapchange to surf_utopia_noble --------
L 12/22/2021 - 22:57:51: [weapons.smx] Inactive players' data has been deleted
L 12/22/2021 - 23:11:40: -------- Mapchange to surf_utopia_noble --------
L 12/22/2021 - 23:11:41: [weapons.smx] Inactive players' data has been deleted
L 12/23/2021 - 00:46:03: Log file closed.
