L 12/26/2021 - 00:22:58: SourceMod log file session started (file "/home/steam/surf/csgo/addons/sourcemod/logs/L20211226.log") (Version "1.10.0.6528")
L 12/26/2021 - 00:22:58: [afk_manager4.smx] [AFK Manager] Log File: addons/sourcemod/logs/afkm_20211226.log
L 12/26/2021 - 00:22:58: [weapons.smx] Inactive players' data has been deleted
L 12/26/2021 - 01:12:33: -------- Mapchange to surf_utopia_noble --------
L 12/26/2021 - 01:12:34: [weapons.smx] Inactive players' data has been deleted
L 12/26/2021 - 01:35:04: -------- Mapchange to surf_utopia_noble --------
L 12/26/2021 - 01:35:05: [weapons.smx] Inactive players' data has been deleted
L 12/26/2021 - 01:45:36: -------- Mapchange to surf_utopia_noble --------
L 12/26/2021 - 01:45:37: [weapons.smx] Inactive players' data has been deleted
L 12/26/2021 - 02:44:09: -------- Mapchange to surf_utopia_noble --------
L 12/26/2021 - 02:44:10: [weapons.smx] Inactive players' data has been deleted
L 12/26/2021 - 02:57:29: -------- Mapchange to surf_utopia_noble --------
L 12/26/2021 - 02:57:31: [weapons.smx] Inactive players' data has been deleted
L 12/26/2021 - 04:24:46: -------- Mapchange to surf_utopia_noble --------
L 12/26/2021 - 04:24:47: [weapons.smx] Inactive players' data has been deleted
L 12/26/2021 - 04:59:47: -------- Mapchange to surf_utopia_noble --------
L 12/26/2021 - 04:59:48: [weapons.smx] Inactive players' data has been deleted
L 12/26/2021 - 05:36:55: -------- Mapchange to surf_utopia_noble --------
L 12/26/2021 - 05:36:56: [weapons.smx] Inactive players' data has been deleted
L 12/26/2021 - 06:35:38: -------- Mapchange to surf_utopia_noble --------
L 12/26/2021 - 06:35:39: [weapons.smx] Inactive players' data has been deleted
L 12/26/2021 - 07:45:29: -------- Mapchange to surf_utopia_noble --------
L 12/26/2021 - 07:45:30: [weapons.smx] Inactive players' data has been deleted
L 12/26/2021 - 08:10:48: -------- Mapchange to surf_utopia_noble --------
L 12/26/2021 - 08:10:49: [weapons.smx] Inactive players' data has been deleted
L 12/26/2021 - 08:43:59: -------- Mapchange to surf_utopia_noble --------
L 12/26/2021 - 08:44:00: [weapons.smx] Inactive players' data has been deleted
L 12/26/2021 - 13:17:09: -------- Mapchange to surf_utopia_noble --------
L 12/26/2021 - 13:17:10: [weapons.smx] Inactive players' data has been deleted
L 12/26/2021 - 13:37:22: -------- Mapchange to surf_utopia_noble --------
L 12/26/2021 - 13:37:23: [weapons.smx] Inactive players' data has been deleted
L 12/26/2021 - 13:37:54: -------- Mapchange to surf_utopia_noble --------
L 12/26/2021 - 13:37:56: [weapons.smx] Inactive players' data has been deleted
L 12/26/2021 - 13:51:05: -------- Mapchange to surf_utopia_noble --------
L 12/26/2021 - 13:51:06: [weapons.smx] Inactive players' data has been deleted
L 12/26/2021 - 14:25:25: -------- Mapchange to surf_utopia_noble --------
L 12/26/2021 - 14:25:26: [weapons.smx] Inactive players' data has been deleted
L 12/26/2021 - 14:44:50: -------- Mapchange to surf_utopia_noble --------
L 12/26/2021 - 14:44:51: [weapons.smx] Inactive players' data has been deleted
L 12/26/2021 - 15:19:13: -------- Mapchange to surf_utopia_noble --------
L 12/26/2021 - 15:19:14: [weapons.smx] Inactive players' data has been deleted
L 12/26/2021 - 16:47:07: -------- Mapchange to surf_utopia_noble --------
L 12/26/2021 - 16:47:09: [weapons.smx] Inactive players' data has been deleted
L 12/26/2021 - 18:30:39: -------- Mapchange to surf_utopia_noble --------
L 12/26/2021 - 18:30:40: [weapons.smx] Inactive players' data has been deleted
L 12/26/2021 - 18:50:11: -------- Mapchange to surf_utopia_noble --------
L 12/26/2021 - 18:50:12: [weapons.smx] Inactive players' data has been deleted
L 12/26/2021 - 19:05:15: -------- Mapchange to surf_utopia_noble --------
L 12/26/2021 - 19:05:16: [weapons.smx] Inactive players' data has been deleted
L 12/26/2021 - 22:12:14: -------- Mapchange to surf_utopia_noble --------
L 12/26/2021 - 22:12:15: [weapons.smx] Inactive players' data has been deleted
L 12/26/2021 - 22:40:37: -------- Mapchange to surf_utopia_noble --------
L 12/26/2021 - 22:40:38: [weapons.smx] Inactive players' data has been deleted
L 12/26/2021 - 23:01:48: -------- Mapchange to surf_utopia_noble --------
L 12/26/2021 - 23:01:49: [weapons.smx] Inactive players' data has been deleted
L 12/26/2021 - 23:22:04: -------- Mapchange to surf_utopia_noble --------
L 12/26/2021 - 23:22:06: [weapons.smx] Inactive players' data has been deleted
L 12/26/2021 - 23:24:56: -------- Mapchange to surf_utopia_noble --------
L 12/26/2021 - 23:24:57: [weapons.smx] Inactive players' data has been deleted
L 12/27/2021 - 00:06:36: Log file closed.
