L 12/31/2021 - 03:12:20: SourceMod log file session started (file "/home/steam/surf/csgo/addons/sourcemod/logs/L20211231.log") (Version "1.10.0.6528")
L 12/31/2021 - 03:12:20: -------- Mapchange to surf_utopia_noble --------
L 12/31/2021 - 03:12:21: [afk_manager4.smx] [AFK Manager] Log File: addons/sourcemod/logs/afkm_20211231.log
L 12/31/2021 - 03:12:21: [weapons.smx] Inactive players' data has been deleted
L 12/31/2021 - 04:08:07: -------- Mapchange to surf_utopia_noble --------
L 12/31/2021 - 04:08:08: [weapons.smx] Inactive players' data has been deleted
L 12/31/2021 - 05:37:16: -------- Mapchange to surf_utopia_noble --------
L 12/31/2021 - 05:37:17: [weapons.smx] Inactive players' data has been deleted
L 12/31/2021 - 05:52:27: -------- Mapchange to surf_utopia_noble --------
L 12/31/2021 - 05:52:28: [weapons.smx] Inactive players' data has been deleted
L 12/31/2021 - 06:23:23: -------- Mapchange to surf_utopia_noble --------
L 12/31/2021 - 06:23:24: [weapons.smx] Inactive players' data has been deleted
L 12/31/2021 - 07:23:09: -------- Mapchange to surf_utopia_noble --------
L 12/31/2021 - 07:23:10: [weapons.smx] Inactive players' data has been deleted
L 12/31/2021 - 09:50:49: -------- Mapchange to surf_utopia_noble --------
L 12/31/2021 - 09:50:51: [weapons.smx] Inactive players' data has been deleted
L 12/31/2021 - 09:53:14: -------- Mapchange to surf_utopia_noble --------
L 12/31/2021 - 09:53:15: [weapons.smx] Inactive players' data has been deleted
L 12/31/2021 - 11:03:55: -------- Mapchange to surf_utopia_noble --------
L 12/31/2021 - 11:03:57: [weapons.smx] Inactive players' data has been deleted
L 12/31/2021 - 11:16:33: -------- Mapchange to surf_utopia_noble --------
L 12/31/2021 - 11:16:34: [weapons.smx] Inactive players' data has been deleted
L 12/31/2021 - 11:19:31: -------- Mapchange to surf_utopia_noble --------
L 12/31/2021 - 11:19:32: [weapons.smx] Inactive players' data has been deleted
L 12/31/2021 - 12:02:58: -------- Mapchange to surf_utopia_noble --------
L 12/31/2021 - 12:02:59: [weapons.smx] Inactive players' data has been deleted
L 12/31/2021 - 12:05:21: -------- Mapchange to surf_utopia_noble --------
L 12/31/2021 - 12:05:23: [weapons.smx] Inactive players' data has been deleted
L 12/31/2021 - 12:37:36: -------- Mapchange to surf_utopia_noble --------
L 12/31/2021 - 12:37:37: [weapons.smx] Inactive players' data has been deleted
L 12/31/2021 - 13:44:19: -------- Mapchange to surf_utopia_noble --------
L 12/31/2021 - 13:44:20: [weapons.smx] Inactive players' data has been deleted
L 12/31/2021 - 15:30:42: -------- Mapchange to surf_utopia_noble --------
L 12/31/2021 - 15:30:43: [weapons.smx] Inactive players' data has been deleted
L 12/31/2021 - 16:33:12: -------- Mapchange to surf_utopia_noble --------
L 12/31/2021 - 16:33:14: [weapons.smx] Inactive players' data has been deleted
L 12/31/2021 - 16:35:25: -------- Mapchange to surf_utopia_noble --------
L 12/31/2021 - 16:35:26: [weapons.smx] Inactive players' data has been deleted
L 12/31/2021 - 17:10:20: -------- Mapchange to surf_utopia_noble --------
L 12/31/2021 - 17:10:21: [weapons.smx] Inactive players' data has been deleted
L 12/31/2021 - 17:45:09: -------- Mapchange to surf_utopia_noble --------
L 12/31/2021 - 17:45:11: [weapons.smx] Inactive players' data has been deleted
L 12/31/2021 - 18:43:24: -------- Mapchange to surf_utopia_noble --------
L 12/31/2021 - 18:43:25: [weapons.smx] Inactive players' data has been deleted
L 12/31/2021 - 18:49:36: -------- Mapchange to surf_utopia_noble --------
L 12/31/2021 - 18:49:37: [weapons.smx] Inactive players' data has been deleted
L 12/31/2021 - 19:13:34: -------- Mapchange to surf_utopia_noble --------
L 12/31/2021 - 19:13:35: [weapons.smx] Inactive players' data has been deleted
L 12/31/2021 - 19:30:54: -------- Mapchange to surf_utopia_noble --------
L 12/31/2021 - 19:30:55: [weapons.smx] Inactive players' data has been deleted
L 12/31/2021 - 19:32:18: -------- Mapchange to surf_utopia_noble --------
L 12/31/2021 - 19:32:19: [weapons.smx] Inactive players' data has been deleted
L 12/31/2021 - 19:49:15: -------- Mapchange to surf_utopia_noble --------
L 12/31/2021 - 19:49:16: [weapons.smx] Inactive players' data has been deleted
L 12/31/2021 - 20:02:22: -------- Mapchange to surf_utopia_noble --------
L 12/31/2021 - 20:02:24: [weapons.smx] Inactive players' data has been deleted
L 12/31/2021 - 20:21:38: -------- Mapchange to surf_utopia_noble --------
L 12/31/2021 - 20:21:39: [weapons.smx] Inactive players' data has been deleted
L 12/31/2021 - 21:27:22: -------- Mapchange to surf_utopia_noble --------
L 12/31/2021 - 21:27:23: [weapons.smx] Inactive players' data has been deleted
L 12/31/2021 - 21:56:31: -------- Mapchange to surf_utopia_noble --------
L 12/31/2021 - 21:56:32: [weapons.smx] Inactive players' data has been deleted
L 12/31/2021 - 22:20:05: -------- Mapchange to surf_utopia_noble --------
L 12/31/2021 - 22:20:07: [weapons.smx] Inactive players' data has been deleted
L 12/31/2021 - 22:43:11: -------- Mapchange to surf_utopia_noble --------
L 12/31/2021 - 22:43:13: [weapons.smx] Inactive players' data has been deleted
L 12/31/2021 - 22:58:33: -------- Mapchange to surf_utopia_noble --------
L 12/31/2021 - 22:58:34: [weapons.smx] Inactive players' data has been deleted
L 12/31/2021 - 23:28:18: -------- Mapchange to surf_utopia_noble --------
L 12/31/2021 - 23:28:19: [weapons.smx] Inactive players' data has been deleted
L 01/01/2022 - 00:10:51: Log file closed.
