L 03/14/2021 - 18:06:33: [afk_manager4.smx] Player count for AFK Move minimum has been reached, feature is now enabled: sm_afk_move_min_players = 4 Current Players = 4
L 03/14/2021 - 18:17:08: [afk_manager4.smx] Player count for AFK Kick minimum has been reached, feature is now enabled: sm_afk_kick_min_players = 6 Current Players = 6
L 03/14/2021 - 18:18:38: [afk_manager4.smx] Player count for AFK Move minimum is below requirements, feature is now disabled: sm_afk_move_min_players = 4 Current Players = 1
L 03/14/2021 - 18:18:38: [afk_manager4.smx] Player count for AFK Kick minimum is below requirements, feature is now disabled: sm_afk_kick_min_players = 6 Current Players = 1
L 03/14/2021 - 18:18:42: [afk_manager4.smx] Player count for AFK Move minimum has been reached, feature is now enabled: sm_afk_move_min_players = 4 Current Players = 4
L 03/14/2021 - 18:18:52: [afk_manager4.smx] Player count for AFK Kick minimum has been reached, feature is now enabled: sm_afk_kick_min_players = 6 Current Players = 6
L 03/14/2021 - 18:31:36: [afk_manager4.smx] Player count for AFK Move minimum is below requirements, feature is now disabled: sm_afk_move_min_players = 4 Current Players = 1
L 03/14/2021 - 18:31:36: [afk_manager4.smx] Player count for AFK Kick minimum is below requirements, feature is now disabled: sm_afk_kick_min_players = 6 Current Players = 1
L 03/14/2021 - 18:31:36: [afk_manager4.smx] Player count for AFK Move minimum has been reached, feature is now enabled: sm_afk_move_min_players = 4 Current Players = 4
L 03/14/2021 - 18:31:38: [afk_manager4.smx] Player count for AFK Kick minimum has been reached, feature is now enabled: sm_afk_kick_min_players = 6 Current Players = 6
L 03/14/2021 - 18:44:36: [afk_manager4.smx] Player count for AFK Move minimum is below requirements, feature is now disabled: sm_afk_move_min_players = 4 Current Players = 1
L 03/14/2021 - 18:44:36: [afk_manager4.smx] Player count for AFK Kick minimum is below requirements, feature is now disabled: sm_afk_kick_min_players = 6 Current Players = 1
L 03/14/2021 - 18:44:40: [afk_manager4.smx] Player count for AFK Move minimum has been reached, feature is now enabled: sm_afk_move_min_players = 4 Current Players = 4
L 03/14/2021 - 18:45:04: [afk_manager4.smx] Player count for AFK Kick minimum has been reached, feature is now enabled: sm_afk_kick_min_players = 6 Current Players = 6
L 03/14/2021 - 18:48:01: [afk_manager4.smx] $leep<37><STEAM_1:1:549810993><> was kicked for being AFK too long.
L 03/14/2021 - 18:52:10: [afk_manager4.smx] Diegogou<40><STEAM_1:0:559888603><> was moved to spectate for being AFK too long.
L 03/14/2021 - 18:58:03: [afk_manager4.smx] Player count for AFK Move minimum is below requirements, feature is now disabled: sm_afk_move_min_players = 4 Current Players = 0
L 03/14/2021 - 18:58:03: [afk_manager4.smx] Player count for AFK Kick minimum is below requirements, feature is now disabled: sm_afk_kick_min_players = 6 Current Players = 0
L 03/14/2021 - 18:58:16: [afk_manager4.smx] Player count for AFK Move minimum has been reached, feature is now enabled: sm_afk_move_min_players = 4 Current Players = 4
L 03/14/2021 - 19:00:02: [afk_manager4.smx] Player count for AFK Move minimum is below requirements, feature is now disabled: sm_afk_move_min_players = 4 Current Players = 3
L 03/14/2021 - 20:26:50: [afk_manager4.smx] Player count for AFK Move minimum has been reached, feature is now enabled: sm_afk_move_min_players = 4 Current Players = 4
L 03/14/2021 - 20:30:00: [afk_manager4.smx] smelly_diaper123<51><STEAM_1:0:595466183><> was moved to spectate for being AFK too long.
L 03/14/2021 - 20:30:37: [afk_manager4.smx] Player count for AFK Move minimum is below requirements, feature is now disabled: sm_afk_move_min_players = 4 Current Players = 3
