L 03/16/2021 - 05:18:04: [afk_manager4.smx] Player count for AFK Move minimum has been reached, feature is now enabled: sm_afk_move_min_players = 4 Current Players = 4
L 03/16/2021 - 05:28:08: [afk_manager4.smx] Player count for AFK Move minimum is below requirements, feature is now disabled: sm_afk_move_min_players = 4 Current Players = 1
L 03/16/2021 - 05:28:55: [afk_manager4.smx] Player count for AFK Move minimum has been reached, feature is now enabled: sm_afk_move_min_players = 4 Current Players = 4
L 03/16/2021 - 05:32:32: [afk_manager4.smx] Player count for AFK Kick minimum has been reached, feature is now enabled: sm_afk_kick_min_players = 6 Current Players = 6
L 03/16/2021 - 05:40:36: [afk_manager4.smx] Player count for AFK Kick minimum is below requirements, feature is now disabled: sm_afk_kick_min_players = 6 Current Players = 5
L 03/16/2021 - 05:41:05: [afk_manager4.smx] Player count for AFK Move minimum is below requirements, feature is now disabled: sm_afk_move_min_players = 4 Current Players = 1
L 03/16/2021 - 18:47:18: [afk_manager4.smx] Player count for AFK Move minimum has been reached, feature is now enabled: sm_afk_move_min_players = 4 Current Players = 4
L 03/16/2021 - 18:54:54: [afk_manager4.smx] Player count for AFK Move minimum is below requirements, feature is now disabled: sm_afk_move_min_players = 4 Current Players = 3
L 03/16/2021 - 19:10:32: [afk_manager4.smx] Player count for AFK Move minimum has been reached, feature is now enabled: sm_afk_move_min_players = 4 Current Players = 4
L 03/16/2021 - 19:11:50: [afk_manager4.smx] tyrone<50><STEAM_1:0:443232462><> was moved to spectate for being AFK too long.
L 03/16/2021 - 19:13:04: [afk_manager4.smx] Player count for AFK Move minimum is below requirements, feature is now disabled: sm_afk_move_min_players = 4 Current Players = 1
L 03/16/2021 - 19:13:33: [afk_manager4.smx] Player count for AFK Move minimum has been reached, feature is now enabled: sm_afk_move_min_players = 4 Current Players = 4
L 03/16/2021 - 19:17:00: [afk_manager4.smx] Player count for AFK Kick minimum has been reached, feature is now enabled: sm_afk_kick_min_players = 6 Current Players = 6
L 03/16/2021 - 19:17:58: [afk_manager4.smx] tyrone<50><STEAM_1:0:443232462><> was kicked for being AFK too long.
L 03/16/2021 - 19:20:23: [afk_manager4.smx] Player count for AFK Kick minimum is below requirements, feature is now disabled: sm_afk_kick_min_players = 6 Current Players = 5
L 03/16/2021 - 19:20:50: [afk_manager4.smx] Player count for AFK Move minimum is below requirements, feature is now disabled: sm_afk_move_min_players = 4 Current Players = 1
L 03/16/2021 - 19:21:08: [afk_manager4.smx] Player count for AFK Move minimum has been reached, feature is now enabled: sm_afk_move_min_players = 4 Current Players = 4
L 03/16/2021 - 19:25:03: [afk_manager4.smx] Player count for AFK Kick minimum has been reached, feature is now enabled: sm_afk_kick_min_players = 6 Current Players = 6
L 03/16/2021 - 19:33:21: [afk_manager4.smx] Player count for AFK Kick minimum is below requirements, feature is now disabled: sm_afk_kick_min_players = 6 Current Players = 5
L 03/16/2021 - 19:33:41: [afk_manager4.smx] Player count for AFK Move minimum is below requirements, feature is now disabled: sm_afk_move_min_players = 4 Current Players = 1
