L 03/13/2021 - 00:33:24: SourceMod error session started
L 03/13/2021 - 00:33:24: Info (map "am_crashz_stonetiles20") (file "/home/steam/arena/csgo/addons/sourcemod/logs/errors_20210313.log")
L 03/13/2021 - 00:33:24: Failed to auto generate config for multi1v1.smx, make sure the directory has write permission.
L 03/13/2021 - 00:35:12: [SM] Exception reported: Array index out-of-bounds (index -1, limit 66)
L 03/13/2021 - 00:35:12: [SM] Blaming: multi1v1.smx
L 03/13/2021 - 00:35:12: [SM] Call stack trace:
L 03/13/2021 - 00:35:12: [SM]   [1] Line 864, multi1v1.sp::Event_OnPlayerDeath
L 03/13/2021 - 01:07:28: Error log file session closed.
L 03/13/2021 - 01:07:29: SourceMod error session started
L 03/13/2021 - 01:07:29: Info (map "am_crashz_stonetiles20") (file "/home/steam/arena/csgo/addons/sourcemod/logs/errors_20210313.log")
L 03/13/2021 - 01:07:29: Failed to auto generate config for multi1v1.smx, make sure the directory has write permission.
L 03/13/2021 - 01:08:03: [SM] Exception reported: Array index out-of-bounds (index -1, limit 66)
L 03/13/2021 - 01:08:03: [SM] Blaming: multi1v1.smx
L 03/13/2021 - 01:08:03: [SM] Call stack trace:
L 03/13/2021 - 01:08:03: [SM]   [1] Line 864, multi1v1.sp::Event_OnPlayerDeath
L 03/13/2021 - 02:10:22: Error log file session closed.
L 03/13/2021 - 02:10:23: SourceMod error session started
L 03/13/2021 - 02:10:23: Info (map "am_crashz_stonetiles20") (file "/home/steam/arena/csgo/addons/sourcemod/logs/errors_20210313.log")
L 03/13/2021 - 02:10:23: Failed to auto generate config for multi1v1.smx, make sure the directory has write permission.
L 03/13/2021 - 02:12:00: [SM] Exception reported: Array index out-of-bounds (index -1, limit 66)
L 03/13/2021 - 02:12:00: [SM] Blaming: multi1v1.smx
L 03/13/2021 - 02:12:00: [SM] Call stack trace:
L 03/13/2021 - 02:12:00: [SM]   [1] Line 864, multi1v1.sp::Event_OnPlayerDeath
L 03/13/2021 - 02:16:48: Error log file session closed.
L 03/13/2021 - 02:16:49: SourceMod error session started
L 03/13/2021 - 02:16:49: Info (map "am_crashz_stonetiles20") (file "/home/steam/arena/csgo/addons/sourcemod/logs/errors_20210313.log")
L 03/13/2021 - 02:16:49: Failed to auto generate config for multi1v1.smx, make sure the directory has write permission.
L 03/13/2021 - 02:24:51: Error log file session closed.
L 03/13/2021 - 02:24:52: SourceMod error session started
L 03/13/2021 - 02:24:52: Info (map "am_crashz_stonetiles20") (file "/home/steam/arena/csgo/addons/sourcemod/logs/errors_20210313.log")
L 03/13/2021 - 02:24:52: Failed to auto generate config for multi1v1.smx, make sure the directory has write permission.
L 03/13/2021 - 02:31:08: [SM] Exception reported: Array index out-of-bounds (index -1, limit 66)
L 03/13/2021 - 02:31:08: [SM] Blaming: multi1v1.smx
L 03/13/2021 - 02:31:08: [SM] Call stack trace:
L 03/13/2021 - 02:31:08: [SM]   [1] Line 864, multi1v1.sp::Event_OnPlayerDeath
L 03/13/2021 - 02:31:18: [SM] Exception reported: Array index out-of-bounds (index -1, limit 66)
L 03/13/2021 - 02:31:18: [SM] Blaming: multi1v1.smx
L 03/13/2021 - 02:31:18: [SM] Call stack trace:
L 03/13/2021 - 02:31:18: [SM]   [1] Line 864, multi1v1.sp::Event_OnPlayerDeath
L 03/13/2021 - 02:59:08: Error log file session closed.
L 03/13/2021 - 02:59:09: SourceMod error session started
L 03/13/2021 - 02:59:09: Info (map "am_crashz_stonetiles20") (file "/home/steam/arena/csgo/addons/sourcemod/logs/errors_20210313.log")
L 03/13/2021 - 02:59:09: Failed to auto generate config for multi1v1.smx, make sure the directory has write permission.
L 03/13/2021 - 03:02:58: [SM] Exception reported: Array index out-of-bounds (index -1, limit 66)
L 03/13/2021 - 03:02:58: [SM] Blaming: multi1v1.smx
L 03/13/2021 - 03:02:58: [SM] Call stack trace:
L 03/13/2021 - 03:02:58: [SM]   [1] Line 864, multi1v1.sp::Event_OnPlayerDeath
L 03/13/2021 - 03:04:13: Error log file session closed.
L 03/13/2021 - 03:04:13: SourceMod error session started
L 03/13/2021 - 03:04:13: Info (map "am_cubes") (file "/home/steam/arena/csgo/addons/sourcemod/logs/errors_20210313.log")
L 03/13/2021 - 03:04:13: Failed to auto generate config for multi1v1.smx, make sure the directory has write permission.
L 03/13/2021 - 03:08:40: Error log file session closed.
L 03/13/2021 - 03:08:41: SourceMod error session started
L 03/13/2021 - 03:08:41: Info (map "am_palace_32") (file "/home/steam/arena/csgo/addons/sourcemod/logs/errors_20210313.log")
L 03/13/2021 - 03:08:41: Failed to auto generate config for multi1v1.smx, make sure the directory has write permission.
L 03/13/2021 - 03:09:58: [SM] Exception reported: Array index out-of-bounds (index -1, limit 66)
L 03/13/2021 - 03:09:58: [SM] Blaming: multi1v1.smx
L 03/13/2021 - 03:09:58: [SM] Call stack trace:
L 03/13/2021 - 03:09:58: [SM]   [1] Line 864, multi1v1.sp::Event_OnPlayerDeath
L 03/13/2021 - 03:18:41: Error log file session closed.
L 03/13/2021 - 03:18:42: SourceMod error session started
L 03/13/2021 - 03:18:42: Info (map "am_palace_32") (file "/home/steam/arena/csgo/addons/sourcemod/logs/errors_20210313.log")
L 03/13/2021 - 03:18:42: Failed to auto generate config for multi1v1.smx, make sure the directory has write permission.
L 03/13/2021 - 03:19:54: [SM] Exception reported: Array index out-of-bounds (index -1, limit 66)
L 03/13/2021 - 03:19:54: [SM] Blaming: multi1v1.smx
L 03/13/2021 - 03:19:54: [SM] Call stack trace:
L 03/13/2021 - 03:19:54: [SM]   [1] Line 864, multi1v1.sp::Event_OnPlayerDeath
L 03/13/2021 - 03:48:35: Error log file session closed.
L 03/13/2021 - 03:48:36: SourceMod error session started
L 03/13/2021 - 03:48:36: Info (map "am_palace_32") (file "/home/steam/arena/csgo/addons/sourcemod/logs/errors_20210313.log")
L 03/13/2021 - 03:48:36: Failed to auto generate config for multi1v1.smx, make sure the directory has write permission.
L 03/13/2021 - 03:49:05: [SM] Exception reported: Array index out-of-bounds (index -1, limit 66)
L 03/13/2021 - 03:49:05: [SM] Blaming: multi1v1.smx
L 03/13/2021 - 03:49:05: [SM] Call stack trace:
L 03/13/2021 - 03:49:05: [SM]   [1] Line 864, multi1v1.sp::Event_OnPlayerDeath
L 03/13/2021 - 05:17:18: Error log file session closed.
L 03/13/2021 - 05:17:19: SourceMod error session started
L 03/13/2021 - 05:17:19: Info (map "am_palace_32") (file "/home/steam/arena/csgo/addons/sourcemod/logs/errors_20210313.log")
L 03/13/2021 - 05:17:19: Failed to auto generate config for multi1v1.smx, make sure the directory has write permission.
L 03/13/2021 - 05:29:24: Error log file session closed.
L 03/13/2021 - 05:29:25: SourceMod error session started
L 03/13/2021 - 05:29:25: Info (map "am_palace_32") (file "/home/steam/arena/csgo/addons/sourcemod/logs/errors_20210313.log")
L 03/13/2021 - 05:29:25: Failed to auto generate config for multi1v1.smx, make sure the directory has write permission.
L 03/13/2021 - 05:29:55: [SM] Exception reported: Array index out-of-bounds (index -1, limit 66)
L 03/13/2021 - 05:29:55: [SM] Blaming: multi1v1.smx
L 03/13/2021 - 05:29:55: [SM] Call stack trace:
L 03/13/2021 - 05:29:55: [SM]   [1] Line 864, multi1v1.sp::Event_OnPlayerDeath
L 03/13/2021 - 05:30:04: Error log file session closed.
L 03/13/2021 - 05:30:05: SourceMod error session started
L 03/13/2021 - 05:30:05: Info (map "am_palace_32") (file "/home/steam/arena/csgo/addons/sourcemod/logs/errors_20210313.log")
L 03/13/2021 - 05:30:05: Failed to auto generate config for multi1v1.smx, make sure the directory has write permission.
L 03/13/2021 - 05:37:06: [SM] Exception reported: Array index out-of-bounds (index -1, limit 66)
L 03/13/2021 - 05:37:06: [SM] Blaming: multi1v1.smx
L 03/13/2021 - 05:37:06: [SM] Call stack trace:
L 03/13/2021 - 05:37:06: [SM]   [1] Line 864, multi1v1.sp::Event_OnPlayerDeath
L 03/13/2021 - 06:03:05: Error log file session closed.
L 03/13/2021 - 06:03:06: SourceMod error session started
L 03/13/2021 - 06:03:06: Info (map "am_palace_32") (file "/home/steam/arena/csgo/addons/sourcemod/logs/errors_20210313.log")
L 03/13/2021 - 06:03:06: Failed to auto generate config for multi1v1.smx, make sure the directory has write permission.
L 03/13/2021 - 06:03:44: [SM] Exception reported: Array index out-of-bounds (index -1, limit 66)
L 03/13/2021 - 06:03:44: [SM] Blaming: multi1v1.smx
L 03/13/2021 - 06:03:44: [SM] Call stack trace:
L 03/13/2021 - 06:03:44: [SM]   [1] Line 864, multi1v1.sp::Event_OnPlayerDeath
L 03/13/2021 - 06:31:10: Error log file session closed.
L 03/13/2021 - 06:31:11: SourceMod error session started
L 03/13/2021 - 06:31:11: Info (map "am_palace_32") (file "/home/steam/arena/csgo/addons/sourcemod/logs/errors_20210313.log")
L 03/13/2021 - 06:31:11: Failed to auto generate config for multi1v1.smx, make sure the directory has write permission.
L 03/13/2021 - 06:32:50: [SM] Exception reported: Array index out-of-bounds (index -1, limit 66)
L 03/13/2021 - 06:32:50: [SM] Blaming: multi1v1.smx
L 03/13/2021 - 06:32:50: [SM] Call stack trace:
L 03/13/2021 - 06:32:50: [SM]   [1] Line 864, multi1v1.sp::Event_OnPlayerDeath
L 03/13/2021 - 06:32:56: Error log file session closed.
L 03/13/2021 - 06:32:57: SourceMod error session started
L 03/13/2021 - 06:32:57: Info (map "am_palace_32") (file "/home/steam/arena/csgo/addons/sourcemod/logs/errors_20210313.log")
L 03/13/2021 - 06:32:57: Failed to auto generate config for multi1v1.smx, make sure the directory has write permission.
L 03/13/2021 - 06:33:46: [SM] Exception reported: Array index out-of-bounds (index -1, limit 66)
L 03/13/2021 - 06:33:46: [SM] Blaming: multi1v1.smx
L 03/13/2021 - 06:33:46: [SM] Call stack trace:
L 03/13/2021 - 06:33:46: [SM]   [1] Line 864, multi1v1.sp::Event_OnPlayerDeath
L 03/13/2021 - 09:35:08: Error log file session closed.
L 03/13/2021 - 09:35:08: SourceMod error session started
L 03/13/2021 - 09:35:08: Info (map "am_palace_32") (file "/home/steam/arena/csgo/addons/sourcemod/logs/errors_20210313.log")
L 03/13/2021 - 09:35:08: Failed to auto generate config for multi1v1.smx, make sure the directory has write permission.
L 03/13/2021 - 09:35:56: [SM] Exception reported: Array index out-of-bounds (index -1, limit 66)
L 03/13/2021 - 09:35:56: [SM] Blaming: multi1v1.smx
L 03/13/2021 - 09:35:56: [SM] Call stack trace:
L 03/13/2021 - 09:35:56: [SM]   [1] Line 864, multi1v1.sp::Event_OnPlayerDeath
L 03/13/2021 - 10:32:52: Error log file session closed.
L 03/13/2021 - 10:32:53: SourceMod error session started
L 03/13/2021 - 10:32:53: Info (map "am_palace_32") (file "/home/steam/arena/csgo/addons/sourcemod/logs/errors_20210313.log")
L 03/13/2021 - 10:32:53: Failed to auto generate config for multi1v1.smx, make sure the directory has write permission.
L 03/13/2021 - 10:33:24: [SM] Exception reported: Array index out-of-bounds (index -1, limit 66)
L 03/13/2021 - 10:33:24: [SM] Blaming: multi1v1.smx
L 03/13/2021 - 10:33:24: [SM] Call stack trace:
L 03/13/2021 - 10:33:24: [SM]   [1] Line 864, multi1v1.sp::Event_OnPlayerDeath
L 03/13/2021 - 10:35:01: Error log file session closed.
L 03/13/2021 - 10:35:02: SourceMod error session started
L 03/13/2021 - 10:35:02: Info (map "am_palace_32") (file "/home/steam/arena/csgo/addons/sourcemod/logs/errors_20210313.log")
L 03/13/2021 - 10:35:02: Failed to auto generate config for multi1v1.smx, make sure the directory has write permission.
L 03/13/2021 - 10:36:07: [SM] Exception reported: Array index out-of-bounds (index -1, limit 66)
L 03/13/2021 - 10:36:07: [SM] Blaming: multi1v1.smx
L 03/13/2021 - 10:36:07: [SM] Call stack trace:
L 03/13/2021 - 10:36:07: [SM]   [1] Line 864, multi1v1.sp::Event_OnPlayerDeath
L 03/13/2021 - 10:55:12: Error log file session closed.
L 03/13/2021 - 10:55:13: SourceMod error session started
L 03/13/2021 - 10:55:13: Info (map "am_palace_32") (file "/home/steam/arena/csgo/addons/sourcemod/logs/errors_20210313.log")
L 03/13/2021 - 10:55:13: Failed to auto generate config for multi1v1.smx, make sure the directory has write permission.
L 03/13/2021 - 10:56:01: [SM] Exception reported: Array index out-of-bounds (index -1, limit 66)
L 03/13/2021 - 10:56:01: [SM] Blaming: multi1v1.smx
L 03/13/2021 - 10:56:01: [SM] Call stack trace:
L 03/13/2021 - 10:56:01: [SM]   [1] Line 864, multi1v1.sp::Event_OnPlayerDeath
L 03/13/2021 - 11:09:58: Error log file session closed.
L 03/13/2021 - 11:09:58: SourceMod error session started
L 03/13/2021 - 11:09:58: Info (map "am_palace_32") (file "/home/steam/arena/csgo/addons/sourcemod/logs/errors_20210313.log")
L 03/13/2021 - 11:09:58: Failed to auto generate config for multi1v1.smx, make sure the directory has write permission.
L 03/13/2021 - 11:15:36: [SM] Exception reported: Array index out-of-bounds (index -1, limit 66)
L 03/13/2021 - 11:15:36: [SM] Blaming: multi1v1.smx
L 03/13/2021 - 11:15:36: [SM] Call stack trace:
L 03/13/2021 - 11:15:36: [SM]   [1] Line 864, multi1v1.sp::Event_OnPlayerDeath
L 03/13/2021 - 11:16:01: [SM] Exception reported: Array index out-of-bounds (index -1, limit 66)
L 03/13/2021 - 11:16:01: [SM] Blaming: multi1v1.smx
L 03/13/2021 - 11:16:01: [SM] Call stack trace:
L 03/13/2021 - 11:16:01: [SM]   [1] Line 864, multi1v1.sp::Event_OnPlayerDeath
L 03/13/2021 - 11:19:48: [SM] Exception reported: Array index out-of-bounds (index -1, limit 66)
L 03/13/2021 - 11:19:48: [SM] Blaming: multi1v1.smx
L 03/13/2021 - 11:19:48: [SM] Call stack trace:
L 03/13/2021 - 11:19:48: [SM]   [1] Line 864, multi1v1.sp::Event_OnPlayerDeath
L 03/13/2021 - 11:22:08: Error log file session closed.
L 03/13/2021 - 11:22:09: SourceMod error session started
L 03/13/2021 - 11:22:09: Info (map "am_palace_32") (file "/home/steam/arena/csgo/addons/sourcemod/logs/errors_20210313.log")
L 03/13/2021 - 11:22:09: Failed to auto generate config for multi1v1.smx, make sure the directory has write permission.
L 03/13/2021 - 11:27:23: [SM] Exception reported: Array index out-of-bounds (index -1, limit 66)
L 03/13/2021 - 11:27:23: [SM] Blaming: multi1v1.smx
L 03/13/2021 - 11:27:23: [SM] Call stack trace:
L 03/13/2021 - 11:27:23: [SM]   [1] Line 864, multi1v1.sp::Event_OnPlayerDeath
L 03/13/2021 - 11:29:22: Error log file session closed.
L 03/13/2021 - 11:29:23: SourceMod error session started
L 03/13/2021 - 11:29:23: Info (map "am_aztec2015") (file "/home/steam/arena/csgo/addons/sourcemod/logs/errors_20210313.log")
L 03/13/2021 - 11:29:23: Failed to auto generate config for multi1v1.smx, make sure the directory has write permission.
L 03/13/2021 - 11:34:23: [SM] Exception reported: Array index out-of-bounds (index -1, limit 66)
L 03/13/2021 - 11:34:23: [SM] Blaming: multi1v1.smx
L 03/13/2021 - 11:34:23: [SM] Call stack trace:
L 03/13/2021 - 11:34:23: [SM]   [1] Line 864, multi1v1.sp::Event_OnPlayerDeath
L 03/13/2021 - 11:34:24: [SM] Exception reported: Array index out-of-bounds (index -1, limit 66)
L 03/13/2021 - 11:34:24: [SM] Blaming: multi1v1.smx
L 03/13/2021 - 11:34:24: [SM] Call stack trace:
L 03/13/2021 - 11:34:24: [SM]   [1] Line 864, multi1v1.sp::Event_OnPlayerDeath
L 03/13/2021 - 11:37:38: [SM] Exception reported: Array index out-of-bounds (index -1, limit 66)
L 03/13/2021 - 11:37:38: [SM] Blaming: multi1v1.smx
L 03/13/2021 - 11:37:38: [SM] Call stack trace:
L 03/13/2021 - 11:37:38: [SM]   [1] Line 864, multi1v1.sp::Event_OnPlayerDeath
