L 03/17/2021 - 07:08:59: [afk_manager4.smx] Player count for AFK Move minimum has been reached, feature is now enabled: sm_afk_move_min_players = 4 Current Players = 4
L 03/17/2021 - 07:14:34: [afk_manager4.smx] Player count for AFK Kick minimum has been reached, feature is now enabled: sm_afk_kick_min_players = 6 Current Players = 6
L 03/17/2021 - 07:18:35: [afk_manager4.smx] Player count for AFK Kick minimum is below requirements, feature is now disabled: sm_afk_kick_min_players = 6 Current Players = 5
L 03/17/2021 - 07:21:29: [afk_manager4.smx] bom dia<1129><STEAM_1:1:592111411><> was moved to spectate for being AFK too long.
L 03/17/2021 - 07:22:53: [afk_manager4.smx] bom dia<1129><STEAM_1:1:592111411><> was moved to spectate for being AFK too long.
L 03/17/2021 - 07:37:39: [afk_manager4.smx] Player count for AFK Move minimum is below requirements, feature is now disabled: sm_afk_move_min_players = 4 Current Players = 3
L 03/17/2021 - 07:39:22: [afk_manager4.smx] Player count for AFK Move minimum has been reached, feature is now enabled: sm_afk_move_min_players = 4 Current Players = 4
L 03/17/2021 - 07:40:44: [afk_manager4.smx] Player count for AFK Kick minimum has been reached, feature is now enabled: sm_afk_kick_min_players = 6 Current Players = 6
L 03/17/2021 - 07:45:28: [afk_manager4.smx] Player count for AFK Kick minimum is below requirements, feature is now disabled: sm_afk_kick_min_players = 6 Current Players = 5
L 03/17/2021 - 07:47:02: [afk_manager4.smx] Zan<1138><STEAM_1:0:551235849><> was moved to spectate for being AFK too long.
L 03/17/2021 - 08:21:05: [afk_manager4.smx] Player count for AFK Kick minimum has been reached, feature is now enabled: sm_afk_kick_min_players = 6 Current Players = 6
L 03/17/2021 - 09:23:07: [afk_manager4.smx] nez_man<1193><STEAM_1:0:595911142><> was moved to spectate for being AFK too long.
L 03/17/2021 - 09:25:06: [afk_manager4.smx] ROBOTAIM klue<1167><STEAM_1:0:558307082><> was moved to spectate for being AFK too long.
L 03/17/2021 - 09:25:57: [afk_manager4.smx] bghvyu nj<1196><STEAM_1:0:159586316><> was moved to spectate for being AFK too long.
L 03/17/2021 - 09:29:30: [afk_manager4.smx] ROBOTAIM klue<1167><STEAM_1:0:558307082><> was moved to spectate for being AFK too long.
L 03/17/2021 - 09:47:37: [afk_manager4.smx] Smurf to global<1205><STEAM_1:1:595893460><> was moved to spectate for being AFK too long.
L 03/17/2021 - 09:48:26: [afk_manager4.smx] ROBOTAIM klue<1167><STEAM_1:0:558307082><> was moved to spectate for being AFK too long.
L 03/17/2021 - 09:50:51: [afk_manager4.smx] Smurf to global<1205><STEAM_1:1:595893460><> was moved to spectate for being AFK too long.
L 03/17/2021 - 09:57:45: [afk_manager4.smx] x)<1203><STEAM_1:0:558048150><> was moved to spectate for being AFK too long.
L 03/17/2021 - 09:58:45: [afk_manager4.smx] x)<1203><STEAM_1:0:558048150><> was kicked for being AFK too long.
L 03/17/2021 - 10:08:12: [afk_manager4.smx] lmao<1220><STEAM_1:0:138123674><> was moved to spectate for being AFK too long.
L 03/17/2021 - 10:08:53: [afk_manager4.smx] ROBOTAIM klue<1167><STEAM_1:0:558307082><> was moved to spectate for being AFK too long.
L 03/17/2021 - 10:08:53: [afk_manager4.smx] Sippin<1201><STEAM_1:1:533678212><> was moved to spectate for being AFK too long.
L 03/17/2021 - 10:09:36: [afk_manager4.smx] Sippin<1201><STEAM_1:1:533678212><> was moved to spectate for being AFK too long.
L 03/17/2021 - 10:11:45: [afk_manager4.smx] ROBOTAIM klue<1167><STEAM_1:0:558307082><> was moved to spectate for being AFK too long.
L 03/17/2021 - 10:13:12: [afk_manager4.smx] ROBOTAIM klue<1167><STEAM_1:0:558307082><> was moved to spectate for being AFK too long.
L 03/17/2021 - 10:21:49: [afk_manager4.smx] Geekin<1192><STEAM_1:1:592486993><> was moved to spectate for being AFK too long.
L 03/17/2021 - 10:23:26: [afk_manager4.smx] Never Be Like Me<1224><STEAM_1:0:180790654><> was moved to spectate for being AFK too long.
L 03/17/2021 - 10:45:47: [afk_manager4.smx] Smurf to global<1205><STEAM_1:1:595893460><> was moved to spectate for being AFK too long.
L 03/17/2021 - 11:22:48: [afk_manager4.smx] Player count for AFK Move minimum has been reached, feature is now enabled: sm_afk_move_min_players = 4 Current Players = 4
L 03/17/2021 - 11:23:31: [afk_manager4.smx] An4rchy<7><STEAM_1:1:595483429><> was moved to spectate for being AFK too long.
L 03/17/2021 - 11:29:07: [afk_manager4.smx] Player count for AFK Kick minimum has been reached, feature is now enabled: sm_afk_kick_min_players = 6 Current Players = 6
L 03/17/2021 - 12:11:18: [afk_manager4.smx] Geekin<8><STEAM_1:1:592486993><> was moved to spectate for being AFK too long.
L 03/17/2021 - 12:12:16: [afk_manager4.smx] Geekin<8><STEAM_1:1:592486993><> was kicked for being AFK too long.
L 03/17/2021 - 12:29:22: [afk_manager4.smx] Z3r0<37><STEAM_1:1:182725786><> was kicked for being AFK too long.
L 03/17/2021 - 12:55:54: [afk_manager4.smx] 哦<47><STEAM_1:1:120700975><> was moved to spectate for being AFK too long.
L 03/17/2021 - 13:01:43: [afk_manager4.smx] cartier<34><STEAM_1:0:594935939><> was kicked for being AFK too long.
L 03/17/2021 - 13:16:35: [afk_manager4.smx] ROBOTAIM klue<65><STEAM_1:0:558307082><> was moved to spectate for being AFK too long.
L 03/17/2021 - 13:25:28: [afk_manager4.smx] cartier<70><STEAM_1:0:594935939><> was kicked for being AFK too long.
L 03/17/2021 - 13:29:31: [afk_manager4.smx] usc<24><STEAM_1:1:86847442><> was moved to spectate for being AFK too long.
L 03/17/2021 - 13:31:11: [afk_manager4.smx] 哦<47><STEAM_1:1:120700975><> was moved to spectate for being AFK too long.
L 03/17/2021 - 13:38:59: [afk_manager4.smx] ROBOTAIM klue<65><STEAM_1:0:558307082><> was moved to spectate for being AFK too long.
L 03/17/2021 - 13:57:22: [afk_manager4.smx] ^-^<86><STEAM_1:1:595680291><> was moved to spectate for being AFK too long.
L 03/17/2021 - 14:00:05: [afk_manager4.smx] ^-^<86><STEAM_1:1:595680291><> was kicked for being AFK too long.
L 03/17/2021 - 14:02:01: [afk_manager4.smx] nilats<104><STEAM_1:1:464028887><> was moved to spectate for being AFK too long.
L 03/17/2021 - 14:04:07: [afk_manager4.smx] Player count for AFK Kick minimum is below requirements, feature is now disabled: sm_afk_kick_min_players = 6 Current Players = 5
L 03/17/2021 - 14:06:15: [afk_manager4.smx] Player count for AFK Kick minimum has been reached, feature is now enabled: sm_afk_kick_min_players = 6 Current Players = 6
L 03/17/2021 - 14:11:50: [afk_manager4.smx] Haki<106><STEAM_1:1:561262283><> was moved to spectate for being AFK too long.
L 03/17/2021 - 14:12:09: [afk_manager4.smx] Player count for AFK Kick minimum is below requirements, feature is now disabled: sm_afk_kick_min_players = 6 Current Players = 5
L 03/17/2021 - 14:12:39: [afk_manager4.smx] Player count for AFK Kick minimum has been reached, feature is now enabled: sm_afk_kick_min_players = 6 Current Players = 6
L 03/17/2021 - 14:13:36: [afk_manager4.smx] Player count for AFK Kick minimum is below requirements, feature is now disabled: sm_afk_kick_min_players = 6 Current Players = 5
L 03/17/2021 - 14:14:47: [afk_manager4.smx] Player count for AFK Kick minimum has been reached, feature is now enabled: sm_afk_kick_min_players = 6 Current Players = 6
L 03/17/2021 - 14:15:52: [afk_manager4.smx] Player count for AFK Kick minimum is below requirements, feature is now disabled: sm_afk_kick_min_players = 6 Current Players = 5
L 03/17/2021 - 14:16:21: [afk_manager4.smx] Player count for AFK Kick minimum has been reached, feature is now enabled: sm_afk_kick_min_players = 6 Current Players = 6
L 03/17/2021 - 14:17:09: [afk_manager4.smx] ItsSxndia<110><STEAM_1:0:567358267><> was moved to spectate for being AFK too long.
L 03/17/2021 - 14:31:45: [afk_manager4.smx] они оскорбляли ме<115><STEAM_1:0:554049390><> was moved to spectate for being AFK too long.
L 03/17/2021 - 14:52:24: [afk_manager4.smx] cawllin<137><STEAM_1:1:591130049><> was moved to spectate for being AFK too long.
L 03/17/2021 - 15:11:30: [afk_manager4.smx] cartier<147><STEAM_1:0:594935939><> was moved to spectate for being AFK too long.
L 03/17/2021 - 15:13:44: [afk_manager4.smx] Pill Her Then Drill Her<149><STEAM_1:0:580944772><> was moved to spectate for being AFK too long.
L 03/17/2021 - 15:14:20: [afk_manager4.smx] >.<<143><STEAM_1:1:585323085><> was moved to spectate for being AFK too long.
L 03/17/2021 - 15:24:42: [afk_manager4.smx] cute<161><STEAM_1:1:103351402><> was moved to spectate for being AFK too long.
L 03/17/2021 - 15:24:43: [afk_manager4.smx] Tristan<162><STEAM_1:1:448131707><> was moved to spectate for being AFK too long.
L 03/17/2021 - 15:26:27: [afk_manager4.smx] cute<161><STEAM_1:1:103351402><> was kicked for being AFK too long.
L 03/17/2021 - 15:30:49: [afk_manager4.smx] mad<173><STEAM_1:1:468214883><> was moved to spectate for being AFK too long.
L 03/17/2021 - 15:34:53: [afk_manager4.smx] mad<173><STEAM_1:1:468214883><> was moved to spectate for being AFK too long.
L 03/17/2021 - 15:35:43: [afk_manager4.smx] >.<<175><STEAM_1:1:585323085><> was moved to spectate for being AFK too long.
L 03/17/2021 - 15:37:13: [afk_manager4.smx] Pandah ඞ<171><STEAM_1:0:454116136><> was moved to spectate for being AFK too long.
L 03/17/2021 - 15:37:14: [afk_manager4.smx] cat<165><STEAM_1:0:571893102><> was moved to spectate for being AFK too long.
L 03/17/2021 - 15:39:37: [afk_manager4.smx] mad<173><STEAM_1:1:468214883><> was moved to spectate for being AFK too long.
L 03/17/2021 - 15:40:39: [afk_manager4.smx] Pandah ඞ<171><STEAM_1:0:454116136><> was moved to spectate for being AFK too long.
L 03/17/2021 - 15:41:19: [afk_manager4.smx] mad<173><STEAM_1:1:468214883><> was kicked for being AFK too long.
L 03/17/2021 - 15:41:43: [afk_manager4.smx] Pandah ඞ<171><STEAM_1:0:454116136><> was moved to spectate for being AFK too long.
L 03/17/2021 - 15:48:55: [afk_manager4.smx] Tristan<169><STEAM_1:1:448131707><> was moved to spectate for being AFK too long.
L 03/17/2021 - 16:04:53: [afk_manager4.smx] only play hvh<197><STEAM_1:0:596084408><> was moved to spectate for being AFK too long.
L 03/17/2021 - 16:05:56: [afk_manager4.smx] only play hvh<197><STEAM_1:0:596084408><> was kicked for being AFK too long.
L 03/17/2021 - 16:11:50: [afk_manager4.smx] Player count for AFK Kick minimum is below requirements, feature is now disabled: sm_afk_kick_min_players = 6 Current Players = 5
L 03/17/2021 - 16:13:26: [afk_manager4.smx] Player count for AFK Move minimum is below requirements, feature is now disabled: sm_afk_move_min_players = 4 Current Players = 3
L 03/17/2021 - 16:14:44: [afk_manager4.smx] Player count for AFK Move minimum has been reached, feature is now enabled: sm_afk_move_min_players = 4 Current Players = 4
L 03/17/2021 - 16:18:26: [afk_manager4.smx] Player count for AFK Kick minimum has been reached, feature is now enabled: sm_afk_kick_min_players = 6 Current Players = 6
L 03/17/2021 - 16:41:28: [afk_manager4.smx] smileforthecamera<240><STEAM_1:1:589926227><> was moved to spectate for being AFK too long.
L 03/17/2021 - 16:43:33: [afk_manager4.smx] <--- anime pfp<241><STEAM_1:0:585177560><> was moved to spectate for being AFK too long.
L 03/17/2021 - 16:54:31: [afk_manager4.smx] smileforthecamera<240><STEAM_1:1:589926227><> was moved to spectate for being AFK too long.
L 03/17/2021 - 17:03:30: [afk_manager4.smx] elbicho<252><STEAM_1:0:590375610><> was moved to spectate for being AFK too long.
L 03/17/2021 - 17:04:36: [afk_manager4.smx] elbicho<252><STEAM_1:0:590375610><> was kicked for being AFK too long.
L 03/17/2021 - 17:17:18: [afk_manager4.smx] Criticem<239><STEAM_1:1:7578809><> was kicked for being AFK too long.
L 03/17/2021 - 17:20:37: [afk_manager4.smx] J420K<260><STEAM_1:1:574789382><> was moved to spectate for being AFK too long.
L 03/17/2021 - 17:21:40: [afk_manager4.smx] J420K<260><STEAM_1:1:574789382><> was kicked for being AFK too long.
L 03/17/2021 - 17:22:33: [afk_manager4.smx] ihbrosd<261><STEAM_1:0:566468131><> was moved to spectate for being AFK too long.
L 03/17/2021 - 17:48:59: [afk_manager4.smx] FUCK<295><STEAM_1:1:119648043><> was moved to spectate for being AFK too long.
L 03/17/2021 - 18:00:58: [afk_manager4.smx] FUCK<295><STEAM_1:1:119648043><> was moved to spectate for being AFK too long.
L 03/17/2021 - 18:03:34: [afk_manager4.smx] Zelaron<304><STEAM_1:0:123501710><> was moved to spectate for being AFK too long.
L 03/17/2021 - 18:12:16: [afk_manager4.smx] Zelaron<304><STEAM_1:0:123501710><> was kicked for being AFK too long.
L 03/17/2021 - 18:31:46: [afk_manager4.smx] Agility<306><STEAM_1:1:128717350><> was moved to spectate for being AFK too long.
L 03/17/2021 - 18:49:10: [afk_manager4.smx] PALTA ARRECHA<333><STEAM_1:1:585323085><> was moved to spectate for being AFK too long.
L 03/17/2021 - 18:49:11: [afk_manager4.smx] United States Marine Corps.<303><STEAM_1:1:574409900><> was moved to spectate for being AFK too long.
L 03/17/2021 - 18:50:14: [afk_manager4.smx] United States Marine Corps.<303><STEAM_1:1:574409900><> was kicked for being AFK too long.
L 03/17/2021 - 19:11:38: [afk_manager4.smx] FUCK<295><STEAM_1:1:119648043><> was moved to spectate for being AFK too long.
L 03/17/2021 - 19:15:43: [afk_manager4.smx] Leechy<344><STEAM_1:0:595070663><> was moved to spectate for being AFK too long.
L 03/17/2021 - 19:19:22: [afk_manager4.smx] woodkid<360><STEAM_1:1:429886550><> was moved to spectate for being AFK too long.
L 03/17/2021 - 19:23:42: [afk_manager4.smx] mad<367><STEAM_1:1:468214883><> was moved to spectate for being AFK too long.
L 03/17/2021 - 19:27:04: [afk_manager4.smx] woodkid<360><STEAM_1:1:429886550><> was moved to spectate for being AFK too long.
L 03/17/2021 - 19:28:40: [afk_manager4.smx] FUCK<295><STEAM_1:1:119648043><> was moved to spectate for being AFK too long.
L 03/17/2021 - 19:29:54: [afk_manager4.smx] ECUATORIANO  ARRECHO HP<373><STEAM_1:0:596084408><> was moved to spectate for being AFK too long.
L 03/17/2021 - 19:32:23: [afk_manager4.smx] FUCK<295><STEAM_1:1:119648043><> was moved to spectate for being AFK too long.
L 03/17/2021 - 19:40:35: [afk_manager4.smx] ECUATORIANO  ARRECHO HP<373><STEAM_1:0:596084408><> was moved to spectate for being AFK too long.
L 03/17/2021 - 19:40:35: [afk_manager4.smx] PALTA ARRECHA<333><STEAM_1:1:585323085><> was moved to spectate for being AFK too long.
L 03/17/2021 - 19:41:35: [afk_manager4.smx] ECUATORIANO  ARRECHO HP<373><STEAM_1:0:596084408><> was kicked for being AFK too long.
L 03/17/2021 - 19:41:35: [afk_manager4.smx] PALTA ARRECHA<333><STEAM_1:1:585323085><> was kicked for being AFK too long.
L 03/17/2021 - 19:53:42: [afk_manager4.smx] mad<367><STEAM_1:1:468214883><> was moved to spectate for being AFK too long.
L 03/17/2021 - 19:55:24: [afk_manager4.smx] mad<367><STEAM_1:1:468214883><> was kicked for being AFK too long.
L 03/17/2021 - 20:00:23: [afk_manager4.smx] ✪ Nova<390><STEAM_1:1:553775264><> was moved to spectate for being AFK too long.
L 03/17/2021 - 20:21:50: [afk_manager4.smx] Player count for AFK Kick minimum is below requirements, feature is now disabled: sm_afk_kick_min_players = 6 Current Players = 5
L 03/17/2021 - 20:22:46: [afk_manager4.smx] Friendly<425><STEAM_1:0:564802358><> was moved to spectate for being AFK too long.
L 03/17/2021 - 20:41:29: [afk_manager4.smx] Player count for AFK Kick minimum has been reached, feature is now enabled: sm_afk_kick_min_players = 6 Current Players = 6
L 03/17/2021 - 20:49:49: [afk_manager4.smx] FederalJackAss<442><STEAM_1:1:551440559><> was moved to spectate for being AFK too long.
L 03/17/2021 - 21:14:09: [afk_manager4.smx] cute<457><STEAM_1:1:103351402><> was moved to spectate for being AFK too long.
L 03/17/2021 - 21:23:58: [afk_manager4.smx] w9rld<460><STEAM_1:1:548450362><> was moved to spectate for being AFK too long.
L 03/17/2021 - 21:24:58: [afk_manager4.smx] w9rld<460><STEAM_1:1:548450362><> was kicked for being AFK too long.
L 03/17/2021 - 21:54:16: [afk_manager4.smx] w9rld<465><STEAM_1:1:548450362><> was moved to spectate for being AFK too long.
L 03/17/2021 - 21:57:48: [afk_manager4.smx] Controlsss<483><STEAM_1:1:558223594><> was moved to spectate for being AFK too long.
L 03/17/2021 - 22:09:19: [afk_manager4.smx] kek<487><STEAM_1:1:526420406><> was moved to spectate for being AFK too long.
L 03/17/2021 - 22:12:10: [afk_manager4.smx] Player count for AFK Kick minimum is below requirements, feature is now disabled: sm_afk_kick_min_players = 6 Current Players = 5
L 03/17/2021 - 22:13:23: [afk_manager4.smx] Player count for AFK Kick minimum has been reached, feature is now enabled: sm_afk_kick_min_players = 6 Current Players = 6
L 03/17/2021 - 22:14:54: [afk_manager4.smx] Player count for AFK Kick minimum is below requirements, feature is now disabled: sm_afk_kick_min_players = 6 Current Players = 5
L 03/17/2021 - 22:17:25: [afk_manager4.smx] Player count for AFK Kick minimum has been reached, feature is now enabled: sm_afk_kick_min_players = 6 Current Players = 6
L 03/17/2021 - 22:52:49: [afk_manager4.smx] Criticem<503><STEAM_1:1:7578809><> was moved to spectate for being AFK too long.
L 03/17/2021 - 23:19:24: [afk_manager4.smx] Cruise<506><STEAM_1:0:204788539><> was moved to spectate for being AFK too long.
L 03/17/2021 - 23:21:21: [afk_manager4.smx] aguarundig323.santi<522><STEAM_1:0:595978167><> was moved to spectate for being AFK too long.
L 03/17/2021 - 23:22:24: [afk_manager4.smx] aguarundig323.santi<522><STEAM_1:0:595978167><> was kicked for being AFK too long.
L 03/17/2021 - 23:22:55: [afk_manager4.smx] monobot abuser #2<544><STEAM_1:0:565800003><> was moved to spectate for being AFK too long.
L 03/17/2021 - 23:26:12: [afk_manager4.smx] Criticem<503><STEAM_1:1:7578809><> was moved to spectate for being AFK too long.
L 03/17/2021 - 23:28:55: [afk_manager4.smx] Criticem<503><STEAM_1:1:7578809><> was kicked for being AFK too long.
L 03/17/2021 - 23:34:17: [afk_manager4.smx] Jordan<550><STEAM_1:0:529550382><> was moved to spectate for being AFK too long.
L 03/17/2021 - 23:43:33: [afk_manager4.smx] frst<551><STEAM_1:1:174051936><> was moved to spectate for being AFK too long.
L 03/17/2021 - 23:43:34: [afk_manager4.smx] A Little Jew Boy<558><STEAM_1:0:584465199><> was moved to spectate for being AFK too long.
L 03/17/2021 - 23:45:03: [afk_manager4.smx] noob<560><STEAM_1:0:595782219><> was moved to spectate for being AFK too long.
L 03/17/2021 - 23:45:03: [afk_manager4.smx] Brock Lesnar<561><STEAM_1:0:574645096><> was moved to spectate for being AFK too long.
L 03/17/2021 - 23:46:47: [afk_manager4.smx] Brock Lesnar<561><STEAM_1:0:574645096><> was kicked for being AFK too long.
L 03/17/2021 - 23:49:42: [afk_manager4.smx] pays.host developer<571><STEAM_1:1:590158404><> was moved to spectate for being AFK too long.
L 03/17/2021 - 23:52:56: [afk_manager4.smx] pays.host developer<571><STEAM_1:1:590158404><> was moved to spectate for being AFK too long.
L 03/17/2021 - 23:52:56: [afk_manager4.smx] Minty<502><STEAM_1:0:150044131><> was moved to spectate for being AFK too long.
L 03/17/2021 - 23:53:58: [afk_manager4.smx] Criticem<554><STEAM_1:1:7578809><> was moved to spectate for being AFK too long.
L 03/17/2021 - 23:53:59: [afk_manager4.smx] pays.host developer<571><STEAM_1:1:590158404><> was kicked for being AFK too long.
L 03/17/2021 - 23:53:59: [afk_manager4.smx] Minty<502><STEAM_1:0:150044131><> was kicked for being AFK too long.
L 03/17/2021 - 23:58:25: [afk_manager4.smx] A Little Jew Boy<558><STEAM_1:0:584465199><> was moved to spectate for being AFK too long.
L 03/17/2021 - 23:59:40: [afk_manager4.smx] AnimeLover9281<595><STEAM_1:0:595917299><> was moved to spectate for being AFK too long.
L 03/18/2021 - 00:00:04: [afk_manager4.smx] A Little Jew Boy<558><STEAM_1:0:584465199><> was kicked for being AFK too long.
L 03/18/2021 - 00:00:28: [afk_manager4.smx] Brock Lesnar<569><STEAM_1:0:574645096><> was moved to spectate for being AFK too long.
L 03/18/2021 - 00:06:41: [afk_manager4.smx] r<584><STEAM_1:0:174551262><> was moved to spectate for being AFK too long.
L 03/18/2021 - 00:06:41: [afk_manager4.smx] Criticem<554><STEAM_1:1:7578809><> was moved to spectate for being AFK too long.
L 03/18/2021 - 00:06:41: [afk_manager4.smx] nice<601><STEAM_1:0:542973890><> was moved to spectate for being AFK too long.
L 03/18/2021 - 00:07:41: [afk_manager4.smx] have mercy on me<575><STEAM_1:1:1504361><> was moved to spectate for being AFK too long.
L 03/18/2021 - 00:08:41: [afk_manager4.smx] only play hvh<579><STEAM_1:0:596084408><> was moved to spectate for being AFK too long.
L 03/18/2021 - 00:09:46: [afk_manager4.smx] Player count for AFK Kick minimum is below requirements, feature is now disabled: sm_afk_kick_min_players = 6 Current Players = 5
L 03/18/2021 - 00:09:46: [afk_manager4.smx] Player count for AFK Move minimum is below requirements, feature is now disabled: sm_afk_move_min_players = 4 Current Players = 3
