L 05/06/2021 - 09:24:38: SourceMod log file session started (file "/home/steam/minigames/csgo/addons/sourcemod/logs/L20210506.log") (Version "1.10.0.6502")
L 05/06/2021 - 09:24:38: [basecommands.smx] "Console<0><Console><Console>" changed cvar (cvar "sv_vote_issue_changelevel_allowed") (value "0")
L 05/06/2021 - 09:24:38: [basecommands.smx] "Console<0><Console><Console>" changed cvar (cvar "sv_max_distance_transmit_footsteps") (value "9999")
L 05/06/2021 - 09:24:38: [basecommands.smx] "Console<0><Console><Console>" changed cvar (cvar "sv_hibernate_ms") (value "0")
L 05/06/2021 - 09:24:38: [basecommands.smx] "Console<0><Console><Console>" changed cvar (cvar "sv_hibernate_ms_vgui") (value "0")
L 05/06/2021 - 09:24:38: [basecommands.smx] "Console<0><Console><Console>" changed cvar (cvar "sv_hibernate_postgame_delay") (value "0")
L 05/06/2021 - 09:24:38: [basecommands.smx] "Console<0><Console><Console>" changed cvar (cvar "sv_hibernate_when_empty") (value "0")
L 05/06/2021 - 09:24:38: [basecommands.smx] "Console<0><Console><Console>" changed cvar (cvar "sv_parallel_sendsnapshot") (value "1")
L 05/06/2021 - 09:24:38: [basecommands.smx] "Console<0><Console><Console>" changed cvar (cvar "sv_enable_delta_packing") (value "1")
L 05/06/2021 - 09:24:38: [basecommands.smx] "Console<0><Console><Console>" changed cvar (cvar "sv_maxunlag") (value "0.200")
L 05/06/2021 - 09:24:38: [basecommands.smx] "Console<0><Console><Console>" changed cvar (cvar "net_maxcleartime") (value "0.001")
L 05/06/2021 - 09:24:38: [basecommands.smx] "Console<0><Console><Console>" changed cvar (cvar "net_minroutable") (value "1000")
L 05/06/2021 - 09:24:38: [basecommands.smx] "Console<0><Console><Console>" changed cvar (cvar "net_compresspackets") (value "0")
L 05/06/2021 - 09:24:38: [basecommands.smx] "Console<0><Console><Console>" changed cvar (cvar "g_ragdoll_important_maxcount") (value "1")
L 05/06/2021 - 09:24:38: [basecommands.smx] "Console<0><Console><Console>" changed cvar (cvar "g_ragdoll_maxcount") (value "1")
L 05/06/2021 - 09:24:38: [basecommands.smx] "Console<0><Console><Console>" changed cvar (cvar "phys_enable_experimental_optimizations") (value "1")
L 05/06/2021 - 09:24:38: [basecommands.smx] "Console<0><Console><Console>" changed cvar (cvar "prop_active_gib_limit") (value "1")
L 05/06/2021 - 09:24:38: [basecommands.smx] "Console<0><Console><Console>" changed cvar (cvar "prop_active_gib_max_fade_time") (value "1")
L 05/06/2021 - 09:24:38: [basecommands.smx] "Console<0><Console><Console>" changed cvar (cvar "sv_turbophysics") (value "1")
L 05/06/2021 - 09:24:38: [basecommands.smx] "Console<0><Console><Console>" changed cvar (cvar "fps_max") (value "0")
L 05/06/2021 - 09:24:38: [basecommands.smx] "Console<0><Console><Console>" changed cvar (cvar "host_framerate") (value "0")
L 05/06/2021 - 09:24:38: [basecommands.smx] "Console<0><Console><Console>" changed cvar (cvar "sv_alternateticks") (value "1")
L 05/06/2021 - 09:24:38: [basecommands.smx] "Console<0><Console><Console>" changed cvar (cvar "sv_forcepreload") (value "1")
L 05/06/2021 - 09:24:38: [basecommands.smx] "Console<0><Console><Console>" changed cvar (cvar "sv_stats") (value "0")
L 05/06/2021 - 09:24:38: [basecommands.smx] "Console<0><Console><Console>" changed cvar (cvar "sv_parallel_packentities") (value "1")
L 05/06/2021 - 09:24:38: [basecommands.smx] "Console<0><Console><Console>" changed cvar (cvar "sv_multiplayer_maxtempentities") (value "1")
L 05/06/2021 - 09:24:38: [basecommands.smx] "Console<0><Console><Console>" changed cvar (cvar "occlusion_test_async") (value "1")
L 05/06/2021 - 09:24:38: [basecommands.smx] "Console<0><Console><Console>" changed cvar (cvar "host_threaded_sound") (value "1")
L 05/06/2021 - 09:24:38: [basecommands.smx] "Console<0><Console><Console>" changed cvar (cvar "sv_threaded_init") (value "1")
L 05/06/2021 - 09:24:38: [basecommands.smx] "Console<0><Console><Console>" changed cvar (cvar "mod_load_anims_async") (value "1")
L 05/06/2021 - 09:24:38: [basecommands.smx] "Console<0><Console><Console>" changed cvar (cvar "mod_load_mesh_async") (value "1")
L 05/06/2021 - 09:24:38: [basecommands.smx] "Console<0><Console><Console>" changed cvar (cvar "mod_load_vcollide_async") (value "1")
L 05/06/2021 - 09:24:38: [basecommands.smx] "Console<0><Console><Console>" changed cvar (cvar "vprof_server_thread") (value "1")
L 05/06/2021 - 09:24:38: [basecommands.smx] "Console<0><Console><Console>" changed cvar (cvar "g_ai_threadedgraphbuild") (value "1")
L 05/06/2021 - 09:24:38: [basecommands.smx] "Console<0><Console><Console>" changed cvar (cvar "mp_teamname_2") (value "Profit$ - T")
L 05/06/2021 - 09:24:38: [basecommands.smx] "Console<0><Console><Console>" changed cvar (cvar "mp_teamname_1") (value "Profit$ - CT")
L 05/06/2021 - 09:24:38: [basecommands.smx] "Console<0><Console><Console>" changed cvar (cvar "sv_allow_thirdperson") (value "1")
L 05/06/2021 - 09:24:38: [basecommands.smx] "Console<0><Console><Console>" changed cvar (cvar "sv_pure_kick_clients") (value "0")
L 05/06/2021 - 09:24:38: [basecommands.smx] "Console<0><Console><Console>" changed cvar (cvar "sv_server_verify_blood_on_player") (value "0")
L 05/06/2021 - 09:24:38: [basecommands.smx] "Console<0><Console><Console>" changed cvar (cvar "host_players_show") (value "2")
L 05/06/2021 - 09:24:38: [basecommands.smx] "Console<0><Console><Console>" changed cvar (cvar "host_info_show") (value "2")
L 05/06/2021 - 09:24:38: [basecommands.smx] "Console<0><Console><Console>" changed cvar (cvar "game_mode") (value "1")
L 05/06/2021 - 09:24:38: [basecommands.smx] "Console<0><Console><Console>" changed cvar (cvar "game_type") (value "0")
L 05/06/2021 - 09:24:38: [basecommands.smx] "Console<0><Console><Console>" changed cvar (cvar "sm_afk_exclude_dead") (value "1")
L 05/06/2021 - 09:24:38: [basecommands.smx] "Console<0><Console><Console>" changed cvar (cvar "bot_join_after_player") (value "0")
L 05/06/2021 - 09:24:38: [basecommands.smx] "Console<0><Console><Console>" changed cvar (cvar "bot_join_team") (value "")
L 05/06/2021 - 09:24:38: [basecommands.smx] "Console<0><Console><Console>" changed cvar (cvar "mp_roundtime") (value "1.92")
L 05/06/2021 - 09:24:38: [basecommands.smx] "Console<0><Console><Console>" changed cvar (cvar "mp_roundtime_hostage") (value "1.92")
L 05/06/2021 - 09:24:38: [basecommands.smx] "Console<0><Console><Console>" changed cvar (cvar "mp_roundtime_defuse") (value "1.92")
L 05/06/2021 - 09:24:38: [basecommands.smx] "Console<0><Console><Console>" changed cvar (cvar "sv_unlag") (value "0")
L 05/06/2021 - 09:24:39: [afk_manager4.smx] [AFK Manager] Log File: addons/sourcemod/logs/afkm_20210506.log
L 05/06/2021 - 12:41:18: -------- Mapchange to mg_lego_profits --------
L 05/06/2021 - 12:41:18: [basecommands.smx] "Console<0><Console><Console>" changed cvar (cvar "sv_vote_issue_changelevel_allowed") (value "0")
L 05/06/2021 - 12:41:18: [basecommands.smx] "Console<0><Console><Console>" changed cvar (cvar "sv_max_distance_transmit_footsteps") (value "9999")
L 05/06/2021 - 12:41:18: [basecommands.smx] "Console<0><Console><Console>" changed cvar (cvar "sv_hibernate_ms") (value "0")
L 05/06/2021 - 12:41:18: [basecommands.smx] "Console<0><Console><Console>" changed cvar (cvar "sv_hibernate_ms_vgui") (value "0")
L 05/06/2021 - 12:41:18: [basecommands.smx] "Console<0><Console><Console>" changed cvar (cvar "sv_hibernate_postgame_delay") (value "0")
L 05/06/2021 - 12:41:18: [basecommands.smx] "Console<0><Console><Console>" changed cvar (cvar "sv_hibernate_when_empty") (value "0")
L 05/06/2021 - 12:41:18: [basecommands.smx] "Console<0><Console><Console>" changed cvar (cvar "sv_parallel_sendsnapshot") (value "1")
L 05/06/2021 - 12:41:18: [basecommands.smx] "Console<0><Console><Console>" changed cvar (cvar "sv_enable_delta_packing") (value "1")
L 05/06/2021 - 12:41:18: [basecommands.smx] "Console<0><Console><Console>" changed cvar (cvar "sv_maxunlag") (value "0.200")
L 05/06/2021 - 12:41:18: [basecommands.smx] "Console<0><Console><Console>" changed cvar (cvar "net_maxcleartime") (value "0.001")
L 05/06/2021 - 12:41:18: [basecommands.smx] "Console<0><Console><Console>" changed cvar (cvar "net_minroutable") (value "1000")
L 05/06/2021 - 12:41:18: [basecommands.smx] "Console<0><Console><Console>" changed cvar (cvar "net_compresspackets") (value "0")
L 05/06/2021 - 12:41:18: [basecommands.smx] "Console<0><Console><Console>" changed cvar (cvar "g_ragdoll_important_maxcount") (value "1")
L 05/06/2021 - 12:41:18: [basecommands.smx] "Console<0><Console><Console>" changed cvar (cvar "g_ragdoll_maxcount") (value "1")
L 05/06/2021 - 12:41:18: [basecommands.smx] "Console<0><Console><Console>" changed cvar (cvar "phys_enable_experimental_optimizations") (value "1")
L 05/06/2021 - 12:41:18: [basecommands.smx] "Console<0><Console><Console>" changed cvar (cvar "prop_active_gib_limit") (value "1")
L 05/06/2021 - 12:41:18: [basecommands.smx] "Console<0><Console><Console>" changed cvar (cvar "prop_active_gib_max_fade_time") (value "1")
L 05/06/2021 - 12:41:18: [basecommands.smx] "Console<0><Console><Console>" changed cvar (cvar "sv_turbophysics") (value "1")
L 05/06/2021 - 12:41:18: [basecommands.smx] "Console<0><Console><Console>" changed cvar (cvar "fps_max") (value "0")
L 05/06/2021 - 12:41:18: [basecommands.smx] "Console<0><Console><Console>" changed cvar (cvar "host_framerate") (value "0")
L 05/06/2021 - 12:41:18: [basecommands.smx] "Console<0><Console><Console>" changed cvar (cvar "sv_alternateticks") (value "1")
L 05/06/2021 - 12:41:18: [basecommands.smx] "Console<0><Console><Console>" changed cvar (cvar "sv_forcepreload") (value "1")
L 05/06/2021 - 12:41:18: [basecommands.smx] "Console<0><Console><Console>" changed cvar (cvar "sv_stats") (value "0")
L 05/06/2021 - 12:41:18: [basecommands.smx] "Console<0><Console><Console>" changed cvar (cvar "sv_parallel_packentities") (value "1")
L 05/06/2021 - 12:41:18: [basecommands.smx] "Console<0><Console><Console>" changed cvar (cvar "sv_multiplayer_maxtempentities") (value "1")
L 05/06/2021 - 12:41:18: [basecommands.smx] "Console<0><Console><Console>" changed cvar (cvar "occlusion_test_async") (value "1")
L 05/06/2021 - 12:41:18: [basecommands.smx] "Console<0><Console><Console>" changed cvar (cvar "host_threaded_sound") (value "1")
L 05/06/2021 - 12:41:18: [basecommands.smx] "Console<0><Console><Console>" changed cvar (cvar "sv_threaded_init") (value "1")
L 05/06/2021 - 12:41:18: [basecommands.smx] "Console<0><Console><Console>" changed cvar (cvar "mod_load_anims_async") (value "1")
L 05/06/2021 - 12:41:18: [basecommands.smx] "Console<0><Console><Console>" changed cvar (cvar "mod_load_mesh_async") (value "1")
L 05/06/2021 - 12:41:18: [basecommands.smx] "Console<0><Console><Console>" changed cvar (cvar "mod_load_vcollide_async") (value "1")
L 05/06/2021 - 12:41:18: [basecommands.smx] "Console<0><Console><Console>" changed cvar (cvar "vprof_server_thread") (value "1")
L 05/06/2021 - 12:41:18: [basecommands.smx] "Console<0><Console><Console>" changed cvar (cvar "g_ai_threadedgraphbuild") (value "1")
L 05/06/2021 - 12:41:18: [basecommands.smx] "Console<0><Console><Console>" changed cvar (cvar "mp_teamname_2") (value "Profit$ - T")
L 05/06/2021 - 12:41:18: [basecommands.smx] "Console<0><Console><Console>" changed cvar (cvar "mp_teamname_1") (value "Profit$ - CT")
L 05/06/2021 - 12:41:18: [basecommands.smx] "Console<0><Console><Console>" changed cvar (cvar "sv_allow_thirdperson") (value "1")
L 05/06/2021 - 12:41:18: [basecommands.smx] "Console<0><Console><Console>" changed cvar (cvar "sv_pure_kick_clients") (value "0")
L 05/06/2021 - 12:41:18: [basecommands.smx] "Console<0><Console><Console>" changed cvar (cvar "sv_server_verify_blood_on_player") (value "0")
L 05/06/2021 - 12:41:18: [basecommands.smx] "Console<0><Console><Console>" changed cvar (cvar "host_players_show") (value "2")
L 05/06/2021 - 12:41:18: [basecommands.smx] "Console<0><Console><Console>" changed cvar (cvar "host_info_show") (value "2")
L 05/06/2021 - 12:41:18: [basecommands.smx] "Console<0><Console><Console>" changed cvar (cvar "game_mode") (value "1")
L 05/06/2021 - 12:41:18: [basecommands.smx] "Console<0><Console><Console>" changed cvar (cvar "game_type") (value "0")
L 05/06/2021 - 12:41:18: [basecommands.smx] "Console<0><Console><Console>" changed cvar (cvar "sm_afk_exclude_dead") (value "1")
L 05/06/2021 - 12:41:18: [basecommands.smx] "Console<0><Console><Console>" changed cvar (cvar "bot_join_after_player") (value "0")
L 05/06/2021 - 12:41:18: [basecommands.smx] "Console<0><Console><Console>" changed cvar (cvar "bot_join_team") (value "")
L 05/06/2021 - 12:41:18: [basecommands.smx] "Console<0><Console><Console>" changed cvar (cvar "mp_roundtime") (value "1.92")
L 05/06/2021 - 12:41:18: [basecommands.smx] "Console<0><Console><Console>" changed cvar (cvar "mp_roundtime_hostage") (value "1.92")
L 05/06/2021 - 12:41:18: [basecommands.smx] "Console<0><Console><Console>" changed cvar (cvar "mp_roundtime_defuse") (value "1.92")
L 05/06/2021 - 12:41:18: [basecommands.smx] "Console<0><Console><Console>" changed cvar (cvar "sv_unlag") (value "0")
L 05/06/2021 - 16:19:31: -------- Mapchange to mg_lego_profits --------
L 05/06/2021 - 16:19:31: [basecommands.smx] "Console<0><Console><Console>" changed cvar (cvar "sv_vote_issue_changelevel_allowed") (value "0")
L 05/06/2021 - 16:19:31: [basecommands.smx] "Console<0><Console><Console>" changed cvar (cvar "sv_max_distance_transmit_footsteps") (value "9999")
L 05/06/2021 - 16:19:31: [basecommands.smx] "Console<0><Console><Console>" changed cvar (cvar "sv_hibernate_ms") (value "0")
L 05/06/2021 - 16:19:31: [basecommands.smx] "Console<0><Console><Console>" changed cvar (cvar "sv_hibernate_ms_vgui") (value "0")
L 05/06/2021 - 16:19:31: [basecommands.smx] "Console<0><Console><Console>" changed cvar (cvar "sv_hibernate_postgame_delay") (value "0")
L 05/06/2021 - 16:19:31: [basecommands.smx] "Console<0><Console><Console>" changed cvar (cvar "sv_hibernate_when_empty") (value "0")
L 05/06/2021 - 16:19:31: [basecommands.smx] "Console<0><Console><Console>" changed cvar (cvar "sv_parallel_sendsnapshot") (value "1")
L 05/06/2021 - 16:19:31: [basecommands.smx] "Console<0><Console><Console>" changed cvar (cvar "sv_enable_delta_packing") (value "1")
L 05/06/2021 - 16:19:31: [basecommands.smx] "Console<0><Console><Console>" changed cvar (cvar "sv_maxunlag") (value "0.200")
L 05/06/2021 - 16:19:31: [basecommands.smx] "Console<0><Console><Console>" changed cvar (cvar "net_maxcleartime") (value "0.001")
L 05/06/2021 - 16:19:31: [basecommands.smx] "Console<0><Console><Console>" changed cvar (cvar "net_minroutable") (value "1000")
L 05/06/2021 - 16:19:31: [basecommands.smx] "Console<0><Console><Console>" changed cvar (cvar "net_compresspackets") (value "0")
L 05/06/2021 - 16:19:31: [basecommands.smx] "Console<0><Console><Console>" changed cvar (cvar "g_ragdoll_important_maxcount") (value "1")
L 05/06/2021 - 16:19:31: [basecommands.smx] "Console<0><Console><Console>" changed cvar (cvar "g_ragdoll_maxcount") (value "1")
L 05/06/2021 - 16:19:31: [basecommands.smx] "Console<0><Console><Console>" changed cvar (cvar "phys_enable_experimental_optimizations") (value "1")
L 05/06/2021 - 16:19:31: [basecommands.smx] "Console<0><Console><Console>" changed cvar (cvar "prop_active_gib_limit") (value "1")
L 05/06/2021 - 16:19:31: [basecommands.smx] "Console<0><Console><Console>" changed cvar (cvar "prop_active_gib_max_fade_time") (value "1")
L 05/06/2021 - 16:19:31: [basecommands.smx] "Console<0><Console><Console>" changed cvar (cvar "sv_turbophysics") (value "1")
L 05/06/2021 - 16:19:31: [basecommands.smx] "Console<0><Console><Console>" changed cvar (cvar "fps_max") (value "0")
L 05/06/2021 - 16:19:31: [basecommands.smx] "Console<0><Console><Console>" changed cvar (cvar "host_framerate") (value "0")
L 05/06/2021 - 16:19:31: [basecommands.smx] "Console<0><Console><Console>" changed cvar (cvar "sv_alternateticks") (value "1")
L 05/06/2021 - 16:19:31: [basecommands.smx] "Console<0><Console><Console>" changed cvar (cvar "sv_forcepreload") (value "1")
L 05/06/2021 - 16:19:31: [basecommands.smx] "Console<0><Console><Console>" changed cvar (cvar "sv_stats") (value "0")
L 05/06/2021 - 16:19:31: [basecommands.smx] "Console<0><Console><Console>" changed cvar (cvar "sv_parallel_packentities") (value "1")
L 05/06/2021 - 16:19:31: [basecommands.smx] "Console<0><Console><Console>" changed cvar (cvar "sv_multiplayer_maxtempentities") (value "1")
L 05/06/2021 - 16:19:31: [basecommands.smx] "Console<0><Console><Console>" changed cvar (cvar "occlusion_test_async") (value "1")
L 05/06/2021 - 16:19:31: [basecommands.smx] "Console<0><Console><Console>" changed cvar (cvar "host_threaded_sound") (value "1")
L 05/06/2021 - 16:19:31: [basecommands.smx] "Console<0><Console><Console>" changed cvar (cvar "sv_threaded_init") (value "1")
L 05/06/2021 - 16:19:31: [basecommands.smx] "Console<0><Console><Console>" changed cvar (cvar "mod_load_anims_async") (value "1")
L 05/06/2021 - 16:19:31: [basecommands.smx] "Console<0><Console><Console>" changed cvar (cvar "mod_load_mesh_async") (value "1")
L 05/06/2021 - 16:19:31: [basecommands.smx] "Console<0><Console><Console>" changed cvar (cvar "mod_load_vcollide_async") (value "1")
L 05/06/2021 - 16:19:31: [basecommands.smx] "Console<0><Console><Console>" changed cvar (cvar "vprof_server_thread") (value "1")
L 05/06/2021 - 16:19:31: [basecommands.smx] "Console<0><Console><Console>" changed cvar (cvar "g_ai_threadedgraphbuild") (value "1")
L 05/06/2021 - 16:19:31: [basecommands.smx] "Console<0><Console><Console>" changed cvar (cvar "mp_teamname_2") (value "Profit$ - T")
L 05/06/2021 - 16:19:31: [basecommands.smx] "Console<0><Console><Console>" changed cvar (cvar "mp_teamname_1") (value "Profit$ - CT")
L 05/06/2021 - 16:19:31: [basecommands.smx] "Console<0><Console><Console>" changed cvar (cvar "sv_allow_thirdperson") (value "1")
L 05/06/2021 - 16:19:31: [basecommands.smx] "Console<0><Console><Console>" changed cvar (cvar "sv_pure_kick_clients") (value "0")
L 05/06/2021 - 16:19:31: [basecommands.smx] "Console<0><Console><Console>" changed cvar (cvar "sv_server_verify_blood_on_player") (value "0")
L 05/06/2021 - 16:19:31: [basecommands.smx] "Console<0><Console><Console>" changed cvar (cvar "host_players_show") (value "2")
L 05/06/2021 - 16:19:31: [basecommands.smx] "Console<0><Console><Console>" changed cvar (cvar "host_info_show") (value "2")
L 05/06/2021 - 16:19:31: [basecommands.smx] "Console<0><Console><Console>" changed cvar (cvar "game_mode") (value "1")
L 05/06/2021 - 16:19:31: [basecommands.smx] "Console<0><Console><Console>" changed cvar (cvar "game_type") (value "0")
L 05/06/2021 - 16:19:31: [basecommands.smx] "Console<0><Console><Console>" changed cvar (cvar "sm_afk_exclude_dead") (value "1")
L 05/06/2021 - 16:19:31: [basecommands.smx] "Console<0><Console><Console>" changed cvar (cvar "bot_join_after_player") (value "0")
L 05/06/2021 - 16:19:31: [basecommands.smx] "Console<0><Console><Console>" changed cvar (cvar "bot_join_team") (value "")
L 05/06/2021 - 16:19:31: [basecommands.smx] "Console<0><Console><Console>" changed cvar (cvar "mp_roundtime") (value "1.92")
L 05/06/2021 - 16:19:31: [basecommands.smx] "Console<0><Console><Console>" changed cvar (cvar "mp_roundtime_hostage") (value "1.92")
L 05/06/2021 - 16:19:31: [basecommands.smx] "Console<0><Console><Console>" changed cvar (cvar "mp_roundtime_defuse") (value "1.92")
L 05/06/2021 - 16:19:31: [basecommands.smx] "Console<0><Console><Console>" changed cvar (cvar "sv_unlag") (value "0")
L 05/06/2021 - 17:03:42: -------- Mapchange to mg_lego_profits --------
L 05/06/2021 - 17:03:42: [basecommands.smx] "Console<0><Console><Console>" changed cvar (cvar "sv_vote_issue_changelevel_allowed") (value "0")
L 05/06/2021 - 17:03:42: [basecommands.smx] "Console<0><Console><Console>" changed cvar (cvar "sv_max_distance_transmit_footsteps") (value "9999")
L 05/06/2021 - 17:03:42: [basecommands.smx] "Console<0><Console><Console>" changed cvar (cvar "sv_hibernate_ms") (value "0")
L 05/06/2021 - 17:03:42: [basecommands.smx] "Console<0><Console><Console>" changed cvar (cvar "sv_hibernate_ms_vgui") (value "0")
L 05/06/2021 - 17:03:42: [basecommands.smx] "Console<0><Console><Console>" changed cvar (cvar "sv_hibernate_postgame_delay") (value "0")
L 05/06/2021 - 17:03:42: [basecommands.smx] "Console<0><Console><Console>" changed cvar (cvar "sv_hibernate_when_empty") (value "0")
L 05/06/2021 - 17:03:42: [basecommands.smx] "Console<0><Console><Console>" changed cvar (cvar "sv_parallel_sendsnapshot") (value "1")
L 05/06/2021 - 17:03:42: [basecommands.smx] "Console<0><Console><Console>" changed cvar (cvar "sv_enable_delta_packing") (value "1")
L 05/06/2021 - 17:03:42: [basecommands.smx] "Console<0><Console><Console>" changed cvar (cvar "sv_maxunlag") (value "0.200")
L 05/06/2021 - 17:03:42: [basecommands.smx] "Console<0><Console><Console>" changed cvar (cvar "net_maxcleartime") (value "0.001")
L 05/06/2021 - 17:03:42: [basecommands.smx] "Console<0><Console><Console>" changed cvar (cvar "net_minroutable") (value "1000")
L 05/06/2021 - 17:03:42: [basecommands.smx] "Console<0><Console><Console>" changed cvar (cvar "net_compresspackets") (value "0")
L 05/06/2021 - 17:03:42: [basecommands.smx] "Console<0><Console><Console>" changed cvar (cvar "g_ragdoll_important_maxcount") (value "1")
L 05/06/2021 - 17:03:42: [basecommands.smx] "Console<0><Console><Console>" changed cvar (cvar "g_ragdoll_maxcount") (value "1")
L 05/06/2021 - 17:03:42: [basecommands.smx] "Console<0><Console><Console>" changed cvar (cvar "phys_enable_experimental_optimizations") (value "1")
L 05/06/2021 - 17:03:42: [basecommands.smx] "Console<0><Console><Console>" changed cvar (cvar "prop_active_gib_limit") (value "1")
L 05/06/2021 - 17:03:42: [basecommands.smx] "Console<0><Console><Console>" changed cvar (cvar "prop_active_gib_max_fade_time") (value "1")
L 05/06/2021 - 17:03:42: [basecommands.smx] "Console<0><Console><Console>" changed cvar (cvar "sv_turbophysics") (value "1")
L 05/06/2021 - 17:03:42: [basecommands.smx] "Console<0><Console><Console>" changed cvar (cvar "fps_max") (value "0")
L 05/06/2021 - 17:03:42: [basecommands.smx] "Console<0><Console><Console>" changed cvar (cvar "host_framerate") (value "0")
L 05/06/2021 - 17:03:42: [basecommands.smx] "Console<0><Console><Console>" changed cvar (cvar "sv_alternateticks") (value "1")
L 05/06/2021 - 17:03:42: [basecommands.smx] "Console<0><Console><Console>" changed cvar (cvar "sv_forcepreload") (value "1")
L 05/06/2021 - 17:03:42: [basecommands.smx] "Console<0><Console><Console>" changed cvar (cvar "sv_stats") (value "0")
L 05/06/2021 - 17:03:42: [basecommands.smx] "Console<0><Console><Console>" changed cvar (cvar "sv_parallel_packentities") (value "1")
L 05/06/2021 - 17:03:42: [basecommands.smx] "Console<0><Console><Console>" changed cvar (cvar "sv_multiplayer_maxtempentities") (value "1")
L 05/06/2021 - 17:03:42: [basecommands.smx] "Console<0><Console><Console>" changed cvar (cvar "occlusion_test_async") (value "1")
L 05/06/2021 - 17:03:42: [basecommands.smx] "Console<0><Console><Console>" changed cvar (cvar "host_threaded_sound") (value "1")
L 05/06/2021 - 17:03:42: [basecommands.smx] "Console<0><Console><Console>" changed cvar (cvar "sv_threaded_init") (value "1")
L 05/06/2021 - 17:03:42: [basecommands.smx] "Console<0><Console><Console>" changed cvar (cvar "mod_load_anims_async") (value "1")
L 05/06/2021 - 17:03:42: [basecommands.smx] "Console<0><Console><Console>" changed cvar (cvar "mod_load_mesh_async") (value "1")
L 05/06/2021 - 17:03:42: [basecommands.smx] "Console<0><Console><Console>" changed cvar (cvar "mod_load_vcollide_async") (value "1")
L 05/06/2021 - 17:03:42: [basecommands.smx] "Console<0><Console><Console>" changed cvar (cvar "vprof_server_thread") (value "1")
L 05/06/2021 - 17:03:42: [basecommands.smx] "Console<0><Console><Console>" changed cvar (cvar "g_ai_threadedgraphbuild") (value "1")
L 05/06/2021 - 17:03:42: [basecommands.smx] "Console<0><Console><Console>" changed cvar (cvar "mp_teamname_2") (value "Profit$ - T")
L 05/06/2021 - 17:03:42: [basecommands.smx] "Console<0><Console><Console>" changed cvar (cvar "mp_teamname_1") (value "Profit$ - CT")
L 05/06/2021 - 17:03:42: [basecommands.smx] "Console<0><Console><Console>" changed cvar (cvar "sv_allow_thirdperson") (value "1")
L 05/06/2021 - 17:03:42: [basecommands.smx] "Console<0><Console><Console>" changed cvar (cvar "sv_pure_kick_clients") (value "0")
L 05/06/2021 - 17:03:42: [basecommands.smx] "Console<0><Console><Console>" changed cvar (cvar "sv_server_verify_blood_on_player") (value "0")
L 05/06/2021 - 17:03:42: [basecommands.smx] "Console<0><Console><Console>" changed cvar (cvar "host_players_show") (value "2")
L 05/06/2021 - 17:03:42: [basecommands.smx] "Console<0><Console><Console>" changed cvar (cvar "host_info_show") (value "2")
L 05/06/2021 - 17:03:42: [basecommands.smx] "Console<0><Console><Console>" changed cvar (cvar "game_mode") (value "1")
L 05/06/2021 - 17:03:42: [basecommands.smx] "Console<0><Console><Console>" changed cvar (cvar "game_type") (value "0")
L 05/06/2021 - 17:03:42: [basecommands.smx] "Console<0><Console><Console>" changed cvar (cvar "sm_afk_exclude_dead") (value "1")
L 05/06/2021 - 17:03:42: [basecommands.smx] "Console<0><Console><Console>" changed cvar (cvar "bot_join_after_player") (value "0")
L 05/06/2021 - 17:03:42: [basecommands.smx] "Console<0><Console><Console>" changed cvar (cvar "bot_join_team") (value "")
L 05/06/2021 - 17:03:42: [basecommands.smx] "Console<0><Console><Console>" changed cvar (cvar "mp_roundtime") (value "1.92")
L 05/06/2021 - 17:03:42: [basecommands.smx] "Console<0><Console><Console>" changed cvar (cvar "mp_roundtime_hostage") (value "1.92")
L 05/06/2021 - 17:03:42: [basecommands.smx] "Console<0><Console><Console>" changed cvar (cvar "mp_roundtime_defuse") (value "1.92")
L 05/06/2021 - 17:03:42: [basecommands.smx] "Console<0><Console><Console>" changed cvar (cvar "sv_unlag") (value "0")
L 05/06/2021 - 21:48:34: -------- Mapchange to mg_lego_profits --------
L 05/06/2021 - 21:48:34: [basecommands.smx] "Console<0><Console><Console>" changed cvar (cvar "sv_vote_issue_changelevel_allowed") (value "0")
L 05/06/2021 - 21:48:34: [basecommands.smx] "Console<0><Console><Console>" changed cvar (cvar "sv_max_distance_transmit_footsteps") (value "9999")
L 05/06/2021 - 21:48:34: [basecommands.smx] "Console<0><Console><Console>" changed cvar (cvar "sv_hibernate_ms") (value "0")
L 05/06/2021 - 21:48:34: [basecommands.smx] "Console<0><Console><Console>" changed cvar (cvar "sv_hibernate_ms_vgui") (value "0")
L 05/06/2021 - 21:48:34: [basecommands.smx] "Console<0><Console><Console>" changed cvar (cvar "sv_hibernate_postgame_delay") (value "0")
L 05/06/2021 - 21:48:34: [basecommands.smx] "Console<0><Console><Console>" changed cvar (cvar "sv_hibernate_when_empty") (value "0")
L 05/06/2021 - 21:48:34: [basecommands.smx] "Console<0><Console><Console>" changed cvar (cvar "sv_parallel_sendsnapshot") (value "1")
L 05/06/2021 - 21:48:34: [basecommands.smx] "Console<0><Console><Console>" changed cvar (cvar "sv_enable_delta_packing") (value "1")
L 05/06/2021 - 21:48:34: [basecommands.smx] "Console<0><Console><Console>" changed cvar (cvar "sv_maxunlag") (value "0.200")
L 05/06/2021 - 21:48:34: [basecommands.smx] "Console<0><Console><Console>" changed cvar (cvar "net_maxcleartime") (value "0.001")
L 05/06/2021 - 21:48:34: [basecommands.smx] "Console<0><Console><Console>" changed cvar (cvar "net_minroutable") (value "1000")
L 05/06/2021 - 21:48:34: [basecommands.smx] "Console<0><Console><Console>" changed cvar (cvar "net_compresspackets") (value "0")
L 05/06/2021 - 21:48:34: [basecommands.smx] "Console<0><Console><Console>" changed cvar (cvar "g_ragdoll_important_maxcount") (value "1")
L 05/06/2021 - 21:48:34: [basecommands.smx] "Console<0><Console><Console>" changed cvar (cvar "g_ragdoll_maxcount") (value "1")
L 05/06/2021 - 21:48:34: [basecommands.smx] "Console<0><Console><Console>" changed cvar (cvar "phys_enable_experimental_optimizations") (value "1")
L 05/06/2021 - 21:48:34: [basecommands.smx] "Console<0><Console><Console>" changed cvar (cvar "prop_active_gib_limit") (value "1")
L 05/06/2021 - 21:48:34: [basecommands.smx] "Console<0><Console><Console>" changed cvar (cvar "prop_active_gib_max_fade_time") (value "1")
L 05/06/2021 - 21:48:34: [basecommands.smx] "Console<0><Console><Console>" changed cvar (cvar "sv_turbophysics") (value "1")
L 05/06/2021 - 21:48:34: [basecommands.smx] "Console<0><Console><Console>" changed cvar (cvar "fps_max") (value "0")
L 05/06/2021 - 21:48:34: [basecommands.smx] "Console<0><Console><Console>" changed cvar (cvar "host_framerate") (value "0")
L 05/06/2021 - 21:48:34: [basecommands.smx] "Console<0><Console><Console>" changed cvar (cvar "sv_alternateticks") (value "1")
L 05/06/2021 - 21:48:34: [basecommands.smx] "Console<0><Console><Console>" changed cvar (cvar "sv_forcepreload") (value "1")
L 05/06/2021 - 21:48:34: [basecommands.smx] "Console<0><Console><Console>" changed cvar (cvar "sv_stats") (value "0")
L 05/06/2021 - 21:48:34: [basecommands.smx] "Console<0><Console><Console>" changed cvar (cvar "sv_parallel_packentities") (value "1")
L 05/06/2021 - 21:48:34: [basecommands.smx] "Console<0><Console><Console>" changed cvar (cvar "sv_multiplayer_maxtempentities") (value "1")
L 05/06/2021 - 21:48:34: [basecommands.smx] "Console<0><Console><Console>" changed cvar (cvar "occlusion_test_async") (value "1")
L 05/06/2021 - 21:48:34: [basecommands.smx] "Console<0><Console><Console>" changed cvar (cvar "host_threaded_sound") (value "1")
L 05/06/2021 - 21:48:34: [basecommands.smx] "Console<0><Console><Console>" changed cvar (cvar "sv_threaded_init") (value "1")
L 05/06/2021 - 21:48:34: [basecommands.smx] "Console<0><Console><Console>" changed cvar (cvar "mod_load_anims_async") (value "1")
L 05/06/2021 - 21:48:34: [basecommands.smx] "Console<0><Console><Console>" changed cvar (cvar "mod_load_mesh_async") (value "1")
L 05/06/2021 - 21:48:34: [basecommands.smx] "Console<0><Console><Console>" changed cvar (cvar "mod_load_vcollide_async") (value "1")
L 05/06/2021 - 21:48:34: [basecommands.smx] "Console<0><Console><Console>" changed cvar (cvar "vprof_server_thread") (value "1")
L 05/06/2021 - 21:48:34: [basecommands.smx] "Console<0><Console><Console>" changed cvar (cvar "g_ai_threadedgraphbuild") (value "1")
L 05/06/2021 - 21:48:34: [basecommands.smx] "Console<0><Console><Console>" changed cvar (cvar "mp_teamname_2") (value "Profit$ - T")
L 05/06/2021 - 21:48:34: [basecommands.smx] "Console<0><Console><Console>" changed cvar (cvar "mp_teamname_1") (value "Profit$ - CT")
L 05/06/2021 - 21:48:34: [basecommands.smx] "Console<0><Console><Console>" changed cvar (cvar "sv_allow_thirdperson") (value "1")
L 05/06/2021 - 21:48:34: [basecommands.smx] "Console<0><Console><Console>" changed cvar (cvar "sv_pure_kick_clients") (value "0")
L 05/06/2021 - 21:48:34: [basecommands.smx] "Console<0><Console><Console>" changed cvar (cvar "sv_server_verify_blood_on_player") (value "0")
L 05/06/2021 - 21:48:34: [basecommands.smx] "Console<0><Console><Console>" changed cvar (cvar "host_players_show") (value "2")
L 05/06/2021 - 21:48:34: [basecommands.smx] "Console<0><Console><Console>" changed cvar (cvar "host_info_show") (value "2")
L 05/06/2021 - 21:48:34: [basecommands.smx] "Console<0><Console><Console>" changed cvar (cvar "game_mode") (value "1")
L 05/06/2021 - 21:48:34: [basecommands.smx] "Console<0><Console><Console>" changed cvar (cvar "game_type") (value "0")
L 05/06/2021 - 21:48:34: [basecommands.smx] "Console<0><Console><Console>" changed cvar (cvar "sm_afk_exclude_dead") (value "1")
L 05/06/2021 - 21:48:34: [basecommands.smx] "Console<0><Console><Console>" changed cvar (cvar "bot_join_after_player") (value "0")
L 05/06/2021 - 21:48:34: [basecommands.smx] "Console<0><Console><Console>" changed cvar (cvar "bot_join_team") (value "")
L 05/06/2021 - 21:48:34: [basecommands.smx] "Console<0><Console><Console>" changed cvar (cvar "mp_roundtime") (value "1.92")
L 05/06/2021 - 21:48:34: [basecommands.smx] "Console<0><Console><Console>" changed cvar (cvar "mp_roundtime_hostage") (value "1.92")
L 05/06/2021 - 21:48:34: [basecommands.smx] "Console<0><Console><Console>" changed cvar (cvar "mp_roundtime_defuse") (value "1.92")
L 05/06/2021 - 21:48:34: [basecommands.smx] "Console<0><Console><Console>" changed cvar (cvar "sv_unlag") (value "0")
L 05/06/2021 - 23:31:58: [auto_steam_update.smx] Received a master server restart request, and there are no players in the server. Restarting to update.
L 05/06/2021 - 23:31:59: Log file closed.
L 05/06/2021 - 23:32:18: SourceMod log file session started (file "/home/steam/minigames/csgo/addons/sourcemod/logs/L20210506.log") (Version "1.10.0.6502")
L 05/06/2021 - 23:32:18: [GEOIP] GeoIP database info: GEO-106FREE 20180327 Build 1 Copyright (c) 2018 MaxMind Inc All Rights Reserved
L 05/06/2021 - 23:32:18: [auto_steam_update.smx] HUD text is supported on this mod. The persistant timer will display.
L 05/06/2021 - 23:32:18: [simple-chatprocessor.smx] [SCP] Recognized mod [Counter-Strike: GO].
L 05/06/2021 - 23:32:18: [simple-chatprocessor.smx] [SCP] Loading translation file [scp.csgo.phrases].
L 05/06/2021 - 23:32:18: [afk_manager4.smx] [AFK Manager] Log File: addons/sourcemod/logs/afkm_20210506.log
L 05/06/2021 - 23:32:18: [afk_manager4.smx] [AFK Manager] Detected Mod Counter-Strike: Global Offensive
L 05/06/2021 - 23:44:01: -------- Mapchange to mg_lego_profits --------
L 05/06/2021 - 23:44:01: [basecommands.smx] "Console<0><Console><Console>" changed cvar (cvar "sv_vote_issue_changelevel_allowed") (value "0")
L 05/06/2021 - 23:44:01: [basecommands.smx] "Console<0><Console><Console>" changed cvar (cvar "sv_max_distance_transmit_footsteps") (value "9999")
L 05/06/2021 - 23:44:01: [basecommands.smx] "Console<0><Console><Console>" changed cvar (cvar "sv_hibernate_ms") (value "0")
L 05/06/2021 - 23:44:01: [basecommands.smx] "Console<0><Console><Console>" changed cvar (cvar "sv_hibernate_ms_vgui") (value "0")
L 05/06/2021 - 23:44:01: [basecommands.smx] "Console<0><Console><Console>" changed cvar (cvar "sv_hibernate_postgame_delay") (value "0")
L 05/06/2021 - 23:44:01: [basecommands.smx] "Console<0><Console><Console>" changed cvar (cvar "sv_hibernate_when_empty") (value "0")
L 05/06/2021 - 23:44:01: [basecommands.smx] "Console<0><Console><Console>" changed cvar (cvar "sv_parallel_sendsnapshot") (value "1")
L 05/06/2021 - 23:44:01: [basecommands.smx] "Console<0><Console><Console>" changed cvar (cvar "sv_enable_delta_packing") (value "1")
L 05/06/2021 - 23:44:01: [basecommands.smx] "Console<0><Console><Console>" changed cvar (cvar "sv_maxunlag") (value "0.200")
L 05/06/2021 - 23:44:01: [basecommands.smx] "Console<0><Console><Console>" changed cvar (cvar "net_maxcleartime") (value "0.001")
L 05/06/2021 - 23:44:01: [basecommands.smx] "Console<0><Console><Console>" changed cvar (cvar "net_minroutable") (value "1000")
L 05/06/2021 - 23:44:01: [basecommands.smx] "Console<0><Console><Console>" changed cvar (cvar "net_compresspackets") (value "0")
L 05/06/2021 - 23:44:01: [basecommands.smx] "Console<0><Console><Console>" changed cvar (cvar "g_ragdoll_important_maxcount") (value "1")
L 05/06/2021 - 23:44:01: [basecommands.smx] "Console<0><Console><Console>" changed cvar (cvar "g_ragdoll_maxcount") (value "1")
L 05/06/2021 - 23:44:01: [basecommands.smx] "Console<0><Console><Console>" changed cvar (cvar "phys_enable_experimental_optimizations") (value "1")
L 05/06/2021 - 23:44:01: [basecommands.smx] "Console<0><Console><Console>" changed cvar (cvar "prop_active_gib_limit") (value "1")
L 05/06/2021 - 23:44:01: [basecommands.smx] "Console<0><Console><Console>" changed cvar (cvar "prop_active_gib_max_fade_time") (value "1")
L 05/06/2021 - 23:44:01: [basecommands.smx] "Console<0><Console><Console>" changed cvar (cvar "sv_turbophysics") (value "1")
L 05/06/2021 - 23:44:01: [basecommands.smx] "Console<0><Console><Console>" changed cvar (cvar "fps_max") (value "0")
L 05/06/2021 - 23:44:01: [basecommands.smx] "Console<0><Console><Console>" changed cvar (cvar "host_framerate") (value "0")
L 05/06/2021 - 23:44:01: [basecommands.smx] "Console<0><Console><Console>" changed cvar (cvar "sv_alternateticks") (value "1")
L 05/06/2021 - 23:44:01: [basecommands.smx] "Console<0><Console><Console>" changed cvar (cvar "sv_forcepreload") (value "1")
L 05/06/2021 - 23:44:01: [basecommands.smx] "Console<0><Console><Console>" changed cvar (cvar "sv_stats") (value "0")
L 05/06/2021 - 23:44:01: [basecommands.smx] "Console<0><Console><Console>" changed cvar (cvar "sv_parallel_packentities") (value "1")
L 05/06/2021 - 23:44:01: [basecommands.smx] "Console<0><Console><Console>" changed cvar (cvar "sv_multiplayer_maxtempentities") (value "1")
L 05/06/2021 - 23:44:01: [basecommands.smx] "Console<0><Console><Console>" changed cvar (cvar "occlusion_test_async") (value "1")
L 05/06/2021 - 23:44:01: [basecommands.smx] "Console<0><Console><Console>" changed cvar (cvar "host_threaded_sound") (value "1")
L 05/06/2021 - 23:44:01: [basecommands.smx] "Console<0><Console><Console>" changed cvar (cvar "sv_threaded_init") (value "1")
L 05/06/2021 - 23:44:01: [basecommands.smx] "Console<0><Console><Console>" changed cvar (cvar "mod_load_anims_async") (value "1")
L 05/06/2021 - 23:44:01: [basecommands.smx] "Console<0><Console><Console>" changed cvar (cvar "mod_load_mesh_async") (value "1")
L 05/06/2021 - 23:44:01: [basecommands.smx] "Console<0><Console><Console>" changed cvar (cvar "mod_load_vcollide_async") (value "1")
L 05/06/2021 - 23:44:01: [basecommands.smx] "Console<0><Console><Console>" changed cvar (cvar "vprof_server_thread") (value "1")
L 05/06/2021 - 23:44:01: [basecommands.smx] "Console<0><Console><Console>" changed cvar (cvar "g_ai_threadedgraphbuild") (value "1")
L 05/06/2021 - 23:44:01: [basecommands.smx] "Console<0><Console><Console>" changed cvar (cvar "mp_teamname_2") (value "Profit$ - T")
L 05/06/2021 - 23:44:01: [basecommands.smx] "Console<0><Console><Console>" changed cvar (cvar "mp_teamname_1") (value "Profit$ - CT")
L 05/06/2021 - 23:44:01: [basecommands.smx] "Console<0><Console><Console>" changed cvar (cvar "sv_allow_thirdperson") (value "1")
L 05/06/2021 - 23:44:01: [basecommands.smx] "Console<0><Console><Console>" changed cvar (cvar "sv_pure_kick_clients") (value "0")
L 05/06/2021 - 23:44:01: [basecommands.smx] "Console<0><Console><Console>" changed cvar (cvar "sv_server_verify_blood_on_player") (value "0")
L 05/06/2021 - 23:44:01: [basecommands.smx] "Console<0><Console><Console>" changed cvar (cvar "host_players_show") (value "2")
L 05/06/2021 - 23:44:01: [basecommands.smx] "Console<0><Console><Console>" changed cvar (cvar "host_info_show") (value "2")
L 05/06/2021 - 23:44:01: [basecommands.smx] "Console<0><Console><Console>" changed cvar (cvar "game_mode") (value "1")
L 05/06/2021 - 23:44:01: [basecommands.smx] "Console<0><Console><Console>" changed cvar (cvar "game_type") (value "0")
L 05/06/2021 - 23:44:01: [basecommands.smx] "Console<0><Console><Console>" changed cvar (cvar "sm_afk_exclude_dead") (value "1")
L 05/06/2021 - 23:44:01: [basecommands.smx] "Console<0><Console><Console>" changed cvar (cvar "bot_join_after_player") (value "0")
L 05/06/2021 - 23:44:01: [basecommands.smx] "Console<0><Console><Console>" changed cvar (cvar "bot_join_team") (value "")
L 05/06/2021 - 23:44:01: [basecommands.smx] "Console<0><Console><Console>" changed cvar (cvar "mp_roundtime") (value "1.92")
L 05/06/2021 - 23:44:01: [basecommands.smx] "Console<0><Console><Console>" changed cvar (cvar "mp_roundtime_hostage") (value "1.92")
L 05/06/2021 - 23:44:01: [basecommands.smx] "Console<0><Console><Console>" changed cvar (cvar "mp_roundtime_defuse") (value "1.92")
L 05/06/2021 - 23:44:01: [basecommands.smx] "Console<0><Console><Console>" changed cvar (cvar "sv_unlag") (value "0")
L 05/08/2021 - 12:03:32: Log file closed.
