L 02/05/2022 - 01:14:58: SourceMod log file session started (file "/home/steam/minigames/csgo/addons/sourcemod/logs/L20220205.log") (Version "1.10.0.6502")
L 02/05/2022 - 01:14:58: [basecommands.smx] "Console<0><Console><Console>" changed cvar (cvar "sv_vote_issue_changelevel_allowed") (value "0")
L 02/05/2022 - 01:14:58: [basecommands.smx] "Console<0><Console><Console>" changed cvar (cvar "sv_max_distance_transmit_footsteps") (value "9999")
L 02/05/2022 - 01:14:58: [basecommands.smx] "Console<0><Console><Console>" changed cvar (cvar "sv_hibernate_ms") (value "0")
L 02/05/2022 - 01:14:58: [basecommands.smx] "Console<0><Console><Console>" changed cvar (cvar "sv_hibernate_ms_vgui") (value "0")
L 02/05/2022 - 01:14:58: [basecommands.smx] "Console<0><Console><Console>" changed cvar (cvar "sv_hibernate_postgame_delay") (value "0")
L 02/05/2022 - 01:14:58: [basecommands.smx] "Console<0><Console><Console>" changed cvar (cvar "sv_hibernate_when_empty") (value "0")
L 02/05/2022 - 01:14:58: [basecommands.smx] "Console<0><Console><Console>" changed cvar (cvar "sv_parallel_sendsnapshot") (value "1")
L 02/05/2022 - 01:14:58: [basecommands.smx] "Console<0><Console><Console>" changed cvar (cvar "sv_enable_delta_packing") (value "1")
L 02/05/2022 - 01:14:58: [basecommands.smx] "Console<0><Console><Console>" changed cvar (cvar "sv_maxunlag") (value "0.200")
L 02/05/2022 - 01:14:58: [basecommands.smx] "Console<0><Console><Console>" changed cvar (cvar "net_maxcleartime") (value "0.001")
L 02/05/2022 - 01:14:58: [basecommands.smx] "Console<0><Console><Console>" changed cvar (cvar "net_minroutable") (value "1000")
L 02/05/2022 - 01:14:58: [basecommands.smx] "Console<0><Console><Console>" changed cvar (cvar "net_compresspackets") (value "0")
L 02/05/2022 - 01:14:58: [basecommands.smx] "Console<0><Console><Console>" changed cvar (cvar "g_ragdoll_important_maxcount") (value "1")
L 02/05/2022 - 01:14:58: [basecommands.smx] "Console<0><Console><Console>" changed cvar (cvar "g_ragdoll_maxcount") (value "1")
L 02/05/2022 - 01:14:58: [basecommands.smx] "Console<0><Console><Console>" changed cvar (cvar "phys_enable_experimental_optimizations") (value "1")
L 02/05/2022 - 01:14:58: [basecommands.smx] "Console<0><Console><Console>" changed cvar (cvar "prop_active_gib_limit") (value "1")
L 02/05/2022 - 01:14:58: [basecommands.smx] "Console<0><Console><Console>" changed cvar (cvar "prop_active_gib_max_fade_time") (value "1")
L 02/05/2022 - 01:14:58: [basecommands.smx] "Console<0><Console><Console>" changed cvar (cvar "sv_turbophysics") (value "1")
L 02/05/2022 - 01:14:58: [basecommands.smx] "Console<0><Console><Console>" changed cvar (cvar "fps_max") (value "0")
L 02/05/2022 - 01:14:58: [basecommands.smx] "Console<0><Console><Console>" changed cvar (cvar "host_framerate") (value "0")
L 02/05/2022 - 01:14:58: [basecommands.smx] "Console<0><Console><Console>" changed cvar (cvar "sv_alternateticks") (value "1")
L 02/05/2022 - 01:14:58: [basecommands.smx] "Console<0><Console><Console>" changed cvar (cvar "sv_forcepreload") (value "1")
L 02/05/2022 - 01:14:58: [basecommands.smx] "Console<0><Console><Console>" changed cvar (cvar "sv_stats") (value "0")
L 02/05/2022 - 01:14:58: [basecommands.smx] "Console<0><Console><Console>" changed cvar (cvar "sv_parallel_packentities") (value "1")
L 02/05/2022 - 01:14:58: [basecommands.smx] "Console<0><Console><Console>" changed cvar (cvar "sv_multiplayer_maxtempentities") (value "1")
L 02/05/2022 - 01:14:58: [basecommands.smx] "Console<0><Console><Console>" changed cvar (cvar "occlusion_test_async") (value "1")
L 02/05/2022 - 01:14:58: [basecommands.smx] "Console<0><Console><Console>" changed cvar (cvar "host_threaded_sound") (value "1")
L 02/05/2022 - 01:14:58: [basecommands.smx] "Console<0><Console><Console>" changed cvar (cvar "sv_threaded_init") (value "1")
L 02/05/2022 - 01:14:58: [basecommands.smx] "Console<0><Console><Console>" changed cvar (cvar "mod_load_anims_async") (value "1")
L 02/05/2022 - 01:14:58: [basecommands.smx] "Console<0><Console><Console>" changed cvar (cvar "mod_load_mesh_async") (value "1")
L 02/05/2022 - 01:14:58: [basecommands.smx] "Console<0><Console><Console>" changed cvar (cvar "mod_load_vcollide_async") (value "1")
L 02/05/2022 - 01:14:58: [basecommands.smx] "Console<0><Console><Console>" changed cvar (cvar "vprof_server_thread") (value "1")
L 02/05/2022 - 01:14:58: [basecommands.smx] "Console<0><Console><Console>" changed cvar (cvar "g_ai_threadedgraphbuild") (value "1")
L 02/05/2022 - 01:14:58: [basecommands.smx] "Console<0><Console><Console>" changed cvar (cvar "mp_teamname_2") (value "Noble - T")
L 02/05/2022 - 01:14:58: [basecommands.smx] "Console<0><Console><Console>" changed cvar (cvar "mp_teamname_1") (value "Noble - CT")
L 02/05/2022 - 01:14:58: [basecommands.smx] "Console<0><Console><Console>" changed cvar (cvar "sv_allow_thirdperson") (value "1")
L 02/05/2022 - 01:14:58: [basecommands.smx] "Console<0><Console><Console>" changed cvar (cvar "sv_pure_kick_clients") (value "0")
L 02/05/2022 - 01:14:58: [basecommands.smx] "Console<0><Console><Console>" changed cvar (cvar "sv_server_verify_blood_on_player") (value "0")
L 02/05/2022 - 01:14:58: [basecommands.smx] "Console<0><Console><Console>" changed cvar (cvar "host_players_show") (value "2")
L 02/05/2022 - 01:14:58: [basecommands.smx] "Console<0><Console><Console>" changed cvar (cvar "host_info_show") (value "2")
L 02/05/2022 - 01:14:58: [basecommands.smx] "Console<0><Console><Console>" changed cvar (cvar "game_mode") (value "1")
L 02/05/2022 - 01:14:58: [basecommands.smx] "Console<0><Console><Console>" changed cvar (cvar "game_type") (value "0")
L 02/05/2022 - 01:14:58: [basecommands.smx] "Console<0><Console><Console>" changed cvar (cvar "sm_afk_exclude_dead") (value "1")
L 02/05/2022 - 01:14:58: [basecommands.smx] "Console<0><Console><Console>" changed cvar (cvar "bot_join_after_player") (value "0")
L 02/05/2022 - 01:14:58: [basecommands.smx] "Console<0><Console><Console>" changed cvar (cvar "bot_join_team") (value "")
L 02/05/2022 - 01:14:58: [basecommands.smx] "Console<0><Console><Console>" changed cvar (cvar "mp_roundtime") (value "1.92")
L 02/05/2022 - 01:14:58: [basecommands.smx] "Console<0><Console><Console>" changed cvar (cvar "mp_roundtime_hostage") (value "1.92")
L 02/05/2022 - 01:14:58: [basecommands.smx] "Console<0><Console><Console>" changed cvar (cvar "mp_roundtime_defuse") (value "1.92")
L 02/05/2022 - 01:14:58: [basecommands.smx] "Console<0><Console><Console>" changed cvar (cvar "sv_unlag") (value "1")
L 02/05/2022 - 01:14:58: [afk_manager4.smx] [AFK Manager] Log File: addons/sourcemod/logs/afkm_20220205.log
L 02/05/2022 - 05:15:14: -------- Mapchange to mg_mario_noble --------
L 02/05/2022 - 05:15:14: [basecommands.smx] "Console<0><Console><Console>" changed cvar (cvar "sv_vote_issue_changelevel_allowed") (value "0")
L 02/05/2022 - 05:15:14: [basecommands.smx] "Console<0><Console><Console>" changed cvar (cvar "sv_max_distance_transmit_footsteps") (value "9999")
L 02/05/2022 - 05:15:14: [basecommands.smx] "Console<0><Console><Console>" changed cvar (cvar "sv_hibernate_ms") (value "0")
L 02/05/2022 - 05:15:14: [basecommands.smx] "Console<0><Console><Console>" changed cvar (cvar "sv_hibernate_ms_vgui") (value "0")
L 02/05/2022 - 05:15:14: [basecommands.smx] "Console<0><Console><Console>" changed cvar (cvar "sv_hibernate_postgame_delay") (value "0")
L 02/05/2022 - 05:15:14: [basecommands.smx] "Console<0><Console><Console>" changed cvar (cvar "sv_hibernate_when_empty") (value "0")
L 02/05/2022 - 05:15:14: [basecommands.smx] "Console<0><Console><Console>" changed cvar (cvar "sv_parallel_sendsnapshot") (value "1")
L 02/05/2022 - 05:15:14: [basecommands.smx] "Console<0><Console><Console>" changed cvar (cvar "sv_enable_delta_packing") (value "1")
L 02/05/2022 - 05:15:14: [basecommands.smx] "Console<0><Console><Console>" changed cvar (cvar "sv_maxunlag") (value "0.200")
L 02/05/2022 - 05:15:14: [basecommands.smx] "Console<0><Console><Console>" changed cvar (cvar "net_maxcleartime") (value "0.001")
L 02/05/2022 - 05:15:14: [basecommands.smx] "Console<0><Console><Console>" changed cvar (cvar "net_minroutable") (value "1000")
L 02/05/2022 - 05:15:14: [basecommands.smx] "Console<0><Console><Console>" changed cvar (cvar "net_compresspackets") (value "0")
L 02/05/2022 - 05:15:14: [basecommands.smx] "Console<0><Console><Console>" changed cvar (cvar "g_ragdoll_important_maxcount") (value "1")
L 02/05/2022 - 05:15:14: [basecommands.smx] "Console<0><Console><Console>" changed cvar (cvar "g_ragdoll_maxcount") (value "1")
L 02/05/2022 - 05:15:14: [basecommands.smx] "Console<0><Console><Console>" changed cvar (cvar "phys_enable_experimental_optimizations") (value "1")
L 02/05/2022 - 05:15:14: [basecommands.smx] "Console<0><Console><Console>" changed cvar (cvar "prop_active_gib_limit") (value "1")
L 02/05/2022 - 05:15:14: [basecommands.smx] "Console<0><Console><Console>" changed cvar (cvar "prop_active_gib_max_fade_time") (value "1")
L 02/05/2022 - 05:15:14: [basecommands.smx] "Console<0><Console><Console>" changed cvar (cvar "sv_turbophysics") (value "1")
L 02/05/2022 - 05:15:14: [basecommands.smx] "Console<0><Console><Console>" changed cvar (cvar "fps_max") (value "0")
L 02/05/2022 - 05:15:14: [basecommands.smx] "Console<0><Console><Console>" changed cvar (cvar "host_framerate") (value "0")
L 02/05/2022 - 05:15:14: [basecommands.smx] "Console<0><Console><Console>" changed cvar (cvar "sv_alternateticks") (value "1")
L 02/05/2022 - 05:15:14: [basecommands.smx] "Console<0><Console><Console>" changed cvar (cvar "sv_forcepreload") (value "1")
L 02/05/2022 - 05:15:14: [basecommands.smx] "Console<0><Console><Console>" changed cvar (cvar "sv_stats") (value "0")
L 02/05/2022 - 05:15:14: [basecommands.smx] "Console<0><Console><Console>" changed cvar (cvar "sv_parallel_packentities") (value "1")
L 02/05/2022 - 05:15:14: [basecommands.smx] "Console<0><Console><Console>" changed cvar (cvar "sv_multiplayer_maxtempentities") (value "1")
L 02/05/2022 - 05:15:14: [basecommands.smx] "Console<0><Console><Console>" changed cvar (cvar "occlusion_test_async") (value "1")
L 02/05/2022 - 05:15:14: [basecommands.smx] "Console<0><Console><Console>" changed cvar (cvar "host_threaded_sound") (value "1")
L 02/05/2022 - 05:15:14: [basecommands.smx] "Console<0><Console><Console>" changed cvar (cvar "sv_threaded_init") (value "1")
L 02/05/2022 - 05:15:14: [basecommands.smx] "Console<0><Console><Console>" changed cvar (cvar "mod_load_anims_async") (value "1")
L 02/05/2022 - 05:15:14: [basecommands.smx] "Console<0><Console><Console>" changed cvar (cvar "mod_load_mesh_async") (value "1")
L 02/05/2022 - 05:15:14: [basecommands.smx] "Console<0><Console><Console>" changed cvar (cvar "mod_load_vcollide_async") (value "1")
L 02/05/2022 - 05:15:14: [basecommands.smx] "Console<0><Console><Console>" changed cvar (cvar "vprof_server_thread") (value "1")
L 02/05/2022 - 05:15:14: [basecommands.smx] "Console<0><Console><Console>" changed cvar (cvar "g_ai_threadedgraphbuild") (value "1")
L 02/05/2022 - 05:15:14: [basecommands.smx] "Console<0><Console><Console>" changed cvar (cvar "mp_teamname_2") (value "Noble - T")
L 02/05/2022 - 05:15:14: [basecommands.smx] "Console<0><Console><Console>" changed cvar (cvar "mp_teamname_1") (value "Noble - CT")
L 02/05/2022 - 05:15:14: [basecommands.smx] "Console<0><Console><Console>" changed cvar (cvar "sv_allow_thirdperson") (value "1")
L 02/05/2022 - 05:15:14: [basecommands.smx] "Console<0><Console><Console>" changed cvar (cvar "sv_pure_kick_clients") (value "0")
L 02/05/2022 - 05:15:14: [basecommands.smx] "Console<0><Console><Console>" changed cvar (cvar "sv_server_verify_blood_on_player") (value "0")
L 02/05/2022 - 05:15:14: [basecommands.smx] "Console<0><Console><Console>" changed cvar (cvar "host_players_show") (value "2")
L 02/05/2022 - 05:15:14: [basecommands.smx] "Console<0><Console><Console>" changed cvar (cvar "host_info_show") (value "2")
L 02/05/2022 - 05:15:14: [basecommands.smx] "Console<0><Console><Console>" changed cvar (cvar "game_mode") (value "1")
L 02/05/2022 - 05:15:14: [basecommands.smx] "Console<0><Console><Console>" changed cvar (cvar "game_type") (value "0")
L 02/05/2022 - 05:15:14: [basecommands.smx] "Console<0><Console><Console>" changed cvar (cvar "sm_afk_exclude_dead") (value "1")
L 02/05/2022 - 05:15:14: [basecommands.smx] "Console<0><Console><Console>" changed cvar (cvar "bot_join_after_player") (value "0")
L 02/05/2022 - 05:15:14: [basecommands.smx] "Console<0><Console><Console>" changed cvar (cvar "bot_join_team") (value "")
L 02/05/2022 - 05:15:14: [basecommands.smx] "Console<0><Console><Console>" changed cvar (cvar "mp_roundtime") (value "1.92")
L 02/05/2022 - 05:15:14: [basecommands.smx] "Console<0><Console><Console>" changed cvar (cvar "mp_roundtime_hostage") (value "1.92")
L 02/05/2022 - 05:15:14: [basecommands.smx] "Console<0><Console><Console>" changed cvar (cvar "mp_roundtime_defuse") (value "1.92")
L 02/05/2022 - 05:15:14: [basecommands.smx] "Console<0><Console><Console>" changed cvar (cvar "sv_unlag") (value "1")
L 02/05/2022 - 05:23:36: [mapchooser.smx] Starting map vote because outside request
L 02/05/2022 - 05:23:36: [mapchooser.smx] Voting for next map has started.
L 02/05/2022 - 05:23:41: [mapchooser.smx] Voting for next map has finished. Nextmap: mg_grands_noble.
L 02/05/2022 - 05:23:43: [SM] Changed map to "mg_grands_noble"
L 02/05/2022 - 05:23:43: -------- Mapchange to mg_grands_noble --------
L 02/05/2022 - 05:23:43: [basecommands.smx] "Console<0><Console><Console>" changed cvar (cvar "sv_vote_issue_changelevel_allowed") (value "0")
L 02/05/2022 - 05:23:43: [basecommands.smx] "Console<0><Console><Console>" changed cvar (cvar "sv_max_distance_transmit_footsteps") (value "9999")
L 02/05/2022 - 05:23:43: [basecommands.smx] "Console<0><Console><Console>" changed cvar (cvar "sv_hibernate_ms") (value "0")
L 02/05/2022 - 05:23:43: [basecommands.smx] "Console<0><Console><Console>" changed cvar (cvar "sv_hibernate_ms_vgui") (value "0")
L 02/05/2022 - 05:23:43: [basecommands.smx] "Console<0><Console><Console>" changed cvar (cvar "sv_hibernate_postgame_delay") (value "0")
L 02/05/2022 - 05:23:43: [basecommands.smx] "Console<0><Console><Console>" changed cvar (cvar "sv_hibernate_when_empty") (value "0")
L 02/05/2022 - 05:23:43: [basecommands.smx] "Console<0><Console><Console>" changed cvar (cvar "sv_parallel_sendsnapshot") (value "1")
L 02/05/2022 - 05:23:43: [basecommands.smx] "Console<0><Console><Console>" changed cvar (cvar "sv_enable_delta_packing") (value "1")
L 02/05/2022 - 05:23:43: [basecommands.smx] "Console<0><Console><Console>" changed cvar (cvar "sv_maxunlag") (value "0.200")
L 02/05/2022 - 05:23:43: [basecommands.smx] "Console<0><Console><Console>" changed cvar (cvar "net_maxcleartime") (value "0.001")
L 02/05/2022 - 05:23:43: [basecommands.smx] "Console<0><Console><Console>" changed cvar (cvar "net_minroutable") (value "1000")
L 02/05/2022 - 05:23:43: [basecommands.smx] "Console<0><Console><Console>" changed cvar (cvar "net_compresspackets") (value "0")
L 02/05/2022 - 05:23:43: [basecommands.smx] "Console<0><Console><Console>" changed cvar (cvar "g_ragdoll_important_maxcount") (value "1")
L 02/05/2022 - 05:23:43: [basecommands.smx] "Console<0><Console><Console>" changed cvar (cvar "g_ragdoll_maxcount") (value "1")
L 02/05/2022 - 05:23:43: [basecommands.smx] "Console<0><Console><Console>" changed cvar (cvar "phys_enable_experimental_optimizations") (value "1")
L 02/05/2022 - 05:23:43: [basecommands.smx] "Console<0><Console><Console>" changed cvar (cvar "prop_active_gib_limit") (value "1")
L 02/05/2022 - 05:23:43: [basecommands.smx] "Console<0><Console><Console>" changed cvar (cvar "prop_active_gib_max_fade_time") (value "1")
L 02/05/2022 - 05:23:43: [basecommands.smx] "Console<0><Console><Console>" changed cvar (cvar "sv_turbophysics") (value "1")
L 02/05/2022 - 05:23:43: [basecommands.smx] "Console<0><Console><Console>" changed cvar (cvar "fps_max") (value "0")
L 02/05/2022 - 05:23:43: [basecommands.smx] "Console<0><Console><Console>" changed cvar (cvar "host_framerate") (value "0")
L 02/05/2022 - 05:23:43: [basecommands.smx] "Console<0><Console><Console>" changed cvar (cvar "sv_alternateticks") (value "1")
L 02/05/2022 - 05:23:43: [basecommands.smx] "Console<0><Console><Console>" changed cvar (cvar "sv_forcepreload") (value "1")
L 02/05/2022 - 05:23:43: [basecommands.smx] "Console<0><Console><Console>" changed cvar (cvar "sv_stats") (value "0")
L 02/05/2022 - 05:23:43: [basecommands.smx] "Console<0><Console><Console>" changed cvar (cvar "sv_parallel_packentities") (value "1")
L 02/05/2022 - 05:23:43: [basecommands.smx] "Console<0><Console><Console>" changed cvar (cvar "sv_multiplayer_maxtempentities") (value "1")
L 02/05/2022 - 05:23:43: [basecommands.smx] "Console<0><Console><Console>" changed cvar (cvar "occlusion_test_async") (value "1")
L 02/05/2022 - 05:23:43: [basecommands.smx] "Console<0><Console><Console>" changed cvar (cvar "host_threaded_sound") (value "1")
L 02/05/2022 - 05:23:43: [basecommands.smx] "Console<0><Console><Console>" changed cvar (cvar "sv_threaded_init") (value "1")
L 02/05/2022 - 05:23:43: [basecommands.smx] "Console<0><Console><Console>" changed cvar (cvar "mod_load_anims_async") (value "1")
L 02/05/2022 - 05:23:43: [basecommands.smx] "Console<0><Console><Console>" changed cvar (cvar "mod_load_mesh_async") (value "1")
L 02/05/2022 - 05:23:43: [basecommands.smx] "Console<0><Console><Console>" changed cvar (cvar "mod_load_vcollide_async") (value "1")
L 02/05/2022 - 05:23:43: [basecommands.smx] "Console<0><Console><Console>" changed cvar (cvar "vprof_server_thread") (value "1")
L 02/05/2022 - 05:23:43: [basecommands.smx] "Console<0><Console><Console>" changed cvar (cvar "g_ai_threadedgraphbuild") (value "1")
L 02/05/2022 - 05:23:43: [basecommands.smx] "Console<0><Console><Console>" changed cvar (cvar "mp_teamname_2") (value "Noble - T")
L 02/05/2022 - 05:23:43: [basecommands.smx] "Console<0><Console><Console>" changed cvar (cvar "mp_teamname_1") (value "Noble - CT")
L 02/05/2022 - 05:23:43: [basecommands.smx] "Console<0><Console><Console>" changed cvar (cvar "sv_allow_thirdperson") (value "1")
L 02/05/2022 - 05:23:43: [basecommands.smx] "Console<0><Console><Console>" changed cvar (cvar "sv_pure_kick_clients") (value "0")
L 02/05/2022 - 05:23:43: [basecommands.smx] "Console<0><Console><Console>" changed cvar (cvar "sv_server_verify_blood_on_player") (value "0")
L 02/05/2022 - 05:23:43: [basecommands.smx] "Console<0><Console><Console>" changed cvar (cvar "host_players_show") (value "2")
L 02/05/2022 - 05:23:43: [basecommands.smx] "Console<0><Console><Console>" changed cvar (cvar "host_info_show") (value "2")
L 02/05/2022 - 05:23:43: [basecommands.smx] "Console<0><Console><Console>" changed cvar (cvar "game_mode") (value "1")
L 02/05/2022 - 05:23:43: [basecommands.smx] "Console<0><Console><Console>" changed cvar (cvar "game_type") (value "0")
L 02/05/2022 - 05:23:43: [basecommands.smx] "Console<0><Console><Console>" changed cvar (cvar "sm_afk_exclude_dead") (value "1")
L 02/05/2022 - 05:23:43: [basecommands.smx] "Console<0><Console><Console>" changed cvar (cvar "bot_join_after_player") (value "0")
L 02/05/2022 - 05:23:43: [basecommands.smx] "Console<0><Console><Console>" changed cvar (cvar "bot_join_team") (value "")
L 02/05/2022 - 05:23:43: [basecommands.smx] "Console<0><Console><Console>" changed cvar (cvar "mp_roundtime") (value "1.92")
L 02/05/2022 - 05:23:43: [basecommands.smx] "Console<0><Console><Console>" changed cvar (cvar "mp_roundtime_hostage") (value "1.92")
L 02/05/2022 - 05:23:43: [basecommands.smx] "Console<0><Console><Console>" changed cvar (cvar "mp_roundtime_defuse") (value "1.92")
L 02/05/2022 - 05:23:43: [basecommands.smx] "Console<0><Console><Console>" changed cvar (cvar "sv_unlag") (value "1")
L 02/05/2022 - 05:41:41: [SM] Changed map to "mg_lego_noble"
L 02/05/2022 - 05:41:41: -------- Mapchange to mg_lego_noble --------
L 02/05/2022 - 05:41:41: [basecommands.smx] "Console<0><Console><Console>" changed cvar (cvar "sv_vote_issue_changelevel_allowed") (value "0")
L 02/05/2022 - 05:41:41: [basecommands.smx] "Console<0><Console><Console>" changed cvar (cvar "sv_max_distance_transmit_footsteps") (value "9999")
L 02/05/2022 - 05:41:41: [basecommands.smx] "Console<0><Console><Console>" changed cvar (cvar "sv_hibernate_ms") (value "0")
L 02/05/2022 - 05:41:41: [basecommands.smx] "Console<0><Console><Console>" changed cvar (cvar "sv_hibernate_ms_vgui") (value "0")
L 02/05/2022 - 05:41:41: [basecommands.smx] "Console<0><Console><Console>" changed cvar (cvar "sv_hibernate_postgame_delay") (value "0")
L 02/05/2022 - 05:41:41: [basecommands.smx] "Console<0><Console><Console>" changed cvar (cvar "sv_hibernate_when_empty") (value "0")
L 02/05/2022 - 05:41:41: [basecommands.smx] "Console<0><Console><Console>" changed cvar (cvar "sv_parallel_sendsnapshot") (value "1")
L 02/05/2022 - 05:41:41: [basecommands.smx] "Console<0><Console><Console>" changed cvar (cvar "sv_enable_delta_packing") (value "1")
L 02/05/2022 - 05:41:41: [basecommands.smx] "Console<0><Console><Console>" changed cvar (cvar "sv_maxunlag") (value "0.200")
L 02/05/2022 - 05:41:41: [basecommands.smx] "Console<0><Console><Console>" changed cvar (cvar "net_maxcleartime") (value "0.001")
L 02/05/2022 - 05:41:41: [basecommands.smx] "Console<0><Console><Console>" changed cvar (cvar "net_minroutable") (value "1000")
L 02/05/2022 - 05:41:41: [basecommands.smx] "Console<0><Console><Console>" changed cvar (cvar "net_compresspackets") (value "0")
L 02/05/2022 - 05:41:41: [basecommands.smx] "Console<0><Console><Console>" changed cvar (cvar "g_ragdoll_important_maxcount") (value "1")
L 02/05/2022 - 05:41:41: [basecommands.smx] "Console<0><Console><Console>" changed cvar (cvar "g_ragdoll_maxcount") (value "1")
L 02/05/2022 - 05:41:41: [basecommands.smx] "Console<0><Console><Console>" changed cvar (cvar "phys_enable_experimental_optimizations") (value "1")
L 02/05/2022 - 05:41:41: [basecommands.smx] "Console<0><Console><Console>" changed cvar (cvar "prop_active_gib_limit") (value "1")
L 02/05/2022 - 05:41:41: [basecommands.smx] "Console<0><Console><Console>" changed cvar (cvar "prop_active_gib_max_fade_time") (value "1")
L 02/05/2022 - 05:41:41: [basecommands.smx] "Console<0><Console><Console>" changed cvar (cvar "sv_turbophysics") (value "1")
L 02/05/2022 - 05:41:41: [basecommands.smx] "Console<0><Console><Console>" changed cvar (cvar "fps_max") (value "0")
L 02/05/2022 - 05:41:41: [basecommands.smx] "Console<0><Console><Console>" changed cvar (cvar "host_framerate") (value "0")
L 02/05/2022 - 05:41:41: [basecommands.smx] "Console<0><Console><Console>" changed cvar (cvar "sv_alternateticks") (value "1")
L 02/05/2022 - 05:41:41: [basecommands.smx] "Console<0><Console><Console>" changed cvar (cvar "sv_forcepreload") (value "1")
L 02/05/2022 - 05:41:41: [basecommands.smx] "Console<0><Console><Console>" changed cvar (cvar "sv_stats") (value "0")
L 02/05/2022 - 05:41:41: [basecommands.smx] "Console<0><Console><Console>" changed cvar (cvar "sv_parallel_packentities") (value "1")
L 02/05/2022 - 05:41:41: [basecommands.smx] "Console<0><Console><Console>" changed cvar (cvar "sv_multiplayer_maxtempentities") (value "1")
L 02/05/2022 - 05:41:41: [basecommands.smx] "Console<0><Console><Console>" changed cvar (cvar "occlusion_test_async") (value "1")
L 02/05/2022 - 05:41:41: [basecommands.smx] "Console<0><Console><Console>" changed cvar (cvar "host_threaded_sound") (value "1")
L 02/05/2022 - 05:41:41: [basecommands.smx] "Console<0><Console><Console>" changed cvar (cvar "sv_threaded_init") (value "1")
L 02/05/2022 - 05:41:41: [basecommands.smx] "Console<0><Console><Console>" changed cvar (cvar "mod_load_anims_async") (value "1")
L 02/05/2022 - 05:41:41: [basecommands.smx] "Console<0><Console><Console>" changed cvar (cvar "mod_load_mesh_async") (value "1")
L 02/05/2022 - 05:41:41: [basecommands.smx] "Console<0><Console><Console>" changed cvar (cvar "mod_load_vcollide_async") (value "1")
L 02/05/2022 - 05:41:41: [basecommands.smx] "Console<0><Console><Console>" changed cvar (cvar "vprof_server_thread") (value "1")
L 02/05/2022 - 05:41:41: [basecommands.smx] "Console<0><Console><Console>" changed cvar (cvar "g_ai_threadedgraphbuild") (value "1")
L 02/05/2022 - 05:41:41: [basecommands.smx] "Console<0><Console><Console>" changed cvar (cvar "mp_teamname_2") (value "Noble - T")
L 02/05/2022 - 05:41:41: [basecommands.smx] "Console<0><Console><Console>" changed cvar (cvar "mp_teamname_1") (value "Noble - CT")
L 02/05/2022 - 05:41:41: [basecommands.smx] "Console<0><Console><Console>" changed cvar (cvar "sv_allow_thirdperson") (value "1")
L 02/05/2022 - 05:41:41: [basecommands.smx] "Console<0><Console><Console>" changed cvar (cvar "sv_pure_kick_clients") (value "0")
L 02/05/2022 - 05:41:41: [basecommands.smx] "Console<0><Console><Console>" changed cvar (cvar "sv_server_verify_blood_on_player") (value "0")
L 02/05/2022 - 05:41:41: [basecommands.smx] "Console<0><Console><Console>" changed cvar (cvar "host_players_show") (value "2")
L 02/05/2022 - 05:41:41: [basecommands.smx] "Console<0><Console><Console>" changed cvar (cvar "host_info_show") (value "2")
L 02/05/2022 - 05:41:41: [basecommands.smx] "Console<0><Console><Console>" changed cvar (cvar "game_mode") (value "1")
L 02/05/2022 - 05:41:41: [basecommands.smx] "Console<0><Console><Console>" changed cvar (cvar "game_type") (value "0")
L 02/05/2022 - 05:41:41: [basecommands.smx] "Console<0><Console><Console>" changed cvar (cvar "sm_afk_exclude_dead") (value "1")
L 02/05/2022 - 05:41:41: [basecommands.smx] "Console<0><Console><Console>" changed cvar (cvar "bot_join_after_player") (value "0")
L 02/05/2022 - 05:41:41: [basecommands.smx] "Console<0><Console><Console>" changed cvar (cvar "bot_join_team") (value "")
L 02/05/2022 - 05:41:41: [basecommands.smx] "Console<0><Console><Console>" changed cvar (cvar "mp_roundtime") (value "1.92")
L 02/05/2022 - 05:41:41: [basecommands.smx] "Console<0><Console><Console>" changed cvar (cvar "mp_roundtime_hostage") (value "1.92")
L 02/05/2022 - 05:41:41: [basecommands.smx] "Console<0><Console><Console>" changed cvar (cvar "mp_roundtime_defuse") (value "1.92")
L 02/05/2022 - 05:41:41: [basecommands.smx] "Console<0><Console><Console>" changed cvar (cvar "sv_unlag") (value "1")
L 02/05/2022 - 05:55:30: [SM] Changed map to "mg_mario_noble"
L 02/05/2022 - 05:55:30: -------- Mapchange to mg_mario_noble --------
L 02/05/2022 - 05:55:30: [basecommands.smx] "Console<0><Console><Console>" changed cvar (cvar "sv_vote_issue_changelevel_allowed") (value "0")
L 02/05/2022 - 05:55:30: [basecommands.smx] "Console<0><Console><Console>" changed cvar (cvar "sv_max_distance_transmit_footsteps") (value "9999")
L 02/05/2022 - 05:55:30: [basecommands.smx] "Console<0><Console><Console>" changed cvar (cvar "sv_hibernate_ms") (value "0")
L 02/05/2022 - 05:55:30: [basecommands.smx] "Console<0><Console><Console>" changed cvar (cvar "sv_hibernate_ms_vgui") (value "0")
L 02/05/2022 - 05:55:30: [basecommands.smx] "Console<0><Console><Console>" changed cvar (cvar "sv_hibernate_postgame_delay") (value "0")
L 02/05/2022 - 05:55:30: [basecommands.smx] "Console<0><Console><Console>" changed cvar (cvar "sv_hibernate_when_empty") (value "0")
L 02/05/2022 - 05:55:30: [basecommands.smx] "Console<0><Console><Console>" changed cvar (cvar "sv_parallel_sendsnapshot") (value "1")
L 02/05/2022 - 05:55:30: [basecommands.smx] "Console<0><Console><Console>" changed cvar (cvar "sv_enable_delta_packing") (value "1")
L 02/05/2022 - 05:55:30: [basecommands.smx] "Console<0><Console><Console>" changed cvar (cvar "sv_maxunlag") (value "0.200")
L 02/05/2022 - 05:55:30: [basecommands.smx] "Console<0><Console><Console>" changed cvar (cvar "net_maxcleartime") (value "0.001")
L 02/05/2022 - 05:55:30: [basecommands.smx] "Console<0><Console><Console>" changed cvar (cvar "net_minroutable") (value "1000")
L 02/05/2022 - 05:55:30: [basecommands.smx] "Console<0><Console><Console>" changed cvar (cvar "net_compresspackets") (value "0")
L 02/05/2022 - 05:55:30: [basecommands.smx] "Console<0><Console><Console>" changed cvar (cvar "g_ragdoll_important_maxcount") (value "1")
L 02/05/2022 - 05:55:30: [basecommands.smx] "Console<0><Console><Console>" changed cvar (cvar "g_ragdoll_maxcount") (value "1")
L 02/05/2022 - 05:55:30: [basecommands.smx] "Console<0><Console><Console>" changed cvar (cvar "phys_enable_experimental_optimizations") (value "1")
L 02/05/2022 - 05:55:30: [basecommands.smx] "Console<0><Console><Console>" changed cvar (cvar "prop_active_gib_limit") (value "1")
L 02/05/2022 - 05:55:30: [basecommands.smx] "Console<0><Console><Console>" changed cvar (cvar "prop_active_gib_max_fade_time") (value "1")
L 02/05/2022 - 05:55:30: [basecommands.smx] "Console<0><Console><Console>" changed cvar (cvar "sv_turbophysics") (value "1")
L 02/05/2022 - 05:55:30: [basecommands.smx] "Console<0><Console><Console>" changed cvar (cvar "fps_max") (value "0")
L 02/05/2022 - 05:55:30: [basecommands.smx] "Console<0><Console><Console>" changed cvar (cvar "host_framerate") (value "0")
L 02/05/2022 - 05:55:30: [basecommands.smx] "Console<0><Console><Console>" changed cvar (cvar "sv_alternateticks") (value "1")
L 02/05/2022 - 05:55:30: [basecommands.smx] "Console<0><Console><Console>" changed cvar (cvar "sv_forcepreload") (value "1")
L 02/05/2022 - 05:55:30: [basecommands.smx] "Console<0><Console><Console>" changed cvar (cvar "sv_stats") (value "0")
L 02/05/2022 - 05:55:30: [basecommands.smx] "Console<0><Console><Console>" changed cvar (cvar "sv_parallel_packentities") (value "1")
L 02/05/2022 - 05:55:30: [basecommands.smx] "Console<0><Console><Console>" changed cvar (cvar "sv_multiplayer_maxtempentities") (value "1")
L 02/05/2022 - 05:55:30: [basecommands.smx] "Console<0><Console><Console>" changed cvar (cvar "occlusion_test_async") (value "1")
L 02/05/2022 - 05:55:30: [basecommands.smx] "Console<0><Console><Console>" changed cvar (cvar "host_threaded_sound") (value "1")
L 02/05/2022 - 05:55:30: [basecommands.smx] "Console<0><Console><Console>" changed cvar (cvar "sv_threaded_init") (value "1")
L 02/05/2022 - 05:55:30: [basecommands.smx] "Console<0><Console><Console>" changed cvar (cvar "mod_load_anims_async") (value "1")
L 02/05/2022 - 05:55:30: [basecommands.smx] "Console<0><Console><Console>" changed cvar (cvar "mod_load_mesh_async") (value "1")
L 02/05/2022 - 05:55:30: [basecommands.smx] "Console<0><Console><Console>" changed cvar (cvar "mod_load_vcollide_async") (value "1")
L 02/05/2022 - 05:55:30: [basecommands.smx] "Console<0><Console><Console>" changed cvar (cvar "vprof_server_thread") (value "1")
L 02/05/2022 - 05:55:30: [basecommands.smx] "Console<0><Console><Console>" changed cvar (cvar "g_ai_threadedgraphbuild") (value "1")
L 02/05/2022 - 05:55:30: [basecommands.smx] "Console<0><Console><Console>" changed cvar (cvar "mp_teamname_2") (value "Noble - T")
L 02/05/2022 - 05:55:30: [basecommands.smx] "Console<0><Console><Console>" changed cvar (cvar "mp_teamname_1") (value "Noble - CT")
L 02/05/2022 - 05:55:30: [basecommands.smx] "Console<0><Console><Console>" changed cvar (cvar "sv_allow_thirdperson") (value "1")
L 02/05/2022 - 05:55:30: [basecommands.smx] "Console<0><Console><Console>" changed cvar (cvar "sv_pure_kick_clients") (value "0")
L 02/05/2022 - 05:55:30: [basecommands.smx] "Console<0><Console><Console>" changed cvar (cvar "sv_server_verify_blood_on_player") (value "0")
L 02/05/2022 - 05:55:30: [basecommands.smx] "Console<0><Console><Console>" changed cvar (cvar "host_players_show") (value "2")
L 02/05/2022 - 05:55:30: [basecommands.smx] "Console<0><Console><Console>" changed cvar (cvar "host_info_show") (value "2")
L 02/05/2022 - 05:55:30: [basecommands.smx] "Console<0><Console><Console>" changed cvar (cvar "game_mode") (value "1")
L 02/05/2022 - 05:55:30: [basecommands.smx] "Console<0><Console><Console>" changed cvar (cvar "game_type") (value "0")
L 02/05/2022 - 05:55:30: [basecommands.smx] "Console<0><Console><Console>" changed cvar (cvar "sm_afk_exclude_dead") (value "1")
L 02/05/2022 - 05:55:30: [basecommands.smx] "Console<0><Console><Console>" changed cvar (cvar "bot_join_after_player") (value "0")
L 02/05/2022 - 05:55:30: [basecommands.smx] "Console<0><Console><Console>" changed cvar (cvar "bot_join_team") (value "")
L 02/05/2022 - 05:55:30: [basecommands.smx] "Console<0><Console><Console>" changed cvar (cvar "mp_roundtime") (value "1.92")
L 02/05/2022 - 05:55:30: [basecommands.smx] "Console<0><Console><Console>" changed cvar (cvar "mp_roundtime_hostage") (value "1.92")
L 02/05/2022 - 05:55:30: [basecommands.smx] "Console<0><Console><Console>" changed cvar (cvar "mp_roundtime_defuse") (value "1.92")
L 02/05/2022 - 05:55:30: [basecommands.smx] "Console<0><Console><Console>" changed cvar (cvar "sv_unlag") (value "1")
L 02/05/2022 - 05:59:36: -------- Mapchange to mg_mario_noble --------
L 02/05/2022 - 05:59:36: [basecommands.smx] "Console<0><Console><Console>" changed cvar (cvar "sv_vote_issue_changelevel_allowed") (value "0")
L 02/05/2022 - 05:59:36: [basecommands.smx] "Console<0><Console><Console>" changed cvar (cvar "sv_max_distance_transmit_footsteps") (value "9999")
L 02/05/2022 - 05:59:36: [basecommands.smx] "Console<0><Console><Console>" changed cvar (cvar "sv_hibernate_ms") (value "0")
L 02/05/2022 - 05:59:36: [basecommands.smx] "Console<0><Console><Console>" changed cvar (cvar "sv_hibernate_ms_vgui") (value "0")
L 02/05/2022 - 05:59:36: [basecommands.smx] "Console<0><Console><Console>" changed cvar (cvar "sv_hibernate_postgame_delay") (value "0")
L 02/05/2022 - 05:59:36: [basecommands.smx] "Console<0><Console><Console>" changed cvar (cvar "sv_hibernate_when_empty") (value "0")
L 02/05/2022 - 05:59:36: [basecommands.smx] "Console<0><Console><Console>" changed cvar (cvar "sv_parallel_sendsnapshot") (value "1")
L 02/05/2022 - 05:59:36: [basecommands.smx] "Console<0><Console><Console>" changed cvar (cvar "sv_enable_delta_packing") (value "1")
L 02/05/2022 - 05:59:36: [basecommands.smx] "Console<0><Console><Console>" changed cvar (cvar "sv_maxunlag") (value "0.200")
L 02/05/2022 - 05:59:36: [basecommands.smx] "Console<0><Console><Console>" changed cvar (cvar "net_maxcleartime") (value "0.001")
L 02/05/2022 - 05:59:36: [basecommands.smx] "Console<0><Console><Console>" changed cvar (cvar "net_minroutable") (value "1000")
L 02/05/2022 - 05:59:36: [basecommands.smx] "Console<0><Console><Console>" changed cvar (cvar "net_compresspackets") (value "0")
L 02/05/2022 - 05:59:36: [basecommands.smx] "Console<0><Console><Console>" changed cvar (cvar "g_ragdoll_important_maxcount") (value "1")
L 02/05/2022 - 05:59:36: [basecommands.smx] "Console<0><Console><Console>" changed cvar (cvar "g_ragdoll_maxcount") (value "1")
L 02/05/2022 - 05:59:36: [basecommands.smx] "Console<0><Console><Console>" changed cvar (cvar "phys_enable_experimental_optimizations") (value "1")
L 02/05/2022 - 05:59:36: [basecommands.smx] "Console<0><Console><Console>" changed cvar (cvar "prop_active_gib_limit") (value "1")
L 02/05/2022 - 05:59:36: [basecommands.smx] "Console<0><Console><Console>" changed cvar (cvar "prop_active_gib_max_fade_time") (value "1")
L 02/05/2022 - 05:59:36: [basecommands.smx] "Console<0><Console><Console>" changed cvar (cvar "sv_turbophysics") (value "1")
L 02/05/2022 - 05:59:36: [basecommands.smx] "Console<0><Console><Console>" changed cvar (cvar "fps_max") (value "0")
L 02/05/2022 - 05:59:36: [basecommands.smx] "Console<0><Console><Console>" changed cvar (cvar "host_framerate") (value "0")
L 02/05/2022 - 05:59:36: [basecommands.smx] "Console<0><Console><Console>" changed cvar (cvar "sv_alternateticks") (value "1")
L 02/05/2022 - 05:59:36: [basecommands.smx] "Console<0><Console><Console>" changed cvar (cvar "sv_forcepreload") (value "1")
L 02/05/2022 - 05:59:36: [basecommands.smx] "Console<0><Console><Console>" changed cvar (cvar "sv_stats") (value "0")
L 02/05/2022 - 05:59:36: [basecommands.smx] "Console<0><Console><Console>" changed cvar (cvar "sv_parallel_packentities") (value "1")
L 02/05/2022 - 05:59:36: [basecommands.smx] "Console<0><Console><Console>" changed cvar (cvar "sv_multiplayer_maxtempentities") (value "1")
L 02/05/2022 - 05:59:36: [basecommands.smx] "Console<0><Console><Console>" changed cvar (cvar "occlusion_test_async") (value "1")
L 02/05/2022 - 05:59:36: [basecommands.smx] "Console<0><Console><Console>" changed cvar (cvar "host_threaded_sound") (value "1")
L 02/05/2022 - 05:59:36: [basecommands.smx] "Console<0><Console><Console>" changed cvar (cvar "sv_threaded_init") (value "1")
L 02/05/2022 - 05:59:36: [basecommands.smx] "Console<0><Console><Console>" changed cvar (cvar "mod_load_anims_async") (value "1")
L 02/05/2022 - 05:59:36: [basecommands.smx] "Console<0><Console><Console>" changed cvar (cvar "mod_load_mesh_async") (value "1")
L 02/05/2022 - 05:59:36: [basecommands.smx] "Console<0><Console><Console>" changed cvar (cvar "mod_load_vcollide_async") (value "1")
L 02/05/2022 - 05:59:36: [basecommands.smx] "Console<0><Console><Console>" changed cvar (cvar "vprof_server_thread") (value "1")
L 02/05/2022 - 05:59:36: [basecommands.smx] "Console<0><Console><Console>" changed cvar (cvar "g_ai_threadedgraphbuild") (value "1")
L 02/05/2022 - 05:59:36: [basecommands.smx] "Console<0><Console><Console>" changed cvar (cvar "mp_teamname_2") (value "Noble - T")
L 02/05/2022 - 05:59:36: [basecommands.smx] "Console<0><Console><Console>" changed cvar (cvar "mp_teamname_1") (value "Noble - CT")
L 02/05/2022 - 05:59:36: [basecommands.smx] "Console<0><Console><Console>" changed cvar (cvar "sv_allow_thirdperson") (value "1")
L 02/05/2022 - 05:59:36: [basecommands.smx] "Console<0><Console><Console>" changed cvar (cvar "sv_pure_kick_clients") (value "0")
L 02/05/2022 - 05:59:36: [basecommands.smx] "Console<0><Console><Console>" changed cvar (cvar "sv_server_verify_blood_on_player") (value "0")
L 02/05/2022 - 05:59:36: [basecommands.smx] "Console<0><Console><Console>" changed cvar (cvar "host_players_show") (value "2")
L 02/05/2022 - 05:59:36: [basecommands.smx] "Console<0><Console><Console>" changed cvar (cvar "host_info_show") (value "2")
L 02/05/2022 - 05:59:36: [basecommands.smx] "Console<0><Console><Console>" changed cvar (cvar "game_mode") (value "1")
L 02/05/2022 - 05:59:36: [basecommands.smx] "Console<0><Console><Console>" changed cvar (cvar "game_type") (value "0")
L 02/05/2022 - 05:59:36: [basecommands.smx] "Console<0><Console><Console>" changed cvar (cvar "sm_afk_exclude_dead") (value "1")
L 02/05/2022 - 05:59:36: [basecommands.smx] "Console<0><Console><Console>" changed cvar (cvar "bot_join_after_player") (value "0")
L 02/05/2022 - 05:59:36: [basecommands.smx] "Console<0><Console><Console>" changed cvar (cvar "bot_join_team") (value "")
L 02/05/2022 - 05:59:36: [basecommands.smx] "Console<0><Console><Console>" changed cvar (cvar "mp_roundtime") (value "1.92")
L 02/05/2022 - 05:59:36: [basecommands.smx] "Console<0><Console><Console>" changed cvar (cvar "mp_roundtime_hostage") (value "1.92")
L 02/05/2022 - 05:59:36: [basecommands.smx] "Console<0><Console><Console>" changed cvar (cvar "mp_roundtime_defuse") (value "1.92")
L 02/05/2022 - 05:59:36: [basecommands.smx] "Console<0><Console><Console>" changed cvar (cvar "sv_unlag") (value "1")
L 02/05/2022 - 17:43:14: -------- Mapchange to mg_mario_noble --------
L 02/05/2022 - 17:43:14: [basecommands.smx] "Console<0><Console><Console>" changed cvar (cvar "sv_vote_issue_changelevel_allowed") (value "0")
L 02/05/2022 - 17:43:14: [basecommands.smx] "Console<0><Console><Console>" changed cvar (cvar "sv_max_distance_transmit_footsteps") (value "9999")
L 02/05/2022 - 17:43:14: [basecommands.smx] "Console<0><Console><Console>" changed cvar (cvar "sv_hibernate_ms") (value "0")
L 02/05/2022 - 17:43:14: [basecommands.smx] "Console<0><Console><Console>" changed cvar (cvar "sv_hibernate_ms_vgui") (value "0")
L 02/05/2022 - 17:43:14: [basecommands.smx] "Console<0><Console><Console>" changed cvar (cvar "sv_hibernate_postgame_delay") (value "0")
L 02/05/2022 - 17:43:14: [basecommands.smx] "Console<0><Console><Console>" changed cvar (cvar "sv_hibernate_when_empty") (value "0")
L 02/05/2022 - 17:43:14: [basecommands.smx] "Console<0><Console><Console>" changed cvar (cvar "sv_parallel_sendsnapshot") (value "1")
L 02/05/2022 - 17:43:14: [basecommands.smx] "Console<0><Console><Console>" changed cvar (cvar "sv_enable_delta_packing") (value "1")
L 02/05/2022 - 17:43:14: [basecommands.smx] "Console<0><Console><Console>" changed cvar (cvar "sv_maxunlag") (value "0.200")
L 02/05/2022 - 17:43:14: [basecommands.smx] "Console<0><Console><Console>" changed cvar (cvar "net_maxcleartime") (value "0.001")
L 02/05/2022 - 17:43:14: [basecommands.smx] "Console<0><Console><Console>" changed cvar (cvar "net_minroutable") (value "1000")
L 02/05/2022 - 17:43:14: [basecommands.smx] "Console<0><Console><Console>" changed cvar (cvar "net_compresspackets") (value "0")
L 02/05/2022 - 17:43:14: [basecommands.smx] "Console<0><Console><Console>" changed cvar (cvar "g_ragdoll_important_maxcount") (value "1")
L 02/05/2022 - 17:43:14: [basecommands.smx] "Console<0><Console><Console>" changed cvar (cvar "g_ragdoll_maxcount") (value "1")
L 02/05/2022 - 17:43:14: [basecommands.smx] "Console<0><Console><Console>" changed cvar (cvar "phys_enable_experimental_optimizations") (value "1")
L 02/05/2022 - 17:43:14: [basecommands.smx] "Console<0><Console><Console>" changed cvar (cvar "prop_active_gib_limit") (value "1")
L 02/05/2022 - 17:43:14: [basecommands.smx] "Console<0><Console><Console>" changed cvar (cvar "prop_active_gib_max_fade_time") (value "1")
L 02/05/2022 - 17:43:14: [basecommands.smx] "Console<0><Console><Console>" changed cvar (cvar "sv_turbophysics") (value "1")
L 02/05/2022 - 17:43:14: [basecommands.smx] "Console<0><Console><Console>" changed cvar (cvar "fps_max") (value "0")
L 02/05/2022 - 17:43:14: [basecommands.smx] "Console<0><Console><Console>" changed cvar (cvar "host_framerate") (value "0")
L 02/05/2022 - 17:43:14: [basecommands.smx] "Console<0><Console><Console>" changed cvar (cvar "sv_alternateticks") (value "1")
L 02/05/2022 - 17:43:14: [basecommands.smx] "Console<0><Console><Console>" changed cvar (cvar "sv_forcepreload") (value "1")
L 02/05/2022 - 17:43:14: [basecommands.smx] "Console<0><Console><Console>" changed cvar (cvar "sv_stats") (value "0")
L 02/05/2022 - 17:43:14: [basecommands.smx] "Console<0><Console><Console>" changed cvar (cvar "sv_parallel_packentities") (value "1")
L 02/05/2022 - 17:43:14: [basecommands.smx] "Console<0><Console><Console>" changed cvar (cvar "sv_multiplayer_maxtempentities") (value "1")
L 02/05/2022 - 17:43:14: [basecommands.smx] "Console<0><Console><Console>" changed cvar (cvar "occlusion_test_async") (value "1")
L 02/05/2022 - 17:43:14: [basecommands.smx] "Console<0><Console><Console>" changed cvar (cvar "host_threaded_sound") (value "1")
L 02/05/2022 - 17:43:14: [basecommands.smx] "Console<0><Console><Console>" changed cvar (cvar "sv_threaded_init") (value "1")
L 02/05/2022 - 17:43:14: [basecommands.smx] "Console<0><Console><Console>" changed cvar (cvar "mod_load_anims_async") (value "1")
L 02/05/2022 - 17:43:14: [basecommands.smx] "Console<0><Console><Console>" changed cvar (cvar "mod_load_mesh_async") (value "1")
L 02/05/2022 - 17:43:14: [basecommands.smx] "Console<0><Console><Console>" changed cvar (cvar "mod_load_vcollide_async") (value "1")
L 02/05/2022 - 17:43:14: [basecommands.smx] "Console<0><Console><Console>" changed cvar (cvar "vprof_server_thread") (value "1")
L 02/05/2022 - 17:43:14: [basecommands.smx] "Console<0><Console><Console>" changed cvar (cvar "g_ai_threadedgraphbuild") (value "1")
L 02/05/2022 - 17:43:14: [basecommands.smx] "Console<0><Console><Console>" changed cvar (cvar "mp_teamname_2") (value "Noble - T")
L 02/05/2022 - 17:43:14: [basecommands.smx] "Console<0><Console><Console>" changed cvar (cvar "mp_teamname_1") (value "Noble - CT")
L 02/05/2022 - 17:43:14: [basecommands.smx] "Console<0><Console><Console>" changed cvar (cvar "sv_allow_thirdperson") (value "1")
L 02/05/2022 - 17:43:14: [basecommands.smx] "Console<0><Console><Console>" changed cvar (cvar "sv_pure_kick_clients") (value "0")
L 02/05/2022 - 17:43:14: [basecommands.smx] "Console<0><Console><Console>" changed cvar (cvar "sv_server_verify_blood_on_player") (value "0")
L 02/05/2022 - 17:43:14: [basecommands.smx] "Console<0><Console><Console>" changed cvar (cvar "host_players_show") (value "2")
L 02/05/2022 - 17:43:14: [basecommands.smx] "Console<0><Console><Console>" changed cvar (cvar "host_info_show") (value "2")
L 02/05/2022 - 17:43:14: [basecommands.smx] "Console<0><Console><Console>" changed cvar (cvar "game_mode") (value "1")
L 02/05/2022 - 17:43:14: [basecommands.smx] "Console<0><Console><Console>" changed cvar (cvar "game_type") (value "0")
L 02/05/2022 - 17:43:14: [basecommands.smx] "Console<0><Console><Console>" changed cvar (cvar "sm_afk_exclude_dead") (value "1")
L 02/05/2022 - 17:43:14: [basecommands.smx] "Console<0><Console><Console>" changed cvar (cvar "bot_join_after_player") (value "0")
L 02/05/2022 - 17:43:14: [basecommands.smx] "Console<0><Console><Console>" changed cvar (cvar "bot_join_team") (value "")
L 02/05/2022 - 17:43:14: [basecommands.smx] "Console<0><Console><Console>" changed cvar (cvar "mp_roundtime") (value "1.92")
L 02/05/2022 - 17:43:14: [basecommands.smx] "Console<0><Console><Console>" changed cvar (cvar "mp_roundtime_hostage") (value "1.92")
L 02/05/2022 - 17:43:14: [basecommands.smx] "Console<0><Console><Console>" changed cvar (cvar "mp_roundtime_defuse") (value "1.92")
L 02/05/2022 - 17:43:14: [basecommands.smx] "Console<0><Console><Console>" changed cvar (cvar "sv_unlag") (value "1")
L 02/05/2022 - 20:53:39: -------- Mapchange to mg_mario_noble --------
L 02/05/2022 - 20:53:39: [basecommands.smx] "Console<0><Console><Console>" changed cvar (cvar "sv_vote_issue_changelevel_allowed") (value "0")
L 02/05/2022 - 20:53:39: [basecommands.smx] "Console<0><Console><Console>" changed cvar (cvar "sv_max_distance_transmit_footsteps") (value "9999")
L 02/05/2022 - 20:53:39: [basecommands.smx] "Console<0><Console><Console>" changed cvar (cvar "sv_hibernate_ms") (value "0")
L 02/05/2022 - 20:53:39: [basecommands.smx] "Console<0><Console><Console>" changed cvar (cvar "sv_hibernate_ms_vgui") (value "0")
L 02/05/2022 - 20:53:39: [basecommands.smx] "Console<0><Console><Console>" changed cvar (cvar "sv_hibernate_postgame_delay") (value "0")
L 02/05/2022 - 20:53:39: [basecommands.smx] "Console<0><Console><Console>" changed cvar (cvar "sv_hibernate_when_empty") (value "0")
L 02/05/2022 - 20:53:39: [basecommands.smx] "Console<0><Console><Console>" changed cvar (cvar "sv_parallel_sendsnapshot") (value "1")
L 02/05/2022 - 20:53:39: [basecommands.smx] "Console<0><Console><Console>" changed cvar (cvar "sv_enable_delta_packing") (value "1")
L 02/05/2022 - 20:53:39: [basecommands.smx] "Console<0><Console><Console>" changed cvar (cvar "sv_maxunlag") (value "0.200")
L 02/05/2022 - 20:53:39: [basecommands.smx] "Console<0><Console><Console>" changed cvar (cvar "net_maxcleartime") (value "0.001")
L 02/05/2022 - 20:53:39: [basecommands.smx] "Console<0><Console><Console>" changed cvar (cvar "net_minroutable") (value "1000")
L 02/05/2022 - 20:53:39: [basecommands.smx] "Console<0><Console><Console>" changed cvar (cvar "net_compresspackets") (value "0")
L 02/05/2022 - 20:53:39: [basecommands.smx] "Console<0><Console><Console>" changed cvar (cvar "g_ragdoll_important_maxcount") (value "1")
L 02/05/2022 - 20:53:39: [basecommands.smx] "Console<0><Console><Console>" changed cvar (cvar "g_ragdoll_maxcount") (value "1")
L 02/05/2022 - 20:53:39: [basecommands.smx] "Console<0><Console><Console>" changed cvar (cvar "phys_enable_experimental_optimizations") (value "1")
L 02/05/2022 - 20:53:39: [basecommands.smx] "Console<0><Console><Console>" changed cvar (cvar "prop_active_gib_limit") (value "1")
L 02/05/2022 - 20:53:39: [basecommands.smx] "Console<0><Console><Console>" changed cvar (cvar "prop_active_gib_max_fade_time") (value "1")
L 02/05/2022 - 20:53:39: [basecommands.smx] "Console<0><Console><Console>" changed cvar (cvar "sv_turbophysics") (value "1")
L 02/05/2022 - 20:53:39: [basecommands.smx] "Console<0><Console><Console>" changed cvar (cvar "fps_max") (value "0")
L 02/05/2022 - 20:53:39: [basecommands.smx] "Console<0><Console><Console>" changed cvar (cvar "host_framerate") (value "0")
L 02/05/2022 - 20:53:39: [basecommands.smx] "Console<0><Console><Console>" changed cvar (cvar "sv_alternateticks") (value "1")
L 02/05/2022 - 20:53:39: [basecommands.smx] "Console<0><Console><Console>" changed cvar (cvar "sv_forcepreload") (value "1")
L 02/05/2022 - 20:53:39: [basecommands.smx] "Console<0><Console><Console>" changed cvar (cvar "sv_stats") (value "0")
L 02/05/2022 - 20:53:39: [basecommands.smx] "Console<0><Console><Console>" changed cvar (cvar "sv_parallel_packentities") (value "1")
L 02/05/2022 - 20:53:39: [basecommands.smx] "Console<0><Console><Console>" changed cvar (cvar "sv_multiplayer_maxtempentities") (value "1")
L 02/05/2022 - 20:53:39: [basecommands.smx] "Console<0><Console><Console>" changed cvar (cvar "occlusion_test_async") (value "1")
L 02/05/2022 - 20:53:39: [basecommands.smx] "Console<0><Console><Console>" changed cvar (cvar "host_threaded_sound") (value "1")
L 02/05/2022 - 20:53:39: [basecommands.smx] "Console<0><Console><Console>" changed cvar (cvar "sv_threaded_init") (value "1")
L 02/05/2022 - 20:53:39: [basecommands.smx] "Console<0><Console><Console>" changed cvar (cvar "mod_load_anims_async") (value "1")
L 02/05/2022 - 20:53:39: [basecommands.smx] "Console<0><Console><Console>" changed cvar (cvar "mod_load_mesh_async") (value "1")
L 02/05/2022 - 20:53:39: [basecommands.smx] "Console<0><Console><Console>" changed cvar (cvar "mod_load_vcollide_async") (value "1")
L 02/05/2022 - 20:53:39: [basecommands.smx] "Console<0><Console><Console>" changed cvar (cvar "vprof_server_thread") (value "1")
L 02/05/2022 - 20:53:39: [basecommands.smx] "Console<0><Console><Console>" changed cvar (cvar "g_ai_threadedgraphbuild") (value "1")
L 02/05/2022 - 20:53:39: [basecommands.smx] "Console<0><Console><Console>" changed cvar (cvar "mp_teamname_2") (value "Noble - T")
L 02/05/2022 - 20:53:39: [basecommands.smx] "Console<0><Console><Console>" changed cvar (cvar "mp_teamname_1") (value "Noble - CT")
L 02/05/2022 - 20:53:39: [basecommands.smx] "Console<0><Console><Console>" changed cvar (cvar "sv_allow_thirdperson") (value "1")
L 02/05/2022 - 20:53:39: [basecommands.smx] "Console<0><Console><Console>" changed cvar (cvar "sv_pure_kick_clients") (value "0")
L 02/05/2022 - 20:53:39: [basecommands.smx] "Console<0><Console><Console>" changed cvar (cvar "sv_server_verify_blood_on_player") (value "0")
L 02/05/2022 - 20:53:39: [basecommands.smx] "Console<0><Console><Console>" changed cvar (cvar "host_players_show") (value "2")
L 02/05/2022 - 20:53:39: [basecommands.smx] "Console<0><Console><Console>" changed cvar (cvar "host_info_show") (value "2")
L 02/05/2022 - 20:53:39: [basecommands.smx] "Console<0><Console><Console>" changed cvar (cvar "game_mode") (value "1")
L 02/05/2022 - 20:53:39: [basecommands.smx] "Console<0><Console><Console>" changed cvar (cvar "game_type") (value "0")
L 02/05/2022 - 20:53:39: [basecommands.smx] "Console<0><Console><Console>" changed cvar (cvar "sm_afk_exclude_dead") (value "1")
L 02/05/2022 - 20:53:39: [basecommands.smx] "Console<0><Console><Console>" changed cvar (cvar "bot_join_after_player") (value "0")
L 02/05/2022 - 20:53:39: [basecommands.smx] "Console<0><Console><Console>" changed cvar (cvar "bot_join_team") (value "")
L 02/05/2022 - 20:53:39: [basecommands.smx] "Console<0><Console><Console>" changed cvar (cvar "mp_roundtime") (value "1.92")
L 02/05/2022 - 20:53:39: [basecommands.smx] "Console<0><Console><Console>" changed cvar (cvar "mp_roundtime_hostage") (value "1.92")
L 02/05/2022 - 20:53:39: [basecommands.smx] "Console<0><Console><Console>" changed cvar (cvar "mp_roundtime_defuse") (value "1.92")
L 02/05/2022 - 20:53:39: [basecommands.smx] "Console<0><Console><Console>" changed cvar (cvar "sv_unlag") (value "1")
L 02/06/2022 - 15:09:57: Log file closed.
