L 03/12/2021 - 17:15:06: SourceMod error session started
L 03/12/2021 - 17:15:06: Info (map "de_dust2") (file "/home/steam/5v5/csgo/addons/sourcemod/logs/errors_20210312.log")
L 03/12/2021 - 17:15:06: [SM] Exception reported: Array index out-of-bounds (index 64, limit 55)
L 03/12/2021 - 17:15:06: [SM] Blaming: weapon_restrict.smx
L 03/12/2021 - 17:15:06: [SM] Call stack trace:
L 03/12/2021 - 17:15:06: [SM]   [1] Line 202, restrictinc/events.sp::CS_OnBuyCommand
L 03/12/2021 - 17:15:21: [SM] Exception reported: Array index out-of-bounds (index 64, limit 55)
L 03/12/2021 - 17:15:21: [SM] Blaming: weapon_restrict.smx
L 03/12/2021 - 17:15:21: [SM] Call stack trace:
L 03/12/2021 - 17:15:21: [SM]   [1] Line 202, restrictinc/events.sp::CS_OnBuyCommand
L 03/12/2021 - 17:22:22: Error log file session closed.
L 03/12/2021 - 17:24:59: SourceMod error session started
L 03/12/2021 - 17:24:59: Info (map "de_dust2") (file "/home/steam/5v5/csgo/addons/sourcemod/logs/errors_20210312.log")
L 03/12/2021 - 17:24:59: [SM] Exception reported: Array index out-of-bounds (index 64, limit 55)
L 03/12/2021 - 17:24:59: [SM] Blaming: weapon_restrict.smx
L 03/12/2021 - 17:24:59: [SM] Call stack trace:
L 03/12/2021 - 17:24:59: [SM]   [1] Line 202, restrictinc/events.sp::CS_OnBuyCommand
L 03/12/2021 - 17:27:16: [SM] Exception reported: Array index out-of-bounds (index 64, limit 55)
L 03/12/2021 - 17:27:16: [SM] Blaming: weapon_restrict.smx
L 03/12/2021 - 17:27:16: [SM] Call stack trace:
L 03/12/2021 - 17:27:16: [SM]   [1] Line 202, restrictinc/events.sp::CS_OnBuyCommand
L 03/12/2021 - 17:29:33: [SM] Exception reported: Array index out-of-bounds (index 64, limit 55)
L 03/12/2021 - 17:29:33: [SM] Blaming: weapon_restrict.smx
L 03/12/2021 - 17:29:33: [SM] Call stack trace:
L 03/12/2021 - 17:29:33: [SM]   [1] Line 202, restrictinc/events.sp::CS_OnBuyCommand
L 03/12/2021 - 17:31:50: [SM] Exception reported: Array index out-of-bounds (index 64, limit 55)
L 03/12/2021 - 17:31:50: [SM] Blaming: weapon_restrict.smx
L 03/12/2021 - 17:31:50: [SM] Call stack trace:
L 03/12/2021 - 17:31:50: [SM]   [1] Line 202, restrictinc/events.sp::CS_OnBuyCommand
L 03/12/2021 - 17:34:07: [SM] Exception reported: Array index out-of-bounds (index 64, limit 55)
L 03/12/2021 - 17:34:07: [SM] Blaming: weapon_restrict.smx
L 03/12/2021 - 17:34:07: [SM] Call stack trace:
L 03/12/2021 - 17:34:07: [SM]   [1] Line 202, restrictinc/events.sp::CS_OnBuyCommand
L 03/12/2021 - 17:36:24: [SM] Exception reported: Array index out-of-bounds (index 64, limit 55)
L 03/12/2021 - 17:36:24: [SM] Blaming: weapon_restrict.smx
L 03/12/2021 - 17:36:24: [SM] Call stack trace:
L 03/12/2021 - 17:36:24: [SM]   [1] Line 202, restrictinc/events.sp::CS_OnBuyCommand
L 03/12/2021 - 17:38:41: [SM] Exception reported: Array index out-of-bounds (index 64, limit 55)
L 03/12/2021 - 17:38:41: [SM] Blaming: weapon_restrict.smx
L 03/12/2021 - 17:38:41: [SM] Call stack trace:
L 03/12/2021 - 17:38:41: [SM]   [1] Line 202, restrictinc/events.sp::CS_OnBuyCommand
L 03/12/2021 - 21:18:30: Error log file session closed.
L 03/12/2021 - 21:20:36: SourceMod error session started
L 03/12/2021 - 21:20:36: Info (map "de_mirage") (file "/home/steam/5v5/csgo/addons/sourcemod/logs/errors_20210312.log")
L 03/12/2021 - 21:20:36: [SM] Exception reported: Array index out-of-bounds (index 64, limit 55)
L 03/12/2021 - 21:20:36: [SM] Blaming: weapon_restrict.smx
L 03/12/2021 - 21:20:36: [SM] Call stack trace:
L 03/12/2021 - 21:20:36: [SM]   [1] Line 202, restrictinc/events.sp::CS_OnBuyCommand
L 03/12/2021 - 21:21:55: [SM] Exception reported: Array index out-of-bounds (index 64, limit 55)
L 03/12/2021 - 21:21:55: [SM] Blaming: weapon_restrict.smx
L 03/12/2021 - 21:21:55: [SM] Call stack trace:
L 03/12/2021 - 21:21:55: [SM]   [1] Line 202, restrictinc/events.sp::CS_OnBuyCommand
L 03/12/2021 - 21:24:33: [SM] Exception reported: Array index out-of-bounds (index 64, limit 55)
L 03/12/2021 - 21:24:33: [SM] Blaming: weapon_restrict.smx
L 03/12/2021 - 21:24:33: [SM] Call stack trace:
L 03/12/2021 - 21:24:33: [SM]   [1] Line 202, restrictinc/events.sp::CS_OnBuyCommand
L 03/12/2021 - 21:30:41: [SM] Exception reported: Array index out-of-bounds (index 64, limit 55)
L 03/12/2021 - 21:30:41: [SM] Blaming: weapon_restrict.smx
L 03/12/2021 - 21:30:41: [SM] Call stack trace:
L 03/12/2021 - 21:30:41: [SM]   [1] Line 202, restrictinc/events.sp::CS_OnBuyCommand
L 03/12/2021 - 21:33:47: [SM] Exception reported: Array index out-of-bounds (index 64, limit 55)
L 03/12/2021 - 21:33:47: [SM] Blaming: weapon_restrict.smx
L 03/12/2021 - 21:33:47: [SM] Call stack trace:
L 03/12/2021 - 21:33:47: [SM]   [1] Line 202, restrictinc/events.sp::CS_OnBuyCommand
L 03/12/2021 - 21:33:48: [SM] Exception reported: Array index out-of-bounds (index 64, limit 55)
L 03/12/2021 - 21:33:48: [SM] Blaming: weapon_restrict.smx
L 03/12/2021 - 21:33:48: [SM] Call stack trace:
L 03/12/2021 - 21:33:48: [SM]   [1] Line 202, restrictinc/events.sp::CS_OnBuyCommand
L 03/12/2021 - 21:39:40: [SM] Exception reported: Array index out-of-bounds (index 64, limit 55)
L 03/12/2021 - 21:39:40: [SM] Blaming: weapon_restrict.smx
L 03/12/2021 - 21:39:40: [SM] Call stack trace:
L 03/12/2021 - 21:39:40: [SM]   [1] Line 202, restrictinc/events.sp::CS_OnBuyCommand
L 03/12/2021 - 22:38:19: Error log file session closed.
