L 10/04/2020 - 00:00:03: SourceMod error session started
L 10/04/2020 - 00:00:03: Info (map "de_mirage") (file "/home/tcagame/jackm1/527/csgo/addons/sourcemod/logs/errors_20201004.log")
L 10/04/2020 - 00:00:03: [SM] Exception reported: Array index out-of-bounds (index 64, limit 55)
L 10/04/2020 - 00:00:03: [SM] Blaming: weapon_restrict.smx
L 10/04/2020 - 00:00:03: [SM] Call stack trace:
L 10/04/2020 - 00:00:03: [SM]   [1] Line 202, restrictinc/events.sp::CS_OnBuyCommand
L 10/04/2020 - 00:00:20: [SM] Exception reported: Language phrase "Player_Connected_From" not found (arg 3)
L 10/04/2020 - 00:00:20: [SM] Blaming: advadmin.smx
L 10/04/2020 - 00:00:20: [SM] Call stack trace:
L 10/04/2020 - 00:00:20: [SM]   [0] VFormat
L 10/04/2020 - 00:00:20: [SM]   [1] Line 386, /groups/sourcemod/compiler-1.10/include/halflife.inc::PrintToChatAll
L 10/04/2020 - 00:00:20: [SM]   [2] Line 141, /home/groups/sourcemod/upload_tmp/phpRYtiXm.sp::OnClientAuthorized
L 10/04/2020 - 00:00:45: [SM] Exception reported: Array index out-of-bounds (index 64, limit 55)
L 10/04/2020 - 00:00:45: [SM] Blaming: weapon_restrict.smx
L 10/04/2020 - 00:00:45: [SM] Call stack trace:
L 10/04/2020 - 00:00:45: [SM]   [1] Line 202, restrictinc/events.sp::CS_OnBuyCommand
L 10/04/2020 - 00:01:22: [SM] Exception reported: Language phrase "Player_Connected_From" not found (arg 3)
L 10/04/2020 - 00:01:22: [SM] Blaming: advadmin.smx
L 10/04/2020 - 00:01:22: [SM] Call stack trace:
L 10/04/2020 - 00:01:22: [SM]   [0] VFormat
L 10/04/2020 - 00:01:22: [SM]   [1] Line 386, /groups/sourcemod/compiler-1.10/include/halflife.inc::PrintToChatAll
L 10/04/2020 - 00:01:22: [SM]   [2] Line 141, /home/groups/sourcemod/upload_tmp/phpRYtiXm.sp::OnClientAuthorized
L 10/04/2020 - 00:05:30: [SM] Exception reported: Array index out-of-bounds (index 64, limit 55)
L 10/04/2020 - 00:05:30: [SM] Blaming: weapon_restrict.smx
L 10/04/2020 - 00:05:30: [SM] Call stack trace:
L 10/04/2020 - 00:05:30: [SM]   [1] Line 202, restrictinc/events.sp::CS_OnBuyCommand
L 10/04/2020 - 00:06:58: [SM] Exception reported: Array index out-of-bounds (index 64, limit 55)
L 10/04/2020 - 00:06:58: [SM] Blaming: weapon_restrict.smx
L 10/04/2020 - 00:06:58: [SM] Call stack trace:
L 10/04/2020 - 00:06:58: [SM]   [1] Line 202, restrictinc/events.sp::CS_OnBuyCommand
L 10/04/2020 - 00:06:59: [SM] Exception reported: Array index out-of-bounds (index 64, limit 55)
L 10/04/2020 - 00:06:59: [SM] Blaming: weapon_restrict.smx
L 10/04/2020 - 00:06:59: [SM] Call stack trace:
L 10/04/2020 - 00:06:59: [SM]   [1] Line 202, restrictinc/events.sp::CS_OnBuyCommand
L 10/04/2020 - 00:07:02: [SM] Exception reported: Array index out-of-bounds (index 64, limit 55)
L 10/04/2020 - 00:07:02: [SM] Blaming: weapon_restrict.smx
L 10/04/2020 - 00:07:02: [SM] Call stack trace:
L 10/04/2020 - 00:07:02: [SM]   [1] Line 202, restrictinc/events.sp::CS_OnBuyCommand
L 10/04/2020 - 00:08:13: [SM] Exception reported: Array index out-of-bounds (index 64, limit 55)
L 10/04/2020 - 00:08:13: [SM] Blaming: weapon_restrict.smx
L 10/04/2020 - 00:08:13: [SM] Call stack trace:
L 10/04/2020 - 00:08:13: [SM]   [1] Line 202, restrictinc/events.sp::CS_OnBuyCommand
L 10/04/2020 - 00:08:13: [SM] Exception reported: Array index out-of-bounds (index 64, limit 55)
L 10/04/2020 - 00:08:13: [SM] Blaming: weapon_restrict.smx
L 10/04/2020 - 00:08:13: [SM] Call stack trace:
L 10/04/2020 - 00:08:13: [SM]   [1] Line 202, restrictinc/events.sp::CS_OnBuyCommand
L 10/04/2020 - 00:13:12: [SM] Exception reported: Language phrase "Player_Connected_From" not found (arg 3)
L 10/04/2020 - 00:13:12: [SM] Blaming: advadmin.smx
L 10/04/2020 - 00:13:12: [SM] Call stack trace:
L 10/04/2020 - 00:13:12: [SM]   [0] VFormat
L 10/04/2020 - 00:13:12: [SM]   [1] Line 386, /groups/sourcemod/compiler-1.10/include/halflife.inc::PrintToChatAll
L 10/04/2020 - 00:13:12: [SM]   [2] Line 141, /home/groups/sourcemod/upload_tmp/phpRYtiXm.sp::OnClientAuthorized
L 10/04/2020 - 00:18:00: [SM] Exception reported: Array index out-of-bounds (index 64, limit 55)
L 10/04/2020 - 00:18:00: [SM] Blaming: weapon_restrict.smx
L 10/04/2020 - 00:18:00: [SM] Call stack trace:
L 10/04/2020 - 00:18:00: [SM]   [1] Line 202, restrictinc/events.sp::CS_OnBuyCommand
L 10/04/2020 - 00:18:03: [SM] Exception reported: Array index out-of-bounds (index 64, limit 55)
L 10/04/2020 - 00:18:03: [SM] Blaming: weapon_restrict.smx
L 10/04/2020 - 00:18:03: [SM] Call stack trace:
L 10/04/2020 - 00:18:03: [SM]   [1] Line 202, restrictinc/events.sp::CS_OnBuyCommand
L 10/04/2020 - 00:18:45: [SM] Exception reported: Array index out-of-bounds (index 64, limit 55)
L 10/04/2020 - 00:18:45: [SM] Blaming: weapon_restrict.smx
L 10/04/2020 - 00:18:45: [SM] Call stack trace:
L 10/04/2020 - 00:18:45: [SM]   [1] Line 202, restrictinc/events.sp::CS_OnBuyCommand
L 10/04/2020 - 00:20:25: [SM] Exception reported: Array index out-of-bounds (index 64, limit 55)
L 10/04/2020 - 00:20:25: [SM] Blaming: weapon_restrict.smx
L 10/04/2020 - 00:20:25: [SM] Call stack trace:
L 10/04/2020 - 00:20:25: [SM]   [1] Line 202, restrictinc/events.sp::CS_OnBuyCommand
L 10/04/2020 - 00:20:25: [SM] Exception reported: Array index out-of-bounds (index 64, limit 55)
L 10/04/2020 - 00:20:25: [SM] Blaming: weapon_restrict.smx
L 10/04/2020 - 00:20:25: [SM] Call stack trace:
L 10/04/2020 - 00:20:25: [SM]   [1] Line 202, restrictinc/events.sp::CS_OnBuyCommand
L 10/04/2020 - 00:21:27: [SM] Exception reported: Array index out-of-bounds (index 64, limit 55)
L 10/04/2020 - 00:21:27: [SM] Blaming: weapon_restrict.smx
L 10/04/2020 - 00:21:27: [SM] Call stack trace:
L 10/04/2020 - 00:21:27: [SM]   [1] Line 202, restrictinc/events.sp::CS_OnBuyCommand
L 10/04/2020 - 00:21:50: [SM] Exception reported: Array index out-of-bounds (index 64, limit 55)
L 10/04/2020 - 00:21:50: [SM] Blaming: weapon_restrict.smx
L 10/04/2020 - 00:21:50: [SM] Call stack trace:
L 10/04/2020 - 00:21:50: [SM]   [1] Line 202, restrictinc/events.sp::CS_OnBuyCommand
L 10/04/2020 - 00:22:58: [SM] Exception reported: Array index out-of-bounds (index 64, limit 55)
L 10/04/2020 - 00:22:58: [SM] Blaming: weapon_restrict.smx
L 10/04/2020 - 00:22:58: [SM] Call stack trace:
L 10/04/2020 - 00:22:58: [SM]   [1] Line 202, restrictinc/events.sp::CS_OnBuyCommand
L 10/04/2020 - 00:24:35: [SM] Exception reported: Language phrase "Player_Connected_From" not found (arg 3)
L 10/04/2020 - 00:24:35: [SM] Blaming: advadmin.smx
L 10/04/2020 - 00:24:35: [SM] Call stack trace:
L 10/04/2020 - 00:24:35: [SM]   [0] VFormat
L 10/04/2020 - 00:24:35: [SM]   [1] Line 386, /groups/sourcemod/compiler-1.10/include/halflife.inc::PrintToChatAll
L 10/04/2020 - 00:24:35: [SM]   [2] Line 141, /home/groups/sourcemod/upload_tmp/phpRYtiXm.sp::OnClientAuthorized
L 10/04/2020 - 00:25:40: [SM] Exception reported: Language phrase "Player_Connected_From" not found (arg 3)
L 10/04/2020 - 00:25:40: [SM] Blaming: advadmin.smx
L 10/04/2020 - 00:25:40: [SM] Call stack trace:
L 10/04/2020 - 00:25:40: [SM]   [0] VFormat
L 10/04/2020 - 00:25:40: [SM]   [1] Line 386, /groups/sourcemod/compiler-1.10/include/halflife.inc::PrintToChatAll
L 10/04/2020 - 00:25:40: [SM]   [2] Line 141, /home/groups/sourcemod/upload_tmp/phpRYtiXm.sp::OnClientAuthorized
L 10/04/2020 - 00:28:15: [SM] Exception reported: Language phrase "Player_Connected" not found (arg 3)
L 10/04/2020 - 00:28:15: [SM] Blaming: advadmin.smx
L 10/04/2020 - 00:28:15: [SM] Call stack trace:
L 10/04/2020 - 00:28:15: [SM]   [0] VFormat
L 10/04/2020 - 00:28:15: [SM]   [1] Line 386, /groups/sourcemod/compiler-1.10/include/halflife.inc::PrintToChatAll
L 10/04/2020 - 00:28:15: [SM]   [2] Line 145, /home/groups/sourcemod/upload_tmp/phpRYtiXm.sp::OnClientAuthorized
L 10/04/2020 - 00:28:40: [SM] Exception reported: Language phrase "Player_Connected_From" not found (arg 3)
L 10/04/2020 - 00:28:40: [SM] Blaming: advadmin.smx
L 10/04/2020 - 00:28:40: [SM] Call stack trace:
L 10/04/2020 - 00:28:40: [SM]   [0] VFormat
L 10/04/2020 - 00:28:40: [SM]   [1] Line 386, /groups/sourcemod/compiler-1.10/include/halflife.inc::PrintToChatAll
L 10/04/2020 - 00:28:40: [SM]   [2] Line 141, /home/groups/sourcemod/upload_tmp/phpRYtiXm.sp::OnClientAuthorized
L 10/04/2020 - 10:00:54: Error log file session closed.
L 10/04/2020 - 10:00:54: SourceMod error session started
L 10/04/2020 - 10:00:54: Info (map "de_mirage") (file "/home/tcagame/jackm1/527/csgo/addons/sourcemod/logs/errors_20201004.log")
L 10/04/2020 - 10:00:54: [SM] Fatal error encountered parsing translation file "advadmin.phrases.txt"
L 10/04/2020 - 10:00:54: [SM] Error (line 0, column 0): Stream failed to open
L 10/04/2020 - 10:20:48: Error log file session closed.
L 10/04/2020 - 10:20:48: SourceMod error session started
L 10/04/2020 - 10:20:48: Info (map "de_mirage") (file "/home/tcagame/jackm1/527/csgo/addons/sourcemod/logs/errors_20201004.log")
L 10/04/2020 - 10:20:48: [SM] Fatal error encountered parsing translation file "advadmin.phrases.txt"
L 10/04/2020 - 10:20:48: [SM] Error (line 0, column 0): Stream failed to open
L 10/04/2020 - 10:26:37: Error log file session closed.
L 10/04/2020 - 10:26:37: SourceMod error session started
L 10/04/2020 - 10:26:37: Info (map "de_mirage") (file "/home/tcagame/jackm1/527/csgo/addons/sourcemod/logs/errors_20201004.log")
L 10/04/2020 - 10:26:37: [SM] Fatal error encountered parsing translation file "advadmin.phrases.txt"
L 10/04/2020 - 10:26:37: [SM] Error (line 0, column 0): Stream failed to open
L 10/04/2020 - 10:31:36: [SM] Exception reported: Language phrase "Player_Connected_From" not found (arg 3)
L 10/04/2020 - 10:31:36: [SM] Blaming: advadmin.smx
L 10/04/2020 - 10:31:36: [SM] Call stack trace:
L 10/04/2020 - 10:31:36: [SM]   [0] VFormat
L 10/04/2020 - 10:31:36: [SM]   [1] Line 386, /groups/sourcemod/compiler-1.10/include/halflife.inc::PrintToChatAll
L 10/04/2020 - 10:31:36: [SM]   [2] Line 141, /home/groups/sourcemod/upload_tmp/phpRYtiXm.sp::OnClientAuthorized
L 10/04/2020 - 10:33:47: [SM] Exception reported: Language phrase "Player_Connected_From" not found (arg 3)
L 10/04/2020 - 10:33:47: [SM] Blaming: advadmin.smx
L 10/04/2020 - 10:33:47: [SM] Call stack trace:
L 10/04/2020 - 10:33:47: [SM]   [0] VFormat
L 10/04/2020 - 10:33:47: [SM]   [1] Line 386, /groups/sourcemod/compiler-1.10/include/halflife.inc::PrintToChatAll
L 10/04/2020 - 10:33:47: [SM]   [2] Line 141, /home/groups/sourcemod/upload_tmp/phpRYtiXm.sp::OnClientAuthorized
L 10/04/2020 - 10:45:25: [SM] Exception reported: Array index out-of-bounds (index 64, limit 55)
L 10/04/2020 - 10:45:25: [SM] Blaming: weapon_restrict.smx
L 10/04/2020 - 10:45:25: [SM] Call stack trace:
L 10/04/2020 - 10:45:25: [SM]   [1] Line 202, restrictinc/events.sp::CS_OnBuyCommand
L 10/04/2020 - 10:51:57: Error log file session closed.
L 10/04/2020 - 10:51:57: SourceMod error session started
L 10/04/2020 - 10:51:57: Info (map "de_mirage") (file "/home/tcagame/jackm1/527/csgo/addons/sourcemod/logs/errors_20201004.log")
L 10/04/2020 - 10:51:57: [SM] Fatal error encountered parsing translation file "advadmin.phrases.txt"
L 10/04/2020 - 10:51:57: [SM] Error (line 0, column 0): Stream failed to open
L 10/04/2020 - 10:52:16: [SM] Exception reported: Array index out-of-bounds (index 64, limit 55)
L 10/04/2020 - 10:52:16: [SM] Blaming: weapon_restrict.smx
L 10/04/2020 - 10:52:16: [SM] Call stack trace:
L 10/04/2020 - 10:52:16: [SM]   [1] Line 202, restrictinc/events.sp::CS_OnBuyCommand
L 10/04/2020 - 10:52:37: [SM] Exception reported: Language phrase "Player_Connected_From" not found (arg 3)
L 10/04/2020 - 10:52:37: [SM] Blaming: advadmin.smx
L 10/04/2020 - 10:52:37: [SM] Call stack trace:
L 10/04/2020 - 10:52:37: [SM]   [0] VFormat
L 10/04/2020 - 10:52:37: [SM]   [1] Line 386, /groups/sourcemod/compiler-1.10/include/halflife.inc::PrintToChatAll
L 10/04/2020 - 10:52:37: [SM]   [2] Line 141, /home/groups/sourcemod/upload_tmp/phpRYtiXm.sp::OnClientAuthorized
L 10/04/2020 - 10:53:14: [SM] Exception reported: Array index out-of-bounds (index 64, limit 55)
L 10/04/2020 - 10:53:14: [SM] Blaming: weapon_restrict.smx
L 10/04/2020 - 10:53:14: [SM] Call stack trace:
L 10/04/2020 - 10:53:14: [SM]   [1] Line 202, restrictinc/events.sp::CS_OnBuyCommand
L 10/04/2020 - 10:53:22: [SM] Exception reported: Array index out-of-bounds (index 64, limit 55)
L 10/04/2020 - 10:53:22: [SM] Blaming: weapon_restrict.smx
L 10/04/2020 - 10:53:22: [SM] Call stack trace:
L 10/04/2020 - 10:53:22: [SM]   [1] Line 202, restrictinc/events.sp::CS_OnBuyCommand
L 10/04/2020 - 11:17:45: Error log file session closed.
L 10/04/2020 - 11:17:45: SourceMod error session started
L 10/04/2020 - 11:17:45: Info (map "de_mirage") (file "/home/tcagame/jackm1/527/csgo/addons/sourcemod/logs/errors_20201004.log")
L 10/04/2020 - 11:17:45: [SM] Fatal error encountered parsing translation file "advadmin.phrases.txt"
L 10/04/2020 - 11:17:45: [SM] Error (line 0, column 0): Stream failed to open
L 10/04/2020 - 11:24:52: Error log file session closed.
L 10/04/2020 - 11:24:52: SourceMod error session started
L 10/04/2020 - 11:24:52: Info (map "de_mirage") (file "/home/tcagame/jackm1/527/csgo/addons/sourcemod/logs/errors_20201004.log")
L 10/04/2020 - 11:24:52: [SM] Fatal error encountered parsing translation file "advadmin.phrases.txt"
L 10/04/2020 - 11:24:52: [SM] Error (line 0, column 0): Stream failed to open
L 10/04/2020 - 11:32:10: Error log file session closed.
L 10/04/2020 - 11:32:10: SourceMod error session started
L 10/04/2020 - 11:32:10: Info (map "de_mirage") (file "/home/tcagame/jackm1/527/csgo/addons/sourcemod/logs/errors_20201004.log")
L 10/04/2020 - 11:32:10: [SM] Fatal error encountered parsing translation file "advadmin.phrases.txt"
L 10/04/2020 - 11:32:10: [SM] Error (line 0, column 0): Stream failed to open
L 10/04/2020 - 11:43:08: [SM] Exception reported: Language phrase "Player_Connected_From" not found (arg 3)
L 10/04/2020 - 11:43:08: [SM] Blaming: advadmin.smx
L 10/04/2020 - 11:43:08: [SM] Call stack trace:
L 10/04/2020 - 11:43:08: [SM]   [0] VFormat
L 10/04/2020 - 11:43:08: [SM]   [1] Line 386, /groups/sourcemod/compiler-1.10/include/halflife.inc::PrintToChatAll
L 10/04/2020 - 11:43:08: [SM]   [2] Line 141, /home/groups/sourcemod/upload_tmp/phpRYtiXm.sp::OnClientAuthorized
L 10/04/2020 - 11:43:25: [SM] Exception reported: Language phrase "Player_Connected_From" not found (arg 3)
L 10/04/2020 - 11:43:25: [SM] Blaming: advadmin.smx
L 10/04/2020 - 11:43:25: [SM] Call stack trace:
L 10/04/2020 - 11:43:25: [SM]   [0] VFormat
L 10/04/2020 - 11:43:25: [SM]   [1] Line 386, /groups/sourcemod/compiler-1.10/include/halflife.inc::PrintToChatAll
L 10/04/2020 - 11:43:25: [SM]   [2] Line 141, /home/groups/sourcemod/upload_tmp/phpRYtiXm.sp::OnClientAuthorized
L 10/04/2020 - 11:43:54: [SM] Exception reported: Array index out-of-bounds (index 64, limit 55)
L 10/04/2020 - 11:43:54: [SM] Blaming: weapon_restrict.smx
L 10/04/2020 - 11:43:54: [SM] Call stack trace:
L 10/04/2020 - 11:43:54: [SM]   [1] Line 202, restrictinc/events.sp::CS_OnBuyCommand
L 10/04/2020 - 11:45:00: [SM] Exception reported: Array index out-of-bounds (index 64, limit 55)
L 10/04/2020 - 11:45:00: [SM] Blaming: weapon_restrict.smx
L 10/04/2020 - 11:45:00: [SM] Call stack trace:
L 10/04/2020 - 11:45:00: [SM]   [1] Line 202, restrictinc/events.sp::CS_OnBuyCommand
L 10/04/2020 - 11:45:59: [SM] Exception reported: Array index out-of-bounds (index 64, limit 55)
L 10/04/2020 - 11:45:59: [SM] Blaming: weapon_restrict.smx
L 10/04/2020 - 11:45:59: [SM] Call stack trace:
L 10/04/2020 - 11:45:59: [SM]   [1] Line 202, restrictinc/events.sp::CS_OnBuyCommand
L 10/04/2020 - 11:49:17: [SM] Exception reported: Language phrase "Player_Connected_From" not found (arg 3)
L 10/04/2020 - 11:49:17: [SM] Blaming: advadmin.smx
L 10/04/2020 - 11:49:17: [SM] Call stack trace:
L 10/04/2020 - 11:49:17: [SM]   [0] VFormat
L 10/04/2020 - 11:49:17: [SM]   [1] Line 386, /groups/sourcemod/compiler-1.10/include/halflife.inc::PrintToChatAll
L 10/04/2020 - 11:49:17: [SM]   [2] Line 141, /home/groups/sourcemod/upload_tmp/phpRYtiXm.sp::OnClientAuthorized
L 10/04/2020 - 11:49:56: [SM] Exception reported: Array index out-of-bounds (index 64, limit 55)
L 10/04/2020 - 11:49:56: [SM] Blaming: weapon_restrict.smx
L 10/04/2020 - 11:49:56: [SM] Call stack trace:
L 10/04/2020 - 11:49:56: [SM]   [1] Line 202, restrictinc/events.sp::CS_OnBuyCommand
L 10/04/2020 - 11:51:40: [SM] Exception reported: Language phrase "Player_Connected_From" not found (arg 3)
L 10/04/2020 - 11:51:40: [SM] Blaming: advadmin.smx
L 10/04/2020 - 11:51:40: [SM] Call stack trace:
L 10/04/2020 - 11:51:40: [SM]   [0] VFormat
L 10/04/2020 - 11:51:40: [SM]   [1] Line 386, /groups/sourcemod/compiler-1.10/include/halflife.inc::PrintToChatAll
L 10/04/2020 - 11:51:40: [SM]   [2] Line 141, /home/groups/sourcemod/upload_tmp/phpRYtiXm.sp::OnClientAuthorized
L 10/04/2020 - 11:52:39: [SM] Exception reported: Array index out-of-bounds (index 64, limit 55)
L 10/04/2020 - 11:52:39: [SM] Blaming: weapon_restrict.smx
L 10/04/2020 - 11:52:39: [SM] Call stack trace:
L 10/04/2020 - 11:52:39: [SM]   [1] Line 202, restrictinc/events.sp::CS_OnBuyCommand
L 10/04/2020 - 11:53:44: [SM] Exception reported: Array index out-of-bounds (index 64, limit 55)
L 10/04/2020 - 11:53:44: [SM] Blaming: weapon_restrict.smx
L 10/04/2020 - 11:53:44: [SM] Call stack trace:
L 10/04/2020 - 11:53:44: [SM]   [1] Line 202, restrictinc/events.sp::CS_OnBuyCommand
L 10/04/2020 - 11:57:12: [SM] Exception reported: Array index out-of-bounds (index 64, limit 55)
L 10/04/2020 - 11:57:12: [SM] Blaming: weapon_restrict.smx
L 10/04/2020 - 11:57:12: [SM] Call stack trace:
L 10/04/2020 - 11:57:12: [SM]   [1] Line 202, restrictinc/events.sp::CS_OnBuyCommand
L 10/04/2020 - 12:04:31: [SM] Exception reported: Array index out-of-bounds (index 64, limit 55)
L 10/04/2020 - 12:04:31: [SM] Blaming: weapon_restrict.smx
L 10/04/2020 - 12:04:31: [SM] Call stack trace:
L 10/04/2020 - 12:04:31: [SM]   [1] Line 202, restrictinc/events.sp::CS_OnBuyCommand
L 10/04/2020 - 12:09:19: [SM] Exception reported: Array index out-of-bounds (index 64, limit 55)
L 10/04/2020 - 12:09:19: [SM] Blaming: weapon_restrict.smx
L 10/04/2020 - 12:09:19: [SM] Call stack trace:
L 10/04/2020 - 12:09:19: [SM]   [1] Line 202, restrictinc/events.sp::CS_OnBuyCommand
L 10/04/2020 - 12:10:58: [SM] Exception reported: Array index out-of-bounds (index 64, limit 55)
L 10/04/2020 - 12:10:58: [SM] Blaming: weapon_restrict.smx
L 10/04/2020 - 12:10:58: [SM] Call stack trace:
L 10/04/2020 - 12:10:58: [SM]   [1] Line 202, restrictinc/events.sp::CS_OnBuyCommand
L 10/04/2020 - 12:14:13: [SM] Exception reported: Array index out-of-bounds (index 64, limit 55)
L 10/04/2020 - 12:14:13: [SM] Blaming: weapon_restrict.smx
L 10/04/2020 - 12:14:13: [SM] Call stack trace:
L 10/04/2020 - 12:14:13: [SM]   [1] Line 202, restrictinc/events.sp::CS_OnBuyCommand
L 10/04/2020 - 12:15:46: [SM] Exception reported: Array index out-of-bounds (index 64, limit 55)
L 10/04/2020 - 12:15:46: [SM] Blaming: weapon_restrict.smx
L 10/04/2020 - 12:15:46: [SM] Call stack trace:
L 10/04/2020 - 12:15:46: [SM]   [1] Line 202, restrictinc/events.sp::CS_OnBuyCommand
L 10/04/2020 - 18:50:37: Error log file session closed.
L 10/04/2020 - 18:50:37: SourceMod error session started
L 10/04/2020 - 18:50:37: Info (map "de_mirage") (file "/home/tcagame/jackm1/527/csgo/addons/sourcemod/logs/errors_20201004.log")
L 10/04/2020 - 18:50:37: [SM] Fatal error encountered parsing translation file "advadmin.phrases.txt"
L 10/04/2020 - 18:50:37: [SM] Error (line 0, column 0): Stream failed to open
L 10/04/2020 - 18:50:52: [SM] Exception reported: Language phrase "Player_Connected_From" not found (arg 3)
L 10/04/2020 - 18:50:52: [SM] Blaming: advadmin.smx
L 10/04/2020 - 18:50:52: [SM] Call stack trace:
L 10/04/2020 - 18:50:52: [SM]   [0] VFormat
L 10/04/2020 - 18:50:52: [SM]   [1] Line 386, /groups/sourcemod/compiler-1.10/include/halflife.inc::PrintToChatAll
L 10/04/2020 - 18:50:52: [SM]   [2] Line 141, /home/groups/sourcemod/upload_tmp/phpRYtiXm.sp::OnClientAuthorized
L 10/04/2020 - 20:58:03: Error log file session closed.
L 10/04/2020 - 20:58:03: SourceMod error session started
L 10/04/2020 - 20:58:03: Info (map "de_mirage") (file "/home/tcagame/jackm1/527/csgo/addons/sourcemod/logs/errors_20201004.log")
L 10/04/2020 - 20:58:03: [SM] Fatal error encountered parsing translation file "advadmin.phrases.txt"
L 10/04/2020 - 20:58:03: [SM] Error (line 0, column 0): Stream failed to open
L 10/04/2020 - 20:58:35: [SM] Exception reported: Language phrase "Player_Connected_From" not found (arg 3)
L 10/04/2020 - 20:58:35: [SM] Blaming: advadmin.smx
L 10/04/2020 - 20:58:35: [SM] Call stack trace:
L 10/04/2020 - 20:58:35: [SM]   [0] VFormat
L 10/04/2020 - 20:58:35: [SM]   [1] Line 386, /groups/sourcemod/compiler-1.10/include/halflife.inc::PrintToChatAll
L 10/04/2020 - 20:58:35: [SM]   [2] Line 141, /home/groups/sourcemod/upload_tmp/phpRYtiXm.sp::OnClientAuthorized
L 10/04/2020 - 21:00:13: [SM] Exception reported: Array index out-of-bounds (index 64, limit 55)
L 10/04/2020 - 21:00:13: [SM] Blaming: weapon_restrict.smx
L 10/04/2020 - 21:00:13: [SM] Call stack trace:
L 10/04/2020 - 21:00:13: [SM]   [1] Line 202, restrictinc/events.sp::CS_OnBuyCommand
L 10/04/2020 - 21:00:14: [SM] Exception reported: Array index out-of-bounds (index 64, limit 55)
L 10/04/2020 - 21:00:14: [SM] Blaming: weapon_restrict.smx
L 10/04/2020 - 21:00:14: [SM] Call stack trace:
L 10/04/2020 - 21:00:14: [SM]   [1] Line 202, restrictinc/events.sp::CS_OnBuyCommand
L 10/04/2020 - 21:00:40: [SM] Exception reported: Array index out-of-bounds (index 64, limit 55)
L 10/04/2020 - 21:00:40: [SM] Blaming: weapon_restrict.smx
L 10/04/2020 - 21:00:40: [SM] Call stack trace:
L 10/04/2020 - 21:00:40: [SM]   [1] Line 202, restrictinc/events.sp::CS_OnBuyCommand
L 10/04/2020 - 21:00:44: [SM] Exception reported: Array index out-of-bounds (index 64, limit 55)
L 10/04/2020 - 21:00:44: [SM] Blaming: weapon_restrict.smx
L 10/04/2020 - 21:00:44: [SM] Call stack trace:
L 10/04/2020 - 21:00:44: [SM]   [1] Line 202, restrictinc/events.sp::CS_OnBuyCommand
L 10/04/2020 - 21:00:51: [SM] Exception reported: Array index out-of-bounds (index 64, limit 55)
L 10/04/2020 - 21:00:51: [SM] Blaming: weapon_restrict.smx
L 10/04/2020 - 21:00:51: [SM] Call stack trace:
L 10/04/2020 - 21:00:51: [SM]   [1] Line 202, restrictinc/events.sp::CS_OnBuyCommand
L 10/04/2020 - 21:00:54: [SM] Exception reported: Array index out-of-bounds (index 64, limit 55)
L 10/04/2020 - 21:00:54: [SM] Blaming: weapon_restrict.smx
L 10/04/2020 - 21:00:54: [SM] Call stack trace:
L 10/04/2020 - 21:00:54: [SM]   [1] Line 202, restrictinc/events.sp::CS_OnBuyCommand
L 10/04/2020 - 21:01:24: [SM] Exception reported: Array index out-of-bounds (index 64, limit 55)
L 10/04/2020 - 21:01:24: [SM] Blaming: weapon_restrict.smx
L 10/04/2020 - 21:01:24: [SM] Call stack trace:
L 10/04/2020 - 21:01:24: [SM]   [1] Line 202, restrictinc/events.sp::CS_OnBuyCommand
L 10/05/2020 - 13:25:39: Error log file session closed.
