L 01/03/2021 - 00:00:54: SourceMod error session started
L 01/03/2021 - 00:00:54: Info (map "de_mirage") (file "/home/tcagame/jackm1/599/csgo/addons/sourcemod/logs/errors_20210103.log")
L 01/03/2021 - 00:00:54: [SM] Fatal error encountered parsing translation file "advadmin.phrases.txt"
L 01/03/2021 - 00:00:54: [SM] Error (line 0, column 0): Stream failed to open
L 01/03/2021 - 00:06:19: SourceMod error session started
L 01/03/2021 - 00:06:19: Info (map "de_mirage") (file "/home/tcagame/jackm1/599/csgo/addons/sourcemod/logs/errors_20210103.log")
L 01/03/2021 - 00:06:19: [SM] Fatal error encountered parsing translation file "advadmin.phrases.txt"
L 01/03/2021 - 00:06:19: [SM] Error (line 0, column 0): Stream failed to open
L 01/03/2021 - 00:11:42: SourceMod error session started
L 01/03/2021 - 00:11:42: Info (map "de_mirage") (file "/home/tcagame/jackm1/599/csgo/addons/sourcemod/logs/errors_20210103.log")
L 01/03/2021 - 00:11:42: [SM] Fatal error encountered parsing translation file "advadmin.phrases.txt"
L 01/03/2021 - 00:11:42: [SM] Error (line 0, column 0): Stream failed to open
L 01/03/2021 - 00:15:57: SourceMod error session started
L 01/03/2021 - 00:15:57: Info (map "de_mirage") (file "/home/tcagame/jackm1/599/csgo/addons/sourcemod/logs/errors_20210103.log")
L 01/03/2021 - 00:15:57: [SM] Fatal error encountered parsing translation file "advadmin.phrases.txt"
L 01/03/2021 - 00:15:57: [SM] Error (line 0, column 0): Stream failed to open
L 01/03/2021 - 00:27:45: SourceMod error session started
L 01/03/2021 - 00:27:45: Info (map "de_mirage") (file "/home/tcagame/jackm1/599/csgo/addons/sourcemod/logs/errors_20210103.log")
L 01/03/2021 - 00:27:45: [SM] Fatal error encountered parsing translation file "advadmin.phrases.txt"
L 01/03/2021 - 00:27:45: [SM] Error (line 0, column 0): Stream failed to open
L 01/03/2021 - 00:36:54: SourceMod error session started
L 01/03/2021 - 00:36:54: Info (map "de_mirage") (file "/home/tcagame/jackm1/599/csgo/addons/sourcemod/logs/errors_20210103.log")
L 01/03/2021 - 00:36:54: [SM] Fatal error encountered parsing translation file "advadmin.phrases.txt"
L 01/03/2021 - 00:36:54: [SM] Error (line 0, column 0): Stream failed to open
L 01/03/2021 - 00:50:46: SourceMod error session started
L 01/03/2021 - 00:50:46: Info (map "de_mirage") (file "/home/tcagame/jackm1/599/csgo/addons/sourcemod/logs/errors_20210103.log")
L 01/03/2021 - 00:50:46: [SM] Fatal error encountered parsing translation file "advadmin.phrases.txt"
L 01/03/2021 - 00:50:46: [SM] Error (line 0, column 0): Stream failed to open
L 01/03/2021 - 01:05:12: SourceMod error session started
L 01/03/2021 - 01:05:12: Info (map "de_mirage") (file "/home/tcagame/jackm1/599/csgo/addons/sourcemod/logs/errors_20210103.log")
L 01/03/2021 - 01:05:12: [SM] Fatal error encountered parsing translation file "advadmin.phrases.txt"
L 01/03/2021 - 01:05:12: [SM] Error (line 0, column 0): Stream failed to open
L 01/03/2021 - 01:05:12: SourceMod error session started
L 01/03/2021 - 01:05:12: Info (map "de_mirage") (file "/home/tcagame/jackm1/599/csgo/addons/sourcemod/logs/errors_20210103.log")
L 01/03/2021 - 01:05:12: [SM] Fatal error encountered parsing translation file "advadmin.phrases.txt"
L 01/03/2021 - 01:05:12: [SM] Error (line 0, column 0): Stream failed to open
L 01/03/2021 - 01:05:19: Error log file session closed.
L 01/03/2021 - 01:09:48: SourceMod error session started
L 01/03/2021 - 01:09:48: Info (map "de_mirage") (file "/home/tcagame/jackm1/599/csgo/addons/sourcemod/logs/errors_20210103.log")
L 01/03/2021 - 01:09:48: [SM] Fatal error encountered parsing translation file "advadmin.phrases.txt"
L 01/03/2021 - 01:09:48: [SM] Error (line 0, column 0): Stream failed to open
L 01/03/2021 - 01:15:46: SourceMod error session started
L 01/03/2021 - 01:15:46: Info (map "de_mirage") (file "/home/tcagame/jackm1/599/csgo/addons/sourcemod/logs/errors_20210103.log")
L 01/03/2021 - 01:15:46: [SM] Fatal error encountered parsing translation file "advadmin.phrases.txt"
L 01/03/2021 - 01:15:46: [SM] Error (line 0, column 0): Stream failed to open
L 01/03/2021 - 01:18:00: SourceMod error session started
L 01/03/2021 - 01:18:00: Info (map "de_mirage") (file "/home/tcagame/jackm1/599/csgo/addons/sourcemod/logs/errors_20210103.log")
L 01/03/2021 - 01:18:00: [SM] Fatal error encountered parsing translation file "advadmin.phrases.txt"
L 01/03/2021 - 01:18:00: [SM] Error (line 0, column 0): Stream failed to open
L 01/03/2021 - 01:19:09: SourceMod error session started
L 01/03/2021 - 01:19:09: Info (map "de_mirage") (file "/home/tcagame/jackm1/599/csgo/addons/sourcemod/logs/errors_20210103.log")
L 01/03/2021 - 01:19:09: [SM] Fatal error encountered parsing translation file "advadmin.phrases.txt"
L 01/03/2021 - 01:19:09: [SM] Error (line 0, column 0): Stream failed to open
L 01/03/2021 - 01:21:54: SourceMod error session started
L 01/03/2021 - 01:21:54: Info (map "de_mirage") (file "/home/tcagame/jackm1/599/csgo/addons/sourcemod/logs/errors_20210103.log")
L 01/03/2021 - 01:21:54: [SM] Fatal error encountered parsing translation file "advadmin.phrases.txt"
L 01/03/2021 - 01:21:54: [SM] Error (line 0, column 0): Stream failed to open
L 01/03/2021 - 01:28:01: SourceMod error session started
L 01/03/2021 - 01:28:01: Info (map "de_mirage") (file "/home/tcagame/jackm1/599/csgo/addons/sourcemod/logs/errors_20210103.log")
L 01/03/2021 - 01:28:01: [SM] Fatal error encountered parsing translation file "advadmin.phrases.txt"
L 01/03/2021 - 01:28:01: [SM] Error (line 0, column 0): Stream failed to open
L 01/03/2021 - 01:30:53: SourceMod error session started
L 01/03/2021 - 01:30:53: Info (map "de_mirage") (file "/home/tcagame/jackm1/599/csgo/addons/sourcemod/logs/errors_20210103.log")
L 01/03/2021 - 01:30:53: [SM] Fatal error encountered parsing translation file "advadmin.phrases.txt"
L 01/03/2021 - 01:30:53: [SM] Error (line 0, column 0): Stream failed to open
L 01/03/2021 - 01:33:53: SourceMod error session started
L 01/03/2021 - 01:33:53: Info (map "de_mirage") (file "/home/tcagame/jackm1/599/csgo/addons/sourcemod/logs/errors_20210103.log")
L 01/03/2021 - 01:33:53: [SM] Fatal error encountered parsing translation file "advadmin.phrases.txt"
L 01/03/2021 - 01:33:53: [SM] Error (line 0, column 0): Stream failed to open
L 01/03/2021 - 01:35:20: SourceMod error session started
L 01/03/2021 - 01:35:20: Info (map "de_mirage") (file "/home/tcagame/jackm1/599/csgo/addons/sourcemod/logs/errors_20210103.log")
L 01/03/2021 - 01:35:20: [SM] Fatal error encountered parsing translation file "advadmin.phrases.txt"
L 01/03/2021 - 01:35:20: [SM] Error (line 0, column 0): Stream failed to open
L 01/03/2021 - 01:38:57: SourceMod error session started
L 01/03/2021 - 01:38:57: Info (map "de_mirage") (file "/home/tcagame/jackm1/599/csgo/addons/sourcemod/logs/errors_20210103.log")
L 01/03/2021 - 01:38:57: [SM] Fatal error encountered parsing translation file "advadmin.phrases.txt"
L 01/03/2021 - 01:38:57: [SM] Error (line 0, column 0): Stream failed to open
L 01/03/2021 - 01:41:29: SourceMod error session started
L 01/03/2021 - 01:41:29: Info (map "de_mirage") (file "/home/tcagame/jackm1/599/csgo/addons/sourcemod/logs/errors_20210103.log")
L 01/03/2021 - 01:41:29: [SM] Fatal error encountered parsing translation file "advadmin.phrases.txt"
L 01/03/2021 - 01:41:29: [SM] Error (line 0, column 0): Stream failed to open
L 01/03/2021 - 01:56:37: SourceMod error session started
L 01/03/2021 - 01:56:37: Info (map "de_mirage") (file "/home/tcagame/jackm1/599/csgo/addons/sourcemod/logs/errors_20210103.log")
L 01/03/2021 - 01:56:37: [SM] Fatal error encountered parsing translation file "advadmin.phrases.txt"
L 01/03/2021 - 01:56:37: [SM] Error (line 0, column 0): Stream failed to open
L 01/03/2021 - 02:09:32: SourceMod error session started
L 01/03/2021 - 02:09:32: Info (map "de_mirage") (file "/home/tcagame/jackm1/599/csgo/addons/sourcemod/logs/errors_20210103.log")
L 01/03/2021 - 02:09:32: [SM] Fatal error encountered parsing translation file "advadmin.phrases.txt"
L 01/03/2021 - 02:09:32: [SM] Error (line 0, column 0): Stream failed to open
L 01/03/2021 - 02:13:13: SourceMod error session started
L 01/03/2021 - 02:13:13: Info (map "de_mirage") (file "/home/tcagame/jackm1/599/csgo/addons/sourcemod/logs/errors_20210103.log")
L 01/03/2021 - 02:13:13: [SM] Fatal error encountered parsing translation file "advadmin.phrases.txt"
L 01/03/2021 - 02:13:13: [SM] Error (line 0, column 0): Stream failed to open
L 01/03/2021 - 02:32:36: SourceMod error session started
L 01/03/2021 - 02:32:36: Info (map "de_mirage") (file "/home/tcagame/jackm1/599/csgo/addons/sourcemod/logs/errors_20210103.log")
L 01/03/2021 - 02:32:36: [SM] Fatal error encountered parsing translation file "advadmin.phrases.txt"
L 01/03/2021 - 02:32:36: [SM] Error (line 0, column 0): Stream failed to open
L 01/03/2021 - 02:43:18: SourceMod error session started
L 01/03/2021 - 02:43:18: Info (map "de_mirage") (file "/home/tcagame/jackm1/599/csgo/addons/sourcemod/logs/errors_20210103.log")
L 01/03/2021 - 02:43:18: [SM] Fatal error encountered parsing translation file "advadmin.phrases.txt"
L 01/03/2021 - 02:43:18: [SM] Error (line 0, column 0): Stream failed to open
L 01/03/2021 - 02:45:59: SourceMod error session started
L 01/03/2021 - 02:45:59: Info (map "de_mirage") (file "/home/tcagame/jackm1/599/csgo/addons/sourcemod/logs/errors_20210103.log")
L 01/03/2021 - 02:45:59: [SM] Fatal error encountered parsing translation file "advadmin.phrases.txt"
L 01/03/2021 - 02:45:59: [SM] Error (line 0, column 0): Stream failed to open
L 01/03/2021 - 02:49:27: SourceMod error session started
L 01/03/2021 - 02:49:27: Info (map "de_mirage") (file "/home/tcagame/jackm1/599/csgo/addons/sourcemod/logs/errors_20210103.log")
L 01/03/2021 - 02:49:27: [SM] Fatal error encountered parsing translation file "advadmin.phrases.txt"
L 01/03/2021 - 02:49:27: [SM] Error (line 0, column 0): Stream failed to open
L 01/03/2021 - 02:53:26: SourceMod error session started
L 01/03/2021 - 02:53:26: Info (map "de_mirage") (file "/home/tcagame/jackm1/599/csgo/addons/sourcemod/logs/errors_20210103.log")
L 01/03/2021 - 02:53:26: [SM] Fatal error encountered parsing translation file "advadmin.phrases.txt"
L 01/03/2021 - 02:53:26: [SM] Error (line 0, column 0): Stream failed to open
L 01/03/2021 - 02:57:03: SourceMod error session started
L 01/03/2021 - 02:57:03: Info (map "de_mirage") (file "/home/tcagame/jackm1/599/csgo/addons/sourcemod/logs/errors_20210103.log")
L 01/03/2021 - 02:57:03: [SM] Fatal error encountered parsing translation file "advadmin.phrases.txt"
L 01/03/2021 - 02:57:03: [SM] Error (line 0, column 0): Stream failed to open
L 01/03/2021 - 03:08:13: SourceMod error session started
L 01/03/2021 - 03:08:13: Info (map "de_mirage") (file "/home/tcagame/jackm1/599/csgo/addons/sourcemod/logs/errors_20210103.log")
L 01/03/2021 - 03:08:13: [SM] Fatal error encountered parsing translation file "advadmin.phrases.txt"
L 01/03/2021 - 03:08:13: [SM] Error (line 0, column 0): Stream failed to open
L 01/03/2021 - 03:11:46: SourceMod error session started
L 01/03/2021 - 03:11:46: Info (map "de_mirage") (file "/home/tcagame/jackm1/599/csgo/addons/sourcemod/logs/errors_20210103.log")
L 01/03/2021 - 03:11:46: [SM] Fatal error encountered parsing translation file "advadmin.phrases.txt"
L 01/03/2021 - 03:11:46: [SM] Error (line 0, column 0): Stream failed to open
L 01/03/2021 - 03:23:20: SourceMod error session started
L 01/03/2021 - 03:23:20: Info (map "de_mirage") (file "/home/tcagame/jackm1/599/csgo/addons/sourcemod/logs/errors_20210103.log")
L 01/03/2021 - 03:23:20: [SM] Fatal error encountered parsing translation file "advadmin.phrases.txt"
L 01/03/2021 - 03:23:20: [SM] Error (line 0, column 0): Stream failed to open
L 01/03/2021 - 03:30:30: SourceMod error session started
L 01/03/2021 - 03:30:30: Info (map "de_mirage") (file "/home/tcagame/jackm1/599/csgo/addons/sourcemod/logs/errors_20210103.log")
L 01/03/2021 - 03:30:30: [SM] Fatal error encountered parsing translation file "advadmin.phrases.txt"
L 01/03/2021 - 03:30:30: [SM] Error (line 0, column 0): Stream failed to open
L 01/03/2021 - 03:32:48: SourceMod error session started
L 01/03/2021 - 03:32:48: Info (map "de_mirage") (file "/home/tcagame/jackm1/599/csgo/addons/sourcemod/logs/errors_20210103.log")
L 01/03/2021 - 03:32:48: [SM] Fatal error encountered parsing translation file "advadmin.phrases.txt"
L 01/03/2021 - 03:32:48: [SM] Error (line 0, column 0): Stream failed to open
L 01/03/2021 - 03:36:37: SourceMod error session started
L 01/03/2021 - 03:36:37: Info (map "de_mirage") (file "/home/tcagame/jackm1/599/csgo/addons/sourcemod/logs/errors_20210103.log")
L 01/03/2021 - 03:36:37: [SM] Fatal error encountered parsing translation file "advadmin.phrases.txt"
L 01/03/2021 - 03:36:37: [SM] Error (line 0, column 0): Stream failed to open
L 01/03/2021 - 03:43:43: SourceMod error session started
L 01/03/2021 - 03:43:43: Info (map "de_mirage") (file "/home/tcagame/jackm1/599/csgo/addons/sourcemod/logs/errors_20210103.log")
L 01/03/2021 - 03:43:43: [SM] Fatal error encountered parsing translation file "advadmin.phrases.txt"
L 01/03/2021 - 03:43:43: [SM] Error (line 0, column 0): Stream failed to open
L 01/03/2021 - 03:49:46: SourceMod error session started
L 01/03/2021 - 03:49:46: Info (map "de_mirage") (file "/home/tcagame/jackm1/599/csgo/addons/sourcemod/logs/errors_20210103.log")
L 01/03/2021 - 03:49:46: [SM] Fatal error encountered parsing translation file "advadmin.phrases.txt"
L 01/03/2021 - 03:49:46: [SM] Error (line 0, column 0): Stream failed to open
L 01/03/2021 - 03:51:26: SourceMod error session started
L 01/03/2021 - 03:51:26: Info (map "de_mirage") (file "/home/tcagame/jackm1/599/csgo/addons/sourcemod/logs/errors_20210103.log")
L 01/03/2021 - 03:51:26: [SM] Fatal error encountered parsing translation file "advadmin.phrases.txt"
L 01/03/2021 - 03:51:26: [SM] Error (line 0, column 0): Stream failed to open
L 01/03/2021 - 03:58:04: SourceMod error session started
L 01/03/2021 - 03:58:04: Info (map "de_mirage") (file "/home/tcagame/jackm1/599/csgo/addons/sourcemod/logs/errors_20210103.log")
L 01/03/2021 - 03:58:04: [SM] Fatal error encountered parsing translation file "advadmin.phrases.txt"
L 01/03/2021 - 03:58:04: [SM] Error (line 0, column 0): Stream failed to open
L 01/03/2021 - 04:05:28: SourceMod error session started
L 01/03/2021 - 04:05:28: Info (map "de_mirage") (file "/home/tcagame/jackm1/599/csgo/addons/sourcemod/logs/errors_20210103.log")
L 01/03/2021 - 04:05:28: [SM] Fatal error encountered parsing translation file "advadmin.phrases.txt"
L 01/03/2021 - 04:05:28: [SM] Error (line 0, column 0): Stream failed to open
L 01/03/2021 - 04:15:27: SourceMod error session started
L 01/03/2021 - 04:15:27: Info (map "de_mirage") (file "/home/tcagame/jackm1/599/csgo/addons/sourcemod/logs/errors_20210103.log")
L 01/03/2021 - 04:15:27: [SM] Fatal error encountered parsing translation file "advadmin.phrases.txt"
L 01/03/2021 - 04:15:27: [SM] Error (line 0, column 0): Stream failed to open
L 01/03/2021 - 04:25:51: SourceMod error session started
L 01/03/2021 - 04:25:51: Info (map "de_mirage") (file "/home/tcagame/jackm1/599/csgo/addons/sourcemod/logs/errors_20210103.log")
L 01/03/2021 - 04:25:51: [SM] Fatal error encountered parsing translation file "advadmin.phrases.txt"
L 01/03/2021 - 04:25:51: [SM] Error (line 0, column 0): Stream failed to open
L 01/03/2021 - 04:33:11: SourceMod error session started
L 01/03/2021 - 04:33:11: Info (map "de_mirage") (file "/home/tcagame/jackm1/599/csgo/addons/sourcemod/logs/errors_20210103.log")
L 01/03/2021 - 04:33:11: [SM] Fatal error encountered parsing translation file "advadmin.phrases.txt"
L 01/03/2021 - 04:33:11: [SM] Error (line 0, column 0): Stream failed to open
L 01/03/2021 - 04:35:39: SourceMod error session started
L 01/03/2021 - 04:35:39: Info (map "de_mirage") (file "/home/tcagame/jackm1/599/csgo/addons/sourcemod/logs/errors_20210103.log")
L 01/03/2021 - 04:35:39: [SM] Fatal error encountered parsing translation file "advadmin.phrases.txt"
L 01/03/2021 - 04:35:39: [SM] Error (line 0, column 0): Stream failed to open
L 01/03/2021 - 04:38:20: SourceMod error session started
L 01/03/2021 - 04:38:20: Info (map "de_mirage") (file "/home/tcagame/jackm1/599/csgo/addons/sourcemod/logs/errors_20210103.log")
L 01/03/2021 - 04:38:20: [SM] Fatal error encountered parsing translation file "advadmin.phrases.txt"
L 01/03/2021 - 04:38:20: [SM] Error (line 0, column 0): Stream failed to open
L 01/03/2021 - 04:49:37: SourceMod error session started
L 01/03/2021 - 04:49:37: Info (map "de_mirage") (file "/home/tcagame/jackm1/599/csgo/addons/sourcemod/logs/errors_20210103.log")
L 01/03/2021 - 04:49:37: [SM] Fatal error encountered parsing translation file "advadmin.phrases.txt"
L 01/03/2021 - 04:49:37: [SM] Error (line 0, column 0): Stream failed to open
L 01/03/2021 - 04:57:04: SourceMod error session started
L 01/03/2021 - 04:57:04: Info (map "de_mirage") (file "/home/tcagame/jackm1/599/csgo/addons/sourcemod/logs/errors_20210103.log")
L 01/03/2021 - 04:57:04: [SM] Fatal error encountered parsing translation file "advadmin.phrases.txt"
L 01/03/2021 - 04:57:04: [SM] Error (line 0, column 0): Stream failed to open
L 01/03/2021 - 05:05:34: SourceMod error session started
L 01/03/2021 - 05:05:34: Info (map "de_mirage") (file "/home/tcagame/jackm1/599/csgo/addons/sourcemod/logs/errors_20210103.log")
L 01/03/2021 - 05:05:34: [SM] Fatal error encountered parsing translation file "advadmin.phrases.txt"
L 01/03/2021 - 05:05:34: [SM] Error (line 0, column 0): Stream failed to open
L 01/03/2021 - 05:08:13: SourceMod error session started
L 01/03/2021 - 05:08:13: Info (map "de_mirage") (file "/home/tcagame/jackm1/599/csgo/addons/sourcemod/logs/errors_20210103.log")
L 01/03/2021 - 05:08:13: [SM] Fatal error encountered parsing translation file "advadmin.phrases.txt"
L 01/03/2021 - 05:08:13: [SM] Error (line 0, column 0): Stream failed to open
L 01/03/2021 - 05:11:27: SourceMod error session started
L 01/03/2021 - 05:11:27: Info (map "de_mirage") (file "/home/tcagame/jackm1/599/csgo/addons/sourcemod/logs/errors_20210103.log")
L 01/03/2021 - 05:11:27: [SM] Fatal error encountered parsing translation file "advadmin.phrases.txt"
L 01/03/2021 - 05:11:27: [SM] Error (line 0, column 0): Stream failed to open
L 01/03/2021 - 05:14:04: SourceMod error session started
L 01/03/2021 - 05:14:04: Info (map "de_mirage") (file "/home/tcagame/jackm1/599/csgo/addons/sourcemod/logs/errors_20210103.log")
L 01/03/2021 - 05:14:04: [SM] Fatal error encountered parsing translation file "advadmin.phrases.txt"
L 01/03/2021 - 05:14:04: [SM] Error (line 0, column 0): Stream failed to open
L 01/03/2021 - 05:18:02: SourceMod error session started
L 01/03/2021 - 05:18:02: Info (map "de_mirage") (file "/home/tcagame/jackm1/599/csgo/addons/sourcemod/logs/errors_20210103.log")
L 01/03/2021 - 05:18:02: [SM] Fatal error encountered parsing translation file "advadmin.phrases.txt"
L 01/03/2021 - 05:18:02: [SM] Error (line 0, column 0): Stream failed to open
L 01/03/2021 - 05:24:19: SourceMod error session started
L 01/03/2021 - 05:24:19: Info (map "de_mirage") (file "/home/tcagame/jackm1/599/csgo/addons/sourcemod/logs/errors_20210103.log")
L 01/03/2021 - 05:24:19: [SM] Fatal error encountered parsing translation file "advadmin.phrases.txt"
L 01/03/2021 - 05:24:19: [SM] Error (line 0, column 0): Stream failed to open
L 01/03/2021 - 05:24:19: SourceMod error session started
L 01/03/2021 - 05:24:19: Info (map "de_mirage") (file "/home/tcagame/jackm1/599/csgo/addons/sourcemod/logs/errors_20210103.log")
L 01/03/2021 - 05:24:19: [SM] Fatal error encountered parsing translation file "advadmin.phrases.txt"
L 01/03/2021 - 05:24:19: [SM] Error (line 0, column 0): Stream failed to open
L 01/03/2021 - 05:24:25: Error log file session closed.
L 01/03/2021 - 05:27:49: SourceMod error session started
L 01/03/2021 - 05:27:49: Info (map "de_mirage") (file "/home/tcagame/jackm1/599/csgo/addons/sourcemod/logs/errors_20210103.log")
L 01/03/2021 - 05:27:49: [SM] Fatal error encountered parsing translation file "advadmin.phrases.txt"
L 01/03/2021 - 05:27:49: [SM] Error (line 0, column 0): Stream failed to open
L 01/03/2021 - 05:39:20: SourceMod error session started
L 01/03/2021 - 05:39:20: Info (map "de_mirage") (file "/home/tcagame/jackm1/599/csgo/addons/sourcemod/logs/errors_20210103.log")
L 01/03/2021 - 05:39:20: [SM] Fatal error encountered parsing translation file "advadmin.phrases.txt"
L 01/03/2021 - 05:39:20: [SM] Error (line 0, column 0): Stream failed to open
L 01/03/2021 - 05:44:21: SourceMod error session started
L 01/03/2021 - 05:44:21: Info (map "de_mirage") (file "/home/tcagame/jackm1/599/csgo/addons/sourcemod/logs/errors_20210103.log")
L 01/03/2021 - 05:44:21: [SM] Fatal error encountered parsing translation file "advadmin.phrases.txt"
L 01/03/2021 - 05:44:21: [SM] Error (line 0, column 0): Stream failed to open
L 01/03/2021 - 05:57:02: SourceMod error session started
L 01/03/2021 - 05:57:02: Info (map "de_mirage") (file "/home/tcagame/jackm1/599/csgo/addons/sourcemod/logs/errors_20210103.log")
L 01/03/2021 - 05:57:02: [SM] Fatal error encountered parsing translation file "advadmin.phrases.txt"
L 01/03/2021 - 05:57:02: [SM] Error (line 0, column 0): Stream failed to open
L 01/03/2021 - 06:11:52: SourceMod error session started
L 01/03/2021 - 06:11:52: Info (map "de_mirage") (file "/home/tcagame/jackm1/599/csgo/addons/sourcemod/logs/errors_20210103.log")
L 01/03/2021 - 06:11:52: [SM] Fatal error encountered parsing translation file "advadmin.phrases.txt"
L 01/03/2021 - 06:11:52: [SM] Error (line 0, column 0): Stream failed to open
L 01/03/2021 - 06:13:01: SourceMod error session started
L 01/03/2021 - 06:13:01: Info (map "de_mirage") (file "/home/tcagame/jackm1/599/csgo/addons/sourcemod/logs/errors_20210103.log")
L 01/03/2021 - 06:13:01: [SM] Fatal error encountered parsing translation file "advadmin.phrases.txt"
L 01/03/2021 - 06:13:02: [SM] Error (line 0, column 0): Stream failed to open
L 01/03/2021 - 06:20:32: SourceMod error session started
L 01/03/2021 - 06:20:32: Info (map "de_mirage") (file "/home/tcagame/jackm1/599/csgo/addons/sourcemod/logs/errors_20210103.log")
L 01/03/2021 - 06:20:32: [SM] Fatal error encountered parsing translation file "advadmin.phrases.txt"
L 01/03/2021 - 06:20:32: [SM] Error (line 0, column 0): Stream failed to open
L 01/03/2021 - 06:27:52: SourceMod error session started
L 01/03/2021 - 06:27:52: Info (map "de_mirage") (file "/home/tcagame/jackm1/599/csgo/addons/sourcemod/logs/errors_20210103.log")
L 01/03/2021 - 06:27:52: [SM] Fatal error encountered parsing translation file "advadmin.phrases.txt"
L 01/03/2021 - 06:27:52: [SM] Error (line 0, column 0): Stream failed to open
L 01/03/2021 - 06:33:22: SourceMod error session started
L 01/03/2021 - 06:33:22: Info (map "de_mirage") (file "/home/tcagame/jackm1/599/csgo/addons/sourcemod/logs/errors_20210103.log")
L 01/03/2021 - 06:33:22: [SM] Fatal error encountered parsing translation file "advadmin.phrases.txt"
L 01/03/2021 - 06:33:22: [SM] Error (line 0, column 0): Stream failed to open
L 01/03/2021 - 06:35:15: SourceMod error session started
L 01/03/2021 - 06:35:15: Info (map "de_mirage") (file "/home/tcagame/jackm1/599/csgo/addons/sourcemod/logs/errors_20210103.log")
L 01/03/2021 - 06:35:15: [SM] Fatal error encountered parsing translation file "advadmin.phrases.txt"
L 01/03/2021 - 06:35:15: [SM] Error (line 0, column 0): Stream failed to open
L 01/03/2021 - 06:37:29: SourceMod error session started
L 01/03/2021 - 06:37:29: Info (map "de_mirage") (file "/home/tcagame/jackm1/599/csgo/addons/sourcemod/logs/errors_20210103.log")
L 01/03/2021 - 06:37:29: [SM] Fatal error encountered parsing translation file "advadmin.phrases.txt"
L 01/03/2021 - 06:37:29: [SM] Error (line 0, column 0): Stream failed to open
L 01/03/2021 - 06:41:03: SourceMod error session started
L 01/03/2021 - 06:41:03: Info (map "de_mirage") (file "/home/tcagame/jackm1/599/csgo/addons/sourcemod/logs/errors_20210103.log")
L 01/03/2021 - 06:41:03: [SM] Fatal error encountered parsing translation file "advadmin.phrases.txt"
L 01/03/2021 - 06:41:03: [SM] Error (line 0, column 0): Stream failed to open
L 01/03/2021 - 06:43:49: SourceMod error session started
L 01/03/2021 - 06:43:49: Info (map "de_mirage") (file "/home/tcagame/jackm1/599/csgo/addons/sourcemod/logs/errors_20210103.log")
L 01/03/2021 - 06:43:49: [SM] Fatal error encountered parsing translation file "advadmin.phrases.txt"
L 01/03/2021 - 06:43:49: [SM] Error (line 0, column 0): Stream failed to open
L 01/03/2021 - 06:57:54: SourceMod error session started
L 01/03/2021 - 06:57:54: Info (map "de_mirage") (file "/home/tcagame/jackm1/599/csgo/addons/sourcemod/logs/errors_20210103.log")
L 01/03/2021 - 06:57:54: [SM] Fatal error encountered parsing translation file "advadmin.phrases.txt"
L 01/03/2021 - 06:57:54: [SM] Error (line 0, column 0): Stream failed to open
L 01/03/2021 - 07:03:30: SourceMod error session started
L 01/03/2021 - 07:03:30: Info (map "de_mirage") (file "/home/tcagame/jackm1/599/csgo/addons/sourcemod/logs/errors_20210103.log")
L 01/03/2021 - 07:03:30: [SM] Fatal error encountered parsing translation file "advadmin.phrases.txt"
L 01/03/2021 - 07:03:30: [SM] Error (line 0, column 0): Stream failed to open
L 01/03/2021 - 07:06:18: SourceMod error session started
L 01/03/2021 - 07:06:18: Info (map "de_mirage") (file "/home/tcagame/jackm1/599/csgo/addons/sourcemod/logs/errors_20210103.log")
L 01/03/2021 - 07:06:18: [SM] Fatal error encountered parsing translation file "advadmin.phrases.txt"
L 01/03/2021 - 07:06:18: [SM] Error (line 0, column 0): Stream failed to open
L 01/03/2021 - 07:17:21: SourceMod error session started
L 01/03/2021 - 07:17:21: Info (map "de_mirage") (file "/home/tcagame/jackm1/599/csgo/addons/sourcemod/logs/errors_20210103.log")
L 01/03/2021 - 07:17:21: [SM] Fatal error encountered parsing translation file "advadmin.phrases.txt"
L 01/03/2021 - 07:17:21: [SM] Error (line 0, column 0): Stream failed to open
L 01/03/2021 - 07:19:58: SourceMod error session started
L 01/03/2021 - 07:19:58: Info (map "de_mirage") (file "/home/tcagame/jackm1/599/csgo/addons/sourcemod/logs/errors_20210103.log")
L 01/03/2021 - 07:19:58: [SM] Fatal error encountered parsing translation file "advadmin.phrases.txt"
L 01/03/2021 - 07:19:58: [SM] Error (line 0, column 0): Stream failed to open
L 01/03/2021 - 07:23:55: SourceMod error session started
L 01/03/2021 - 07:23:55: Info (map "de_mirage") (file "/home/tcagame/jackm1/599/csgo/addons/sourcemod/logs/errors_20210103.log")
L 01/03/2021 - 07:23:55: [SM] Fatal error encountered parsing translation file "advadmin.phrases.txt"
L 01/03/2021 - 07:23:55: [SM] Error (line 0, column 0): Stream failed to open
L 01/03/2021 - 07:30:00: SourceMod error session started
L 01/03/2021 - 07:30:00: Info (map "de_mirage") (file "/home/tcagame/jackm1/599/csgo/addons/sourcemod/logs/errors_20210103.log")
L 01/03/2021 - 07:30:00: [SM] Fatal error encountered parsing translation file "advadmin.phrases.txt"
L 01/03/2021 - 07:30:00: [SM] Error (line 0, column 0): Stream failed to open
L 01/03/2021 - 07:32:50: SourceMod error session started
L 01/03/2021 - 07:32:50: Info (map "de_mirage") (file "/home/tcagame/jackm1/599/csgo/addons/sourcemod/logs/errors_20210103.log")
L 01/03/2021 - 07:32:50: [SM] Fatal error encountered parsing translation file "advadmin.phrases.txt"
L 01/03/2021 - 07:32:50: [SM] Error (line 0, column 0): Stream failed to open
L 01/03/2021 - 07:35:32: SourceMod error session started
L 01/03/2021 - 07:35:32: Info (map "de_mirage") (file "/home/tcagame/jackm1/599/csgo/addons/sourcemod/logs/errors_20210103.log")
L 01/03/2021 - 07:35:32: [SM] Fatal error encountered parsing translation file "advadmin.phrases.txt"
L 01/03/2021 - 07:35:32: [SM] Error (line 0, column 0): Stream failed to open
L 01/03/2021 - 07:42:03: SourceMod error session started
L 01/03/2021 - 07:42:03: Info (map "de_mirage") (file "/home/tcagame/jackm1/599/csgo/addons/sourcemod/logs/errors_20210103.log")
L 01/03/2021 - 07:42:03: [SM] Fatal error encountered parsing translation file "advadmin.phrases.txt"
L 01/03/2021 - 07:42:03: [SM] Error (line 0, column 0): Stream failed to open
L 01/03/2021 - 07:44:37: SourceMod error session started
L 01/03/2021 - 07:44:37: Info (map "de_mirage") (file "/home/tcagame/jackm1/599/csgo/addons/sourcemod/logs/errors_20210103.log")
L 01/03/2021 - 07:44:37: [SM] Fatal error encountered parsing translation file "advadmin.phrases.txt"
L 01/03/2021 - 07:44:37: [SM] Error (line 0, column 0): Stream failed to open
L 01/03/2021 - 07:53:53: SourceMod error session started
L 01/03/2021 - 07:53:53: Info (map "de_mirage") (file "/home/tcagame/jackm1/599/csgo/addons/sourcemod/logs/errors_20210103.log")
L 01/03/2021 - 07:53:53: [SM] Fatal error encountered parsing translation file "advadmin.phrases.txt"
L 01/03/2021 - 07:53:53: [SM] Error (line 0, column 0): Stream failed to open
L 01/03/2021 - 08:01:28: SourceMod error session started
L 01/03/2021 - 08:01:28: Info (map "de_mirage") (file "/home/tcagame/jackm1/599/csgo/addons/sourcemod/logs/errors_20210103.log")
L 01/03/2021 - 08:01:28: [SM] Fatal error encountered parsing translation file "advadmin.phrases.txt"
L 01/03/2021 - 08:01:28: [SM] Error (line 0, column 0): Stream failed to open
L 01/03/2021 - 11:04:23: SourceMod error session started
L 01/03/2021 - 11:04:23: Info (map "de_mirage") (file "/home/tcagame/jackm1/599/csgo/addons/sourcemod/logs/errors_20210103.log")
L 01/03/2021 - 11:04:23: [SM] Fatal error encountered parsing translation file "advadmin.phrases.txt"
L 01/03/2021 - 11:04:23: [SM] Error (line 0, column 0): Stream failed to open
L 01/03/2021 - 11:13:20: SourceMod error session started
L 01/03/2021 - 11:13:20: Info (map "de_mirage") (file "/home/tcagame/jackm1/599/csgo/addons/sourcemod/logs/errors_20210103.log")
L 01/03/2021 - 11:13:20: [SM] Fatal error encountered parsing translation file "advadmin.phrases.txt"
L 01/03/2021 - 11:13:20: [SM] Error (line 0, column 0): Stream failed to open
L 01/03/2021 - 11:21:44: SourceMod error session started
L 01/03/2021 - 11:21:44: Info (map "de_mirage") (file "/home/tcagame/jackm1/599/csgo/addons/sourcemod/logs/errors_20210103.log")
L 01/03/2021 - 11:21:44: [SM] Fatal error encountered parsing translation file "advadmin.phrases.txt"
L 01/03/2021 - 11:21:44: [SM] Error (line 0, column 0): Stream failed to open
L 01/03/2021 - 11:27:39: SourceMod error session started
L 01/03/2021 - 11:27:39: Info (map "de_mirage") (file "/home/tcagame/jackm1/599/csgo/addons/sourcemod/logs/errors_20210103.log")
L 01/03/2021 - 11:27:39: [SM] Fatal error encountered parsing translation file "advadmin.phrases.txt"
L 01/03/2021 - 11:27:39: [SM] Error (line 0, column 0): Stream failed to open
L 01/03/2021 - 11:35:25: SourceMod error session started
L 01/03/2021 - 11:35:25: Info (map "de_mirage") (file "/home/tcagame/jackm1/599/csgo/addons/sourcemod/logs/errors_20210103.log")
L 01/03/2021 - 11:35:25: [SM] Fatal error encountered parsing translation file "advadmin.phrases.txt"
L 01/03/2021 - 11:35:25: [SM] Error (line 0, column 0): Stream failed to open
L 01/03/2021 - 11:44:56: SourceMod error session started
L 01/03/2021 - 11:44:56: Info (map "de_mirage") (file "/home/tcagame/jackm1/599/csgo/addons/sourcemod/logs/errors_20210103.log")
L 01/03/2021 - 11:44:56: [SM] Fatal error encountered parsing translation file "advadmin.phrases.txt"
L 01/03/2021 - 11:44:56: [SM] Error (line 0, column 0): Stream failed to open
L 01/03/2021 - 11:47:08: SourceMod error session started
L 01/03/2021 - 11:47:08: Info (map "de_mirage") (file "/home/tcagame/jackm1/599/csgo/addons/sourcemod/logs/errors_20210103.log")
L 01/03/2021 - 11:47:08: [SM] Fatal error encountered parsing translation file "advadmin.phrases.txt"
L 01/03/2021 - 11:47:08: [SM] Error (line 0, column 0): Stream failed to open
L 01/03/2021 - 11:55:20: SourceMod error session started
L 01/03/2021 - 11:55:20: Info (map "de_mirage") (file "/home/tcagame/jackm1/599/csgo/addons/sourcemod/logs/errors_20210103.log")
L 01/03/2021 - 11:55:20: [SM] Fatal error encountered parsing translation file "advadmin.phrases.txt"
L 01/03/2021 - 11:55:20: [SM] Error (line 0, column 0): Stream failed to open
L 01/03/2021 - 11:58:06: SourceMod error session started
L 01/03/2021 - 11:58:06: Info (map "de_mirage") (file "/home/tcagame/jackm1/599/csgo/addons/sourcemod/logs/errors_20210103.log")
L 01/03/2021 - 11:58:06: [SM] Fatal error encountered parsing translation file "advadmin.phrases.txt"
L 01/03/2021 - 11:58:06: [SM] Error (line 0, column 0): Stream failed to open
L 01/03/2021 - 12:00:27: SourceMod error session started
L 01/03/2021 - 12:00:27: Info (map "de_mirage") (file "/home/tcagame/jackm1/599/csgo/addons/sourcemod/logs/errors_20210103.log")
L 01/03/2021 - 12:00:27: [SM] Fatal error encountered parsing translation file "advadmin.phrases.txt"
L 01/03/2021 - 12:00:27: [SM] Error (line 0, column 0): Stream failed to open
L 01/03/2021 - 12:10:05: SourceMod error session started
L 01/03/2021 - 12:10:05: Info (map "de_mirage") (file "/home/tcagame/jackm1/599/csgo/addons/sourcemod/logs/errors_20210103.log")
L 01/03/2021 - 12:10:05: [SM] Fatal error encountered parsing translation file "advadmin.phrases.txt"
L 01/03/2021 - 12:10:05: [SM] Error (line 0, column 0): Stream failed to open
L 01/03/2021 - 12:14:44: SourceMod error session started
L 01/03/2021 - 12:14:44: Info (map "de_mirage") (file "/home/tcagame/jackm1/599/csgo/addons/sourcemod/logs/errors_20210103.log")
L 01/03/2021 - 12:14:44: [SM] Fatal error encountered parsing translation file "advadmin.phrases.txt"
L 01/03/2021 - 12:14:44: [SM] Error (line 0, column 0): Stream failed to open
L 01/03/2021 - 12:18:03: SourceMod error session started
L 01/03/2021 - 12:18:03: Info (map "de_mirage") (file "/home/tcagame/jackm1/599/csgo/addons/sourcemod/logs/errors_20210103.log")
L 01/03/2021 - 12:18:03: [SM] Fatal error encountered parsing translation file "advadmin.phrases.txt"
L 01/03/2021 - 12:18:03: [SM] Error (line 0, column 0): Stream failed to open
L 01/03/2021 - 12:21:12: SourceMod error session started
L 01/03/2021 - 12:21:12: Info (map "de_mirage") (file "/home/tcagame/jackm1/599/csgo/addons/sourcemod/logs/errors_20210103.log")
L 01/03/2021 - 12:21:12: [SM] Fatal error encountered parsing translation file "advadmin.phrases.txt"
L 01/03/2021 - 12:21:12: [SM] Error (line 0, column 0): Stream failed to open
L 01/03/2021 - 12:24:21: SourceMod error session started
L 01/03/2021 - 12:24:21: Info (map "de_mirage") (file "/home/tcagame/jackm1/599/csgo/addons/sourcemod/logs/errors_20210103.log")
L 01/03/2021 - 12:24:21: [SM] Fatal error encountered parsing translation file "advadmin.phrases.txt"
L 01/03/2021 - 12:24:21: [SM] Error (line 0, column 0): Stream failed to open
L 01/03/2021 - 12:28:18: SourceMod error session started
L 01/03/2021 - 12:28:18: Info (map "de_mirage") (file "/home/tcagame/jackm1/599/csgo/addons/sourcemod/logs/errors_20210103.log")
L 01/03/2021 - 12:28:18: [SM] Fatal error encountered parsing translation file "advadmin.phrases.txt"
L 01/03/2021 - 12:28:18: [SM] Error (line 0, column 0): Stream failed to open
L 01/03/2021 - 12:32:11: SourceMod error session started
L 01/03/2021 - 12:32:11: Info (map "de_mirage") (file "/home/tcagame/jackm1/599/csgo/addons/sourcemod/logs/errors_20210103.log")
L 01/03/2021 - 12:32:11: [SM] Fatal error encountered parsing translation file "advadmin.phrases.txt"
L 01/03/2021 - 12:32:11: [SM] Error (line 0, column 0): Stream failed to open
L 01/03/2021 - 12:34:33: SourceMod error session started
L 01/03/2021 - 12:34:33: Info (map "de_mirage") (file "/home/tcagame/jackm1/599/csgo/addons/sourcemod/logs/errors_20210103.log")
L 01/03/2021 - 12:34:33: [SM] Fatal error encountered parsing translation file "advadmin.phrases.txt"
L 01/03/2021 - 12:34:33: [SM] Error (line 0, column 0): Stream failed to open
L 01/03/2021 - 12:40:34: SourceMod error session started
L 01/03/2021 - 12:40:34: Info (map "de_mirage") (file "/home/tcagame/jackm1/599/csgo/addons/sourcemod/logs/errors_20210103.log")
L 01/03/2021 - 12:40:34: [SM] Fatal error encountered parsing translation file "advadmin.phrases.txt"
L 01/03/2021 - 12:40:34: [SM] Error (line 0, column 0): Stream failed to open
L 01/03/2021 - 12:46:09: SourceMod error session started
L 01/03/2021 - 12:46:09: Info (map "de_mirage") (file "/home/tcagame/jackm1/599/csgo/addons/sourcemod/logs/errors_20210103.log")
L 01/03/2021 - 12:46:09: [SM] Fatal error encountered parsing translation file "advadmin.phrases.txt"
L 01/03/2021 - 12:46:09: [SM] Error (line 0, column 0): Stream failed to open
L 01/03/2021 - 12:51:44: SourceMod error session started
L 01/03/2021 - 12:51:44: Info (map "de_mirage") (file "/home/tcagame/jackm1/599/csgo/addons/sourcemod/logs/errors_20210103.log")
L 01/03/2021 - 12:51:44: [SM] Fatal error encountered parsing translation file "advadmin.phrases.txt"
L 01/03/2021 - 12:51:44: [SM] Error (line 0, column 0): Stream failed to open
L 01/03/2021 - 13:00:52: SourceMod error session started
L 01/03/2021 - 13:00:52: Info (map "de_mirage") (file "/home/tcagame/jackm1/599/csgo/addons/sourcemod/logs/errors_20210103.log")
L 01/03/2021 - 13:00:52: [SM] Fatal error encountered parsing translation file "advadmin.phrases.txt"
L 01/03/2021 - 13:00:52: [SM] Error (line 0, column 0): Stream failed to open
L 01/03/2021 - 13:17:53: SourceMod error session started
L 01/03/2021 - 13:17:53: Info (map "de_mirage") (file "/home/tcagame/jackm1/599/csgo/addons/sourcemod/logs/errors_20210103.log")
L 01/03/2021 - 13:17:53: [SM] Fatal error encountered parsing translation file "advadmin.phrases.txt"
L 01/03/2021 - 13:17:53: [SM] Error (line 0, column 0): Stream failed to open
L 01/03/2021 - 13:21:40: SourceMod error session started
L 01/03/2021 - 13:21:40: Info (map "de_mirage") (file "/home/tcagame/jackm1/599/csgo/addons/sourcemod/logs/errors_20210103.log")
L 01/03/2021 - 13:21:40: [SM] Fatal error encountered parsing translation file "advadmin.phrases.txt"
L 01/03/2021 - 13:21:40: [SM] Error (line 0, column 0): Stream failed to open
L 01/03/2021 - 13:23:33: SourceMod error session started
L 01/03/2021 - 13:23:33: Info (map "de_mirage") (file "/home/tcagame/jackm1/599/csgo/addons/sourcemod/logs/errors_20210103.log")
L 01/03/2021 - 13:23:33: [SM] Fatal error encountered parsing translation file "advadmin.phrases.txt"
L 01/03/2021 - 13:23:33: [SM] Error (line 0, column 0): Stream failed to open
L 01/03/2021 - 13:29:30: SourceMod error session started
L 01/03/2021 - 13:29:30: Info (map "de_mirage") (file "/home/tcagame/jackm1/599/csgo/addons/sourcemod/logs/errors_20210103.log")
L 01/03/2021 - 13:29:30: [SM] Fatal error encountered parsing translation file "advadmin.phrases.txt"
L 01/03/2021 - 13:29:30: [SM] Error (line 0, column 0): Stream failed to open
L 01/03/2021 - 13:33:06: SourceMod error session started
L 01/03/2021 - 13:33:06: Info (map "de_mirage") (file "/home/tcagame/jackm1/599/csgo/addons/sourcemod/logs/errors_20210103.log")
L 01/03/2021 - 13:33:06: [SM] Fatal error encountered parsing translation file "advadmin.phrases.txt"
L 01/03/2021 - 13:33:06: [SM] Error (line 0, column 0): Stream failed to open
L 01/03/2021 - 13:37:45: SourceMod error session started
L 01/03/2021 - 13:37:45: Info (map "de_mirage") (file "/home/tcagame/jackm1/599/csgo/addons/sourcemod/logs/errors_20210103.log")
L 01/03/2021 - 13:37:45: [SM] Fatal error encountered parsing translation file "advadmin.phrases.txt"
L 01/03/2021 - 13:37:45: [SM] Error (line 0, column 0): Stream failed to open
L 01/03/2021 - 13:47:34: SourceMod error session started
L 01/03/2021 - 13:47:34: Info (map "de_mirage") (file "/home/tcagame/jackm1/599/csgo/addons/sourcemod/logs/errors_20210103.log")
L 01/03/2021 - 13:47:34: [SM] Fatal error encountered parsing translation file "advadmin.phrases.txt"
L 01/03/2021 - 13:47:34: [SM] Error (line 0, column 0): Stream failed to open
L 01/03/2021 - 13:50:20: SourceMod error session started
L 01/03/2021 - 13:50:20: Info (map "de_mirage") (file "/home/tcagame/jackm1/599/csgo/addons/sourcemod/logs/errors_20210103.log")
L 01/03/2021 - 13:50:20: [SM] Fatal error encountered parsing translation file "advadmin.phrases.txt"
L 01/03/2021 - 13:50:20: [SM] Error (line 0, column 0): Stream failed to open
L 01/03/2021 - 13:55:51: SourceMod error session started
L 01/03/2021 - 13:55:51: Info (map "de_mirage") (file "/home/tcagame/jackm1/599/csgo/addons/sourcemod/logs/errors_20210103.log")
L 01/03/2021 - 13:55:51: [SM] Fatal error encountered parsing translation file "advadmin.phrases.txt"
L 01/03/2021 - 13:55:51: [SM] Error (line 0, column 0): Stream failed to open
L 01/03/2021 - 14:01:26: SourceMod error session started
L 01/03/2021 - 14:01:26: Info (map "de_mirage") (file "/home/tcagame/jackm1/599/csgo/addons/sourcemod/logs/errors_20210103.log")
L 01/03/2021 - 14:01:26: [SM] Fatal error encountered parsing translation file "advadmin.phrases.txt"
L 01/03/2021 - 14:01:26: [SM] Error (line 0, column 0): Stream failed to open
L 01/03/2021 - 14:01:26: SourceMod error session started
L 01/03/2021 - 14:01:26: Info (map "de_mirage") (file "/home/tcagame/jackm1/599/csgo/addons/sourcemod/logs/errors_20210103.log")
L 01/03/2021 - 14:01:26: [SM] Fatal error encountered parsing translation file "advadmin.phrases.txt"
L 01/03/2021 - 14:01:26: [SM] Error (line 0, column 0): Stream failed to open
L 01/03/2021 - 14:01:32: Error log file session closed.
L 01/03/2021 - 14:05:18: SourceMod error session started
L 01/03/2021 - 14:05:18: Info (map "de_mirage") (file "/home/tcagame/jackm1/599/csgo/addons/sourcemod/logs/errors_20210103.log")
L 01/03/2021 - 14:05:18: [SM] Fatal error encountered parsing translation file "advadmin.phrases.txt"
L 01/03/2021 - 14:05:18: [SM] Error (line 0, column 0): Stream failed to open
L 01/03/2021 - 14:07:48: SourceMod error session started
L 01/03/2021 - 14:07:48: Info (map "de_mirage") (file "/home/tcagame/jackm1/599/csgo/addons/sourcemod/logs/errors_20210103.log")
L 01/03/2021 - 14:07:48: [SM] Fatal error encountered parsing translation file "advadmin.phrases.txt"
L 01/03/2021 - 14:07:48: [SM] Error (line 0, column 0): Stream failed to open
L 01/03/2021 - 14:56:39: SourceMod error session started
L 01/03/2021 - 14:56:39: Info (map "de_mirage") (file "/home/tcagame/jackm1/599/csgo/addons/sourcemod/logs/errors_20210103.log")
L 01/03/2021 - 14:56:39: [SM] Fatal error encountered parsing translation file "advadmin.phrases.txt"
L 01/03/2021 - 14:56:39: [SM] Error (line 0, column 0): Stream failed to open
L 01/03/2021 - 15:02:44: SourceMod error session started
L 01/03/2021 - 15:02:44: Info (map "de_mirage") (file "/home/tcagame/jackm1/599/csgo/addons/sourcemod/logs/errors_20210103.log")
L 01/03/2021 - 15:02:44: [SM] Fatal error encountered parsing translation file "advadmin.phrases.txt"
L 01/03/2021 - 15:02:44: [SM] Error (line 0, column 0): Stream failed to open
L 01/03/2021 - 15:04:52: SourceMod error session started
L 01/03/2021 - 15:04:52: Info (map "de_mirage") (file "/home/tcagame/jackm1/599/csgo/addons/sourcemod/logs/errors_20210103.log")
L 01/03/2021 - 15:04:52: [SM] Fatal error encountered parsing translation file "advadmin.phrases.txt"
L 01/03/2021 - 15:04:52: [SM] Error (line 0, column 0): Stream failed to open
L 01/03/2021 - 15:14:51: SourceMod error session started
L 01/03/2021 - 15:14:51: Info (map "de_mirage") (file "/home/tcagame/jackm1/599/csgo/addons/sourcemod/logs/errors_20210103.log")
L 01/03/2021 - 15:14:51: [SM] Fatal error encountered parsing translation file "advadmin.phrases.txt"
L 01/03/2021 - 15:14:51: [SM] Error (line 0, column 0): Stream failed to open
L 01/03/2021 - 15:26:55: SourceMod error session started
L 01/03/2021 - 15:26:55: Info (map "de_mirage") (file "/home/tcagame/jackm1/599/csgo/addons/sourcemod/logs/errors_20210103.log")
L 01/03/2021 - 15:26:55: [SM] Fatal error encountered parsing translation file "advadmin.phrases.txt"
L 01/03/2021 - 15:26:55: [SM] Error (line 0, column 0): Stream failed to open
L 01/03/2021 - 15:29:14: SourceMod error session started
L 01/03/2021 - 15:29:14: Info (map "de_mirage") (file "/home/tcagame/jackm1/599/csgo/addons/sourcemod/logs/errors_20210103.log")
L 01/03/2021 - 15:29:14: [SM] Fatal error encountered parsing translation file "advadmin.phrases.txt"
L 01/03/2021 - 15:29:14: [SM] Error (line 0, column 0): Stream failed to open
L 01/03/2021 - 15:42:15: SourceMod error session started
L 01/03/2021 - 15:42:15: Info (map "de_mirage") (file "/home/tcagame/jackm1/599/csgo/addons/sourcemod/logs/errors_20210103.log")
L 01/03/2021 - 15:42:15: [SM] Fatal error encountered parsing translation file "advadmin.phrases.txt"
L 01/03/2021 - 15:42:15: [SM] Error (line 0, column 0): Stream failed to open
L 01/03/2021 - 16:28:01: SourceMod error session started
L 01/03/2021 - 16:28:01: Info (map "de_mirage") (file "/home/tcagame/jackm1/599/csgo/addons/sourcemod/logs/errors_20210103.log")
L 01/03/2021 - 16:28:01: [SM] Fatal error encountered parsing translation file "advadmin.phrases.txt"
L 01/03/2021 - 16:28:01: [SM] Error (line 0, column 0): Stream failed to open
L 01/03/2021 - 16:41:58: SourceMod error session started
L 01/03/2021 - 16:41:58: Info (map "de_mirage") (file "/home/tcagame/jackm1/599/csgo/addons/sourcemod/logs/errors_20210103.log")
L 01/03/2021 - 16:41:58: [SM] Fatal error encountered parsing translation file "advadmin.phrases.txt"
L 01/03/2021 - 16:41:58: [SM] Error (line 0, column 0): Stream failed to open
L 01/03/2021 - 16:51:04: SourceMod error session started
L 01/03/2021 - 16:51:04: Info (map "de_mirage") (file "/home/tcagame/jackm1/599/csgo/addons/sourcemod/logs/errors_20210103.log")
L 01/03/2021 - 16:51:04: [SM] Fatal error encountered parsing translation file "advadmin.phrases.txt"
L 01/03/2021 - 16:51:04: [SM] Error (line 0, column 0): Stream failed to open
L 01/03/2021 - 17:09:31: SourceMod error session started
L 01/03/2021 - 17:09:31: Info (map "de_mirage") (file "/home/tcagame/jackm1/599/csgo/addons/sourcemod/logs/errors_20210103.log")
L 01/03/2021 - 17:09:31: [SM] Fatal error encountered parsing translation file "advadmin.phrases.txt"
L 01/03/2021 - 17:09:31: [SM] Error (line 0, column 0): Stream failed to open
L 01/03/2021 - 19:38:24: Error log file session closed.
L 01/03/2021 - 19:38:25: SourceMod error session started
L 01/03/2021 - 19:38:25: Info (map "de_mirage") (file "/home/tcagame/jackm1/599/csgo/addons/sourcemod/logs/errors_20210103.log")
L 01/03/2021 - 19:38:25: [SM] Fatal error encountered parsing translation file "advadmin.phrases.txt"
L 01/03/2021 - 19:38:25: [SM] Error (line 0, column 0): Stream failed to open
L 01/03/2021 - 19:38:58: [SM] Exception reported: Array index out-of-bounds (index 64, limit 55)
L 01/03/2021 - 19:38:58: [SM] Blaming: weapon_restrict.smx
L 01/03/2021 - 19:38:58: [SM] Call stack trace:
L 01/03/2021 - 19:38:58: [SM]   [1] Line 202, restrictinc/events.sp::CS_OnBuyCommand
L 01/03/2021 - 19:39:35: [SM] Exception reported: Language phrase "Player_Connected_From" not found (arg 3)
L 01/03/2021 - 19:39:35: [SM] Blaming: advadmin.smx
L 01/03/2021 - 19:39:35: [SM] Call stack trace:
L 01/03/2021 - 19:39:35: [SM]   [0] VFormat
L 01/03/2021 - 19:39:35: [SM]   [1] Line 386, /groups/sourcemod/compiler-1.10/include/halflife.inc::PrintToChatAll
L 01/03/2021 - 19:39:35: [SM]   [2] Line 141, /home/groups/sourcemod/upload_tmp/phpRYtiXm.sp::OnClientAuthorized
L 01/03/2021 - 19:39:51: [SM] Exception reported: Array index out-of-bounds (index 64, limit 55)
L 01/03/2021 - 19:39:51: [SM] Blaming: weapon_restrict.smx
L 01/03/2021 - 19:39:51: [SM] Call stack trace:
L 01/03/2021 - 19:39:51: [SM]   [1] Line 202, restrictinc/events.sp::CS_OnBuyCommand
L 01/03/2021 - 19:40:33: [SM] Exception reported: Array index out-of-bounds (index 64, limit 55)
L 01/03/2021 - 19:40:33: [SM] Blaming: weapon_restrict.smx
L 01/03/2021 - 19:40:33: [SM] Call stack trace:
L 01/03/2021 - 19:40:33: [SM]   [1] Line 202, restrictinc/events.sp::CS_OnBuyCommand
L 01/03/2021 - 19:40:34: [SM] Exception reported: Array index out-of-bounds (index 64, limit 55)
L 01/03/2021 - 19:40:34: [SM] Blaming: weapon_restrict.smx
L 01/03/2021 - 19:40:34: [SM] Call stack trace:
L 01/03/2021 - 19:40:34: [SM]   [1] Line 202, restrictinc/events.sp::CS_OnBuyCommand
L 01/03/2021 - 19:41:29: [SM] Exception reported: Array index out-of-bounds (index 64, limit 55)
L 01/03/2021 - 19:41:29: [SM] Blaming: weapon_restrict.smx
L 01/03/2021 - 19:41:29: [SM] Call stack trace:
L 01/03/2021 - 19:41:29: [SM]   [1] Line 202, restrictinc/events.sp::CS_OnBuyCommand
L 01/03/2021 - 19:41:29: [SM] Exception reported: Array index out-of-bounds (index 64, limit 55)
L 01/03/2021 - 19:41:29: [SM] Blaming: weapon_restrict.smx
L 01/03/2021 - 19:41:29: [SM] Call stack trace:
L 01/03/2021 - 19:41:29: [SM]   [1] Line 202, restrictinc/events.sp::CS_OnBuyCommand
L 01/03/2021 - 19:42:20: [SM] Exception reported: Language phrase "CMD_Health" not found (arg 5)
L 01/03/2021 - 19:42:20: [SM] Blaming: advadmin.smx
L 01/03/2021 - 19:42:20: [SM] Call stack trace:
L 01/03/2021 - 19:42:20: [SM]   [0] ShowActivity2
L 01/03/2021 - 19:42:20: [SM]   [1] Line 1329, /home/groups/sourcemod/upload_tmp/phpRYtiXm.sp::CMD_Health
L 01/03/2021 - 19:42:22: [SM] Exception reported: Language phrase "CMD_Health" not found (arg 5)
L 01/03/2021 - 19:42:22: [SM] Blaming: advadmin.smx
L 01/03/2021 - 19:42:22: [SM] Call stack trace:
L 01/03/2021 - 19:42:22: [SM]   [0] ShowActivity2
L 01/03/2021 - 19:42:22: [SM]   [1] Line 1329, /home/groups/sourcemod/upload_tmp/phpRYtiXm.sp::CMD_Health
L 01/03/2021 - 19:43:46: [SM] Exception reported: Array index out-of-bounds (index 64, limit 55)
L 01/03/2021 - 19:43:46: [SM] Blaming: weapon_restrict.smx
L 01/03/2021 - 19:43:46: [SM] Call stack trace:
L 01/03/2021 - 19:43:46: [SM]   [1] Line 202, restrictinc/events.sp::CS_OnBuyCommand
L 01/03/2021 - 19:43:46: [SM] Exception reported: Array index out-of-bounds (index 64, limit 55)
L 01/03/2021 - 19:43:46: [SM] Blaming: weapon_restrict.smx
L 01/03/2021 - 19:43:46: [SM] Call stack trace:
L 01/03/2021 - 19:43:46: [SM]   [1] Line 202, restrictinc/events.sp::CS_OnBuyCommand
L 01/03/2021 - 19:44:38: [SM] Exception reported: Array index out-of-bounds (index 64, limit 55)
L 01/03/2021 - 19:44:38: [SM] Blaming: weapon_restrict.smx
L 01/03/2021 - 19:44:38: [SM] Call stack trace:
L 01/03/2021 - 19:44:38: [SM]   [1] Line 202, restrictinc/events.sp::CS_OnBuyCommand
L 01/03/2021 - 19:44:39: [SM] Exception reported: Array index out-of-bounds (index 64, limit 55)
L 01/03/2021 - 19:44:39: [SM] Blaming: weapon_restrict.smx
L 01/03/2021 - 19:44:39: [SM] Call stack trace:
L 01/03/2021 - 19:44:39: [SM]   [1] Line 202, restrictinc/events.sp::CS_OnBuyCommand
L 01/03/2021 - 19:45:08: [SM] Exception reported: Language phrase "CMD_Health" not found (arg 5)
L 01/03/2021 - 19:45:08: [SM] Blaming: advadmin.smx
L 01/03/2021 - 19:45:08: [SM] Call stack trace:
L 01/03/2021 - 19:45:08: [SM]   [0] ShowActivity2
L 01/03/2021 - 19:45:08: [SM]   [1] Line 1324, /home/groups/sourcemod/upload_tmp/phpRYtiXm.sp::CMD_Health
L 01/03/2021 - 19:46:55: [SM] Exception reported: Array index out-of-bounds (index 64, limit 55)
L 01/03/2021 - 19:46:55: [SM] Blaming: weapon_restrict.smx
L 01/03/2021 - 19:46:55: [SM] Call stack trace:
L 01/03/2021 - 19:46:55: [SM]   [1] Line 202, restrictinc/events.sp::CS_OnBuyCommand
L 01/03/2021 - 19:47:30: [SM] Exception reported: Language phrase "CMD_Health" not found (arg 5)
L 01/03/2021 - 19:47:30: [SM] Blaming: advadmin.smx
L 01/03/2021 - 19:47:30: [SM] Call stack trace:
L 01/03/2021 - 19:47:30: [SM]   [0] ShowActivity2
L 01/03/2021 - 19:47:30: [SM]   [1] Line 1324, /home/groups/sourcemod/upload_tmp/phpRYtiXm.sp::CMD_Health
L 01/03/2021 - 19:49:12: [SM] Exception reported: Array index out-of-bounds (index 64, limit 55)
L 01/03/2021 - 19:49:12: [SM] Blaming: weapon_restrict.smx
L 01/03/2021 - 19:49:12: [SM] Call stack trace:
L 01/03/2021 - 19:49:12: [SM]   [1] Line 202, restrictinc/events.sp::CS_OnBuyCommand
L 01/03/2021 - 19:49:15: [SM] Exception reported: Array index out-of-bounds (index 64, limit 55)
L 01/03/2021 - 19:49:15: [SM] Blaming: weapon_restrict.smx
L 01/03/2021 - 19:49:15: [SM] Call stack trace:
L 01/03/2021 - 19:49:15: [SM]   [1] Line 202, restrictinc/events.sp::CS_OnBuyCommand
L 01/03/2021 - 19:49:41: [SM] Exception reported: Language phrase "CMD_Health" not found (arg 5)
L 01/03/2021 - 19:49:41: [SM] Blaming: advadmin.smx
L 01/03/2021 - 19:49:41: [SM] Call stack trace:
L 01/03/2021 - 19:49:41: [SM]   [0] ShowActivity2
L 01/03/2021 - 19:49:41: [SM]   [1] Line 1324, /home/groups/sourcemod/upload_tmp/phpRYtiXm.sp::CMD_Health
L 01/03/2021 - 19:49:45: [SM] Exception reported: Array index out-of-bounds (index 64, limit 55)
L 01/03/2021 - 19:49:45: [SM] Blaming: weapon_restrict.smx
L 01/03/2021 - 19:49:45: [SM] Call stack trace:
L 01/03/2021 - 19:49:45: [SM]   [1] Line 202, restrictinc/events.sp::CS_OnBuyCommand
L 01/03/2021 - 19:49:55: [SM] Exception reported: Language phrase "CMD_Health" not found (arg 5)
L 01/03/2021 - 19:49:55: [SM] Blaming: advadmin.smx
L 01/03/2021 - 19:49:55: [SM] Call stack trace:
L 01/03/2021 - 19:49:55: [SM]   [0] ShowActivity2
L 01/03/2021 - 19:49:55: [SM]   [1] Line 1324, /home/groups/sourcemod/upload_tmp/phpRYtiXm.sp::CMD_Health
L 01/03/2021 - 19:50:07: [SM] Exception reported: Language phrase "CMD_Health" not found (arg 5)
L 01/03/2021 - 19:50:07: [SM] Blaming: advadmin.smx
L 01/03/2021 - 19:50:07: [SM] Call stack trace:
L 01/03/2021 - 19:50:07: [SM]   [0] ShowActivity2
L 01/03/2021 - 19:50:07: [SM]   [1] Line 1324, /home/groups/sourcemod/upload_tmp/phpRYtiXm.sp::CMD_Health
L 01/03/2021 - 20:08:18: Error log file session closed.
L 01/03/2021 - 20:08:18: SourceMod error session started
L 01/03/2021 - 20:08:18: Info (map "de_mirage") (file "/home/tcagame/jackm1/599/csgo/addons/sourcemod/logs/errors_20210103.log")
L 01/03/2021 - 20:08:18: [SM] Fatal error encountered parsing translation file "advadmin.phrases.txt"
L 01/03/2021 - 20:08:18: [SM] Error (line 0, column 0): Stream failed to open
L 01/03/2021 - 20:08:31: [SM] Exception reported: Array index out-of-bounds (index 64, limit 55)
L 01/03/2021 - 20:08:31: [SM] Blaming: weapon_restrict.smx
L 01/03/2021 - 20:08:31: [SM] Call stack trace:
L 01/03/2021 - 20:08:31: [SM]   [1] Line 202, restrictinc/events.sp::CS_OnBuyCommand
L 01/03/2021 - 20:09:03: [SM] Exception reported: Language phrase "Player_Connected_From" not found (arg 3)
L 01/03/2021 - 20:09:03: [SM] Blaming: advadmin.smx
L 01/03/2021 - 20:09:03: [SM] Call stack trace:
L 01/03/2021 - 20:09:03: [SM]   [0] VFormat
L 01/03/2021 - 20:09:03: [SM]   [1] Line 386, /groups/sourcemod/compiler-1.10/include/halflife.inc::PrintToChatAll
L 01/03/2021 - 20:09:03: [SM]   [2] Line 141, /home/groups/sourcemod/upload_tmp/phpRYtiXm.sp::OnClientAuthorized
L 01/03/2021 - 20:09:24: [SM] Exception reported: Array index out-of-bounds (index 64, limit 55)
L 01/03/2021 - 20:09:24: [SM] Blaming: weapon_restrict.smx
L 01/03/2021 - 20:09:24: [SM] Call stack trace:
L 01/03/2021 - 20:09:24: [SM]   [1] Line 202, restrictinc/events.sp::CS_OnBuyCommand
L 01/03/2021 - 20:10:11: [SM] Exception reported: Language phrase "CMD_Health" not found (arg 5)
L 01/03/2021 - 20:10:11: [SM] Blaming: advadmin.smx
L 01/03/2021 - 20:10:11: [SM] Call stack trace:
L 01/03/2021 - 20:10:11: [SM]   [0] ShowActivity2
L 01/03/2021 - 20:10:11: [SM]   [1] Line 1324, /home/groups/sourcemod/upload_tmp/phpRYtiXm.sp::CMD_Health
L 01/03/2021 - 20:11:21: [SM] Exception reported: Language phrase "CMD_Give" not found (arg 4)
L 01/03/2021 - 20:11:21: [SM] Blaming: advadmin.smx
L 01/03/2021 - 20:11:21: [SM] Call stack trace:
L 01/03/2021 - 20:11:21: [SM]   [0] VFormat
L 01/03/2021 - 20:11:21: [SM]   [1] Line 386, /groups/sourcemod/compiler-1.10/include/halflife.inc::PrintToChatAll
L 01/03/2021 - 20:11:21: [SM]   [2] Line 853, /home/groups/sourcemod/upload_tmp/phpRYtiXm.sp::CMD_Give
L 01/03/2021 - 20:11:30: [SM] Exception reported: Language phrase "CMD_Give" not found (arg 5)
L 01/03/2021 - 20:11:30: [SM] Blaming: advadmin.smx
L 01/03/2021 - 20:11:30: [SM] Call stack trace:
L 01/03/2021 - 20:11:30: [SM]   [0] ShowActivity2
L 01/03/2021 - 20:11:30: [SM]   [1] Line 883, /home/groups/sourcemod/upload_tmp/phpRYtiXm.sp::CMD_Give
L 01/03/2021 - 20:11:40: [SM] Exception reported: Array index out-of-bounds (index 64, limit 55)
L 01/03/2021 - 20:11:40: [SM] Blaming: weapon_restrict.smx
L 01/03/2021 - 20:11:40: [SM] Call stack trace:
L 01/03/2021 - 20:11:40: [SM]   [1] Line 202, restrictinc/events.sp::CS_OnBuyCommand
L 01/03/2021 - 20:12:38: [SM] Exception reported: Array index out-of-bounds (index 64, limit 55)
L 01/03/2021 - 20:12:38: [SM] Blaming: weapon_restrict.smx
L 01/03/2021 - 20:12:38: [SM] Call stack trace:
L 01/03/2021 - 20:12:38: [SM]   [1] Line 202, restrictinc/events.sp::CS_OnBuyCommand
L 01/03/2021 - 20:13:14: [SM] Exception reported: Array index out-of-bounds (index 64, limit 55)
L 01/03/2021 - 20:13:14: [SM] Blaming: weapon_restrict.smx
L 01/03/2021 - 20:13:14: [SM] Call stack trace:
L 01/03/2021 - 20:13:14: [SM]   [1] Line 202, restrictinc/events.sp::CS_OnBuyCommand
L 01/03/2021 - 20:13:14: [SM] Exception reported: Array index out-of-bounds (index 64, limit 55)
L 01/03/2021 - 20:13:14: [SM] Blaming: weapon_restrict.smx
L 01/03/2021 - 20:13:14: [SM] Call stack trace:
L 01/03/2021 - 20:13:14: [SM]   [1] Line 202, restrictinc/events.sp::CS_OnBuyCommand
L 01/03/2021 - 20:14:30: [SM] Exception reported: Language phrase "CMD_Health_Usage" not found (arg 4)
L 01/03/2021 - 20:14:30: [SM] Blaming: advadmin.smx
L 01/03/2021 - 20:14:30: [SM] Call stack trace:
L 01/03/2021 - 20:14:30: [SM]   [0] ReplyToCommand
L 01/03/2021 - 20:14:30: [SM]   [1] Line 1292, /home/groups/sourcemod/upload_tmp/phpRYtiXm.sp::CMD_Health
L 01/03/2021 - 20:14:34: [SM] Exception reported: Array index out-of-bounds (index 64, limit 55)
L 01/03/2021 - 20:14:34: [SM] Blaming: weapon_restrict.smx
L 01/03/2021 - 20:14:34: [SM] Call stack trace:
L 01/03/2021 - 20:14:34: [SM]   [1] Line 202, restrictinc/events.sp::CS_OnBuyCommand
L 01/03/2021 - 20:14:41: [SM] Exception reported: Language phrase "CMD_Give" not found (arg 5)
L 01/03/2021 - 20:14:41: [SM] Blaming: advadmin.smx
L 01/03/2021 - 20:14:41: [SM] Call stack trace:
L 01/03/2021 - 20:14:41: [SM]   [0] ShowActivity2
L 01/03/2021 - 20:14:41: [SM]   [1] Line 878, /home/groups/sourcemod/upload_tmp/phpRYtiXm.sp::CMD_Give
L 01/03/2021 - 20:14:42: [SM] Exception reported: Language phrase "CMD_Health_Usage" not found (arg 4)
L 01/03/2021 - 20:14:42: [SM] Blaming: advadmin.smx
L 01/03/2021 - 20:14:42: [SM] Call stack trace:
L 01/03/2021 - 20:14:42: [SM]   [0] ReplyToCommand
L 01/03/2021 - 20:14:42: [SM]   [1] Line 1292, /home/groups/sourcemod/upload_tmp/phpRYtiXm.sp::CMD_Health
L 01/03/2021 - 20:14:43: [SM] Exception reported: Language phrase "CMD_Health_Usage" not found (arg 4)
L 01/03/2021 - 20:14:43: [SM] Blaming: advadmin.smx
L 01/03/2021 - 20:14:43: [SM] Call stack trace:
L 01/03/2021 - 20:14:43: [SM]   [0] ReplyToCommand
L 01/03/2021 - 20:14:43: [SM]   [1] Line 1292, /home/groups/sourcemod/upload_tmp/phpRYtiXm.sp::CMD_Health
L 01/03/2021 - 20:14:47: [SM] Exception reported: Language phrase "CMD_Health" not found (arg 5)
L 01/03/2021 - 20:14:47: [SM] Blaming: advadmin.smx
L 01/03/2021 - 20:14:47: [SM] Call stack trace:
L 01/03/2021 - 20:14:47: [SM]   [0] ShowActivity2
L 01/03/2021 - 20:14:47: [SM]   [1] Line 1324, /home/groups/sourcemod/upload_tmp/phpRYtiXm.sp::CMD_Health
L 01/03/2021 - 20:16:51: [SM] Exception reported: Array index out-of-bounds (index 64, limit 55)
L 01/03/2021 - 20:16:51: [SM] Blaming: weapon_restrict.smx
L 01/03/2021 - 20:16:51: [SM] Call stack trace:
L 01/03/2021 - 20:16:51: [SM]   [1] Line 202, restrictinc/events.sp::CS_OnBuyCommand
L 01/03/2021 - 20:19:09: [SM] Exception reported: Array index out-of-bounds (index 64, limit 55)
L 01/03/2021 - 20:19:09: [SM] Blaming: weapon_restrict.smx
L 01/03/2021 - 20:19:09: [SM] Call stack trace:
L 01/03/2021 - 20:19:09: [SM]   [1] Line 202, restrictinc/events.sp::CS_OnBuyCommand
L 01/03/2021 - 20:20:22: [SM] Exception reported: Language phrase "Player_Connected_From" not found (arg 3)
L 01/03/2021 - 20:20:22: [SM] Blaming: advadmin.smx
L 01/03/2021 - 20:20:22: [SM] Call stack trace:
L 01/03/2021 - 20:20:22: [SM]   [0] VFormat
L 01/03/2021 - 20:20:22: [SM]   [1] Line 386, /groups/sourcemod/compiler-1.10/include/halflife.inc::PrintToChatAll
L 01/03/2021 - 20:20:22: [SM]   [2] Line 141, /home/groups/sourcemod/upload_tmp/phpRYtiXm.sp::OnClientAuthorized
L 01/03/2021 - 20:20:47: [SM] Exception reported: Array index out-of-bounds (index 64, limit 55)
L 01/03/2021 - 20:20:47: [SM] Blaming: weapon_restrict.smx
L 01/03/2021 - 20:20:47: [SM] Call stack trace:
L 01/03/2021 - 20:20:47: [SM]   [1] Line 202, restrictinc/events.sp::CS_OnBuyCommand
L 01/03/2021 - 20:22:23: [SM] Exception reported: Array index out-of-bounds (index 64, limit 55)
L 01/03/2021 - 20:22:23: [SM] Blaming: weapon_restrict.smx
L 01/03/2021 - 20:22:23: [SM] Call stack trace:
L 01/03/2021 - 20:22:23: [SM]   [1] Line 202, restrictinc/events.sp::CS_OnBuyCommand
L 01/03/2021 - 20:22:24: [SM] Exception reported: Array index out-of-bounds (index 64, limit 55)
L 01/03/2021 - 20:22:24: [SM] Blaming: weapon_restrict.smx
L 01/03/2021 - 20:22:24: [SM] Call stack trace:
L 01/03/2021 - 20:22:24: [SM]   [1] Line 202, restrictinc/events.sp::CS_OnBuyCommand
L 01/03/2021 - 20:24:40: [SM] Exception reported: Array index out-of-bounds (index 64, limit 55)
L 01/03/2021 - 20:24:40: [SM] Blaming: weapon_restrict.smx
L 01/03/2021 - 20:24:40: [SM] Call stack trace:
L 01/03/2021 - 20:24:40: [SM]   [1] Line 202, restrictinc/events.sp::CS_OnBuyCommand
L 01/03/2021 - 20:26:57: [SM] Exception reported: Array index out-of-bounds (index 64, limit 55)
L 01/03/2021 - 20:26:57: [SM] Blaming: weapon_restrict.smx
L 01/03/2021 - 20:26:57: [SM] Call stack trace:
L 01/03/2021 - 20:26:57: [SM]   [1] Line 202, restrictinc/events.sp::CS_OnBuyCommand
L 01/03/2021 - 20:29:14: [SM] Exception reported: Array index out-of-bounds (index 64, limit 55)
L 01/03/2021 - 20:29:14: [SM] Blaming: weapon_restrict.smx
L 01/03/2021 - 20:29:14: [SM] Call stack trace:
L 01/03/2021 - 20:29:14: [SM]   [1] Line 202, restrictinc/events.sp::CS_OnBuyCommand
L 01/03/2021 - 20:31:39: [SM] Exception reported: Array index out-of-bounds (index 64, limit 55)
L 01/03/2021 - 20:31:39: [SM] Blaming: weapon_restrict.smx
L 01/03/2021 - 20:31:39: [SM] Call stack trace:
L 01/03/2021 - 20:31:39: [SM]   [1] Line 202, restrictinc/events.sp::CS_OnBuyCommand
L 01/03/2021 - 20:31:41: [SM] Exception reported: Array index out-of-bounds (index 64, limit 55)
L 01/03/2021 - 20:31:41: [SM] Blaming: weapon_restrict.smx
L 01/03/2021 - 20:31:41: [SM] Call stack trace:
L 01/03/2021 - 20:31:41: [SM]   [1] Line 202, restrictinc/events.sp::CS_OnBuyCommand
L 01/03/2021 - 20:32:32: [SM] Exception reported: Array index out-of-bounds (index 64, limit 55)
L 01/03/2021 - 20:32:32: [SM] Blaming: weapon_restrict.smx
L 01/03/2021 - 20:32:32: [SM] Call stack trace:
L 01/03/2021 - 20:32:32: [SM]   [1] Line 202, restrictinc/events.sp::CS_OnBuyCommand
L 01/03/2021 - 20:34:16: [SM] Exception reported: Array index out-of-bounds (index 64, limit 55)
L 01/03/2021 - 20:34:16: [SM] Blaming: weapon_restrict.smx
L 01/03/2021 - 20:34:16: [SM] Call stack trace:
L 01/03/2021 - 20:34:16: [SM]   [1] Line 202, restrictinc/events.sp::CS_OnBuyCommand
L 01/03/2021 - 20:34:16: [SM] Exception reported: Array index out-of-bounds (index 64, limit 55)
L 01/03/2021 - 20:34:16: [SM] Blaming: weapon_restrict.smx
L 01/03/2021 - 20:34:16: [SM] Call stack trace:
L 01/03/2021 - 20:34:16: [SM]   [1] Line 202, restrictinc/events.sp::CS_OnBuyCommand
L 01/03/2021 - 20:35:05: [SM] Exception reported: Array index out-of-bounds (index 64, limit 55)
L 01/03/2021 - 20:35:05: [SM] Blaming: weapon_restrict.smx
L 01/03/2021 - 20:35:05: [SM] Call stack trace:
L 01/03/2021 - 20:35:05: [SM]   [1] Line 202, restrictinc/events.sp::CS_OnBuyCommand
L 01/03/2021 - 20:35:05: [SM] Exception reported: Array index out-of-bounds (index 64, limit 55)
L 01/03/2021 - 20:35:05: [SM] Blaming: weapon_restrict.smx
L 01/03/2021 - 20:35:05: [SM] Call stack trace:
L 01/03/2021 - 20:35:05: [SM]   [1] Line 202, restrictinc/events.sp::CS_OnBuyCommand
L 01/03/2021 - 20:36:12: [SM] Exception reported: Array index out-of-bounds (index 64, limit 55)
L 01/03/2021 - 20:36:12: [SM] Blaming: weapon_restrict.smx
L 01/03/2021 - 20:36:12: [SM] Call stack trace:
L 01/03/2021 - 20:36:12: [SM]   [1] Line 202, restrictinc/events.sp::CS_OnBuyCommand
L 01/03/2021 - 20:36:12: [SM] Exception reported: Array index out-of-bounds (index 64, limit 55)
L 01/03/2021 - 20:36:12: [SM] Blaming: weapon_restrict.smx
L 01/03/2021 - 20:36:12: [SM] Call stack trace:
L 01/03/2021 - 20:36:12: [SM]   [1] Line 202, restrictinc/events.sp::CS_OnBuyCommand
L 01/03/2021 - 20:36:59: [SM] Exception reported: Array index out-of-bounds (index 64, limit 55)
L 01/03/2021 - 20:36:59: [SM] Blaming: weapon_restrict.smx
L 01/03/2021 - 20:36:59: [SM] Call stack trace:
L 01/03/2021 - 20:36:59: [SM]   [1] Line 202, restrictinc/events.sp::CS_OnBuyCommand
L 01/03/2021 - 20:36:59: [SM] Exception reported: Array index out-of-bounds (index 64, limit 55)
L 01/03/2021 - 20:36:59: [SM] Blaming: weapon_restrict.smx
L 01/03/2021 - 20:36:59: [SM] Call stack trace:
L 01/03/2021 - 20:36:59: [SM]   [1] Line 202, restrictinc/events.sp::CS_OnBuyCommand
L 01/03/2021 - 20:55:32: Error log file session closed.
L 01/03/2021 - 20:55:32: SourceMod error session started
L 01/03/2021 - 20:55:32: Info (map "de_mirage") (file "/home/tcagame/jackm1/599/csgo/addons/sourcemod/logs/errors_20210103.log")
L 01/03/2021 - 20:55:32: [SM] Fatal error encountered parsing translation file "advadmin.phrases.txt"
L 01/03/2021 - 20:55:32: [SM] Error (line 0, column 0): Stream failed to open
L 01/03/2021 - 21:49:59: Error log file session closed.
L 01/03/2021 - 21:49:59: SourceMod error session started
L 01/03/2021 - 21:49:59: Info (map "de_mirage") (file "/home/tcagame/jackm1/599/csgo/addons/sourcemod/logs/errors_20210103.log")
L 01/03/2021 - 21:49:59: [SM] Fatal error encountered parsing translation file "advadmin.phrases.txt"
L 01/03/2021 - 21:49:59: [SM] Error (line 0, column 0): Stream failed to open
L 01/04/2021 - 12:22:28: Error log file session closed.
