L 03/10/2021 - 00:05:06: SourceMod error session started
L 03/10/2021 - 00:05:06: Info (map "de_inferno") (file "/home/steam/2v2/csgo/addons/sourcemod/logs/errors_20210310.log")
L 03/10/2021 - 00:05:06: [SM] Exception reported: Array index out-of-bounds (index 64, limit 55)
L 03/10/2021 - 00:05:06: [SM] Blaming: weapon_restrict.smx
L 03/10/2021 - 00:05:06: [SM] Call stack trace:
L 03/10/2021 - 00:05:06: [SM]   [1] Line 202, restrictinc/events.sp::CS_OnBuyCommand
L 03/10/2021 - 00:10:05: [SM] Exception reported: Array index out-of-bounds (index 64, limit 55)
L 03/10/2021 - 00:10:05: [SM] Blaming: weapon_restrict.smx
L 03/10/2021 - 00:10:05: [SM] Call stack trace:
L 03/10/2021 - 00:10:05: [SM]   [1] Line 202, restrictinc/events.sp::CS_OnBuyCommand
L 03/10/2021 - 00:10:08: [SM] Exception reported: Language phrase "Player_Connected_From" not found (arg 3)
L 03/10/2021 - 00:10:08: [SM] Blaming: advadmin.smx
L 03/10/2021 - 00:10:08: [SM] Call stack trace:
L 03/10/2021 - 00:10:08: [SM]   [0] VFormat
L 03/10/2021 - 00:10:08: [SM]   [1] Line 386, /groups/sourcemod/compiler-1.10/include/halflife.inc::PrintToChatAll
L 03/10/2021 - 00:10:08: [SM]   [2] Line 141, /home/groups/sourcemod/upload_tmp/phpRYtiXm.sp::OnClientAuthorized
L 03/10/2021 - 00:12:50: [SM] Exception reported: Array index out-of-bounds (index 63, limit 55)
L 03/10/2021 - 00:12:50: [SM] Blaming: weapon_restrict.smx
L 03/10/2021 - 00:12:50: [SM] Call stack trace:
L 03/10/2021 - 00:12:50: [SM]   [1] Line 202, restrictinc/events.sp::CS_OnBuyCommand
L 03/10/2021 - 00:14:28: [SM] Exception reported: Language phrase "Player_Connected" not found (arg 3)
L 03/10/2021 - 00:14:28: [SM] Blaming: advadmin.smx
L 03/10/2021 - 00:14:28: [SM] Call stack trace:
L 03/10/2021 - 00:14:28: [SM]   [0] VFormat
L 03/10/2021 - 00:14:28: [SM]   [1] Line 386, /groups/sourcemod/compiler-1.10/include/halflife.inc::PrintToChatAll
L 03/10/2021 - 00:14:28: [SM]   [2] Line 145, /home/groups/sourcemod/upload_tmp/phpRYtiXm.sp::OnClientAuthorized
L 03/10/2021 - 00:15:16: [SM] Exception reported: Language phrase "Player_Connected" not found (arg 3)
L 03/10/2021 - 00:15:16: [SM] Blaming: advadmin.smx
L 03/10/2021 - 00:15:16: [SM] Call stack trace:
L 03/10/2021 - 00:15:16: [SM]   [0] VFormat
L 03/10/2021 - 00:15:16: [SM]   [1] Line 386, /groups/sourcemod/compiler-1.10/include/halflife.inc::PrintToChatAll
L 03/10/2021 - 00:15:16: [SM]   [2] Line 145, /home/groups/sourcemod/upload_tmp/phpRYtiXm.sp::OnClientAuthorized
L 03/10/2021 - 00:19:25: [SM] Exception reported: Language phrase "Player_Connected" not found (arg 3)
L 03/10/2021 - 00:19:25: [SM] Blaming: advadmin.smx
L 03/10/2021 - 00:19:25: [SM] Call stack trace:
L 03/10/2021 - 00:19:25: [SM]   [0] VFormat
L 03/10/2021 - 00:19:25: [SM]   [1] Line 386, /groups/sourcemod/compiler-1.10/include/halflife.inc::PrintToChatAll
L 03/10/2021 - 00:19:25: [SM]   [2] Line 145, /home/groups/sourcemod/upload_tmp/phpRYtiXm.sp::OnClientAuthorized
L 03/10/2021 - 00:19:25: [SM] Exception reported: Language phrase "Player_Connected" not found (arg 3)
L 03/10/2021 - 00:19:25: [SM] Blaming: advadmin.smx
L 03/10/2021 - 00:19:25: [SM] Call stack trace:
L 03/10/2021 - 00:19:25: [SM]   [0] VFormat
L 03/10/2021 - 00:19:25: [SM]   [1] Line 386, /groups/sourcemod/compiler-1.10/include/halflife.inc::PrintToChatAll
L 03/10/2021 - 00:19:25: [SM]   [2] Line 145, /home/groups/sourcemod/upload_tmp/phpRYtiXm.sp::OnClientAuthorized
L 03/10/2021 - 01:31:34: Error log file session closed.
L 03/10/2021 - 01:33:46: SourceMod error session started
L 03/10/2021 - 01:33:46: Info (map "de_inferno") (file "/home/steam/2v2/csgo/addons/sourcemod/logs/errors_20210310.log")
L 03/10/2021 - 01:33:46: [SM] Fatal error encountered parsing translation file "advadmin.phrases.txt"
L 03/10/2021 - 01:33:46: [SM] Error (line 0, column 0): Stream failed to open
L 03/10/2021 - 01:33:46: [SM] Error parsing gameconfig file "/home/steam/2v2/csgo/addons/sourcemod/gamedata/SendFileExploitFix_csgo_1_2_2021.txt":
L 03/10/2021 - 01:33:46: [SM] Error 1 on line 0, col 0: Stream failed to open
L 03/10/2021 - 01:33:46: [SM] Exception reported: Unable to open SendFileExploitFix_csgo_1_2_2021: File could not be opened: No such file or directory
L 03/10/2021 - 01:33:46: [SM] Blaming: SendFileExploitFixV3.1.smx
L 03/10/2021 - 01:33:46: [SM] Call stack trace:
L 03/10/2021 - 01:33:46: [SM]   [0] LoadGameConfigFile
L 03/10/2021 - 01:33:46: [SM]   [1] Line 27, I:\srcds\csgo-ds\csgo\addons\sourcemod\scripting\SendFileExploitFixV3.1.sp::OnPluginStart
L 03/10/2021 - 01:33:46: [SM] Unable to load plugin "SendFileExploitFixV3.1.smx": Error detected in plugin startup (see error logs)
L 03/10/2021 - 21:15:41: Error log file session closed.
L 03/10/2021 - 21:15:41: SourceMod error session started
L 03/10/2021 - 21:15:41: Info (map "de_inferno") (file "/home/steam/2v2/csgo/addons/sourcemod/logs/errors_20210310.log")
L 03/10/2021 - 21:15:41: [SM] Fatal error encountered parsing translation file "advadmin.phrases.txt"
L 03/10/2021 - 21:15:41: [SM] Error (line 0, column 0): Stream failed to open
L 03/10/2021 - 21:16:02: [SM] Exception reported: Language phrase "Player_Connected_From" not found (arg 3)
L 03/10/2021 - 21:16:02: [SM] Blaming: advadmin.smx
L 03/10/2021 - 21:16:02: [SM] Call stack trace:
L 03/10/2021 - 21:16:02: [SM]   [0] VFormat
L 03/10/2021 - 21:16:02: [SM]   [1] Line 386, /groups/sourcemod/compiler-1.10/include/halflife.inc::PrintToChatAll
L 03/10/2021 - 21:16:02: [SM]   [2] Line 141, /home/groups/sourcemod/upload_tmp/phpRYtiXm.sp::OnClientAuthorized
L 03/10/2021 - 21:16:06: [SM] Exception reported: Language phrase "Player_Connected_From" not found (arg 3)
L 03/10/2021 - 21:16:06: [SM] Blaming: advadmin.smx
L 03/10/2021 - 21:16:06: [SM] Call stack trace:
L 03/10/2021 - 21:16:06: [SM]   [0] VFormat
L 03/10/2021 - 21:16:06: [SM]   [1] Line 386, /groups/sourcemod/compiler-1.10/include/halflife.inc::PrintToChatAll
L 03/10/2021 - 21:16:06: [SM]   [2] Line 141, /home/groups/sourcemod/upload_tmp/phpRYtiXm.sp::OnClientAuthorized
L 03/10/2021 - 21:16:25: [SM] Exception reported: Array index out-of-bounds (index 64, limit 55)
L 03/10/2021 - 21:16:25: [SM] Blaming: weapon_restrict.smx
L 03/10/2021 - 21:16:25: [SM] Call stack trace:
L 03/10/2021 - 21:16:25: [SM]   [1] Line 202, restrictinc/events.sp::CS_OnBuyCommand
L 03/10/2021 - 21:16:46: [SM] Exception reported: Array index out-of-bounds (index 63, limit 55)
L 03/10/2021 - 21:16:46: [SM] Blaming: weapon_restrict.smx
L 03/10/2021 - 21:16:46: [SM] Call stack trace:
L 03/10/2021 - 21:16:46: [SM]   [1] Line 202, restrictinc/events.sp::CS_OnBuyCommand
L 03/10/2021 - 21:19:43: Error log file session closed.
L 03/10/2021 - 21:19:43: SourceMod error session started
L 03/10/2021 - 21:19:43: Info (map "cs_assault") (file "/home/steam/2v2/csgo/addons/sourcemod/logs/errors_20210310.log")
L 03/10/2021 - 21:19:43: [SM] Fatal error encountered parsing translation file "advadmin.phrases.txt"
L 03/10/2021 - 21:19:43: [SM] Error (line 0, column 0): Stream failed to open
L 03/10/2021 - 21:20:03: [SM] Exception reported: Array index out-of-bounds (index 64, limit 55)
L 03/10/2021 - 21:20:03: [SM] Blaming: weapon_restrict.smx
L 03/10/2021 - 21:20:03: [SM] Call stack trace:
L 03/10/2021 - 21:20:03: [SM]   [1] Line 202, restrictinc/events.sp::CS_OnBuyCommand
L 03/10/2021 - 21:20:07: [SM] Exception reported: Array index out-of-bounds (index 64, limit 55)
L 03/10/2021 - 21:20:07: [SM] Blaming: weapon_restrict.smx
L 03/10/2021 - 21:20:07: [SM] Call stack trace:
L 03/10/2021 - 21:20:07: [SM]   [1] Line 202, restrictinc/events.sp::CS_OnBuyCommand
L 03/10/2021 - 21:20:34: [SM] Exception reported: Array index out-of-bounds (index 64, limit 55)
L 03/10/2021 - 21:20:34: [SM] Blaming: weapon_restrict.smx
L 03/10/2021 - 21:20:34: [SM] Call stack trace:
L 03/10/2021 - 21:20:34: [SM]   [1] Line 202, restrictinc/events.sp::CS_OnBuyCommand
L 03/10/2021 - 21:20:35: [SM] Exception reported: Array index out-of-bounds (index 64, limit 55)
L 03/10/2021 - 21:20:35: [SM] Blaming: weapon_restrict.smx
L 03/10/2021 - 21:20:35: [SM] Call stack trace:
L 03/10/2021 - 21:20:35: [SM]   [1] Line 202, restrictinc/events.sp::CS_OnBuyCommand
L 03/10/2021 - 21:21:01: [SM] Exception reported: Array index out-of-bounds (index 64, limit 55)
L 03/10/2021 - 21:21:01: [SM] Blaming: weapon_restrict.smx
L 03/10/2021 - 21:21:01: [SM] Call stack trace:
L 03/10/2021 - 21:21:01: [SM]   [1] Line 202, restrictinc/events.sp::CS_OnBuyCommand
L 03/10/2021 - 21:21:05: [SM] Exception reported: Array index out-of-bounds (index 64, limit 55)
L 03/10/2021 - 21:21:05: [SM] Blaming: weapon_restrict.smx
L 03/10/2021 - 21:21:05: [SM] Call stack trace:
L 03/10/2021 - 21:21:05: [SM]   [1] Line 202, restrictinc/events.sp::CS_OnBuyCommand
L 03/10/2021 - 21:21:27: [SM] Exception reported: Array index out-of-bounds (index 64, limit 55)
L 03/10/2021 - 21:21:27: [SM] Blaming: weapon_restrict.smx
L 03/10/2021 - 21:21:27: [SM] Call stack trace:
L 03/10/2021 - 21:21:27: [SM]   [1] Line 202, restrictinc/events.sp::CS_OnBuyCommand
L 03/10/2021 - 21:22:13: [SM] Exception reported: Array index out-of-bounds (index 64, limit 55)
L 03/10/2021 - 21:22:13: [SM] Blaming: weapon_restrict.smx
L 03/10/2021 - 21:22:13: [SM] Call stack trace:
L 03/10/2021 - 21:22:13: [SM]   [1] Line 202, restrictinc/events.sp::CS_OnBuyCommand
L 03/10/2021 - 21:22:18: [SM] Exception reported: Array index out-of-bounds (index 64, limit 55)
L 03/10/2021 - 21:22:18: [SM] Blaming: weapon_restrict.smx
L 03/10/2021 - 21:22:18: [SM] Call stack trace:
L 03/10/2021 - 21:22:18: [SM]   [1] Line 202, restrictinc/events.sp::CS_OnBuyCommand
L 03/10/2021 - 21:22:21: [SM] Exception reported: Array index out-of-bounds (index 64, limit 55)
L 03/10/2021 - 21:22:21: [SM] Blaming: weapon_restrict.smx
L 03/10/2021 - 21:22:21: [SM] Call stack trace:
L 03/10/2021 - 21:22:21: [SM]   [1] Line 202, restrictinc/events.sp::CS_OnBuyCommand
L 03/10/2021 - 21:22:23: [SM] Exception reported: Array index out-of-bounds (index 64, limit 55)
L 03/10/2021 - 21:22:23: [SM] Blaming: weapon_restrict.smx
L 03/10/2021 - 21:22:23: [SM] Call stack trace:
L 03/10/2021 - 21:22:23: [SM]   [1] Line 202, restrictinc/events.sp::CS_OnBuyCommand
L 03/10/2021 - 21:22:32: [SM] Exception reported: Array index out-of-bounds (index 64, limit 55)
L 03/10/2021 - 21:22:32: [SM] Blaming: weapon_restrict.smx
L 03/10/2021 - 21:22:32: [SM] Call stack trace:
L 03/10/2021 - 21:22:32: [SM]   [1] Line 202, restrictinc/events.sp::CS_OnBuyCommand
L 03/10/2021 - 21:22:34: [SM] Exception reported: Array index out-of-bounds (index 64, limit 55)
L 03/10/2021 - 21:22:34: [SM] Blaming: weapon_restrict.smx
L 03/10/2021 - 21:22:34: [SM] Call stack trace:
L 03/10/2021 - 21:22:34: [SM]   [1] Line 202, restrictinc/events.sp::CS_OnBuyCommand
L 03/10/2021 - 21:37:16: Error log file session closed.
L 03/10/2021 - 21:37:16: SourceMod error session started
L 03/10/2021 - 21:37:16: Info (map "cs_assault") (file "/home/steam/2v2/csgo/addons/sourcemod/logs/errors_20210310.log")
L 03/10/2021 - 21:37:16: [SM] Fatal error encountered parsing translation file "advadmin.phrases.txt"
L 03/10/2021 - 21:37:16: [SM] Error (line 0, column 0): Stream failed to open
L 03/11/2021 - 00:09:07: Error log file session closed.
