L 08/27/2020 - 00:46:40: SourceMod error session started
L 08/27/2020 - 00:46:40: Info (map "de_inferno") (file "/home/tcagame/jackm1/488/csgo/addons/sourcemod/logs/errors_20200827.log")
L 08/27/2020 - 00:46:40: [SM] Fatal error encountered parsing translation file "advadmin.phrases.txt"
L 08/27/2020 - 00:46:40: [SM] Error (line 0, column 0): Stream failed to open
L 08/27/2020 - 00:47:38: [SM] Exception reported: Language phrase "Player_Connected_From" not found (arg 3)
L 08/27/2020 - 00:47:38: [SM] Blaming: advadmin.smx
L 08/27/2020 - 00:47:38: [SM] Call stack trace:
L 08/27/2020 - 00:47:38: [SM]   [0] VFormat
L 08/27/2020 - 00:47:38: [SM]   [1] Line 386, /groups/sourcemod/compiler-1.10/include/halflife.inc::PrintToChatAll
L 08/27/2020 - 00:47:38: [SM]   [2] Line 141, /home/groups/sourcemod/upload_tmp/phpRYtiXm.sp::OnClientAuthorized
L 08/27/2020 - 00:52:41: Error log file session closed.
L 08/27/2020 - 00:52:41: SourceMod error session started
L 08/27/2020 - 00:52:41: Info (map "de_canals") (file "/home/tcagame/jackm1/488/csgo/addons/sourcemod/logs/errors_20200827.log")
L 08/27/2020 - 00:52:41: [SM] Fatal error encountered parsing translation file "advadmin.phrases.txt"
L 08/27/2020 - 00:52:41: [SM] Error (line 0, column 0): Stream failed to open
L 08/27/2020 - 00:57:41: [SM] Exception reported: Array index out-of-bounds (index 64, limit 55)
L 08/27/2020 - 00:57:41: [SM] Blaming: weapon_restrict.smx
L 08/27/2020 - 00:57:41: [SM] Call stack trace:
L 08/27/2020 - 00:57:41: [SM]   [1] Line 202, restrictinc/events.sp::CS_OnBuyCommand
L 08/27/2020 - 01:00:39: [SM] Exception reported: Language phrase "Player_Connected_From" not found (arg 3)
L 08/27/2020 - 01:00:39: [SM] Blaming: advadmin.smx
L 08/27/2020 - 01:00:39: [SM] Call stack trace:
L 08/27/2020 - 01:00:39: [SM]   [0] VFormat
L 08/27/2020 - 01:00:39: [SM]   [1] Line 386, /groups/sourcemod/compiler-1.10/include/halflife.inc::PrintToChatAll
L 08/27/2020 - 01:00:39: [SM]   [2] Line 141, /home/groups/sourcemod/upload_tmp/phpRYtiXm.sp::OnClientAuthorized
L 08/27/2020 - 02:04:13: Error log file session closed.
L 08/27/2020 - 02:04:13: SourceMod error session started
L 08/27/2020 - 02:04:13: Info (map "de_canals") (file "/home/tcagame/jackm1/488/csgo/addons/sourcemod/logs/errors_20200827.log")
L 08/27/2020 - 02:04:13: [SM] Fatal error encountered parsing translation file "advadmin.phrases.txt"
L 08/27/2020 - 02:04:13: [SM] Error (line 0, column 0): Stream failed to open
L 08/27/2020 - 02:04:34: [SM] Exception reported: Language phrase "Player_Connected_From" not found (arg 3)
L 08/27/2020 - 02:04:34: [SM] Blaming: advadmin.smx
L 08/27/2020 - 02:04:34: [SM] Call stack trace:
L 08/27/2020 - 02:04:34: [SM]   [0] VFormat
L 08/27/2020 - 02:04:34: [SM]   [1] Line 386, /groups/sourcemod/compiler-1.10/include/halflife.inc::PrintToChatAll
L 08/27/2020 - 02:04:34: [SM]   [2] Line 141, /home/groups/sourcemod/upload_tmp/phpRYtiXm.sp::OnClientAuthorized
L 08/27/2020 - 02:07:02: Error log file session closed.
L 08/27/2020 - 02:07:03: SourceMod error session started
L 08/27/2020 - 02:07:03: Info (map "de_canals") (file "/home/tcagame/jackm1/488/csgo/addons/sourcemod/logs/errors_20200827.log")
L 08/27/2020 - 02:07:03: [SM] Fatal error encountered parsing translation file "advadmin.phrases.txt"
L 08/27/2020 - 02:07:03: [SM] Error (line 0, column 0): Stream failed to open
L 08/27/2020 - 02:09:24: [SM] Exception reported: Array index out-of-bounds (index 64, limit 55)
L 08/27/2020 - 02:09:24: [SM] Blaming: weapon_restrict.smx
L 08/27/2020 - 02:09:24: [SM] Call stack trace:
L 08/27/2020 - 02:09:24: [SM]   [1] Line 202, restrictinc/events.sp::CS_OnBuyCommand
L 08/27/2020 - 02:14:54: Error log file session closed.
L 08/27/2020 - 02:14:54: SourceMod error session started
L 08/27/2020 - 02:14:54: Info (map "de_canals") (file "/home/tcagame/jackm1/488/csgo/addons/sourcemod/logs/errors_20200827.log")
L 08/27/2020 - 02:14:54: [SM] Fatal error encountered parsing translation file "advadmin.phrases.txt"
L 08/27/2020 - 02:14:54: [SM] Error (line 0, column 0): Stream failed to open
L 08/27/2020 - 02:15:11: [SM] Exception reported: Array index out-of-bounds (index 64, limit 55)
L 08/27/2020 - 02:15:11: [SM] Blaming: weapon_restrict.smx
L 08/27/2020 - 02:15:11: [SM] Call stack trace:
L 08/27/2020 - 02:15:11: [SM]   [1] Line 202, restrictinc/events.sp::CS_OnBuyCommand
L 08/27/2020 - 02:15:25: [SM] Exception reported: Language phrase "Player_Connected_From" not found (arg 3)
L 08/27/2020 - 02:15:25: [SM] Blaming: advadmin.smx
L 08/27/2020 - 02:15:25: [SM] Call stack trace:
L 08/27/2020 - 02:15:25: [SM]   [0] VFormat
L 08/27/2020 - 02:15:25: [SM]   [1] Line 386, /groups/sourcemod/compiler-1.10/include/halflife.inc::PrintToChatAll
L 08/27/2020 - 02:15:25: [SM]   [2] Line 141, /home/groups/sourcemod/upload_tmp/phpRYtiXm.sp::OnClientAuthorized
L 08/27/2020 - 02:18:23: Error log file session closed.
L 08/27/2020 - 02:18:23: SourceMod error session started
L 08/27/2020 - 02:18:23: Info (map "cs_assault") (file "/home/tcagame/jackm1/488/csgo/addons/sourcemod/logs/errors_20200827.log")
L 08/27/2020 - 02:18:23: [SM] Fatal error encountered parsing translation file "advadmin.phrases.txt"
L 08/27/2020 - 02:18:23: [SM] Error (line 0, column 0): Stream failed to open
L 08/27/2020 - 10:09:53: Error log file session closed.
L 08/27/2020 - 10:09:53: SourceMod error session started
L 08/27/2020 - 10:09:53: Info (map "cs_assault") (file "/home/tcagame/jackm1/488/csgo/addons/sourcemod/logs/errors_20200827.log")
L 08/27/2020 - 10:09:53: [SM] Fatal error encountered parsing translation file "advadmin.phrases.txt"
L 08/27/2020 - 10:09:53: [SM] Error (line 0, column 0): Stream failed to open
L 08/27/2020 - 10:11:48: Error log file session closed.
L 08/27/2020 - 10:11:48: SourceMod error session started
L 08/27/2020 - 10:11:48: Info (map "de_overpass") (file "/home/tcagame/jackm1/488/csgo/addons/sourcemod/logs/errors_20200827.log")
L 08/27/2020 - 10:11:48: [SM] Fatal error encountered parsing translation file "advadmin.phrases.txt"
L 08/27/2020 - 10:11:48: [SM] Error (line 0, column 0): Stream failed to open
L 08/27/2020 - 10:13:13: [SM] Exception reported: Language phrase "CMD_Give" not found (arg 5)
L 08/27/2020 - 10:13:13: [SM] Blaming: advadmin.smx
L 08/27/2020 - 10:13:13: [SM] Call stack trace:
L 08/27/2020 - 10:13:13: [SM]   [0] ShowActivity2
L 08/27/2020 - 10:13:13: [SM]   [1] Line 883, /home/groups/sourcemod/upload_tmp/phpRYtiXm.sp::CMD_Give
L 08/27/2020 - 10:13:23: [SM] Exception reported: Language phrase "CMD_Give" not found (arg 5)
L 08/27/2020 - 10:13:23: [SM] Blaming: advadmin.smx
L 08/27/2020 - 10:13:23: [SM] Call stack trace:
L 08/27/2020 - 10:13:23: [SM]   [0] ShowActivity2
L 08/27/2020 - 10:13:23: [SM]   [1] Line 883, /home/groups/sourcemod/upload_tmp/phpRYtiXm.sp::CMD_Give
L 08/27/2020 - 10:13:47: [SM] Exception reported: Language phrase "Player_Connected_From" not found (arg 3)
L 08/27/2020 - 10:13:47: [SM] Blaming: advadmin.smx
L 08/27/2020 - 10:13:47: [SM] Call stack trace:
L 08/27/2020 - 10:13:47: [SM]   [0] VFormat
L 08/27/2020 - 10:13:47: [SM]   [1] Line 386, /groups/sourcemod/compiler-1.10/include/halflife.inc::PrintToChatAll
L 08/27/2020 - 10:13:47: [SM]   [2] Line 141, /home/groups/sourcemod/upload_tmp/phpRYtiXm.sp::OnClientAuthorized
L 08/27/2020 - 10:13:48: [SM] Exception reported: Language phrase "CMD_Give" not found (arg 5)
L 08/27/2020 - 10:13:48: [SM] Blaming: advadmin.smx
L 08/27/2020 - 10:13:48: [SM] Call stack trace:
L 08/27/2020 - 10:13:48: [SM]   [0] ShowActivity2
L 08/27/2020 - 10:13:48: [SM]   [1] Line 883, /home/groups/sourcemod/upload_tmp/phpRYtiXm.sp::CMD_Give
L 08/27/2020 - 10:14:37: [SM] Exception reported: Language phrase "CMD_Give" not found (arg 4)
L 08/27/2020 - 10:14:37: [SM] Blaming: advadmin.smx
L 08/27/2020 - 10:14:37: [SM] Call stack trace:
L 08/27/2020 - 10:14:37: [SM]   [0] VFormat
L 08/27/2020 - 10:14:37: [SM]   [1] Line 386, /groups/sourcemod/compiler-1.10/include/halflife.inc::PrintToChatAll
L 08/27/2020 - 10:14:37: [SM]   [2] Line 853, /home/groups/sourcemod/upload_tmp/phpRYtiXm.sp::CMD_Give
L 08/27/2020 - 10:14:42: [SM] Exception reported: Language phrase "CMD_Give" not found (arg 5)
L 08/27/2020 - 10:14:42: [SM] Blaming: advadmin.smx
L 08/27/2020 - 10:14:42: [SM] Call stack trace:
L 08/27/2020 - 10:14:42: [SM]   [0] ShowActivity2
L 08/27/2020 - 10:14:42: [SM]   [1] Line 883, /home/groups/sourcemod/upload_tmp/phpRYtiXm.sp::CMD_Give
L 08/27/2020 - 10:15:37: [SM] Exception reported: Language phrase "CMD_Give" not found (arg 5)
L 08/27/2020 - 10:15:37: [SM] Blaming: advadmin.smx
L 08/27/2020 - 10:15:37: [SM] Call stack trace:
L 08/27/2020 - 10:15:37: [SM]   [0] ShowActivity2
L 08/27/2020 - 10:15:37: [SM]   [1] Line 883, /home/groups/sourcemod/upload_tmp/phpRYtiXm.sp::CMD_Give
L 08/27/2020 - 10:16:53: [SM] Exception reported: Array index out-of-bounds (index 64, limit 55)
L 08/27/2020 - 10:16:53: [SM] Blaming: weapon_restrict.smx
L 08/27/2020 - 10:16:53: [SM] Call stack trace:
L 08/27/2020 - 10:16:53: [SM]   [1] Line 202, restrictinc/events.sp::CS_OnBuyCommand
L 08/27/2020 - 10:17:57: [SM] Exception reported: Array index out-of-bounds (index 64, limit 55)
L 08/27/2020 - 10:17:57: [SM] Blaming: weapon_restrict.smx
L 08/27/2020 - 10:17:57: [SM] Call stack trace:
L 08/27/2020 - 10:17:57: [SM]   [1] Line 202, restrictinc/events.sp::CS_OnBuyCommand
L 08/27/2020 - 10:24:21: [SM] Exception reported: Array index out-of-bounds (index 64, limit 55)
L 08/27/2020 - 10:24:21: [SM] Blaming: weapon_restrict.smx
L 08/27/2020 - 10:24:21: [SM] Call stack trace:
L 08/27/2020 - 10:24:21: [SM]   [1] Line 202, restrictinc/events.sp::CS_OnBuyCommand
L 08/27/2020 - 22:18:15: Error log file session closed.
L 08/27/2020 - 22:18:15: SourceMod error session started
L 08/27/2020 - 22:18:15: Info (map "de_overpass") (file "/home/tcagame/jackm1/488/csgo/addons/sourcemod/logs/errors_20200827.log")
L 08/27/2020 - 22:18:15: [SM] Fatal error encountered parsing translation file "advadmin.phrases.txt"
L 08/27/2020 - 22:18:15: [SM] Error (line 0, column 0): Stream failed to open
L 08/27/2020 - 22:18:39: [SM] Exception reported: Array index out-of-bounds (index 64, limit 55)
L 08/27/2020 - 22:18:39: [SM] Blaming: weapon_restrict.smx
L 08/27/2020 - 22:18:39: [SM] Call stack trace:
L 08/27/2020 - 22:18:39: [SM]   [1] Line 202, restrictinc/events.sp::CS_OnBuyCommand
L 08/27/2020 - 22:19:02: [SM] Exception reported: Array index out-of-bounds (index 64, limit 55)
L 08/27/2020 - 22:19:02: [SM] Blaming: weapon_restrict.smx
L 08/27/2020 - 22:19:02: [SM] Call stack trace:
L 08/27/2020 - 22:19:02: [SM]   [1] Line 202, restrictinc/events.sp::CS_OnBuyCommand
L 08/27/2020 - 22:21:16: [SM] Exception reported: Language phrase "Player_Connected_From" not found (arg 3)
L 08/27/2020 - 22:21:16: [SM] Blaming: advadmin.smx
L 08/27/2020 - 22:21:16: [SM] Call stack trace:
L 08/27/2020 - 22:21:16: [SM]   [0] VFormat
L 08/27/2020 - 22:21:16: [SM]   [1] Line 386, /groups/sourcemod/compiler-1.10/include/halflife.inc::PrintToChatAll
L 08/27/2020 - 22:21:16: [SM]   [2] Line 141, /home/groups/sourcemod/upload_tmp/phpRYtiXm.sp::OnClientAuthorized
L 08/27/2020 - 22:26:29: Error log file session closed.
L 08/27/2020 - 22:26:29: SourceMod error session started
L 08/27/2020 - 22:26:29: Info (map "de_dust2") (file "/home/tcagame/jackm1/488/csgo/addons/sourcemod/logs/errors_20200827.log")
L 08/27/2020 - 22:26:29: [SM] Fatal error encountered parsing translation file "advadmin.phrases.txt"
L 08/27/2020 - 22:26:29: [SM] Error (line 0, column 0): Stream failed to open
L 08/27/2020 - 22:28:09: [SM] Exception reported: Language phrase "Player_Connected_From" not found (arg 3)
L 08/27/2020 - 22:28:09: [SM] Blaming: advadmin.smx
L 08/27/2020 - 22:28:09: [SM] Call stack trace:
L 08/27/2020 - 22:28:09: [SM]   [0] VFormat
L 08/27/2020 - 22:28:09: [SM]   [1] Line 386, /groups/sourcemod/compiler-1.10/include/halflife.inc::PrintToChatAll
L 08/27/2020 - 22:28:09: [SM]   [2] Line 141, /home/groups/sourcemod/upload_tmp/phpRYtiXm.sp::OnClientAuthorized
L 08/27/2020 - 22:28:41: [SM] Exception reported: Array index out-of-bounds (index 64, limit 55)
L 08/27/2020 - 22:28:41: [SM] Blaming: weapon_restrict.smx
L 08/27/2020 - 22:28:41: [SM] Call stack trace:
L 08/27/2020 - 22:28:41: [SM]   [1] Line 202, restrictinc/events.sp::CS_OnBuyCommand
L 08/27/2020 - 22:28:49: [SM] Exception reported: Array index out-of-bounds (index 64, limit 55)
L 08/27/2020 - 22:28:49: [SM] Blaming: weapon_restrict.smx
L 08/27/2020 - 22:28:49: [SM] Call stack trace:
L 08/27/2020 - 22:28:49: [SM]   [1] Line 202, restrictinc/events.sp::CS_OnBuyCommand
L 08/27/2020 - 22:29:17: [SM] Exception reported: Array index out-of-bounds (index 64, limit 55)
L 08/27/2020 - 22:29:17: [SM] Blaming: weapon_restrict.smx
L 08/27/2020 - 22:29:17: [SM] Call stack trace:
L 08/27/2020 - 22:29:17: [SM]   [1] Line 202, restrictinc/events.sp::CS_OnBuyCommand
L 08/27/2020 - 22:29:30: [SM] Exception reported: Array index out-of-bounds (index 64, limit 55)
L 08/27/2020 - 22:29:30: [SM] Blaming: weapon_restrict.smx
L 08/27/2020 - 22:29:30: [SM] Call stack trace:
L 08/27/2020 - 22:29:30: [SM]   [1] Line 202, restrictinc/events.sp::CS_OnBuyCommand
L 08/27/2020 - 22:29:33: [SM] Exception reported: Array index out-of-bounds (index 64, limit 55)
L 08/27/2020 - 22:29:33: [SM] Blaming: weapon_restrict.smx
L 08/27/2020 - 22:29:33: [SM] Call stack trace:
L 08/27/2020 - 22:29:33: [SM]   [1] Line 202, restrictinc/events.sp::CS_OnBuyCommand
L 08/27/2020 - 22:29:41: [SM] Exception reported: Array index out-of-bounds (index 64, limit 55)
L 08/27/2020 - 22:29:41: [SM] Blaming: weapon_restrict.smx
L 08/27/2020 - 22:29:41: [SM] Call stack trace:
L 08/27/2020 - 22:29:41: [SM]   [1] Line 202, restrictinc/events.sp::CS_OnBuyCommand
L 08/27/2020 - 22:29:46: [SM] Exception reported: Array index out-of-bounds (index 64, limit 55)
L 08/27/2020 - 22:29:46: [SM] Blaming: weapon_restrict.smx
L 08/27/2020 - 22:29:46: [SM] Call stack trace:
L 08/27/2020 - 22:29:46: [SM]   [1] Line 202, restrictinc/events.sp::CS_OnBuyCommand
L 08/27/2020 - 22:32:07: [SM] Exception reported: Array index out-of-bounds (index 64, limit 55)
L 08/27/2020 - 22:32:07: [SM] Blaming: weapon_restrict.smx
L 08/27/2020 - 22:32:07: [SM] Call stack trace:
L 08/27/2020 - 22:32:07: [SM]   [1] Line 202, restrictinc/events.sp::CS_OnBuyCommand
L 08/27/2020 - 22:44:47: [SM] Exception reported: Array index out-of-bounds (index 64, limit 55)
L 08/27/2020 - 22:44:47: [SM] Blaming: weapon_restrict.smx
L 08/27/2020 - 22:44:47: [SM] Call stack trace:
L 08/27/2020 - 22:44:47: [SM]   [1] Line 202, restrictinc/events.sp::CS_OnBuyCommand
L 08/27/2020 - 22:51:14: [SM] Exception reported: Array index out-of-bounds (index 64, limit 55)
L 08/27/2020 - 22:51:14: [SM] Blaming: weapon_restrict.smx
L 08/27/2020 - 22:51:14: [SM] Call stack trace:
L 08/27/2020 - 22:51:14: [SM]   [1] Line 202, restrictinc/events.sp::CS_OnBuyCommand
L 08/27/2020 - 22:51:15: [SM] Exception reported: Array index out-of-bounds (index 64, limit 55)
L 08/27/2020 - 22:51:15: [SM] Blaming: weapon_restrict.smx
L 08/27/2020 - 22:51:15: [SM] Call stack trace:
L 08/27/2020 - 22:51:15: [SM]   [1] Line 202, restrictinc/events.sp::CS_OnBuyCommand
L 08/27/2020 - 23:17:53: Error log file session closed.
L 08/27/2020 - 23:17:53: SourceMod error session started
L 08/27/2020 - 23:17:53: Info (map "de_dust2") (file "/home/tcagame/jackm1/488/csgo/addons/sourcemod/logs/errors_20200827.log")
L 08/27/2020 - 23:17:53: [SM] Fatal error encountered parsing translation file "advadmin.phrases.txt"
L 08/27/2020 - 23:17:53: [SM] Error (line 0, column 0): Stream failed to open
L 08/27/2020 - 23:18:28: [SM] Exception reported: Array index out-of-bounds (index 64, limit 55)
L 08/27/2020 - 23:18:28: [SM] Blaming: weapon_restrict.smx
L 08/27/2020 - 23:18:28: [SM] Call stack trace:
L 08/27/2020 - 23:18:28: [SM]   [1] Line 202, restrictinc/events.sp::CS_OnBuyCommand
L 08/27/2020 - 23:18:57: [SM] Exception reported: Array index out-of-bounds (index 64, limit 55)
L 08/27/2020 - 23:18:57: [SM] Blaming: weapon_restrict.smx
L 08/27/2020 - 23:18:57: [SM] Call stack trace:
L 08/27/2020 - 23:18:57: [SM]   [1] Line 202, restrictinc/events.sp::CS_OnBuyCommand
L 08/27/2020 - 23:21:26: Error log file session closed.
L 08/27/2020 - 23:21:26: SourceMod error session started
L 08/27/2020 - 23:21:26: Info (map "de_canals") (file "/home/tcagame/jackm1/488/csgo/addons/sourcemod/logs/errors_20200827.log")
L 08/27/2020 - 23:21:26: [SM] Fatal error encountered parsing translation file "advadmin.phrases.txt"
L 08/27/2020 - 23:21:26: [SM] Error (line 0, column 0): Stream failed to open
L 08/27/2020 - 23:21:43: [SM] Exception reported: Array index out-of-bounds (index 64, limit 55)
L 08/27/2020 - 23:21:43: [SM] Blaming: weapon_restrict.smx
L 08/27/2020 - 23:21:43: [SM] Call stack trace:
L 08/27/2020 - 23:21:43: [SM]   [1] Line 202, restrictinc/events.sp::CS_OnBuyCommand
L 08/27/2020 - 23:21:45: [SM] Exception reported: Language phrase "Player_Connected" not found (arg 3)
L 08/27/2020 - 23:21:45: [SM] Blaming: advadmin.smx
L 08/27/2020 - 23:21:45: [SM] Call stack trace:
L 08/27/2020 - 23:21:45: [SM]   [0] VFormat
L 08/27/2020 - 23:21:45: [SM]   [1] Line 386, /groups/sourcemod/compiler-1.10/include/halflife.inc::PrintToChatAll
L 08/27/2020 - 23:21:45: [SM]   [2] Line 145, /home/groups/sourcemod/upload_tmp/phpRYtiXm.sp::OnClientAuthorized
L 08/27/2020 - 23:21:57: [SM] Exception reported: Array index out-of-bounds (index 64, limit 55)
L 08/27/2020 - 23:21:57: [SM] Blaming: weapon_restrict.smx
L 08/27/2020 - 23:21:57: [SM] Call stack trace:
L 08/27/2020 - 23:21:57: [SM]   [1] Line 202, restrictinc/events.sp::CS_OnBuyCommand
L 08/27/2020 - 23:22:05: [SM] Exception reported: Array index out-of-bounds (index 64, limit 55)
L 08/27/2020 - 23:22:05: [SM] Blaming: weapon_restrict.smx
L 08/27/2020 - 23:22:05: [SM] Call stack trace:
L 08/27/2020 - 23:22:05: [SM]   [1] Line 202, restrictinc/events.sp::CS_OnBuyCommand
L 08/27/2020 - 23:22:37: [SM] Exception reported: Array index out-of-bounds (index 64, limit 55)
L 08/27/2020 - 23:22:37: [SM] Blaming: weapon_restrict.smx
L 08/27/2020 - 23:22:37: [SM] Call stack trace:
L 08/27/2020 - 23:22:37: [SM]   [1] Line 202, restrictinc/events.sp::CS_OnBuyCommand
L 08/27/2020 - 23:22:43: [SM] Exception reported: Array index out-of-bounds (index 64, limit 55)
L 08/27/2020 - 23:22:43: [SM] Blaming: weapon_restrict.smx
L 08/27/2020 - 23:22:43: [SM] Call stack trace:
L 08/27/2020 - 23:22:43: [SM]   [1] Line 202, restrictinc/events.sp::CS_OnBuyCommand
L 08/27/2020 - 23:22:46: [SM] Exception reported: Array index out-of-bounds (index 64, limit 55)
L 08/27/2020 - 23:22:46: [SM] Blaming: weapon_restrict.smx
L 08/27/2020 - 23:22:46: [SM] Call stack trace:
L 08/27/2020 - 23:22:46: [SM]   [1] Line 202, restrictinc/events.sp::CS_OnBuyCommand
L 08/27/2020 - 23:22:54: [SM] Exception reported: Array index out-of-bounds (index 64, limit 55)
L 08/27/2020 - 23:22:54: [SM] Blaming: weapon_restrict.smx
L 08/27/2020 - 23:22:54: [SM] Call stack trace:
L 08/27/2020 - 23:22:54: [SM]   [1] Line 202, restrictinc/events.sp::CS_OnBuyCommand
L 08/27/2020 - 23:23:01: [SM] Exception reported: Array index out-of-bounds (index 64, limit 55)
L 08/27/2020 - 23:23:01: [SM] Blaming: weapon_restrict.smx
L 08/27/2020 - 23:23:01: [SM] Call stack trace:
L 08/27/2020 - 23:23:01: [SM]   [1] Line 202, restrictinc/events.sp::CS_OnBuyCommand
L 08/27/2020 - 23:23:26: [SM] Exception reported: Array index out-of-bounds (index 64, limit 55)
L 08/27/2020 - 23:23:26: [SM] Blaming: weapon_restrict.smx
L 08/27/2020 - 23:23:26: [SM] Call stack trace:
L 08/27/2020 - 23:23:26: [SM]   [1] Line 202, restrictinc/events.sp::CS_OnBuyCommand
L 08/27/2020 - 23:23:36: [SM] Exception reported: Array index out-of-bounds (index 64, limit 55)
L 08/27/2020 - 23:23:36: [SM] Blaming: weapon_restrict.smx
L 08/27/2020 - 23:23:36: [SM] Call stack trace:
L 08/27/2020 - 23:23:36: [SM]   [1] Line 202, restrictinc/events.sp::CS_OnBuyCommand
L 08/27/2020 - 23:25:57: [SM] Exception reported: Array index out-of-bounds (index 64, limit 55)
L 08/27/2020 - 23:25:57: [SM] Blaming: weapon_restrict.smx
L 08/27/2020 - 23:25:57: [SM] Call stack trace:
L 08/27/2020 - 23:25:57: [SM]   [1] Line 202, restrictinc/events.sp::CS_OnBuyCommand
L 08/27/2020 - 23:29:08: [SM] Exception reported: Array index out-of-bounds (index 64, limit 55)
L 08/27/2020 - 23:29:08: [SM] Blaming: weapon_restrict.smx
L 08/27/2020 - 23:29:08: [SM] Call stack trace:
L 08/27/2020 - 23:29:08: [SM]   [1] Line 202, restrictinc/events.sp::CS_OnBuyCommand
L 08/27/2020 - 23:29:42: [SM] Exception reported: Array index out-of-bounds (index 64, limit 55)
L 08/27/2020 - 23:29:42: [SM] Blaming: weapon_restrict.smx
L 08/27/2020 - 23:29:42: [SM] Call stack trace:
L 08/27/2020 - 23:29:42: [SM]   [1] Line 202, restrictinc/events.sp::CS_OnBuyCommand
L 08/27/2020 - 23:32:07: [SM] Exception reported: Array index out-of-bounds (index 64, limit 55)
L 08/27/2020 - 23:32:07: [SM] Blaming: weapon_restrict.smx
L 08/27/2020 - 23:32:07: [SM] Call stack trace:
L 08/27/2020 - 23:32:07: [SM]   [1] Line 202, restrictinc/events.sp::CS_OnBuyCommand
L 08/27/2020 - 23:33:51: [SM] Exception reported: Array index out-of-bounds (index 64, limit 55)
L 08/27/2020 - 23:33:51: [SM] Blaming: weapon_restrict.smx
L 08/27/2020 - 23:33:51: [SM] Call stack trace:
L 08/27/2020 - 23:33:51: [SM]   [1] Line 202, restrictinc/events.sp::CS_OnBuyCommand
L 08/27/2020 - 23:33:53: [SM] Exception reported: Array index out-of-bounds (index 64, limit 55)
L 08/27/2020 - 23:33:53: [SM] Blaming: weapon_restrict.smx
L 08/27/2020 - 23:33:53: [SM] Call stack trace:
L 08/27/2020 - 23:33:53: [SM]   [1] Line 202, restrictinc/events.sp::CS_OnBuyCommand
L 08/27/2020 - 23:34:57: [SM] Exception reported: Array index out-of-bounds (index 64, limit 55)
L 08/27/2020 - 23:34:57: [SM] Blaming: weapon_restrict.smx
L 08/27/2020 - 23:34:57: [SM] Call stack trace:
L 08/27/2020 - 23:34:57: [SM]   [1] Line 202, restrictinc/events.sp::CS_OnBuyCommand
L 08/27/2020 - 23:36:13: [SM] Exception reported: Array index out-of-bounds (index 64, limit 55)
L 08/27/2020 - 23:36:13: [SM] Blaming: weapon_restrict.smx
L 08/27/2020 - 23:36:13: [SM] Call stack trace:
L 08/27/2020 - 23:36:13: [SM]   [1] Line 202, restrictinc/events.sp::CS_OnBuyCommand
L 08/27/2020 - 23:37:45: [SM] Exception reported: Array index out-of-bounds (index 64, limit 55)
L 08/27/2020 - 23:37:45: [SM] Blaming: weapon_restrict.smx
L 08/27/2020 - 23:37:45: [SM] Call stack trace:
L 08/27/2020 - 23:37:45: [SM]   [1] Line 202, restrictinc/events.sp::CS_OnBuyCommand
L 08/27/2020 - 23:38:47: [SM] Exception reported: Array index out-of-bounds (index 64, limit 55)
L 08/27/2020 - 23:38:47: [SM] Blaming: weapon_restrict.smx
L 08/27/2020 - 23:38:47: [SM] Call stack trace:
L 08/27/2020 - 23:38:47: [SM]   [1] Line 202, restrictinc/events.sp::CS_OnBuyCommand
L 08/28/2020 - 13:45:29: Error log file session closed.
