L 10/21/2020 - 00:07:26: SourceMod error session started
L 10/21/2020 - 00:07:26: Info (map "de_overpass") (file "/home/tcagame/jackm1/527/csgo/addons/sourcemod/logs/errors_20201021.log")
L 10/21/2020 - 00:07:26: [SM] Fatal error encountered parsing translation file "advadmin.phrases.txt"
L 10/21/2020 - 00:07:26: [SM] Error (line 0, column 0): Stream failed to open
L 10/21/2020 - 00:09:05: [SM] Exception reported: Language phrase "Player_Connected_From" not found (arg 3)
L 10/21/2020 - 00:09:05: [SM] Blaming: advadmin.smx
L 10/21/2020 - 00:09:05: [SM] Call stack trace:
L 10/21/2020 - 00:09:05: [SM]   [0] VFormat
L 10/21/2020 - 00:09:05: [SM]   [1] Line 386, /groups/sourcemod/compiler-1.10/include/halflife.inc::PrintToChatAll
L 10/21/2020 - 00:09:05: [SM]   [2] Line 141, /home/groups/sourcemod/upload_tmp/phpRYtiXm.sp::OnClientAuthorized
L 10/21/2020 - 00:09:06: [SM] Exception reported: Language phrase "Player_Connected_From" not found (arg 3)
L 10/21/2020 - 00:09:06: [SM] Blaming: advadmin.smx
L 10/21/2020 - 00:09:06: [SM] Call stack trace:
L 10/21/2020 - 00:09:06: [SM]   [0] VFormat
L 10/21/2020 - 00:09:06: [SM]   [1] Line 386, /groups/sourcemod/compiler-1.10/include/halflife.inc::PrintToChatAll
L 10/21/2020 - 00:09:06: [SM]   [2] Line 141, /home/groups/sourcemod/upload_tmp/phpRYtiXm.sp::OnClientAuthorized
L 10/21/2020 - 00:09:13: [SM] Exception reported: Language phrase "Player_Connected_From" not found (arg 3)
L 10/21/2020 - 00:09:13: [SM] Blaming: advadmin.smx
L 10/21/2020 - 00:09:13: [SM] Call stack trace:
L 10/21/2020 - 00:09:13: [SM]   [0] VFormat
L 10/21/2020 - 00:09:13: [SM]   [1] Line 386, /groups/sourcemod/compiler-1.10/include/halflife.inc::PrintToChatAll
L 10/21/2020 - 00:09:13: [SM]   [2] Line 141, /home/groups/sourcemod/upload_tmp/phpRYtiXm.sp::OnClientAuthorized
L 10/21/2020 - 00:09:29: [SM] Exception reported: Array index out-of-bounds (index 64, limit 55)
L 10/21/2020 - 00:09:29: [SM] Blaming: weapon_restrict.smx
L 10/21/2020 - 00:09:29: [SM] Call stack trace:
L 10/21/2020 - 00:09:29: [SM]   [1] Line 202, restrictinc/events.sp::CS_OnBuyCommand
L 10/21/2020 - 00:09:53: [SM] Exception reported: Language phrase "Player_Connected_From" not found (arg 3)
L 10/21/2020 - 00:09:53: [SM] Blaming: advadmin.smx
L 10/21/2020 - 00:09:53: [SM] Call stack trace:
L 10/21/2020 - 00:09:53: [SM]   [0] VFormat
L 10/21/2020 - 00:09:53: [SM]   [1] Line 386, /groups/sourcemod/compiler-1.10/include/halflife.inc::PrintToChatAll
L 10/21/2020 - 00:09:53: [SM]   [2] Line 141, /home/groups/sourcemod/upload_tmp/phpRYtiXm.sp::OnClientAuthorized
L 10/21/2020 - 00:10:26: [SM] Exception reported: Array index out-of-bounds (index 64, limit 55)
L 10/21/2020 - 00:10:26: [SM] Blaming: weapon_restrict.smx
L 10/21/2020 - 00:10:26: [SM] Call stack trace:
L 10/21/2020 - 00:10:26: [SM]   [1] Line 202, restrictinc/events.sp::CS_OnBuyCommand
L 10/21/2020 - 00:10:26: [SM] Exception reported: Array index out-of-bounds (index 64, limit 55)
L 10/21/2020 - 00:10:26: [SM] Blaming: weapon_restrict.smx
L 10/21/2020 - 00:10:26: [SM] Call stack trace:
L 10/21/2020 - 00:10:26: [SM]   [1] Line 202, restrictinc/events.sp::CS_OnBuyCommand
L 10/21/2020 - 00:11:52: Error log file session closed.
L 10/21/2020 - 00:11:52: SourceMod error session started
L 10/21/2020 - 00:11:52: Info (map "de_bank") (file "/home/tcagame/jackm1/527/csgo/addons/sourcemod/logs/errors_20201021.log")
L 10/21/2020 - 00:11:52: [SM] Fatal error encountered parsing translation file "advadmin.phrases.txt"
L 10/21/2020 - 00:11:52: [SM] Error (line 0, column 0): Stream failed to open
L 10/21/2020 - 00:12:05: [SM] Exception reported: Array index out-of-bounds (index 64, limit 55)
L 10/21/2020 - 00:12:05: [SM] Blaming: weapon_restrict.smx
L 10/21/2020 - 00:12:05: [SM] Call stack trace:
L 10/21/2020 - 00:12:05: [SM]   [1] Line 202, restrictinc/events.sp::CS_OnBuyCommand
L 10/21/2020 - 00:12:35: [SM] Exception reported: Array index out-of-bounds (index 64, limit 55)
L 10/21/2020 - 00:12:35: [SM] Blaming: weapon_restrict.smx
L 10/21/2020 - 00:12:35: [SM] Call stack trace:
L 10/21/2020 - 00:12:35: [SM]   [1] Line 202, restrictinc/events.sp::CS_OnBuyCommand
L 10/21/2020 - 00:13:46: [SM] Exception reported: Array index out-of-bounds (index 64, limit 55)
L 10/21/2020 - 00:13:46: [SM] Blaming: weapon_restrict.smx
L 10/21/2020 - 00:13:46: [SM] Call stack trace:
L 10/21/2020 - 00:13:46: [SM]   [1] Line 202, restrictinc/events.sp::CS_OnBuyCommand
L 10/21/2020 - 00:15:02: [SM] Exception reported: Array index out-of-bounds (index 64, limit 55)
L 10/21/2020 - 00:15:02: [SM] Blaming: weapon_restrict.smx
L 10/21/2020 - 00:15:02: [SM] Call stack trace:
L 10/21/2020 - 00:15:02: [SM]   [1] Line 202, restrictinc/events.sp::CS_OnBuyCommand
L 10/21/2020 - 00:15:02: [SM] Exception reported: Array index out-of-bounds (index 64, limit 55)
L 10/21/2020 - 00:15:02: [SM] Blaming: weapon_restrict.smx
L 10/21/2020 - 00:15:02: [SM] Call stack trace:
L 10/21/2020 - 00:15:02: [SM]   [1] Line 202, restrictinc/events.sp::CS_OnBuyCommand
L 10/21/2020 - 00:15:03: [SM] Exception reported: Array index out-of-bounds (index 64, limit 55)
L 10/21/2020 - 00:15:03: [SM] Blaming: weapon_restrict.smx
L 10/21/2020 - 00:15:03: [SM] Call stack trace:
L 10/21/2020 - 00:15:03: [SM]   [1] Line 202, restrictinc/events.sp::CS_OnBuyCommand
L 10/21/2020 - 00:16:16: [SM] Exception reported: Array index out-of-bounds (index 64, limit 55)
L 10/21/2020 - 00:16:16: [SM] Blaming: weapon_restrict.smx
L 10/21/2020 - 00:16:16: [SM] Call stack trace:
L 10/21/2020 - 00:16:16: [SM]   [1] Line 202, restrictinc/events.sp::CS_OnBuyCommand
L 10/21/2020 - 00:16:17: [SM] Exception reported: Array index out-of-bounds (index 64, limit 55)
L 10/21/2020 - 00:16:17: [SM] Blaming: weapon_restrict.smx
L 10/21/2020 - 00:16:17: [SM] Call stack trace:
L 10/21/2020 - 00:16:17: [SM]   [1] Line 202, restrictinc/events.sp::CS_OnBuyCommand
L 10/21/2020 - 00:16:23: [SM] Exception reported: Array index out-of-bounds (index 64, limit 55)
L 10/21/2020 - 00:16:23: [SM] Blaming: weapon_restrict.smx
L 10/21/2020 - 00:16:23: [SM] Call stack trace:
L 10/21/2020 - 00:16:23: [SM]   [1] Line 202, restrictinc/events.sp::CS_OnBuyCommand
L 10/21/2020 - 00:17:16: [SM] Exception reported: Array index out-of-bounds (index 64, limit 55)
L 10/21/2020 - 00:17:16: [SM] Blaming: weapon_restrict.smx
L 10/21/2020 - 00:17:16: [SM] Call stack trace:
L 10/21/2020 - 00:17:16: [SM]   [1] Line 202, restrictinc/events.sp::CS_OnBuyCommand
L 10/21/2020 - 00:17:20: [SM] Exception reported: Array index out-of-bounds (index 64, limit 55)
L 10/21/2020 - 00:17:20: [SM] Blaming: weapon_restrict.smx
L 10/21/2020 - 00:17:20: [SM] Call stack trace:
L 10/21/2020 - 00:17:20: [SM]   [1] Line 202, restrictinc/events.sp::CS_OnBuyCommand
L 10/21/2020 - 00:18:23: [SM] Exception reported: Array index out-of-bounds (index 64, limit 55)
L 10/21/2020 - 00:18:23: [SM] Blaming: weapon_restrict.smx
L 10/21/2020 - 00:18:23: [SM] Call stack trace:
L 10/21/2020 - 00:18:23: [SM]   [1] Line 202, restrictinc/events.sp::CS_OnBuyCommand
L 10/21/2020 - 00:19:08: [SM] Exception reported: Array index out-of-bounds (index 64, limit 55)
L 10/21/2020 - 00:19:08: [SM] Blaming: weapon_restrict.smx
L 10/21/2020 - 00:19:08: [SM] Call stack trace:
L 10/21/2020 - 00:19:08: [SM]   [1] Line 202, restrictinc/events.sp::CS_OnBuyCommand
L 10/21/2020 - 00:19:08: [SM] Exception reported: Array index out-of-bounds (index 64, limit 55)
L 10/21/2020 - 00:19:08: [SM] Blaming: weapon_restrict.smx
L 10/21/2020 - 00:19:08: [SM] Call stack trace:
L 10/21/2020 - 00:19:08: [SM]   [1] Line 202, restrictinc/events.sp::CS_OnBuyCommand
L 10/21/2020 - 00:21:56: [SM] Exception reported: Array index out-of-bounds (index 64, limit 55)
L 10/21/2020 - 00:21:56: [SM] Blaming: weapon_restrict.smx
L 10/21/2020 - 00:21:56: [SM] Call stack trace:
L 10/21/2020 - 00:21:56: [SM]   [1] Line 202, restrictinc/events.sp::CS_OnBuyCommand
L 10/21/2020 - 00:23:10: [SM] Exception reported: Array index out-of-bounds (index 64, limit 55)
L 10/21/2020 - 00:23:10: [SM] Blaming: weapon_restrict.smx
L 10/21/2020 - 00:23:10: [SM] Call stack trace:
L 10/21/2020 - 00:23:10: [SM]   [1] Line 202, restrictinc/events.sp::CS_OnBuyCommand
L 10/21/2020 - 00:25:11: [SM] Exception reported: Array index out-of-bounds (index 64, limit 55)
L 10/21/2020 - 00:25:11: [SM] Blaming: weapon_restrict.smx
L 10/21/2020 - 00:25:11: [SM] Call stack trace:
L 10/21/2020 - 00:25:11: [SM]   [1] Line 202, restrictinc/events.sp::CS_OnBuyCommand
L 10/21/2020 - 00:25:58: [SM] Exception reported: Array index out-of-bounds (index 64, limit 55)
L 10/21/2020 - 00:25:58: [SM] Blaming: weapon_restrict.smx
L 10/21/2020 - 00:25:58: [SM] Call stack trace:
L 10/21/2020 - 00:25:58: [SM]   [1] Line 202, restrictinc/events.sp::CS_OnBuyCommand
L 10/21/2020 - 00:30:05: [SM] Exception reported: Array index out-of-bounds (index 64, limit 55)
L 10/21/2020 - 00:30:05: [SM] Blaming: weapon_restrict.smx
L 10/21/2020 - 00:30:05: [SM] Call stack trace:
L 10/21/2020 - 00:30:05: [SM]   [1] Line 202, restrictinc/events.sp::CS_OnBuyCommand
L 10/21/2020 - 00:30:39: [SM] Exception reported: Array index out-of-bounds (index 64, limit 55)
L 10/21/2020 - 00:30:39: [SM] Blaming: weapon_restrict.smx
L 10/21/2020 - 00:30:39: [SM] Call stack trace:
L 10/21/2020 - 00:30:39: [SM]   [1] Line 202, restrictinc/events.sp::CS_OnBuyCommand
L 10/21/2020 - 00:30:40: [SM] Exception reported: Array index out-of-bounds (index 64, limit 55)
L 10/21/2020 - 00:30:40: [SM] Blaming: weapon_restrict.smx
L 10/21/2020 - 00:30:40: [SM] Call stack trace:
L 10/21/2020 - 00:30:40: [SM]   [1] Line 202, restrictinc/events.sp::CS_OnBuyCommand
L 10/21/2020 - 00:30:42: [SM] Exception reported: Array index out-of-bounds (index 64, limit 55)
L 10/21/2020 - 00:30:42: [SM] Blaming: weapon_restrict.smx
L 10/21/2020 - 00:30:42: [SM] Call stack trace:
L 10/21/2020 - 00:30:42: [SM]   [1] Line 202, restrictinc/events.sp::CS_OnBuyCommand
L 10/21/2020 - 00:30:45: [SM] Exception reported: Array index out-of-bounds (index 64, limit 55)
L 10/21/2020 - 00:30:45: [SM] Blaming: weapon_restrict.smx
L 10/21/2020 - 00:30:45: [SM] Call stack trace:
L 10/21/2020 - 00:30:45: [SM]   [1] Line 202, restrictinc/events.sp::CS_OnBuyCommand
L 10/21/2020 - 00:32:29: [SM] Exception reported: Array index out-of-bounds (index 64, limit 55)
L 10/21/2020 - 00:32:29: [SM] Blaming: weapon_restrict.smx
L 10/21/2020 - 00:32:29: [SM] Call stack trace:
L 10/21/2020 - 00:32:29: [SM]   [1] Line 202, restrictinc/events.sp::CS_OnBuyCommand
L 10/21/2020 - 00:32:36: [SM] Exception reported: Array index out-of-bounds (index 64, limit 55)
L 10/21/2020 - 00:32:36: [SM] Blaming: weapon_restrict.smx
L 10/21/2020 - 00:32:36: [SM] Call stack trace:
L 10/21/2020 - 00:32:36: [SM]   [1] Line 202, restrictinc/events.sp::CS_OnBuyCommand
L 10/21/2020 - 00:32:41: [SM] Exception reported: Array index out-of-bounds (index 64, limit 55)
L 10/21/2020 - 00:32:41: [SM] Blaming: weapon_restrict.smx
L 10/21/2020 - 00:32:41: [SM] Call stack trace:
L 10/21/2020 - 00:32:41: [SM]   [1] Line 202, restrictinc/events.sp::CS_OnBuyCommand
L 10/21/2020 - 00:33:07: [SM] Exception reported: Array index out-of-bounds (index 64, limit 55)
L 10/21/2020 - 00:33:07: [SM] Blaming: weapon_restrict.smx
L 10/21/2020 - 00:33:07: [SM] Call stack trace:
L 10/21/2020 - 00:33:07: [SM]   [1] Line 202, restrictinc/events.sp::CS_OnBuyCommand
L 10/21/2020 - 00:34:22: [SM] Exception reported: Array index out-of-bounds (index 64, limit 55)
L 10/21/2020 - 00:34:22: [SM] Blaming: weapon_restrict.smx
L 10/21/2020 - 00:34:22: [SM] Call stack trace:
L 10/21/2020 - 00:34:22: [SM]   [1] Line 202, restrictinc/events.sp::CS_OnBuyCommand
L 10/21/2020 - 00:35:32: [SM] Exception reported: Array index out-of-bounds (index 64, limit 55)
L 10/21/2020 - 00:35:32: [SM] Blaming: weapon_restrict.smx
L 10/21/2020 - 00:35:32: [SM] Call stack trace:
L 10/21/2020 - 00:35:32: [SM]   [1] Line 202, restrictinc/events.sp::CS_OnBuyCommand
L 10/21/2020 - 00:36:36: [SM] Exception reported: Array index out-of-bounds (index 64, limit 55)
L 10/21/2020 - 00:36:36: [SM] Blaming: weapon_restrict.smx
L 10/21/2020 - 00:36:36: [SM] Call stack trace:
L 10/21/2020 - 00:36:36: [SM]   [1] Line 202, restrictinc/events.sp::CS_OnBuyCommand
L 10/21/2020 - 00:38:03: [SM] Exception reported: Array index out-of-bounds (index 64, limit 55)
L 10/21/2020 - 00:38:03: [SM] Blaming: weapon_restrict.smx
L 10/21/2020 - 00:38:03: [SM] Call stack trace:
L 10/21/2020 - 00:38:03: [SM]   [1] Line 202, restrictinc/events.sp::CS_OnBuyCommand
L 10/21/2020 - 00:38:42: [SM] Exception reported: Array index out-of-bounds (index 64, limit 55)
L 10/21/2020 - 00:38:42: [SM] Blaming: weapon_restrict.smx
L 10/21/2020 - 00:38:42: [SM] Call stack trace:
L 10/21/2020 - 00:38:42: [SM]   [1] Line 202, restrictinc/events.sp::CS_OnBuyCommand
L 10/21/2020 - 00:41:17: [SM] Exception reported: Array index out-of-bounds (index 64, limit 55)
L 10/21/2020 - 00:41:17: [SM] Blaming: weapon_restrict.smx
L 10/21/2020 - 00:41:17: [SM] Call stack trace:
L 10/21/2020 - 00:41:17: [SM]   [1] Line 202, restrictinc/events.sp::CS_OnBuyCommand
L 10/21/2020 - 00:43:08: [SM] Exception reported: Array index out-of-bounds (index 64, limit 55)
L 10/21/2020 - 00:43:08: [SM] Blaming: weapon_restrict.smx
L 10/21/2020 - 00:43:08: [SM] Call stack trace:
L 10/21/2020 - 00:43:08: [SM]   [1] Line 202, restrictinc/events.sp::CS_OnBuyCommand
L 10/21/2020 - 00:43:14: [SM] Exception reported: Array index out-of-bounds (index 64, limit 55)
L 10/21/2020 - 00:43:14: [SM] Blaming: weapon_restrict.smx
L 10/21/2020 - 00:43:14: [SM] Call stack trace:
L 10/21/2020 - 00:43:14: [SM]   [1] Line 202, restrictinc/events.sp::CS_OnBuyCommand
L 10/21/2020 - 00:43:14: [SM] Exception reported: Array index out-of-bounds (index 64, limit 55)
L 10/21/2020 - 00:43:14: [SM] Blaming: weapon_restrict.smx
L 10/21/2020 - 00:43:14: [SM] Call stack trace:
L 10/21/2020 - 00:43:14: [SM]   [1] Line 202, restrictinc/events.sp::CS_OnBuyCommand
L 10/21/2020 - 00:45:01: [SM] Exception reported: Array index out-of-bounds (index 64, limit 55)
L 10/21/2020 - 00:45:01: [SM] Blaming: weapon_restrict.smx
L 10/21/2020 - 00:45:01: [SM] Call stack trace:
L 10/21/2020 - 00:45:01: [SM]   [1] Line 202, restrictinc/events.sp::CS_OnBuyCommand
L 10/21/2020 - 00:45:05: [SM] Exception reported: Array index out-of-bounds (index 64, limit 55)
L 10/21/2020 - 00:45:05: [SM] Blaming: weapon_restrict.smx
L 10/21/2020 - 00:45:05: [SM] Call stack trace:
L 10/21/2020 - 00:45:05: [SM]   [1] Line 202, restrictinc/events.sp::CS_OnBuyCommand
L 10/21/2020 - 00:48:24: [SM] Exception reported: Language phrase "Player_Connected" not found (arg 3)
L 10/21/2020 - 00:48:24: [SM] Blaming: advadmin.smx
L 10/21/2020 - 00:48:24: [SM] Call stack trace:
L 10/21/2020 - 00:48:24: [SM]   [0] VFormat
L 10/21/2020 - 00:48:24: [SM]   [1] Line 386, /groups/sourcemod/compiler-1.10/include/halflife.inc::PrintToChatAll
L 10/21/2020 - 00:48:24: [SM]   [2] Line 145, /home/groups/sourcemod/upload_tmp/phpRYtiXm.sp::OnClientAuthorized
L 10/21/2020 - 00:48:25: [SM] Exception reported: Language phrase "Player_Connected" not found (arg 3)
L 10/21/2020 - 00:48:25: [SM] Blaming: advadmin.smx
L 10/21/2020 - 00:48:25: [SM] Call stack trace:
L 10/21/2020 - 00:48:25: [SM]   [0] VFormat
L 10/21/2020 - 00:48:25: [SM]   [1] Line 386, /groups/sourcemod/compiler-1.10/include/halflife.inc::PrintToChatAll
L 10/21/2020 - 00:48:25: [SM]   [2] Line 145, /home/groups/sourcemod/upload_tmp/phpRYtiXm.sp::OnClientAuthorized
L 10/21/2020 - 17:10:47: Error log file session closed.
L 10/21/2020 - 17:10:47: SourceMod error session started
L 10/21/2020 - 17:10:47: Info (map "de_bank") (file "/home/tcagame/jackm1/527/csgo/addons/sourcemod/logs/errors_20201021.log")
L 10/21/2020 - 17:10:47: [SM] Fatal error encountered parsing translation file "advadmin.phrases.txt"
L 10/21/2020 - 17:10:47: [SM] Error (line 0, column 0): Stream failed to open
L 10/21/2020 - 17:11:22: [SM] Exception reported: Array index out-of-bounds (index 64, limit 55)
L 10/21/2020 - 17:11:22: [SM] Blaming: weapon_restrict.smx
L 10/21/2020 - 17:11:22: [SM] Call stack trace:
L 10/21/2020 - 17:11:22: [SM]   [1] Line 202, restrictinc/events.sp::CS_OnBuyCommand
L 10/21/2020 - 17:12:30: [SM] Exception reported: Array index out-of-bounds (index 64, limit 55)
L 10/21/2020 - 17:12:30: [SM] Blaming: weapon_restrict.smx
L 10/21/2020 - 17:12:30: [SM] Call stack trace:
L 10/21/2020 - 17:12:30: [SM]   [1] Line 202, restrictinc/events.sp::CS_OnBuyCommand
L 10/21/2020 - 17:12:43: [SM] Exception reported: Array index out-of-bounds (index 64, limit 55)
L 10/21/2020 - 17:12:43: [SM] Blaming: weapon_restrict.smx
L 10/21/2020 - 17:12:43: [SM] Call stack trace:
L 10/21/2020 - 17:12:43: [SM]   [1] Line 202, restrictinc/events.sp::CS_OnBuyCommand
L 10/21/2020 - 17:14:59: [SM] Exception reported: Array index out-of-bounds (index 64, limit 55)
L 10/21/2020 - 17:14:59: [SM] Blaming: weapon_restrict.smx
L 10/21/2020 - 17:14:59: [SM] Call stack trace:
L 10/21/2020 - 17:14:59: [SM]   [1] Line 202, restrictinc/events.sp::CS_OnBuyCommand
L 10/21/2020 - 17:17:16: [SM] Exception reported: Array index out-of-bounds (index 64, limit 55)
L 10/21/2020 - 17:17:16: [SM] Blaming: weapon_restrict.smx
L 10/21/2020 - 17:17:16: [SM] Call stack trace:
L 10/21/2020 - 17:17:16: [SM]   [1] Line 202, restrictinc/events.sp::CS_OnBuyCommand
L 10/21/2020 - 17:19:33: [SM] Exception reported: Array index out-of-bounds (index 64, limit 55)
L 10/21/2020 - 17:19:33: [SM] Blaming: weapon_restrict.smx
L 10/21/2020 - 17:19:33: [SM] Call stack trace:
L 10/21/2020 - 17:19:33: [SM]   [1] Line 202, restrictinc/events.sp::CS_OnBuyCommand
L 10/21/2020 - 17:20:50: [SM] Exception reported: Array index out-of-bounds (index 64, limit 55)
L 10/21/2020 - 17:20:50: [SM] Blaming: weapon_restrict.smx
L 10/21/2020 - 17:20:50: [SM] Call stack trace:
L 10/21/2020 - 17:20:50: [SM]   [1] Line 202, restrictinc/events.sp::CS_OnBuyCommand
L 10/21/2020 - 17:21:03: [SM] Exception reported: Array index out-of-bounds (index 64, limit 55)
L 10/21/2020 - 17:21:03: [SM] Blaming: weapon_restrict.smx
L 10/21/2020 - 17:21:03: [SM] Call stack trace:
L 10/21/2020 - 17:21:03: [SM]   [1] Line 202, restrictinc/events.sp::CS_OnBuyCommand
L 10/21/2020 - 17:21:31: [SM] Exception reported: Array index out-of-bounds (index 64, limit 55)
L 10/21/2020 - 17:21:31: [SM] Blaming: weapon_restrict.smx
L 10/21/2020 - 17:21:31: [SM] Call stack trace:
L 10/21/2020 - 17:21:31: [SM]   [1] Line 202, restrictinc/events.sp::CS_OnBuyCommand
L 10/21/2020 - 17:23:48: [SM] Exception reported: Array index out-of-bounds (index 64, limit 55)
L 10/21/2020 - 17:23:48: [SM] Blaming: weapon_restrict.smx
L 10/21/2020 - 17:23:48: [SM] Call stack trace:
L 10/21/2020 - 17:23:48: [SM]   [1] Line 202, restrictinc/events.sp::CS_OnBuyCommand
L 10/21/2020 - 17:26:05: [SM] Exception reported: Array index out-of-bounds (index 64, limit 55)
L 10/21/2020 - 17:26:05: [SM] Blaming: weapon_restrict.smx
L 10/21/2020 - 17:26:05: [SM] Call stack trace:
L 10/21/2020 - 17:26:05: [SM]   [1] Line 202, restrictinc/events.sp::CS_OnBuyCommand
L 10/21/2020 - 17:28:22: [SM] Exception reported: Array index out-of-bounds (index 64, limit 55)
L 10/21/2020 - 17:28:22: [SM] Blaming: weapon_restrict.smx
L 10/21/2020 - 17:28:22: [SM] Call stack trace:
L 10/21/2020 - 17:28:22: [SM]   [1] Line 202, restrictinc/events.sp::CS_OnBuyCommand
L 10/21/2020 - 17:29:39: [SM] Exception reported: Array index out-of-bounds (index 64, limit 55)
L 10/21/2020 - 17:29:39: [SM] Blaming: weapon_restrict.smx
L 10/21/2020 - 17:29:39: [SM] Call stack trace:
L 10/21/2020 - 17:29:39: [SM]   [1] Line 202, restrictinc/events.sp::CS_OnBuyCommand
L 10/21/2020 - 17:31:56: [SM] Exception reported: Array index out-of-bounds (index 64, limit 55)
L 10/21/2020 - 17:31:56: [SM] Blaming: weapon_restrict.smx
L 10/21/2020 - 17:31:56: [SM] Call stack trace:
L 10/21/2020 - 17:31:56: [SM]   [1] Line 202, restrictinc/events.sp::CS_OnBuyCommand
L 10/22/2020 - 16:19:46: Error log file session closed.
