L 12/19/2020 - 04:37:02: SourceMod error session started
L 12/19/2020 - 04:37:02: Info (map "de_mirage") (file "/home/tcagame/jackm1/527/csgo/addons/sourcemod/logs/errors_20201219.log")
L 12/19/2020 - 04:37:02: [SM] Fatal error encountered parsing translation file "advadmin.phrases.txt"
L 12/19/2020 - 04:37:02: [SM] Error (line 0, column 0): Stream failed to open
L 12/19/2020 - 04:37:40: [SM] Exception reported: Array index out-of-bounds (index 64, limit 55)
L 12/19/2020 - 04:37:40: [SM] Blaming: weapon_restrict.smx
L 12/19/2020 - 04:37:40: [SM] Call stack trace:
L 12/19/2020 - 04:37:40: [SM]   [1] Line 202, restrictinc/events.sp::CS_OnBuyCommand
L 12/19/2020 - 04:38:39: [SM] Exception reported: Array index out-of-bounds (index 64, limit 55)
L 12/19/2020 - 04:38:39: [SM] Blaming: weapon_restrict.smx
L 12/19/2020 - 04:38:39: [SM] Call stack trace:
L 12/19/2020 - 04:38:39: [SM]   [1] Line 202, restrictinc/events.sp::CS_OnBuyCommand
L 12/19/2020 - 04:39:02: [SM] Exception reported: Language phrase "Player_Connected_From" not found (arg 3)
L 12/19/2020 - 04:39:02: [SM] Blaming: advadmin.smx
L 12/19/2020 - 04:39:02: [SM] Call stack trace:
L 12/19/2020 - 04:39:02: [SM]   [0] VFormat
L 12/19/2020 - 04:39:02: [SM]   [1] Line 386, /groups/sourcemod/compiler-1.10/include/halflife.inc::PrintToChatAll
L 12/19/2020 - 04:39:02: [SM]   [2] Line 141, /home/groups/sourcemod/upload_tmp/phpRYtiXm.sp::OnClientAuthorized
L 12/19/2020 - 04:39:25: [SM] Exception reported: Array index out-of-bounds (index 64, limit 55)
L 12/19/2020 - 04:39:25: [SM] Blaming: weapon_restrict.smx
L 12/19/2020 - 04:39:25: [SM] Call stack trace:
L 12/19/2020 - 04:39:25: [SM]   [1] Line 202, restrictinc/events.sp::CS_OnBuyCommand
L 12/19/2020 - 04:40:27: [SM] Exception reported: Language phrase "Player_Connected_From" not found (arg 3)
L 12/19/2020 - 04:40:27: [SM] Blaming: advadmin.smx
L 12/19/2020 - 04:40:27: [SM] Call stack trace:
L 12/19/2020 - 04:40:27: [SM]   [0] VFormat
L 12/19/2020 - 04:40:27: [SM]   [1] Line 386, /groups/sourcemod/compiler-1.10/include/halflife.inc::PrintToChatAll
L 12/19/2020 - 04:40:27: [SM]   [2] Line 141, /home/groups/sourcemod/upload_tmp/phpRYtiXm.sp::OnClientAuthorized
L 12/19/2020 - 04:41:27: [SM] Exception reported: Array index out-of-bounds (index 64, limit 55)
L 12/19/2020 - 04:41:27: [SM] Blaming: weapon_restrict.smx
L 12/19/2020 - 04:41:27: [SM] Call stack trace:
L 12/19/2020 - 04:41:27: [SM]   [1] Line 202, restrictinc/events.sp::CS_OnBuyCommand
L 12/19/2020 - 04:42:46: Error log file session closed.
L 12/19/2020 - 04:42:46: SourceMod error session started
L 12/19/2020 - 04:42:46: Info (map "de_train") (file "/home/tcagame/jackm1/527/csgo/addons/sourcemod/logs/errors_20201219.log")
L 12/19/2020 - 04:42:46: [SM] Fatal error encountered parsing translation file "advadmin.phrases.txt"
L 12/19/2020 - 04:42:46: [SM] Error (line 0, column 0): Stream failed to open
L 12/19/2020 - 04:43:24: [SM] Exception reported: Array index out-of-bounds (index 64, limit 55)
L 12/19/2020 - 04:43:24: [SM] Blaming: weapon_restrict.smx
L 12/19/2020 - 04:43:24: [SM] Call stack trace:
L 12/19/2020 - 04:43:24: [SM]   [1] Line 202, restrictinc/events.sp::CS_OnBuyCommand
L 12/19/2020 - 04:45:56: Error log file session closed.
L 12/19/2020 - 04:45:56: SourceMod error session started
L 12/19/2020 - 04:45:56: Info (map "de_lake") (file "/home/tcagame/jackm1/527/csgo/addons/sourcemod/logs/errors_20201219.log")
L 12/19/2020 - 04:45:56: [SM] Fatal error encountered parsing translation file "advadmin.phrases.txt"
L 12/19/2020 - 04:45:56: [SM] Error (line 0, column 0): Stream failed to open
L 12/19/2020 - 04:48:01: [SM] Exception reported: Array index out-of-bounds (index 64, limit 55)
L 12/19/2020 - 04:48:01: [SM] Blaming: weapon_restrict.smx
L 12/19/2020 - 04:48:01: [SM] Call stack trace:
L 12/19/2020 - 04:48:01: [SM]   [1] Line 202, restrictinc/events.sp::CS_OnBuyCommand
L 12/19/2020 - 04:48:13: [SM] Exception reported: Array index out-of-bounds (index 64, limit 55)
L 12/19/2020 - 04:48:13: [SM] Blaming: weapon_restrict.smx
L 12/19/2020 - 04:48:13: [SM] Call stack trace:
L 12/19/2020 - 04:48:13: [SM]   [1] Line 202, restrictinc/events.sp::CS_OnBuyCommand
L 12/19/2020 - 04:50:15: Error log file session closed.
L 12/19/2020 - 04:50:15: SourceMod error session started
L 12/19/2020 - 04:50:15: Info (map "de_overpass") (file "/home/tcagame/jackm1/527/csgo/addons/sourcemod/logs/errors_20201219.log")
L 12/19/2020 - 04:50:15: [SM] Fatal error encountered parsing translation file "advadmin.phrases.txt"
L 12/19/2020 - 04:50:15: [SM] Error (line 0, column 0): Stream failed to open
L 12/19/2020 - 04:50:54: [SM] Exception reported: Array index out-of-bounds (index 64, limit 55)
L 12/19/2020 - 04:50:54: [SM] Blaming: weapon_restrict.smx
L 12/19/2020 - 04:50:54: [SM] Call stack trace:
L 12/19/2020 - 04:50:54: [SM]   [1] Line 202, restrictinc/events.sp::CS_OnBuyCommand
L 12/19/2020 - 04:51:25: [SM] Exception reported: Array index out-of-bounds (index 64, limit 55)
L 12/19/2020 - 04:51:25: [SM] Blaming: weapon_restrict.smx
L 12/19/2020 - 04:51:25: [SM] Call stack trace:
L 12/19/2020 - 04:51:25: [SM]   [1] Line 202, restrictinc/events.sp::CS_OnBuyCommand
L 12/19/2020 - 04:51:38: [SM] Exception reported: Array index out-of-bounds (index 64, limit 55)
L 12/19/2020 - 04:51:38: [SM] Blaming: weapon_restrict.smx
L 12/19/2020 - 04:51:38: [SM] Call stack trace:
L 12/19/2020 - 04:51:38: [SM]   [1] Line 202, restrictinc/events.sp::CS_OnBuyCommand
L 12/19/2020 - 04:53:24: [SM] Exception reported: Array index out-of-bounds (index 64, limit 55)
L 12/19/2020 - 04:53:24: [SM] Blaming: weapon_restrict.smx
L 12/19/2020 - 04:53:24: [SM] Call stack trace:
L 12/19/2020 - 04:53:24: [SM]   [1] Line 202, restrictinc/events.sp::CS_OnBuyCommand
L 12/19/2020 - 04:54:19: [SM] Exception reported: Array index out-of-bounds (index 64, limit 55)
L 12/19/2020 - 04:54:19: [SM] Blaming: weapon_restrict.smx
L 12/19/2020 - 04:54:19: [SM] Call stack trace:
L 12/19/2020 - 04:54:19: [SM]   [1] Line 202, restrictinc/events.sp::CS_OnBuyCommand
L 12/19/2020 - 04:55:24: [SM] Exception reported: Array index out-of-bounds (index 64, limit 55)
L 12/19/2020 - 04:55:24: [SM] Blaming: weapon_restrict.smx
L 12/19/2020 - 04:55:24: [SM] Call stack trace:
L 12/19/2020 - 04:55:24: [SM]   [1] Line 202, restrictinc/events.sp::CS_OnBuyCommand
L 12/19/2020 - 04:56:07: [SM] Exception reported: Array index out-of-bounds (index 63, limit 55)
L 12/19/2020 - 04:56:07: [SM] Blaming: weapon_restrict.smx
L 12/19/2020 - 04:56:07: [SM] Call stack trace:
L 12/19/2020 - 04:56:07: [SM]   [1] Line 202, restrictinc/events.sp::CS_OnBuyCommand
L 12/19/2020 - 04:57:06: [SM] Exception reported: Array index out-of-bounds (index 64, limit 55)
L 12/19/2020 - 04:57:06: [SM] Blaming: weapon_restrict.smx
L 12/19/2020 - 04:57:06: [SM] Call stack trace:
L 12/19/2020 - 04:57:06: [SM]   [1] Line 202, restrictinc/events.sp::CS_OnBuyCommand
L 12/19/2020 - 04:57:11: [SM] Exception reported: Array index out-of-bounds (index 64, limit 55)
L 12/19/2020 - 04:57:11: [SM] Blaming: weapon_restrict.smx
L 12/19/2020 - 04:57:11: [SM] Call stack trace:
L 12/19/2020 - 04:57:11: [SM]   [1] Line 202, restrictinc/events.sp::CS_OnBuyCommand
L 12/19/2020 - 04:59:17: [SM] Exception reported: Array index out-of-bounds (index 64, limit 55)
L 12/19/2020 - 04:59:17: [SM] Blaming: weapon_restrict.smx
L 12/19/2020 - 04:59:17: [SM] Call stack trace:
L 12/19/2020 - 04:59:17: [SM]   [1] Line 202, restrictinc/events.sp::CS_OnBuyCommand
L 12/19/2020 - 05:03:52: [SM] Exception reported: Array index out-of-bounds (index 64, limit 55)
L 12/19/2020 - 05:03:52: [SM] Blaming: weapon_restrict.smx
L 12/19/2020 - 05:03:52: [SM] Call stack trace:
L 12/19/2020 - 05:03:52: [SM]   [1] Line 202, restrictinc/events.sp::CS_OnBuyCommand
L 12/19/2020 - 05:05:32: [SM] Exception reported: Array index out-of-bounds (index 64, limit 55)
L 12/19/2020 - 05:05:32: [SM] Blaming: weapon_restrict.smx
L 12/19/2020 - 05:05:32: [SM] Call stack trace:
L 12/19/2020 - 05:05:32: [SM]   [1] Line 202, restrictinc/events.sp::CS_OnBuyCommand
L 12/19/2020 - 05:06:52: [SM] Exception reported: Array index out-of-bounds (index 64, limit 55)
L 12/19/2020 - 05:06:52: [SM] Blaming: weapon_restrict.smx
L 12/19/2020 - 05:06:52: [SM] Call stack trace:
L 12/19/2020 - 05:06:52: [SM]   [1] Line 202, restrictinc/events.sp::CS_OnBuyCommand
L 12/19/2020 - 05:08:08: [SM] Exception reported: Array index out-of-bounds (index 64, limit 55)
L 12/19/2020 - 05:08:08: [SM] Blaming: weapon_restrict.smx
L 12/19/2020 - 05:08:08: [SM] Call stack trace:
L 12/19/2020 - 05:08:08: [SM]   [1] Line 202, restrictinc/events.sp::CS_OnBuyCommand
L 12/19/2020 - 05:08:08: [SM] Exception reported: Array index out-of-bounds (index 63, limit 55)
L 12/19/2020 - 05:08:08: [SM] Blaming: weapon_restrict.smx
L 12/19/2020 - 05:08:08: [SM] Call stack trace:
L 12/19/2020 - 05:08:08: [SM]   [1] Line 202, restrictinc/events.sp::CS_OnBuyCommand
L 12/19/2020 - 05:08:13: [SM] Exception reported: Array index out-of-bounds (index 63, limit 55)
L 12/19/2020 - 05:08:13: [SM] Blaming: weapon_restrict.smx
L 12/19/2020 - 05:08:13: [SM] Call stack trace:
L 12/19/2020 - 05:08:13: [SM]   [1] Line 202, restrictinc/events.sp::CS_OnBuyCommand
L 12/19/2020 - 05:09:17: [SM] Exception reported: Array index out-of-bounds (index 64, limit 55)
L 12/19/2020 - 05:09:17: [SM] Blaming: weapon_restrict.smx
L 12/19/2020 - 05:09:17: [SM] Call stack trace:
L 12/19/2020 - 05:09:17: [SM]   [1] Line 202, restrictinc/events.sp::CS_OnBuyCommand
L 12/19/2020 - 05:09:23: [SM] Exception reported: Array index out-of-bounds (index 64, limit 55)
L 12/19/2020 - 05:09:23: [SM] Blaming: weapon_restrict.smx
L 12/19/2020 - 05:09:23: [SM] Call stack trace:
L 12/19/2020 - 05:09:23: [SM]   [1] Line 202, restrictinc/events.sp::CS_OnBuyCommand
L 12/19/2020 - 05:10:28: [SM] Exception reported: Array index out-of-bounds (index 64, limit 55)
L 12/19/2020 - 05:10:28: [SM] Blaming: weapon_restrict.smx
L 12/19/2020 - 05:10:28: [SM] Call stack trace:
L 12/19/2020 - 05:10:28: [SM]   [1] Line 202, restrictinc/events.sp::CS_OnBuyCommand
L 12/19/2020 - 05:10:32: [SM] Exception reported: Array index out-of-bounds (index 64, limit 55)
L 12/19/2020 - 05:10:32: [SM] Blaming: weapon_restrict.smx
L 12/19/2020 - 05:10:32: [SM] Call stack trace:
L 12/19/2020 - 05:10:32: [SM]   [1] Line 202, restrictinc/events.sp::CS_OnBuyCommand
L 12/19/2020 - 05:11:40: [SM] Exception reported: Array index out-of-bounds (index 64, limit 55)
L 12/19/2020 - 05:11:40: [SM] Blaming: weapon_restrict.smx
L 12/19/2020 - 05:11:40: [SM] Call stack trace:
L 12/19/2020 - 05:11:40: [SM]   [1] Line 202, restrictinc/events.sp::CS_OnBuyCommand
L 12/19/2020 - 05:11:43: [SM] Exception reported: Array index out-of-bounds (index 64, limit 55)
L 12/19/2020 - 05:11:43: [SM] Blaming: weapon_restrict.smx
L 12/19/2020 - 05:11:43: [SM] Call stack trace:
L 12/19/2020 - 05:11:43: [SM]   [1] Line 202, restrictinc/events.sp::CS_OnBuyCommand
L 12/19/2020 - 05:12:57: [SM] Exception reported: Array index out-of-bounds (index 64, limit 55)
L 12/19/2020 - 05:12:57: [SM] Blaming: weapon_restrict.smx
L 12/19/2020 - 05:12:57: [SM] Call stack trace:
L 12/19/2020 - 05:12:57: [SM]   [1] Line 202, restrictinc/events.sp::CS_OnBuyCommand
L 12/19/2020 - 05:13:28: [SM] Exception reported: Array index out-of-bounds (index 64, limit 55)
L 12/19/2020 - 05:13:28: [SM] Blaming: weapon_restrict.smx
L 12/19/2020 - 05:13:28: [SM] Call stack trace:
L 12/19/2020 - 05:13:28: [SM]   [1] Line 202, restrictinc/events.sp::CS_OnBuyCommand
L 12/19/2020 - 05:14:14: [SM] Exception reported: Array index out-of-bounds (index 64, limit 55)
L 12/19/2020 - 05:14:14: [SM] Blaming: weapon_restrict.smx
L 12/19/2020 - 05:14:14: [SM] Call stack trace:
L 12/19/2020 - 05:14:14: [SM]   [1] Line 202, restrictinc/events.sp::CS_OnBuyCommand
L 12/19/2020 - 05:15:40: [SM] Exception reported: Array index out-of-bounds (index 63, limit 55)
L 12/19/2020 - 05:15:40: [SM] Blaming: weapon_restrict.smx
L 12/19/2020 - 05:15:40: [SM] Call stack trace:
L 12/19/2020 - 05:15:40: [SM]   [1] Line 202, restrictinc/events.sp::CS_OnBuyCommand
L 12/19/2020 - 05:16:32: [SM] Exception reported: Array index out-of-bounds (index 64, limit 55)
L 12/19/2020 - 05:16:32: [SM] Blaming: weapon_restrict.smx
L 12/19/2020 - 05:16:32: [SM] Call stack trace:
L 12/19/2020 - 05:16:32: [SM]   [1] Line 202, restrictinc/events.sp::CS_OnBuyCommand
L 12/19/2020 - 05:17:01: [SM] Exception reported: Array index out-of-bounds (index 64, limit 55)
L 12/19/2020 - 05:17:01: [SM] Blaming: weapon_restrict.smx
L 12/19/2020 - 05:17:01: [SM] Call stack trace:
L 12/19/2020 - 05:17:01: [SM]   [1] Line 202, restrictinc/events.sp::CS_OnBuyCommand
L 12/19/2020 - 05:17:57: [SM] Exception reported: Array index out-of-bounds (index 64, limit 55)
L 12/19/2020 - 05:17:57: [SM] Blaming: weapon_restrict.smx
L 12/19/2020 - 05:17:57: [SM] Call stack trace:
L 12/19/2020 - 05:17:57: [SM]   [1] Line 202, restrictinc/events.sp::CS_OnBuyCommand
L 12/19/2020 - 05:18:36: [SM] Exception reported: Array index out-of-bounds (index 64, limit 55)
L 12/19/2020 - 05:18:36: [SM] Blaming: weapon_restrict.smx
L 12/19/2020 - 05:18:36: [SM] Call stack trace:
L 12/19/2020 - 05:18:36: [SM]   [1] Line 202, restrictinc/events.sp::CS_OnBuyCommand
L 12/19/2020 - 05:19:38: [SM] Exception reported: Array index out-of-bounds (index 64, limit 55)
L 12/19/2020 - 05:19:38: [SM] Blaming: weapon_restrict.smx
L 12/19/2020 - 05:19:38: [SM] Call stack trace:
L 12/19/2020 - 05:19:38: [SM]   [1] Line 202, restrictinc/events.sp::CS_OnBuyCommand
L 12/19/2020 - 05:19:41: [SM] Exception reported: Array index out-of-bounds (index 64, limit 55)
L 12/19/2020 - 05:19:41: [SM] Blaming: weapon_restrict.smx
L 12/19/2020 - 05:19:41: [SM] Call stack trace:
L 12/19/2020 - 05:19:41: [SM]   [1] Line 202, restrictinc/events.sp::CS_OnBuyCommand
L 12/19/2020 - 05:27:17: Error log file session closed.
L 12/19/2020 - 05:27:17: SourceMod error session started
L 12/19/2020 - 05:27:17: Info (map "de_overpass") (file "/home/tcagame/jackm1/527/csgo/addons/sourcemod/logs/errors_20201219.log")
L 12/19/2020 - 05:27:17: [SM] Fatal error encountered parsing translation file "advadmin.phrases.txt"
L 12/19/2020 - 05:27:17: [SM] Error (line 0, column 0): Stream failed to open
L 12/19/2020 - 05:27:41: [SM] Exception reported: Array index out-of-bounds (index 64, limit 55)
L 12/19/2020 - 05:27:41: [SM] Blaming: weapon_restrict.smx
L 12/19/2020 - 05:27:41: [SM] Call stack trace:
L 12/19/2020 - 05:27:41: [SM]   [1] Line 202, restrictinc/events.sp::CS_OnBuyCommand
L 12/19/2020 - 05:47:02: [SM] Exception reported: Language phrase "Player_Connected_From" not found (arg 3)
L 12/19/2020 - 05:47:02: [SM] Blaming: advadmin.smx
L 12/19/2020 - 05:47:02: [SM] Call stack trace:
L 12/19/2020 - 05:47:02: [SM]   [0] VFormat
L 12/19/2020 - 05:47:02: [SM]   [1] Line 386, /groups/sourcemod/compiler-1.10/include/halflife.inc::PrintToChatAll
L 12/19/2020 - 05:47:02: [SM]   [2] Line 141, /home/groups/sourcemod/upload_tmp/phpRYtiXm.sp::OnClientAuthorized
L 12/19/2020 - 06:22:47: Error log file session closed.
L 12/19/2020 - 06:22:47: SourceMod error session started
L 12/19/2020 - 06:22:47: Info (map "de_overpass") (file "/home/tcagame/jackm1/527/csgo/addons/sourcemod/logs/errors_20201219.log")
L 12/19/2020 - 06:22:47: [SM] Fatal error encountered parsing translation file "advadmin.phrases.txt"
L 12/19/2020 - 06:22:47: [SM] Error (line 0, column 0): Stream failed to open
L 12/19/2020 - 06:28:47: [SM] Exception reported: Language phrase "Player_Connected_From" not found (arg 3)
L 12/19/2020 - 06:28:47: [SM] Blaming: advadmin.smx
L 12/19/2020 - 06:28:47: [SM] Call stack trace:
L 12/19/2020 - 06:28:47: [SM]   [0] VFormat
L 12/19/2020 - 06:28:47: [SM]   [1] Line 386, /groups/sourcemod/compiler-1.10/include/halflife.inc::PrintToChatAll
L 12/19/2020 - 06:28:47: [SM]   [2] Line 141, /home/groups/sourcemod/upload_tmp/phpRYtiXm.sp::OnClientAuthorized
L 12/19/2020 - 06:30:16: [SM] Exception reported: Language phrase "Player_Connected_From" not found (arg 3)
L 12/19/2020 - 06:30:16: [SM] Blaming: advadmin.smx
L 12/19/2020 - 06:30:16: [SM] Call stack trace:
L 12/19/2020 - 06:30:16: [SM]   [0] VFormat
L 12/19/2020 - 06:30:16: [SM]   [1] Line 386, /groups/sourcemod/compiler-1.10/include/halflife.inc::PrintToChatAll
L 12/19/2020 - 06:30:16: [SM]   [2] Line 141, /home/groups/sourcemod/upload_tmp/phpRYtiXm.sp::OnClientAuthorized
L 12/19/2020 - 06:32:46: [SM] Exception reported: Translation failed: invalid client index -1 (arg 5)
L 12/19/2020 - 06:32:46: [SM] Blaming: pugsetup.smx
L 12/19/2020 - 06:32:46: [SM] Call stack trace:
L 12/19/2020 - 06:32:46: [SM]   [0] Menu.SetTitle
L 12/19/2020 - 06:32:46: [SM]   [1] Line 20, ./scripting/pugsetup/mapveto.sp::GiveVetoMenu
L 12/19/2020 - 06:32:46: [SM]   [2] Line 63, ./scripting/pugsetup/mapveto.sp::VetoHandler
L 12/19/2020 - 06:33:46: [SM] Exception reported: Translation failed: invalid client index -1 (arg 5)
L 12/19/2020 - 06:33:46: [SM] Blaming: pugsetup.smx
L 12/19/2020 - 06:33:46: [SM] Call stack trace:
L 12/19/2020 - 06:33:46: [SM]   [0] Menu.SetTitle
L 12/19/2020 - 06:33:46: [SM]   [1] Line 20, ./scripting/pugsetup/mapveto.sp::GiveVetoMenu
L 12/19/2020 - 06:33:46: [SM]   [2] Line 63, ./scripting/pugsetup/mapveto.sp::VetoHandler
L 12/19/2020 - 06:34:38: Error log file session closed.
L 12/19/2020 - 06:34:38: SourceMod error session started
L 12/19/2020 - 06:34:38: Info (map "de_bank") (file "/home/tcagame/jackm1/527/csgo/addons/sourcemod/logs/errors_20201219.log")
L 12/19/2020 - 06:34:38: [SM] Fatal error encountered parsing translation file "advadmin.phrases.txt"
L 12/19/2020 - 06:34:38: [SM] Error (line 0, column 0): Stream failed to open
L 12/19/2020 - 06:37:56: [SM] Exception reported: Language phrase "Player_Connected" not found (arg 3)
L 12/19/2020 - 06:37:56: [SM] Blaming: advadmin.smx
L 12/19/2020 - 06:37:56: [SM] Call stack trace:
L 12/19/2020 - 06:37:56: [SM]   [0] VFormat
L 12/19/2020 - 06:37:56: [SM]   [1] Line 386, /groups/sourcemod/compiler-1.10/include/halflife.inc::PrintToChatAll
L 12/19/2020 - 06:37:56: [SM]   [2] Line 145, /home/groups/sourcemod/upload_tmp/phpRYtiXm.sp::OnClientAuthorized
L 12/19/2020 - 06:38:07: [SM] Exception reported: Language phrase "Player_Connected_From" not found (arg 3)
L 12/19/2020 - 06:38:07: [SM] Blaming: advadmin.smx
L 12/19/2020 - 06:38:07: [SM] Call stack trace:
L 12/19/2020 - 06:38:07: [SM]   [0] VFormat
L 12/19/2020 - 06:38:07: [SM]   [1] Line 386, /groups/sourcemod/compiler-1.10/include/halflife.inc::PrintToChatAll
L 12/19/2020 - 06:38:07: [SM]   [2] Line 141, /home/groups/sourcemod/upload_tmp/phpRYtiXm.sp::OnClientAuthorized
L 12/19/2020 - 06:38:09: [SM] Exception reported: Language phrase "Player_Connected_From" not found (arg 3)
L 12/19/2020 - 06:38:09: [SM] Blaming: advadmin.smx
L 12/19/2020 - 06:38:09: [SM] Call stack trace:
L 12/19/2020 - 06:38:09: [SM]   [0] VFormat
L 12/19/2020 - 06:38:09: [SM]   [1] Line 386, /groups/sourcemod/compiler-1.10/include/halflife.inc::PrintToChatAll
L 12/19/2020 - 06:38:09: [SM]   [2] Line 141, /home/groups/sourcemod/upload_tmp/phpRYtiXm.sp::OnClientAuthorized
L 12/19/2020 - 06:38:58: [SM] Exception reported: Language phrase "Player_Connected_From" not found (arg 3)
L 12/19/2020 - 06:38:58: [SM] Blaming: advadmin.smx
L 12/19/2020 - 06:38:58: [SM] Call stack trace:
L 12/19/2020 - 06:38:58: [SM]   [0] VFormat
L 12/19/2020 - 06:38:58: [SM]   [1] Line 386, /groups/sourcemod/compiler-1.10/include/halflife.inc::PrintToChatAll
L 12/19/2020 - 06:38:58: [SM]   [2] Line 141, /home/groups/sourcemod/upload_tmp/phpRYtiXm.sp::OnClientAuthorized
L 12/19/2020 - 06:40:10: [SM] Exception reported: Array index out-of-bounds (index 64, limit 55)
L 12/19/2020 - 06:40:10: [SM] Blaming: weapon_restrict.smx
L 12/19/2020 - 06:40:10: [SM] Call stack trace:
L 12/19/2020 - 06:40:10: [SM]   [1] Line 202, restrictinc/events.sp::CS_OnBuyCommand
L 12/19/2020 - 06:40:10: [SM] Exception reported: Array index out-of-bounds (index 64, limit 55)
L 12/19/2020 - 06:40:10: [SM] Blaming: weapon_restrict.smx
L 12/19/2020 - 06:40:10: [SM] Call stack trace:
L 12/19/2020 - 06:40:10: [SM]   [1] Line 202, restrictinc/events.sp::CS_OnBuyCommand
L 12/19/2020 - 06:40:11: [SM] Exception reported: Array index out-of-bounds (index 64, limit 55)
L 12/19/2020 - 06:40:11: [SM] Blaming: weapon_restrict.smx
L 12/19/2020 - 06:40:11: [SM] Call stack trace:
L 12/19/2020 - 06:40:11: [SM]   [1] Line 202, restrictinc/events.sp::CS_OnBuyCommand
L 12/19/2020 - 06:40:11: [SM] Exception reported: Array index out-of-bounds (index 64, limit 55)
L 12/19/2020 - 06:40:11: [SM] Blaming: weapon_restrict.smx
L 12/19/2020 - 06:40:11: [SM] Call stack trace:
L 12/19/2020 - 06:40:11: [SM]   [1] Line 202, restrictinc/events.sp::CS_OnBuyCommand
L 12/19/2020 - 06:47:47: Error log file session closed.
L 12/19/2020 - 06:47:47: SourceMod error session started
L 12/19/2020 - 06:47:47: Info (map "cs_militia") (file "/home/tcagame/jackm1/527/csgo/addons/sourcemod/logs/errors_20201219.log")
L 12/19/2020 - 06:47:47: [SM] Fatal error encountered parsing translation file "advadmin.phrases.txt"
L 12/19/2020 - 06:47:47: [SM] Error (line 0, column 0): Stream failed to open
L 12/19/2020 - 06:48:05: [SM] Exception reported: Language phrase "Player_Connected" not found (arg 3)
L 12/19/2020 - 06:48:05: [SM] Blaming: advadmin.smx
L 12/19/2020 - 06:48:05: [SM] Call stack trace:
L 12/19/2020 - 06:48:05: [SM]   [0] VFormat
L 12/19/2020 - 06:48:05: [SM]   [1] Line 386, /groups/sourcemod/compiler-1.10/include/halflife.inc::PrintToChatAll
L 12/19/2020 - 06:48:05: [SM]   [2] Line 145, /home/groups/sourcemod/upload_tmp/phpRYtiXm.sp::OnClientAuthorized
L 12/19/2020 - 06:50:47: [SM] Exception reported: Array index out-of-bounds (index 64, limit 55)
L 12/19/2020 - 06:50:47: [SM] Blaming: weapon_restrict.smx
L 12/19/2020 - 06:50:47: [SM] Call stack trace:
L 12/19/2020 - 06:50:47: [SM]   [1] Line 202, restrictinc/events.sp::CS_OnBuyCommand
L 12/19/2020 - 06:50:47: [SM] Exception reported: Array index out-of-bounds (index 64, limit 55)
L 12/19/2020 - 06:50:47: [SM] Blaming: weapon_restrict.smx
L 12/19/2020 - 06:50:47: [SM] Call stack trace:
L 12/19/2020 - 06:50:47: [SM]   [1] Line 202, restrictinc/events.sp::CS_OnBuyCommand
L 12/19/2020 - 06:50:57: [SM] Exception reported: Array index out-of-bounds (index 64, limit 55)
L 12/19/2020 - 06:50:57: [SM] Blaming: weapon_restrict.smx
L 12/19/2020 - 06:50:57: [SM] Call stack trace:
L 12/19/2020 - 06:50:57: [SM]   [1] Line 202, restrictinc/events.sp::CS_OnBuyCommand
L 12/19/2020 - 06:50:58: [SM] Exception reported: Array index out-of-bounds (index 64, limit 55)
L 12/19/2020 - 06:50:58: [SM] Blaming: weapon_restrict.smx
L 12/19/2020 - 06:50:58: [SM] Call stack trace:
L 12/19/2020 - 06:50:58: [SM]   [1] Line 202, restrictinc/events.sp::CS_OnBuyCommand
L 12/19/2020 - 06:51:00: [SM] Exception reported: Array index out-of-bounds (index 64, limit 55)
L 12/19/2020 - 06:51:00: [SM] Blaming: weapon_restrict.smx
L 12/19/2020 - 06:51:00: [SM] Call stack trace:
L 12/19/2020 - 06:51:00: [SM]   [1] Line 202, restrictinc/events.sp::CS_OnBuyCommand
L 12/19/2020 - 06:51:05: [SM] Exception reported: Array index out-of-bounds (index 64, limit 55)
L 12/19/2020 - 06:51:05: [SM] Blaming: weapon_restrict.smx
L 12/19/2020 - 06:51:05: [SM] Call stack trace:
L 12/19/2020 - 06:51:05: [SM]   [1] Line 202, restrictinc/events.sp::CS_OnBuyCommand
L 12/19/2020 - 06:51:44: [SM] Exception reported: Array index out-of-bounds (index 64, limit 55)
L 12/19/2020 - 06:51:44: [SM] Blaming: weapon_restrict.smx
L 12/19/2020 - 06:51:44: [SM] Call stack trace:
L 12/19/2020 - 06:51:44: [SM]   [1] Line 202, restrictinc/events.sp::CS_OnBuyCommand
L 12/19/2020 - 06:51:45: [SM] Exception reported: Array index out-of-bounds (index 64, limit 55)
L 12/19/2020 - 06:51:45: [SM] Blaming: weapon_restrict.smx
L 12/19/2020 - 06:51:45: [SM] Call stack trace:
L 12/19/2020 - 06:51:45: [SM]   [1] Line 202, restrictinc/events.sp::CS_OnBuyCommand
L 12/19/2020 - 06:52:32: [SM] Exception reported: Array index out-of-bounds (index 64, limit 55)
L 12/19/2020 - 06:52:32: [SM] Blaming: weapon_restrict.smx
L 12/19/2020 - 06:52:32: [SM] Call stack trace:
L 12/19/2020 - 06:52:32: [SM]   [1] Line 202, restrictinc/events.sp::CS_OnBuyCommand
L 12/19/2020 - 06:52:35: [SM] Exception reported: Array index out-of-bounds (index 64, limit 55)
L 12/19/2020 - 06:52:35: [SM] Blaming: weapon_restrict.smx
L 12/19/2020 - 06:52:35: [SM] Call stack trace:
L 12/19/2020 - 06:52:35: [SM]   [1] Line 202, restrictinc/events.sp::CS_OnBuyCommand
L 12/19/2020 - 14:15:34: Error log file session closed.
L 12/19/2020 - 14:15:34: SourceMod error session started
L 12/19/2020 - 14:15:34: Info (map "cs_militia") (file "/home/tcagame/jackm1/527/csgo/addons/sourcemod/logs/errors_20201219.log")
L 12/19/2020 - 14:15:34: [SM] Fatal error encountered parsing translation file "advadmin.phrases.txt"
L 12/19/2020 - 14:15:34: [SM] Error (line 0, column 0): Stream failed to open
L 12/19/2020 - 14:38:54: [SM] Exception reported: Language phrase "Player_Connected_From" not found (arg 3)
L 12/19/2020 - 14:38:54: [SM] Blaming: advadmin.smx
L 12/19/2020 - 14:38:54: [SM] Call stack trace:
L 12/19/2020 - 14:38:54: [SM]   [0] VFormat
L 12/19/2020 - 14:38:54: [SM]   [1] Line 386, /groups/sourcemod/compiler-1.10/include/halflife.inc::PrintToChatAll
L 12/19/2020 - 14:38:54: [SM]   [2] Line 141, /home/groups/sourcemod/upload_tmp/phpRYtiXm.sp::OnClientAuthorized
L 12/19/2020 - 14:46:37: [SM] Exception reported: Language phrase "Player_Connected_From" not found (arg 3)
L 12/19/2020 - 14:46:37: [SM] Blaming: advadmin.smx
L 12/19/2020 - 14:46:37: [SM] Call stack trace:
L 12/19/2020 - 14:46:37: [SM]   [0] VFormat
L 12/19/2020 - 14:46:37: [SM]   [1] Line 386, /groups/sourcemod/compiler-1.10/include/halflife.inc::PrintToChatAll
L 12/19/2020 - 14:46:37: [SM]   [2] Line 141, /home/groups/sourcemod/upload_tmp/phpRYtiXm.sp::OnClientAuthorized
L 12/19/2020 - 14:55:30: Error log file session closed.
L 12/19/2020 - 14:55:30: SourceMod error session started
L 12/19/2020 - 14:55:30: Info (map "de_mirage") (file "/home/tcagame/jackm1/527/csgo/addons/sourcemod/logs/errors_20201219.log")
L 12/19/2020 - 14:55:30: [SM] Fatal error encountered parsing translation file "advadmin.phrases.txt"
L 12/19/2020 - 14:55:30: [SM] Error (line 0, column 0): Stream failed to open
L 12/19/2020 - 15:00:11: [SM] Exception reported: Array index out-of-bounds (index 63, limit 55)
L 12/19/2020 - 15:00:11: [SM] Blaming: weapon_restrict.smx
L 12/19/2020 - 15:00:11: [SM] Call stack trace:
L 12/19/2020 - 15:00:11: [SM]   [1] Line 202, restrictinc/events.sp::CS_OnBuyCommand
L 12/19/2020 - 15:00:57: [SM] Exception reported: Array index out-of-bounds (index 63, limit 55)
L 12/19/2020 - 15:00:57: [SM] Blaming: weapon_restrict.smx
L 12/19/2020 - 15:00:57: [SM] Call stack trace:
L 12/19/2020 - 15:00:57: [SM]   [1] Line 202, restrictinc/events.sp::CS_OnBuyCommand
L 12/19/2020 - 16:08:30: Error log file session closed.
L 12/19/2020 - 16:08:30: SourceMod error session started
L 12/19/2020 - 16:08:30: Info (map "de_mirage") (file "/home/tcagame/jackm1/527/csgo/addons/sourcemod/logs/errors_20201219.log")
L 12/19/2020 - 16:08:30: [SM] Fatal error encountered parsing translation file "advadmin.phrases.txt"
L 12/19/2020 - 16:08:30: [SM] Error (line 0, column 0): Stream failed to open
L 12/19/2020 - 16:08:38: [SM] Exception reported: Array index out-of-bounds (index 64, limit 55)
L 12/19/2020 - 16:08:38: [SM] Blaming: weapon_restrict.smx
L 12/19/2020 - 16:08:38: [SM] Call stack trace:
L 12/19/2020 - 16:08:38: [SM]   [1] Line 202, restrictinc/events.sp::CS_OnBuyCommand
L 12/19/2020 - 16:09:08: [SM] Exception reported: Language phrase "Player_Connected_From" not found (arg 3)
L 12/19/2020 - 16:09:08: [SM] Blaming: advadmin.smx
L 12/19/2020 - 16:09:08: [SM] Call stack trace:
L 12/19/2020 - 16:09:08: [SM]   [0] VFormat
L 12/19/2020 - 16:09:08: [SM]   [1] Line 386, /groups/sourcemod/compiler-1.10/include/halflife.inc::PrintToChatAll
L 12/19/2020 - 16:09:08: [SM]   [2] Line 141, /home/groups/sourcemod/upload_tmp/phpRYtiXm.sp::OnClientAuthorized
L 12/19/2020 - 16:09:36: [SM] Exception reported: Array index out-of-bounds (index 64, limit 55)
L 12/19/2020 - 16:09:36: [SM] Blaming: weapon_restrict.smx
L 12/19/2020 - 16:09:36: [SM] Call stack trace:
L 12/19/2020 - 16:09:36: [SM]   [1] Line 202, restrictinc/events.sp::CS_OnBuyCommand
L 12/19/2020 - 16:11:26: [SM] Exception reported: Language phrase "Player_Connected_From" not found (arg 3)
L 12/19/2020 - 16:11:26: [SM] Blaming: advadmin.smx
L 12/19/2020 - 16:11:26: [SM] Call stack trace:
L 12/19/2020 - 16:11:26: [SM]   [0] VFormat
L 12/19/2020 - 16:11:26: [SM]   [1] Line 386, /groups/sourcemod/compiler-1.10/include/halflife.inc::PrintToChatAll
L 12/19/2020 - 16:11:26: [SM]   [2] Line 141, /home/groups/sourcemod/upload_tmp/phpRYtiXm.sp::OnClientAuthorized
L 12/19/2020 - 16:12:13: [SM] Exception reported: Array index out-of-bounds (index 64, limit 55)
L 12/19/2020 - 16:12:13: [SM] Blaming: weapon_restrict.smx
L 12/19/2020 - 16:12:13: [SM] Call stack trace:
L 12/19/2020 - 16:12:13: [SM]   [1] Line 202, restrictinc/events.sp::CS_OnBuyCommand
L 12/19/2020 - 16:18:17: [SM] Exception reported: Array index out-of-bounds (index 64, limit 55)
L 12/19/2020 - 16:18:17: [SM] Blaming: weapon_restrict.smx
L 12/19/2020 - 16:18:17: [SM] Call stack trace:
L 12/19/2020 - 16:18:17: [SM]   [1] Line 202, restrictinc/events.sp::CS_OnBuyCommand
L 12/19/2020 - 16:19:10: Error log file session closed.
L 12/19/2020 - 16:19:10: SourceMod error session started
L 12/19/2020 - 16:19:10: Info (map "de_overpass") (file "/home/tcagame/jackm1/527/csgo/addons/sourcemod/logs/errors_20201219.log")
L 12/19/2020 - 16:19:10: [SM] Fatal error encountered parsing translation file "advadmin.phrases.txt"
L 12/19/2020 - 16:19:10: [SM] Error (line 0, column 0): Stream failed to open
L 12/19/2020 - 16:19:27: [SM] Exception reported: Array index out-of-bounds (index 64, limit 55)
L 12/19/2020 - 16:19:27: [SM] Blaming: weapon_restrict.smx
L 12/19/2020 - 16:19:27: [SM] Call stack trace:
L 12/19/2020 - 16:19:27: [SM]   [1] Line 202, restrictinc/events.sp::CS_OnBuyCommand
L 12/19/2020 - 16:19:57: [SM] Exception reported: Array index out-of-bounds (index 64, limit 55)
L 12/19/2020 - 16:19:57: [SM] Blaming: weapon_restrict.smx
L 12/19/2020 - 16:19:57: [SM] Call stack trace:
L 12/19/2020 - 16:19:57: [SM]   [1] Line 202, restrictinc/events.sp::CS_OnBuyCommand
L 12/19/2020 - 16:20:57: [SM] Exception reported: Array index out-of-bounds (index 64, limit 55)
L 12/19/2020 - 16:20:57: [SM] Blaming: weapon_restrict.smx
L 12/19/2020 - 16:20:57: [SM] Call stack trace:
L 12/19/2020 - 16:20:57: [SM]   [1] Line 202, restrictinc/events.sp::CS_OnBuyCommand
L 12/19/2020 - 16:21:05: [SM] Exception reported: Array index out-of-bounds (index 64, limit 55)
L 12/19/2020 - 16:21:05: [SM] Blaming: weapon_restrict.smx
L 12/19/2020 - 16:21:05: [SM] Call stack trace:
L 12/19/2020 - 16:21:05: [SM]   [1] Line 202, restrictinc/events.sp::CS_OnBuyCommand
L 12/19/2020 - 16:21:08: [SM] Exception reported: Array index out-of-bounds (index 64, limit 55)
L 12/19/2020 - 16:21:08: [SM] Blaming: weapon_restrict.smx
L 12/19/2020 - 16:21:08: [SM] Call stack trace:
L 12/19/2020 - 16:21:08: [SM]   [1] Line 202, restrictinc/events.sp::CS_OnBuyCommand
L 12/19/2020 - 16:22:20: [SM] Exception reported: Array index out-of-bounds (index 64, limit 55)
L 12/19/2020 - 16:22:20: [SM] Blaming: weapon_restrict.smx
L 12/19/2020 - 16:22:20: [SM] Call stack trace:
L 12/19/2020 - 16:22:20: [SM]   [1] Line 202, restrictinc/events.sp::CS_OnBuyCommand
L 12/19/2020 - 16:23:25: [SM] Exception reported: Array index out-of-bounds (index 64, limit 55)
L 12/19/2020 - 16:23:25: [SM] Blaming: weapon_restrict.smx
L 12/19/2020 - 16:23:25: [SM] Call stack trace:
L 12/19/2020 - 16:23:25: [SM]   [1] Line 202, restrictinc/events.sp::CS_OnBuyCommand
L 12/19/2020 - 16:24:54: [SM] Exception reported: Array index out-of-bounds (index 64, limit 55)
L 12/19/2020 - 16:24:54: [SM] Blaming: weapon_restrict.smx
L 12/19/2020 - 16:24:54: [SM] Call stack trace:
L 12/19/2020 - 16:24:54: [SM]   [1] Line 202, restrictinc/events.sp::CS_OnBuyCommand
L 12/19/2020 - 16:26:09: [SM] Exception reported: Array index out-of-bounds (index 64, limit 55)
L 12/19/2020 - 16:26:09: [SM] Blaming: weapon_restrict.smx
L 12/19/2020 - 16:26:09: [SM] Call stack trace:
L 12/19/2020 - 16:26:09: [SM]   [1] Line 202, restrictinc/events.sp::CS_OnBuyCommand
L 12/19/2020 - 16:27:02: [SM] Exception reported: Array index out-of-bounds (index 64, limit 55)
L 12/19/2020 - 16:27:02: [SM] Blaming: weapon_restrict.smx
L 12/19/2020 - 16:27:02: [SM] Call stack trace:
L 12/19/2020 - 16:27:02: [SM]   [1] Line 202, restrictinc/events.sp::CS_OnBuyCommand
L 12/19/2020 - 16:39:14: [SM] Exception reported: Array index out-of-bounds (index 64, limit 55)
L 12/19/2020 - 16:39:14: [SM] Blaming: weapon_restrict.smx
L 12/19/2020 - 16:39:14: [SM] Call stack trace:
L 12/19/2020 - 16:39:14: [SM]   [1] Line 202, restrictinc/events.sp::CS_OnBuyCommand
L 12/19/2020 - 16:42:34: [SM] Exception reported: Array index out-of-bounds (index 64, limit 55)
L 12/19/2020 - 16:42:34: [SM] Blaming: weapon_restrict.smx
L 12/19/2020 - 16:42:34: [SM] Call stack trace:
L 12/19/2020 - 16:42:34: [SM]   [1] Line 202, restrictinc/events.sp::CS_OnBuyCommand
L 12/19/2020 - 16:43:31: [SM] Exception reported: Array index out-of-bounds (index 64, limit 55)
L 12/19/2020 - 16:43:31: [SM] Blaming: weapon_restrict.smx
L 12/19/2020 - 16:43:31: [SM] Call stack trace:
L 12/19/2020 - 16:43:31: [SM]   [1] Line 202, restrictinc/events.sp::CS_OnBuyCommand
L 12/19/2020 - 16:49:51: Error log file session closed.
L 12/19/2020 - 16:49:51: SourceMod error session started
L 12/19/2020 - 16:49:51: Info (map "de_overpass") (file "/home/tcagame/jackm1/527/csgo/addons/sourcemod/logs/errors_20201219.log")
L 12/19/2020 - 16:49:51: [SM] Fatal error encountered parsing translation file "advadmin.phrases.txt"
L 12/19/2020 - 16:49:51: [SM] Error (line 0, column 0): Stream failed to open
L 12/19/2020 - 16:50:16: [SM] Exception reported: Language phrase "Player_Connected_From" not found (arg 3)
L 12/19/2020 - 16:50:16: [SM] Blaming: advadmin.smx
L 12/19/2020 - 16:50:16: [SM] Call stack trace:
L 12/19/2020 - 16:50:16: [SM]   [0] VFormat
L 12/19/2020 - 16:50:16: [SM]   [1] Line 386, /groups/sourcemod/compiler-1.10/include/halflife.inc::PrintToChatAll
L 12/19/2020 - 16:50:16: [SM]   [2] Line 141, /home/groups/sourcemod/upload_tmp/phpRYtiXm.sp::OnClientAuthorized
L 12/19/2020 - 16:51:26: Error log file session closed.
L 12/19/2020 - 16:51:26: SourceMod error session started
L 12/19/2020 - 16:51:26: Info (map "de_cache") (file "/home/tcagame/jackm1/527/csgo/addons/sourcemod/logs/errors_20201219.log")
L 12/19/2020 - 16:51:26: [SM] Fatal error encountered parsing translation file "advadmin.phrases.txt"
L 12/19/2020 - 16:51:26: [SM] Error (line 0, column 0): Stream failed to open
L 12/19/2020 - 16:51:51: [SM] Exception reported: Language phrase "Player_Connected" not found (arg 3)
L 12/19/2020 - 16:51:51: [SM] Blaming: advadmin.smx
L 12/19/2020 - 16:51:51: [SM] Call stack trace:
L 12/19/2020 - 16:51:51: [SM]   [0] VFormat
L 12/19/2020 - 16:51:51: [SM]   [1] Line 386, /groups/sourcemod/compiler-1.10/include/halflife.inc::PrintToChatAll
L 12/19/2020 - 16:51:51: [SM]   [2] Line 145, /home/groups/sourcemod/upload_tmp/phpRYtiXm.sp::OnClientAuthorized
L 12/19/2020 - 16:56:09: [SM] Exception reported: Array index out-of-bounds (index 63, limit 55)
L 12/19/2020 - 16:56:09: [SM] Blaming: weapon_restrict.smx
L 12/19/2020 - 16:56:09: [SM] Call stack trace:
L 12/19/2020 - 16:56:09: [SM]   [1] Line 202, restrictinc/events.sp::CS_OnBuyCommand
L 12/19/2020 - 16:56:49: [SM] Exception reported: Language phrase "Player_Connected_From" not found (arg 3)
L 12/19/2020 - 16:56:49: [SM] Blaming: advadmin.smx
L 12/19/2020 - 16:56:49: [SM] Call stack trace:
L 12/19/2020 - 16:56:49: [SM]   [0] VFormat
L 12/19/2020 - 16:56:49: [SM]   [1] Line 386, /groups/sourcemod/compiler-1.10/include/halflife.inc::PrintToChatAll
L 12/19/2020 - 16:56:49: [SM]   [2] Line 141, /home/groups/sourcemod/upload_tmp/phpRYtiXm.sp::OnClientAuthorized
L 12/19/2020 - 16:57:20: [SM] Exception reported: Array index out-of-bounds (index 64, limit 55)
L 12/19/2020 - 16:57:20: [SM] Blaming: weapon_restrict.smx
L 12/19/2020 - 16:57:20: [SM] Call stack trace:
L 12/19/2020 - 16:57:20: [SM]   [1] Line 202, restrictinc/events.sp::CS_OnBuyCommand
L 12/19/2020 - 16:57:57: [SM] Exception reported: Language phrase "Player_Connected_From" not found (arg 3)
L 12/19/2020 - 16:57:57: [SM] Blaming: advadmin.smx
L 12/19/2020 - 16:57:57: [SM] Call stack trace:
L 12/19/2020 - 16:57:57: [SM]   [0] VFormat
L 12/19/2020 - 16:57:57: [SM]   [1] Line 386, /groups/sourcemod/compiler-1.10/include/halflife.inc::PrintToChatAll
L 12/19/2020 - 16:57:57: [SM]   [2] Line 141, /home/groups/sourcemod/upload_tmp/phpRYtiXm.sp::OnClientAuthorized
L 12/19/2020 - 16:58:44: [SM] Exception reported: Language phrase "Player_Connected_From" not found (arg 3)
L 12/19/2020 - 16:58:44: [SM] Blaming: advadmin.smx
L 12/19/2020 - 16:58:44: [SM] Call stack trace:
L 12/19/2020 - 16:58:44: [SM]   [0] VFormat
L 12/19/2020 - 16:58:44: [SM]   [1] Line 386, /groups/sourcemod/compiler-1.10/include/halflife.inc::PrintToChatAll
L 12/19/2020 - 16:58:44: [SM]   [2] Line 141, /home/groups/sourcemod/upload_tmp/phpRYtiXm.sp::OnClientAuthorized
L 12/19/2020 - 16:59:59: [SM] Exception reported: Array index out-of-bounds (index 63, limit 55)
L 12/19/2020 - 16:59:59: [SM] Blaming: weapon_restrict.smx
L 12/19/2020 - 16:59:59: [SM] Call stack trace:
L 12/19/2020 - 16:59:59: [SM]   [1] Line 202, restrictinc/events.sp::CS_OnBuyCommand
L 12/19/2020 - 17:01:10: [SM] Exception reported: Array index out-of-bounds (index 64, limit 55)
L 12/19/2020 - 17:01:10: [SM] Blaming: weapon_restrict.smx
L 12/19/2020 - 17:01:10: [SM] Call stack trace:
L 12/19/2020 - 17:01:10: [SM]   [1] Line 202, restrictinc/events.sp::CS_OnBuyCommand
L 12/19/2020 - 17:04:37: [SM] Exception reported: Language phrase "CMD_Swap" not found (arg 5)
L 12/19/2020 - 17:04:37: [SM] Blaming: advadmin.smx
L 12/19/2020 - 17:04:37: [SM] Call stack trace:
L 12/19/2020 - 17:04:37: [SM]   [0] ShowActivity2
L 12/19/2020 - 17:04:37: [SM]   [1] Line 735, /home/groups/sourcemod/upload_tmp/phpRYtiXm.sp::CMD_Swap
L 12/19/2020 - 17:07:42: [SM] Exception reported: Array index out-of-bounds (index 63, limit 55)
L 12/19/2020 - 17:07:42: [SM] Blaming: weapon_restrict.smx
L 12/19/2020 - 17:07:42: [SM] Call stack trace:
L 12/19/2020 - 17:07:42: [SM]   [1] Line 202, restrictinc/events.sp::CS_OnBuyCommand
L 12/19/2020 - 17:10:17: [SM] Exception reported: Array index out-of-bounds (index 64, limit 55)
L 12/19/2020 - 17:10:17: [SM] Blaming: weapon_restrict.smx
L 12/19/2020 - 17:10:17: [SM] Call stack trace:
L 12/19/2020 - 17:10:17: [SM]   [1] Line 202, restrictinc/events.sp::CS_OnBuyCommand
L 12/19/2020 - 17:18:58: [SM] Exception reported: Language phrase "Player_Connected_From" not found (arg 3)
L 12/19/2020 - 17:18:58: [SM] Blaming: advadmin.smx
L 12/19/2020 - 17:18:58: [SM] Call stack trace:
L 12/19/2020 - 17:18:58: [SM]   [0] VFormat
L 12/19/2020 - 17:18:58: [SM]   [1] Line 386, /groups/sourcemod/compiler-1.10/include/halflife.inc::PrintToChatAll
L 12/19/2020 - 17:18:58: [SM]   [2] Line 141, /home/groups/sourcemod/upload_tmp/phpRYtiXm.sp::OnClientAuthorized
L 12/19/2020 - 17:21:39: [SM] Exception reported: Language phrase "Player_Connected_From" not found (arg 3)
L 12/19/2020 - 17:21:39: [SM] Blaming: advadmin.smx
L 12/19/2020 - 17:21:39: [SM] Call stack trace:
L 12/19/2020 - 17:21:39: [SM]   [0] VFormat
L 12/19/2020 - 17:21:39: [SM]   [1] Line 386, /groups/sourcemod/compiler-1.10/include/halflife.inc::PrintToChatAll
L 12/19/2020 - 17:21:39: [SM]   [2] Line 141, /home/groups/sourcemod/upload_tmp/phpRYtiXm.sp::OnClientAuthorized
L 12/19/2020 - 17:22:07: [SM] Exception reported: Language phrase "Player_Connected_From" not found (arg 3)
L 12/19/2020 - 17:22:07: [SM] Blaming: advadmin.smx
L 12/19/2020 - 17:22:07: [SM] Call stack trace:
L 12/19/2020 - 17:22:07: [SM]   [0] VFormat
L 12/19/2020 - 17:22:07: [SM]   [1] Line 386, /groups/sourcemod/compiler-1.10/include/halflife.inc::PrintToChatAll
L 12/19/2020 - 17:22:07: [SM]   [2] Line 141, /home/groups/sourcemod/upload_tmp/phpRYtiXm.sp::OnClientAuthorized
L 12/19/2020 - 17:22:39: [SM] Exception reported: Language phrase "CMD_Team_Spec" not found (arg 5)
L 12/19/2020 - 17:22:39: [SM] Blaming: advadmin.smx
L 12/19/2020 - 17:22:39: [SM] Call stack trace:
L 12/19/2020 - 17:22:39: [SM]   [0] ShowActivity2
L 12/19/2020 - 17:22:39: [SM]   [1] Line 790, /home/groups/sourcemod/upload_tmp/phpRYtiXm.sp::CMD_Spec
L 12/19/2020 - 17:25:00: Error log file session closed.
L 12/19/2020 - 17:25:00: SourceMod error session started
L 12/19/2020 - 17:25:00: Info (map "de_mirage") (file "/home/tcagame/jackm1/527/csgo/addons/sourcemod/logs/errors_20201219.log")
L 12/19/2020 - 17:25:00: [SM] Fatal error encountered parsing translation file "advadmin.phrases.txt"
L 12/19/2020 - 17:25:00: [SM] Error (line 0, column 0): Stream failed to open
L 12/19/2020 - 17:25:30: [SM] Exception reported: Array index out-of-bounds (index 64, limit 55)
L 12/19/2020 - 17:25:30: [SM] Blaming: weapon_restrict.smx
L 12/19/2020 - 17:25:30: [SM] Call stack trace:
L 12/19/2020 - 17:25:30: [SM]   [1] Line 202, restrictinc/events.sp::CS_OnBuyCommand
L 12/19/2020 - 17:25:33: [SM] Exception reported: Language phrase "Player_Connected_From" not found (arg 3)
L 12/19/2020 - 17:25:33: [SM] Blaming: advadmin.smx
L 12/19/2020 - 17:25:33: [SM] Call stack trace:
L 12/19/2020 - 17:25:33: [SM]   [0] VFormat
L 12/19/2020 - 17:25:33: [SM]   [1] Line 386, /groups/sourcemod/compiler-1.10/include/halflife.inc::PrintToChatAll
L 12/19/2020 - 17:25:33: [SM]   [2] Line 141, /home/groups/sourcemod/upload_tmp/phpRYtiXm.sp::OnClientAuthorized
L 12/19/2020 - 17:25:57: [SM] Exception reported: Language phrase "CMD_Team_Spec" not found (arg 5)
L 12/19/2020 - 17:25:57: [SM] Blaming: advadmin.smx
L 12/19/2020 - 17:25:57: [SM] Call stack trace:
L 12/19/2020 - 17:25:57: [SM]   [0] ShowActivity2
L 12/19/2020 - 17:25:57: [SM]   [1] Line 790, /home/groups/sourcemod/upload_tmp/phpRYtiXm.sp::CMD_Spec
L 12/19/2020 - 17:26:16: [SM] Exception reported: Language phrase "CMD_Team_Spec" not found (arg 5)
L 12/19/2020 - 17:26:16: [SM] Blaming: advadmin.smx
L 12/19/2020 - 17:26:16: [SM] Call stack trace:
L 12/19/2020 - 17:26:16: [SM]   [0] ShowActivity2
L 12/19/2020 - 17:26:16: [SM]   [1] Line 790, /home/groups/sourcemod/upload_tmp/phpRYtiXm.sp::CMD_Spec
L 12/19/2020 - 17:27:43: [SM] Exception reported: Array index out-of-bounds (index 64, limit 55)
L 12/19/2020 - 17:27:43: [SM] Blaming: weapon_restrict.smx
L 12/19/2020 - 17:27:43: [SM] Call stack trace:
L 12/19/2020 - 17:27:43: [SM]   [1] Line 202, restrictinc/events.sp::CS_OnBuyCommand
L 12/19/2020 - 17:27:45: [SM] Exception reported: Array index out-of-bounds (index 64, limit 55)
L 12/19/2020 - 17:27:45: [SM] Blaming: weapon_restrict.smx
L 12/19/2020 - 17:27:45: [SM] Call stack trace:
L 12/19/2020 - 17:27:45: [SM]   [1] Line 202, restrictinc/events.sp::CS_OnBuyCommand
L 12/19/2020 - 17:27:51: [SM] Exception reported: Array index out-of-bounds (index 64, limit 55)
L 12/19/2020 - 17:27:51: [SM] Blaming: weapon_restrict.smx
L 12/19/2020 - 17:27:51: [SM] Call stack trace:
L 12/19/2020 - 17:27:51: [SM]   [1] Line 202, restrictinc/events.sp::CS_OnBuyCommand
L 12/19/2020 - 17:29:42: [SM] Exception reported: Array index out-of-bounds (index 64, limit 55)
L 12/19/2020 - 17:29:42: [SM] Blaming: weapon_restrict.smx
L 12/19/2020 - 17:29:42: [SM] Call stack trace:
L 12/19/2020 - 17:29:42: [SM]   [1] Line 202, restrictinc/events.sp::CS_OnBuyCommand
L 12/19/2020 - 17:29:42: [SM] Exception reported: Array index out-of-bounds (index 64, limit 55)
L 12/19/2020 - 17:29:42: [SM] Blaming: weapon_restrict.smx
L 12/19/2020 - 17:29:42: [SM] Call stack trace:
L 12/19/2020 - 17:29:42: [SM]   [1] Line 202, restrictinc/events.sp::CS_OnBuyCommand
L 12/19/2020 - 17:29:52: [SM] Exception reported: Array index out-of-bounds (index 64, limit 55)
L 12/19/2020 - 17:29:52: [SM] Blaming: weapon_restrict.smx
L 12/19/2020 - 17:29:52: [SM] Call stack trace:
L 12/19/2020 - 17:29:52: [SM]   [1] Line 202, restrictinc/events.sp::CS_OnBuyCommand
L 12/19/2020 - 17:32:39: [SM] Exception reported: Array index out-of-bounds (index 64, limit 55)
L 12/19/2020 - 17:32:39: [SM] Blaming: weapon_restrict.smx
L 12/19/2020 - 17:32:39: [SM] Call stack trace:
L 12/19/2020 - 17:32:39: [SM]   [1] Line 202, restrictinc/events.sp::CS_OnBuyCommand
L 12/19/2020 - 17:32:43: [SM] Exception reported: Array index out-of-bounds (index 64, limit 55)
L 12/19/2020 - 17:32:43: [SM] Blaming: weapon_restrict.smx
L 12/19/2020 - 17:32:43: [SM] Call stack trace:
L 12/19/2020 - 17:32:43: [SM]   [1] Line 202, restrictinc/events.sp::CS_OnBuyCommand
L 12/19/2020 - 17:48:59: [SM] Exception reported: Array index out-of-bounds (index 64, limit 55)
L 12/19/2020 - 17:48:59: [SM] Blaming: weapon_restrict.smx
L 12/19/2020 - 17:48:59: [SM] Call stack trace:
L 12/19/2020 - 17:48:59: [SM]   [1] Line 202, restrictinc/events.sp::CS_OnBuyCommand
L 12/19/2020 - 17:49:01: [SM] Exception reported: Array index out-of-bounds (index 64, limit 55)
L 12/19/2020 - 17:49:01: [SM] Blaming: weapon_restrict.smx
L 12/19/2020 - 17:49:01: [SM] Call stack trace:
L 12/19/2020 - 17:49:01: [SM]   [1] Line 202, restrictinc/events.sp::CS_OnBuyCommand
L 12/19/2020 - 17:50:03: [SM] Exception reported: Array index out-of-bounds (index 64, limit 55)
L 12/19/2020 - 17:50:03: [SM] Blaming: weapon_restrict.smx
L 12/19/2020 - 17:50:03: [SM] Call stack trace:
L 12/19/2020 - 17:50:03: [SM]   [1] Line 202, restrictinc/events.sp::CS_OnBuyCommand
L 12/19/2020 - 17:50:08: [SM] Exception reported: Array index out-of-bounds (index 64, limit 55)
L 12/19/2020 - 17:50:08: [SM] Blaming: weapon_restrict.smx
L 12/19/2020 - 17:50:08: [SM] Call stack trace:
L 12/19/2020 - 17:50:08: [SM]   [1] Line 202, restrictinc/events.sp::CS_OnBuyCommand
L 12/19/2020 - 17:51:56: [SM] Exception reported: Array index out-of-bounds (index 64, limit 55)
L 12/19/2020 - 17:51:56: [SM] Blaming: weapon_restrict.smx
L 12/19/2020 - 17:51:56: [SM] Call stack trace:
L 12/19/2020 - 17:51:56: [SM]   [1] Line 202, restrictinc/events.sp::CS_OnBuyCommand
L 12/19/2020 - 17:52:01: [SM] Exception reported: Array index out-of-bounds (index 64, limit 55)
L 12/19/2020 - 17:52:01: [SM] Blaming: weapon_restrict.smx
L 12/19/2020 - 17:52:01: [SM] Call stack trace:
L 12/19/2020 - 17:52:01: [SM]   [1] Line 202, restrictinc/events.sp::CS_OnBuyCommand
L 12/19/2020 - 18:09:45: Error log file session closed.
L 12/19/2020 - 18:09:45: SourceMod error session started
L 12/19/2020 - 18:09:45: Info (map "de_mirage") (file "/home/tcagame/jackm1/527/csgo/addons/sourcemod/logs/errors_20201219.log")
L 12/19/2020 - 18:09:45: [SM] Fatal error encountered parsing translation file "advadmin.phrases.txt"
L 12/19/2020 - 18:09:45: [SM] Error (line 0, column 0): Stream failed to open
L 12/19/2020 - 18:10:01: [SM] Exception reported: Array index out-of-bounds (index 64, limit 55)
L 12/19/2020 - 18:10:01: [SM] Blaming: weapon_restrict.smx
L 12/19/2020 - 18:10:01: [SM] Call stack trace:
L 12/19/2020 - 18:10:01: [SM]   [1] Line 202, restrictinc/events.sp::CS_OnBuyCommand
L 12/19/2020 - 18:10:16: [SM] Exception reported: Array index out-of-bounds (index 64, limit 55)
L 12/19/2020 - 18:10:16: [SM] Blaming: weapon_restrict.smx
L 12/19/2020 - 18:10:16: [SM] Call stack trace:
L 12/19/2020 - 18:10:16: [SM]   [1] Line 202, restrictinc/events.sp::CS_OnBuyCommand
L 12/19/2020 - 18:13:01: Error log file session closed.
L 12/19/2020 - 18:13:02: SourceMod error session started
L 12/19/2020 - 18:13:02: Info (map "de_overpass") (file "/home/tcagame/jackm1/527/csgo/addons/sourcemod/logs/errors_20201219.log")
L 12/19/2020 - 18:13:02: [SM] Fatal error encountered parsing translation file "advadmin.phrases.txt"
L 12/19/2020 - 18:13:02: [SM] Error (line 0, column 0): Stream failed to open
L 12/19/2020 - 18:32:22: [SM] Exception reported: Array index out-of-bounds (index 64, limit 55)
L 12/19/2020 - 18:32:22: [SM] Blaming: weapon_restrict.smx
L 12/19/2020 - 18:32:22: [SM] Call stack trace:
L 12/19/2020 - 18:32:22: [SM]   [1] Line 202, restrictinc/events.sp::CS_OnBuyCommand
L 12/19/2020 - 18:33:33: [SM] Exception reported: Array index out-of-bounds (index 64, limit 55)
L 12/19/2020 - 18:33:33: [SM] Blaming: weapon_restrict.smx
L 12/19/2020 - 18:33:33: [SM] Call stack trace:
L 12/19/2020 - 18:33:33: [SM]   [1] Line 202, restrictinc/events.sp::CS_OnBuyCommand
L 12/19/2020 - 18:44:03: Error log file session closed.
L 12/19/2020 - 18:44:03: SourceMod error session started
L 12/19/2020 - 18:44:03: Info (map "de_overpass") (file "/home/tcagame/jackm1/527/csgo/addons/sourcemod/logs/errors_20201219.log")
L 12/19/2020 - 18:44:03: [SM] Fatal error encountered parsing translation file "advadmin.phrases.txt"
L 12/19/2020 - 18:44:03: [SM] Error (line 0, column 0): Stream failed to open
L 12/19/2020 - 18:44:21: [SM] Exception reported: Array index out-of-bounds (index 64, limit 55)
L 12/19/2020 - 18:44:21: [SM] Blaming: weapon_restrict.smx
L 12/19/2020 - 18:44:21: [SM] Call stack trace:
L 12/19/2020 - 18:44:21: [SM]   [1] Line 202, restrictinc/events.sp::CS_OnBuyCommand
L 12/19/2020 - 18:59:59: [SM] Exception reported: Array index out-of-bounds (index 64, limit 55)
L 12/19/2020 - 18:59:59: [SM] Blaming: weapon_restrict.smx
L 12/19/2020 - 18:59:59: [SM] Call stack trace:
L 12/19/2020 - 18:59:59: [SM]   [1] Line 202, restrictinc/events.sp::CS_OnBuyCommand
L 12/19/2020 - 19:34:17: [SM] Exception reported: Array index out-of-bounds (index 64, limit 55)
L 12/19/2020 - 19:34:17: [SM] Blaming: weapon_restrict.smx
L 12/19/2020 - 19:34:17: [SM] Call stack trace:
L 12/19/2020 - 19:34:17: [SM]   [1] Line 202, restrictinc/events.sp::CS_OnBuyCommand
L 12/19/2020 - 19:34:50: [SM] Exception reported: Array index out-of-bounds (index 64, limit 55)
L 12/19/2020 - 19:34:50: [SM] Blaming: weapon_restrict.smx
L 12/19/2020 - 19:34:50: [SM] Call stack trace:
L 12/19/2020 - 19:34:50: [SM]   [1] Line 202, restrictinc/events.sp::CS_OnBuyCommand
L 12/19/2020 - 19:48:44: Error log file session closed.
L 12/19/2020 - 19:48:44: SourceMod error session started
L 12/19/2020 - 19:48:44: Info (map "de_overpass") (file "/home/tcagame/jackm1/527/csgo/addons/sourcemod/logs/errors_20201219.log")
L 12/19/2020 - 19:48:44: [SM] Fatal error encountered parsing translation file "advadmin.phrases.txt"
L 12/19/2020 - 19:48:44: [SM] Error (line 0, column 0): Stream failed to open
L 12/19/2020 - 19:49:11: [SM] Exception reported: Language phrase "Player_Connected_From" not found (arg 3)
L 12/19/2020 - 19:49:11: [SM] Blaming: advadmin.smx
L 12/19/2020 - 19:49:11: [SM] Call stack trace:
L 12/19/2020 - 19:49:11: [SM]   [0] VFormat
L 12/19/2020 - 19:49:11: [SM]   [1] Line 386, /groups/sourcemod/compiler-1.10/include/halflife.inc::PrintToChatAll
L 12/19/2020 - 19:49:11: [SM]   [2] Line 141, /home/groups/sourcemod/upload_tmp/phpRYtiXm.sp::OnClientAuthorized
L 12/19/2020 - 19:49:34: [SM] Exception reported: Array index out-of-bounds (index 64, limit 55)
L 12/19/2020 - 19:49:34: [SM] Blaming: weapon_restrict.smx
L 12/19/2020 - 19:49:34: [SM] Call stack trace:
L 12/19/2020 - 19:49:34: [SM]   [1] Line 202, restrictinc/events.sp::CS_OnBuyCommand
L 12/19/2020 - 20:04:28: [SM] Exception reported: Language phrase "Player_Connected_From" not found (arg 3)
L 12/19/2020 - 20:04:28: [SM] Blaming: advadmin.smx
L 12/19/2020 - 20:04:28: [SM] Call stack trace:
L 12/19/2020 - 20:04:28: [SM]   [0] VFormat
L 12/19/2020 - 20:04:28: [SM]   [1] Line 386, /groups/sourcemod/compiler-1.10/include/halflife.inc::PrintToChatAll
L 12/19/2020 - 20:04:28: [SM]   [2] Line 141, /home/groups/sourcemod/upload_tmp/phpRYtiXm.sp::OnClientAuthorized
L 12/19/2020 - 20:06:31: [SM] Exception reported: Array index out-of-bounds (index 64, limit 55)
L 12/19/2020 - 20:06:31: [SM] Blaming: weapon_restrict.smx
L 12/19/2020 - 20:06:31: [SM] Call stack trace:
L 12/19/2020 - 20:06:31: [SM]   [1] Line 202, restrictinc/events.sp::CS_OnBuyCommand
L 12/19/2020 - 20:07:47: [SM] Exception reported: Array index out-of-bounds (index 64, limit 55)
L 12/19/2020 - 20:07:47: [SM] Blaming: weapon_restrict.smx
L 12/19/2020 - 20:07:47: [SM] Call stack trace:
L 12/19/2020 - 20:07:47: [SM]   [1] Line 202, restrictinc/events.sp::CS_OnBuyCommand
L 12/19/2020 - 20:08:07: [SM] Exception reported: Language phrase "Player_Connected_From" not found (arg 3)
L 12/19/2020 - 20:08:07: [SM] Blaming: advadmin.smx
L 12/19/2020 - 20:08:07: [SM] Call stack trace:
L 12/19/2020 - 20:08:07: [SM]   [0] VFormat
L 12/19/2020 - 20:08:07: [SM]   [1] Line 386, /groups/sourcemod/compiler-1.10/include/halflife.inc::PrintToChatAll
L 12/19/2020 - 20:08:07: [SM]   [2] Line 141, /home/groups/sourcemod/upload_tmp/phpRYtiXm.sp::OnClientAuthorized
L 12/19/2020 - 20:08:33: [SM] Exception reported: Array index out-of-bounds (index 64, limit 55)
L 12/19/2020 - 20:08:33: [SM] Blaming: weapon_restrict.smx
L 12/19/2020 - 20:08:33: [SM] Call stack trace:
L 12/19/2020 - 20:08:33: [SM]   [1] Line 202, restrictinc/events.sp::CS_OnBuyCommand
L 12/19/2020 - 20:11:19: [SM] Exception reported: Array index out-of-bounds (index 64, limit 55)
L 12/19/2020 - 20:11:19: [SM] Blaming: weapon_restrict.smx
L 12/19/2020 - 20:11:19: [SM] Call stack trace:
L 12/19/2020 - 20:11:19: [SM]   [1] Line 202, restrictinc/events.sp::CS_OnBuyCommand
L 12/19/2020 - 20:11:50: Error log file session closed.
L 12/19/2020 - 20:11:50: SourceMod error session started
L 12/19/2020 - 20:11:50: Info (map "de_bank") (file "/home/tcagame/jackm1/527/csgo/addons/sourcemod/logs/errors_20201219.log")
L 12/19/2020 - 20:11:50: [SM] Fatal error encountered parsing translation file "advadmin.phrases.txt"
L 12/19/2020 - 20:11:50: [SM] Error (line 0, column 0): Stream failed to open
L 12/19/2020 - 20:12:25: [SM] Exception reported: Array index out-of-bounds (index 64, limit 55)
L 12/19/2020 - 20:12:25: [SM] Blaming: weapon_restrict.smx
L 12/19/2020 - 20:12:25: [SM] Call stack trace:
L 12/19/2020 - 20:12:25: [SM]   [1] Line 202, restrictinc/events.sp::CS_OnBuyCommand
L 12/19/2020 - 20:12:57: [SM] Exception reported: Language phrase "Player_Connected_From" not found (arg 3)
L 12/19/2020 - 20:12:57: [SM] Blaming: advadmin.smx
L 12/19/2020 - 20:12:57: [SM] Call stack trace:
L 12/19/2020 - 20:12:57: [SM]   [0] VFormat
L 12/19/2020 - 20:12:57: [SM]   [1] Line 386, /groups/sourcemod/compiler-1.10/include/halflife.inc::PrintToChatAll
L 12/19/2020 - 20:12:57: [SM]   [2] Line 141, /home/groups/sourcemod/upload_tmp/phpRYtiXm.sp::OnClientAuthorized
L 12/19/2020 - 20:13:06: [SM] Exception reported: Array index out-of-bounds (index 64, limit 55)
L 12/19/2020 - 20:13:06: [SM] Blaming: weapon_restrict.smx
L 12/19/2020 - 20:13:06: [SM] Call stack trace:
L 12/19/2020 - 20:13:06: [SM]   [1] Line 202, restrictinc/events.sp::CS_OnBuyCommand
L 12/19/2020 - 20:15:08: [SM] Exception reported: Array index out-of-bounds (index 64, limit 55)
L 12/19/2020 - 20:15:08: [SM] Blaming: weapon_restrict.smx
L 12/19/2020 - 20:15:08: [SM] Call stack trace:
L 12/19/2020 - 20:15:08: [SM]   [1] Line 202, restrictinc/events.sp::CS_OnBuyCommand
L 12/19/2020 - 20:21:58: [SM] Exception reported: Language phrase "CMD_Team_Spec" not found (arg 5)
L 12/19/2020 - 20:21:58: [SM] Blaming: advadmin.smx
L 12/19/2020 - 20:21:58: [SM] Call stack trace:
L 12/19/2020 - 20:21:58: [SM]   [0] ShowActivity2
L 12/19/2020 - 20:21:58: [SM]   [1] Line 790, /home/groups/sourcemod/upload_tmp/phpRYtiXm.sp::CMD_Spec
L 12/19/2020 - 20:23:28: Error log file session closed.
L 12/19/2020 - 20:23:28: SourceMod error session started
L 12/19/2020 - 20:23:28: Info (map "cs_militia") (file "/home/tcagame/jackm1/527/csgo/addons/sourcemod/logs/errors_20201219.log")
L 12/19/2020 - 20:23:28: [SM] Fatal error encountered parsing translation file "advadmin.phrases.txt"
L 12/19/2020 - 20:23:28: [SM] Error (line 0, column 0): Stream failed to open
L 12/19/2020 - 20:26:15: [SM] Exception reported: Array index out-of-bounds (index 64, limit 55)
L 12/19/2020 - 20:26:15: [SM] Blaming: weapon_restrict.smx
L 12/19/2020 - 20:26:15: [SM] Call stack trace:
L 12/19/2020 - 20:26:15: [SM]   [1] Line 202, restrictinc/events.sp::CS_OnBuyCommand
L 12/19/2020 - 20:40:14: [SM] Exception reported: Array index out-of-bounds (index 64, limit 55)
L 12/19/2020 - 20:40:14: [SM] Blaming: weapon_restrict.smx
L 12/19/2020 - 20:40:14: [SM] Call stack trace:
L 12/19/2020 - 20:40:14: [SM]   [1] Line 202, restrictinc/events.sp::CS_OnBuyCommand
L 12/19/2020 - 20:41:00: [SM] Exception reported: Array index out-of-bounds (index 64, limit 55)
L 12/19/2020 - 20:41:00: [SM] Blaming: weapon_restrict.smx
L 12/19/2020 - 20:41:00: [SM] Call stack trace:
L 12/19/2020 - 20:41:00: [SM]   [1] Line 202, restrictinc/events.sp::CS_OnBuyCommand
L 12/19/2020 - 20:41:13: [SM] Exception reported: Array index out-of-bounds (index 64, limit 55)
L 12/19/2020 - 20:41:13: [SM] Blaming: weapon_restrict.smx
L 12/19/2020 - 20:41:13: [SM] Call stack trace:
L 12/19/2020 - 20:41:13: [SM]   [1] Line 202, restrictinc/events.sp::CS_OnBuyCommand
L 12/19/2020 - 20:42:03: [SM] Exception reported: Array index out-of-bounds (index 64, limit 55)
L 12/19/2020 - 20:42:03: [SM] Blaming: weapon_restrict.smx
L 12/19/2020 - 20:42:03: [SM] Call stack trace:
L 12/19/2020 - 20:42:03: [SM]   [1] Line 202, restrictinc/events.sp::CS_OnBuyCommand
L 12/19/2020 - 20:42:56: [SM] Exception reported: Array index out-of-bounds (index 64, limit 55)
L 12/19/2020 - 20:42:56: [SM] Blaming: weapon_restrict.smx
L 12/19/2020 - 20:42:56: [SM] Call stack trace:
L 12/19/2020 - 20:42:56: [SM]   [1] Line 202, restrictinc/events.sp::CS_OnBuyCommand
L 12/19/2020 - 20:43:40: [SM] Exception reported: Array index out-of-bounds (index 64, limit 55)
L 12/19/2020 - 20:43:40: [SM] Blaming: weapon_restrict.smx
L 12/19/2020 - 20:43:40: [SM] Call stack trace:
L 12/19/2020 - 20:43:40: [SM]   [1] Line 202, restrictinc/events.sp::CS_OnBuyCommand
L 12/19/2020 - 20:43:47: [SM] Exception reported: Array index out-of-bounds (index 64, limit 55)
L 12/19/2020 - 20:43:47: [SM] Blaming: weapon_restrict.smx
L 12/19/2020 - 20:43:47: [SM] Call stack trace:
L 12/19/2020 - 20:43:47: [SM]   [1] Line 202, restrictinc/events.sp::CS_OnBuyCommand
L 12/19/2020 - 20:45:13: [SM] Exception reported: Array index out-of-bounds (index 64, limit 55)
L 12/19/2020 - 20:45:13: [SM] Blaming: weapon_restrict.smx
L 12/19/2020 - 20:45:13: [SM] Call stack trace:
L 12/19/2020 - 20:45:13: [SM]   [1] Line 202, restrictinc/events.sp::CS_OnBuyCommand
L 12/19/2020 - 20:45:26: [SM] Exception reported: Array index out-of-bounds (index 64, limit 55)
L 12/19/2020 - 20:45:26: [SM] Blaming: weapon_restrict.smx
L 12/19/2020 - 20:45:26: [SM] Call stack trace:
L 12/19/2020 - 20:45:26: [SM]   [1] Line 202, restrictinc/events.sp::CS_OnBuyCommand
L 12/19/2020 - 20:45:28: [SM] Exception reported: Array index out-of-bounds (index 64, limit 55)
L 12/19/2020 - 20:45:28: [SM] Blaming: weapon_restrict.smx
L 12/19/2020 - 20:45:28: [SM] Call stack trace:
L 12/19/2020 - 20:45:28: [SM]   [1] Line 202, restrictinc/events.sp::CS_OnBuyCommand
L 12/19/2020 - 20:47:18: [SM] Exception reported: Array index out-of-bounds (index 64, limit 55)
L 12/19/2020 - 20:47:18: [SM] Blaming: weapon_restrict.smx
L 12/19/2020 - 20:47:18: [SM] Call stack trace:
L 12/19/2020 - 20:47:18: [SM]   [1] Line 202, restrictinc/events.sp::CS_OnBuyCommand
L 12/19/2020 - 20:47:56: Error log file session closed.
L 12/19/2020 - 20:47:56: SourceMod error session started
L 12/19/2020 - 20:47:56: Info (map "de_nuke") (file "/home/tcagame/jackm1/527/csgo/addons/sourcemod/logs/errors_20201219.log")
L 12/19/2020 - 20:47:56: [SM] Fatal error encountered parsing translation file "advadmin.phrases.txt"
L 12/19/2020 - 20:47:56: [SM] Error (line 0, column 0): Stream failed to open
L 12/19/2020 - 20:48:29: [SM] Exception reported: Language phrase "Player_Connected" not found (arg 3)
L 12/19/2020 - 20:48:29: [SM] Blaming: advadmin.smx
L 12/19/2020 - 20:48:29: [SM] Call stack trace:
L 12/19/2020 - 20:48:29: [SM]   [0] VFormat
L 12/19/2020 - 20:48:29: [SM]   [1] Line 386, /groups/sourcemod/compiler-1.10/include/halflife.inc::PrintToChatAll
L 12/19/2020 - 20:48:29: [SM]   [2] Line 145, /home/groups/sourcemod/upload_tmp/phpRYtiXm.sp::OnClientAuthorized
L 12/19/2020 - 20:49:06: [SM] Exception reported: Language phrase "Player_Connected" not found (arg 3)
L 12/19/2020 - 20:49:06: [SM] Blaming: advadmin.smx
L 12/19/2020 - 20:49:06: [SM] Call stack trace:
L 12/19/2020 - 20:49:06: [SM]   [0] VFormat
L 12/19/2020 - 20:49:06: [SM]   [1] Line 386, /groups/sourcemod/compiler-1.10/include/halflife.inc::PrintToChatAll
L 12/19/2020 - 20:49:06: [SM]   [2] Line 145, /home/groups/sourcemod/upload_tmp/phpRYtiXm.sp::OnClientAuthorized
L 12/19/2020 - 20:49:09: [SM] Exception reported: Array index out-of-bounds (index 64, limit 55)
L 12/19/2020 - 20:49:09: [SM] Blaming: weapon_restrict.smx
L 12/19/2020 - 20:49:09: [SM] Call stack trace:
L 12/19/2020 - 20:49:09: [SM]   [1] Line 202, restrictinc/events.sp::CS_OnBuyCommand
L 12/19/2020 - 20:49:15: [SM] Exception reported: Language phrase "Player_Connected_From" not found (arg 3)
L 12/19/2020 - 20:49:15: [SM] Blaming: advadmin.smx
L 12/19/2020 - 20:49:15: [SM] Call stack trace:
L 12/19/2020 - 20:49:15: [SM]   [0] VFormat
L 12/19/2020 - 20:49:15: [SM]   [1] Line 386, /groups/sourcemod/compiler-1.10/include/halflife.inc::PrintToChatAll
L 12/19/2020 - 20:49:15: [SM]   [2] Line 141, /home/groups/sourcemod/upload_tmp/phpRYtiXm.sp::OnClientAuthorized
L 12/19/2020 - 20:49:40: [SM] Exception reported: Array index out-of-bounds (index 64, limit 55)
L 12/19/2020 - 20:49:40: [SM] Blaming: weapon_restrict.smx
L 12/19/2020 - 20:49:40: [SM] Call stack trace:
L 12/19/2020 - 20:49:40: [SM]   [1] Line 202, restrictinc/events.sp::CS_OnBuyCommand
L 12/19/2020 - 20:50:52: [SM] Exception reported: Array index out-of-bounds (index 64, limit 55)
L 12/19/2020 - 20:50:52: [SM] Blaming: weapon_restrict.smx
L 12/19/2020 - 20:50:52: [SM] Call stack trace:
L 12/19/2020 - 20:50:52: [SM]   [1] Line 202, restrictinc/events.sp::CS_OnBuyCommand
L 12/19/2020 - 20:50:55: [SM] Exception reported: Array index out-of-bounds (index 64, limit 55)
L 12/19/2020 - 20:50:55: [SM] Blaming: weapon_restrict.smx
L 12/19/2020 - 20:50:55: [SM] Call stack trace:
L 12/19/2020 - 20:50:55: [SM]   [1] Line 202, restrictinc/events.sp::CS_OnBuyCommand
L 12/19/2020 - 20:50:55: [SM] Exception reported: Array index out-of-bounds (index 64, limit 55)
L 12/19/2020 - 20:50:55: [SM] Blaming: weapon_restrict.smx
L 12/19/2020 - 20:50:55: [SM] Call stack trace:
L 12/19/2020 - 20:50:55: [SM]   [1] Line 202, restrictinc/events.sp::CS_OnBuyCommand
L 12/19/2020 - 20:50:58: [SM] Exception reported: Array index out-of-bounds (index 64, limit 55)
L 12/19/2020 - 20:50:58: [SM] Blaming: weapon_restrict.smx
L 12/19/2020 - 20:50:58: [SM] Call stack trace:
L 12/19/2020 - 20:50:58: [SM]   [1] Line 202, restrictinc/events.sp::CS_OnBuyCommand
L 12/19/2020 - 20:51:07: [SM] Exception reported: Array index out-of-bounds (index 64, limit 55)
L 12/19/2020 - 20:51:07: [SM] Blaming: weapon_restrict.smx
L 12/19/2020 - 20:51:07: [SM] Call stack trace:
L 12/19/2020 - 20:51:07: [SM]   [1] Line 202, restrictinc/events.sp::CS_OnBuyCommand
L 12/19/2020 - 20:51:58: [SM] Exception reported: Array index out-of-bounds (index 64, limit 55)
L 12/19/2020 - 20:51:58: [SM] Blaming: weapon_restrict.smx
L 12/19/2020 - 20:51:58: [SM] Call stack trace:
L 12/19/2020 - 20:51:58: [SM]   [1] Line 202, restrictinc/events.sp::CS_OnBuyCommand
L 12/19/2020 - 20:51:59: [SM] Exception reported: Array index out-of-bounds (index 64, limit 55)
L 12/19/2020 - 20:51:59: [SM] Blaming: weapon_restrict.smx
L 12/19/2020 - 20:51:59: [SM] Call stack trace:
L 12/19/2020 - 20:51:59: [SM]   [1] Line 202, restrictinc/events.sp::CS_OnBuyCommand
L 12/19/2020 - 20:52:03: [SM] Exception reported: Array index out-of-bounds (index 64, limit 55)
L 12/19/2020 - 20:52:03: [SM] Blaming: weapon_restrict.smx
L 12/19/2020 - 20:52:03: [SM] Call stack trace:
L 12/19/2020 - 20:52:03: [SM]   [1] Line 202, restrictinc/events.sp::CS_OnBuyCommand
L 12/19/2020 - 20:52:54: [SM] Exception reported: Array index out-of-bounds (index 64, limit 55)
L 12/19/2020 - 20:52:54: [SM] Blaming: weapon_restrict.smx
L 12/19/2020 - 20:52:54: [SM] Call stack trace:
L 12/19/2020 - 20:52:54: [SM]   [1] Line 202, restrictinc/events.sp::CS_OnBuyCommand
L 12/19/2020 - 20:56:23: [SM] Exception reported: Array index out-of-bounds (index 64, limit 55)
L 12/19/2020 - 20:56:23: [SM] Blaming: weapon_restrict.smx
L 12/19/2020 - 20:56:23: [SM] Call stack trace:
L 12/19/2020 - 20:56:23: [SM]   [1] Line 202, restrictinc/events.sp::CS_OnBuyCommand
L 12/19/2020 - 20:59:46: [SM] Exception reported: Array index out-of-bounds (index 64, limit 55)
L 12/19/2020 - 20:59:46: [SM] Blaming: weapon_restrict.smx
L 12/19/2020 - 20:59:46: [SM] Call stack trace:
L 12/19/2020 - 20:59:46: [SM]   [1] Line 202, restrictinc/events.sp::CS_OnBuyCommand
L 12/19/2020 - 21:00:22: [SM] Exception reported: Language phrase "Player_Connected" not found (arg 3)
L 12/19/2020 - 21:00:22: [SM] Blaming: advadmin.smx
L 12/19/2020 - 21:00:22: [SM] Call stack trace:
L 12/19/2020 - 21:00:22: [SM]   [0] VFormat
L 12/19/2020 - 21:00:22: [SM]   [1] Line 386, /groups/sourcemod/compiler-1.10/include/halflife.inc::PrintToChatAll
L 12/19/2020 - 21:00:22: [SM]   [2] Line 145, /home/groups/sourcemod/upload_tmp/phpRYtiXm.sp::OnClientAuthorized
L 12/19/2020 - 21:00:27: [SM] Exception reported: Language phrase "CMD_Swap" not found (arg 5)
L 12/19/2020 - 21:00:27: [SM] Blaming: advadmin.smx
L 12/19/2020 - 21:00:27: [SM] Call stack trace:
L 12/19/2020 - 21:00:27: [SM]   [0] ShowActivity2
L 12/19/2020 - 21:00:27: [SM]   [1] Line 735, /home/groups/sourcemod/upload_tmp/phpRYtiXm.sp::CMD_Swap
L 12/19/2020 - 21:00:45: [SM] Exception reported: Language phrase "Player_Connected_From" not found (arg 3)
L 12/19/2020 - 21:00:45: [SM] Blaming: advadmin.smx
L 12/19/2020 - 21:00:45: [SM] Call stack trace:
L 12/19/2020 - 21:00:45: [SM]   [0] VFormat
L 12/19/2020 - 21:00:45: [SM]   [1] Line 386, /groups/sourcemod/compiler-1.10/include/halflife.inc::PrintToChatAll
L 12/19/2020 - 21:00:45: [SM]   [2] Line 141, /home/groups/sourcemod/upload_tmp/phpRYtiXm.sp::OnClientAuthorized
L 12/19/2020 - 21:02:02: [SM] Exception reported: Array index out-of-bounds (index 64, limit 55)
L 12/19/2020 - 21:02:02: [SM] Blaming: weapon_restrict.smx
L 12/19/2020 - 21:02:02: [SM] Call stack trace:
L 12/19/2020 - 21:02:02: [SM]   [1] Line 202, restrictinc/events.sp::CS_OnBuyCommand
L 12/19/2020 - 21:02:11: [SM] Exception reported: Array index out-of-bounds (index 64, limit 55)
L 12/19/2020 - 21:02:11: [SM] Blaming: weapon_restrict.smx
L 12/19/2020 - 21:02:11: [SM] Call stack trace:
L 12/19/2020 - 21:02:11: [SM]   [1] Line 202, restrictinc/events.sp::CS_OnBuyCommand
L 12/19/2020 - 21:03:26: Error log file session closed.
L 12/19/2020 - 21:03:26: SourceMod error session started
L 12/19/2020 - 21:03:26: Info (map "de_train") (file "/home/tcagame/jackm1/527/csgo/addons/sourcemod/logs/errors_20201219.log")
L 12/19/2020 - 21:03:26: [SM] Fatal error encountered parsing translation file "advadmin.phrases.txt"
L 12/19/2020 - 21:03:26: [SM] Error (line 0, column 0): Stream failed to open
L 12/19/2020 - 21:03:57: [SM] Exception reported: Language phrase "CMD_Swap" not found (arg 5)
L 12/19/2020 - 21:03:57: [SM] Blaming: advadmin.smx
L 12/19/2020 - 21:03:57: [SM] Call stack trace:
L 12/19/2020 - 21:03:57: [SM]   [0] ShowActivity2
L 12/19/2020 - 21:03:57: [SM]   [1] Line 735, /home/groups/sourcemod/upload_tmp/phpRYtiXm.sp::CMD_Swap
L 12/19/2020 - 21:04:38: [SM] Exception reported: Array index out-of-bounds (index 64, limit 55)
L 12/19/2020 - 21:04:38: [SM] Blaming: weapon_restrict.smx
L 12/19/2020 - 21:04:38: [SM] Call stack trace:
L 12/19/2020 - 21:04:38: [SM]   [1] Line 202, restrictinc/events.sp::CS_OnBuyCommand
L 12/19/2020 - 21:04:39: [SM] Exception reported: Array index out-of-bounds (index 64, limit 55)
L 12/19/2020 - 21:04:39: [SM] Blaming: weapon_restrict.smx
L 12/19/2020 - 21:04:39: [SM] Call stack trace:
L 12/19/2020 - 21:04:39: [SM]   [1] Line 202, restrictinc/events.sp::CS_OnBuyCommand
L 12/19/2020 - 21:05:36: [SM] Exception reported: Array index out-of-bounds (index 64, limit 55)
L 12/19/2020 - 21:05:36: [SM] Blaming: weapon_restrict.smx
L 12/19/2020 - 21:05:36: [SM] Call stack trace:
L 12/19/2020 - 21:05:36: [SM]   [1] Line 202, restrictinc/events.sp::CS_OnBuyCommand
L 12/19/2020 - 21:05:40: [SM] Exception reported: Array index out-of-bounds (index 64, limit 55)
L 12/19/2020 - 21:05:40: [SM] Blaming: weapon_restrict.smx
L 12/19/2020 - 21:05:40: [SM] Call stack trace:
L 12/19/2020 - 21:05:40: [SM]   [1] Line 202, restrictinc/events.sp::CS_OnBuyCommand
L 12/19/2020 - 21:05:48: [SM] Exception reported: Array index out-of-bounds (index 64, limit 55)
L 12/19/2020 - 21:05:48: [SM] Blaming: weapon_restrict.smx
L 12/19/2020 - 21:05:48: [SM] Call stack trace:
L 12/19/2020 - 21:05:48: [SM]   [1] Line 202, restrictinc/events.sp::CS_OnBuyCommand
L 12/19/2020 - 21:05:49: [SM] Exception reported: Array index out-of-bounds (index 64, limit 55)
L 12/19/2020 - 21:05:49: [SM] Blaming: weapon_restrict.smx
L 12/19/2020 - 21:05:49: [SM] Call stack trace:
L 12/19/2020 - 21:05:49: [SM]   [1] Line 202, restrictinc/events.sp::CS_OnBuyCommand
L 12/19/2020 - 21:05:53: [SM] Exception reported: Array index out-of-bounds (index 64, limit 55)
L 12/19/2020 - 21:05:53: [SM] Blaming: weapon_restrict.smx
L 12/19/2020 - 21:05:53: [SM] Call stack trace:
L 12/19/2020 - 21:05:53: [SM]   [1] Line 202, restrictinc/events.sp::CS_OnBuyCommand
L 12/19/2020 - 21:05:56: [SM] Exception reported: Array index out-of-bounds (index 64, limit 55)
L 12/19/2020 - 21:05:56: [SM] Blaming: weapon_restrict.smx
L 12/19/2020 - 21:05:56: [SM] Call stack trace:
L 12/19/2020 - 21:05:56: [SM]   [1] Line 202, restrictinc/events.sp::CS_OnBuyCommand
L 12/19/2020 - 21:06:25: [SM] Exception reported: Array index out-of-bounds (index 64, limit 55)
L 12/19/2020 - 21:06:25: [SM] Blaming: weapon_restrict.smx
L 12/19/2020 - 21:06:25: [SM] Call stack trace:
L 12/19/2020 - 21:06:25: [SM]   [1] Line 202, restrictinc/events.sp::CS_OnBuyCommand
L 12/19/2020 - 21:06:45: [SM] Exception reported: Language phrase "Player_Connected_From" not found (arg 3)
L 12/19/2020 - 21:06:45: [SM] Blaming: advadmin.smx
L 12/19/2020 - 21:06:45: [SM] Call stack trace:
L 12/19/2020 - 21:06:45: [SM]   [0] VFormat
L 12/19/2020 - 21:06:45: [SM]   [1] Line 386, /groups/sourcemod/compiler-1.10/include/halflife.inc::PrintToChatAll
L 12/19/2020 - 21:06:45: [SM]   [2] Line 141, /home/groups/sourcemod/upload_tmp/phpRYtiXm.sp::OnClientAuthorized
L 12/19/2020 - 21:07:40: [SM] Exception reported: Array index out-of-bounds (index 64, limit 55)
L 12/19/2020 - 21:07:40: [SM] Blaming: weapon_restrict.smx
L 12/19/2020 - 21:07:40: [SM] Call stack trace:
L 12/19/2020 - 21:07:40: [SM]   [1] Line 202, restrictinc/events.sp::CS_OnBuyCommand
L 12/19/2020 - 21:07:43: [SM] Exception reported: Array index out-of-bounds (index 64, limit 55)
L 12/19/2020 - 21:07:43: [SM] Blaming: weapon_restrict.smx
L 12/19/2020 - 21:07:43: [SM] Call stack trace:
L 12/19/2020 - 21:07:43: [SM]   [1] Line 202, restrictinc/events.sp::CS_OnBuyCommand
L 12/19/2020 - 21:08:37: [SM] Exception reported: Array index out-of-bounds (index 64, limit 55)
L 12/19/2020 - 21:08:37: [SM] Blaming: weapon_restrict.smx
L 12/19/2020 - 21:08:37: [SM] Call stack trace:
L 12/19/2020 - 21:08:37: [SM]   [1] Line 202, restrictinc/events.sp::CS_OnBuyCommand
L 12/19/2020 - 21:08:49: [SM] Exception reported: Array index out-of-bounds (index 64, limit 55)
L 12/19/2020 - 21:08:49: [SM] Blaming: weapon_restrict.smx
L 12/19/2020 - 21:08:49: [SM] Call stack trace:
L 12/19/2020 - 21:08:49: [SM]   [1] Line 202, restrictinc/events.sp::CS_OnBuyCommand
L 12/19/2020 - 21:09:34: [SM] Exception reported: Array index out-of-bounds (index 64, limit 55)
L 12/19/2020 - 21:09:34: [SM] Blaming: weapon_restrict.smx
L 12/19/2020 - 21:09:34: [SM] Call stack trace:
L 12/19/2020 - 21:09:34: [SM]   [1] Line 202, restrictinc/events.sp::CS_OnBuyCommand
L 12/19/2020 - 21:09:35: [SM] Exception reported: Array index out-of-bounds (index 64, limit 55)
L 12/19/2020 - 21:09:35: [SM] Blaming: weapon_restrict.smx
L 12/19/2020 - 21:09:35: [SM] Call stack trace:
L 12/19/2020 - 21:09:35: [SM]   [1] Line 202, restrictinc/events.sp::CS_OnBuyCommand
L 12/19/2020 - 21:11:38: [SM] Exception reported: Array index out-of-bounds (index 64, limit 55)
L 12/19/2020 - 21:11:38: [SM] Blaming: weapon_restrict.smx
L 12/19/2020 - 21:11:38: [SM] Call stack trace:
L 12/19/2020 - 21:11:38: [SM]   [1] Line 202, restrictinc/events.sp::CS_OnBuyCommand
L 12/19/2020 - 21:11:38: [SM] Exception reported: Array index out-of-bounds (index 64, limit 55)
L 12/19/2020 - 21:11:38: [SM] Blaming: weapon_restrict.smx
L 12/19/2020 - 21:11:38: [SM] Call stack trace:
L 12/19/2020 - 21:11:38: [SM]   [1] Line 202, restrictinc/events.sp::CS_OnBuyCommand
L 12/19/2020 - 21:13:50: [SM] Exception reported: Array index out-of-bounds (index 64, limit 55)
L 12/19/2020 - 21:13:50: [SM] Blaming: weapon_restrict.smx
L 12/19/2020 - 21:13:50: [SM] Call stack trace:
L 12/19/2020 - 21:13:50: [SM]   [1] Line 202, restrictinc/events.sp::CS_OnBuyCommand
L 12/19/2020 - 21:13:54: [SM] Exception reported: Array index out-of-bounds (index 64, limit 55)
L 12/19/2020 - 21:13:54: [SM] Blaming: weapon_restrict.smx
L 12/19/2020 - 21:13:54: [SM] Call stack trace:
L 12/19/2020 - 21:13:54: [SM]   [1] Line 202, restrictinc/events.sp::CS_OnBuyCommand
L 12/19/2020 - 21:15:40: [SM] Exception reported: Array index out-of-bounds (index 64, limit 55)
L 12/19/2020 - 21:15:40: [SM] Blaming: weapon_restrict.smx
L 12/19/2020 - 21:15:40: [SM] Call stack trace:
L 12/19/2020 - 21:15:40: [SM]   [1] Line 202, restrictinc/events.sp::CS_OnBuyCommand
L 12/19/2020 - 21:15:52: [SM] Exception reported: Language phrase "Player_Connected_From" not found (arg 3)
L 12/19/2020 - 21:15:52: [SM] Blaming: advadmin.smx
L 12/19/2020 - 21:15:52: [SM] Call stack trace:
L 12/19/2020 - 21:15:52: [SM]   [0] VFormat
L 12/19/2020 - 21:15:52: [SM]   [1] Line 386, /groups/sourcemod/compiler-1.10/include/halflife.inc::PrintToChatAll
L 12/19/2020 - 21:15:52: [SM]   [2] Line 141, /home/groups/sourcemod/upload_tmp/phpRYtiXm.sp::OnClientAuthorized
L 12/19/2020 - 21:17:23: [SM] Exception reported: Array index out-of-bounds (index 64, limit 55)
L 12/19/2020 - 21:17:23: [SM] Blaming: weapon_restrict.smx
L 12/19/2020 - 21:17:23: [SM] Call stack trace:
L 12/19/2020 - 21:17:23: [SM]   [1] Line 202, restrictinc/events.sp::CS_OnBuyCommand
L 12/19/2020 - 21:19:36: [SM] Exception reported: Array index out-of-bounds (index 64, limit 55)
L 12/19/2020 - 21:19:36: [SM] Blaming: weapon_restrict.smx
L 12/19/2020 - 21:19:36: [SM] Call stack trace:
L 12/19/2020 - 21:19:36: [SM]   [1] Line 202, restrictinc/events.sp::CS_OnBuyCommand
L 12/19/2020 - 21:19:42: [SM] Exception reported: Array index out-of-bounds (index 64, limit 55)
L 12/19/2020 - 21:19:42: [SM] Blaming: weapon_restrict.smx
L 12/19/2020 - 21:19:42: [SM] Call stack trace:
L 12/19/2020 - 21:19:42: [SM]   [1] Line 202, restrictinc/events.sp::CS_OnBuyCommand
L 12/19/2020 - 21:20:54: [SM] Exception reported: Array index out-of-bounds (index 64, limit 55)
L 12/19/2020 - 21:20:54: [SM] Blaming: weapon_restrict.smx
L 12/19/2020 - 21:20:54: [SM] Call stack trace:
L 12/19/2020 - 21:20:54: [SM]   [1] Line 202, restrictinc/events.sp::CS_OnBuyCommand
L 12/19/2020 - 21:20:56: [SM] Exception reported: Array index out-of-bounds (index 64, limit 55)
L 12/19/2020 - 21:20:56: [SM] Blaming: weapon_restrict.smx
L 12/19/2020 - 21:20:56: [SM] Call stack trace:
L 12/19/2020 - 21:20:56: [SM]   [1] Line 202, restrictinc/events.sp::CS_OnBuyCommand
L 12/19/2020 - 21:20:58: [SM] Exception reported: Array index out-of-bounds (index 64, limit 55)
L 12/19/2020 - 21:20:58: [SM] Blaming: weapon_restrict.smx
L 12/19/2020 - 21:20:58: [SM] Call stack trace:
L 12/19/2020 - 21:20:58: [SM]   [1] Line 202, restrictinc/events.sp::CS_OnBuyCommand
L 12/19/2020 - 21:24:14: [SM] Exception reported: Array index out-of-bounds (index 64, limit 55)
L 12/19/2020 - 21:24:14: [SM] Blaming: weapon_restrict.smx
L 12/19/2020 - 21:24:14: [SM] Call stack trace:
L 12/19/2020 - 21:24:14: [SM]   [1] Line 202, restrictinc/events.sp::CS_OnBuyCommand
L 12/19/2020 - 21:25:51: [SM] Exception reported: Array index out-of-bounds (index 64, limit 55)
L 12/19/2020 - 21:25:51: [SM] Blaming: weapon_restrict.smx
L 12/19/2020 - 21:25:51: [SM] Call stack trace:
L 12/19/2020 - 21:25:51: [SM]   [1] Line 202, restrictinc/events.sp::CS_OnBuyCommand
L 12/19/2020 - 21:26:43: [SM] Exception reported: Array index out-of-bounds (index 64, limit 55)
L 12/19/2020 - 21:26:43: [SM] Blaming: weapon_restrict.smx
L 12/19/2020 - 21:26:43: [SM] Call stack trace:
L 12/19/2020 - 21:26:43: [SM]   [1] Line 202, restrictinc/events.sp::CS_OnBuyCommand
L 12/19/2020 - 21:28:39: [SM] Exception reported: Array index out-of-bounds (index 64, limit 55)
L 12/19/2020 - 21:28:39: [SM] Blaming: weapon_restrict.smx
L 12/19/2020 - 21:28:39: [SM] Call stack trace:
L 12/19/2020 - 21:28:39: [SM]   [1] Line 202, restrictinc/events.sp::CS_OnBuyCommand
L 12/19/2020 - 21:28:40: [SM] Exception reported: Array index out-of-bounds (index 64, limit 55)
L 12/19/2020 - 21:28:40: [SM] Blaming: weapon_restrict.smx
L 12/19/2020 - 21:28:40: [SM] Call stack trace:
L 12/19/2020 - 21:28:40: [SM]   [1] Line 202, restrictinc/events.sp::CS_OnBuyCommand
L 12/19/2020 - 21:28:43: [SM] Exception reported: Array index out-of-bounds (index 64, limit 55)
L 12/19/2020 - 21:28:43: [SM] Blaming: weapon_restrict.smx
L 12/19/2020 - 21:28:43: [SM] Call stack trace:
L 12/19/2020 - 21:28:43: [SM]   [1] Line 202, restrictinc/events.sp::CS_OnBuyCommand
L 12/19/2020 - 21:28:43: [SM] Exception reported: Array index out-of-bounds (index 64, limit 55)
L 12/19/2020 - 21:28:43: [SM] Blaming: weapon_restrict.smx
L 12/19/2020 - 21:28:43: [SM] Call stack trace:
L 12/19/2020 - 21:28:43: [SM]   [1] Line 202, restrictinc/events.sp::CS_OnBuyCommand
L 12/19/2020 - 21:29:46: [SM] Exception reported: Array index out-of-bounds (index 64, limit 55)
L 12/19/2020 - 21:29:46: [SM] Blaming: weapon_restrict.smx
L 12/19/2020 - 21:29:46: [SM] Call stack trace:
L 12/19/2020 - 21:29:46: [SM]   [1] Line 202, restrictinc/events.sp::CS_OnBuyCommand
L 12/19/2020 - 21:29:54: [SM] Exception reported: Array index out-of-bounds (index 64, limit 55)
L 12/19/2020 - 21:29:54: [SM] Blaming: weapon_restrict.smx
L 12/19/2020 - 21:29:54: [SM] Call stack trace:
L 12/19/2020 - 21:29:54: [SM]   [1] Line 202, restrictinc/events.sp::CS_OnBuyCommand
L 12/19/2020 - 21:31:11: [SM] Exception reported: Array index out-of-bounds (index 64, limit 55)
L 12/19/2020 - 21:31:11: [SM] Blaming: weapon_restrict.smx
L 12/19/2020 - 21:31:11: [SM] Call stack trace:
L 12/19/2020 - 21:31:11: [SM]   [1] Line 202, restrictinc/events.sp::CS_OnBuyCommand
L 12/19/2020 - 21:31:15: [SM] Exception reported: Array index out-of-bounds (index 64, limit 55)
L 12/19/2020 - 21:31:15: [SM] Blaming: weapon_restrict.smx
L 12/19/2020 - 21:31:15: [SM] Call stack trace:
L 12/19/2020 - 21:31:15: [SM]   [1] Line 202, restrictinc/events.sp::CS_OnBuyCommand
L 12/19/2020 - 21:32:07: [SM] Exception reported: Array index out-of-bounds (index 64, limit 55)
L 12/19/2020 - 21:32:07: [SM] Blaming: weapon_restrict.smx
L 12/19/2020 - 21:32:07: [SM] Call stack trace:
L 12/19/2020 - 21:32:07: [SM]   [1] Line 202, restrictinc/events.sp::CS_OnBuyCommand
L 12/19/2020 - 21:32:07: [SM] Exception reported: Array index out-of-bounds (index 64, limit 55)
L 12/19/2020 - 21:32:07: [SM] Blaming: weapon_restrict.smx
L 12/19/2020 - 21:32:07: [SM] Call stack trace:
L 12/19/2020 - 21:32:07: [SM]   [1] Line 202, restrictinc/events.sp::CS_OnBuyCommand
L 12/19/2020 - 21:34:03: [SM] Exception reported: Array index out-of-bounds (index 64, limit 55)
L 12/19/2020 - 21:34:03: [SM] Blaming: weapon_restrict.smx
L 12/19/2020 - 21:34:03: [SM] Call stack trace:
L 12/19/2020 - 21:34:03: [SM]   [1] Line 202, restrictinc/events.sp::CS_OnBuyCommand
L 12/19/2020 - 21:34:14: [SM] Exception reported: Array index out-of-bounds (index 64, limit 55)
L 12/19/2020 - 21:34:14: [SM] Blaming: weapon_restrict.smx
L 12/19/2020 - 21:34:14: [SM] Call stack trace:
L 12/19/2020 - 21:34:14: [SM]   [1] Line 202, restrictinc/events.sp::CS_OnBuyCommand
L 12/19/2020 - 21:38:15: [SM] Exception reported: Array index out-of-bounds (index 64, limit 55)
L 12/19/2020 - 21:38:15: [SM] Blaming: weapon_restrict.smx
L 12/19/2020 - 21:38:15: [SM] Call stack trace:
L 12/19/2020 - 21:38:15: [SM]   [1] Line 202, restrictinc/events.sp::CS_OnBuyCommand
L 12/19/2020 - 21:39:03: [SM] Exception reported: Array index out-of-bounds (index 64, limit 55)
L 12/19/2020 - 21:39:03: [SM] Blaming: weapon_restrict.smx
L 12/19/2020 - 21:39:03: [SM] Call stack trace:
L 12/19/2020 - 21:39:03: [SM]   [1] Line 202, restrictinc/events.sp::CS_OnBuyCommand
L 12/19/2020 - 21:39:15: [SM] Exception reported: Array index out-of-bounds (index 64, limit 55)
L 12/19/2020 - 21:39:15: [SM] Blaming: weapon_restrict.smx
L 12/19/2020 - 21:39:15: [SM] Call stack trace:
L 12/19/2020 - 21:39:15: [SM]   [1] Line 202, restrictinc/events.sp::CS_OnBuyCommand
L 12/19/2020 - 21:40:12: [SM] Exception reported: Array index out-of-bounds (index 64, limit 55)
L 12/19/2020 - 21:40:12: [SM] Blaming: weapon_restrict.smx
L 12/19/2020 - 21:40:12: [SM] Call stack trace:
L 12/19/2020 - 21:40:12: [SM]   [1] Line 202, restrictinc/events.sp::CS_OnBuyCommand
L 12/19/2020 - 21:52:03: Error log file session closed.
L 12/19/2020 - 21:52:03: SourceMod error session started
L 12/19/2020 - 21:52:03: Info (map "de_train") (file "/home/tcagame/jackm1/527/csgo/addons/sourcemod/logs/errors_20201219.log")
L 12/19/2020 - 21:52:03: [SM] Fatal error encountered parsing translation file "advadmin.phrases.txt"
L 12/19/2020 - 21:52:03: [SM] Error (line 0, column 0): Stream failed to open
L 12/19/2020 - 21:53:39: [SM] Exception reported: Language phrase "Player_Connected_From" not found (arg 3)
L 12/19/2020 - 21:53:39: [SM] Blaming: advadmin.smx
L 12/19/2020 - 21:53:39: [SM] Call stack trace:
L 12/19/2020 - 21:53:39: [SM]   [0] VFormat
L 12/19/2020 - 21:53:39: [SM]   [1] Line 386, /groups/sourcemod/compiler-1.10/include/halflife.inc::PrintToChatAll
L 12/19/2020 - 21:53:39: [SM]   [2] Line 141, /home/groups/sourcemod/upload_tmp/phpRYtiXm.sp::OnClientAuthorized
L 12/19/2020 - 22:07:48: [SM] Exception reported: Array index out-of-bounds (index 64, limit 55)
L 12/19/2020 - 22:07:48: [SM] Blaming: weapon_restrict.smx
L 12/19/2020 - 22:07:48: [SM] Call stack trace:
L 12/19/2020 - 22:07:48: [SM]   [1] Line 202, restrictinc/events.sp::CS_OnBuyCommand
L 12/19/2020 - 22:19:20: Error log file session closed.
L 12/19/2020 - 22:19:20: SourceMod error session started
L 12/19/2020 - 22:19:20: Info (map "de_train") (file "/home/tcagame/jackm1/527/csgo/addons/sourcemod/logs/errors_20201219.log")
L 12/19/2020 - 22:19:20: [SM] Fatal error encountered parsing translation file "advadmin.phrases.txt"
L 12/19/2020 - 22:19:20: [SM] Error (line 0, column 0): Stream failed to open
L 12/19/2020 - 22:31:00: [SM] Exception reported: Array index out-of-bounds (index 64, limit 55)
L 12/19/2020 - 22:31:00: [SM] Blaming: weapon_restrict.smx
L 12/19/2020 - 22:31:00: [SM] Call stack trace:
L 12/19/2020 - 22:31:00: [SM]   [1] Line 202, restrictinc/events.sp::CS_OnBuyCommand
L 12/19/2020 - 22:54:06: [SM] Exception reported: Array index out-of-bounds (index 64, limit 55)
L 12/19/2020 - 22:54:06: [SM] Blaming: weapon_restrict.smx
L 12/19/2020 - 22:54:06: [SM] Call stack trace:
L 12/19/2020 - 22:54:06: [SM]   [1] Line 202, restrictinc/events.sp::CS_OnBuyCommand
L 12/20/2020 - 01:56:15: Error log file session closed.
