L 02/15/2021 - 09:32:01: SourceMod error session started
L 02/15/2021 - 09:32:01: Info (map "de_shortdust") (file "/home/tcagame/jackm1/599/csgo/addons/sourcemod/logs/errors_20210215.log")
L 02/15/2021 - 09:32:01: [SM] Fatal error encountered parsing translation file "advadmin.phrases.txt"
L 02/15/2021 - 09:32:01: [SM] Error (line 0, column 0): Stream failed to open
L 02/15/2021 - 10:17:49: Error log file session closed.
L 02/15/2021 - 10:17:49: SourceMod error session started
L 02/15/2021 - 10:17:49: Info (map "de_shortdust") (file "/home/tcagame/jackm1/599/csgo/addons/sourcemod/logs/errors_20210215.log")
L 02/15/2021 - 10:17:49: [SM] Fatal error encountered parsing translation file "advadmin.phrases.txt"
L 02/15/2021 - 10:17:49: [SM] Error (line 0, column 0): Stream failed to open
L 02/15/2021 - 10:18:02: [SM] Exception reported: Array index out-of-bounds (index 64, limit 55)
L 02/15/2021 - 10:18:02: [SM] Blaming: weapon_restrict.smx
L 02/15/2021 - 10:18:02: [SM] Call stack trace:
L 02/15/2021 - 10:18:02: [SM]   [1] Line 202, restrictinc/events.sp::CS_OnBuyCommand
L 02/15/2021 - 10:18:05: [SM] Exception reported: Array index out-of-bounds (index 64, limit 55)
L 02/15/2021 - 10:18:05: [SM] Blaming: weapon_restrict.smx
L 02/15/2021 - 10:18:05: [SM] Call stack trace:
L 02/15/2021 - 10:18:05: [SM]   [1] Line 202, restrictinc/events.sp::CS_OnBuyCommand
L 02/15/2021 - 10:18:31: [SM] Exception reported: Array index out-of-bounds (index 64, limit 55)
L 02/15/2021 - 10:18:31: [SM] Blaming: weapon_restrict.smx
L 02/15/2021 - 10:18:31: [SM] Call stack trace:
L 02/15/2021 - 10:18:31: [SM]   [1] Line 202, restrictinc/events.sp::CS_OnBuyCommand
L 02/15/2021 - 10:20:26: Error log file session closed.
L 02/15/2021 - 10:20:26: SourceMod error session started
L 02/15/2021 - 10:20:26: Info (map "de_vertigo") (file "/home/tcagame/jackm1/599/csgo/addons/sourcemod/logs/errors_20210215.log")
L 02/15/2021 - 10:20:26: [SM] Fatal error encountered parsing translation file "advadmin.phrases.txt"
L 02/15/2021 - 10:20:26: [SM] Error (line 0, column 0): Stream failed to open
L 02/15/2021 - 10:20:44: [SM] Exception reported: Array index out-of-bounds (index 64, limit 55)
L 02/15/2021 - 10:20:44: [SM] Blaming: weapon_restrict.smx
L 02/15/2021 - 10:20:44: [SM] Call stack trace:
L 02/15/2021 - 10:20:44: [SM]   [1] Line 202, restrictinc/events.sp::CS_OnBuyCommand
L 02/15/2021 - 10:20:45: [SM] Exception reported: Array index out-of-bounds (index 64, limit 55)
L 02/15/2021 - 10:20:45: [SM] Blaming: weapon_restrict.smx
L 02/15/2021 - 10:20:45: [SM] Call stack trace:
L 02/15/2021 - 10:20:45: [SM]   [1] Line 202, restrictinc/events.sp::CS_OnBuyCommand
L 02/15/2021 - 10:20:54: [SM] Exception reported: Array index out-of-bounds (index 64, limit 55)
L 02/15/2021 - 10:20:54: [SM] Blaming: weapon_restrict.smx
L 02/15/2021 - 10:20:54: [SM] Call stack trace:
L 02/15/2021 - 10:20:54: [SM]   [1] Line 202, restrictinc/events.sp::CS_OnBuyCommand
L 02/15/2021 - 10:20:57: [SM] Exception reported: Array index out-of-bounds (index 64, limit 55)
L 02/15/2021 - 10:20:57: [SM] Blaming: weapon_restrict.smx
L 02/15/2021 - 10:20:57: [SM] Call stack trace:
L 02/15/2021 - 10:20:57: [SM]   [1] Line 202, restrictinc/events.sp::CS_OnBuyCommand
L 02/15/2021 - 10:21:47: [SM] Exception reported: Array index out-of-bounds (index 64, limit 55)
L 02/15/2021 - 10:21:47: [SM] Blaming: weapon_restrict.smx
L 02/15/2021 - 10:21:47: [SM] Call stack trace:
L 02/15/2021 - 10:21:47: [SM]   [1] Line 202, restrictinc/events.sp::CS_OnBuyCommand
L 02/15/2021 - 10:21:50: [SM] Exception reported: Array index out-of-bounds (index 64, limit 55)
L 02/15/2021 - 10:21:50: [SM] Blaming: weapon_restrict.smx
L 02/15/2021 - 10:21:50: [SM] Call stack trace:
L 02/15/2021 - 10:21:50: [SM]   [1] Line 202, restrictinc/events.sp::CS_OnBuyCommand
L 02/15/2021 - 10:23:37: [SM] Exception reported: Array index out-of-bounds (index 64, limit 55)
L 02/15/2021 - 10:23:37: [SM] Blaming: weapon_restrict.smx
L 02/15/2021 - 10:23:37: [SM] Call stack trace:
L 02/15/2021 - 10:23:37: [SM]   [1] Line 202, restrictinc/events.sp::CS_OnBuyCommand
L 02/15/2021 - 10:27:04: [SM] Exception reported: Array index out-of-bounds (index 64, limit 55)
L 02/15/2021 - 10:27:04: [SM] Blaming: weapon_restrict.smx
L 02/15/2021 - 10:27:04: [SM] Call stack trace:
L 02/15/2021 - 10:27:04: [SM]   [1] Line 202, restrictinc/events.sp::CS_OnBuyCommand
L 02/15/2021 - 10:27:52: [SM] Exception reported: Array index out-of-bounds (index 64, limit 55)
L 02/15/2021 - 10:27:52: [SM] Blaming: weapon_restrict.smx
L 02/15/2021 - 10:27:52: [SM] Call stack trace:
L 02/15/2021 - 10:27:52: [SM]   [1] Line 202, restrictinc/events.sp::CS_OnBuyCommand
L 02/15/2021 - 10:27:53: [SM] Exception reported: Array index out-of-bounds (index 64, limit 55)
L 02/15/2021 - 10:27:53: [SM] Blaming: weapon_restrict.smx
L 02/15/2021 - 10:27:53: [SM] Call stack trace:
L 02/15/2021 - 10:27:53: [SM]   [1] Line 202, restrictinc/events.sp::CS_OnBuyCommand
L 02/15/2021 - 12:26:59: Error log file session closed.
L 02/15/2021 - 12:26:59: SourceMod error session started
L 02/15/2021 - 12:26:59: Info (map "de_vertigo") (file "/home/tcagame/jackm1/599/csgo/addons/sourcemod/logs/errors_20210215.log")
L 02/15/2021 - 12:26:59: [SM] Fatal error encountered parsing translation file "advadmin.phrases.txt"
L 02/15/2021 - 12:26:59: [SM] Error (line 0, column 0): Stream failed to open
L 02/15/2021 - 12:52:24: [SM] Exception reported: Language phrase "Player_Connected_From" not found (arg 3)
L 02/15/2021 - 12:52:24: [SM] Blaming: advadmin.smx
L 02/15/2021 - 12:52:24: [SM] Call stack trace:
L 02/15/2021 - 12:52:24: [SM]   [0] VFormat
L 02/15/2021 - 12:52:24: [SM]   [1] Line 386, /groups/sourcemod/compiler-1.10/include/halflife.inc::PrintToChatAll
L 02/15/2021 - 12:52:24: [SM]   [2] Line 141, /home/groups/sourcemod/upload_tmp/phpRYtiXm.sp::OnClientAuthorized
L 02/15/2021 - 12:53:09: [SM] Exception reported: Language phrase "Player_Connected" not found (arg 3)
L 02/15/2021 - 12:53:09: [SM] Blaming: advadmin.smx
L 02/15/2021 - 12:53:09: [SM] Call stack trace:
L 02/15/2021 - 12:53:09: [SM]   [0] VFormat
L 02/15/2021 - 12:53:09: [SM]   [1] Line 386, /groups/sourcemod/compiler-1.10/include/halflife.inc::PrintToChatAll
L 02/15/2021 - 12:53:09: [SM]   [2] Line 145, /home/groups/sourcemod/upload_tmp/phpRYtiXm.sp::OnClientAuthorized
L 02/15/2021 - 12:53:10: [SM] Exception reported: Language phrase "Player_Connected_From" not found (arg 3)
L 02/15/2021 - 12:53:10: [SM] Blaming: advadmin.smx
L 02/15/2021 - 12:53:10: [SM] Call stack trace:
L 02/15/2021 - 12:53:10: [SM]   [0] VFormat
L 02/15/2021 - 12:53:10: [SM]   [1] Line 386, /groups/sourcemod/compiler-1.10/include/halflife.inc::PrintToChatAll
L 02/15/2021 - 12:53:10: [SM]   [2] Line 141, /home/groups/sourcemod/upload_tmp/phpRYtiXm.sp::OnClientAuthorized
L 02/15/2021 - 12:53:14: [SM] Exception reported: Language phrase "Player_Connected_From" not found (arg 3)
L 02/15/2021 - 12:53:14: [SM] Blaming: advadmin.smx
L 02/15/2021 - 12:53:14: [SM] Call stack trace:
L 02/15/2021 - 12:53:14: [SM]   [0] VFormat
L 02/15/2021 - 12:53:14: [SM]   [1] Line 386, /groups/sourcemod/compiler-1.10/include/halflife.inc::PrintToChatAll
L 02/15/2021 - 12:53:14: [SM]   [2] Line 141, /home/groups/sourcemod/upload_tmp/phpRYtiXm.sp::OnClientAuthorized
L 02/15/2021 - 12:56:07: [SM] Exception reported: Language phrase "Player_Connected_From" not found (arg 3)
L 02/15/2021 - 12:56:07: [SM] Blaming: advadmin.smx
L 02/15/2021 - 12:56:07: [SM] Call stack trace:
L 02/15/2021 - 12:56:07: [SM]   [0] VFormat
L 02/15/2021 - 12:56:07: [SM]   [1] Line 386, /groups/sourcemod/compiler-1.10/include/halflife.inc::PrintToChatAll
L 02/15/2021 - 12:56:07: [SM]   [2] Line 141, /home/groups/sourcemod/upload_tmp/phpRYtiXm.sp::OnClientAuthorized
L 02/15/2021 - 12:57:35: Error log file session closed.
L 02/15/2021 - 12:57:35: SourceMod error session started
L 02/15/2021 - 12:57:35: Info (map "de_shortdust") (file "/home/tcagame/jackm1/599/csgo/addons/sourcemod/logs/errors_20210215.log")
L 02/15/2021 - 12:57:35: [SM] Fatal error encountered parsing translation file "advadmin.phrases.txt"
L 02/15/2021 - 12:57:35: [SM] Error (line 0, column 0): Stream failed to open
L 02/15/2021 - 12:57:50: [SM] Exception reported: Language phrase "Player_Connected" not found (arg 3)
L 02/15/2021 - 12:57:50: [SM] Blaming: advadmin.smx
L 02/15/2021 - 12:57:50: [SM] Call stack trace:
L 02/15/2021 - 12:57:50: [SM]   [0] VFormat
L 02/15/2021 - 12:57:50: [SM]   [1] Line 386, /groups/sourcemod/compiler-1.10/include/halflife.inc::PrintToChatAll
L 02/15/2021 - 12:57:50: [SM]   [2] Line 145, /home/groups/sourcemod/upload_tmp/phpRYtiXm.sp::OnClientAuthorized
L 02/15/2021 - 12:59:31: [SM] Exception reported: Array index out-of-bounds (index 64, limit 55)
L 02/15/2021 - 12:59:31: [SM] Blaming: weapon_restrict.smx
L 02/15/2021 - 12:59:31: [SM] Call stack trace:
L 02/15/2021 - 12:59:31: [SM]   [1] Line 202, restrictinc/events.sp::CS_OnBuyCommand
L 02/15/2021 - 12:59:34: [SM] Exception reported: Array index out-of-bounds (index 64, limit 55)
L 02/15/2021 - 12:59:34: [SM] Blaming: weapon_restrict.smx
L 02/15/2021 - 12:59:34: [SM] Call stack trace:
L 02/15/2021 - 12:59:34: [SM]   [1] Line 202, restrictinc/events.sp::CS_OnBuyCommand
L 02/15/2021 - 12:59:36: [SM] Exception reported: Array index out-of-bounds (index 64, limit 55)
L 02/15/2021 - 12:59:36: [SM] Blaming: weapon_restrict.smx
L 02/15/2021 - 12:59:36: [SM] Call stack trace:
L 02/15/2021 - 12:59:36: [SM]   [1] Line 202, restrictinc/events.sp::CS_OnBuyCommand
L 02/15/2021 - 12:59:37: [SM] Exception reported: Array index out-of-bounds (index 64, limit 55)
L 02/15/2021 - 12:59:37: [SM] Blaming: weapon_restrict.smx
L 02/15/2021 - 12:59:37: [SM] Call stack trace:
L 02/15/2021 - 12:59:37: [SM]   [1] Line 202, restrictinc/events.sp::CS_OnBuyCommand
L 02/15/2021 - 13:05:31: [SM] Exception reported: Language phrase "Player_Connected_From" not found (arg 3)
L 02/15/2021 - 13:05:31: [SM] Blaming: advadmin.smx
L 02/15/2021 - 13:05:31: [SM] Call stack trace:
L 02/15/2021 - 13:05:31: [SM]   [0] VFormat
L 02/15/2021 - 13:05:31: [SM]   [1] Line 386, /groups/sourcemod/compiler-1.10/include/halflife.inc::PrintToChatAll
L 02/15/2021 - 13:05:31: [SM]   [2] Line 141, /home/groups/sourcemod/upload_tmp/phpRYtiXm.sp::OnClientAuthorized
L 02/15/2021 - 13:05:38: [SM] Exception reported: Language phrase "Player_Connected_From" not found (arg 3)
L 02/15/2021 - 13:05:38: [SM] Blaming: advadmin.smx
L 02/15/2021 - 13:05:38: [SM] Call stack trace:
L 02/15/2021 - 13:05:38: [SM]   [0] VFormat
L 02/15/2021 - 13:05:38: [SM]   [1] Line 386, /groups/sourcemod/compiler-1.10/include/halflife.inc::PrintToChatAll
L 02/15/2021 - 13:05:38: [SM]   [2] Line 141, /home/groups/sourcemod/upload_tmp/phpRYtiXm.sp::OnClientAuthorized
L 02/15/2021 - 13:05:52: [SM] Exception reported: Language phrase "Player_Connected_From" not found (arg 3)
L 02/15/2021 - 13:05:52: [SM] Blaming: advadmin.smx
L 02/15/2021 - 13:05:52: [SM] Call stack trace:
L 02/15/2021 - 13:05:52: [SM]   [0] VFormat
L 02/15/2021 - 13:05:52: [SM]   [1] Line 386, /groups/sourcemod/compiler-1.10/include/halflife.inc::PrintToChatAll
L 02/15/2021 - 13:05:52: [SM]   [2] Line 141, /home/groups/sourcemod/upload_tmp/phpRYtiXm.sp::OnClientAuthorized
L 02/15/2021 - 13:08:35: [SM] Exception reported: Array index out-of-bounds (index 64, limit 55)
L 02/15/2021 - 13:08:35: [SM] Blaming: weapon_restrict.smx
L 02/15/2021 - 13:08:35: [SM] Call stack trace:
L 02/15/2021 - 13:08:35: [SM]   [1] Line 202, restrictinc/events.sp::CS_OnBuyCommand
L 02/15/2021 - 13:08:38: [SM] Exception reported: Array index out-of-bounds (index 64, limit 55)
L 02/15/2021 - 13:08:38: [SM] Blaming: weapon_restrict.smx
L 02/15/2021 - 13:08:38: [SM] Call stack trace:
L 02/15/2021 - 13:08:38: [SM]   [1] Line 202, restrictinc/events.sp::CS_OnBuyCommand
L 02/15/2021 - 13:09:07: [SM] Exception reported: Array index out-of-bounds (index 64, limit 55)
L 02/15/2021 - 13:09:07: [SM] Blaming: weapon_restrict.smx
L 02/15/2021 - 13:09:07: [SM] Call stack trace:
L 02/15/2021 - 13:09:07: [SM]   [1] Line 202, restrictinc/events.sp::CS_OnBuyCommand
L 02/15/2021 - 13:09:11: [SM] Exception reported: Array index out-of-bounds (index 64, limit 55)
L 02/15/2021 - 13:09:11: [SM] Blaming: weapon_restrict.smx
L 02/15/2021 - 13:09:11: [SM] Call stack trace:
L 02/15/2021 - 13:09:11: [SM]   [1] Line 202, restrictinc/events.sp::CS_OnBuyCommand
L 02/15/2021 - 13:12:48: [SM] Exception reported: Array index out-of-bounds (index 64, limit 55)
L 02/15/2021 - 13:12:48: [SM] Blaming: weapon_restrict.smx
L 02/15/2021 - 13:12:48: [SM] Call stack trace:
L 02/15/2021 - 13:12:48: [SM]   [1] Line 202, restrictinc/events.sp::CS_OnBuyCommand
L 02/15/2021 - 16:37:18: Error log file session closed.
L 02/15/2021 - 16:37:18: SourceMod error session started
L 02/15/2021 - 16:37:18: Info (map "de_shortdust") (file "/home/tcagame/jackm1/599/csgo/addons/sourcemod/logs/errors_20210215.log")
L 02/15/2021 - 16:37:18: [SM] Fatal error encountered parsing translation file "advadmin.phrases.txt"
L 02/15/2021 - 16:37:18: [SM] Error (line 0, column 0): Stream failed to open
L 02/15/2021 - 16:41:55: [SM] Exception reported: Language phrase "Player_Connected_From" not found (arg 3)
L 02/15/2021 - 16:41:55: [SM] Blaming: advadmin.smx
L 02/15/2021 - 16:41:55: [SM] Call stack trace:
L 02/15/2021 - 16:41:55: [SM]   [0] VFormat
L 02/15/2021 - 16:41:55: [SM]   [1] Line 386, /groups/sourcemod/compiler-1.10/include/halflife.inc::PrintToChatAll
L 02/15/2021 - 16:41:55: [SM]   [2] Line 141, /home/groups/sourcemod/upload_tmp/phpRYtiXm.sp::OnClientAuthorized
L 02/15/2021 - 16:43:56: Error log file session closed.
L 02/15/2021 - 16:43:56: SourceMod error session started
L 02/15/2021 - 16:43:56: Info (map "de_overpass") (file "/home/tcagame/jackm1/599/csgo/addons/sourcemod/logs/errors_20210215.log")
L 02/15/2021 - 16:43:56: [SM] Fatal error encountered parsing translation file "advadmin.phrases.txt"
L 02/15/2021 - 16:43:56: [SM] Error (line 0, column 0): Stream failed to open
L 02/15/2021 - 16:45:24: [SM] Exception reported: Language phrase "Player_Connected_From" not found (arg 3)
L 02/15/2021 - 16:45:24: [SM] Blaming: advadmin.smx
L 02/15/2021 - 16:45:24: [SM] Call stack trace:
L 02/15/2021 - 16:45:24: [SM]   [0] VFormat
L 02/15/2021 - 16:45:24: [SM]   [1] Line 386, /groups/sourcemod/compiler-1.10/include/halflife.inc::PrintToChatAll
L 02/15/2021 - 16:45:24: [SM]   [2] Line 141, /home/groups/sourcemod/upload_tmp/phpRYtiXm.sp::OnClientAuthorized
L 02/15/2021 - 16:46:13: [SM] Exception reported: Array index out-of-bounds (index 64, limit 55)
L 02/15/2021 - 16:46:13: [SM] Blaming: weapon_restrict.smx
L 02/15/2021 - 16:46:13: [SM] Call stack trace:
L 02/15/2021 - 16:46:13: [SM]   [1] Line 202, restrictinc/events.sp::CS_OnBuyCommand
L 02/15/2021 - 16:46:54: [SM] Exception reported: Array index out-of-bounds (index 64, limit 55)
L 02/15/2021 - 16:46:54: [SM] Blaming: weapon_restrict.smx
L 02/15/2021 - 16:46:54: [SM] Call stack trace:
L 02/15/2021 - 16:46:54: [SM]   [1] Line 202, restrictinc/events.sp::CS_OnBuyCommand
L 02/15/2021 - 16:51:13: [SM] Exception reported: Array index out-of-bounds (index 64, limit 55)
L 02/15/2021 - 16:51:13: [SM] Blaming: weapon_restrict.smx
L 02/15/2021 - 16:51:13: [SM] Call stack trace:
L 02/15/2021 - 16:51:13: [SM]   [1] Line 202, restrictinc/events.sp::CS_OnBuyCommand
L 02/15/2021 - 16:52:20: [SM] Exception reported: Array index out-of-bounds (index 64, limit 55)
L 02/15/2021 - 16:52:20: [SM] Blaming: weapon_restrict.smx
L 02/15/2021 - 16:52:20: [SM] Call stack trace:
L 02/15/2021 - 16:52:20: [SM]   [1] Line 202, restrictinc/events.sp::CS_OnBuyCommand
L 02/15/2021 - 16:56:47: [SM] Exception reported: Language phrase "Player_Connected_From" not found (arg 3)
L 02/15/2021 - 16:56:47: [SM] Blaming: advadmin.smx
L 02/15/2021 - 16:56:47: [SM] Call stack trace:
L 02/15/2021 - 16:56:47: [SM]   [0] VFormat
L 02/15/2021 - 16:56:47: [SM]   [1] Line 386, /groups/sourcemod/compiler-1.10/include/halflife.inc::PrintToChatAll
L 02/15/2021 - 16:56:47: [SM]   [2] Line 141, /home/groups/sourcemod/upload_tmp/phpRYtiXm.sp::OnClientAuthorized
L 02/15/2021 - 16:57:07: [SM] Exception reported: Language phrase "Player_Connected" not found (arg 3)
L 02/15/2021 - 16:57:07: [SM] Blaming: advadmin.smx
L 02/15/2021 - 16:57:07: [SM] Call stack trace:
L 02/15/2021 - 16:57:07: [SM]   [0] VFormat
L 02/15/2021 - 16:57:07: [SM]   [1] Line 386, /groups/sourcemod/compiler-1.10/include/halflife.inc::PrintToChatAll
L 02/15/2021 - 16:57:07: [SM]   [2] Line 145, /home/groups/sourcemod/upload_tmp/phpRYtiXm.sp::OnClientAuthorized
L 02/15/2021 - 16:59:10: Error log file session closed.
L 02/15/2021 - 16:59:10: SourceMod error session started
L 02/15/2021 - 16:59:10: Info (map "de_canals") (file "/home/tcagame/jackm1/599/csgo/addons/sourcemod/logs/errors_20210215.log")
L 02/15/2021 - 16:59:10: [SM] Fatal error encountered parsing translation file "advadmin.phrases.txt"
L 02/15/2021 - 16:59:10: [SM] Error (line 0, column 0): Stream failed to open
L 02/15/2021 - 17:01:27: [SM] Exception reported: Array index out-of-bounds (index 64, limit 55)
L 02/15/2021 - 17:01:27: [SM] Blaming: weapon_restrict.smx
L 02/15/2021 - 17:01:27: [SM] Call stack trace:
L 02/15/2021 - 17:01:27: [SM]   [1] Line 202, restrictinc/events.sp::CS_OnBuyCommand
L 02/15/2021 - 17:03:44: [SM] Exception reported: Language phrase "Player_Connected_From" not found (arg 3)
L 02/15/2021 - 17:03:44: [SM] Blaming: advadmin.smx
L 02/15/2021 - 17:03:44: [SM] Call stack trace:
L 02/15/2021 - 17:03:44: [SM]   [0] VFormat
L 02/15/2021 - 17:03:44: [SM]   [1] Line 386, /groups/sourcemod/compiler-1.10/include/halflife.inc::PrintToChatAll
L 02/15/2021 - 17:03:44: [SM]   [2] Line 141, /home/groups/sourcemod/upload_tmp/phpRYtiXm.sp::OnClientAuthorized
L 02/15/2021 - 17:07:16: [SM] Exception reported: Array index out-of-bounds (index 64, limit 55)
L 02/15/2021 - 17:07:16: [SM] Blaming: weapon_restrict.smx
L 02/15/2021 - 17:07:16: [SM] Call stack trace:
L 02/15/2021 - 17:07:16: [SM]   [1] Line 202, restrictinc/events.sp::CS_OnBuyCommand
L 02/15/2021 - 17:09:24: [SM] Exception reported: Array index out-of-bounds (index 64, limit 55)
L 02/15/2021 - 17:09:24: [SM] Blaming: weapon_restrict.smx
L 02/15/2021 - 17:09:24: [SM] Call stack trace:
L 02/15/2021 - 17:09:24: [SM]   [1] Line 202, restrictinc/events.sp::CS_OnBuyCommand
L 02/15/2021 - 17:12:55: Error log file session closed.
L 02/15/2021 - 17:12:55: SourceMod error session started
L 02/15/2021 - 17:12:55: Info (map "de_cache") (file "/home/tcagame/jackm1/599/csgo/addons/sourcemod/logs/errors_20210215.log")
L 02/15/2021 - 17:12:55: [SM] Fatal error encountered parsing translation file "advadmin.phrases.txt"
L 02/15/2021 - 17:12:55: [SM] Error (line 0, column 0): Stream failed to open
L 02/15/2021 - 17:23:30: [SM] Exception reported: Array index out-of-bounds (index 64, limit 55)
L 02/15/2021 - 17:23:30: [SM] Blaming: weapon_restrict.smx
L 02/15/2021 - 17:23:30: [SM] Call stack trace:
L 02/15/2021 - 17:23:30: [SM]   [1] Line 202, restrictinc/events.sp::CS_OnBuyCommand
L 02/15/2021 - 17:24:38: [SM] Exception reported: Array index out-of-bounds (index 64, limit 55)
L 02/15/2021 - 17:24:38: [SM] Blaming: weapon_restrict.smx
L 02/15/2021 - 17:24:38: [SM] Call stack trace:
L 02/15/2021 - 17:24:38: [SM]   [1] Line 202, restrictinc/events.sp::CS_OnBuyCommand
L 02/15/2021 - 17:29:42: [SM] Exception reported: Array index out-of-bounds (index 64, limit 55)
L 02/15/2021 - 17:29:42: [SM] Blaming: weapon_restrict.smx
L 02/15/2021 - 17:29:42: [SM] Call stack trace:
L 02/15/2021 - 17:29:42: [SM]   [1] Line 202, restrictinc/events.sp::CS_OnBuyCommand
L 02/15/2021 - 17:30:13: [SM] Exception reported: Array index out-of-bounds (index 64, limit 55)
L 02/15/2021 - 17:30:13: [SM] Blaming: weapon_restrict.smx
L 02/15/2021 - 17:30:13: [SM] Call stack trace:
L 02/15/2021 - 17:30:13: [SM]   [1] Line 202, restrictinc/events.sp::CS_OnBuyCommand
L 02/15/2021 - 17:34:59: [SM] Exception reported: Language phrase "Player_Connected_From" not found (arg 3)
L 02/15/2021 - 17:34:59: [SM] Blaming: advadmin.smx
L 02/15/2021 - 17:34:59: [SM] Call stack trace:
L 02/15/2021 - 17:34:59: [SM]   [0] VFormat
L 02/15/2021 - 17:34:59: [SM]   [1] Line 386, /groups/sourcemod/compiler-1.10/include/halflife.inc::PrintToChatAll
L 02/15/2021 - 17:34:59: [SM]   [2] Line 141, /home/groups/sourcemod/upload_tmp/phpRYtiXm.sp::OnClientAuthorized
L 02/15/2021 - 17:35:05: [SM] Exception reported: Language phrase "Player_Connected_From" not found (arg 3)
L 02/15/2021 - 17:35:05: [SM] Blaming: advadmin.smx
L 02/15/2021 - 17:35:05: [SM] Call stack trace:
L 02/15/2021 - 17:35:05: [SM]   [0] VFormat
L 02/15/2021 - 17:35:05: [SM]   [1] Line 386, /groups/sourcemod/compiler-1.10/include/halflife.inc::PrintToChatAll
L 02/15/2021 - 17:35:05: [SM]   [2] Line 141, /home/groups/sourcemod/upload_tmp/phpRYtiXm.sp::OnClientAuthorized
L 02/15/2021 - 17:35:14: [SM] Exception reported: Language phrase "Player_Connected" not found (arg 3)
L 02/15/2021 - 17:35:14: [SM] Blaming: advadmin.smx
L 02/15/2021 - 17:35:14: [SM] Call stack trace:
L 02/15/2021 - 17:35:14: [SM]   [0] VFormat
L 02/15/2021 - 17:35:14: [SM]   [1] Line 386, /groups/sourcemod/compiler-1.10/include/halflife.inc::PrintToChatAll
L 02/15/2021 - 17:35:14: [SM]   [2] Line 145, /home/groups/sourcemod/upload_tmp/phpRYtiXm.sp::OnClientAuthorized
L 02/15/2021 - 17:35:17: [SM] Exception reported: Language phrase "Player_Connected_From" not found (arg 3)
L 02/15/2021 - 17:35:17: [SM] Blaming: advadmin.smx
L 02/15/2021 - 17:35:17: [SM] Call stack trace:
L 02/15/2021 - 17:35:17: [SM]   [0] VFormat
L 02/15/2021 - 17:35:17: [SM]   [1] Line 386, /groups/sourcemod/compiler-1.10/include/halflife.inc::PrintToChatAll
L 02/15/2021 - 17:35:17: [SM]   [2] Line 141, /home/groups/sourcemod/upload_tmp/phpRYtiXm.sp::OnClientAuthorized
L 02/15/2021 - 17:35:29: [SM] Exception reported: Language phrase "Player_Connected_From" not found (arg 3)
L 02/15/2021 - 17:35:29: [SM] Blaming: advadmin.smx
L 02/15/2021 - 17:35:29: [SM] Call stack trace:
L 02/15/2021 - 17:35:29: [SM]   [0] VFormat
L 02/15/2021 - 17:35:29: [SM]   [1] Line 386, /groups/sourcemod/compiler-1.10/include/halflife.inc::PrintToChatAll
L 02/15/2021 - 17:35:29: [SM]   [2] Line 141, /home/groups/sourcemod/upload_tmp/phpRYtiXm.sp::OnClientAuthorized
L 02/15/2021 - 17:35:34: [SM] Exception reported: Language phrase "Player_Connected_From" not found (arg 3)
L 02/15/2021 - 17:35:34: [SM] Blaming: advadmin.smx
L 02/15/2021 - 17:35:34: [SM] Call stack trace:
L 02/15/2021 - 17:35:34: [SM]   [0] VFormat
L 02/15/2021 - 17:35:34: [SM]   [1] Line 386, /groups/sourcemod/compiler-1.10/include/halflife.inc::PrintToChatAll
L 02/15/2021 - 17:35:34: [SM]   [2] Line 141, /home/groups/sourcemod/upload_tmp/phpRYtiXm.sp::OnClientAuthorized
L 02/15/2021 - 17:36:00: [SM] Exception reported: Array index out-of-bounds (index 64, limit 55)
L 02/15/2021 - 17:36:00: [SM] Blaming: weapon_restrict.smx
L 02/15/2021 - 17:36:00: [SM] Call stack trace:
L 02/15/2021 - 17:36:00: [SM]   [1] Line 202, restrictinc/events.sp::CS_OnBuyCommand
L 02/15/2021 - 17:36:04: [SM] Exception reported: Array index out-of-bounds (index 64, limit 55)
L 02/15/2021 - 17:36:04: [SM] Blaming: weapon_restrict.smx
L 02/15/2021 - 17:36:04: [SM] Call stack trace:
L 02/15/2021 - 17:36:04: [SM]   [1] Line 202, restrictinc/events.sp::CS_OnBuyCommand
L 02/15/2021 - 17:36:22: [SM] Exception reported: Language phrase "Player_Connected_From" not found (arg 3)
L 02/15/2021 - 17:36:22: [SM] Blaming: advadmin.smx
L 02/15/2021 - 17:36:22: [SM] Call stack trace:
L 02/15/2021 - 17:36:22: [SM]   [0] VFormat
L 02/15/2021 - 17:36:22: [SM]   [1] Line 386, /groups/sourcemod/compiler-1.10/include/halflife.inc::PrintToChatAll
L 02/15/2021 - 17:36:22: [SM]   [2] Line 141, /home/groups/sourcemod/upload_tmp/phpRYtiXm.sp::OnClientAuthorized
L 02/15/2021 - 17:36:29: [SM] Exception reported: Array index out-of-bounds (index 64, limit 55)
L 02/15/2021 - 17:36:29: [SM] Blaming: weapon_restrict.smx
L 02/15/2021 - 17:36:29: [SM] Call stack trace:
L 02/15/2021 - 17:36:29: [SM]   [1] Line 202, restrictinc/events.sp::CS_OnBuyCommand
L 02/15/2021 - 17:36:47: [SM] Exception reported: Language phrase "Player_Connected" not found (arg 3)
L 02/15/2021 - 17:36:47: [SM] Blaming: advadmin.smx
L 02/15/2021 - 17:36:47: [SM] Call stack trace:
L 02/15/2021 - 17:36:47: [SM]   [0] VFormat
L 02/15/2021 - 17:36:47: [SM]   [1] Line 386, /groups/sourcemod/compiler-1.10/include/halflife.inc::PrintToChatAll
L 02/15/2021 - 17:36:47: [SM]   [2] Line 145, /home/groups/sourcemod/upload_tmp/phpRYtiXm.sp::OnClientAuthorized
L 02/15/2021 - 17:37:15: [SM] Exception reported: Language phrase "Player_Connected" not found (arg 3)
L 02/15/2021 - 17:37:15: [SM] Blaming: advadmin.smx
L 02/15/2021 - 17:37:15: [SM] Call stack trace:
L 02/15/2021 - 17:37:15: [SM]   [0] VFormat
L 02/15/2021 - 17:37:15: [SM]   [1] Line 386, /groups/sourcemod/compiler-1.10/include/halflife.inc::PrintToChatAll
L 02/15/2021 - 17:37:15: [SM]   [2] Line 145, /home/groups/sourcemod/upload_tmp/phpRYtiXm.sp::OnClientAuthorized
L 02/15/2021 - 17:37:16: [SM] Exception reported: Array index out-of-bounds (index 64, limit 55)
L 02/15/2021 - 17:37:16: [SM] Blaming: weapon_restrict.smx
L 02/15/2021 - 17:37:16: [SM] Call stack trace:
L 02/15/2021 - 17:37:16: [SM]   [1] Line 202, restrictinc/events.sp::CS_OnBuyCommand
L 02/15/2021 - 17:37:22: [SM] Exception reported: Array index out-of-bounds (index 64, limit 55)
L 02/15/2021 - 17:37:22: [SM] Blaming: weapon_restrict.smx
L 02/15/2021 - 17:37:22: [SM] Call stack trace:
L 02/15/2021 - 17:37:22: [SM]   [1] Line 202, restrictinc/events.sp::CS_OnBuyCommand
L 02/15/2021 - 17:37:53: [SM] Exception reported: Language phrase "Player_Connected_From" not found (arg 3)
L 02/15/2021 - 17:37:53: [SM] Blaming: advadmin.smx
L 02/15/2021 - 17:37:53: [SM] Call stack trace:
L 02/15/2021 - 17:37:53: [SM]   [0] VFormat
L 02/15/2021 - 17:37:53: [SM]   [1] Line 386, /groups/sourcemod/compiler-1.10/include/halflife.inc::PrintToChatAll
L 02/15/2021 - 17:37:53: [SM]   [2] Line 141, /home/groups/sourcemod/upload_tmp/phpRYtiXm.sp::OnClientAuthorized
L 02/15/2021 - 17:40:38: Error log file session closed.
L 02/15/2021 - 17:40:38: SourceMod error session started
L 02/15/2021 - 17:40:38: Info (map "de_overpass") (file "/home/tcagame/jackm1/599/csgo/addons/sourcemod/logs/errors_20210215.log")
L 02/15/2021 - 17:40:38: [SM] Fatal error encountered parsing translation file "advadmin.phrases.txt"
L 02/15/2021 - 17:40:38: [SM] Error (line 0, column 0): Stream failed to open
L 02/15/2021 - 17:40:59: [SM] Exception reported: Array index out-of-bounds (index 64, limit 55)
L 02/15/2021 - 17:40:59: [SM] Blaming: weapon_restrict.smx
L 02/15/2021 - 17:40:59: [SM] Call stack trace:
L 02/15/2021 - 17:40:59: [SM]   [1] Line 202, restrictinc/events.sp::CS_OnBuyCommand
L 02/15/2021 - 17:41:20: [SM] Exception reported: Language phrase "Player_Connected" not found (arg 3)
L 02/15/2021 - 17:41:20: [SM] Blaming: advadmin.smx
L 02/15/2021 - 17:41:20: [SM] Call stack trace:
L 02/15/2021 - 17:41:20: [SM]   [0] VFormat
L 02/15/2021 - 17:41:20: [SM]   [1] Line 386, /groups/sourcemod/compiler-1.10/include/halflife.inc::PrintToChatAll
L 02/15/2021 - 17:41:20: [SM]   [2] Line 145, /home/groups/sourcemod/upload_tmp/phpRYtiXm.sp::OnClientAuthorized
L 02/15/2021 - 17:41:51: [SM] Exception reported: Array index out-of-bounds (index 64, limit 55)
L 02/15/2021 - 17:41:51: [SM] Blaming: weapon_restrict.smx
L 02/15/2021 - 17:41:51: [SM] Call stack trace:
L 02/15/2021 - 17:41:51: [SM]   [1] Line 202, restrictinc/events.sp::CS_OnBuyCommand
L 02/15/2021 - 17:42:56: [SM] Exception reported: Array index out-of-bounds (index 64, limit 55)
L 02/15/2021 - 17:42:56: [SM] Blaming: weapon_restrict.smx
L 02/15/2021 - 17:42:56: [SM] Call stack trace:
L 02/15/2021 - 17:42:56: [SM]   [1] Line 202, restrictinc/events.sp::CS_OnBuyCommand
L 02/15/2021 - 17:42:59: [SM] Exception reported: Array index out-of-bounds (index 64, limit 55)
L 02/15/2021 - 17:42:59: [SM] Blaming: weapon_restrict.smx
L 02/15/2021 - 17:42:59: [SM] Call stack trace:
L 02/15/2021 - 17:42:59: [SM]   [1] Line 202, restrictinc/events.sp::CS_OnBuyCommand
L 02/15/2021 - 17:43:07: [SM] Exception reported: Array index out-of-bounds (index 64, limit 55)
L 02/15/2021 - 17:43:07: [SM] Blaming: weapon_restrict.smx
L 02/15/2021 - 17:43:07: [SM] Call stack trace:
L 02/15/2021 - 17:43:07: [SM]   [1] Line 202, restrictinc/events.sp::CS_OnBuyCommand
L 02/15/2021 - 17:43:10: [SM] Exception reported: Array index out-of-bounds (index 64, limit 55)
L 02/15/2021 - 17:43:10: [SM] Blaming: weapon_restrict.smx
L 02/15/2021 - 17:43:10: [SM] Call stack trace:
L 02/15/2021 - 17:43:10: [SM]   [1] Line 202, restrictinc/events.sp::CS_OnBuyCommand
L 02/15/2021 - 17:45:02: [SM] Exception reported: Array index out-of-bounds (index 64, limit 55)
L 02/15/2021 - 17:45:02: [SM] Blaming: weapon_restrict.smx
L 02/15/2021 - 17:45:02: [SM] Call stack trace:
L 02/15/2021 - 17:45:02: [SM]   [1] Line 202, restrictinc/events.sp::CS_OnBuyCommand
L 02/15/2021 - 17:45:31: [SM] Exception reported: Array index out-of-bounds (index 64, limit 55)
L 02/15/2021 - 17:45:31: [SM] Blaming: weapon_restrict.smx
L 02/15/2021 - 17:45:31: [SM] Call stack trace:
L 02/15/2021 - 17:45:31: [SM]   [1] Line 202, restrictinc/events.sp::CS_OnBuyCommand
L 02/15/2021 - 17:51:36: [SM] Exception reported: Array index out-of-bounds (index 64, limit 55)
L 02/15/2021 - 17:51:36: [SM] Blaming: weapon_restrict.smx
L 02/15/2021 - 17:51:36: [SM] Call stack trace:
L 02/15/2021 - 17:51:36: [SM]   [1] Line 202, restrictinc/events.sp::CS_OnBuyCommand
L 02/15/2021 - 17:52:55: [SM] Exception reported: Array index out-of-bounds (index 64, limit 55)
L 02/15/2021 - 17:52:55: [SM] Blaming: weapon_restrict.smx
L 02/15/2021 - 17:52:55: [SM] Call stack trace:
L 02/15/2021 - 17:52:55: [SM]   [1] Line 202, restrictinc/events.sp::CS_OnBuyCommand
L 02/15/2021 - 18:09:52: [SM] Exception reported: Language phrase "Player_Connected_From" not found (arg 3)
L 02/15/2021 - 18:09:52: [SM] Blaming: advadmin.smx
L 02/15/2021 - 18:09:52: [SM] Call stack trace:
L 02/15/2021 - 18:09:52: [SM]   [0] VFormat
L 02/15/2021 - 18:09:52: [SM]   [1] Line 386, /groups/sourcemod/compiler-1.10/include/halflife.inc::PrintToChatAll
L 02/15/2021 - 18:09:52: [SM]   [2] Line 141, /home/groups/sourcemod/upload_tmp/phpRYtiXm.sp::OnClientAuthorized
L 02/15/2021 - 18:12:05: [SM] Exception reported: Array index out-of-bounds (index 64, limit 55)
L 02/15/2021 - 18:12:05: [SM] Blaming: weapon_restrict.smx
L 02/15/2021 - 18:12:05: [SM] Call stack trace:
L 02/15/2021 - 18:12:05: [SM]   [1] Line 202, restrictinc/events.sp::CS_OnBuyCommand
L 02/15/2021 - 18:14:20: Error log file session closed.
L 02/15/2021 - 18:14:20: SourceMod error session started
L 02/15/2021 - 18:14:20: Info (map "de_overpass") (file "/home/tcagame/jackm1/599/csgo/addons/sourcemod/logs/errors_20210215.log")
L 02/15/2021 - 18:14:20: [SM] Fatal error encountered parsing translation file "advadmin.phrases.txt"
L 02/15/2021 - 18:14:20: [SM] Error (line 0, column 0): Stream failed to open
L 02/15/2021 - 18:21:28: [SM] Exception reported: Array index out-of-bounds (index 64, limit 55)
L 02/15/2021 - 18:21:28: [SM] Blaming: weapon_restrict.smx
L 02/15/2021 - 18:21:28: [SM] Call stack trace:
L 02/15/2021 - 18:21:28: [SM]   [1] Line 202, restrictinc/events.sp::CS_OnBuyCommand
L 02/15/2021 - 18:38:48: [SM] Exception reported: Language phrase "Player_Connected" not found (arg 3)
L 02/15/2021 - 18:38:48: [SM] Blaming: advadmin.smx
L 02/15/2021 - 18:38:48: [SM] Call stack trace:
L 02/15/2021 - 18:38:48: [SM]   [0] VFormat
L 02/15/2021 - 18:38:48: [SM]   [1] Line 386, /groups/sourcemod/compiler-1.10/include/halflife.inc::PrintToChatAll
L 02/15/2021 - 18:38:48: [SM]   [2] Line 145, /home/groups/sourcemod/upload_tmp/phpRYtiXm.sp::OnClientAuthorized
L 02/15/2021 - 18:38:57: [SM] Exception reported: Language phrase "Player_Connected_From" not found (arg 3)
L 02/15/2021 - 18:38:57: [SM] Blaming: advadmin.smx
L 02/15/2021 - 18:38:57: [SM] Call stack trace:
L 02/15/2021 - 18:38:57: [SM]   [0] VFormat
L 02/15/2021 - 18:38:57: [SM]   [1] Line 386, /groups/sourcemod/compiler-1.10/include/halflife.inc::PrintToChatAll
L 02/15/2021 - 18:38:57: [SM]   [2] Line 141, /home/groups/sourcemod/upload_tmp/phpRYtiXm.sp::OnClientAuthorized
L 02/15/2021 - 18:38:57: [SM] Exception reported: Language phrase "Player_Connected_From" not found (arg 3)
L 02/15/2021 - 18:38:57: [SM] Blaming: advadmin.smx
L 02/15/2021 - 18:38:57: [SM] Call stack trace:
L 02/15/2021 - 18:38:57: [SM]   [0] VFormat
L 02/15/2021 - 18:38:57: [SM]   [1] Line 386, /groups/sourcemod/compiler-1.10/include/halflife.inc::PrintToChatAll
L 02/15/2021 - 18:38:57: [SM]   [2] Line 141, /home/groups/sourcemod/upload_tmp/phpRYtiXm.sp::OnClientAuthorized
L 02/15/2021 - 18:40:48: [SM] Exception reported: Language phrase "Player_Connected_From" not found (arg 3)
L 02/15/2021 - 18:40:48: [SM] Blaming: advadmin.smx
L 02/15/2021 - 18:40:48: [SM] Call stack trace:
L 02/15/2021 - 18:40:48: [SM]   [0] VFormat
L 02/15/2021 - 18:40:48: [SM]   [1] Line 386, /groups/sourcemod/compiler-1.10/include/halflife.inc::PrintToChatAll
L 02/15/2021 - 18:40:48: [SM]   [2] Line 141, /home/groups/sourcemod/upload_tmp/phpRYtiXm.sp::OnClientAuthorized
L 02/15/2021 - 18:41:02: [SM] Exception reported: Array index out-of-bounds (index 64, limit 55)
L 02/15/2021 - 18:41:02: [SM] Blaming: weapon_restrict.smx
L 02/15/2021 - 18:41:02: [SM] Call stack trace:
L 02/15/2021 - 18:41:02: [SM]   [1] Line 202, restrictinc/events.sp::CS_OnBuyCommand
L 02/15/2021 - 18:42:16: [SM] Exception reported: Language phrase "Player_Connected" not found (arg 3)
L 02/15/2021 - 18:42:16: [SM] Blaming: advadmin.smx
L 02/15/2021 - 18:42:16: [SM] Call stack trace:
L 02/15/2021 - 18:42:16: [SM]   [0] VFormat
L 02/15/2021 - 18:42:16: [SM]   [1] Line 386, /groups/sourcemod/compiler-1.10/include/halflife.inc::PrintToChatAll
L 02/15/2021 - 18:42:16: [SM]   [2] Line 145, /home/groups/sourcemod/upload_tmp/phpRYtiXm.sp::OnClientAuthorized
L 02/15/2021 - 18:42:26: [SM] Exception reported: Array index out-of-bounds (index 64, limit 55)
L 02/15/2021 - 18:42:26: [SM] Blaming: weapon_restrict.smx
L 02/15/2021 - 18:42:26: [SM] Call stack trace:
L 02/15/2021 - 18:42:26: [SM]   [1] Line 202, restrictinc/events.sp::CS_OnBuyCommand
L 02/15/2021 - 18:42:32: [SM] Exception reported: Array index out-of-bounds (index 64, limit 55)
L 02/15/2021 - 18:42:32: [SM] Blaming: weapon_restrict.smx
L 02/15/2021 - 18:42:32: [SM] Call stack trace:
L 02/15/2021 - 18:42:32: [SM]   [1] Line 202, restrictinc/events.sp::CS_OnBuyCommand
L 02/15/2021 - 18:42:41: [SM] Exception reported: Array index out-of-bounds (index 64, limit 55)
L 02/15/2021 - 18:42:41: [SM] Blaming: weapon_restrict.smx
L 02/15/2021 - 18:42:41: [SM] Call stack trace:
L 02/15/2021 - 18:42:41: [SM]   [1] Line 202, restrictinc/events.sp::CS_OnBuyCommand
L 02/15/2021 - 18:42:53: [SM] Exception reported: Array index out-of-bounds (index 64, limit 55)
L 02/15/2021 - 18:42:53: [SM] Blaming: weapon_restrict.smx
L 02/15/2021 - 18:42:53: [SM] Call stack trace:
L 02/15/2021 - 18:42:53: [SM]   [1] Line 202, restrictinc/events.sp::CS_OnBuyCommand
L 02/15/2021 - 18:45:01: Error log file session closed.
L 02/15/2021 - 18:45:01: SourceMod error session started
L 02/15/2021 - 18:45:01: Info (map "de_vertigo") (file "/home/tcagame/jackm1/599/csgo/addons/sourcemod/logs/errors_20210215.log")
L 02/15/2021 - 18:45:01: [SM] Fatal error encountered parsing translation file "advadmin.phrases.txt"
L 02/15/2021 - 18:45:01: [SM] Error (line 0, column 0): Stream failed to open
L 02/15/2021 - 18:45:16: [SM] Exception reported: Array index out-of-bounds (index 64, limit 55)
L 02/15/2021 - 18:45:16: [SM] Blaming: weapon_restrict.smx
L 02/15/2021 - 18:45:16: [SM] Call stack trace:
L 02/15/2021 - 18:45:16: [SM]   [1] Line 202, restrictinc/events.sp::CS_OnBuyCommand
L 02/15/2021 - 18:47:36: [SM] Exception reported: Array index out-of-bounds (index 64, limit 55)
L 02/15/2021 - 18:47:36: [SM] Blaming: weapon_restrict.smx
L 02/15/2021 - 18:47:36: [SM] Call stack trace:
L 02/15/2021 - 18:47:36: [SM]   [1] Line 202, restrictinc/events.sp::CS_OnBuyCommand
L 02/15/2021 - 18:47:37: [SM] Exception reported: Array index out-of-bounds (index 64, limit 55)
L 02/15/2021 - 18:47:37: [SM] Blaming: weapon_restrict.smx
L 02/15/2021 - 18:47:37: [SM] Call stack trace:
L 02/15/2021 - 18:47:37: [SM]   [1] Line 202, restrictinc/events.sp::CS_OnBuyCommand
L 02/15/2021 - 18:47:39: [SM] Exception reported: Array index out-of-bounds (index 64, limit 55)
L 02/15/2021 - 18:47:39: [SM] Blaming: weapon_restrict.smx
L 02/15/2021 - 18:47:39: [SM] Call stack trace:
L 02/15/2021 - 18:47:39: [SM]   [1] Line 202, restrictinc/events.sp::CS_OnBuyCommand
L 02/15/2021 - 18:47:43: [SM] Exception reported: Array index out-of-bounds (index 64, limit 55)
L 02/15/2021 - 18:47:43: [SM] Blaming: weapon_restrict.smx
L 02/15/2021 - 18:47:43: [SM] Call stack trace:
L 02/15/2021 - 18:47:43: [SM]   [1] Line 202, restrictinc/events.sp::CS_OnBuyCommand
L 02/15/2021 - 18:47:45: [SM] Exception reported: Array index out-of-bounds (index 64, limit 55)
L 02/15/2021 - 18:47:45: [SM] Blaming: weapon_restrict.smx
L 02/15/2021 - 18:47:45: [SM] Call stack trace:
L 02/15/2021 - 18:47:45: [SM]   [1] Line 202, restrictinc/events.sp::CS_OnBuyCommand
L 02/15/2021 - 18:47:46: [SM] Exception reported: Array index out-of-bounds (index 64, limit 55)
L 02/15/2021 - 18:47:46: [SM] Blaming: weapon_restrict.smx
L 02/15/2021 - 18:47:46: [SM] Call stack trace:
L 02/15/2021 - 18:47:46: [SM]   [1] Line 202, restrictinc/events.sp::CS_OnBuyCommand
L 02/15/2021 - 18:48:32: [SM] Exception reported: Array index out-of-bounds (index 64, limit 55)
L 02/15/2021 - 18:48:32: [SM] Blaming: weapon_restrict.smx
L 02/15/2021 - 18:48:32: [SM] Call stack trace:
L 02/15/2021 - 18:48:32: [SM]   [1] Line 202, restrictinc/events.sp::CS_OnBuyCommand
L 02/15/2021 - 18:48:33: [SM] Exception reported: Array index out-of-bounds (index 64, limit 55)
L 02/15/2021 - 18:48:33: [SM] Blaming: weapon_restrict.smx
L 02/15/2021 - 18:48:33: [SM] Call stack trace:
L 02/15/2021 - 18:48:33: [SM]   [1] Line 202, restrictinc/events.sp::CS_OnBuyCommand
L 02/15/2021 - 18:49:40: [SM] Exception reported: Array index out-of-bounds (index 64, limit 55)
L 02/15/2021 - 18:49:40: [SM] Blaming: weapon_restrict.smx
L 02/15/2021 - 18:49:40: [SM] Call stack trace:
L 02/15/2021 - 18:49:40: [SM]   [1] Line 202, restrictinc/events.sp::CS_OnBuyCommand
L 02/15/2021 - 18:50:24: [SM] Exception reported: Array index out-of-bounds (index 64, limit 55)
L 02/15/2021 - 18:50:24: [SM] Blaming: weapon_restrict.smx
L 02/15/2021 - 18:50:24: [SM] Call stack trace:
L 02/15/2021 - 18:50:24: [SM]   [1] Line 202, restrictinc/events.sp::CS_OnBuyCommand
L 02/15/2021 - 18:55:43: [SM] Exception reported: Array index out-of-bounds (index 64, limit 55)
L 02/15/2021 - 18:55:43: [SM] Blaming: weapon_restrict.smx
L 02/15/2021 - 18:55:43: [SM] Call stack trace:
L 02/15/2021 - 18:55:43: [SM]   [1] Line 202, restrictinc/events.sp::CS_OnBuyCommand
L 02/15/2021 - 18:55:49: [SM] Exception reported: Array index out-of-bounds (index 64, limit 55)
L 02/15/2021 - 18:55:49: [SM] Blaming: weapon_restrict.smx
L 02/15/2021 - 18:55:49: [SM] Call stack trace:
L 02/15/2021 - 18:55:49: [SM]   [1] Line 202, restrictinc/events.sp::CS_OnBuyCommand
L 02/15/2021 - 18:56:47: [SM] Exception reported: Array index out-of-bounds (index 64, limit 55)
L 02/15/2021 - 18:56:47: [SM] Blaming: weapon_restrict.smx
L 02/15/2021 - 18:56:47: [SM] Call stack trace:
L 02/15/2021 - 18:56:47: [SM]   [1] Line 202, restrictinc/events.sp::CS_OnBuyCommand
L 02/15/2021 - 18:57:58: [SM] Exception reported: Array index out-of-bounds (index 64, limit 55)
L 02/15/2021 - 18:57:58: [SM] Blaming: weapon_restrict.smx
L 02/15/2021 - 18:57:58: [SM] Call stack trace:
L 02/15/2021 - 18:57:58: [SM]   [1] Line 202, restrictinc/events.sp::CS_OnBuyCommand
L 02/15/2021 - 18:58:41: [SM] Exception reported: Array index out-of-bounds (index 64, limit 55)
L 02/15/2021 - 18:58:41: [SM] Blaming: weapon_restrict.smx
L 02/15/2021 - 18:58:41: [SM] Call stack trace:
L 02/15/2021 - 18:58:41: [SM]   [1] Line 202, restrictinc/events.sp::CS_OnBuyCommand
L 02/15/2021 - 19:34:05: Error log file session closed.
L 02/15/2021 - 19:34:05: SourceMod error session started
L 02/15/2021 - 19:34:05: Info (map "de_vertigo") (file "/home/tcagame/jackm1/599/csgo/addons/sourcemod/logs/errors_20210215.log")
L 02/15/2021 - 19:34:05: [SM] Fatal error encountered parsing translation file "advadmin.phrases.txt"
L 02/15/2021 - 19:34:05: [SM] Error (line 0, column 0): Stream failed to open
L 02/15/2021 - 19:37:34: Error log file session closed.
L 02/15/2021 - 19:37:34: SourceMod error session started
L 02/15/2021 - 19:37:34: Info (map "de_overpass") (file "/home/tcagame/jackm1/599/csgo/addons/sourcemod/logs/errors_20210215.log")
L 02/15/2021 - 19:37:34: [SM] Fatal error encountered parsing translation file "advadmin.phrases.txt"
L 02/15/2021 - 19:37:34: [SM] Error (line 0, column 0): Stream failed to open
L 02/15/2021 - 19:40:51: [SM] Exception reported: Array index out-of-bounds (index 64, limit 55)
L 02/15/2021 - 19:40:51: [SM] Blaming: weapon_restrict.smx
L 02/15/2021 - 19:40:51: [SM] Call stack trace:
L 02/15/2021 - 19:40:51: [SM]   [1] Line 202, restrictinc/events.sp::CS_OnBuyCommand
L 02/15/2021 - 20:45:44: Error log file session closed.
L 02/15/2021 - 20:45:44: SourceMod error session started
L 02/15/2021 - 20:45:44: Info (map "de_overpass") (file "/home/tcagame/jackm1/599/csgo/addons/sourcemod/logs/errors_20210215.log")
L 02/15/2021 - 20:45:44: [SM] Fatal error encountered parsing translation file "advadmin.phrases.txt"
L 02/15/2021 - 20:45:44: [SM] Error (line 0, column 0): Stream failed to open
L 02/15/2021 - 20:46:03: [SM] Exception reported: Array index out-of-bounds (index 64, limit 55)
L 02/15/2021 - 20:46:03: [SM] Blaming: weapon_restrict.smx
L 02/15/2021 - 20:46:03: [SM] Call stack trace:
L 02/15/2021 - 20:46:03: [SM]   [1] Line 202, restrictinc/events.sp::CS_OnBuyCommand
L 02/15/2021 - 20:48:15: Error log file session closed.
L 02/15/2021 - 20:48:15: SourceMod error session started
L 02/15/2021 - 20:48:15: Info (map "de_stmarc") (file "/home/tcagame/jackm1/599/csgo/addons/sourcemod/logs/errors_20210215.log")
L 02/15/2021 - 20:48:15: [SM] Fatal error encountered parsing translation file "advadmin.phrases.txt"
L 02/15/2021 - 20:48:15: [SM] Error (line 0, column 0): Stream failed to open
L 02/15/2021 - 20:49:41: [SM] Exception reported: Array index out-of-bounds (index 64, limit 55)
L 02/15/2021 - 20:49:41: [SM] Blaming: weapon_restrict.smx
L 02/15/2021 - 20:49:41: [SM] Call stack trace:
L 02/15/2021 - 20:49:41: [SM]   [1] Line 202, restrictinc/events.sp::CS_OnBuyCommand
L 02/15/2021 - 20:49:51: [SM] Exception reported: Array index out-of-bounds (index 64, limit 55)
L 02/15/2021 - 20:49:51: [SM] Blaming: weapon_restrict.smx
L 02/15/2021 - 20:49:51: [SM] Call stack trace:
L 02/15/2021 - 20:49:51: [SM]   [1] Line 202, restrictinc/events.sp::CS_OnBuyCommand
L 02/15/2021 - 20:49:52: [SM] Exception reported: Array index out-of-bounds (index 64, limit 55)
L 02/15/2021 - 20:49:52: [SM] Blaming: weapon_restrict.smx
L 02/15/2021 - 20:49:52: [SM] Call stack trace:
L 02/15/2021 - 20:49:52: [SM]   [1] Line 202, restrictinc/events.sp::CS_OnBuyCommand
L 02/15/2021 - 20:50:31: [SM] Exception reported: Array index out-of-bounds (index 64, limit 55)
L 02/15/2021 - 20:50:31: [SM] Blaming: weapon_restrict.smx
L 02/15/2021 - 20:50:31: [SM] Call stack trace:
L 02/15/2021 - 20:50:31: [SM]   [1] Line 202, restrictinc/events.sp::CS_OnBuyCommand
L 02/15/2021 - 20:54:00: [SM] Exception reported: Array index out-of-bounds (index 64, limit 55)
L 02/15/2021 - 20:54:00: [SM] Blaming: weapon_restrict.smx
L 02/15/2021 - 20:54:00: [SM] Call stack trace:
L 02/15/2021 - 20:54:00: [SM]   [1] Line 202, restrictinc/events.sp::CS_OnBuyCommand
L 02/15/2021 - 20:55:39: [SM] Exception reported: Array index out-of-bounds (index 64, limit 55)
L 02/15/2021 - 20:55:39: [SM] Blaming: weapon_restrict.smx
L 02/15/2021 - 20:55:39: [SM] Call stack trace:
L 02/15/2021 - 20:55:39: [SM]   [1] Line 202, restrictinc/events.sp::CS_OnBuyCommand
L 02/15/2021 - 20:55:41: [SM] Exception reported: Array index out-of-bounds (index 64, limit 55)
L 02/15/2021 - 20:55:41: [SM] Blaming: weapon_restrict.smx
L 02/15/2021 - 20:55:41: [SM] Call stack trace:
L 02/15/2021 - 20:55:41: [SM]   [1] Line 202, restrictinc/events.sp::CS_OnBuyCommand
L 02/15/2021 - 20:56:23: [SM] Exception reported: Array index out-of-bounds (index 64, limit 55)
L 02/15/2021 - 20:56:23: [SM] Blaming: weapon_restrict.smx
L 02/15/2021 - 20:56:23: [SM] Call stack trace:
L 02/15/2021 - 20:56:23: [SM]   [1] Line 202, restrictinc/events.sp::CS_OnBuyCommand
L 02/15/2021 - 20:57:11: [SM] Exception reported: Array index out-of-bounds (index 64, limit 55)
L 02/15/2021 - 20:57:11: [SM] Blaming: weapon_restrict.smx
L 02/15/2021 - 20:57:11: [SM] Call stack trace:
L 02/15/2021 - 20:57:11: [SM]   [1] Line 202, restrictinc/events.sp::CS_OnBuyCommand
L 02/15/2021 - 21:40:42: Error log file session closed.
L 02/15/2021 - 21:40:42: SourceMod error session started
L 02/15/2021 - 21:40:42: Info (map "de_stmarc") (file "/home/tcagame/jackm1/599/csgo/addons/sourcemod/logs/errors_20210215.log")
L 02/15/2021 - 21:40:42: [SM] Fatal error encountered parsing translation file "advadmin.phrases.txt"
L 02/15/2021 - 21:40:42: [SM] Error (line 0, column 0): Stream failed to open
L 02/15/2021 - 21:49:08: [SM] Exception reported: Language phrase "Player_Connected_From" not found (arg 3)
L 02/15/2021 - 21:49:08: [SM] Blaming: advadmin.smx
L 02/15/2021 - 21:49:08: [SM] Call stack trace:
L 02/15/2021 - 21:49:08: [SM]   [0] VFormat
L 02/15/2021 - 21:49:08: [SM]   [1] Line 386, /groups/sourcemod/compiler-1.10/include/halflife.inc::PrintToChatAll
L 02/15/2021 - 21:49:08: [SM]   [2] Line 141, /home/groups/sourcemod/upload_tmp/phpRYtiXm.sp::OnClientAuthorized
L 02/15/2021 - 21:49:53: [SM] Exception reported: Language phrase "Player_Connected_From" not found (arg 3)
L 02/15/2021 - 21:49:53: [SM] Blaming: advadmin.smx
L 02/15/2021 - 21:49:53: [SM] Call stack trace:
L 02/15/2021 - 21:49:53: [SM]   [0] VFormat
L 02/15/2021 - 21:49:53: [SM]   [1] Line 386, /groups/sourcemod/compiler-1.10/include/halflife.inc::PrintToChatAll
L 02/15/2021 - 21:49:53: [SM]   [2] Line 141, /home/groups/sourcemod/upload_tmp/phpRYtiXm.sp::OnClientAuthorized
L 02/15/2021 - 21:50:03: [SM] Exception reported: Language phrase "Player_Connected_From" not found (arg 3)
L 02/15/2021 - 21:50:03: [SM] Blaming: advadmin.smx
L 02/15/2021 - 21:50:03: [SM] Call stack trace:
L 02/15/2021 - 21:50:03: [SM]   [0] VFormat
L 02/15/2021 - 21:50:03: [SM]   [1] Line 386, /groups/sourcemod/compiler-1.10/include/halflife.inc::PrintToChatAll
L 02/15/2021 - 21:50:03: [SM]   [2] Line 141, /home/groups/sourcemod/upload_tmp/phpRYtiXm.sp::OnClientAuthorized
L 02/15/2021 - 22:01:36: Error log file session closed.
L 02/15/2021 - 22:01:36: SourceMod error session started
L 02/15/2021 - 22:01:36: Info (map "de_shortdust") (file "/home/tcagame/jackm1/599/csgo/addons/sourcemod/logs/errors_20210215.log")
L 02/15/2021 - 22:01:36: [SM] Fatal error encountered parsing translation file "advadmin.phrases.txt"
L 02/15/2021 - 22:01:36: [SM] Error (line 0, column 0): Stream failed to open
L 02/15/2021 - 22:03:35: [SM] Exception reported: Language phrase "Player_Connected_From" not found (arg 3)
L 02/15/2021 - 22:03:35: [SM] Blaming: advadmin.smx
L 02/15/2021 - 22:03:35: [SM] Call stack trace:
L 02/15/2021 - 22:03:35: [SM]   [0] VFormat
L 02/15/2021 - 22:03:35: [SM]   [1] Line 386, /groups/sourcemod/compiler-1.10/include/halflife.inc::PrintToChatAll
L 02/15/2021 - 22:03:35: [SM]   [2] Line 141, /home/groups/sourcemod/upload_tmp/phpRYtiXm.sp::OnClientAuthorized
L 02/15/2021 - 22:03:55: [SM] Exception reported: Language phrase "Player_Connected" not found (arg 3)
L 02/15/2021 - 22:03:55: [SM] Blaming: advadmin.smx
L 02/15/2021 - 22:03:55: [SM] Call stack trace:
L 02/15/2021 - 22:03:55: [SM]   [0] VFormat
L 02/15/2021 - 22:03:55: [SM]   [1] Line 386, /groups/sourcemod/compiler-1.10/include/halflife.inc::PrintToChatAll
L 02/15/2021 - 22:03:55: [SM]   [2] Line 145, /home/groups/sourcemod/upload_tmp/phpRYtiXm.sp::OnClientAuthorized
L 02/16/2021 - 05:17:40: Error log file session closed.
