L 08/28/2020 - 13:45:29: SourceMod error session started
L 08/28/2020 - 13:45:29: Info (map "de_canals") (file "/home/tcagame/jackm1/488/csgo/addons/sourcemod/logs/errors_20200828.log")
L 08/28/2020 - 13:45:29: [SM] Fatal error encountered parsing translation file "advadmin.phrases.txt"
L 08/28/2020 - 13:45:29: [SM] Error (line 0, column 0): Stream failed to open
L 08/28/2020 - 13:47:50: [SM] Exception reported: Language phrase "Player_Connected_From" not found (arg 3)
L 08/28/2020 - 13:47:50: [SM] Blaming: advadmin.smx
L 08/28/2020 - 13:47:50: [SM] Call stack trace:
L 08/28/2020 - 13:47:50: [SM]   [0] VFormat
L 08/28/2020 - 13:47:50: [SM]   [1] Line 386, /groups/sourcemod/compiler-1.10/include/halflife.inc::PrintToChatAll
L 08/28/2020 - 13:47:50: [SM]   [2] Line 141, /home/groups/sourcemod/upload_tmp/phpRYtiXm.sp::OnClientAuthorized
L 08/28/2020 - 13:47:56: [SM] Exception reported: Language phrase "Player_Connected_From" not found (arg 3)
L 08/28/2020 - 13:47:56: [SM] Blaming: advadmin.smx
L 08/28/2020 - 13:47:56: [SM] Call stack trace:
L 08/28/2020 - 13:47:56: [SM]   [0] VFormat
L 08/28/2020 - 13:47:56: [SM]   [1] Line 386, /groups/sourcemod/compiler-1.10/include/halflife.inc::PrintToChatAll
L 08/28/2020 - 13:47:56: [SM]   [2] Line 141, /home/groups/sourcemod/upload_tmp/phpRYtiXm.sp::OnClientAuthorized
L 08/28/2020 - 13:51:53: [SM] Exception reported: Language phrase "Player_Connected_From" not found (arg 3)
L 08/28/2020 - 13:51:53: [SM] Blaming: advadmin.smx
L 08/28/2020 - 13:51:53: [SM] Call stack trace:
L 08/28/2020 - 13:51:53: [SM]   [0] VFormat
L 08/28/2020 - 13:51:53: [SM]   [1] Line 386, /groups/sourcemod/compiler-1.10/include/halflife.inc::PrintToChatAll
L 08/28/2020 - 13:51:53: [SM]   [2] Line 141, /home/groups/sourcemod/upload_tmp/phpRYtiXm.sp::OnClientAuthorized
L 08/28/2020 - 13:55:25: [SM] Exception reported: Language phrase "Player_Connected_From" not found (arg 3)
L 08/28/2020 - 13:55:25: [SM] Blaming: advadmin.smx
L 08/28/2020 - 13:55:25: [SM] Call stack trace:
L 08/28/2020 - 13:55:25: [SM]   [0] VFormat
L 08/28/2020 - 13:55:25: [SM]   [1] Line 386, /groups/sourcemod/compiler-1.10/include/halflife.inc::PrintToChatAll
L 08/28/2020 - 13:55:25: [SM]   [2] Line 141, /home/groups/sourcemod/upload_tmp/phpRYtiXm.sp::OnClientAuthorized
L 08/28/2020 - 13:56:04: [SM] Exception reported: Array index out-of-bounds (index 64, limit 55)
L 08/28/2020 - 13:56:04: [SM] Blaming: weapon_restrict.smx
L 08/28/2020 - 13:56:04: [SM] Call stack trace:
L 08/28/2020 - 13:56:04: [SM]   [1] Line 202, restrictinc/events.sp::CS_OnBuyCommand
L 08/28/2020 - 13:59:54: Error log file session closed.
L 08/28/2020 - 13:59:54: SourceMod error session started
L 08/28/2020 - 13:59:54: Info (map "de_mirage") (file "/home/tcagame/jackm1/488/csgo/addons/sourcemod/logs/errors_20200828.log")
L 08/28/2020 - 13:59:54: [SM] Fatal error encountered parsing translation file "advadmin.phrases.txt"
L 08/28/2020 - 13:59:54: [SM] Error (line 0, column 0): Stream failed to open
L 08/28/2020 - 14:00:14: [SM] Exception reported: Language phrase "Player_Connected" not found (arg 3)
L 08/28/2020 - 14:00:14: [SM] Blaming: advadmin.smx
L 08/28/2020 - 14:00:14: [SM] Call stack trace:
L 08/28/2020 - 14:00:14: [SM]   [0] VFormat
L 08/28/2020 - 14:00:14: [SM]   [1] Line 386, /groups/sourcemod/compiler-1.10/include/halflife.inc::PrintToChatAll
L 08/28/2020 - 14:00:14: [SM]   [2] Line 145, /home/groups/sourcemod/upload_tmp/phpRYtiXm.sp::OnClientAuthorized
L 08/28/2020 - 14:00:16: [SM] Exception reported: Language phrase "Player_Connected" not found (arg 3)
L 08/28/2020 - 14:00:16: [SM] Blaming: advadmin.smx
L 08/28/2020 - 14:00:16: [SM] Call stack trace:
L 08/28/2020 - 14:00:16: [SM]   [0] VFormat
L 08/28/2020 - 14:00:16: [SM]   [1] Line 386, /groups/sourcemod/compiler-1.10/include/halflife.inc::PrintToChatAll
L 08/28/2020 - 14:00:16: [SM]   [2] Line 145, /home/groups/sourcemod/upload_tmp/phpRYtiXm.sp::OnClientAuthorized
L 08/28/2020 - 14:02:37: [SM] Exception reported: Language phrase "Player_Connected" not found (arg 3)
L 08/28/2020 - 14:02:37: [SM] Blaming: advadmin.smx
L 08/28/2020 - 14:02:37: [SM] Call stack trace:
L 08/28/2020 - 14:02:37: [SM]   [0] VFormat
L 08/28/2020 - 14:02:37: [SM]   [1] Line 386, /groups/sourcemod/compiler-1.10/include/halflife.inc::PrintToChatAll
L 08/28/2020 - 14:02:37: [SM]   [2] Line 145, /home/groups/sourcemod/upload_tmp/phpRYtiXm.sp::OnClientAuthorized
L 08/28/2020 - 14:02:53: [SM] Exception reported: Array index out-of-bounds (index 64, limit 55)
L 08/28/2020 - 14:02:53: [SM] Blaming: weapon_restrict.smx
L 08/28/2020 - 14:02:53: [SM] Call stack trace:
L 08/28/2020 - 14:02:53: [SM]   [1] Line 202, restrictinc/events.sp::CS_OnBuyCommand
L 08/28/2020 - 14:03:00: [SM] Exception reported: Array index out-of-bounds (index 64, limit 55)
L 08/28/2020 - 14:03:00: [SM] Blaming: weapon_restrict.smx
L 08/28/2020 - 14:03:00: [SM] Call stack trace:
L 08/28/2020 - 14:03:00: [SM]   [1] Line 202, restrictinc/events.sp::CS_OnBuyCommand
L 08/28/2020 - 14:03:52: [SM] Exception reported: Array index out-of-bounds (index 64, limit 55)
L 08/28/2020 - 14:03:52: [SM] Blaming: weapon_restrict.smx
L 08/28/2020 - 14:03:52: [SM] Call stack trace:
L 08/28/2020 - 14:03:52: [SM]   [1] Line 202, restrictinc/events.sp::CS_OnBuyCommand
L 08/28/2020 - 14:04:01: [SM] Exception reported: Array index out-of-bounds (index 64, limit 55)
L 08/28/2020 - 14:04:01: [SM] Blaming: weapon_restrict.smx
L 08/28/2020 - 14:04:01: [SM] Call stack trace:
L 08/28/2020 - 14:04:01: [SM]   [1] Line 202, restrictinc/events.sp::CS_OnBuyCommand
L 08/28/2020 - 14:04:04: [SM] Exception reported: Array index out-of-bounds (index 64, limit 55)
L 08/28/2020 - 14:04:04: [SM] Blaming: weapon_restrict.smx
L 08/28/2020 - 14:04:04: [SM] Call stack trace:
L 08/28/2020 - 14:04:04: [SM]   [1] Line 202, restrictinc/events.sp::CS_OnBuyCommand
L 08/28/2020 - 14:04:12: [SM] Exception reported: Array index out-of-bounds (index 64, limit 55)
L 08/28/2020 - 14:04:12: [SM] Blaming: weapon_restrict.smx
L 08/28/2020 - 14:04:12: [SM] Call stack trace:
L 08/28/2020 - 14:04:12: [SM]   [1] Line 202, restrictinc/events.sp::CS_OnBuyCommand
L 08/28/2020 - 14:05:07: [SM] Exception reported: Array index out-of-bounds (index 64, limit 55)
L 08/28/2020 - 14:05:07: [SM] Blaming: weapon_restrict.smx
L 08/28/2020 - 14:05:07: [SM] Call stack trace:
L 08/28/2020 - 14:05:07: [SM]   [1] Line 202, restrictinc/events.sp::CS_OnBuyCommand
L 08/28/2020 - 14:05:11: [SM] Exception reported: Array index out-of-bounds (index 64, limit 55)
L 08/28/2020 - 14:05:11: [SM] Blaming: weapon_restrict.smx
L 08/28/2020 - 14:05:11: [SM] Call stack trace:
L 08/28/2020 - 14:05:11: [SM]   [1] Line 202, restrictinc/events.sp::CS_OnBuyCommand
L 08/28/2020 - 14:06:09: [SM] Exception reported: Array index out-of-bounds (index 64, limit 55)
L 08/28/2020 - 14:06:09: [SM] Blaming: weapon_restrict.smx
L 08/28/2020 - 14:06:09: [SM] Call stack trace:
L 08/28/2020 - 14:06:09: [SM]   [1] Line 202, restrictinc/events.sp::CS_OnBuyCommand
L 08/28/2020 - 14:06:13: [SM] Exception reported: Array index out-of-bounds (index 64, limit 55)
L 08/28/2020 - 14:06:13: [SM] Blaming: weapon_restrict.smx
L 08/28/2020 - 14:06:13: [SM] Call stack trace:
L 08/28/2020 - 14:06:13: [SM]   [1] Line 202, restrictinc/events.sp::CS_OnBuyCommand
L 08/28/2020 - 14:08:11: [SM] Exception reported: Array index out-of-bounds (index 64, limit 55)
L 08/28/2020 - 14:08:11: [SM] Blaming: weapon_restrict.smx
L 08/28/2020 - 14:08:11: [SM] Call stack trace:
L 08/28/2020 - 14:08:11: [SM]   [1] Line 202, restrictinc/events.sp::CS_OnBuyCommand
L 08/28/2020 - 14:09:32: [SM] Exception reported: Array index out-of-bounds (index 64, limit 55)
L 08/28/2020 - 14:09:32: [SM] Blaming: weapon_restrict.smx
L 08/28/2020 - 14:09:32: [SM] Call stack trace:
L 08/28/2020 - 14:09:32: [SM]   [1] Line 202, restrictinc/events.sp::CS_OnBuyCommand
L 08/28/2020 - 14:10:44: [SM] Exception reported: Array index out-of-bounds (index 64, limit 55)
L 08/28/2020 - 14:10:44: [SM] Blaming: weapon_restrict.smx
L 08/28/2020 - 14:10:44: [SM] Call stack trace:
L 08/28/2020 - 14:10:44: [SM]   [1] Line 202, restrictinc/events.sp::CS_OnBuyCommand
L 08/28/2020 - 14:12:00: [SM] Exception reported: Array index out-of-bounds (index 64, limit 55)
L 08/28/2020 - 14:12:00: [SM] Blaming: weapon_restrict.smx
L 08/28/2020 - 14:12:00: [SM] Call stack trace:
L 08/28/2020 - 14:12:00: [SM]   [1] Line 202, restrictinc/events.sp::CS_OnBuyCommand
L 08/28/2020 - 14:12:44: [SM] Exception reported: Array index out-of-bounds (index 64, limit 55)
L 08/28/2020 - 14:12:44: [SM] Blaming: weapon_restrict.smx
L 08/28/2020 - 14:12:44: [SM] Call stack trace:
L 08/28/2020 - 14:12:44: [SM]   [1] Line 202, restrictinc/events.sp::CS_OnBuyCommand
L 08/28/2020 - 14:13:56: [SM] Exception reported: Array index out-of-bounds (index 64, limit 55)
L 08/28/2020 - 14:13:56: [SM] Blaming: weapon_restrict.smx
L 08/28/2020 - 14:13:56: [SM] Call stack trace:
L 08/28/2020 - 14:13:56: [SM]   [1] Line 202, restrictinc/events.sp::CS_OnBuyCommand
L 08/28/2020 - 14:14:26: [SM] Exception reported: Array index out-of-bounds (index 64, limit 55)
L 08/28/2020 - 14:14:26: [SM] Blaming: weapon_restrict.smx
L 08/28/2020 - 14:14:26: [SM] Call stack trace:
L 08/28/2020 - 14:14:26: [SM]   [1] Line 202, restrictinc/events.sp::CS_OnBuyCommand
L 08/28/2020 - 14:15:06: [SM] Exception reported: Array index out-of-bounds (index 64, limit 55)
L 08/28/2020 - 14:15:06: [SM] Blaming: weapon_restrict.smx
L 08/28/2020 - 14:15:06: [SM] Call stack trace:
L 08/28/2020 - 14:15:06: [SM]   [1] Line 202, restrictinc/events.sp::CS_OnBuyCommand
L 08/28/2020 - 14:15:43: [SM] Exception reported: Array index out-of-bounds (index 64, limit 55)
L 08/28/2020 - 14:15:43: [SM] Blaming: weapon_restrict.smx
L 08/28/2020 - 14:15:43: [SM] Call stack trace:
L 08/28/2020 - 14:15:43: [SM]   [1] Line 202, restrictinc/events.sp::CS_OnBuyCommand
L 08/28/2020 - 14:16:15: [SM] Exception reported: Array index out-of-bounds (index 64, limit 55)
L 08/28/2020 - 14:16:15: [SM] Blaming: weapon_restrict.smx
L 08/28/2020 - 14:16:15: [SM] Call stack trace:
L 08/28/2020 - 14:16:15: [SM]   [1] Line 202, restrictinc/events.sp::CS_OnBuyCommand
L 08/28/2020 - 14:17:00: [SM] Exception reported: Array index out-of-bounds (index 64, limit 55)
L 08/28/2020 - 14:17:00: [SM] Blaming: weapon_restrict.smx
L 08/28/2020 - 14:17:00: [SM] Call stack trace:
L 08/28/2020 - 14:17:00: [SM]   [1] Line 202, restrictinc/events.sp::CS_OnBuyCommand
L 08/28/2020 - 14:17:47: [SM] Exception reported: Array index out-of-bounds (index 64, limit 55)
L 08/28/2020 - 14:17:47: [SM] Blaming: weapon_restrict.smx
L 08/28/2020 - 14:17:47: [SM] Call stack trace:
L 08/28/2020 - 14:17:47: [SM]   [1] Line 202, restrictinc/events.sp::CS_OnBuyCommand
L 08/28/2020 - 14:18:17: [SM] Exception reported: Array index out-of-bounds (index 64, limit 55)
L 08/28/2020 - 14:18:17: [SM] Blaming: weapon_restrict.smx
L 08/28/2020 - 14:18:17: [SM] Call stack trace:
L 08/28/2020 - 14:18:17: [SM]   [1] Line 202, restrictinc/events.sp::CS_OnBuyCommand
L 08/28/2020 - 14:18:50: [SM] Exception reported: Array index out-of-bounds (index 64, limit 55)
L 08/28/2020 - 14:18:50: [SM] Blaming: weapon_restrict.smx
L 08/28/2020 - 14:18:50: [SM] Call stack trace:
L 08/28/2020 - 14:18:50: [SM]   [1] Line 202, restrictinc/events.sp::CS_OnBuyCommand
L 08/28/2020 - 14:39:51: Error log file session closed.
L 08/28/2020 - 14:39:51: SourceMod error session started
L 08/28/2020 - 14:39:51: Info (map "de_mirage") (file "/home/tcagame/jackm1/488/csgo/addons/sourcemod/logs/errors_20200828.log")
L 08/28/2020 - 14:39:51: [SM] Fatal error encountered parsing translation file "advadmin.phrases.txt"
L 08/28/2020 - 14:39:51: [SM] Error (line 0, column 0): Stream failed to open
L 08/28/2020 - 14:40:31: [SM] Exception reported: Array index out-of-bounds (index 64, limit 55)
L 08/28/2020 - 14:40:31: [SM] Blaming: weapon_restrict.smx
L 08/28/2020 - 14:40:31: [SM] Call stack trace:
L 08/28/2020 - 14:40:31: [SM]   [1] Line 202, restrictinc/events.sp::CS_OnBuyCommand
L 08/28/2020 - 14:42:40: [SM] Exception reported: Array index out-of-bounds (index 64, limit 55)
L 08/28/2020 - 14:42:40: [SM] Blaming: weapon_restrict.smx
L 08/28/2020 - 14:42:40: [SM] Call stack trace:
L 08/28/2020 - 14:42:40: [SM]   [1] Line 202, restrictinc/events.sp::CS_OnBuyCommand
L 08/28/2020 - 14:43:07: [SM] Exception reported: Language phrase "Player_Connected_From" not found (arg 3)
L 08/28/2020 - 14:43:07: [SM] Blaming: advadmin.smx
L 08/28/2020 - 14:43:07: [SM] Call stack trace:
L 08/28/2020 - 14:43:07: [SM]   [0] VFormat
L 08/28/2020 - 14:43:07: [SM]   [1] Line 386, /groups/sourcemod/compiler-1.10/include/halflife.inc::PrintToChatAll
L 08/28/2020 - 14:43:07: [SM]   [2] Line 141, /home/groups/sourcemod/upload_tmp/phpRYtiXm.sp::OnClientAuthorized
L 08/28/2020 - 14:43:19: [SM] Exception reported: Array index out-of-bounds (index 64, limit 55)
L 08/28/2020 - 14:43:19: [SM] Blaming: weapon_restrict.smx
L 08/28/2020 - 14:43:19: [SM] Call stack trace:
L 08/28/2020 - 14:43:19: [SM]   [1] Line 202, restrictinc/events.sp::CS_OnBuyCommand
L 08/28/2020 - 14:44:16: [SM] Exception reported: Array index out-of-bounds (index 64, limit 55)
L 08/28/2020 - 14:44:16: [SM] Blaming: weapon_restrict.smx
L 08/28/2020 - 14:44:16: [SM] Call stack trace:
L 08/28/2020 - 14:44:16: [SM]   [1] Line 202, restrictinc/events.sp::CS_OnBuyCommand
L 08/28/2020 - 14:44:47: [SM] Exception reported: Array index out-of-bounds (index 64, limit 55)
L 08/28/2020 - 14:44:47: [SM] Blaming: weapon_restrict.smx
L 08/28/2020 - 14:44:47: [SM] Call stack trace:
L 08/28/2020 - 14:44:47: [SM]   [1] Line 202, restrictinc/events.sp::CS_OnBuyCommand
L 08/28/2020 - 14:46:20: [SM] Exception reported: Array index out-of-bounds (index 64, limit 55)
L 08/28/2020 - 14:46:20: [SM] Blaming: weapon_restrict.smx
L 08/28/2020 - 14:46:20: [SM] Call stack trace:
L 08/28/2020 - 14:46:20: [SM]   [1] Line 202, restrictinc/events.sp::CS_OnBuyCommand
L 08/28/2020 - 14:46:42: [SM] Exception reported: Language phrase "Player_Connected_From" not found (arg 3)
L 08/28/2020 - 14:46:42: [SM] Blaming: advadmin.smx
L 08/28/2020 - 14:46:42: [SM] Call stack trace:
L 08/28/2020 - 14:46:42: [SM]   [0] VFormat
L 08/28/2020 - 14:46:42: [SM]   [1] Line 386, /groups/sourcemod/compiler-1.10/include/halflife.inc::PrintToChatAll
L 08/28/2020 - 14:46:42: [SM]   [2] Line 141, /home/groups/sourcemod/upload_tmp/phpRYtiXm.sp::OnClientAuthorized
L 08/28/2020 - 14:46:51: [SM] Exception reported: Array index out-of-bounds (index 64, limit 55)
L 08/28/2020 - 14:46:51: [SM] Blaming: weapon_restrict.smx
L 08/28/2020 - 14:46:51: [SM] Call stack trace:
L 08/28/2020 - 14:46:51: [SM]   [1] Line 202, restrictinc/events.sp::CS_OnBuyCommand
L 08/28/2020 - 14:46:52: [SM] Exception reported: Array index out-of-bounds (index 64, limit 55)
L 08/28/2020 - 14:46:52: [SM] Blaming: weapon_restrict.smx
L 08/28/2020 - 14:46:52: [SM] Call stack trace:
L 08/28/2020 - 14:46:52: [SM]   [1] Line 202, restrictinc/events.sp::CS_OnBuyCommand
L 08/28/2020 - 14:47:31: [SM] Exception reported: Array index out-of-bounds (index 64, limit 55)
L 08/28/2020 - 14:47:31: [SM] Blaming: weapon_restrict.smx
L 08/28/2020 - 14:47:31: [SM] Call stack trace:
L 08/28/2020 - 14:47:31: [SM]   [1] Line 202, restrictinc/events.sp::CS_OnBuyCommand
L 08/28/2020 - 14:49:28: [SM] Exception reported: Array index out-of-bounds (index 64, limit 55)
L 08/28/2020 - 14:49:28: [SM] Blaming: weapon_restrict.smx
L 08/28/2020 - 14:49:28: [SM] Call stack trace:
L 08/28/2020 - 14:49:28: [SM]   [1] Line 202, restrictinc/events.sp::CS_OnBuyCommand
L 08/28/2020 - 14:49:52: [SM] Exception reported: Language phrase "Player_Connected_From" not found (arg 3)
L 08/28/2020 - 14:49:52: [SM] Blaming: advadmin.smx
L 08/28/2020 - 14:49:52: [SM] Call stack trace:
L 08/28/2020 - 14:49:52: [SM]   [0] VFormat
L 08/28/2020 - 14:49:52: [SM]   [1] Line 386, /groups/sourcemod/compiler-1.10/include/halflife.inc::PrintToChatAll
L 08/28/2020 - 14:49:52: [SM]   [2] Line 141, /home/groups/sourcemod/upload_tmp/phpRYtiXm.sp::OnClientAuthorized
L 08/28/2020 - 14:49:54: [SM] Exception reported: Language phrase "Player_Connected_From" not found (arg 3)
L 08/28/2020 - 14:49:54: [SM] Blaming: advadmin.smx
L 08/28/2020 - 14:49:54: [SM] Call stack trace:
L 08/28/2020 - 14:49:54: [SM]   [0] VFormat
L 08/28/2020 - 14:49:54: [SM]   [1] Line 386, /groups/sourcemod/compiler-1.10/include/halflife.inc::PrintToChatAll
L 08/28/2020 - 14:49:54: [SM]   [2] Line 141, /home/groups/sourcemod/upload_tmp/phpRYtiXm.sp::OnClientAuthorized
L 08/28/2020 - 14:49:56: [SM] Exception reported: Language phrase "Player_Connected_From" not found (arg 3)
L 08/28/2020 - 14:49:56: [SM] Blaming: advadmin.smx
L 08/28/2020 - 14:49:56: [SM] Call stack trace:
L 08/28/2020 - 14:49:56: [SM]   [0] VFormat
L 08/28/2020 - 14:49:56: [SM]   [1] Line 386, /groups/sourcemod/compiler-1.10/include/halflife.inc::PrintToChatAll
L 08/28/2020 - 14:49:56: [SM]   [2] Line 141, /home/groups/sourcemod/upload_tmp/phpRYtiXm.sp::OnClientAuthorized
L 08/28/2020 - 14:49:58: [SM] Exception reported: Array index out-of-bounds (index 64, limit 55)
L 08/28/2020 - 14:49:58: [SM] Blaming: weapon_restrict.smx
L 08/28/2020 - 14:49:58: [SM] Call stack trace:
L 08/28/2020 - 14:49:58: [SM]   [1] Line 202, restrictinc/events.sp::CS_OnBuyCommand
L 08/28/2020 - 14:50:23: [SM] Exception reported: Array index out-of-bounds (index 64, limit 55)
L 08/28/2020 - 14:50:23: [SM] Blaming: weapon_restrict.smx
L 08/28/2020 - 14:50:23: [SM] Call stack trace:
L 08/28/2020 - 14:50:23: [SM]   [1] Line 202, restrictinc/events.sp::CS_OnBuyCommand
L 08/28/2020 - 14:52:02: Error log file session closed.
L 08/28/2020 - 14:52:03: SourceMod error session started
L 08/28/2020 - 14:52:03: Info (map "de_mirage") (file "/home/tcagame/jackm1/488/csgo/addons/sourcemod/logs/errors_20200828.log")
L 08/28/2020 - 14:52:03: [SM] Fatal error encountered parsing translation file "advadmin.phrases.txt"
L 08/28/2020 - 14:52:03: [SM] Error (line 0, column 0): Stream failed to open
L 08/28/2020 - 14:53:33: [SM] Exception reported: Array index out-of-bounds (index 64, limit 55)
L 08/28/2020 - 14:53:33: [SM] Blaming: weapon_restrict.smx
L 08/28/2020 - 14:53:33: [SM] Call stack trace:
L 08/28/2020 - 14:53:33: [SM]   [1] Line 202, restrictinc/events.sp::CS_OnBuyCommand
L 08/28/2020 - 14:53:34: [SM] Exception reported: Array index out-of-bounds (index 64, limit 55)
L 08/28/2020 - 14:53:34: [SM] Blaming: weapon_restrict.smx
L 08/28/2020 - 14:53:34: [SM] Call stack trace:
L 08/28/2020 - 14:53:34: [SM]   [1] Line 202, restrictinc/events.sp::CS_OnBuyCommand
L 08/28/2020 - 14:53:36: [SM] Exception reported: Array index out-of-bounds (index 64, limit 55)
L 08/28/2020 - 14:53:36: [SM] Blaming: weapon_restrict.smx
L 08/28/2020 - 14:53:36: [SM] Call stack trace:
L 08/28/2020 - 14:53:36: [SM]   [1] Line 202, restrictinc/events.sp::CS_OnBuyCommand
L 08/28/2020 - 14:54:10: [SM] Exception reported: Array index out-of-bounds (index 64, limit 55)
L 08/28/2020 - 14:54:10: [SM] Blaming: weapon_restrict.smx
L 08/28/2020 - 14:54:10: [SM] Call stack trace:
L 08/28/2020 - 14:54:10: [SM]   [1] Line 202, restrictinc/events.sp::CS_OnBuyCommand
L 08/28/2020 - 14:54:14: [SM] Exception reported: Array index out-of-bounds (index 64, limit 55)
L 08/28/2020 - 14:54:14: [SM] Blaming: weapon_restrict.smx
L 08/28/2020 - 14:54:14: [SM] Call stack trace:
L 08/28/2020 - 14:54:14: [SM]   [1] Line 202, restrictinc/events.sp::CS_OnBuyCommand
L 08/28/2020 - 14:54:52: [SM] Exception reported: Array index out-of-bounds (index 64, limit 55)
L 08/28/2020 - 14:54:52: [SM] Blaming: weapon_restrict.smx
L 08/28/2020 - 14:54:52: [SM] Call stack trace:
L 08/28/2020 - 14:54:52: [SM]   [1] Line 202, restrictinc/events.sp::CS_OnBuyCommand
L 08/28/2020 - 14:55:00: [SM] Exception reported: Array index out-of-bounds (index 64, limit 55)
L 08/28/2020 - 14:55:00: [SM] Blaming: weapon_restrict.smx
L 08/28/2020 - 14:55:00: [SM] Call stack trace:
L 08/28/2020 - 14:55:00: [SM]   [1] Line 202, restrictinc/events.sp::CS_OnBuyCommand
L 08/28/2020 - 14:55:39: [SM] Exception reported: Array index out-of-bounds (index 64, limit 55)
L 08/28/2020 - 14:55:39: [SM] Blaming: weapon_restrict.smx
L 08/28/2020 - 14:55:39: [SM] Call stack trace:
L 08/28/2020 - 14:55:39: [SM]   [1] Line 202, restrictinc/events.sp::CS_OnBuyCommand
L 08/28/2020 - 14:56:25: [SM] Exception reported: Array index out-of-bounds (index 64, limit 55)
L 08/28/2020 - 14:56:25: [SM] Blaming: weapon_restrict.smx
L 08/28/2020 - 14:56:25: [SM] Call stack trace:
L 08/28/2020 - 14:56:25: [SM]   [1] Line 202, restrictinc/events.sp::CS_OnBuyCommand
L 08/28/2020 - 14:57:00: [SM] Exception reported: Array index out-of-bounds (index 64, limit 55)
L 08/28/2020 - 14:57:00: [SM] Blaming: weapon_restrict.smx
L 08/28/2020 - 14:57:00: [SM] Call stack trace:
L 08/28/2020 - 14:57:00: [SM]   [1] Line 202, restrictinc/events.sp::CS_OnBuyCommand
L 08/28/2020 - 14:57:42: [SM] Exception reported: Array index out-of-bounds (index 64, limit 55)
L 08/28/2020 - 14:57:42: [SM] Blaming: weapon_restrict.smx
L 08/28/2020 - 14:57:42: [SM] Call stack trace:
L 08/28/2020 - 14:57:42: [SM]   [1] Line 202, restrictinc/events.sp::CS_OnBuyCommand
L 08/28/2020 - 15:03:59: [SM] Exception reported: Array index out-of-bounds (index 64, limit 55)
L 08/28/2020 - 15:03:59: [SM] Blaming: weapon_restrict.smx
L 08/28/2020 - 15:03:59: [SM] Call stack trace:
L 08/28/2020 - 15:03:59: [SM]   [1] Line 202, restrictinc/events.sp::CS_OnBuyCommand
L 08/28/2020 - 15:05:23: [SM] Exception reported: Array index out-of-bounds (index 64, limit 55)
L 08/28/2020 - 15:05:23: [SM] Blaming: weapon_restrict.smx
L 08/28/2020 - 15:05:23: [SM] Call stack trace:
L 08/28/2020 - 15:05:23: [SM]   [1] Line 202, restrictinc/events.sp::CS_OnBuyCommand
L 08/28/2020 - 15:05:29: [SM] Exception reported: Array index out-of-bounds (index 64, limit 55)
L 08/28/2020 - 15:05:29: [SM] Blaming: weapon_restrict.smx
L 08/28/2020 - 15:05:29: [SM] Call stack trace:
L 08/28/2020 - 15:05:29: [SM]   [1] Line 202, restrictinc/events.sp::CS_OnBuyCommand
L 08/28/2020 - 15:05:30: [SM] Exception reported: Array index out-of-bounds (index 64, limit 55)
L 08/28/2020 - 15:05:30: [SM] Blaming: weapon_restrict.smx
L 08/28/2020 - 15:05:30: [SM] Call stack trace:
L 08/28/2020 - 15:05:30: [SM]   [1] Line 202, restrictinc/events.sp::CS_OnBuyCommand
L 08/28/2020 - 15:06:05: [SM] Exception reported: Array index out-of-bounds (index 64, limit 55)
L 08/28/2020 - 15:06:05: [SM] Blaming: weapon_restrict.smx
L 08/28/2020 - 15:06:05: [SM] Call stack trace:
L 08/28/2020 - 15:06:05: [SM]   [1] Line 202, restrictinc/events.sp::CS_OnBuyCommand
L 08/28/2020 - 15:06:06: [SM] Exception reported: Array index out-of-bounds (index 64, limit 55)
L 08/28/2020 - 15:06:06: [SM] Blaming: weapon_restrict.smx
L 08/28/2020 - 15:06:06: [SM] Call stack trace:
L 08/28/2020 - 15:06:06: [SM]   [1] Line 202, restrictinc/events.sp::CS_OnBuyCommand
L 08/28/2020 - 15:11:01: [SM] Exception reported: Array index out-of-bounds (index 64, limit 55)
L 08/28/2020 - 15:11:01: [SM] Blaming: weapon_restrict.smx
L 08/28/2020 - 15:11:01: [SM] Call stack trace:
L 08/28/2020 - 15:11:01: [SM]   [1] Line 202, restrictinc/events.sp::CS_OnBuyCommand
L 08/28/2020 - 15:11:51: [SM] Exception reported: Array index out-of-bounds (index 64, limit 55)
L 08/28/2020 - 15:11:51: [SM] Blaming: weapon_restrict.smx
L 08/28/2020 - 15:11:51: [SM] Call stack trace:
L 08/28/2020 - 15:11:51: [SM]   [1] Line 202, restrictinc/events.sp::CS_OnBuyCommand
L 08/28/2020 - 15:13:59: [SM] Exception reported: Array index out-of-bounds (index 64, limit 55)
L 08/28/2020 - 15:13:59: [SM] Blaming: weapon_restrict.smx
L 08/28/2020 - 15:13:59: [SM] Call stack trace:
L 08/28/2020 - 15:13:59: [SM]   [1] Line 202, restrictinc/events.sp::CS_OnBuyCommand
L 08/28/2020 - 15:38:29: Error log file session closed.
L 08/28/2020 - 15:38:29: SourceMod error session started
L 08/28/2020 - 15:38:29: Info (map "de_mirage") (file "/home/tcagame/jackm1/488/csgo/addons/sourcemod/logs/errors_20200828.log")
L 08/28/2020 - 15:38:29: [SM] Fatal error encountered parsing translation file "advadmin.phrases.txt"
L 08/28/2020 - 15:38:29: [SM] Error (line 0, column 0): Stream failed to open
L 08/28/2020 - 15:38:46: [SM] Exception reported: Array index out-of-bounds (index 64, limit 55)
L 08/28/2020 - 15:38:46: [SM] Blaming: weapon_restrict.smx
L 08/28/2020 - 15:38:46: [SM] Call stack trace:
L 08/28/2020 - 15:38:46: [SM]   [1] Line 202, restrictinc/events.sp::CS_OnBuyCommand
L 08/28/2020 - 15:38:47: [SM] Exception reported: Array index out-of-bounds (index 64, limit 55)
L 08/28/2020 - 15:38:47: [SM] Blaming: weapon_restrict.smx
L 08/28/2020 - 15:38:47: [SM] Call stack trace:
L 08/28/2020 - 15:38:47: [SM]   [1] Line 202, restrictinc/events.sp::CS_OnBuyCommand
L 08/28/2020 - 15:40:25: [SM] Exception reported: Language phrase "Player_Connected_From" not found (arg 3)
L 08/28/2020 - 15:40:25: [SM] Blaming: advadmin.smx
L 08/28/2020 - 15:40:25: [SM] Call stack trace:
L 08/28/2020 - 15:40:25: [SM]   [0] VFormat
L 08/28/2020 - 15:40:25: [SM]   [1] Line 386, /groups/sourcemod/compiler-1.10/include/halflife.inc::PrintToChatAll
L 08/28/2020 - 15:40:25: [SM]   [2] Line 141, /home/groups/sourcemod/upload_tmp/phpRYtiXm.sp::OnClientAuthorized
L 08/28/2020 - 15:40:44: [SM] Exception reported: Array index out-of-bounds (index 64, limit 55)
L 08/28/2020 - 15:40:44: [SM] Blaming: weapon_restrict.smx
L 08/28/2020 - 15:40:44: [SM] Call stack trace:
L 08/28/2020 - 15:40:44: [SM]   [1] Line 202, restrictinc/events.sp::CS_OnBuyCommand
L 08/28/2020 - 15:42:33: [SM] Exception reported: Language phrase "Player_Connected_From" not found (arg 3)
L 08/28/2020 - 15:42:33: [SM] Blaming: advadmin.smx
L 08/28/2020 - 15:42:33: [SM] Call stack trace:
L 08/28/2020 - 15:42:33: [SM]   [0] VFormat
L 08/28/2020 - 15:42:33: [SM]   [1] Line 386, /groups/sourcemod/compiler-1.10/include/halflife.inc::PrintToChatAll
L 08/28/2020 - 15:42:33: [SM]   [2] Line 141, /home/groups/sourcemod/upload_tmp/phpRYtiXm.sp::OnClientAuthorized
L 08/28/2020 - 15:42:58: [SM] Exception reported: Array index out-of-bounds (index 64, limit 55)
L 08/28/2020 - 15:42:58: [SM] Blaming: weapon_restrict.smx
L 08/28/2020 - 15:42:58: [SM] Call stack trace:
L 08/28/2020 - 15:42:58: [SM]   [1] Line 202, restrictinc/events.sp::CS_OnBuyCommand
L 08/28/2020 - 15:43:05: [SM] Exception reported: Array index out-of-bounds (index 64, limit 55)
L 08/28/2020 - 15:43:05: [SM] Blaming: weapon_restrict.smx
L 08/28/2020 - 15:43:05: [SM] Call stack trace:
L 08/28/2020 - 15:43:05: [SM]   [1] Line 202, restrictinc/events.sp::CS_OnBuyCommand
L 08/28/2020 - 15:45:27: Error log file session closed.
L 08/28/2020 - 15:45:27: SourceMod error session started
L 08/28/2020 - 15:45:27: Info (map "de_dust2") (file "/home/tcagame/jackm1/488/csgo/addons/sourcemod/logs/errors_20200828.log")
L 08/28/2020 - 15:45:27: [SM] Fatal error encountered parsing translation file "advadmin.phrases.txt"
L 08/28/2020 - 15:45:27: [SM] Error (line 0, column 0): Stream failed to open
L 08/28/2020 - 15:46:04: [SM] Exception reported: Array index out-of-bounds (index 64, limit 55)
L 08/28/2020 - 15:46:04: [SM] Blaming: weapon_restrict.smx
L 08/28/2020 - 15:46:04: [SM] Call stack trace:
L 08/28/2020 - 15:46:04: [SM]   [1] Line 202, restrictinc/events.sp::CS_OnBuyCommand
L 08/28/2020 - 15:47:15: [SM] Exception reported: Array index out-of-bounds (index 64, limit 55)
L 08/28/2020 - 15:47:15: [SM] Blaming: weapon_restrict.smx
L 08/28/2020 - 15:47:15: [SM] Call stack trace:
L 08/28/2020 - 15:47:15: [SM]   [1] Line 202, restrictinc/events.sp::CS_OnBuyCommand
L 08/28/2020 - 15:47:18: [SM] Exception reported: Array index out-of-bounds (index 64, limit 55)
L 08/28/2020 - 15:47:18: [SM] Blaming: weapon_restrict.smx
L 08/28/2020 - 15:47:18: [SM] Call stack trace:
L 08/28/2020 - 15:47:18: [SM]   [1] Line 202, restrictinc/events.sp::CS_OnBuyCommand
L 08/28/2020 - 15:47:26: [SM] Exception reported: Array index out-of-bounds (index 64, limit 55)
L 08/28/2020 - 15:47:26: [SM] Blaming: weapon_restrict.smx
L 08/28/2020 - 15:47:26: [SM] Call stack trace:
L 08/28/2020 - 15:47:26: [SM]   [1] Line 202, restrictinc/events.sp::CS_OnBuyCommand
L 08/28/2020 - 15:47:26: [SM] Exception reported: Array index out-of-bounds (index 64, limit 55)
L 08/28/2020 - 15:47:26: [SM] Blaming: weapon_restrict.smx
L 08/28/2020 - 15:47:26: [SM] Call stack trace:
L 08/28/2020 - 15:47:26: [SM]   [1] Line 202, restrictinc/events.sp::CS_OnBuyCommand
L 08/28/2020 - 15:48:15: [SM] Exception reported: Array index out-of-bounds (index 64, limit 55)
L 08/28/2020 - 15:48:15: [SM] Blaming: weapon_restrict.smx
L 08/28/2020 - 15:48:15: [SM] Call stack trace:
L 08/28/2020 - 15:48:15: [SM]   [1] Line 202, restrictinc/events.sp::CS_OnBuyCommand
L 08/28/2020 - 15:48:48: [SM] Exception reported: Array index out-of-bounds (index 64, limit 55)
L 08/28/2020 - 15:48:48: [SM] Blaming: weapon_restrict.smx
L 08/28/2020 - 15:48:48: [SM] Call stack trace:
L 08/28/2020 - 15:48:48: [SM]   [1] Line 202, restrictinc/events.sp::CS_OnBuyCommand
L 08/28/2020 - 15:53:05: [SM] Exception reported: Array index out-of-bounds (index 64, limit 55)
L 08/28/2020 - 15:53:05: [SM] Blaming: weapon_restrict.smx
L 08/28/2020 - 15:53:05: [SM] Call stack trace:
L 08/28/2020 - 15:53:05: [SM]   [1] Line 202, restrictinc/events.sp::CS_OnBuyCommand
L 08/28/2020 - 15:58:54: [SM] Exception reported: Array index out-of-bounds (index 64, limit 55)
L 08/28/2020 - 15:58:54: [SM] Blaming: weapon_restrict.smx
L 08/28/2020 - 15:58:54: [SM] Call stack trace:
L 08/28/2020 - 15:58:54: [SM]   [1] Line 202, restrictinc/events.sp::CS_OnBuyCommand
L 08/28/2020 - 15:59:00: [SM] Exception reported: Array index out-of-bounds (index 64, limit 55)
L 08/28/2020 - 15:59:00: [SM] Blaming: weapon_restrict.smx
L 08/28/2020 - 15:59:00: [SM] Call stack trace:
L 08/28/2020 - 15:59:00: [SM]   [1] Line 202, restrictinc/events.sp::CS_OnBuyCommand
L 08/28/2020 - 15:59:53: [SM] Exception reported: Array index out-of-bounds (index 64, limit 55)
L 08/28/2020 - 15:59:53: [SM] Blaming: weapon_restrict.smx
L 08/28/2020 - 15:59:53: [SM] Call stack trace:
L 08/28/2020 - 15:59:53: [SM]   [1] Line 202, restrictinc/events.sp::CS_OnBuyCommand
L 08/28/2020 - 16:02:56: [SM] Exception reported: Array index out-of-bounds (index 64, limit 55)
L 08/28/2020 - 16:02:56: [SM] Blaming: weapon_restrict.smx
L 08/28/2020 - 16:02:56: [SM] Call stack trace:
L 08/28/2020 - 16:02:56: [SM]   [1] Line 202, restrictinc/events.sp::CS_OnBuyCommand
L 08/28/2020 - 16:37:08: Error log file session closed.
L 08/28/2020 - 16:37:08: SourceMod error session started
L 08/28/2020 - 16:37:08: Info (map "de_dust2") (file "/home/tcagame/jackm1/488/csgo/addons/sourcemod/logs/errors_20200828.log")
L 08/28/2020 - 16:37:08: [SM] Fatal error encountered parsing translation file "advadmin.phrases.txt"
L 08/28/2020 - 16:37:08: [SM] Error (line 0, column 0): Stream failed to open
L 08/28/2020 - 16:37:55: [SM] Exception reported: Language phrase "Player_Connected_From" not found (arg 3)
L 08/28/2020 - 16:37:55: [SM] Blaming: advadmin.smx
L 08/28/2020 - 16:37:55: [SM] Call stack trace:
L 08/28/2020 - 16:37:55: [SM]   [0] VFormat
L 08/28/2020 - 16:37:55: [SM]   [1] Line 386, /groups/sourcemod/compiler-1.10/include/halflife.inc::PrintToChatAll
L 08/28/2020 - 16:37:55: [SM]   [2] Line 141, /home/groups/sourcemod/upload_tmp/phpRYtiXm.sp::OnClientAuthorized
L 08/28/2020 - 16:38:59: [SM] Exception reported: Language phrase "Player_Connected_From" not found (arg 3)
L 08/28/2020 - 16:38:59: [SM] Blaming: advadmin.smx
L 08/28/2020 - 16:38:59: [SM] Call stack trace:
L 08/28/2020 - 16:38:59: [SM]   [0] VFormat
L 08/28/2020 - 16:38:59: [SM]   [1] Line 386, /groups/sourcemod/compiler-1.10/include/halflife.inc::PrintToChatAll
L 08/28/2020 - 16:38:59: [SM]   [2] Line 141, /home/groups/sourcemod/upload_tmp/phpRYtiXm.sp::OnClientAuthorized
L 08/28/2020 - 16:39:31: [SM] Exception reported: Language phrase "Player_Connected_From" not found (arg 3)
L 08/28/2020 - 16:39:31: [SM] Blaming: advadmin.smx
L 08/28/2020 - 16:39:31: [SM] Call stack trace:
L 08/28/2020 - 16:39:31: [SM]   [0] VFormat
L 08/28/2020 - 16:39:31: [SM]   [1] Line 386, /groups/sourcemod/compiler-1.10/include/halflife.inc::PrintToChatAll
L 08/28/2020 - 16:39:31: [SM]   [2] Line 141, /home/groups/sourcemod/upload_tmp/phpRYtiXm.sp::OnClientAuthorized
L 08/28/2020 - 16:39:53: [SM] Exception reported: Language phrase "Player_Connected_From" not found (arg 3)
L 08/28/2020 - 16:39:53: [SM] Blaming: advadmin.smx
L 08/28/2020 - 16:39:53: [SM] Call stack trace:
L 08/28/2020 - 16:39:53: [SM]   [0] VFormat
L 08/28/2020 - 16:39:53: [SM]   [1] Line 386, /groups/sourcemod/compiler-1.10/include/halflife.inc::PrintToChatAll
L 08/28/2020 - 16:39:53: [SM]   [2] Line 141, /home/groups/sourcemod/upload_tmp/phpRYtiXm.sp::OnClientAuthorized
L 08/28/2020 - 16:40:20: [SM] Exception reported: Language phrase "Player_Connected" not found (arg 3)
L 08/28/2020 - 16:40:20: [SM] Blaming: advadmin.smx
L 08/28/2020 - 16:40:20: [SM] Call stack trace:
L 08/28/2020 - 16:40:20: [SM]   [0] VFormat
L 08/28/2020 - 16:40:20: [SM]   [1] Line 386, /groups/sourcemod/compiler-1.10/include/halflife.inc::PrintToChatAll
L 08/28/2020 - 16:40:20: [SM]   [2] Line 145, /home/groups/sourcemod/upload_tmp/phpRYtiXm.sp::OnClientAuthorized
L 08/28/2020 - 16:40:57: [SM] Exception reported: Language phrase "CMD_Team_Spec" not found (arg 5)
L 08/28/2020 - 16:40:57: [SM] Blaming: advadmin.smx
L 08/28/2020 - 16:40:57: [SM] Call stack trace:
L 08/28/2020 - 16:40:57: [SM]   [0] ShowActivity2
L 08/28/2020 - 16:40:57: [SM]   [1] Line 790, /home/groups/sourcemod/upload_tmp/phpRYtiXm.sp::CMD_Spec
L 08/28/2020 - 16:41:35: Error log file session closed.
L 08/28/2020 - 16:41:35: SourceMod error session started
L 08/28/2020 - 16:41:35: Info (map "de_mirage") (file "/home/tcagame/jackm1/488/csgo/addons/sourcemod/logs/errors_20200828.log")
L 08/28/2020 - 16:41:35: [SM] Fatal error encountered parsing translation file "advadmin.phrases.txt"
L 08/28/2020 - 16:41:35: [SM] Error (line 0, column 0): Stream failed to open
L 08/28/2020 - 16:43:00: [SM] Exception reported: Array index out-of-bounds (index 64, limit 55)
L 08/28/2020 - 16:43:00: [SM] Blaming: weapon_restrict.smx
L 08/28/2020 - 16:43:00: [SM] Call stack trace:
L 08/28/2020 - 16:43:00: [SM]   [1] Line 202, restrictinc/events.sp::CS_OnBuyCommand
L 08/28/2020 - 16:43:44: [SM] Exception reported: Array index out-of-bounds (index 64, limit 55)
L 08/28/2020 - 16:43:44: [SM] Blaming: weapon_restrict.smx
L 08/28/2020 - 16:43:44: [SM] Call stack trace:
L 08/28/2020 - 16:43:44: [SM]   [1] Line 202, restrictinc/events.sp::CS_OnBuyCommand
L 08/28/2020 - 16:43:47: [SM] Exception reported: Array index out-of-bounds (index 64, limit 55)
L 08/28/2020 - 16:43:47: [SM] Blaming: weapon_restrict.smx
L 08/28/2020 - 16:43:47: [SM] Call stack trace:
L 08/28/2020 - 16:43:47: [SM]   [1] Line 202, restrictinc/events.sp::CS_OnBuyCommand
L 08/28/2020 - 16:48:50: [SM] Exception reported: Language phrase "Player_Connected_From" not found (arg 3)
L 08/28/2020 - 16:48:50: [SM] Blaming: advadmin.smx
L 08/28/2020 - 16:48:50: [SM] Call stack trace:
L 08/28/2020 - 16:48:50: [SM]   [0] VFormat
L 08/28/2020 - 16:48:50: [SM]   [1] Line 386, /groups/sourcemod/compiler-1.10/include/halflife.inc::PrintToChatAll
L 08/28/2020 - 16:48:50: [SM]   [2] Line 141, /home/groups/sourcemod/upload_tmp/phpRYtiXm.sp::OnClientAuthorized
L 08/28/2020 - 16:51:03: [SM] Exception reported: Array index out-of-bounds (index 64, limit 55)
L 08/28/2020 - 16:51:03: [SM] Blaming: weapon_restrict.smx
L 08/28/2020 - 16:51:03: [SM] Call stack trace:
L 08/28/2020 - 16:51:03: [SM]   [1] Line 202, restrictinc/events.sp::CS_OnBuyCommand
L 08/28/2020 - 16:51:13: [SM] Exception reported: Language phrase "Player_Connected_From" not found (arg 3)
L 08/28/2020 - 16:51:13: [SM] Blaming: advadmin.smx
L 08/28/2020 - 16:51:13: [SM] Call stack trace:
L 08/28/2020 - 16:51:13: [SM]   [0] VFormat
L 08/28/2020 - 16:51:13: [SM]   [1] Line 386, /groups/sourcemod/compiler-1.10/include/halflife.inc::PrintToChatAll
L 08/28/2020 - 16:51:13: [SM]   [2] Line 141, /home/groups/sourcemod/upload_tmp/phpRYtiXm.sp::OnClientAuthorized
L 08/28/2020 - 16:52:07: [SM] Exception reported: Language phrase "CMD_Give" not found (arg 5)
L 08/28/2020 - 16:52:07: [SM] Blaming: advadmin.smx
L 08/28/2020 - 16:52:07: [SM] Call stack trace:
L 08/28/2020 - 16:52:07: [SM]   [0] ShowActivity2
L 08/28/2020 - 16:52:07: [SM]   [1] Line 883, /home/groups/sourcemod/upload_tmp/phpRYtiXm.sp::CMD_Give
L 08/28/2020 - 16:53:02: [SM] Exception reported: Language phrase "CMD_Give" not found (arg 5)
L 08/28/2020 - 16:53:02: [SM] Blaming: advadmin.smx
L 08/28/2020 - 16:53:02: [SM] Call stack trace:
L 08/28/2020 - 16:53:02: [SM]   [0] ShowActivity2
L 08/28/2020 - 16:53:02: [SM]   [1] Line 883, /home/groups/sourcemod/upload_tmp/phpRYtiXm.sp::CMD_Give
L 08/28/2020 - 16:56:47: [SM] Exception reported: Language phrase "Player_Connected_From" not found (arg 3)
L 08/28/2020 - 16:56:47: [SM] Blaming: advadmin.smx
L 08/28/2020 - 16:56:47: [SM] Call stack trace:
L 08/28/2020 - 16:56:47: [SM]   [0] VFormat
L 08/28/2020 - 16:56:47: [SM]   [1] Line 386, /groups/sourcemod/compiler-1.10/include/halflife.inc::PrintToChatAll
L 08/28/2020 - 16:56:47: [SM]   [2] Line 141, /home/groups/sourcemod/upload_tmp/phpRYtiXm.sp::OnClientAuthorized
L 08/28/2020 - 16:57:42: [SM] Exception reported: Array index out-of-bounds (index 64, limit 55)
L 08/28/2020 - 16:57:42: [SM] Blaming: weapon_restrict.smx
L 08/28/2020 - 16:57:42: [SM] Call stack trace:
L 08/28/2020 - 16:57:42: [SM]   [1] Line 202, restrictinc/events.sp::CS_OnBuyCommand
L 08/28/2020 - 16:59:32: [SM] Exception reported: Array index out-of-bounds (index 64, limit 55)
L 08/28/2020 - 16:59:32: [SM] Blaming: weapon_restrict.smx
L 08/28/2020 - 16:59:32: [SM] Call stack trace:
L 08/28/2020 - 16:59:32: [SM]   [1] Line 202, restrictinc/events.sp::CS_OnBuyCommand
L 08/28/2020 - 16:59:33: [SM] Exception reported: Array index out-of-bounds (index 64, limit 55)
L 08/28/2020 - 16:59:33: [SM] Blaming: weapon_restrict.smx
L 08/28/2020 - 16:59:33: [SM] Call stack trace:
L 08/28/2020 - 16:59:33: [SM]   [1] Line 202, restrictinc/events.sp::CS_OnBuyCommand
L 08/28/2020 - 17:02:25: [SM] Exception reported: Language phrase "Player_Connected_From" not found (arg 3)
L 08/28/2020 - 17:02:25: [SM] Blaming: advadmin.smx
L 08/28/2020 - 17:02:25: [SM] Call stack trace:
L 08/28/2020 - 17:02:25: [SM]   [0] VFormat
L 08/28/2020 - 17:02:25: [SM]   [1] Line 386, /groups/sourcemod/compiler-1.10/include/halflife.inc::PrintToChatAll
L 08/28/2020 - 17:02:25: [SM]   [2] Line 141, /home/groups/sourcemod/upload_tmp/phpRYtiXm.sp::OnClientAuthorized
L 08/28/2020 - 17:02:55: [SM] Exception reported: Array index out-of-bounds (index 63, limit 55)
L 08/28/2020 - 17:02:55: [SM] Blaming: weapon_restrict.smx
L 08/28/2020 - 17:02:55: [SM] Call stack trace:
L 08/28/2020 - 17:02:55: [SM]   [1] Line 202, restrictinc/events.sp::CS_OnBuyCommand
L 08/28/2020 - 17:05:42: Error log file session closed.
L 08/28/2020 - 17:05:42: SourceMod error session started
L 08/28/2020 - 17:05:42: Info (map "cs_office") (file "/home/tcagame/jackm1/488/csgo/addons/sourcemod/logs/errors_20200828.log")
L 08/28/2020 - 17:05:42: [SM] Fatal error encountered parsing translation file "advadmin.phrases.txt"
L 08/28/2020 - 17:05:42: [SM] Error (line 0, column 0): Stream failed to open
L 08/28/2020 - 17:06:33: [SM] Exception reported: Language phrase "CMD_Team_Spec" not found (arg 5)
L 08/28/2020 - 17:06:33: [SM] Blaming: advadmin.smx
L 08/28/2020 - 17:06:33: [SM] Call stack trace:
L 08/28/2020 - 17:06:33: [SM]   [0] ShowActivity2
L 08/28/2020 - 17:06:33: [SM]   [1] Line 790, /home/groups/sourcemod/upload_tmp/phpRYtiXm.sp::CMD_Spec
L 08/28/2020 - 17:08:20: [SM] Exception reported: Array index out-of-bounds (index 64, limit 55)
L 08/28/2020 - 17:08:20: [SM] Blaming: weapon_restrict.smx
L 08/28/2020 - 17:08:20: [SM] Call stack trace:
L 08/28/2020 - 17:08:20: [SM]   [1] Line 202, restrictinc/events.sp::CS_OnBuyCommand
L 08/28/2020 - 17:08:21: [SM] Exception reported: Array index out-of-bounds (index 64, limit 55)
L 08/28/2020 - 17:08:21: [SM] Blaming: weapon_restrict.smx
L 08/28/2020 - 17:08:21: [SM] Call stack trace:
L 08/28/2020 - 17:08:21: [SM]   [1] Line 202, restrictinc/events.sp::CS_OnBuyCommand
L 08/28/2020 - 17:08:30: [SM] Exception reported: Array index out-of-bounds (index 64, limit 55)
L 08/28/2020 - 17:08:30: [SM] Blaming: weapon_restrict.smx
L 08/28/2020 - 17:08:30: [SM] Call stack trace:
L 08/28/2020 - 17:08:30: [SM]   [1] Line 202, restrictinc/events.sp::CS_OnBuyCommand
L 08/28/2020 - 17:08:33: [SM] Exception reported: Array index out-of-bounds (index 64, limit 55)
L 08/28/2020 - 17:08:33: [SM] Blaming: weapon_restrict.smx
L 08/28/2020 - 17:08:33: [SM] Call stack trace:
L 08/28/2020 - 17:08:33: [SM]   [1] Line 202, restrictinc/events.sp::CS_OnBuyCommand
L 08/28/2020 - 17:09:25: [SM] Exception reported: Array index out-of-bounds (index 64, limit 55)
L 08/28/2020 - 17:09:25: [SM] Blaming: weapon_restrict.smx
L 08/28/2020 - 17:09:25: [SM] Call stack trace:
L 08/28/2020 - 17:09:25: [SM]   [1] Line 202, restrictinc/events.sp::CS_OnBuyCommand
L 08/28/2020 - 17:11:53: [SM] Exception reported: Array index out-of-bounds (index 64, limit 55)
L 08/28/2020 - 17:11:53: [SM] Blaming: weapon_restrict.smx
L 08/28/2020 - 17:11:53: [SM] Call stack trace:
L 08/28/2020 - 17:11:53: [SM]   [1] Line 202, restrictinc/events.sp::CS_OnBuyCommand
L 08/28/2020 - 17:12:22: [SM] Exception reported: Language phrase "Player_Connected_From" not found (arg 3)
L 08/28/2020 - 17:12:22: [SM] Blaming: advadmin.smx
L 08/28/2020 - 17:12:22: [SM] Call stack trace:
L 08/28/2020 - 17:12:22: [SM]   [0] VFormat
L 08/28/2020 - 17:12:22: [SM]   [1] Line 386, /groups/sourcemod/compiler-1.10/include/halflife.inc::PrintToChatAll
L 08/28/2020 - 17:12:22: [SM]   [2] Line 141, /home/groups/sourcemod/upload_tmp/phpRYtiXm.sp::OnClientAuthorized
L 08/28/2020 - 17:16:11: [SM] Exception reported: Array index out-of-bounds (index 64, limit 55)
L 08/28/2020 - 17:16:11: [SM] Blaming: weapon_restrict.smx
L 08/28/2020 - 17:16:11: [SM] Call stack trace:
L 08/28/2020 - 17:16:11: [SM]   [1] Line 202, restrictinc/events.sp::CS_OnBuyCommand
L 08/28/2020 - 17:20:39: [SM] Exception reported: Array index out-of-bounds (index 64, limit 55)
L 08/28/2020 - 17:20:39: [SM] Blaming: weapon_restrict.smx
L 08/28/2020 - 17:20:39: [SM] Call stack trace:
L 08/28/2020 - 17:20:39: [SM]   [1] Line 202, restrictinc/events.sp::CS_OnBuyCommand
L 08/28/2020 - 17:22:20: [SM] Exception reported: Array index out-of-bounds (index 64, limit 55)
L 08/28/2020 - 17:22:20: [SM] Blaming: weapon_restrict.smx
L 08/28/2020 - 17:22:20: [SM] Call stack trace:
L 08/28/2020 - 17:22:20: [SM]   [1] Line 202, restrictinc/events.sp::CS_OnBuyCommand
L 08/28/2020 - 17:24:26: [SM] Exception reported: Array index out-of-bounds (index 64, limit 55)
L 08/28/2020 - 17:24:26: [SM] Blaming: weapon_restrict.smx
L 08/28/2020 - 17:24:26: [SM] Call stack trace:
L 08/28/2020 - 17:24:26: [SM]   [1] Line 202, restrictinc/events.sp::CS_OnBuyCommand
L 08/28/2020 - 17:24:27: [SM] Exception reported: Array index out-of-bounds (index 64, limit 55)
L 08/28/2020 - 17:24:27: [SM] Blaming: weapon_restrict.smx
L 08/28/2020 - 17:24:27: [SM] Call stack trace:
L 08/28/2020 - 17:24:27: [SM]   [1] Line 202, restrictinc/events.sp::CS_OnBuyCommand
L 08/28/2020 - 17:25:14: [SM] Exception reported: Array index out-of-bounds (index 64, limit 55)
L 08/28/2020 - 17:25:14: [SM] Blaming: weapon_restrict.smx
L 08/28/2020 - 17:25:14: [SM] Call stack trace:
L 08/28/2020 - 17:25:14: [SM]   [1] Line 202, restrictinc/events.sp::CS_OnBuyCommand
L 08/28/2020 - 17:27:17: [SM] Exception reported: Array index out-of-bounds (index 64, limit 55)
L 08/28/2020 - 17:27:17: [SM] Blaming: weapon_restrict.smx
L 08/28/2020 - 17:27:17: [SM] Call stack trace:
L 08/28/2020 - 17:27:17: [SM]   [1] Line 202, restrictinc/events.sp::CS_OnBuyCommand
L 08/28/2020 - 17:29:50: [SM] Exception reported: Array index out-of-bounds (index 64, limit 55)
L 08/28/2020 - 17:29:50: [SM] Blaming: weapon_restrict.smx
L 08/28/2020 - 17:29:50: [SM] Call stack trace:
L 08/28/2020 - 17:29:50: [SM]   [1] Line 202, restrictinc/events.sp::CS_OnBuyCommand
L 08/28/2020 - 17:32:17: [SM] Exception reported: Array index out-of-bounds (index 64, limit 55)
L 08/28/2020 - 17:32:17: [SM] Blaming: weapon_restrict.smx
L 08/28/2020 - 17:32:17: [SM] Call stack trace:
L 08/28/2020 - 17:32:17: [SM]   [1] Line 202, restrictinc/events.sp::CS_OnBuyCommand
L 08/28/2020 - 17:34:54: [SM] Exception reported: Array index out-of-bounds (index 64, limit 55)
L 08/28/2020 - 17:34:54: [SM] Blaming: weapon_restrict.smx
L 08/28/2020 - 17:34:54: [SM] Call stack trace:
L 08/28/2020 - 17:34:54: [SM]   [1] Line 202, restrictinc/events.sp::CS_OnBuyCommand
L 08/28/2020 - 17:35:42: [SM] Exception reported: Array index out-of-bounds (index 64, limit 55)
L 08/28/2020 - 17:35:42: [SM] Blaming: weapon_restrict.smx
L 08/28/2020 - 17:35:42: [SM] Call stack trace:
L 08/28/2020 - 17:35:42: [SM]   [1] Line 202, restrictinc/events.sp::CS_OnBuyCommand
L 08/28/2020 - 17:43:36: [SM] Exception reported: Language phrase "Player_Connected_From" not found (arg 3)
L 08/28/2020 - 17:43:36: [SM] Blaming: advadmin.smx
L 08/28/2020 - 17:43:36: [SM] Call stack trace:
L 08/28/2020 - 17:43:36: [SM]   [0] VFormat
L 08/28/2020 - 17:43:36: [SM]   [1] Line 386, /groups/sourcemod/compiler-1.10/include/halflife.inc::PrintToChatAll
L 08/28/2020 - 17:43:36: [SM]   [2] Line 141, /home/groups/sourcemod/upload_tmp/phpRYtiXm.sp::OnClientAuthorized
L 08/28/2020 - 17:53:51: [SM] Exception reported: Language phrase "Player_Connected_From" not found (arg 3)
L 08/28/2020 - 17:53:51: [SM] Blaming: advadmin.smx
L 08/28/2020 - 17:53:51: [SM] Call stack trace:
L 08/28/2020 - 17:53:51: [SM]   [0] VFormat
L 08/28/2020 - 17:53:51: [SM]   [1] Line 386, /groups/sourcemod/compiler-1.10/include/halflife.inc::PrintToChatAll
L 08/28/2020 - 17:53:51: [SM]   [2] Line 141, /home/groups/sourcemod/upload_tmp/phpRYtiXm.sp::OnClientAuthorized
L 08/28/2020 - 17:57:21: Error log file session closed.
L 08/28/2020 - 17:57:21: SourceMod error session started
L 08/28/2020 - 17:57:21: Info (map "de_mirage") (file "/home/tcagame/jackm1/488/csgo/addons/sourcemod/logs/errors_20200828.log")
L 08/28/2020 - 17:57:21: [SM] Fatal error encountered parsing translation file "advadmin.phrases.txt"
L 08/28/2020 - 17:57:21: [SM] Error (line 0, column 0): Stream failed to open
L 08/28/2020 - 17:59:09: [SM] Exception reported: Language phrase "CMD_Team_Spec" not found (arg 5)
L 08/28/2020 - 17:59:09: [SM] Blaming: advadmin.smx
L 08/28/2020 - 17:59:09: [SM] Call stack trace:
L 08/28/2020 - 17:59:09: [SM]   [0] ShowActivity2
L 08/28/2020 - 17:59:09: [SM]   [1] Line 790, /home/groups/sourcemod/upload_tmp/phpRYtiXm.sp::CMD_Spec
L 08/28/2020 - 17:59:34: [SM] Exception reported: Array index out-of-bounds (index 64, limit 55)
L 08/28/2020 - 17:59:34: [SM] Blaming: weapon_restrict.smx
L 08/28/2020 - 17:59:34: [SM] Call stack trace:
L 08/28/2020 - 17:59:34: [SM]   [1] Line 202, restrictinc/events.sp::CS_OnBuyCommand
L 08/28/2020 - 17:59:38: [SM] Exception reported: Array index out-of-bounds (index 64, limit 55)
L 08/28/2020 - 17:59:38: [SM] Blaming: weapon_restrict.smx
L 08/28/2020 - 17:59:38: [SM] Call stack trace:
L 08/28/2020 - 17:59:38: [SM]   [1] Line 202, restrictinc/events.sp::CS_OnBuyCommand
L 08/28/2020 - 17:59:39: [SM] Exception reported: Array index out-of-bounds (index 64, limit 55)
L 08/28/2020 - 17:59:39: [SM] Blaming: weapon_restrict.smx
L 08/28/2020 - 17:59:39: [SM] Call stack trace:
L 08/28/2020 - 17:59:39: [SM]   [1] Line 202, restrictinc/events.sp::CS_OnBuyCommand
L 08/28/2020 - 17:59:46: [SM] Exception reported: Array index out-of-bounds (index 64, limit 55)
L 08/28/2020 - 17:59:46: [SM] Blaming: weapon_restrict.smx
L 08/28/2020 - 17:59:46: [SM] Call stack trace:
L 08/28/2020 - 17:59:46: [SM]   [1] Line 202, restrictinc/events.sp::CS_OnBuyCommand
L 08/28/2020 - 17:59:49: [SM] Exception reported: Array index out-of-bounds (index 64, limit 55)
L 08/28/2020 - 17:59:49: [SM] Blaming: weapon_restrict.smx
L 08/28/2020 - 17:59:49: [SM] Call stack trace:
L 08/28/2020 - 17:59:49: [SM]   [1] Line 202, restrictinc/events.sp::CS_OnBuyCommand
L 08/28/2020 - 18:00:55: [SM] Exception reported: Array index out-of-bounds (index 64, limit 55)
L 08/28/2020 - 18:00:55: [SM] Blaming: weapon_restrict.smx
L 08/28/2020 - 18:00:55: [SM] Call stack trace:
L 08/28/2020 - 18:00:55: [SM]   [1] Line 202, restrictinc/events.sp::CS_OnBuyCommand
L 08/28/2020 - 18:01:58: [SM] Exception reported: Array index out-of-bounds (index 64, limit 55)
L 08/28/2020 - 18:01:58: [SM] Blaming: weapon_restrict.smx
L 08/28/2020 - 18:01:58: [SM] Call stack trace:
L 08/28/2020 - 18:01:58: [SM]   [1] Line 202, restrictinc/events.sp::CS_OnBuyCommand
L 08/28/2020 - 18:07:51: [SM] Exception reported: Array index out-of-bounds (index 64, limit 55)
L 08/28/2020 - 18:07:51: [SM] Blaming: weapon_restrict.smx
L 08/28/2020 - 18:07:51: [SM] Call stack trace:
L 08/28/2020 - 18:07:51: [SM]   [1] Line 202, restrictinc/events.sp::CS_OnBuyCommand
L 08/28/2020 - 18:11:27: [SM] Exception reported: Array index out-of-bounds (index 64, limit 55)
L 08/28/2020 - 18:11:27: [SM] Blaming: weapon_restrict.smx
L 08/28/2020 - 18:11:27: [SM] Call stack trace:
L 08/28/2020 - 18:11:27: [SM]   [1] Line 202, restrictinc/events.sp::CS_OnBuyCommand
L 08/28/2020 - 18:14:36: [SM] Exception reported: Array index out-of-bounds (index 64, limit 55)
L 08/28/2020 - 18:14:36: [SM] Blaming: weapon_restrict.smx
L 08/28/2020 - 18:14:36: [SM] Call stack trace:
L 08/28/2020 - 18:14:36: [SM]   [1] Line 202, restrictinc/events.sp::CS_OnBuyCommand
L 08/28/2020 - 18:14:44: [SM] Exception reported: Array index out-of-bounds (index 64, limit 55)
L 08/28/2020 - 18:14:44: [SM] Blaming: weapon_restrict.smx
L 08/28/2020 - 18:14:44: [SM] Call stack trace:
L 08/28/2020 - 18:14:44: [SM]   [1] Line 202, restrictinc/events.sp::CS_OnBuyCommand
L 08/28/2020 - 18:19:04: [SM] Exception reported: Language phrase "Player_Connected_From" not found (arg 3)
L 08/28/2020 - 18:19:04: [SM] Blaming: advadmin.smx
L 08/28/2020 - 18:19:04: [SM] Call stack trace:
L 08/28/2020 - 18:19:04: [SM]   [0] VFormat
L 08/28/2020 - 18:19:04: [SM]   [1] Line 386, /groups/sourcemod/compiler-1.10/include/halflife.inc::PrintToChatAll
L 08/28/2020 - 18:19:04: [SM]   [2] Line 141, /home/groups/sourcemod/upload_tmp/phpRYtiXm.sp::OnClientAuthorized
L 08/28/2020 - 18:21:09: [SM] Exception reported: Array index out-of-bounds (index 64, limit 55)
L 08/28/2020 - 18:21:09: [SM] Blaming: weapon_restrict.smx
L 08/28/2020 - 18:21:09: [SM] Call stack trace:
L 08/28/2020 - 18:21:09: [SM]   [1] Line 202, restrictinc/events.sp::CS_OnBuyCommand
L 08/28/2020 - 18:21:56: [SM] Exception reported: Array index out-of-bounds (index 64, limit 55)
L 08/28/2020 - 18:21:56: [SM] Blaming: weapon_restrict.smx
L 08/28/2020 - 18:21:56: [SM] Call stack trace:
L 08/28/2020 - 18:21:56: [SM]   [1] Line 202, restrictinc/events.sp::CS_OnBuyCommand
L 08/28/2020 - 18:23:33: [SM] Exception reported: Array index out-of-bounds (index 64, limit 55)
L 08/28/2020 - 18:23:33: [SM] Blaming: weapon_restrict.smx
L 08/28/2020 - 18:23:33: [SM] Call stack trace:
L 08/28/2020 - 18:23:33: [SM]   [1] Line 202, restrictinc/events.sp::CS_OnBuyCommand
L 08/28/2020 - 20:34:30: Error log file session closed.
L 08/28/2020 - 20:34:30: SourceMod error session started
L 08/28/2020 - 20:34:30: Info (map "de_mirage") (file "/home/tcagame/jackm1/488/csgo/addons/sourcemod/logs/errors_20200828.log")
L 08/28/2020 - 20:34:30: [SM] Fatal error encountered parsing translation file "advadmin.phrases.txt"
L 08/28/2020 - 20:34:30: [SM] Error (line 0, column 0): Stream failed to open
L 08/28/2020 - 20:34:39: [SM] Exception reported: Language phrase "Player_Connected_From" not found (arg 3)
L 08/28/2020 - 20:34:39: [SM] Blaming: advadmin.smx
L 08/28/2020 - 20:34:39: [SM] Call stack trace:
L 08/28/2020 - 20:34:39: [SM]   [0] VFormat
L 08/28/2020 - 20:34:39: [SM]   [1] Line 386, /groups/sourcemod/compiler-1.10/include/halflife.inc::PrintToChatAll
L 08/28/2020 - 20:34:39: [SM]   [2] Line 141, /home/groups/sourcemod/upload_tmp/phpRYtiXm.sp::OnClientAuthorized
L 08/28/2020 - 20:36:09: [SM] Exception reported: Language phrase "Player_Connected_From" not found (arg 3)
L 08/28/2020 - 20:36:09: [SM] Blaming: advadmin.smx
L 08/28/2020 - 20:36:09: [SM] Call stack trace:
L 08/28/2020 - 20:36:09: [SM]   [0] VFormat
L 08/28/2020 - 20:36:09: [SM]   [1] Line 386, /groups/sourcemod/compiler-1.10/include/halflife.inc::PrintToChatAll
L 08/28/2020 - 20:36:09: [SM]   [2] Line 141, /home/groups/sourcemod/upload_tmp/phpRYtiXm.sp::OnClientAuthorized
L 08/28/2020 - 20:40:37: [SM] Exception reported: Array index out-of-bounds (index 64, limit 55)
L 08/28/2020 - 20:40:37: [SM] Blaming: weapon_restrict.smx
L 08/28/2020 - 20:40:37: [SM] Call stack trace:
L 08/28/2020 - 20:40:37: [SM]   [1] Line 202, restrictinc/events.sp::CS_OnBuyCommand
L 08/28/2020 - 20:45:52: [SM] Exception reported: Array index out-of-bounds (index 64, limit 55)
L 08/28/2020 - 20:45:52: [SM] Blaming: weapon_restrict.smx
L 08/28/2020 - 20:45:52: [SM] Call stack trace:
L 08/28/2020 - 20:45:52: [SM]   [1] Line 202, restrictinc/events.sp::CS_OnBuyCommand
L 08/28/2020 - 20:49:00: [SM] Exception reported: Language phrase "Player_Connected_From" not found (arg 3)
L 08/28/2020 - 20:49:00: [SM] Blaming: advadmin.smx
L 08/28/2020 - 20:49:00: [SM] Call stack trace:
L 08/28/2020 - 20:49:00: [SM]   [0] VFormat
L 08/28/2020 - 20:49:00: [SM]   [1] Line 386, /groups/sourcemod/compiler-1.10/include/halflife.inc::PrintToChatAll
L 08/28/2020 - 20:49:00: [SM]   [2] Line 141, /home/groups/sourcemod/upload_tmp/phpRYtiXm.sp::OnClientAuthorized
L 08/28/2020 - 20:50:20: [SM] Exception reported: Array index out-of-bounds (index 64, limit 55)
L 08/28/2020 - 20:50:20: [SM] Blaming: weapon_restrict.smx
L 08/28/2020 - 20:50:20: [SM] Call stack trace:
L 08/28/2020 - 20:50:20: [SM]   [1] Line 202, restrictinc/events.sp::CS_OnBuyCommand
L 08/28/2020 - 20:50:24: [SM] Exception reported: Array index out-of-bounds (index 64, limit 55)
L 08/28/2020 - 20:50:24: [SM] Blaming: weapon_restrict.smx
L 08/28/2020 - 20:50:24: [SM] Call stack trace:
L 08/28/2020 - 20:50:24: [SM]   [1] Line 202, restrictinc/events.sp::CS_OnBuyCommand
L 08/28/2020 - 20:50:59: [SM] Exception reported: Array index out-of-bounds (index 64, limit 55)
L 08/28/2020 - 20:50:59: [SM] Blaming: weapon_restrict.smx
L 08/28/2020 - 20:50:59: [SM] Call stack trace:
L 08/28/2020 - 20:50:59: [SM]   [1] Line 202, restrictinc/events.sp::CS_OnBuyCommand
L 08/28/2020 - 20:52:31: [SM] Exception reported: Array index out-of-bounds (index 64, limit 55)
L 08/28/2020 - 20:52:31: [SM] Blaming: weapon_restrict.smx
L 08/28/2020 - 20:52:31: [SM] Call stack trace:
L 08/28/2020 - 20:52:31: [SM]   [1] Line 202, restrictinc/events.sp::CS_OnBuyCommand
L 08/28/2020 - 20:55:10: [SM] Exception reported: Array index out-of-bounds (index 64, limit 55)
L 08/28/2020 - 20:55:10: [SM] Blaming: weapon_restrict.smx
L 08/28/2020 - 20:55:10: [SM] Call stack trace:
L 08/28/2020 - 20:55:10: [SM]   [1] Line 202, restrictinc/events.sp::CS_OnBuyCommand
L 08/28/2020 - 20:55:49: [SM] Exception reported: Array index out-of-bounds (index 64, limit 55)
L 08/28/2020 - 20:55:49: [SM] Blaming: weapon_restrict.smx
L 08/28/2020 - 20:55:49: [SM] Call stack trace:
L 08/28/2020 - 20:55:49: [SM]   [1] Line 202, restrictinc/events.sp::CS_OnBuyCommand
L 08/28/2020 - 20:55:50: [SM] Exception reported: Array index out-of-bounds (index 64, limit 55)
L 08/28/2020 - 20:55:50: [SM] Blaming: weapon_restrict.smx
L 08/28/2020 - 20:55:50: [SM] Call stack trace:
L 08/28/2020 - 20:55:50: [SM]   [1] Line 202, restrictinc/events.sp::CS_OnBuyCommand
L 08/28/2020 - 20:55:51: [SM] Exception reported: Array index out-of-bounds (index 64, limit 55)
L 08/28/2020 - 20:55:51: [SM] Blaming: weapon_restrict.smx
L 08/28/2020 - 20:55:51: [SM] Call stack trace:
L 08/28/2020 - 20:55:51: [SM]   [1] Line 202, restrictinc/events.sp::CS_OnBuyCommand
L 08/28/2020 - 20:56:55: [SM] Exception reported: Array index out-of-bounds (index 64, limit 55)
L 08/28/2020 - 20:56:55: [SM] Blaming: weapon_restrict.smx
L 08/28/2020 - 20:56:55: [SM] Call stack trace:
L 08/28/2020 - 20:56:55: [SM]   [1] Line 202, restrictinc/events.sp::CS_OnBuyCommand
L 08/28/2020 - 20:59:23: [SM] Exception reported: Array index out-of-bounds (index 64, limit 55)
L 08/28/2020 - 20:59:23: [SM] Blaming: weapon_restrict.smx
L 08/28/2020 - 20:59:23: [SM] Call stack trace:
L 08/28/2020 - 20:59:23: [SM]   [1] Line 202, restrictinc/events.sp::CS_OnBuyCommand
L 08/28/2020 - 21:02:29: [SM] Exception reported: Array index out-of-bounds (index 64, limit 55)
L 08/28/2020 - 21:02:29: [SM] Blaming: weapon_restrict.smx
L 08/28/2020 - 21:02:29: [SM] Call stack trace:
L 08/28/2020 - 21:02:29: [SM]   [1] Line 202, restrictinc/events.sp::CS_OnBuyCommand
L 08/28/2020 - 21:02:42: [SM] Exception reported: Array index out-of-bounds (index 64, limit 55)
L 08/28/2020 - 21:02:42: [SM] Blaming: weapon_restrict.smx
L 08/28/2020 - 21:02:42: [SM] Call stack trace:
L 08/28/2020 - 21:02:42: [SM]   [1] Line 202, restrictinc/events.sp::CS_OnBuyCommand
L 08/28/2020 - 21:03:46: [SM] Exception reported: Array index out-of-bounds (index 64, limit 55)
L 08/28/2020 - 21:03:46: [SM] Blaming: weapon_restrict.smx
L 08/28/2020 - 21:03:46: [SM] Call stack trace:
L 08/28/2020 - 21:03:46: [SM]   [1] Line 202, restrictinc/events.sp::CS_OnBuyCommand
L 08/28/2020 - 21:04:22: [SM] Exception reported: Array index out-of-bounds (index 64, limit 55)
L 08/28/2020 - 21:04:22: [SM] Blaming: weapon_restrict.smx
L 08/28/2020 - 21:04:22: [SM] Call stack trace:
L 08/28/2020 - 21:04:22: [SM]   [1] Line 202, restrictinc/events.sp::CS_OnBuyCommand
L 08/28/2020 - 21:06:49: [SM] Exception reported: Array index out-of-bounds (index 64, limit 55)
L 08/28/2020 - 21:06:49: [SM] Blaming: weapon_restrict.smx
L 08/28/2020 - 21:06:49: [SM] Call stack trace:
L 08/28/2020 - 21:06:49: [SM]   [1] Line 202, restrictinc/events.sp::CS_OnBuyCommand
L 08/28/2020 - 21:07:28: [SM] Exception reported: Array index out-of-bounds (index 64, limit 55)
L 08/28/2020 - 21:07:28: [SM] Blaming: weapon_restrict.smx
L 08/28/2020 - 21:07:28: [SM] Call stack trace:
L 08/28/2020 - 21:07:28: [SM]   [1] Line 202, restrictinc/events.sp::CS_OnBuyCommand
L 08/28/2020 - 21:10:44: [SM] Exception reported: Array index out-of-bounds (index 64, limit 55)
L 08/28/2020 - 21:10:44: [SM] Blaming: weapon_restrict.smx
L 08/28/2020 - 21:10:44: [SM] Call stack trace:
L 08/28/2020 - 21:10:44: [SM]   [1] Line 202, restrictinc/events.sp::CS_OnBuyCommand
L 08/28/2020 - 21:14:39: [SM] Exception reported: Array index out-of-bounds (index 64, limit 55)
L 08/28/2020 - 21:14:39: [SM] Blaming: weapon_restrict.smx
L 08/28/2020 - 21:14:39: [SM] Call stack trace:
L 08/28/2020 - 21:14:39: [SM]   [1] Line 202, restrictinc/events.sp::CS_OnBuyCommand
L 08/28/2020 - 21:14:50: [SM] Exception reported: Array index out-of-bounds (index 64, limit 55)
L 08/28/2020 - 21:14:50: [SM] Blaming: weapon_restrict.smx
L 08/28/2020 - 21:14:50: [SM] Call stack trace:
L 08/28/2020 - 21:14:50: [SM]   [1] Line 202, restrictinc/events.sp::CS_OnBuyCommand
L 08/28/2020 - 21:25:24: Error log file session closed.
L 08/28/2020 - 21:25:24: SourceMod error session started
L 08/28/2020 - 21:25:24: Info (map "de_mirage") (file "/home/tcagame/jackm1/488/csgo/addons/sourcemod/logs/errors_20200828.log")
L 08/28/2020 - 21:25:24: [SM] Fatal error encountered parsing translation file "advadmin.phrases.txt"
L 08/28/2020 - 21:25:24: [SM] Error (line 0, column 0): Stream failed to open
L 08/29/2020 - 13:14:54: Error log file session closed.
