L 02/11/2021 - 00:51:40: SourceMod error session started
L 02/11/2021 - 00:51:40: Info (map "de_overpass") (file "/home/tcagame/jackm1/599/csgo/addons/sourcemod/logs/errors_20210211.log")
L 02/11/2021 - 00:51:40: [SM] Fatal error encountered parsing translation file "advadmin.phrases.txt"
L 02/11/2021 - 00:51:40: [SM] Error (line 0, column 0): Stream failed to open
L 02/11/2021 - 00:52:23: [SM] Exception reported: Language phrase "Player_Connected_From" not found (arg 3)
L 02/11/2021 - 00:52:23: [SM] Blaming: advadmin.smx
L 02/11/2021 - 00:52:23: [SM] Call stack trace:
L 02/11/2021 - 00:52:23: [SM]   [0] VFormat
L 02/11/2021 - 00:52:23: [SM]   [1] Line 386, /groups/sourcemod/compiler-1.10/include/halflife.inc::PrintToChatAll
L 02/11/2021 - 00:52:23: [SM]   [2] Line 141, /home/groups/sourcemod/upload_tmp/phpRYtiXm.sp::OnClientAuthorized
L 02/11/2021 - 01:16:49: Error log file session closed.
L 02/11/2021 - 01:16:49: SourceMod error session started
L 02/11/2021 - 01:16:49: Info (map "de_overpass") (file "/home/tcagame/jackm1/599/csgo/addons/sourcemod/logs/errors_20210211.log")
L 02/11/2021 - 01:16:49: [SM] Fatal error encountered parsing translation file "advadmin.phrases.txt"
L 02/11/2021 - 01:16:49: [SM] Error (line 0, column 0): Stream failed to open
L 02/11/2021 - 01:20:48: Error log file session closed.
L 02/11/2021 - 01:20:48: SourceMod error session started
L 02/11/2021 - 01:20:48: Info (map "de_overpass") (file "/home/tcagame/jackm1/599/csgo/addons/sourcemod/logs/errors_20210211.log")
L 02/11/2021 - 01:20:48: [SM] Fatal error encountered parsing translation file "advadmin.phrases.txt"
L 02/11/2021 - 01:20:48: [SM] Error (line 0, column 0): Stream failed to open
L 02/11/2021 - 01:21:36: [SM] Exception reported: Language phrase "Player_Connected_From" not found (arg 3)
L 02/11/2021 - 01:21:36: [SM] Blaming: advadmin.smx
L 02/11/2021 - 01:21:36: [SM] Call stack trace:
L 02/11/2021 - 01:21:36: [SM]   [0] VFormat
L 02/11/2021 - 01:21:36: [SM]   [1] Line 386, /groups/sourcemod/compiler-1.10/include/halflife.inc::PrintToChatAll
L 02/11/2021 - 01:21:36: [SM]   [2] Line 141, /home/groups/sourcemod/upload_tmp/phpRYtiXm.sp::OnClientAuthorized
L 02/11/2021 - 01:24:45: Error log file session closed.
L 02/11/2021 - 01:24:45: SourceMod error session started
L 02/11/2021 - 01:24:45: Info (map "de_vertigo") (file "/home/tcagame/jackm1/599/csgo/addons/sourcemod/logs/errors_20210211.log")
L 02/11/2021 - 01:24:45: [SM] Fatal error encountered parsing translation file "advadmin.phrases.txt"
L 02/11/2021 - 01:24:45: [SM] Error (line 0, column 0): Stream failed to open
L 02/11/2021 - 01:26:52: [SM] Exception reported: Array index out-of-bounds (index 64, limit 55)
L 02/11/2021 - 01:26:52: [SM] Blaming: weapon_restrict.smx
L 02/11/2021 - 01:26:52: [SM] Call stack trace:
L 02/11/2021 - 01:26:52: [SM]   [1] Line 202, restrictinc/events.sp::CS_OnBuyCommand
L 02/11/2021 - 01:26:55: [SM] Exception reported: Array index out-of-bounds (index 64, limit 55)
L 02/11/2021 - 01:26:55: [SM] Blaming: weapon_restrict.smx
L 02/11/2021 - 01:26:55: [SM] Call stack trace:
L 02/11/2021 - 01:26:55: [SM]   [1] Line 202, restrictinc/events.sp::CS_OnBuyCommand
L 02/11/2021 - 01:28:49: [SM] Exception reported: Array index out-of-bounds (index 64, limit 55)
L 02/11/2021 - 01:28:49: [SM] Blaming: weapon_restrict.smx
L 02/11/2021 - 01:28:49: [SM] Call stack trace:
L 02/11/2021 - 01:28:49: [SM]   [1] Line 202, restrictinc/events.sp::CS_OnBuyCommand
L 02/11/2021 - 01:34:15: [SM] Exception reported: Array index out-of-bounds (index 64, limit 55)
L 02/11/2021 - 01:34:15: [SM] Blaming: weapon_restrict.smx
L 02/11/2021 - 01:34:15: [SM] Call stack trace:
L 02/11/2021 - 01:34:15: [SM]   [1] Line 202, restrictinc/events.sp::CS_OnBuyCommand
L 02/11/2021 - 11:34:00: Error log file session closed.
L 02/11/2021 - 11:34:00: SourceMod error session started
L 02/11/2021 - 11:34:00: Info (map "de_vertigo") (file "/home/tcagame/jackm1/599/csgo/addons/sourcemod/logs/errors_20210211.log")
L 02/11/2021 - 11:34:00: [SM] Fatal error encountered parsing translation file "advadmin.phrases.txt"
L 02/11/2021 - 11:34:00: [SM] Error (line 0, column 0): Stream failed to open
L 02/11/2021 - 14:42:05: Error log file session closed.
L 02/11/2021 - 14:42:05: SourceMod error session started
L 02/11/2021 - 14:42:05: Info (map "de_vertigo") (file "/home/tcagame/jackm1/599/csgo/addons/sourcemod/logs/errors_20210211.log")
L 02/11/2021 - 14:42:05: [SM] Fatal error encountered parsing translation file "advadmin.phrases.txt"
L 02/11/2021 - 14:42:05: [SM] Error (line 0, column 0): Stream failed to open
L 02/11/2021 - 17:04:19: Error log file session closed.
L 02/11/2021 - 17:04:19: SourceMod error session started
L 02/11/2021 - 17:04:19: Info (map "de_vertigo") (file "/home/tcagame/jackm1/599/csgo/addons/sourcemod/logs/errors_20210211.log")
L 02/11/2021 - 17:04:19: [SM] Fatal error encountered parsing translation file "advadmin.phrases.txt"
L 02/11/2021 - 17:04:19: [SM] Error (line 0, column 0): Stream failed to open
L 02/12/2021 - 00:50:29: Error log file session closed.
