L 10/29/2020 - 11:45:32: SourceMod error session started
L 10/29/2020 - 11:45:32: Info (map "de_dust2") (file "/home/tcagame/jackm1/527/csgo/addons/sourcemod/logs/errors_20201029.log")
L 10/29/2020 - 11:45:32: [SM] Fatal error encountered parsing translation file "advadmin.phrases.txt"
L 10/29/2020 - 11:45:32: [SM] Error (line 0, column 0): Stream failed to open
L 10/29/2020 - 11:46:23: [SM] Exception reported: Language phrase "Player_Connected_From" not found (arg 3)
L 10/29/2020 - 11:46:23: [SM] Blaming: advadmin.smx
L 10/29/2020 - 11:46:23: [SM] Call stack trace:
L 10/29/2020 - 11:46:23: [SM]   [0] VFormat
L 10/29/2020 - 11:46:23: [SM]   [1] Line 386, /groups/sourcemod/compiler-1.10/include/halflife.inc::PrintToChatAll
L 10/29/2020 - 11:46:23: [SM]   [2] Line 141, /home/groups/sourcemod/upload_tmp/phpRYtiXm.sp::OnClientAuthorized
L 10/29/2020 - 11:46:23: [SM] Exception reported: Language phrase "Player_Connected_From" not found (arg 3)
L 10/29/2020 - 11:46:23: [SM] Blaming: advadmin.smx
L 10/29/2020 - 11:46:23: [SM] Call stack trace:
L 10/29/2020 - 11:46:23: [SM]   [0] VFormat
L 10/29/2020 - 11:46:23: [SM]   [1] Line 386, /groups/sourcemod/compiler-1.10/include/halflife.inc::PrintToChatAll
L 10/29/2020 - 11:46:23: [SM]   [2] Line 141, /home/groups/sourcemod/upload_tmp/phpRYtiXm.sp::OnClientAuthorized
L 10/29/2020 - 11:47:34: [SM] Exception reported: Language phrase "Player_Connected_From" not found (arg 3)
L 10/29/2020 - 11:47:34: [SM] Blaming: advadmin.smx
L 10/29/2020 - 11:47:34: [SM] Call stack trace:
L 10/29/2020 - 11:47:34: [SM]   [0] VFormat
L 10/29/2020 - 11:47:34: [SM]   [1] Line 386, /groups/sourcemod/compiler-1.10/include/halflife.inc::PrintToChatAll
L 10/29/2020 - 11:47:34: [SM]   [2] Line 141, /home/groups/sourcemod/upload_tmp/phpRYtiXm.sp::OnClientAuthorized
L 10/29/2020 - 11:51:08: [SM] Exception reported: Language phrase "Player_Connected_From" not found (arg 3)
L 10/29/2020 - 11:51:08: [SM] Blaming: advadmin.smx
L 10/29/2020 - 11:51:08: [SM] Call stack trace:
L 10/29/2020 - 11:51:08: [SM]   [0] VFormat
L 10/29/2020 - 11:51:08: [SM]   [1] Line 386, /groups/sourcemod/compiler-1.10/include/halflife.inc::PrintToChatAll
L 10/29/2020 - 11:51:08: [SM]   [2] Line 141, /home/groups/sourcemod/upload_tmp/phpRYtiXm.sp::OnClientAuthorized
L 10/29/2020 - 11:51:35: [SM] Exception reported: Language phrase "Player_Connected" not found (arg 3)
L 10/29/2020 - 11:51:35: [SM] Blaming: advadmin.smx
L 10/29/2020 - 11:51:35: [SM] Call stack trace:
L 10/29/2020 - 11:51:35: [SM]   [0] VFormat
L 10/29/2020 - 11:51:35: [SM]   [1] Line 386, /groups/sourcemod/compiler-1.10/include/halflife.inc::PrintToChatAll
L 10/29/2020 - 11:51:35: [SM]   [2] Line 145, /home/groups/sourcemod/upload_tmp/phpRYtiXm.sp::OnClientAuthorized
L 10/29/2020 - 11:51:45: [SM] Exception reported: Language phrase "Player_Connected" not found (arg 3)
L 10/29/2020 - 11:51:45: [SM] Blaming: advadmin.smx
L 10/29/2020 - 11:51:45: [SM] Call stack trace:
L 10/29/2020 - 11:51:45: [SM]   [0] VFormat
L 10/29/2020 - 11:51:45: [SM]   [1] Line 386, /groups/sourcemod/compiler-1.10/include/halflife.inc::PrintToChatAll
L 10/29/2020 - 11:51:45: [SM]   [2] Line 145, /home/groups/sourcemod/upload_tmp/phpRYtiXm.sp::OnClientAuthorized
L 10/29/2020 - 11:54:05: Error log file session closed.
L 10/29/2020 - 11:54:05: SourceMod error session started
L 10/29/2020 - 11:54:05: Info (map "cs_assault") (file "/home/tcagame/jackm1/527/csgo/addons/sourcemod/logs/errors_20201029.log")
L 10/29/2020 - 11:54:05: [SM] Fatal error encountered parsing translation file "advadmin.phrases.txt"
L 10/29/2020 - 11:54:05: [SM] Error (line 0, column 0): Stream failed to open
L 10/29/2020 - 11:55:09: [SM] Exception reported: Array index out-of-bounds (index 64, limit 55)
L 10/29/2020 - 11:55:09: [SM] Blaming: weapon_restrict.smx
L 10/29/2020 - 11:55:09: [SM] Call stack trace:
L 10/29/2020 - 11:55:09: [SM]   [1] Line 202, restrictinc/events.sp::CS_OnBuyCommand
L 10/29/2020 - 11:55:24: [SM] Exception reported: Array index out-of-bounds (index 64, limit 55)
L 10/29/2020 - 11:55:24: [SM] Blaming: weapon_restrict.smx
L 10/29/2020 - 11:55:24: [SM] Call stack trace:
L 10/29/2020 - 11:55:24: [SM]   [1] Line 202, restrictinc/events.sp::CS_OnBuyCommand
L 10/29/2020 - 11:55:26: [SM] Exception reported: Array index out-of-bounds (index 64, limit 55)
L 10/29/2020 - 11:55:26: [SM] Blaming: weapon_restrict.smx
L 10/29/2020 - 11:55:26: [SM] Call stack trace:
L 10/29/2020 - 11:55:26: [SM]   [1] Line 202, restrictinc/events.sp::CS_OnBuyCommand
L 10/29/2020 - 11:55:52: [SM] Exception reported: Array index out-of-bounds (index 64, limit 55)
L 10/29/2020 - 11:55:52: [SM] Blaming: weapon_restrict.smx
L 10/29/2020 - 11:55:52: [SM] Call stack trace:
L 10/29/2020 - 11:55:52: [SM]   [1] Line 202, restrictinc/events.sp::CS_OnBuyCommand
L 10/29/2020 - 11:57:01: [SM] Exception reported: Array index out-of-bounds (index 64, limit 55)
L 10/29/2020 - 11:57:01: [SM] Blaming: weapon_restrict.smx
L 10/29/2020 - 11:57:01: [SM] Call stack trace:
L 10/29/2020 - 11:57:01: [SM]   [1] Line 202, restrictinc/events.sp::CS_OnBuyCommand
L 10/29/2020 - 11:58:52: [SM] Exception reported: Array index out-of-bounds (index 64, limit 55)
L 10/29/2020 - 11:58:52: [SM] Blaming: weapon_restrict.smx
L 10/29/2020 - 11:58:52: [SM] Call stack trace:
L 10/29/2020 - 11:58:52: [SM]   [1] Line 202, restrictinc/events.sp::CS_OnBuyCommand
L 10/29/2020 - 12:03:30: [SM] Exception reported: Array index out-of-bounds (index 64, limit 55)
L 10/29/2020 - 12:03:30: [SM] Blaming: weapon_restrict.smx
L 10/29/2020 - 12:03:30: [SM] Call stack trace:
L 10/29/2020 - 12:03:30: [SM]   [1] Line 202, restrictinc/events.sp::CS_OnBuyCommand
L 10/29/2020 - 12:05:42: [SM] Exception reported: Array index out-of-bounds (index 64, limit 55)
L 10/29/2020 - 12:05:42: [SM] Blaming: weapon_restrict.smx
L 10/29/2020 - 12:05:42: [SM] Call stack trace:
L 10/29/2020 - 12:05:42: [SM]   [1] Line 202, restrictinc/events.sp::CS_OnBuyCommand
L 10/29/2020 - 12:05:43: [SM] Exception reported: Array index out-of-bounds (index 64, limit 55)
L 10/29/2020 - 12:05:43: [SM] Blaming: weapon_restrict.smx
L 10/29/2020 - 12:05:43: [SM] Call stack trace:
L 10/29/2020 - 12:05:43: [SM]   [1] Line 202, restrictinc/events.sp::CS_OnBuyCommand
L 10/29/2020 - 12:06:35: [SM] Exception reported: Array index out-of-bounds (index 64, limit 55)
L 10/29/2020 - 12:06:35: [SM] Blaming: weapon_restrict.smx
L 10/29/2020 - 12:06:35: [SM] Call stack trace:
L 10/29/2020 - 12:06:35: [SM]   [1] Line 202, restrictinc/events.sp::CS_OnBuyCommand
L 10/29/2020 - 12:06:35: [SM] Exception reported: Array index out-of-bounds (index 64, limit 55)
L 10/29/2020 - 12:06:35: [SM] Blaming: weapon_restrict.smx
L 10/29/2020 - 12:06:35: [SM] Call stack trace:
L 10/29/2020 - 12:06:35: [SM]   [1] Line 202, restrictinc/events.sp::CS_OnBuyCommand
L 10/29/2020 - 12:06:37: [SM] Exception reported: Array index out-of-bounds (index 64, limit 55)
L 10/29/2020 - 12:06:37: [SM] Blaming: weapon_restrict.smx
L 10/29/2020 - 12:06:37: [SM] Call stack trace:
L 10/29/2020 - 12:06:37: [SM]   [1] Line 202, restrictinc/events.sp::CS_OnBuyCommand
L 10/29/2020 - 12:06:38: [SM] Exception reported: Array index out-of-bounds (index 64, limit 55)
L 10/29/2020 - 12:06:38: [SM] Blaming: weapon_restrict.smx
L 10/29/2020 - 12:06:38: [SM] Call stack trace:
L 10/29/2020 - 12:06:38: [SM]   [1] Line 202, restrictinc/events.sp::CS_OnBuyCommand
L 10/29/2020 - 12:07:26: [SM] Exception reported: Array index out-of-bounds (index 64, limit 55)
L 10/29/2020 - 12:07:26: [SM] Blaming: weapon_restrict.smx
L 10/29/2020 - 12:07:26: [SM] Call stack trace:
L 10/29/2020 - 12:07:26: [SM]   [1] Line 202, restrictinc/events.sp::CS_OnBuyCommand
L 10/29/2020 - 12:07:30: [SM] Exception reported: Array index out-of-bounds (index 64, limit 55)
L 10/29/2020 - 12:07:30: [SM] Blaming: weapon_restrict.smx
L 10/29/2020 - 12:07:30: [SM] Call stack trace:
L 10/29/2020 - 12:07:30: [SM]   [1] Line 202, restrictinc/events.sp::CS_OnBuyCommand
L 10/29/2020 - 12:07:30: [SM] Exception reported: Array index out-of-bounds (index 64, limit 55)
L 10/29/2020 - 12:07:30: [SM] Blaming: weapon_restrict.smx
L 10/29/2020 - 12:07:30: [SM] Call stack trace:
L 10/29/2020 - 12:07:30: [SM]   [1] Line 202, restrictinc/events.sp::CS_OnBuyCommand
L 10/29/2020 - 12:09:52: [SM] Exception reported: Array index out-of-bounds (index 64, limit 55)
L 10/29/2020 - 12:09:52: [SM] Blaming: weapon_restrict.smx
L 10/29/2020 - 12:09:52: [SM] Call stack trace:
L 10/29/2020 - 12:09:52: [SM]   [1] Line 202, restrictinc/events.sp::CS_OnBuyCommand
L 10/29/2020 - 12:10:19: [SM] Exception reported: Array index out-of-bounds (index 64, limit 55)
L 10/29/2020 - 12:10:19: [SM] Blaming: weapon_restrict.smx
L 10/29/2020 - 12:10:19: [SM] Call stack trace:
L 10/29/2020 - 12:10:19: [SM]   [1] Line 202, restrictinc/events.sp::CS_OnBuyCommand
L 10/29/2020 - 12:11:46: [SM] Exception reported: Array index out-of-bounds (index 64, limit 55)
L 10/29/2020 - 12:11:46: [SM] Blaming: weapon_restrict.smx
L 10/29/2020 - 12:11:46: [SM] Call stack trace:
L 10/29/2020 - 12:11:46: [SM]   [1] Line 202, restrictinc/events.sp::CS_OnBuyCommand
L 10/29/2020 - 12:12:32: [SM] Exception reported: Array index out-of-bounds (index 64, limit 55)
L 10/29/2020 - 12:12:32: [SM] Blaming: weapon_restrict.smx
L 10/29/2020 - 12:12:32: [SM] Call stack trace:
L 10/29/2020 - 12:12:32: [SM]   [1] Line 202, restrictinc/events.sp::CS_OnBuyCommand
L 10/29/2020 - 12:17:20: [SM] Exception reported: Array index out-of-bounds (index 64, limit 55)
L 10/29/2020 - 12:17:20: [SM] Blaming: weapon_restrict.smx
L 10/29/2020 - 12:17:20: [SM] Call stack trace:
L 10/29/2020 - 12:17:20: [SM]   [1] Line 202, restrictinc/events.sp::CS_OnBuyCommand
L 10/29/2020 - 19:26:12: Error log file session closed.
L 10/29/2020 - 19:26:12: SourceMod error session started
L 10/29/2020 - 19:26:12: Info (map "cs_assault") (file "/home/tcagame/jackm1/527/csgo/addons/sourcemod/logs/errors_20201029.log")
L 10/29/2020 - 19:26:12: [SM] Fatal error encountered parsing translation file "advadmin.phrases.txt"
L 10/29/2020 - 19:26:12: [SM] Error (line 0, column 0): Stream failed to open
