L 12/22/2020 - 02:50:03: SourceMod error session started
L 12/22/2020 - 02:50:03: Info (map "cs_italy") (file "/home/tcagame/jackm1/527/csgo/addons/sourcemod/logs/errors_20201222.log")
L 12/22/2020 - 02:50:03: [SM] Fatal error encountered parsing translation file "advadmin.phrases.txt"
L 12/22/2020 - 02:50:03: [SM] Error (line 0, column 0): Stream failed to open
L 12/22/2020 - 02:50:23: [SM] Exception reported: Array index out-of-bounds (index 64, limit 55)
L 12/22/2020 - 02:50:23: [SM] Blaming: weapon_restrict.smx
L 12/22/2020 - 02:50:23: [SM] Call stack trace:
L 12/22/2020 - 02:50:23: [SM]   [1] Line 202, restrictinc/events.sp::CS_OnBuyCommand
L 12/22/2020 - 03:24:46: [SM] Exception reported: Array index out-of-bounds (index 64, limit 55)
L 12/22/2020 - 03:24:46: [SM] Blaming: weapon_restrict.smx
L 12/22/2020 - 03:24:46: [SM] Call stack trace:
L 12/22/2020 - 03:24:46: [SM]   [1] Line 202, restrictinc/events.sp::CS_OnBuyCommand
L 12/22/2020 - 03:54:52: [SM] Exception reported: Language phrase "Player_Connected_From" not found (arg 3)
L 12/22/2020 - 03:54:52: [SM] Blaming: advadmin.smx
L 12/22/2020 - 03:54:52: [SM] Call stack trace:
L 12/22/2020 - 03:54:52: [SM]   [0] VFormat
L 12/22/2020 - 03:54:52: [SM]   [1] Line 386, /groups/sourcemod/compiler-1.10/include/halflife.inc::PrintToChatAll
L 12/22/2020 - 03:54:52: [SM]   [2] Line 141, /home/groups/sourcemod/upload_tmp/phpRYtiXm.sp::OnClientAuthorized
L 12/22/2020 - 03:55:55: [SM] Exception reported: Array index out-of-bounds (index 64, limit 55)
L 12/22/2020 - 03:55:55: [SM] Blaming: weapon_restrict.smx
L 12/22/2020 - 03:55:55: [SM] Call stack trace:
L 12/22/2020 - 03:55:55: [SM]   [1] Line 202, restrictinc/events.sp::CS_OnBuyCommand
L 12/22/2020 - 03:56:06: [SM] Exception reported: Array index out-of-bounds (index 64, limit 55)
L 12/22/2020 - 03:56:06: [SM] Blaming: weapon_restrict.smx
L 12/22/2020 - 03:56:06: [SM] Call stack trace:
L 12/22/2020 - 03:56:06: [SM]   [1] Line 202, restrictinc/events.sp::CS_OnBuyCommand
L 12/22/2020 - 03:58:51: [SM] Exception reported: Language phrase "Player_Connected_From" not found (arg 3)
L 12/22/2020 - 03:58:51: [SM] Blaming: advadmin.smx
L 12/22/2020 - 03:58:51: [SM] Call stack trace:
L 12/22/2020 - 03:58:51: [SM]   [0] VFormat
L 12/22/2020 - 03:58:51: [SM]   [1] Line 386, /groups/sourcemod/compiler-1.10/include/halflife.inc::PrintToChatAll
L 12/22/2020 - 03:58:51: [SM]   [2] Line 141, /home/groups/sourcemod/upload_tmp/phpRYtiXm.sp::OnClientAuthorized
L 12/22/2020 - 03:59:27: [SM] Exception reported: Array index out-of-bounds (index 64, limit 55)
L 12/22/2020 - 03:59:27: [SM] Blaming: weapon_restrict.smx
L 12/22/2020 - 03:59:27: [SM] Call stack trace:
L 12/22/2020 - 03:59:27: [SM]   [1] Line 202, restrictinc/events.sp::CS_OnBuyCommand
L 12/22/2020 - 03:59:51: [SM] Exception reported: Array index out-of-bounds (index 64, limit 55)
L 12/22/2020 - 03:59:51: [SM] Blaming: weapon_restrict.smx
L 12/22/2020 - 03:59:51: [SM] Call stack trace:
L 12/22/2020 - 03:59:51: [SM]   [1] Line 202, restrictinc/events.sp::CS_OnBuyCommand
L 12/22/2020 - 03:59:55: [SM] Exception reported: Array index out-of-bounds (index 64, limit 55)
L 12/22/2020 - 03:59:55: [SM] Blaming: weapon_restrict.smx
L 12/22/2020 - 03:59:55: [SM] Call stack trace:
L 12/22/2020 - 03:59:55: [SM]   [1] Line 202, restrictinc/events.sp::CS_OnBuyCommand
L 12/22/2020 - 03:59:55: [SM] Exception reported: Array index out-of-bounds (index 64, limit 55)
L 12/22/2020 - 03:59:55: [SM] Blaming: weapon_restrict.smx
L 12/22/2020 - 03:59:55: [SM] Call stack trace:
L 12/22/2020 - 03:59:55: [SM]   [1] Line 202, restrictinc/events.sp::CS_OnBuyCommand
L 12/22/2020 - 04:01:34: Error log file session closed.
L 12/22/2020 - 04:01:34: SourceMod error session started
L 12/22/2020 - 04:01:34: Info (map "de_overpass") (file "/home/tcagame/jackm1/527/csgo/addons/sourcemod/logs/errors_20201222.log")
L 12/22/2020 - 04:01:34: [SM] Fatal error encountered parsing translation file "advadmin.phrases.txt"
L 12/22/2020 - 04:01:34: [SM] Error (line 0, column 0): Stream failed to open
L 12/22/2020 - 04:02:00: [SM] Exception reported: Array index out-of-bounds (index 64, limit 55)
L 12/22/2020 - 04:02:00: [SM] Blaming: weapon_restrict.smx
L 12/22/2020 - 04:02:00: [SM] Call stack trace:
L 12/22/2020 - 04:02:00: [SM]   [1] Line 202, restrictinc/events.sp::CS_OnBuyCommand
L 12/22/2020 - 04:02:08: [SM] Exception reported: Array index out-of-bounds (index 64, limit 55)
L 12/22/2020 - 04:02:08: [SM] Blaming: weapon_restrict.smx
L 12/22/2020 - 04:02:08: [SM] Call stack trace:
L 12/22/2020 - 04:02:08: [SM]   [1] Line 202, restrictinc/events.sp::CS_OnBuyCommand
L 12/22/2020 - 04:02:16: [SM] Exception reported: Array index out-of-bounds (index 64, limit 55)
L 12/22/2020 - 04:02:16: [SM] Blaming: weapon_restrict.smx
L 12/22/2020 - 04:02:16: [SM] Call stack trace:
L 12/22/2020 - 04:02:16: [SM]   [1] Line 202, restrictinc/events.sp::CS_OnBuyCommand
L 12/22/2020 - 04:02:23: [SM] Exception reported: Array index out-of-bounds (index 64, limit 55)
L 12/22/2020 - 04:02:23: [SM] Blaming: weapon_restrict.smx
L 12/22/2020 - 04:02:23: [SM] Call stack trace:
L 12/22/2020 - 04:02:23: [SM]   [1] Line 202, restrictinc/events.sp::CS_OnBuyCommand
L 12/22/2020 - 04:02:34: [SM] Exception reported: Array index out-of-bounds (index 64, limit 55)
L 12/22/2020 - 04:02:34: [SM] Blaming: weapon_restrict.smx
L 12/22/2020 - 04:02:34: [SM] Call stack trace:
L 12/22/2020 - 04:02:34: [SM]   [1] Line 202, restrictinc/events.sp::CS_OnBuyCommand
L 12/22/2020 - 04:02:38: [SM] Exception reported: Array index out-of-bounds (index 64, limit 55)
L 12/22/2020 - 04:02:38: [SM] Blaming: weapon_restrict.smx
L 12/22/2020 - 04:02:38: [SM] Call stack trace:
L 12/22/2020 - 04:02:38: [SM]   [1] Line 202, restrictinc/events.sp::CS_OnBuyCommand
L 12/22/2020 - 04:05:52: [SM] Exception reported: Array index out-of-bounds (index 64, limit 55)
L 12/22/2020 - 04:05:52: [SM] Blaming: weapon_restrict.smx
L 12/22/2020 - 04:05:52: [SM] Call stack trace:
L 12/22/2020 - 04:05:52: [SM]   [1] Line 202, restrictinc/events.sp::CS_OnBuyCommand
L 12/22/2020 - 04:08:31: [SM] Exception reported: Array index out-of-bounds (index 64, limit 55)
L 12/22/2020 - 04:08:31: [SM] Blaming: weapon_restrict.smx
L 12/22/2020 - 04:08:31: [SM] Call stack trace:
L 12/22/2020 - 04:08:31: [SM]   [1] Line 202, restrictinc/events.sp::CS_OnBuyCommand
L 12/22/2020 - 04:09:07: [SM] Exception reported: Array index out-of-bounds (index 64, limit 55)
L 12/22/2020 - 04:09:07: [SM] Blaming: weapon_restrict.smx
L 12/22/2020 - 04:09:07: [SM] Call stack trace:
L 12/22/2020 - 04:09:07: [SM]   [1] Line 202, restrictinc/events.sp::CS_OnBuyCommand
L 12/22/2020 - 04:15:51: [SM] Exception reported: Array index out-of-bounds (index 64, limit 55)
L 12/22/2020 - 04:15:51: [SM] Blaming: weapon_restrict.smx
L 12/22/2020 - 04:15:51: [SM] Call stack trace:
L 12/22/2020 - 04:15:51: [SM]   [1] Line 202, restrictinc/events.sp::CS_OnBuyCommand
L 12/22/2020 - 04:15:51: [SM] Exception reported: Array index out-of-bounds (index 64, limit 55)
L 12/22/2020 - 04:15:51: [SM] Blaming: weapon_restrict.smx
L 12/22/2020 - 04:15:51: [SM] Call stack trace:
L 12/22/2020 - 04:15:51: [SM]   [1] Line 202, restrictinc/events.sp::CS_OnBuyCommand
L 12/22/2020 - 04:18:56: [SM] Exception reported: Array index out-of-bounds (index 64, limit 55)
L 12/22/2020 - 04:18:56: [SM] Blaming: weapon_restrict.smx
L 12/22/2020 - 04:18:56: [SM] Call stack trace:
L 12/22/2020 - 04:18:56: [SM]   [1] Line 202, restrictinc/events.sp::CS_OnBuyCommand
L 12/22/2020 - 04:21:03: [SM] Exception reported: Array index out-of-bounds (index 64, limit 55)
L 12/22/2020 - 04:21:03: [SM] Blaming: weapon_restrict.smx
L 12/22/2020 - 04:21:03: [SM] Call stack trace:
L 12/22/2020 - 04:21:03: [SM]   [1] Line 202, restrictinc/events.sp::CS_OnBuyCommand
L 12/22/2020 - 04:29:40: Error log file session closed.
L 12/22/2020 - 04:29:40: SourceMod error session started
L 12/22/2020 - 04:29:40: Info (map "cs_italy") (file "/home/tcagame/jackm1/527/csgo/addons/sourcemod/logs/errors_20201222.log")
L 12/22/2020 - 04:29:40: [SM] Fatal error encountered parsing translation file "advadmin.phrases.txt"
L 12/22/2020 - 04:29:40: [SM] Error (line 0, column 0): Stream failed to open
L 12/22/2020 - 04:30:15: [SM] Exception reported: Array index out-of-bounds (index 64, limit 55)
L 12/22/2020 - 04:30:15: [SM] Blaming: weapon_restrict.smx
L 12/22/2020 - 04:30:15: [SM] Call stack trace:
L 12/22/2020 - 04:30:15: [SM]   [1] Line 202, restrictinc/events.sp::CS_OnBuyCommand
L 12/22/2020 - 04:31:23: [SM] Exception reported: Array index out-of-bounds (index 64, limit 55)
L 12/22/2020 - 04:31:23: [SM] Blaming: weapon_restrict.smx
L 12/22/2020 - 04:31:23: [SM] Call stack trace:
L 12/22/2020 - 04:31:23: [SM]   [1] Line 202, restrictinc/events.sp::CS_OnBuyCommand
L 12/22/2020 - 04:31:24: [SM] Exception reported: Array index out-of-bounds (index 64, limit 55)
L 12/22/2020 - 04:31:24: [SM] Blaming: weapon_restrict.smx
L 12/22/2020 - 04:31:24: [SM] Call stack trace:
L 12/22/2020 - 04:31:24: [SM]   [1] Line 202, restrictinc/events.sp::CS_OnBuyCommand
L 12/22/2020 - 04:32:13: [SM] Exception reported: Array index out-of-bounds (index 64, limit 55)
L 12/22/2020 - 04:32:13: [SM] Blaming: weapon_restrict.smx
L 12/22/2020 - 04:32:13: [SM] Call stack trace:
L 12/22/2020 - 04:32:13: [SM]   [1] Line 202, restrictinc/events.sp::CS_OnBuyCommand
L 12/22/2020 - 04:42:27: [SM] Exception reported: Array index out-of-bounds (index 64, limit 55)
L 12/22/2020 - 04:42:27: [SM] Blaming: weapon_restrict.smx
L 12/22/2020 - 04:42:27: [SM] Call stack trace:
L 12/22/2020 - 04:42:27: [SM]   [1] Line 202, restrictinc/events.sp::CS_OnBuyCommand
L 12/22/2020 - 04:43:10: [SM] Exception reported: Array index out-of-bounds (index 64, limit 55)
L 12/22/2020 - 04:43:10: [SM] Blaming: weapon_restrict.smx
L 12/22/2020 - 04:43:10: [SM] Call stack trace:
L 12/22/2020 - 04:43:10: [SM]   [1] Line 202, restrictinc/events.sp::CS_OnBuyCommand
L 12/22/2020 - 04:43:10: [SM] Exception reported: Array index out-of-bounds (index 64, limit 55)
L 12/22/2020 - 04:43:10: [SM] Blaming: weapon_restrict.smx
L 12/22/2020 - 04:43:10: [SM] Call stack trace:
L 12/22/2020 - 04:43:10: [SM]   [1] Line 202, restrictinc/events.sp::CS_OnBuyCommand
L 12/22/2020 - 04:47:17: [SM] Exception reported: Array index out-of-bounds (index 64, limit 55)
L 12/22/2020 - 04:47:17: [SM] Blaming: weapon_restrict.smx
L 12/22/2020 - 04:47:17: [SM] Call stack trace:
L 12/22/2020 - 04:47:17: [SM]   [1] Line 202, restrictinc/events.sp::CS_OnBuyCommand
L 12/22/2020 - 06:13:08: Error log file session closed.
L 12/22/2020 - 06:13:08: SourceMod error session started
L 12/22/2020 - 06:13:08: Info (map "cs_italy") (file "/home/tcagame/jackm1/527/csgo/addons/sourcemod/logs/errors_20201222.log")
L 12/22/2020 - 06:13:08: [SM] Fatal error encountered parsing translation file "advadmin.phrases.txt"
L 12/22/2020 - 06:13:08: [SM] Error (line 0, column 0): Stream failed to open
L 12/22/2020 - 06:13:45: [SM] Exception reported: Language phrase "Player_Connected_From" not found (arg 3)
L 12/22/2020 - 06:13:45: [SM] Blaming: advadmin.smx
L 12/22/2020 - 06:13:45: [SM] Call stack trace:
L 12/22/2020 - 06:13:45: [SM]   [0] VFormat
L 12/22/2020 - 06:13:45: [SM]   [1] Line 386, /groups/sourcemod/compiler-1.10/include/halflife.inc::PrintToChatAll
L 12/22/2020 - 06:13:45: [SM]   [2] Line 141, /home/groups/sourcemod/upload_tmp/phpRYtiXm.sp::OnClientAuthorized
L 12/22/2020 - 06:15:10: [SM] Exception reported: Array index out-of-bounds (index 64, limit 55)
L 12/22/2020 - 06:15:10: [SM] Blaming: weapon_restrict.smx
L 12/22/2020 - 06:15:10: [SM] Call stack trace:
L 12/22/2020 - 06:15:10: [SM]   [1] Line 202, restrictinc/events.sp::CS_OnBuyCommand
L 12/22/2020 - 06:15:26: [SM] Exception reported: Language phrase "Player_Connected_From" not found (arg 3)
L 12/22/2020 - 06:15:26: [SM] Blaming: advadmin.smx
L 12/22/2020 - 06:15:26: [SM] Call stack trace:
L 12/22/2020 - 06:15:26: [SM]   [0] VFormat
L 12/22/2020 - 06:15:26: [SM]   [1] Line 386, /groups/sourcemod/compiler-1.10/include/halflife.inc::PrintToChatAll
L 12/22/2020 - 06:15:26: [SM]   [2] Line 141, /home/groups/sourcemod/upload_tmp/phpRYtiXm.sp::OnClientAuthorized
L 12/22/2020 - 06:18:37: [SM] Exception reported: Array index out-of-bounds (index 64, limit 55)
L 12/22/2020 - 06:18:37: [SM] Blaming: weapon_restrict.smx
L 12/22/2020 - 06:18:37: [SM] Call stack trace:
L 12/22/2020 - 06:18:37: [SM]   [1] Line 202, restrictinc/events.sp::CS_OnBuyCommand
L 12/22/2020 - 06:21:15: Error log file session closed.
L 12/22/2020 - 06:21:15: SourceMod error session started
L 12/22/2020 - 06:21:15: Info (map "de_overpass") (file "/home/tcagame/jackm1/527/csgo/addons/sourcemod/logs/errors_20201222.log")
L 12/22/2020 - 06:21:15: [SM] Fatal error encountered parsing translation file "advadmin.phrases.txt"
L 12/22/2020 - 06:21:15: [SM] Error (line 0, column 0): Stream failed to open
L 12/22/2020 - 06:21:34: [SM] Exception reported: Array index out-of-bounds (index 64, limit 55)
L 12/22/2020 - 06:21:34: [SM] Blaming: weapon_restrict.smx
L 12/22/2020 - 06:21:34: [SM] Call stack trace:
L 12/22/2020 - 06:21:34: [SM]   [1] Line 202, restrictinc/events.sp::CS_OnBuyCommand
L 12/22/2020 - 06:22:17: [SM] Exception reported: Array index out-of-bounds (index 64, limit 55)
L 12/22/2020 - 06:22:17: [SM] Blaming: weapon_restrict.smx
L 12/22/2020 - 06:22:17: [SM] Call stack trace:
L 12/22/2020 - 06:22:17: [SM]   [1] Line 202, restrictinc/events.sp::CS_OnBuyCommand
L 12/22/2020 - 06:24:10: [SM] Exception reported: Array index out-of-bounds (index 64, limit 55)
L 12/22/2020 - 06:24:10: [SM] Blaming: weapon_restrict.smx
L 12/22/2020 - 06:24:10: [SM] Call stack trace:
L 12/22/2020 - 06:24:10: [SM]   [1] Line 202, restrictinc/events.sp::CS_OnBuyCommand
L 12/22/2020 - 06:24:15: [SM] Exception reported: Array index out-of-bounds (index 64, limit 55)
L 12/22/2020 - 06:24:15: [SM] Blaming: weapon_restrict.smx
L 12/22/2020 - 06:24:15: [SM] Call stack trace:
L 12/22/2020 - 06:24:15: [SM]   [1] Line 202, restrictinc/events.sp::CS_OnBuyCommand
L 12/22/2020 - 06:24:21: [SM] Exception reported: Array index out-of-bounds (index 64, limit 55)
L 12/22/2020 - 06:24:21: [SM] Blaming: weapon_restrict.smx
L 12/22/2020 - 06:24:21: [SM] Call stack trace:
L 12/22/2020 - 06:24:21: [SM]   [1] Line 202, restrictinc/events.sp::CS_OnBuyCommand
L 12/22/2020 - 06:24:25: [SM] Exception reported: Array index out-of-bounds (index 64, limit 55)
L 12/22/2020 - 06:24:25: [SM] Blaming: weapon_restrict.smx
L 12/22/2020 - 06:24:25: [SM] Call stack trace:
L 12/22/2020 - 06:24:25: [SM]   [1] Line 202, restrictinc/events.sp::CS_OnBuyCommand
L 12/22/2020 - 06:25:15: [SM] Exception reported: Array index out-of-bounds (index 64, limit 55)
L 12/22/2020 - 06:25:15: [SM] Blaming: weapon_restrict.smx
L 12/22/2020 - 06:25:15: [SM] Call stack trace:
L 12/22/2020 - 06:25:15: [SM]   [1] Line 202, restrictinc/events.sp::CS_OnBuyCommand
L 12/22/2020 - 06:26:27: [SM] Exception reported: Array index out-of-bounds (index 64, limit 55)
L 12/22/2020 - 06:26:27: [SM] Blaming: weapon_restrict.smx
L 12/22/2020 - 06:26:27: [SM] Call stack trace:
L 12/22/2020 - 06:26:27: [SM]   [1] Line 202, restrictinc/events.sp::CS_OnBuyCommand
L 12/22/2020 - 06:27:02: [SM] Exception reported: Array index out-of-bounds (index 64, limit 55)
L 12/22/2020 - 06:27:02: [SM] Blaming: weapon_restrict.smx
L 12/22/2020 - 06:27:02: [SM] Call stack trace:
L 12/22/2020 - 06:27:02: [SM]   [1] Line 202, restrictinc/events.sp::CS_OnBuyCommand
L 12/22/2020 - 06:28:25: [SM] Exception reported: Array index out-of-bounds (index 64, limit 55)
L 12/22/2020 - 06:28:25: [SM] Blaming: weapon_restrict.smx
L 12/22/2020 - 06:28:25: [SM] Call stack trace:
L 12/22/2020 - 06:28:25: [SM]   [1] Line 202, restrictinc/events.sp::CS_OnBuyCommand
L 12/22/2020 - 06:28:26: [SM] Exception reported: Array index out-of-bounds (index 64, limit 55)
L 12/22/2020 - 06:28:26: [SM] Blaming: weapon_restrict.smx
L 12/22/2020 - 06:28:26: [SM] Call stack trace:
L 12/22/2020 - 06:28:26: [SM]   [1] Line 202, restrictinc/events.sp::CS_OnBuyCommand
L 12/22/2020 - 06:29:50: [SM] Exception reported: Array index out-of-bounds (index 64, limit 55)
L 12/22/2020 - 06:29:50: [SM] Blaming: weapon_restrict.smx
L 12/22/2020 - 06:29:50: [SM] Call stack trace:
L 12/22/2020 - 06:29:50: [SM]   [1] Line 202, restrictinc/events.sp::CS_OnBuyCommand
L 12/22/2020 - 06:29:52: [SM] Exception reported: Array index out-of-bounds (index 64, limit 55)
L 12/22/2020 - 06:29:52: [SM] Blaming: weapon_restrict.smx
L 12/22/2020 - 06:29:52: [SM] Call stack trace:
L 12/22/2020 - 06:29:52: [SM]   [1] Line 202, restrictinc/events.sp::CS_OnBuyCommand
L 12/22/2020 - 06:31:00: [SM] Exception reported: Array index out-of-bounds (index 64, limit 55)
L 12/22/2020 - 06:31:00: [SM] Blaming: weapon_restrict.smx
L 12/22/2020 - 06:31:00: [SM] Call stack trace:
L 12/22/2020 - 06:31:00: [SM]   [1] Line 202, restrictinc/events.sp::CS_OnBuyCommand
L 12/22/2020 - 06:31:32: [SM] Exception reported: Array index out-of-bounds (index 64, limit 55)
L 12/22/2020 - 06:31:32: [SM] Blaming: weapon_restrict.smx
L 12/22/2020 - 06:31:32: [SM] Call stack trace:
L 12/22/2020 - 06:31:32: [SM]   [1] Line 202, restrictinc/events.sp::CS_OnBuyCommand
L 12/22/2020 - 06:31:42: [SM] Exception reported: Array index out-of-bounds (index 64, limit 55)
L 12/22/2020 - 06:31:42: [SM] Blaming: weapon_restrict.smx
L 12/22/2020 - 06:31:42: [SM] Call stack trace:
L 12/22/2020 - 06:31:42: [SM]   [1] Line 202, restrictinc/events.sp::CS_OnBuyCommand
L 12/22/2020 - 06:32:13: [SM] Exception reported: Array index out-of-bounds (index 64, limit 55)
L 12/22/2020 - 06:32:13: [SM] Blaming: weapon_restrict.smx
L 12/22/2020 - 06:32:13: [SM] Call stack trace:
L 12/22/2020 - 06:32:13: [SM]   [1] Line 202, restrictinc/events.sp::CS_OnBuyCommand
L 12/22/2020 - 06:35:38: [SM] Exception reported: Array index out-of-bounds (index 64, limit 55)
L 12/22/2020 - 06:35:38: [SM] Blaming: weapon_restrict.smx
L 12/22/2020 - 06:35:38: [SM] Call stack trace:
L 12/22/2020 - 06:35:38: [SM]   [1] Line 202, restrictinc/events.sp::CS_OnBuyCommand
L 12/22/2020 - 06:37:04: [SM] Exception reported: Array index out-of-bounds (index 64, limit 55)
L 12/22/2020 - 06:37:04: [SM] Blaming: weapon_restrict.smx
L 12/22/2020 - 06:37:04: [SM] Call stack trace:
L 12/22/2020 - 06:37:04: [SM]   [1] Line 202, restrictinc/events.sp::CS_OnBuyCommand
L 12/22/2020 - 06:37:46: [SM] Exception reported: Array index out-of-bounds (index 64, limit 55)
L 12/22/2020 - 06:37:46: [SM] Blaming: weapon_restrict.smx
L 12/22/2020 - 06:37:46: [SM] Call stack trace:
L 12/22/2020 - 06:37:46: [SM]   [1] Line 202, restrictinc/events.sp::CS_OnBuyCommand
L 12/22/2020 - 06:37:50: [SM] Exception reported: Array index out-of-bounds (index 64, limit 55)
L 12/22/2020 - 06:37:50: [SM] Blaming: weapon_restrict.smx
L 12/22/2020 - 06:37:50: [SM] Call stack trace:
L 12/22/2020 - 06:37:50: [SM]   [1] Line 202, restrictinc/events.sp::CS_OnBuyCommand
L 12/22/2020 - 06:40:52: [SM] Exception reported: Array index out-of-bounds (index 64, limit 55)
L 12/22/2020 - 06:40:52: [SM] Blaming: weapon_restrict.smx
L 12/22/2020 - 06:40:52: [SM] Call stack trace:
L 12/22/2020 - 06:40:52: [SM]   [1] Line 202, restrictinc/events.sp::CS_OnBuyCommand
L 12/22/2020 - 06:42:45: [SM] Exception reported: Array index out-of-bounds (index 64, limit 55)
L 12/22/2020 - 06:42:45: [SM] Blaming: weapon_restrict.smx
L 12/22/2020 - 06:42:45: [SM] Call stack trace:
L 12/22/2020 - 06:42:45: [SM]   [1] Line 202, restrictinc/events.sp::CS_OnBuyCommand
L 12/22/2020 - 06:42:47: [SM] Exception reported: Array index out-of-bounds (index 64, limit 55)
L 12/22/2020 - 06:42:47: [SM] Blaming: weapon_restrict.smx
L 12/22/2020 - 06:42:47: [SM] Call stack trace:
L 12/22/2020 - 06:42:47: [SM]   [1] Line 202, restrictinc/events.sp::CS_OnBuyCommand
L 12/22/2020 - 06:43:33: [SM] Exception reported: Array index out-of-bounds (index 64, limit 55)
L 12/22/2020 - 06:43:33: [SM] Blaming: weapon_restrict.smx
L 12/22/2020 - 06:43:33: [SM] Call stack trace:
L 12/22/2020 - 06:43:33: [SM]   [1] Line 202, restrictinc/events.sp::CS_OnBuyCommand
L 12/22/2020 - 06:43:35: [SM] Exception reported: Array index out-of-bounds (index 64, limit 55)
L 12/22/2020 - 06:43:35: [SM] Blaming: weapon_restrict.smx
L 12/22/2020 - 06:43:35: [SM] Call stack trace:
L 12/22/2020 - 06:43:35: [SM]   [1] Line 202, restrictinc/events.sp::CS_OnBuyCommand
L 12/22/2020 - 06:44:21: [SM] Exception reported: Array index out-of-bounds (index 64, limit 55)
L 12/22/2020 - 06:44:21: [SM] Blaming: weapon_restrict.smx
L 12/22/2020 - 06:44:21: [SM] Call stack trace:
L 12/22/2020 - 06:44:21: [SM]   [1] Line 202, restrictinc/events.sp::CS_OnBuyCommand
L 12/22/2020 - 06:57:11: [SM] Exception reported: Array index out-of-bounds (index 64, limit 55)
L 12/22/2020 - 06:57:11: [SM] Blaming: weapon_restrict.smx
L 12/22/2020 - 06:57:11: [SM] Call stack trace:
L 12/22/2020 - 06:57:11: [SM]   [1] Line 202, restrictinc/events.sp::CS_OnBuyCommand
L 12/22/2020 - 06:57:18: [SM] Exception reported: Array index out-of-bounds (index 64, limit 55)
L 12/22/2020 - 06:57:18: [SM] Blaming: weapon_restrict.smx
L 12/22/2020 - 06:57:18: [SM] Call stack trace:
L 12/22/2020 - 06:57:18: [SM]   [1] Line 202, restrictinc/events.sp::CS_OnBuyCommand
L 12/22/2020 - 15:16:58: Error log file session closed.
L 12/22/2020 - 15:16:58: SourceMod error session started
L 12/22/2020 - 15:16:58: Info (map "de_overpass") (file "/home/tcagame/jackm1/527/csgo/addons/sourcemod/logs/errors_20201222.log")
L 12/22/2020 - 15:16:58: [SM] Fatal error encountered parsing translation file "advadmin.phrases.txt"
L 12/22/2020 - 15:16:58: [SM] Error (line 0, column 0): Stream failed to open
L 12/22/2020 - 15:44:16: Error log file session closed.
L 12/22/2020 - 15:44:16: SourceMod error session started
L 12/22/2020 - 15:44:16: Info (map "de_overpass") (file "/home/tcagame/jackm1/527/csgo/addons/sourcemod/logs/errors_20201222.log")
L 12/22/2020 - 15:44:16: [SM] Fatal error encountered parsing translation file "advadmin.phrases.txt"
L 12/22/2020 - 15:44:16: [SM] Error (line 0, column 0): Stream failed to open
L 12/22/2020 - 18:08:18: Error log file session closed.
L 12/22/2020 - 18:08:18: SourceMod error session started
L 12/22/2020 - 18:08:18: Info (map "de_overpass") (file "/home/tcagame/jackm1/527/csgo/addons/sourcemod/logs/errors_20201222.log")
L 12/22/2020 - 18:08:18: [SM] Fatal error encountered parsing translation file "advadmin.phrases.txt"
L 12/22/2020 - 18:08:18: [SM] Error (line 0, column 0): Stream failed to open
L 12/22/2020 - 18:09:41: [SM] Exception reported: Language phrase "Player_Connected_From" not found (arg 3)
L 12/22/2020 - 18:09:41: [SM] Blaming: advadmin.smx
L 12/22/2020 - 18:09:41: [SM] Call stack trace:
L 12/22/2020 - 18:09:41: [SM]   [0] VFormat
L 12/22/2020 - 18:09:41: [SM]   [1] Line 386, /groups/sourcemod/compiler-1.10/include/halflife.inc::PrintToChatAll
L 12/22/2020 - 18:09:41: [SM]   [2] Line 141, /home/groups/sourcemod/upload_tmp/phpRYtiXm.sp::OnClientAuthorized
L 12/22/2020 - 18:10:03: [SM] Exception reported: Array index out-of-bounds (index 64, limit 55)
L 12/22/2020 - 18:10:03: [SM] Blaming: weapon_restrict.smx
L 12/22/2020 - 18:10:03: [SM] Call stack trace:
L 12/22/2020 - 18:10:03: [SM]   [1] Line 202, restrictinc/events.sp::CS_OnBuyCommand
L 12/22/2020 - 18:10:05: [SM] Exception reported: Array index out-of-bounds (index 64, limit 55)
L 12/22/2020 - 18:10:05: [SM] Blaming: weapon_restrict.smx
L 12/22/2020 - 18:10:05: [SM] Call stack trace:
L 12/22/2020 - 18:10:05: [SM]   [1] Line 202, restrictinc/events.sp::CS_OnBuyCommand
L 12/22/2020 - 18:13:26: [SM] Exception reported: Array index out-of-bounds (index 64, limit 55)
L 12/22/2020 - 18:13:26: [SM] Blaming: weapon_restrict.smx
L 12/22/2020 - 18:13:26: [SM] Call stack trace:
L 12/22/2020 - 18:13:26: [SM]   [1] Line 202, restrictinc/events.sp::CS_OnBuyCommand
L 12/22/2020 - 18:13:28: Error log file session closed.
L 12/22/2020 - 18:13:28: SourceMod error session started
L 12/22/2020 - 18:13:28: Info (map "de_inferno") (file "/home/tcagame/jackm1/527/csgo/addons/sourcemod/logs/errors_20201222.log")
L 12/22/2020 - 18:13:28: [SM] Fatal error encountered parsing translation file "advadmin.phrases.txt"
L 12/22/2020 - 18:13:28: [SM] Error (line 0, column 0): Stream failed to open
L 12/22/2020 - 18:13:49: [SM] Exception reported: Array index out-of-bounds (index 64, limit 55)
L 12/22/2020 - 18:13:49: [SM] Blaming: weapon_restrict.smx
L 12/22/2020 - 18:13:49: [SM] Call stack trace:
L 12/22/2020 - 18:13:49: [SM]   [1] Line 202, restrictinc/events.sp::CS_OnBuyCommand
L 12/22/2020 - 18:14:14: [SM] Exception reported: Array index out-of-bounds (index 64, limit 55)
L 12/22/2020 - 18:14:14: [SM] Blaming: weapon_restrict.smx
L 12/22/2020 - 18:14:14: [SM] Call stack trace:
L 12/22/2020 - 18:14:14: [SM]   [1] Line 202, restrictinc/events.sp::CS_OnBuyCommand
L 12/22/2020 - 18:14:22: [SM] Exception reported: Array index out-of-bounds (index 64, limit 55)
L 12/22/2020 - 18:14:22: [SM] Blaming: weapon_restrict.smx
L 12/22/2020 - 18:14:22: [SM] Call stack trace:
L 12/22/2020 - 18:14:22: [SM]   [1] Line 202, restrictinc/events.sp::CS_OnBuyCommand
L 12/22/2020 - 18:14:55: [SM] Exception reported: Array index out-of-bounds (index 64, limit 55)
L 12/22/2020 - 18:14:55: [SM] Blaming: weapon_restrict.smx
L 12/22/2020 - 18:14:55: [SM] Call stack trace:
L 12/22/2020 - 18:14:55: [SM]   [1] Line 202, restrictinc/events.sp::CS_OnBuyCommand
L 12/22/2020 - 18:15:26: [SM] Exception reported: Array index out-of-bounds (index 64, limit 55)
L 12/22/2020 - 18:15:26: [SM] Blaming: weapon_restrict.smx
L 12/22/2020 - 18:15:26: [SM] Call stack trace:
L 12/22/2020 - 18:15:26: [SM]   [1] Line 202, restrictinc/events.sp::CS_OnBuyCommand
L 12/22/2020 - 18:15:29: [SM] Exception reported: Array index out-of-bounds (index 64, limit 55)
L 12/22/2020 - 18:15:29: [SM] Blaming: weapon_restrict.smx
L 12/22/2020 - 18:15:29: [SM] Call stack trace:
L 12/22/2020 - 18:15:29: [SM]   [1] Line 202, restrictinc/events.sp::CS_OnBuyCommand
L 12/22/2020 - 18:15:37: [SM] Exception reported: Array index out-of-bounds (index 64, limit 55)
L 12/22/2020 - 18:15:37: [SM] Blaming: weapon_restrict.smx
L 12/22/2020 - 18:15:37: [SM] Call stack trace:
L 12/22/2020 - 18:15:37: [SM]   [1] Line 202, restrictinc/events.sp::CS_OnBuyCommand
L 12/22/2020 - 18:15:38: [SM] Exception reported: Array index out-of-bounds (index 64, limit 55)
L 12/22/2020 - 18:15:38: [SM] Blaming: weapon_restrict.smx
L 12/22/2020 - 18:15:38: [SM] Call stack trace:
L 12/22/2020 - 18:15:38: [SM]   [1] Line 202, restrictinc/events.sp::CS_OnBuyCommand
L 12/22/2020 - 18:16:37: [SM] Exception reported: Array index out-of-bounds (index 64, limit 55)
L 12/22/2020 - 18:16:37: [SM] Blaming: weapon_restrict.smx
L 12/22/2020 - 18:16:37: [SM] Call stack trace:
L 12/22/2020 - 18:16:37: [SM]   [1] Line 202, restrictinc/events.sp::CS_OnBuyCommand
L 12/22/2020 - 18:20:36: [SM] Exception reported: Array index out-of-bounds (index 64, limit 55)
L 12/22/2020 - 18:20:36: [SM] Blaming: weapon_restrict.smx
L 12/22/2020 - 18:20:36: [SM] Call stack trace:
L 12/22/2020 - 18:20:36: [SM]   [1] Line 202, restrictinc/events.sp::CS_OnBuyCommand
L 12/22/2020 - 18:27:07: [SM] Exception reported: Array index out-of-bounds (index 64, limit 55)
L 12/22/2020 - 18:27:07: [SM] Blaming: weapon_restrict.smx
L 12/22/2020 - 18:27:07: [SM] Call stack trace:
L 12/22/2020 - 18:27:07: [SM]   [1] Line 202, restrictinc/events.sp::CS_OnBuyCommand
L 12/22/2020 - 18:27:41: [SM] Exception reported: Array index out-of-bounds (index 64, limit 55)
L 12/22/2020 - 18:27:41: [SM] Blaming: weapon_restrict.smx
L 12/22/2020 - 18:27:41: [SM] Call stack trace:
L 12/22/2020 - 18:27:41: [SM]   [1] Line 202, restrictinc/events.sp::CS_OnBuyCommand
L 12/22/2020 - 18:28:22: [SM] Exception reported: Array index out-of-bounds (index 64, limit 55)
L 12/22/2020 - 18:28:22: [SM] Blaming: weapon_restrict.smx
L 12/22/2020 - 18:28:22: [SM] Call stack trace:
L 12/22/2020 - 18:28:22: [SM]   [1] Line 202, restrictinc/events.sp::CS_OnBuyCommand
L 12/22/2020 - 18:30:17: [SM] Exception reported: Array index out-of-bounds (index 64, limit 55)
L 12/22/2020 - 18:30:17: [SM] Blaming: weapon_restrict.smx
L 12/22/2020 - 18:30:17: [SM] Call stack trace:
L 12/22/2020 - 18:30:17: [SM]   [1] Line 202, restrictinc/events.sp::CS_OnBuyCommand
L 12/22/2020 - 19:29:40: Error log file session closed.
L 12/22/2020 - 19:29:40: SourceMod error session started
L 12/22/2020 - 19:29:40: Info (map "de_inferno") (file "/home/tcagame/jackm1/527/csgo/addons/sourcemod/logs/errors_20201222.log")
L 12/22/2020 - 19:29:40: [SM] Fatal error encountered parsing translation file "advadmin.phrases.txt"
L 12/22/2020 - 19:29:40: [SM] Error (line 0, column 0): Stream failed to open
L 12/22/2020 - 19:31:08: [SM] Exception reported: Language phrase "Player_Connected_From" not found (arg 3)
L 12/22/2020 - 19:31:08: [SM] Blaming: advadmin.smx
L 12/22/2020 - 19:31:08: [SM] Call stack trace:
L 12/22/2020 - 19:31:08: [SM]   [0] VFormat
L 12/22/2020 - 19:31:08: [SM]   [1] Line 386, /groups/sourcemod/compiler-1.10/include/halflife.inc::PrintToChatAll
L 12/22/2020 - 19:31:08: [SM]   [2] Line 141, /home/groups/sourcemod/upload_tmp/phpRYtiXm.sp::OnClientAuthorized
L 12/22/2020 - 19:32:24: [SM] Exception reported: Array index out-of-bounds (index 64, limit 55)
L 12/22/2020 - 19:32:24: [SM] Blaming: weapon_restrict.smx
L 12/22/2020 - 19:32:24: [SM] Call stack trace:
L 12/22/2020 - 19:32:24: [SM]   [1] Line 202, restrictinc/events.sp::CS_OnBuyCommand
L 12/22/2020 - 19:34:59: [SM] Exception reported: Language phrase "Player_Connected_From" not found (arg 3)
L 12/22/2020 - 19:34:59: [SM] Blaming: advadmin.smx
L 12/22/2020 - 19:34:59: [SM] Call stack trace:
L 12/22/2020 - 19:34:59: [SM]   [0] VFormat
L 12/22/2020 - 19:34:59: [SM]   [1] Line 386, /groups/sourcemod/compiler-1.10/include/halflife.inc::PrintToChatAll
L 12/22/2020 - 19:34:59: [SM]   [2] Line 141, /home/groups/sourcemod/upload_tmp/phpRYtiXm.sp::OnClientAuthorized
L 12/22/2020 - 19:35:48: [SM] Exception reported: Language phrase "CMD_Swap" not found (arg 5)
L 12/22/2020 - 19:35:48: [SM] Blaming: advadmin.smx
L 12/22/2020 - 19:35:48: [SM] Call stack trace:
L 12/22/2020 - 19:35:48: [SM]   [0] ShowActivity2
L 12/22/2020 - 19:35:48: [SM]   [1] Line 735, /home/groups/sourcemod/upload_tmp/phpRYtiXm.sp::CMD_Swap
L 12/22/2020 - 19:35:50: [SM] Exception reported: Array index out-of-bounds (index 64, limit 55)
L 12/22/2020 - 19:35:50: [SM] Blaming: weapon_restrict.smx
L 12/22/2020 - 19:35:50: [SM] Call stack trace:
L 12/22/2020 - 19:35:50: [SM]   [1] Line 202, restrictinc/events.sp::CS_OnBuyCommand
L 12/22/2020 - 19:35:56: [SM] Exception reported: Language phrase "CMD_Give" not found (arg 5)
L 12/22/2020 - 19:35:56: [SM] Blaming: advadmin.smx
L 12/22/2020 - 19:35:56: [SM] Call stack trace:
L 12/22/2020 - 19:35:56: [SM]   [0] ShowActivity2
L 12/22/2020 - 19:35:56: [SM]   [1] Line 883, /home/groups/sourcemod/upload_tmp/phpRYtiXm.sp::CMD_Give
L 12/22/2020 - 19:36:22: [SM] Exception reported: Language phrase "CMD_Team_Spec" not found (arg 5)
L 12/22/2020 - 19:36:22: [SM] Blaming: advadmin.smx
L 12/22/2020 - 19:36:22: [SM] Call stack trace:
L 12/22/2020 - 19:36:22: [SM]   [0] ShowActivity2
L 12/22/2020 - 19:36:22: [SM]   [1] Line 790, /home/groups/sourcemod/upload_tmp/phpRYtiXm.sp::CMD_Spec
L 12/22/2020 - 19:39:00: [SM] Exception reported: Language phrase "CMD_Swap_Usage" not found (arg 4)
L 12/22/2020 - 19:39:00: [SM] Blaming: advadmin.smx
L 12/22/2020 - 19:39:00: [SM] Call stack trace:
L 12/22/2020 - 19:39:00: [SM]   [0] ReplyToCommand
L 12/22/2020 - 19:39:00: [SM]   [1] Line 659, /home/groups/sourcemod/upload_tmp/phpRYtiXm.sp::CMD_Swap
L 12/22/2020 - 19:39:00: [SM]   [3] FakeClientCommand
L 12/22/2020 - 19:39:00: [SM]   [4] Line 1054, ./scripting/pugsetup.sp::CheckChatAlias
L 12/22/2020 - 19:39:00: [SM]   [5] Line 1082, ./scripting/pugsetup.sp::OnClientSayCommand_Post
L 12/22/2020 - 19:39:30: [SM] Exception reported: Array index out-of-bounds (index 64, limit 55)
L 12/22/2020 - 19:39:30: [SM] Blaming: weapon_restrict.smx
L 12/22/2020 - 19:39:30: [SM] Call stack trace:
L 12/22/2020 - 19:39:30: [SM]   [1] Line 202, restrictinc/events.sp::CS_OnBuyCommand
L 12/22/2020 - 19:39:49: [SM] Exception reported: Array index out-of-bounds (index 64, limit 55)
L 12/22/2020 - 19:39:49: [SM] Blaming: weapon_restrict.smx
L 12/22/2020 - 19:39:49: [SM] Call stack trace:
L 12/22/2020 - 19:39:49: [SM]   [1] Line 202, restrictinc/events.sp::CS_OnBuyCommand
L 12/22/2020 - 19:40:45: [SM] Exception reported: Array index out-of-bounds (index 64, limit 55)
L 12/22/2020 - 19:40:45: [SM] Blaming: weapon_restrict.smx
L 12/22/2020 - 19:40:45: [SM] Call stack trace:
L 12/22/2020 - 19:40:45: [SM]   [1] Line 202, restrictinc/events.sp::CS_OnBuyCommand
L 12/22/2020 - 19:42:32: [SM] Exception reported: Array index out-of-bounds (index 64, limit 55)
L 12/22/2020 - 19:42:32: [SM] Blaming: weapon_restrict.smx
L 12/22/2020 - 19:42:32: [SM] Call stack trace:
L 12/22/2020 - 19:42:32: [SM]   [1] Line 202, restrictinc/events.sp::CS_OnBuyCommand
L 12/22/2020 - 19:45:18: [SM] Exception reported: Array index out-of-bounds (index 64, limit 55)
L 12/22/2020 - 19:45:18: [SM] Blaming: weapon_restrict.smx
L 12/22/2020 - 19:45:18: [SM] Call stack trace:
L 12/22/2020 - 19:45:18: [SM]   [1] Line 202, restrictinc/events.sp::CS_OnBuyCommand
L 12/22/2020 - 19:46:22: [SM] Exception reported: Array index out-of-bounds (index 64, limit 55)
L 12/22/2020 - 19:46:22: [SM] Blaming: weapon_restrict.smx
L 12/22/2020 - 19:46:22: [SM] Call stack trace:
L 12/22/2020 - 19:46:22: [SM]   [1] Line 202, restrictinc/events.sp::CS_OnBuyCommand
L 12/22/2020 - 19:47:32: [SM] Exception reported: Array index out-of-bounds (index 64, limit 55)
L 12/22/2020 - 19:47:32: [SM] Blaming: weapon_restrict.smx
L 12/22/2020 - 19:47:32: [SM] Call stack trace:
L 12/22/2020 - 19:47:32: [SM]   [1] Line 202, restrictinc/events.sp::CS_OnBuyCommand
L 12/22/2020 - 19:48:37: [SM] Exception reported: Language phrase "CMD_Disarm" not found (arg 5)
L 12/22/2020 - 19:48:37: [SM] Blaming: advadmin.smx
L 12/22/2020 - 19:48:37: [SM] Call stack trace:
L 12/22/2020 - 19:48:37: [SM]   [0] ShowActivity2
L 12/22/2020 - 19:48:37: [SM]   [1] Line 994, /home/groups/sourcemod/upload_tmp/phpRYtiXm.sp::CMD_Disarm
L 12/22/2020 - 19:49:14: [SM] Exception reported: Array index out-of-bounds (index 64, limit 55)
L 12/22/2020 - 19:49:14: [SM] Blaming: weapon_restrict.smx
L 12/22/2020 - 19:49:14: [SM] Call stack trace:
L 12/22/2020 - 19:49:14: [SM]   [1] Line 202, restrictinc/events.sp::CS_OnBuyCommand
L 12/22/2020 - 19:49:43: [SM] Exception reported: Array index out-of-bounds (index 64, limit 55)
L 12/22/2020 - 19:49:43: [SM] Blaming: weapon_restrict.smx
L 12/22/2020 - 19:49:43: [SM] Call stack trace:
L 12/22/2020 - 19:49:43: [SM]   [1] Line 202, restrictinc/events.sp::CS_OnBuyCommand
L 12/22/2020 - 19:51:24: [SM] Exception reported: Array index out-of-bounds (index 64, limit 55)
L 12/22/2020 - 19:51:24: [SM] Blaming: weapon_restrict.smx
L 12/22/2020 - 19:51:24: [SM] Call stack trace:
L 12/22/2020 - 19:51:24: [SM]   [1] Line 202, restrictinc/events.sp::CS_OnBuyCommand
L 12/22/2020 - 19:52:12: [SM] Exception reported: Array index out-of-bounds (index 64, limit 55)
L 12/22/2020 - 19:52:12: [SM] Blaming: weapon_restrict.smx
L 12/22/2020 - 19:52:12: [SM] Call stack trace:
L 12/22/2020 - 19:52:12: [SM]   [1] Line 202, restrictinc/events.sp::CS_OnBuyCommand
L 12/22/2020 - 19:53:06: [SM] Exception reported: Array index out-of-bounds (index 64, limit 55)
L 12/22/2020 - 19:53:06: [SM] Blaming: weapon_restrict.smx
L 12/22/2020 - 19:53:06: [SM] Call stack trace:
L 12/22/2020 - 19:53:06: [SM]   [1] Line 202, restrictinc/events.sp::CS_OnBuyCommand
L 12/22/2020 - 19:54:34: [SM] Exception reported: Array index out-of-bounds (index 64, limit 55)
L 12/22/2020 - 19:54:34: [SM] Blaming: weapon_restrict.smx
L 12/22/2020 - 19:54:34: [SM] Call stack trace:
L 12/22/2020 - 19:54:34: [SM]   [1] Line 202, restrictinc/events.sp::CS_OnBuyCommand
L 12/22/2020 - 19:55:19: [SM] Exception reported: Array index out-of-bounds (index 64, limit 55)
L 12/22/2020 - 19:55:19: [SM] Blaming: weapon_restrict.smx
L 12/22/2020 - 19:55:19: [SM] Call stack trace:
L 12/22/2020 - 19:55:19: [SM]   [1] Line 202, restrictinc/events.sp::CS_OnBuyCommand
L 12/22/2020 - 19:55:49: [SM] Exception reported: Array index out-of-bounds (index 64, limit 55)
L 12/22/2020 - 19:55:49: [SM] Blaming: weapon_restrict.smx
L 12/22/2020 - 19:55:49: [SM] Call stack trace:
L 12/22/2020 - 19:55:49: [SM]   [1] Line 202, restrictinc/events.sp::CS_OnBuyCommand
L 12/22/2020 - 19:57:13: [SM] Exception reported: Array index out-of-bounds (index 64, limit 55)
L 12/22/2020 - 19:57:13: [SM] Blaming: weapon_restrict.smx
L 12/22/2020 - 19:57:13: [SM] Call stack trace:
L 12/22/2020 - 19:57:13: [SM]   [1] Line 202, restrictinc/events.sp::CS_OnBuyCommand
L 12/22/2020 - 19:58:41: [SM] Exception reported: Array index out-of-bounds (index 64, limit 55)
L 12/22/2020 - 19:58:41: [SM] Blaming: weapon_restrict.smx
L 12/22/2020 - 19:58:41: [SM] Call stack trace:
L 12/22/2020 - 19:58:41: [SM]   [1] Line 202, restrictinc/events.sp::CS_OnBuyCommand
L 12/22/2020 - 19:59:12: [SM] Exception reported: Array index out-of-bounds (index 64, limit 55)
L 12/22/2020 - 19:59:12: [SM] Blaming: weapon_restrict.smx
L 12/22/2020 - 19:59:12: [SM] Call stack trace:
L 12/22/2020 - 19:59:12: [SM]   [1] Line 202, restrictinc/events.sp::CS_OnBuyCommand
L 12/22/2020 - 20:00:49: [SM] Exception reported: Array index out-of-bounds (index 64, limit 55)
L 12/22/2020 - 20:00:49: [SM] Blaming: weapon_restrict.smx
L 12/22/2020 - 20:00:49: [SM] Call stack trace:
L 12/22/2020 - 20:00:49: [SM]   [1] Line 202, restrictinc/events.sp::CS_OnBuyCommand
L 12/22/2020 - 20:02:54: [SM] Exception reported: Language phrase "Player_Connected" not found (arg 3)
L 12/22/2020 - 20:02:54: [SM] Blaming: advadmin.smx
L 12/22/2020 - 20:02:54: [SM] Call stack trace:
L 12/22/2020 - 20:02:54: [SM]   [0] VFormat
L 12/22/2020 - 20:02:54: [SM]   [1] Line 386, /groups/sourcemod/compiler-1.10/include/halflife.inc::PrintToChatAll
L 12/22/2020 - 20:02:54: [SM]   [2] Line 145, /home/groups/sourcemod/upload_tmp/phpRYtiXm.sp::OnClientAuthorized
L 12/22/2020 - 20:02:58: [SM] Exception reported: Language phrase "CMD_Swap" not found (arg 5)
L 12/22/2020 - 20:02:58: [SM] Blaming: advadmin.smx
L 12/22/2020 - 20:02:58: [SM] Call stack trace:
L 12/22/2020 - 20:02:58: [SM]   [0] ShowActivity2
L 12/22/2020 - 20:02:58: [SM]   [1] Line 735, /home/groups/sourcemod/upload_tmp/phpRYtiXm.sp::CMD_Swap
L 12/22/2020 - 20:05:14: Error log file session closed.
L 12/22/2020 - 20:05:14: SourceMod error session started
L 12/22/2020 - 20:05:14: Info (map "de_dust2") (file "/home/tcagame/jackm1/527/csgo/addons/sourcemod/logs/errors_20201222.log")
L 12/22/2020 - 20:05:14: [SM] Fatal error encountered parsing translation file "advadmin.phrases.txt"
L 12/22/2020 - 20:05:14: [SM] Error (line 0, column 0): Stream failed to open
L 12/22/2020 - 20:06:39: [SM] Exception reported: Language phrase "Player_Connected_From" not found (arg 3)
L 12/22/2020 - 20:06:39: [SM] Blaming: advadmin.smx
L 12/22/2020 - 20:06:39: [SM] Call stack trace:
L 12/22/2020 - 20:06:39: [SM]   [0] VFormat
L 12/22/2020 - 20:06:39: [SM]   [1] Line 386, /groups/sourcemod/compiler-1.10/include/halflife.inc::PrintToChatAll
L 12/22/2020 - 20:06:39: [SM]   [2] Line 141, /home/groups/sourcemod/upload_tmp/phpRYtiXm.sp::OnClientAuthorized
L 12/22/2020 - 20:07:08: [SM] Exception reported: Array index out-of-bounds (index 64, limit 55)
L 12/22/2020 - 20:07:08: [SM] Blaming: weapon_restrict.smx
L 12/22/2020 - 20:07:08: [SM] Call stack trace:
L 12/22/2020 - 20:07:08: [SM]   [1] Line 202, restrictinc/events.sp::CS_OnBuyCommand
L 12/22/2020 - 20:07:12: [SM] Exception reported: Array index out-of-bounds (index 64, limit 55)
L 12/22/2020 - 20:07:12: [SM] Blaming: weapon_restrict.smx
L 12/22/2020 - 20:07:12: [SM] Call stack trace:
L 12/22/2020 - 20:07:12: [SM]   [1] Line 202, restrictinc/events.sp::CS_OnBuyCommand
L 12/22/2020 - 20:07:18: [SM] Exception reported: Array index out-of-bounds (index 64, limit 55)
L 12/22/2020 - 20:07:18: [SM] Blaming: weapon_restrict.smx
L 12/22/2020 - 20:07:18: [SM] Call stack trace:
L 12/22/2020 - 20:07:18: [SM]   [1] Line 202, restrictinc/events.sp::CS_OnBuyCommand
L 12/22/2020 - 20:07:21: [SM] Exception reported: Language phrase "CMD_Team_Spec" not found (arg 5)
L 12/22/2020 - 20:07:21: [SM] Blaming: advadmin.smx
L 12/22/2020 - 20:07:21: [SM] Call stack trace:
L 12/22/2020 - 20:07:21: [SM]   [0] ShowActivity2
L 12/22/2020 - 20:07:21: [SM]   [1] Line 790, /home/groups/sourcemod/upload_tmp/phpRYtiXm.sp::CMD_Spec
L 12/22/2020 - 20:07:24: [SM] Exception reported: Array index out-of-bounds (index 64, limit 55)
L 12/22/2020 - 20:07:24: [SM] Blaming: weapon_restrict.smx
L 12/22/2020 - 20:07:24: [SM] Call stack trace:
L 12/22/2020 - 20:07:24: [SM]   [1] Line 202, restrictinc/events.sp::CS_OnBuyCommand
L 12/22/2020 - 20:08:00: [SM] Exception reported: Array index out-of-bounds (index 64, limit 55)
L 12/22/2020 - 20:08:00: [SM] Blaming: weapon_restrict.smx
L 12/22/2020 - 20:08:00: [SM] Call stack trace:
L 12/22/2020 - 20:08:00: [SM]   [1] Line 202, restrictinc/events.sp::CS_OnBuyCommand
L 12/22/2020 - 20:13:05: [SM] Exception reported: Array index out-of-bounds (index 64, limit 55)
L 12/22/2020 - 20:13:05: [SM] Blaming: weapon_restrict.smx
L 12/22/2020 - 20:13:05: [SM] Call stack trace:
L 12/22/2020 - 20:13:05: [SM]   [1] Line 202, restrictinc/events.sp::CS_OnBuyCommand
L 12/22/2020 - 20:14:19: [SM] Exception reported: Array index out-of-bounds (index 64, limit 55)
L 12/22/2020 - 20:14:19: [SM] Blaming: weapon_restrict.smx
L 12/22/2020 - 20:14:19: [SM] Call stack trace:
L 12/22/2020 - 20:14:19: [SM]   [1] Line 202, restrictinc/events.sp::CS_OnBuyCommand
L 12/22/2020 - 20:18:46: [SM] Exception reported: Language phrase "Player_Connected_From" not found (arg 3)
L 12/22/2020 - 20:18:46: [SM] Blaming: advadmin.smx
L 12/22/2020 - 20:18:46: [SM] Call stack trace:
L 12/22/2020 - 20:18:46: [SM]   [0] VFormat
L 12/22/2020 - 20:18:46: [SM]   [1] Line 386, /groups/sourcemod/compiler-1.10/include/halflife.inc::PrintToChatAll
L 12/22/2020 - 20:18:46: [SM]   [2] Line 141, /home/groups/sourcemod/upload_tmp/phpRYtiXm.sp::OnClientAuthorized
L 12/22/2020 - 20:19:17: [SM] Exception reported: Array index out-of-bounds (index 64, limit 55)
L 12/22/2020 - 20:19:17: [SM] Blaming: weapon_restrict.smx
L 12/22/2020 - 20:19:17: [SM] Call stack trace:
L 12/22/2020 - 20:19:17: [SM]   [1] Line 202, restrictinc/events.sp::CS_OnBuyCommand
L 12/22/2020 - 20:19:21: [SM] Exception reported: Language phrase "Player_Connected_From" not found (arg 3)
L 12/22/2020 - 20:19:21: [SM] Blaming: advadmin.smx
L 12/22/2020 - 20:19:21: [SM] Call stack trace:
L 12/22/2020 - 20:19:21: [SM]   [0] VFormat
L 12/22/2020 - 20:19:21: [SM]   [1] Line 386, /groups/sourcemod/compiler-1.10/include/halflife.inc::PrintToChatAll
L 12/22/2020 - 20:19:21: [SM]   [2] Line 141, /home/groups/sourcemod/upload_tmp/phpRYtiXm.sp::OnClientAuthorized
L 12/22/2020 - 20:19:47: [SM] Exception reported: Array index out-of-bounds (index 64, limit 55)
L 12/22/2020 - 20:19:47: [SM] Blaming: weapon_restrict.smx
L 12/22/2020 - 20:19:47: [SM] Call stack trace:
L 12/22/2020 - 20:19:47: [SM]   [1] Line 202, restrictinc/events.sp::CS_OnBuyCommand
L 12/22/2020 - 20:20:10: [SM] Exception reported: Array index out-of-bounds (index 64, limit 55)
L 12/22/2020 - 20:20:10: [SM] Blaming: weapon_restrict.smx
L 12/22/2020 - 20:20:10: [SM] Call stack trace:
L 12/22/2020 - 20:20:10: [SM]   [1] Line 202, restrictinc/events.sp::CS_OnBuyCommand
L 12/22/2020 - 20:39:36: [SM] Exception reported: Array index out-of-bounds (index 64, limit 55)
L 12/22/2020 - 20:39:36: [SM] Blaming: weapon_restrict.smx
L 12/22/2020 - 20:39:36: [SM] Call stack trace:
L 12/22/2020 - 20:39:36: [SM]   [1] Line 202, restrictinc/events.sp::CS_OnBuyCommand
L 12/22/2020 - 20:46:58: [SM] Exception reported: Language phrase "Player_Connected_From" not found (arg 3)
L 12/22/2020 - 20:46:58: [SM] Blaming: advadmin.smx
L 12/22/2020 - 20:46:58: [SM] Call stack trace:
L 12/22/2020 - 20:46:58: [SM]   [0] VFormat
L 12/22/2020 - 20:46:58: [SM]   [1] Line 386, /groups/sourcemod/compiler-1.10/include/halflife.inc::PrintToChatAll
L 12/22/2020 - 20:46:58: [SM]   [2] Line 141, /home/groups/sourcemod/upload_tmp/phpRYtiXm.sp::OnClientAuthorized
L 12/22/2020 - 21:57:49: [SM] Exception reported: Language phrase "Player_Connected_From" not found (arg 3)
L 12/22/2020 - 21:57:49: [SM] Blaming: advadmin.smx
L 12/22/2020 - 21:57:49: [SM] Call stack trace:
L 12/22/2020 - 21:57:49: [SM]   [0] VFormat
L 12/22/2020 - 21:57:49: [SM]   [1] Line 386, /groups/sourcemod/compiler-1.10/include/halflife.inc::PrintToChatAll
L 12/22/2020 - 21:57:49: [SM]   [2] Line 141, /home/groups/sourcemod/upload_tmp/phpRYtiXm.sp::OnClientAuthorized
L 12/22/2020 - 22:16:14: [SM] Exception reported: Language phrase "Player_Connected_From" not found (arg 3)
L 12/22/2020 - 22:16:14: [SM] Blaming: advadmin.smx
L 12/22/2020 - 22:16:14: [SM] Call stack trace:
L 12/22/2020 - 22:16:14: [SM]   [0] VFormat
L 12/22/2020 - 22:16:14: [SM]   [1] Line 386, /groups/sourcemod/compiler-1.10/include/halflife.inc::PrintToChatAll
L 12/22/2020 - 22:16:14: [SM]   [2] Line 141, /home/groups/sourcemod/upload_tmp/phpRYtiXm.sp::OnClientAuthorized
L 12/22/2020 - 22:17:09: [SM] Exception reported: Language phrase "Player_Connected_From" not found (arg 3)
L 12/22/2020 - 22:17:09: [SM] Blaming: advadmin.smx
L 12/22/2020 - 22:17:09: [SM] Call stack trace:
L 12/22/2020 - 22:17:09: [SM]   [0] VFormat
L 12/22/2020 - 22:17:09: [SM]   [1] Line 386, /groups/sourcemod/compiler-1.10/include/halflife.inc::PrintToChatAll
L 12/22/2020 - 22:17:09: [SM]   [2] Line 141, /home/groups/sourcemod/upload_tmp/phpRYtiXm.sp::OnClientAuthorized
L 12/22/2020 - 22:17:18: [SM] Exception reported: Language phrase "Player_Connected_From" not found (arg 3)
L 12/22/2020 - 22:17:18: [SM] Blaming: advadmin.smx
L 12/22/2020 - 22:17:18: [SM] Call stack trace:
L 12/22/2020 - 22:17:18: [SM]   [0] VFormat
L 12/22/2020 - 22:17:18: [SM]   [1] Line 386, /groups/sourcemod/compiler-1.10/include/halflife.inc::PrintToChatAll
L 12/22/2020 - 22:17:18: [SM]   [2] Line 141, /home/groups/sourcemod/upload_tmp/phpRYtiXm.sp::OnClientAuthorized
L 12/22/2020 - 22:17:18: [SM] Exception reported: Language phrase "Player_Connected_From" not found (arg 3)
L 12/22/2020 - 22:17:18: [SM] Blaming: advadmin.smx
L 12/22/2020 - 22:17:18: [SM] Call stack trace:
L 12/22/2020 - 22:17:18: [SM]   [0] VFormat
L 12/22/2020 - 22:17:18: [SM]   [1] Line 386, /groups/sourcemod/compiler-1.10/include/halflife.inc::PrintToChatAll
L 12/22/2020 - 22:17:18: [SM]   [2] Line 141, /home/groups/sourcemod/upload_tmp/phpRYtiXm.sp::OnClientAuthorized
L 12/22/2020 - 22:18:52: [SM] Exception reported: Language phrase "Player_Connected_From" not found (arg 3)
L 12/22/2020 - 22:18:52: [SM] Blaming: advadmin.smx
L 12/22/2020 - 22:18:52: [SM] Call stack trace:
L 12/22/2020 - 22:18:52: [SM]   [0] VFormat
L 12/22/2020 - 22:18:52: [SM]   [1] Line 386, /groups/sourcemod/compiler-1.10/include/halflife.inc::PrintToChatAll
L 12/22/2020 - 22:18:52: [SM]   [2] Line 141, /home/groups/sourcemod/upload_tmp/phpRYtiXm.sp::OnClientAuthorized
L 12/22/2020 - 22:22:20: [SM] Exception reported: Language phrase "Player_Connected_From" not found (arg 3)
L 12/22/2020 - 22:22:20: [SM] Blaming: advadmin.smx
L 12/22/2020 - 22:22:20: [SM] Call stack trace:
L 12/22/2020 - 22:22:20: [SM]   [0] VFormat
L 12/22/2020 - 22:22:20: [SM]   [1] Line 386, /groups/sourcemod/compiler-1.10/include/halflife.inc::PrintToChatAll
L 12/22/2020 - 22:22:20: [SM]   [2] Line 141, /home/groups/sourcemod/upload_tmp/phpRYtiXm.sp::OnClientAuthorized
L 12/22/2020 - 22:34:26: [SM] Exception reported: Language phrase "Player_Connected_From" not found (arg 3)
L 12/22/2020 - 22:34:26: [SM] Blaming: advadmin.smx
L 12/22/2020 - 22:34:26: [SM] Call stack trace:
L 12/22/2020 - 22:34:26: [SM]   [0] VFormat
L 12/22/2020 - 22:34:26: [SM]   [1] Line 386, /groups/sourcemod/compiler-1.10/include/halflife.inc::PrintToChatAll
L 12/22/2020 - 22:34:26: [SM]   [2] Line 141, /home/groups/sourcemod/upload_tmp/phpRYtiXm.sp::OnClientAuthorized
L 12/22/2020 - 22:36:26: [SM] Exception reported: Language phrase "Player_Connected_From" not found (arg 3)
L 12/22/2020 - 22:36:26: [SM] Blaming: advadmin.smx
L 12/22/2020 - 22:36:26: [SM] Call stack trace:
L 12/22/2020 - 22:36:26: [SM]   [0] VFormat
L 12/22/2020 - 22:36:26: [SM]   [1] Line 386, /groups/sourcemod/compiler-1.10/include/halflife.inc::PrintToChatAll
L 12/22/2020 - 22:36:26: [SM]   [2] Line 141, /home/groups/sourcemod/upload_tmp/phpRYtiXm.sp::OnClientAuthorized
L 12/22/2020 - 22:36:37: [SM] Exception reported: Language phrase "Player_Connected_From" not found (arg 3)
L 12/22/2020 - 22:36:37: [SM] Blaming: advadmin.smx
L 12/22/2020 - 22:36:37: [SM] Call stack trace:
L 12/22/2020 - 22:36:37: [SM]   [0] VFormat
L 12/22/2020 - 22:36:37: [SM]   [1] Line 386, /groups/sourcemod/compiler-1.10/include/halflife.inc::PrintToChatAll
L 12/22/2020 - 22:36:37: [SM]   [2] Line 141, /home/groups/sourcemod/upload_tmp/phpRYtiXm.sp::OnClientAuthorized
L 12/22/2020 - 22:37:02: [SM] Exception reported: Language phrase "Player_Connected" not found (arg 3)
L 12/22/2020 - 22:37:02: [SM] Blaming: advadmin.smx
L 12/22/2020 - 22:37:02: [SM] Call stack trace:
L 12/22/2020 - 22:37:02: [SM]   [0] VFormat
L 12/22/2020 - 22:37:02: [SM]   [1] Line 386, /groups/sourcemod/compiler-1.10/include/halflife.inc::PrintToChatAll
L 12/22/2020 - 22:37:02: [SM]   [2] Line 145, /home/groups/sourcemod/upload_tmp/phpRYtiXm.sp::OnClientAuthorized
L 12/22/2020 - 22:40:11: [SM] Exception reported: Language phrase "Player_Connected" not found (arg 3)
L 12/22/2020 - 22:40:11: [SM] Blaming: advadmin.smx
L 12/22/2020 - 22:40:11: [SM] Call stack trace:
L 12/22/2020 - 22:40:11: [SM]   [0] VFormat
L 12/22/2020 - 22:40:11: [SM]   [1] Line 386, /groups/sourcemod/compiler-1.10/include/halflife.inc::PrintToChatAll
L 12/22/2020 - 22:40:11: [SM]   [2] Line 145, /home/groups/sourcemod/upload_tmp/phpRYtiXm.sp::OnClientAuthorized
L 12/22/2020 - 22:41:13: [SM] Exception reported: Language phrase "Player_Connected_From" not found (arg 3)
L 12/22/2020 - 22:41:13: [SM] Blaming: advadmin.smx
L 12/22/2020 - 22:41:13: [SM] Call stack trace:
L 12/22/2020 - 22:41:13: [SM]   [0] VFormat
L 12/22/2020 - 22:41:13: [SM]   [1] Line 386, /groups/sourcemod/compiler-1.10/include/halflife.inc::PrintToChatAll
L 12/22/2020 - 22:41:13: [SM]   [2] Line 141, /home/groups/sourcemod/upload_tmp/phpRYtiXm.sp::OnClientAuthorized
L 12/22/2020 - 22:43:33: [SM] Exception reported: Language phrase "Player_Connected_From" not found (arg 3)
L 12/22/2020 - 22:43:33: [SM] Blaming: advadmin.smx
L 12/22/2020 - 22:43:33: [SM] Call stack trace:
L 12/22/2020 - 22:43:33: [SM]   [0] VFormat
L 12/22/2020 - 22:43:33: [SM]   [1] Line 386, /groups/sourcemod/compiler-1.10/include/halflife.inc::PrintToChatAll
L 12/22/2020 - 22:43:33: [SM]   [2] Line 141, /home/groups/sourcemod/upload_tmp/phpRYtiXm.sp::OnClientAuthorized
L 12/22/2020 - 22:49:20: Error log file session closed.
L 12/22/2020 - 22:49:20: SourceMod error session started
L 12/22/2020 - 22:49:20: Info (map "de_mirage") (file "/home/tcagame/jackm1/527/csgo/addons/sourcemod/logs/errors_20201222.log")
L 12/22/2020 - 22:49:20: [SM] Fatal error encountered parsing translation file "advadmin.phrases.txt"
L 12/22/2020 - 22:49:20: [SM] Error (line 0, column 0): Stream failed to open
L 12/22/2020 - 23:47:09: Error log file session closed.
L 12/22/2020 - 23:47:09: SourceMod error session started
L 12/22/2020 - 23:47:09: Info (map "de_mirage") (file "/home/tcagame/jackm1/527/csgo/addons/sourcemod/logs/errors_20201222.log")
L 12/22/2020 - 23:47:09: [SM] Fatal error encountered parsing translation file "advadmin.phrases.txt"
L 12/22/2020 - 23:47:09: [SM] Error (line 0, column 0): Stream failed to open
L 12/23/2020 - 00:03:15: Error log file session closed.
