L 09/06/2020 - 19:22:34: SourceMod error session started
L 09/06/2020 - 19:22:34: Info (map "de_dust2") (file "/home/tcagame/jackm1/527/csgo/addons/sourcemod/logs/errors_20200906.log")
L 09/06/2020 - 19:22:34: [SM] Fatal error encountered parsing translation file "advadmin.phrases.txt"
L 09/06/2020 - 19:22:34: [SM] Error (line 0, column 0): Stream failed to open
L 09/06/2020 - 21:14:55: Error log file session closed.
L 09/06/2020 - 21:14:55: SourceMod error session started
L 09/06/2020 - 21:14:55: Info (map "de_dust2") (file "/home/tcagame/jackm1/527/csgo/addons/sourcemod/logs/errors_20200906.log")
L 09/06/2020 - 21:14:55: [SM] Fatal error encountered parsing translation file "advadmin.phrases.txt"
L 09/06/2020 - 21:14:55: [SM] Error (line 0, column 0): Stream failed to open
L 09/06/2020 - 21:15:40: Error log file session closed.
L 09/06/2020 - 21:15:40: SourceMod error session started
L 09/06/2020 - 21:15:40: Info (map "de_dust2") (file "/home/tcagame/jackm1/527/csgo/addons/sourcemod/logs/errors_20200906.log")
L 09/06/2020 - 21:15:40: [SM] Fatal error encountered parsing translation file "advadmin.phrases.txt"
L 09/06/2020 - 21:15:40: [SM] Error (line 0, column 0): Stream failed to open
L 09/06/2020 - 21:20:23: Error log file session closed.
L 09/06/2020 - 21:20:23: SourceMod error session started
L 09/06/2020 - 21:20:23: Info (map "de_dust2") (file "/home/tcagame/jackm1/527/csgo/addons/sourcemod/logs/errors_20200906.log")
L 09/06/2020 - 21:20:23: [SM] Fatal error encountered parsing translation file "advadmin.phrases.txt"
L 09/06/2020 - 21:20:23: [SM] Error (line 0, column 0): Stream failed to open
L 09/06/2020 - 21:34:37: SourceMod error session started
L 09/06/2020 - 21:34:37: Info (map "de_dust2") (file "/home/tcagame/jackm1/527/csgo/addons/sourcemod/logs/errors_20200906.log")
L 09/06/2020 - 21:34:37: [SM] Fatal error encountered parsing translation file "advadmin.phrases.txt"
L 09/06/2020 - 21:34:37: [SM] Error (line 0, column 0): Stream failed to open
L 09/06/2020 - 21:59:01: Error log file session closed.
L 09/06/2020 - 21:59:01: SourceMod error session started
L 09/06/2020 - 21:59:01: Info (map "de_dust2") (file "/home/tcagame/jackm1/527/csgo/addons/sourcemod/logs/errors_20200906.log")
L 09/06/2020 - 21:59:01: [SM] Fatal error encountered parsing translation file "advadmin.phrases.txt"
L 09/06/2020 - 21:59:01: [SM] Error (line 0, column 0): Stream failed to open
L 09/07/2020 - 12:25:26: Error log file session closed.
