L 11/15/2020 - 09:33:44: SourceMod error session started
L 11/15/2020 - 09:33:44: Info (map "de_safehouse") (file "/home/tcagame/jackm1/527/csgo/addons/sourcemod/logs/errors_20201115.log")
L 11/15/2020 - 09:33:44: [SM] Fatal error encountered parsing translation file "advadmin.phrases.txt"
L 11/15/2020 - 09:33:44: [SM] Error (line 0, column 0): Stream failed to open
L 11/15/2020 - 09:36:10: [SM] Exception reported: Language phrase "Player_Connected_From" not found (arg 3)
L 11/15/2020 - 09:36:10: [SM] Blaming: advadmin.smx
L 11/15/2020 - 09:36:10: [SM] Call stack trace:
L 11/15/2020 - 09:36:10: [SM]   [0] VFormat
L 11/15/2020 - 09:36:10: [SM]   [1] Line 386, /groups/sourcemod/compiler-1.10/include/halflife.inc::PrintToChatAll
L 11/15/2020 - 09:36:10: [SM]   [2] Line 141, /home/groups/sourcemod/upload_tmp/phpRYtiXm.sp::OnClientAuthorized
L 11/15/2020 - 09:36:23: [SM] Exception reported: Array index out-of-bounds (index 64, limit 55)
L 11/15/2020 - 09:36:23: [SM] Blaming: weapon_restrict.smx
L 11/15/2020 - 09:36:23: [SM] Call stack trace:
L 11/15/2020 - 09:36:23: [SM]   [1] Line 202, restrictinc/events.sp::CS_OnBuyCommand
L 11/15/2020 - 09:38:02: Error log file session closed.
L 11/15/2020 - 09:38:02: SourceMod error session started
L 11/15/2020 - 09:38:02: Info (map "cs_militia") (file "/home/tcagame/jackm1/527/csgo/addons/sourcemod/logs/errors_20201115.log")
L 11/15/2020 - 09:38:02: [SM] Fatal error encountered parsing translation file "advadmin.phrases.txt"
L 11/15/2020 - 09:38:02: [SM] Error (line 0, column 0): Stream failed to open
L 11/15/2020 - 09:38:16: [SM] Exception reported: Array index out-of-bounds (index 64, limit 55)
L 11/15/2020 - 09:38:16: [SM] Blaming: weapon_restrict.smx
L 11/15/2020 - 09:38:16: [SM] Call stack trace:
L 11/15/2020 - 09:38:16: [SM]   [1] Line 202, restrictinc/events.sp::CS_OnBuyCommand
L 11/15/2020 - 09:39:55: [SM] Exception reported: Array index out-of-bounds (index 64, limit 55)
L 11/15/2020 - 09:39:55: [SM] Blaming: weapon_restrict.smx
L 11/15/2020 - 09:39:55: [SM] Call stack trace:
L 11/15/2020 - 09:39:55: [SM]   [1] Line 202, restrictinc/events.sp::CS_OnBuyCommand
L 11/15/2020 - 09:47:20: [SM] Exception reported: Array index out-of-bounds (index 64, limit 55)
L 11/15/2020 - 09:47:20: [SM] Blaming: weapon_restrict.smx
L 11/15/2020 - 09:47:20: [SM] Call stack trace:
L 11/15/2020 - 09:47:20: [SM]   [1] Line 202, restrictinc/events.sp::CS_OnBuyCommand
L 11/15/2020 - 09:47:45: [SM] Exception reported: Array index out-of-bounds (index 64, limit 55)
L 11/15/2020 - 09:47:45: [SM] Blaming: weapon_restrict.smx
L 11/15/2020 - 09:47:45: [SM] Call stack trace:
L 11/15/2020 - 09:47:45: [SM]   [1] Line 202, restrictinc/events.sp::CS_OnBuyCommand
L 11/15/2020 - 09:48:08: [SM] Exception reported: Array index out-of-bounds (index 64, limit 55)
L 11/15/2020 - 09:48:08: [SM] Blaming: weapon_restrict.smx
L 11/15/2020 - 09:48:08: [SM] Call stack trace:
L 11/15/2020 - 09:48:08: [SM]   [1] Line 202, restrictinc/events.sp::CS_OnBuyCommand
L 11/15/2020 - 09:48:36: [SM] Exception reported: Array index out-of-bounds (index 64, limit 55)
L 11/15/2020 - 09:48:36: [SM] Blaming: weapon_restrict.smx
L 11/15/2020 - 09:48:36: [SM] Call stack trace:
L 11/15/2020 - 09:48:36: [SM]   [1] Line 202, restrictinc/events.sp::CS_OnBuyCommand
L 11/15/2020 - 09:48:42: [SM] Exception reported: Array index out-of-bounds (index 64, limit 55)
L 11/15/2020 - 09:48:42: [SM] Blaming: weapon_restrict.smx
L 11/15/2020 - 09:48:42: [SM] Call stack trace:
L 11/15/2020 - 09:48:42: [SM]   [1] Line 202, restrictinc/events.sp::CS_OnBuyCommand
L 11/15/2020 - 09:49:09: [SM] Exception reported: Array index out-of-bounds (index 64, limit 55)
L 11/15/2020 - 09:49:09: [SM] Blaming: weapon_restrict.smx
L 11/15/2020 - 09:49:09: [SM] Call stack trace:
L 11/15/2020 - 09:49:09: [SM]   [1] Line 202, restrictinc/events.sp::CS_OnBuyCommand
L 11/15/2020 - 09:49:40: [SM] Exception reported: Array index out-of-bounds (index 64, limit 55)
L 11/15/2020 - 09:49:40: [SM] Blaming: weapon_restrict.smx
L 11/15/2020 - 09:49:40: [SM] Call stack trace:
L 11/15/2020 - 09:49:40: [SM]   [1] Line 202, restrictinc/events.sp::CS_OnBuyCommand
L 11/15/2020 - 09:51:32: [SM] Exception reported: Array index out-of-bounds (index 64, limit 55)
L 11/15/2020 - 09:51:32: [SM] Blaming: weapon_restrict.smx
L 11/15/2020 - 09:51:32: [SM] Call stack trace:
L 11/15/2020 - 09:51:32: [SM]   [1] Line 202, restrictinc/events.sp::CS_OnBuyCommand
L 11/15/2020 - 09:52:45: [SM] Exception reported: Array index out-of-bounds (index 64, limit 55)
L 11/15/2020 - 09:52:45: [SM] Blaming: weapon_restrict.smx
L 11/15/2020 - 09:52:45: [SM] Call stack trace:
L 11/15/2020 - 09:52:45: [SM]   [1] Line 202, restrictinc/events.sp::CS_OnBuyCommand
L 11/15/2020 - 09:53:24: [SM] Exception reported: Array index out-of-bounds (index 64, limit 55)
L 11/15/2020 - 09:53:24: [SM] Blaming: weapon_restrict.smx
L 11/15/2020 - 09:53:24: [SM] Call stack trace:
L 11/15/2020 - 09:53:24: [SM]   [1] Line 202, restrictinc/events.sp::CS_OnBuyCommand
L 11/15/2020 - 09:53:31: [SM] Exception reported: Array index out-of-bounds (index 64, limit 55)
L 11/15/2020 - 09:53:31: [SM] Blaming: weapon_restrict.smx
L 11/15/2020 - 09:53:31: [SM] Call stack trace:
L 11/15/2020 - 09:53:31: [SM]   [1] Line 202, restrictinc/events.sp::CS_OnBuyCommand
L 11/15/2020 - 09:53:35: [SM] Exception reported: Array index out-of-bounds (index 64, limit 55)
L 11/15/2020 - 09:53:35: [SM] Blaming: weapon_restrict.smx
L 11/15/2020 - 09:53:35: [SM] Call stack trace:
L 11/15/2020 - 09:53:35: [SM]   [1] Line 202, restrictinc/events.sp::CS_OnBuyCommand
L 11/15/2020 - 09:53:39: [SM] Exception reported: Array index out-of-bounds (index 64, limit 55)
L 11/15/2020 - 09:53:39: [SM] Blaming: weapon_restrict.smx
L 11/15/2020 - 09:53:39: [SM] Call stack trace:
L 11/15/2020 - 09:53:39: [SM]   [1] Line 202, restrictinc/events.sp::CS_OnBuyCommand
L 11/15/2020 - 10:02:21: [SM] Exception reported: Array index out-of-bounds (index 64, limit 55)
L 11/15/2020 - 10:02:21: [SM] Blaming: weapon_restrict.smx
L 11/15/2020 - 10:02:21: [SM] Call stack trace:
L 11/15/2020 - 10:02:21: [SM]   [1] Line 202, restrictinc/events.sp::CS_OnBuyCommand
L 11/15/2020 - 10:02:27: [SM] Exception reported: Array index out-of-bounds (index 64, limit 55)
L 11/15/2020 - 10:02:27: [SM] Blaming: weapon_restrict.smx
L 11/15/2020 - 10:02:27: [SM] Call stack trace:
L 11/15/2020 - 10:02:27: [SM]   [1] Line 202, restrictinc/events.sp::CS_OnBuyCommand
L 11/15/2020 - 10:11:19: [SM] Exception reported: Language phrase "Player_Connected_From" not found (arg 3)
L 11/15/2020 - 10:11:19: [SM] Blaming: advadmin.smx
L 11/15/2020 - 10:11:19: [SM] Call stack trace:
L 11/15/2020 - 10:11:19: [SM]   [0] VFormat
L 11/15/2020 - 10:11:19: [SM]   [1] Line 386, /groups/sourcemod/compiler-1.10/include/halflife.inc::PrintToChatAll
L 11/15/2020 - 10:11:19: [SM]   [2] Line 141, /home/groups/sourcemod/upload_tmp/phpRYtiXm.sp::OnClientAuthorized
L 11/15/2020 - 10:11:40: [SM] Exception reported: Array index out-of-bounds (index 64, limit 55)
L 11/15/2020 - 10:11:40: [SM] Blaming: weapon_restrict.smx
L 11/15/2020 - 10:11:40: [SM] Call stack trace:
L 11/15/2020 - 10:11:40: [SM]   [1] Line 202, restrictinc/events.sp::CS_OnBuyCommand
L 11/15/2020 - 10:18:47: Error log file session closed.
L 11/15/2020 - 10:18:47: SourceMod error session started
L 11/15/2020 - 10:18:47: Info (map "cs_militia") (file "/home/tcagame/jackm1/527/csgo/addons/sourcemod/logs/errors_20201115.log")
L 11/15/2020 - 10:18:47: [SM] Fatal error encountered parsing translation file "advadmin.phrases.txt"
L 11/15/2020 - 10:18:47: [SM] Error (line 0, column 0): Stream failed to open
L 11/15/2020 - 10:19:53: [SM] Exception reported: Array index out-of-bounds (index 64, limit 55)
L 11/15/2020 - 10:19:53: [SM] Blaming: weapon_restrict.smx
L 11/15/2020 - 10:19:53: [SM] Call stack trace:
L 11/15/2020 - 10:19:53: [SM]   [1] Line 202, restrictinc/events.sp::CS_OnBuyCommand
L 11/15/2020 - 10:20:48: [SM] Exception reported: Array index out-of-bounds (index 64, limit 55)
L 11/15/2020 - 10:20:48: [SM] Blaming: weapon_restrict.smx
L 11/15/2020 - 10:20:48: [SM] Call stack trace:
L 11/15/2020 - 10:20:48: [SM]   [1] Line 202, restrictinc/events.sp::CS_OnBuyCommand
L 11/15/2020 - 10:20:51: [SM] Exception reported: Array index out-of-bounds (index 64, limit 55)
L 11/15/2020 - 10:20:51: [SM] Blaming: weapon_restrict.smx
L 11/15/2020 - 10:20:51: [SM] Call stack trace:
L 11/15/2020 - 10:20:51: [SM]   [1] Line 202, restrictinc/events.sp::CS_OnBuyCommand
L 11/15/2020 - 10:20:58: [SM] Exception reported: Array index out-of-bounds (index 64, limit 55)
L 11/15/2020 - 10:20:58: [SM] Blaming: weapon_restrict.smx
L 11/15/2020 - 10:20:58: [SM] Call stack trace:
L 11/15/2020 - 10:20:58: [SM]   [1] Line 202, restrictinc/events.sp::CS_OnBuyCommand
L 11/15/2020 - 10:20:59: [SM] Exception reported: Array index out-of-bounds (index 64, limit 55)
L 11/15/2020 - 10:20:59: [SM] Blaming: weapon_restrict.smx
L 11/15/2020 - 10:20:59: [SM] Call stack trace:
L 11/15/2020 - 10:20:59: [SM]   [1] Line 202, restrictinc/events.sp::CS_OnBuyCommand
L 11/15/2020 - 10:22:38: [SM] Exception reported: Array index out-of-bounds (index 64, limit 55)
L 11/15/2020 - 10:22:38: [SM] Blaming: weapon_restrict.smx
L 11/15/2020 - 10:22:38: [SM] Call stack trace:
L 11/15/2020 - 10:22:38: [SM]   [1] Line 202, restrictinc/events.sp::CS_OnBuyCommand
L 11/15/2020 - 10:28:01: [SM] Exception reported: Array index out-of-bounds (index 64, limit 55)
L 11/15/2020 - 10:28:01: [SM] Blaming: weapon_restrict.smx
L 11/15/2020 - 10:28:01: [SM] Call stack trace:
L 11/15/2020 - 10:28:01: [SM]   [1] Line 202, restrictinc/events.sp::CS_OnBuyCommand
L 11/15/2020 - 10:28:06: [SM] Exception reported: Array index out-of-bounds (index 64, limit 55)
L 11/15/2020 - 10:28:06: [SM] Blaming: weapon_restrict.smx
L 11/15/2020 - 10:28:06: [SM] Call stack trace:
L 11/15/2020 - 10:28:06: [SM]   [1] Line 202, restrictinc/events.sp::CS_OnBuyCommand
L 11/15/2020 - 10:29:53: [SM] Exception reported: Array index out-of-bounds (index 64, limit 55)
L 11/15/2020 - 10:29:53: [SM] Blaming: weapon_restrict.smx
L 11/15/2020 - 10:29:53: [SM] Call stack trace:
L 11/15/2020 - 10:29:53: [SM]   [1] Line 202, restrictinc/events.sp::CS_OnBuyCommand
L 11/15/2020 - 10:30:25: [SM] Exception reported: Array index out-of-bounds (index 64, limit 55)
L 11/15/2020 - 10:30:25: [SM] Blaming: weapon_restrict.smx
L 11/15/2020 - 10:30:25: [SM] Call stack trace:
L 11/15/2020 - 10:30:25: [SM]   [1] Line 202, restrictinc/events.sp::CS_OnBuyCommand
L 11/15/2020 - 14:06:06: Error log file session closed.
L 11/15/2020 - 14:06:06: SourceMod error session started
L 11/15/2020 - 14:06:06: Info (map "cs_militia") (file "/home/tcagame/jackm1/527/csgo/addons/sourcemod/logs/errors_20201115.log")
L 11/15/2020 - 14:06:06: [SM] Fatal error encountered parsing translation file "advadmin.phrases.txt"
L 11/15/2020 - 14:06:06: [SM] Error (line 0, column 0): Stream failed to open
L 11/15/2020 - 14:06:36: [SM] Exception reported: Array index out-of-bounds (index 64, limit 55)
L 11/15/2020 - 14:06:36: [SM] Blaming: weapon_restrict.smx
L 11/15/2020 - 14:06:36: [SM] Call stack trace:
L 11/15/2020 - 14:06:36: [SM]   [1] Line 202, restrictinc/events.sp::CS_OnBuyCommand
L 11/15/2020 - 14:06:53: [SM] Exception reported: Array index out-of-bounds (index 64, limit 55)
L 11/15/2020 - 14:06:53: [SM] Blaming: weapon_restrict.smx
L 11/15/2020 - 14:06:53: [SM] Call stack trace:
L 11/15/2020 - 14:06:53: [SM]   [1] Line 202, restrictinc/events.sp::CS_OnBuyCommand
L 11/15/2020 - 14:06:54: [SM] Exception reported: Array index out-of-bounds (index 64, limit 55)
L 11/15/2020 - 14:06:54: [SM] Blaming: weapon_restrict.smx
L 11/15/2020 - 14:06:54: [SM] Call stack trace:
L 11/15/2020 - 14:06:54: [SM]   [1] Line 202, restrictinc/events.sp::CS_OnBuyCommand
L 11/15/2020 - 14:07:30: [SM] Exception reported: Array index out-of-bounds (index 64, limit 55)
L 11/15/2020 - 14:07:30: [SM] Blaming: weapon_restrict.smx
L 11/15/2020 - 14:07:30: [SM] Call stack trace:
L 11/15/2020 - 14:07:30: [SM]   [1] Line 202, restrictinc/events.sp::CS_OnBuyCommand
L 11/15/2020 - 14:08:03: [SM] Exception reported: Array index out-of-bounds (index 64, limit 55)
L 11/15/2020 - 14:08:03: [SM] Blaming: weapon_restrict.smx
L 11/15/2020 - 14:08:03: [SM] Call stack trace:
L 11/15/2020 - 14:08:03: [SM]   [1] Line 202, restrictinc/events.sp::CS_OnBuyCommand
L 11/15/2020 - 14:08:21: [SM] Exception reported: Array index out-of-bounds (index 64, limit 55)
L 11/15/2020 - 14:08:21: [SM] Blaming: weapon_restrict.smx
L 11/15/2020 - 14:08:21: [SM] Call stack trace:
L 11/15/2020 - 14:08:21: [SM]   [1] Line 202, restrictinc/events.sp::CS_OnBuyCommand
L 11/15/2020 - 14:08:29: [SM] Exception reported: Array index out-of-bounds (index 64, limit 55)
L 11/15/2020 - 14:08:29: [SM] Blaming: weapon_restrict.smx
L 11/15/2020 - 14:08:29: [SM] Call stack trace:
L 11/15/2020 - 14:08:29: [SM]   [1] Line 202, restrictinc/events.sp::CS_OnBuyCommand
L 11/15/2020 - 14:08:53: [SM] Exception reported: Array index out-of-bounds (index 64, limit 55)
L 11/15/2020 - 14:08:53: [SM] Blaming: weapon_restrict.smx
L 11/15/2020 - 14:08:53: [SM] Call stack trace:
L 11/15/2020 - 14:08:53: [SM]   [1] Line 202, restrictinc/events.sp::CS_OnBuyCommand
L 11/15/2020 - 14:09:24: Error log file session closed.
L 11/15/2020 - 14:09:24: SourceMod error session started
L 11/15/2020 - 14:09:24: Info (map "de_mirage") (file "/home/tcagame/jackm1/527/csgo/addons/sourcemod/logs/errors_20201115.log")
L 11/15/2020 - 14:09:24: [SM] Fatal error encountered parsing translation file "advadmin.phrases.txt"
L 11/15/2020 - 14:09:24: [SM] Error (line 0, column 0): Stream failed to open
L 11/15/2020 - 14:09:40: [SM] Exception reported: Array index out-of-bounds (index 64, limit 55)
L 11/15/2020 - 14:09:40: [SM] Blaming: weapon_restrict.smx
L 11/15/2020 - 14:09:40: [SM] Call stack trace:
L 11/15/2020 - 14:09:40: [SM]   [1] Line 202, restrictinc/events.sp::CS_OnBuyCommand
L 11/15/2020 - 14:10:07: [SM] Exception reported: Array index out-of-bounds (index 64, limit 55)
L 11/15/2020 - 14:10:07: [SM] Blaming: weapon_restrict.smx
L 11/15/2020 - 14:10:07: [SM] Call stack trace:
L 11/15/2020 - 14:10:07: [SM]   [1] Line 202, restrictinc/events.sp::CS_OnBuyCommand
L 11/15/2020 - 14:10:08: [SM] Exception reported: Array index out-of-bounds (index 64, limit 55)
L 11/15/2020 - 14:10:08: [SM] Blaming: weapon_restrict.smx
L 11/15/2020 - 14:10:08: [SM] Call stack trace:
L 11/15/2020 - 14:10:08: [SM]   [1] Line 202, restrictinc/events.sp::CS_OnBuyCommand
L 11/15/2020 - 14:10:18: [SM] Exception reported: Array index out-of-bounds (index 64, limit 55)
L 11/15/2020 - 14:10:18: [SM] Blaming: weapon_restrict.smx
L 11/15/2020 - 14:10:18: [SM] Call stack trace:
L 11/15/2020 - 14:10:18: [SM]   [1] Line 202, restrictinc/events.sp::CS_OnBuyCommand
L 11/15/2020 - 14:11:01: [SM] Exception reported: Array index out-of-bounds (index 64, limit 55)
L 11/15/2020 - 14:11:01: [SM] Blaming: weapon_restrict.smx
L 11/15/2020 - 14:11:01: [SM] Call stack trace:
L 11/15/2020 - 14:11:01: [SM]   [1] Line 202, restrictinc/events.sp::CS_OnBuyCommand
L 11/15/2020 - 14:11:17: [SM] Exception reported: Array index out-of-bounds (index 64, limit 55)
L 11/15/2020 - 14:11:17: [SM] Blaming: weapon_restrict.smx
L 11/15/2020 - 14:11:17: [SM] Call stack trace:
L 11/15/2020 - 14:11:17: [SM]   [1] Line 202, restrictinc/events.sp::CS_OnBuyCommand
L 11/15/2020 - 14:11:27: [SM] Exception reported: Array index out-of-bounds (index 64, limit 55)
L 11/15/2020 - 14:11:27: [SM] Blaming: weapon_restrict.smx
L 11/15/2020 - 14:11:27: [SM] Call stack trace:
L 11/15/2020 - 14:11:27: [SM]   [1] Line 202, restrictinc/events.sp::CS_OnBuyCommand
L 11/15/2020 - 14:12:40: [SM] Exception reported: Array index out-of-bounds (index 64, limit 55)
L 11/15/2020 - 14:12:40: [SM] Blaming: weapon_restrict.smx
L 11/15/2020 - 14:12:40: [SM] Call stack trace:
L 11/15/2020 - 14:12:40: [SM]   [1] Line 202, restrictinc/events.sp::CS_OnBuyCommand
L 11/15/2020 - 14:13:35: [SM] Exception reported: Array index out-of-bounds (index 64, limit 55)
L 11/15/2020 - 14:13:35: [SM] Blaming: weapon_restrict.smx
L 11/15/2020 - 14:13:35: [SM] Call stack trace:
L 11/15/2020 - 14:13:35: [SM]   [1] Line 202, restrictinc/events.sp::CS_OnBuyCommand
L 11/15/2020 - 14:13:44: [SM] Exception reported: Array index out-of-bounds (index 64, limit 55)
L 11/15/2020 - 14:13:44: [SM] Blaming: weapon_restrict.smx
L 11/15/2020 - 14:13:44: [SM] Call stack trace:
L 11/15/2020 - 14:13:44: [SM]   [1] Line 202, restrictinc/events.sp::CS_OnBuyCommand
L 11/15/2020 - 14:13:55: [SM] Exception reported: Array index out-of-bounds (index 64, limit 55)
L 11/15/2020 - 14:13:55: [SM] Blaming: weapon_restrict.smx
L 11/15/2020 - 14:13:55: [SM] Call stack trace:
L 11/15/2020 - 14:13:55: [SM]   [1] Line 202, restrictinc/events.sp::CS_OnBuyCommand
L 11/15/2020 - 14:14:20: [SM] Exception reported: Array index out-of-bounds (index 64, limit 55)
L 11/15/2020 - 14:14:20: [SM] Blaming: weapon_restrict.smx
L 11/15/2020 - 14:14:20: [SM] Call stack trace:
L 11/15/2020 - 14:14:20: [SM]   [1] Line 202, restrictinc/events.sp::CS_OnBuyCommand
L 11/15/2020 - 14:14:29: [SM] Exception reported: Array index out-of-bounds (index 64, limit 55)
L 11/15/2020 - 14:14:29: [SM] Blaming: weapon_restrict.smx
L 11/15/2020 - 14:14:29: [SM] Call stack trace:
L 11/15/2020 - 14:14:29: [SM]   [1] Line 202, restrictinc/events.sp::CS_OnBuyCommand
L 11/15/2020 - 14:14:37: [SM] Exception reported: Array index out-of-bounds (index 64, limit 55)
L 11/15/2020 - 14:14:37: [SM] Blaming: weapon_restrict.smx
L 11/15/2020 - 14:14:37: [SM] Call stack trace:
L 11/15/2020 - 14:14:37: [SM]   [1] Line 202, restrictinc/events.sp::CS_OnBuyCommand
L 11/15/2020 - 14:15:11: [SM] Exception reported: Array index out-of-bounds (index 64, limit 55)
L 11/15/2020 - 14:15:11: [SM] Blaming: weapon_restrict.smx
L 11/15/2020 - 14:15:11: [SM] Call stack trace:
L 11/15/2020 - 14:15:11: [SM]   [1] Line 202, restrictinc/events.sp::CS_OnBuyCommand
L 11/15/2020 - 14:15:42: [SM] Exception reported: Array index out-of-bounds (index 64, limit 55)
L 11/15/2020 - 14:15:42: [SM] Blaming: weapon_restrict.smx
L 11/15/2020 - 14:15:42: [SM] Call stack trace:
L 11/15/2020 - 14:15:42: [SM]   [1] Line 202, restrictinc/events.sp::CS_OnBuyCommand
L 11/15/2020 - 14:17:33: [SM] Exception reported: Array index out-of-bounds (index 64, limit 55)
L 11/15/2020 - 14:17:33: [SM] Blaming: weapon_restrict.smx
L 11/15/2020 - 14:17:33: [SM] Call stack trace:
L 11/15/2020 - 14:17:33: [SM]   [1] Line 202, restrictinc/events.sp::CS_OnBuyCommand
L 11/15/2020 - 14:18:46: [SM] Exception reported: Array index out-of-bounds (index 64, limit 55)
L 11/15/2020 - 14:18:46: [SM] Blaming: weapon_restrict.smx
L 11/15/2020 - 14:18:46: [SM] Call stack trace:
L 11/15/2020 - 14:18:46: [SM]   [1] Line 202, restrictinc/events.sp::CS_OnBuyCommand
L 11/15/2020 - 14:20:42: [SM] Exception reported: Array index out-of-bounds (index 64, limit 55)
L 11/15/2020 - 14:20:42: [SM] Blaming: weapon_restrict.smx
L 11/15/2020 - 14:20:42: [SM] Call stack trace:
L 11/15/2020 - 14:20:42: [SM]   [1] Line 202, restrictinc/events.sp::CS_OnBuyCommand
L 11/15/2020 - 14:22:19: [SM] Exception reported: Array index out-of-bounds (index 64, limit 55)
L 11/15/2020 - 14:22:19: [SM] Blaming: weapon_restrict.smx
L 11/15/2020 - 14:22:19: [SM] Call stack trace:
L 11/15/2020 - 14:22:19: [SM]   [1] Line 202, restrictinc/events.sp::CS_OnBuyCommand
L 11/15/2020 - 14:25:57: [SM] Exception reported: Array index out-of-bounds (index 64, limit 55)
L 11/15/2020 - 14:25:57: [SM] Blaming: weapon_restrict.smx
L 11/15/2020 - 14:25:57: [SM] Call stack trace:
L 11/15/2020 - 14:25:57: [SM]   [1] Line 202, restrictinc/events.sp::CS_OnBuyCommand
L 11/15/2020 - 14:28:14: [SM] Exception reported: Array index out-of-bounds (index 64, limit 55)
L 11/15/2020 - 14:28:14: [SM] Blaming: weapon_restrict.smx
L 11/15/2020 - 14:28:14: [SM] Call stack trace:
L 11/15/2020 - 14:28:14: [SM]   [1] Line 202, restrictinc/events.sp::CS_OnBuyCommand
L 11/15/2020 - 14:28:59: [SM] Exception reported: Array index out-of-bounds (index 64, limit 55)
L 11/15/2020 - 14:28:59: [SM] Blaming: weapon_restrict.smx
L 11/15/2020 - 14:28:59: [SM] Call stack trace:
L 11/15/2020 - 14:28:59: [SM]   [1] Line 202, restrictinc/events.sp::CS_OnBuyCommand
L 11/15/2020 - 14:29:45: [SM] Exception reported: Array index out-of-bounds (index 64, limit 55)
L 11/15/2020 - 14:29:45: [SM] Blaming: weapon_restrict.smx
L 11/15/2020 - 14:29:45: [SM] Call stack trace:
L 11/15/2020 - 14:29:45: [SM]   [1] Line 202, restrictinc/events.sp::CS_OnBuyCommand
L 11/15/2020 - 16:01:12: Error log file session closed.
L 11/15/2020 - 16:01:12: SourceMod error session started
L 11/15/2020 - 16:01:12: Info (map "de_mirage") (file "/home/tcagame/jackm1/527/csgo/addons/sourcemod/logs/errors_20201115.log")
L 11/15/2020 - 16:01:12: [SM] Fatal error encountered parsing translation file "advadmin.phrases.txt"
L 11/15/2020 - 16:01:12: [SM] Error (line 0, column 0): Stream failed to open
L 11/15/2020 - 16:02:03: [SM] Exception reported: Array index out-of-bounds (index 64, limit 55)
L 11/15/2020 - 16:02:03: [SM] Blaming: weapon_restrict.smx
L 11/15/2020 - 16:02:03: [SM] Call stack trace:
L 11/15/2020 - 16:02:03: [SM]   [1] Line 202, restrictinc/events.sp::CS_OnBuyCommand
L 11/15/2020 - 16:02:24: [SM] Exception reported: Language phrase "Player_Connected_From" not found (arg 3)
L 11/15/2020 - 16:02:24: [SM] Blaming: advadmin.smx
L 11/15/2020 - 16:02:24: [SM] Call stack trace:
L 11/15/2020 - 16:02:24: [SM]   [0] VFormat
L 11/15/2020 - 16:02:24: [SM]   [1] Line 386, /groups/sourcemod/compiler-1.10/include/halflife.inc::PrintToChatAll
L 11/15/2020 - 16:02:24: [SM]   [2] Line 141, /home/groups/sourcemod/upload_tmp/phpRYtiXm.sp::OnClientAuthorized
L 11/15/2020 - 16:03:00: [SM] Exception reported: Language phrase "Player_Connected_From" not found (arg 3)
L 11/15/2020 - 16:03:00: [SM] Blaming: advadmin.smx
L 11/15/2020 - 16:03:00: [SM] Call stack trace:
L 11/15/2020 - 16:03:00: [SM]   [0] VFormat
L 11/15/2020 - 16:03:00: [SM]   [1] Line 386, /groups/sourcemod/compiler-1.10/include/halflife.inc::PrintToChatAll
L 11/15/2020 - 16:03:00: [SM]   [2] Line 141, /home/groups/sourcemod/upload_tmp/phpRYtiXm.sp::OnClientAuthorized
L 11/15/2020 - 16:03:20: [SM] Exception reported: Language phrase "Player_Connected_From" not found (arg 3)
L 11/15/2020 - 16:03:20: [SM] Blaming: advadmin.smx
L 11/15/2020 - 16:03:20: [SM] Call stack trace:
L 11/15/2020 - 16:03:20: [SM]   [0] VFormat
L 11/15/2020 - 16:03:20: [SM]   [1] Line 386, /groups/sourcemod/compiler-1.10/include/halflife.inc::PrintToChatAll
L 11/15/2020 - 16:03:20: [SM]   [2] Line 141, /home/groups/sourcemod/upload_tmp/phpRYtiXm.sp::OnClientAuthorized
L 11/15/2020 - 16:03:52: [SM] Exception reported: Language phrase "Player_Connected_From" not found (arg 3)
L 11/15/2020 - 16:03:52: [SM] Blaming: advadmin.smx
L 11/15/2020 - 16:03:52: [SM] Call stack trace:
L 11/15/2020 - 16:03:52: [SM]   [0] VFormat
L 11/15/2020 - 16:03:52: [SM]   [1] Line 386, /groups/sourcemod/compiler-1.10/include/halflife.inc::PrintToChatAll
L 11/15/2020 - 16:03:52: [SM]   [2] Line 141, /home/groups/sourcemod/upload_tmp/phpRYtiXm.sp::OnClientAuthorized
L 11/15/2020 - 16:04:05: [SM] Exception reported: Array index out-of-bounds (index 64, limit 55)
L 11/15/2020 - 16:04:05: [SM] Blaming: weapon_restrict.smx
L 11/15/2020 - 16:04:05: [SM] Call stack trace:
L 11/15/2020 - 16:04:05: [SM]   [1] Line 202, restrictinc/events.sp::CS_OnBuyCommand
L 11/15/2020 - 16:04:42: [SM] Exception reported: Array index out-of-bounds (index 64, limit 55)
L 11/15/2020 - 16:04:42: [SM] Blaming: weapon_restrict.smx
L 11/15/2020 - 16:04:42: [SM] Call stack trace:
L 11/15/2020 - 16:04:42: [SM]   [1] Line 202, restrictinc/events.sp::CS_OnBuyCommand
L 11/15/2020 - 16:05:20: [SM] Exception reported: Array index out-of-bounds (index 64, limit 55)
L 11/15/2020 - 16:05:20: [SM] Blaming: weapon_restrict.smx
L 11/15/2020 - 16:05:20: [SM] Call stack trace:
L 11/15/2020 - 16:05:20: [SM]   [1] Line 202, restrictinc/events.sp::CS_OnBuyCommand
L 11/15/2020 - 16:05:56: [SM] Exception reported: Array index out-of-bounds (index 64, limit 55)
L 11/15/2020 - 16:05:56: [SM] Blaming: weapon_restrict.smx
L 11/15/2020 - 16:05:56: [SM] Call stack trace:
L 11/15/2020 - 16:05:56: [SM]   [1] Line 202, restrictinc/events.sp::CS_OnBuyCommand
L 11/15/2020 - 16:07:54: Error log file session closed.
L 11/15/2020 - 16:07:54: SourceMod error session started
L 11/15/2020 - 16:07:54: Info (map "de_bank") (file "/home/tcagame/jackm1/527/csgo/addons/sourcemod/logs/errors_20201115.log")
L 11/15/2020 - 16:07:54: [SM] Fatal error encountered parsing translation file "advadmin.phrases.txt"
L 11/15/2020 - 16:07:54: [SM] Error (line 0, column 0): Stream failed to open
L 11/15/2020 - 16:09:21: [SM] Exception reported: Array index out-of-bounds (index 64, limit 55)
L 11/15/2020 - 16:09:21: [SM] Blaming: weapon_restrict.smx
L 11/15/2020 - 16:09:21: [SM] Call stack trace:
L 11/15/2020 - 16:09:21: [SM]   [1] Line 202, restrictinc/events.sp::CS_OnBuyCommand
L 11/15/2020 - 16:10:45: [SM] Exception reported: Array index out-of-bounds (index 64, limit 55)
L 11/15/2020 - 16:10:45: [SM] Blaming: weapon_restrict.smx
L 11/15/2020 - 16:10:45: [SM] Call stack trace:
L 11/15/2020 - 16:10:45: [SM]   [1] Line 202, restrictinc/events.sp::CS_OnBuyCommand
L 11/15/2020 - 16:10:49: [SM] Exception reported: Array index out-of-bounds (index 64, limit 55)
L 11/15/2020 - 16:10:49: [SM] Blaming: weapon_restrict.smx
L 11/15/2020 - 16:10:49: [SM] Call stack trace:
L 11/15/2020 - 16:10:49: [SM]   [1] Line 202, restrictinc/events.sp::CS_OnBuyCommand
L 11/15/2020 - 16:10:49: [SM] Exception reported: Array index out-of-bounds (index 64, limit 55)
L 11/15/2020 - 16:10:49: [SM] Blaming: weapon_restrict.smx
L 11/15/2020 - 16:10:49: [SM] Call stack trace:
L 11/15/2020 - 16:10:49: [SM]   [1] Line 202, restrictinc/events.sp::CS_OnBuyCommand
L 11/15/2020 - 16:10:57: [SM] Exception reported: Array index out-of-bounds (index 64, limit 55)
L 11/15/2020 - 16:10:57: [SM] Blaming: weapon_restrict.smx
L 11/15/2020 - 16:10:57: [SM] Call stack trace:
L 11/15/2020 - 16:10:57: [SM]   [1] Line 202, restrictinc/events.sp::CS_OnBuyCommand
L 11/15/2020 - 16:10:57: [SM] Exception reported: Array index out-of-bounds (index 64, limit 55)
L 11/15/2020 - 16:10:57: [SM] Blaming: weapon_restrict.smx
L 11/15/2020 - 16:10:57: [SM] Call stack trace:
L 11/15/2020 - 16:10:57: [SM]   [1] Line 202, restrictinc/events.sp::CS_OnBuyCommand
L 11/15/2020 - 16:11:01: [SM] Exception reported: Array index out-of-bounds (index 64, limit 55)
L 11/15/2020 - 16:11:01: [SM] Blaming: weapon_restrict.smx
L 11/15/2020 - 16:11:01: [SM] Call stack trace:
L 11/15/2020 - 16:11:01: [SM]   [1] Line 202, restrictinc/events.sp::CS_OnBuyCommand
L 11/15/2020 - 16:12:07: [SM] Exception reported: Array index out-of-bounds (index 64, limit 55)
L 11/15/2020 - 16:12:07: [SM] Blaming: weapon_restrict.smx
L 11/15/2020 - 16:12:07: [SM] Call stack trace:
L 11/15/2020 - 16:12:07: [SM]   [1] Line 202, restrictinc/events.sp::CS_OnBuyCommand
L 11/15/2020 - 16:12:33: [SM] Exception reported: Array index out-of-bounds (index 64, limit 55)
L 11/15/2020 - 16:12:33: [SM] Blaming: weapon_restrict.smx
L 11/15/2020 - 16:12:33: [SM] Call stack trace:
L 11/15/2020 - 16:12:33: [SM]   [1] Line 202, restrictinc/events.sp::CS_OnBuyCommand
L 11/15/2020 - 16:14:38: [SM] Exception reported: Array index out-of-bounds (index 64, limit 55)
L 11/15/2020 - 16:14:38: [SM] Blaming: weapon_restrict.smx
L 11/15/2020 - 16:14:38: [SM] Call stack trace:
L 11/15/2020 - 16:14:38: [SM]   [1] Line 202, restrictinc/events.sp::CS_OnBuyCommand
L 11/15/2020 - 16:18:56: [SM] Exception reported: Array index out-of-bounds (index 64, limit 55)
L 11/15/2020 - 16:18:56: [SM] Blaming: weapon_restrict.smx
L 11/15/2020 - 16:18:56: [SM] Call stack trace:
L 11/15/2020 - 16:18:56: [SM]   [1] Line 202, restrictinc/events.sp::CS_OnBuyCommand
L 11/15/2020 - 16:18:56: [SM] Exception reported: Array index out-of-bounds (index 64, limit 55)
L 11/15/2020 - 16:18:56: [SM] Blaming: weapon_restrict.smx
L 11/15/2020 - 16:18:56: [SM] Call stack trace:
L 11/15/2020 - 16:18:56: [SM]   [1] Line 202, restrictinc/events.sp::CS_OnBuyCommand
L 11/15/2020 - 18:47:08: Error log file session closed.
L 11/15/2020 - 18:47:08: SourceMod error session started
L 11/15/2020 - 18:47:08: Info (map "de_bank") (file "/home/tcagame/jackm1/527/csgo/addons/sourcemod/logs/errors_20201115.log")
L 11/15/2020 - 18:47:08: [SM] Fatal error encountered parsing translation file "advadmin.phrases.txt"
L 11/15/2020 - 18:47:08: [SM] Error (line 0, column 0): Stream failed to open
L 11/15/2020 - 18:47:34: [SM] Exception reported: Array index out-of-bounds (index 64, limit 55)
L 11/15/2020 - 18:47:34: [SM] Blaming: weapon_restrict.smx
L 11/15/2020 - 18:47:34: [SM] Call stack trace:
L 11/15/2020 - 18:47:34: [SM]   [1] Line 202, restrictinc/events.sp::CS_OnBuyCommand
L 11/15/2020 - 18:47:57: [SM] Exception reported: Language phrase "Player_Connected_From" not found (arg 3)
L 11/15/2020 - 18:47:57: [SM] Blaming: advadmin.smx
L 11/15/2020 - 18:47:57: [SM] Call stack trace:
L 11/15/2020 - 18:47:57: [SM]   [0] VFormat
L 11/15/2020 - 18:47:57: [SM]   [1] Line 386, /groups/sourcemod/compiler-1.10/include/halflife.inc::PrintToChatAll
L 11/15/2020 - 18:47:57: [SM]   [2] Line 141, /home/groups/sourcemod/upload_tmp/phpRYtiXm.sp::OnClientAuthorized
L 11/15/2020 - 18:48:47: [SM] Exception reported: Array index out-of-bounds (index 64, limit 55)
L 11/15/2020 - 18:48:47: [SM] Blaming: weapon_restrict.smx
L 11/15/2020 - 18:48:47: [SM] Call stack trace:
L 11/15/2020 - 18:48:47: [SM]   [1] Line 202, restrictinc/events.sp::CS_OnBuyCommand
L 11/15/2020 - 18:50:52: [SM] Exception reported: Array index out-of-bounds (index 64, limit 55)
L 11/15/2020 - 18:50:52: [SM] Blaming: weapon_restrict.smx
L 11/15/2020 - 18:50:52: [SM] Call stack trace:
L 11/15/2020 - 18:50:52: [SM]   [1] Line 202, restrictinc/events.sp::CS_OnBuyCommand
L 11/15/2020 - 18:51:56: [SM] Exception reported: Array index out-of-bounds (index 64, limit 55)
L 11/15/2020 - 18:51:56: [SM] Blaming: weapon_restrict.smx
L 11/15/2020 - 18:51:56: [SM] Call stack trace:
L 11/15/2020 - 18:51:56: [SM]   [1] Line 202, restrictinc/events.sp::CS_OnBuyCommand
L 11/15/2020 - 18:56:53: [SM] Exception reported: Array index out-of-bounds (index 64, limit 55)
L 11/15/2020 - 18:56:53: [SM] Blaming: weapon_restrict.smx
L 11/15/2020 - 18:56:53: [SM] Call stack trace:
L 11/15/2020 - 18:56:53: [SM]   [1] Line 202, restrictinc/events.sp::CS_OnBuyCommand
L 11/15/2020 - 18:58:30: Error log file session closed.
L 11/15/2020 - 18:58:30: SourceMod error session started
L 11/15/2020 - 18:58:30: Info (map "de_overpass") (file "/home/tcagame/jackm1/527/csgo/addons/sourcemod/logs/errors_20201115.log")
L 11/15/2020 - 18:58:30: [SM] Fatal error encountered parsing translation file "advadmin.phrases.txt"
L 11/15/2020 - 18:58:30: [SM] Error (line 0, column 0): Stream failed to open
L 11/15/2020 - 18:59:16: [SM] Exception reported: Array index out-of-bounds (index 64, limit 55)
L 11/15/2020 - 18:59:16: [SM] Blaming: weapon_restrict.smx
L 11/15/2020 - 18:59:16: [SM] Call stack trace:
L 11/15/2020 - 18:59:16: [SM]   [1] Line 202, restrictinc/events.sp::CS_OnBuyCommand
L 11/15/2020 - 18:59:57: [SM] Exception reported: Array index out-of-bounds (index 64, limit 55)
L 11/15/2020 - 18:59:57: [SM] Blaming: weapon_restrict.smx
L 11/15/2020 - 18:59:57: [SM] Call stack trace:
L 11/15/2020 - 18:59:57: [SM]   [1] Line 202, restrictinc/events.sp::CS_OnBuyCommand
L 11/15/2020 - 19:00:28: [SM] Exception reported: Array index out-of-bounds (index 64, limit 55)
L 11/15/2020 - 19:00:28: [SM] Blaming: weapon_restrict.smx
L 11/15/2020 - 19:00:28: [SM] Call stack trace:
L 11/15/2020 - 19:00:28: [SM]   [1] Line 202, restrictinc/events.sp::CS_OnBuyCommand
L 11/15/2020 - 19:01:12: [SM] Exception reported: Array index out-of-bounds (index 64, limit 55)
L 11/15/2020 - 19:01:12: [SM] Blaming: weapon_restrict.smx
L 11/15/2020 - 19:01:12: [SM] Call stack trace:
L 11/15/2020 - 19:01:12: [SM]   [1] Line 202, restrictinc/events.sp::CS_OnBuyCommand
L 11/15/2020 - 19:03:26: [SM] Exception reported: Array index out-of-bounds (index 64, limit 55)
L 11/15/2020 - 19:03:26: [SM] Blaming: weapon_restrict.smx
L 11/15/2020 - 19:03:26: [SM] Call stack trace:
L 11/15/2020 - 19:03:26: [SM]   [1] Line 202, restrictinc/events.sp::CS_OnBuyCommand
L 11/15/2020 - 19:03:36: [SM] Exception reported: Array index out-of-bounds (index 64, limit 55)
L 11/15/2020 - 19:03:36: [SM] Blaming: weapon_restrict.smx
L 11/15/2020 - 19:03:36: [SM] Call stack trace:
L 11/15/2020 - 19:03:36: [SM]   [1] Line 202, restrictinc/events.sp::CS_OnBuyCommand
L 11/15/2020 - 19:04:15: [SM] Exception reported: Array index out-of-bounds (index 64, limit 55)
L 11/15/2020 - 19:04:15: [SM] Blaming: weapon_restrict.smx
L 11/15/2020 - 19:04:15: [SM] Call stack trace:
L 11/15/2020 - 19:04:15: [SM]   [1] Line 202, restrictinc/events.sp::CS_OnBuyCommand
L 11/15/2020 - 19:04:56: [SM] Exception reported: Array index out-of-bounds (index 64, limit 55)
L 11/15/2020 - 19:04:56: [SM] Blaming: weapon_restrict.smx
L 11/15/2020 - 19:04:56: [SM] Call stack trace:
L 11/15/2020 - 19:04:56: [SM]   [1] Line 202, restrictinc/events.sp::CS_OnBuyCommand
L 11/15/2020 - 19:08:25: [SM] Exception reported: Array index out-of-bounds (index 64, limit 55)
L 11/15/2020 - 19:08:25: [SM] Blaming: weapon_restrict.smx
L 11/15/2020 - 19:08:25: [SM] Call stack trace:
L 11/15/2020 - 19:08:25: [SM]   [1] Line 202, restrictinc/events.sp::CS_OnBuyCommand
L 11/15/2020 - 19:10:44: [SM] Exception reported: Array index out-of-bounds (index 64, limit 55)
L 11/15/2020 - 19:10:44: [SM] Blaming: weapon_restrict.smx
L 11/15/2020 - 19:10:44: [SM] Call stack trace:
L 11/15/2020 - 19:10:44: [SM]   [1] Line 202, restrictinc/events.sp::CS_OnBuyCommand
L 11/15/2020 - 19:13:39: [SM] Exception reported: Array index out-of-bounds (index 64, limit 55)
L 11/15/2020 - 19:13:39: [SM] Blaming: weapon_restrict.smx
L 11/15/2020 - 19:13:39: [SM] Call stack trace:
L 11/15/2020 - 19:13:39: [SM]   [1] Line 202, restrictinc/events.sp::CS_OnBuyCommand
L 11/15/2020 - 19:15:06: [SM] Exception reported: Array index out-of-bounds (index 64, limit 55)
L 11/15/2020 - 19:15:06: [SM] Blaming: weapon_restrict.smx
L 11/15/2020 - 19:15:06: [SM] Call stack trace:
L 11/15/2020 - 19:15:06: [SM]   [1] Line 202, restrictinc/events.sp::CS_OnBuyCommand
L 11/15/2020 - 19:15:58: [SM] Exception reported: Array index out-of-bounds (index 64, limit 55)
L 11/15/2020 - 19:15:58: [SM] Blaming: weapon_restrict.smx
L 11/15/2020 - 19:15:58: [SM] Call stack trace:
L 11/15/2020 - 19:15:58: [SM]   [1] Line 202, restrictinc/events.sp::CS_OnBuyCommand
L 11/15/2020 - 19:17:06: [SM] Exception reported: Array index out-of-bounds (index 64, limit 55)
L 11/15/2020 - 19:17:06: [SM] Blaming: weapon_restrict.smx
L 11/15/2020 - 19:17:06: [SM] Call stack trace:
L 11/15/2020 - 19:17:06: [SM]   [1] Line 202, restrictinc/events.sp::CS_OnBuyCommand
L 11/15/2020 - 19:17:35: [SM] Exception reported: Array index out-of-bounds (index 64, limit 55)
L 11/15/2020 - 19:17:35: [SM] Blaming: weapon_restrict.smx
L 11/15/2020 - 19:17:35: [SM] Call stack trace:
L 11/15/2020 - 19:17:35: [SM]   [1] Line 202, restrictinc/events.sp::CS_OnBuyCommand
L 11/15/2020 - 22:42:02: Error log file session closed.
L 11/15/2020 - 22:42:02: SourceMod error session started
L 11/15/2020 - 22:42:02: Info (map "de_overpass") (file "/home/tcagame/jackm1/527/csgo/addons/sourcemod/logs/errors_20201115.log")
L 11/15/2020 - 22:42:02: [SM] Fatal error encountered parsing translation file "advadmin.phrases.txt"
L 11/15/2020 - 22:42:02: [SM] Error (line 0, column 0): Stream failed to open
L 11/15/2020 - 22:42:23: [SM] Exception reported: Language phrase "Player_Connected_From" not found (arg 3)
L 11/15/2020 - 22:42:23: [SM] Blaming: advadmin.smx
L 11/15/2020 - 22:42:23: [SM] Call stack trace:
L 11/15/2020 - 22:42:23: [SM]   [0] VFormat
L 11/15/2020 - 22:42:23: [SM]   [1] Line 386, /groups/sourcemod/compiler-1.10/include/halflife.inc::PrintToChatAll
L 11/15/2020 - 22:42:23: [SM]   [2] Line 141, /home/groups/sourcemod/upload_tmp/phpRYtiXm.sp::OnClientAuthorized
L 11/15/2020 - 22:42:31: [SM] Exception reported: Array index out-of-bounds (index 64, limit 55)
L 11/15/2020 - 22:42:31: [SM] Blaming: weapon_restrict.smx
L 11/15/2020 - 22:42:31: [SM] Call stack trace:
L 11/15/2020 - 22:42:31: [SM]   [1] Line 202, restrictinc/events.sp::CS_OnBuyCommand
L 11/15/2020 - 22:43:18: [SM] Exception reported: Array index out-of-bounds (index 64, limit 55)
L 11/15/2020 - 22:43:18: [SM] Blaming: weapon_restrict.smx
L 11/15/2020 - 22:43:18: [SM] Call stack trace:
L 11/15/2020 - 22:43:18: [SM]   [1] Line 202, restrictinc/events.sp::CS_OnBuyCommand
L 11/15/2020 - 22:43:23: [SM] Exception reported: Array index out-of-bounds (index 64, limit 55)
L 11/15/2020 - 22:43:23: [SM] Blaming: weapon_restrict.smx
L 11/15/2020 - 22:43:23: [SM] Call stack trace:
L 11/15/2020 - 22:43:23: [SM]   [1] Line 202, restrictinc/events.sp::CS_OnBuyCommand
L 11/15/2020 - 22:44:12: [SM] Exception reported: Array index out-of-bounds (index 64, limit 55)
L 11/15/2020 - 22:44:12: [SM] Blaming: weapon_restrict.smx
L 11/15/2020 - 22:44:12: [SM] Call stack trace:
L 11/15/2020 - 22:44:12: [SM]   [1] Line 202, restrictinc/events.sp::CS_OnBuyCommand
L 11/15/2020 - 22:45:33: [SM] Exception reported: Array index out-of-bounds (index 64, limit 55)
L 11/15/2020 - 22:45:33: [SM] Blaming: weapon_restrict.smx
L 11/15/2020 - 22:45:33: [SM] Call stack trace:
L 11/15/2020 - 22:45:33: [SM]   [1] Line 202, restrictinc/events.sp::CS_OnBuyCommand
L 11/15/2020 - 22:45:35: [SM] Exception reported: Array index out-of-bounds (index 64, limit 55)
L 11/15/2020 - 22:45:35: [SM] Blaming: weapon_restrict.smx
L 11/15/2020 - 22:45:35: [SM] Call stack trace:
L 11/15/2020 - 22:45:35: [SM]   [1] Line 202, restrictinc/events.sp::CS_OnBuyCommand
L 11/15/2020 - 22:45:42: [SM] Exception reported: Array index out-of-bounds (index 64, limit 55)
L 11/15/2020 - 22:45:42: [SM] Blaming: weapon_restrict.smx
L 11/15/2020 - 22:45:42: [SM] Call stack trace:
L 11/15/2020 - 22:45:42: [SM]   [1] Line 202, restrictinc/events.sp::CS_OnBuyCommand
L 11/15/2020 - 22:45:45: [SM] Exception reported: Array index out-of-bounds (index 64, limit 55)
L 11/15/2020 - 22:45:45: [SM] Blaming: weapon_restrict.smx
L 11/15/2020 - 22:45:45: [SM] Call stack trace:
L 11/15/2020 - 22:45:45: [SM]   [1] Line 202, restrictinc/events.sp::CS_OnBuyCommand
L 11/15/2020 - 22:45:54: [SM] Exception reported: Array index out-of-bounds (index 64, limit 55)
L 11/15/2020 - 22:45:54: [SM] Blaming: weapon_restrict.smx
L 11/15/2020 - 22:45:54: [SM] Call stack trace:
L 11/15/2020 - 22:45:54: [SM]   [1] Line 202, restrictinc/events.sp::CS_OnBuyCommand
L 11/15/2020 - 22:47:13: [SM] Exception reported: Array index out-of-bounds (index 64, limit 55)
L 11/15/2020 - 22:47:13: [SM] Blaming: weapon_restrict.smx
L 11/15/2020 - 22:47:13: [SM] Call stack trace:
L 11/15/2020 - 22:47:13: [SM]   [1] Line 202, restrictinc/events.sp::CS_OnBuyCommand
L 11/15/2020 - 22:48:30: [SM] Exception reported: Array index out-of-bounds (index 64, limit 55)
L 11/15/2020 - 22:48:30: [SM] Blaming: weapon_restrict.smx
L 11/15/2020 - 22:48:30: [SM] Call stack trace:
L 11/15/2020 - 22:48:30: [SM]   [1] Line 202, restrictinc/events.sp::CS_OnBuyCommand
L 11/15/2020 - 22:50:00: [SM] Exception reported: Array index out-of-bounds (index 64, limit 55)
L 11/15/2020 - 22:50:00: [SM] Blaming: weapon_restrict.smx
L 11/15/2020 - 22:50:00: [SM] Call stack trace:
L 11/15/2020 - 22:50:00: [SM]   [1] Line 202, restrictinc/events.sp::CS_OnBuyCommand
L 11/15/2020 - 22:50:48: [SM] Exception reported: Array index out-of-bounds (index 64, limit 55)
L 11/15/2020 - 22:50:48: [SM] Blaming: weapon_restrict.smx
L 11/15/2020 - 22:50:48: [SM] Call stack trace:
L 11/15/2020 - 22:50:48: [SM]   [1] Line 202, restrictinc/events.sp::CS_OnBuyCommand
L 11/15/2020 - 22:51:57: [SM] Exception reported: Array index out-of-bounds (index 64, limit 55)
L 11/15/2020 - 22:51:57: [SM] Blaming: weapon_restrict.smx
L 11/15/2020 - 22:51:57: [SM] Call stack trace:
L 11/15/2020 - 22:51:57: [SM]   [1] Line 202, restrictinc/events.sp::CS_OnBuyCommand
L 11/15/2020 - 22:53:33: [SM] Exception reported: Array index out-of-bounds (index 64, limit 55)
L 11/15/2020 - 22:53:33: [SM] Blaming: weapon_restrict.smx
L 11/15/2020 - 22:53:33: [SM] Call stack trace:
L 11/15/2020 - 22:53:33: [SM]   [1] Line 202, restrictinc/events.sp::CS_OnBuyCommand
L 11/15/2020 - 22:58:05: [SM] Exception reported: Array index out-of-bounds (index 64, limit 55)
L 11/15/2020 - 22:58:05: [SM] Blaming: weapon_restrict.smx
L 11/15/2020 - 22:58:05: [SM] Call stack trace:
L 11/15/2020 - 22:58:05: [SM]   [1] Line 202, restrictinc/events.sp::CS_OnBuyCommand
L 11/15/2020 - 23:03:18: [SM] Exception reported: Array index out-of-bounds (index 64, limit 55)
L 11/15/2020 - 23:03:18: [SM] Blaming: weapon_restrict.smx
L 11/15/2020 - 23:03:18: [SM] Call stack trace:
L 11/15/2020 - 23:03:18: [SM]   [1] Line 202, restrictinc/events.sp::CS_OnBuyCommand
L 11/15/2020 - 23:04:40: [SM] Exception reported: Language phrase "Player_Connected_From" not found (arg 3)
L 11/15/2020 - 23:04:40: [SM] Blaming: advadmin.smx
L 11/15/2020 - 23:04:40: [SM] Call stack trace:
L 11/15/2020 - 23:04:40: [SM]   [0] VFormat
L 11/15/2020 - 23:04:40: [SM]   [1] Line 386, /groups/sourcemod/compiler-1.10/include/halflife.inc::PrintToChatAll
L 11/15/2020 - 23:04:40: [SM]   [2] Line 141, /home/groups/sourcemod/upload_tmp/phpRYtiXm.sp::OnClientAuthorized
L 11/15/2020 - 23:06:14: [SM] Exception reported: Array index out-of-bounds (index 64, limit 55)
L 11/15/2020 - 23:06:14: [SM] Blaming: weapon_restrict.smx
L 11/15/2020 - 23:06:14: [SM] Call stack trace:
L 11/15/2020 - 23:06:14: [SM]   [1] Line 202, restrictinc/events.sp::CS_OnBuyCommand
L 11/15/2020 - 23:06:17: [SM] Exception reported: Array index out-of-bounds (index 64, limit 55)
L 11/15/2020 - 23:06:17: [SM] Blaming: weapon_restrict.smx
L 11/15/2020 - 23:06:17: [SM] Call stack trace:
L 11/15/2020 - 23:06:17: [SM]   [1] Line 202, restrictinc/events.sp::CS_OnBuyCommand
L 11/15/2020 - 23:07:06: [SM] Exception reported: Array index out-of-bounds (index 64, limit 55)
L 11/15/2020 - 23:07:06: [SM] Blaming: weapon_restrict.smx
L 11/15/2020 - 23:07:06: [SM] Call stack trace:
L 11/15/2020 - 23:07:06: [SM]   [1] Line 202, restrictinc/events.sp::CS_OnBuyCommand
L 11/15/2020 - 23:08:15: [SM] Exception reported: Array index out-of-bounds (index 64, limit 55)
L 11/15/2020 - 23:08:15: [SM] Blaming: weapon_restrict.smx
L 11/15/2020 - 23:08:15: [SM] Call stack trace:
L 11/15/2020 - 23:08:15: [SM]   [1] Line 202, restrictinc/events.sp::CS_OnBuyCommand
L 11/15/2020 - 23:08:32: [SM] Exception reported: Array index out-of-bounds (index 64, limit 55)
L 11/15/2020 - 23:08:32: [SM] Blaming: weapon_restrict.smx
L 11/15/2020 - 23:08:32: [SM] Call stack trace:
L 11/15/2020 - 23:08:32: [SM]   [1] Line 202, restrictinc/events.sp::CS_OnBuyCommand
L 11/15/2020 - 23:09:16: [SM] Exception reported: Array index out-of-bounds (index 64, limit 55)
L 11/15/2020 - 23:09:16: [SM] Blaming: weapon_restrict.smx
L 11/15/2020 - 23:09:16: [SM] Call stack trace:
L 11/15/2020 - 23:09:16: [SM]   [1] Line 202, restrictinc/events.sp::CS_OnBuyCommand
L 11/15/2020 - 23:12:36: [SM] Exception reported: Array index out-of-bounds (index 64, limit 55)
L 11/15/2020 - 23:12:36: [SM] Blaming: weapon_restrict.smx
L 11/15/2020 - 23:12:36: [SM] Call stack trace:
L 11/15/2020 - 23:12:36: [SM]   [1] Line 202, restrictinc/events.sp::CS_OnBuyCommand
L 11/16/2020 - 10:27:59: Error log file session closed.
