L 01/11/2021 - 17:08:44: SourceMod error session started
L 01/11/2021 - 17:08:44: Info (map "de_mirage") (file "/home/tcagame/jackm1/599/csgo/addons/sourcemod/logs/errors_20210111.log")
L 01/11/2021 - 17:08:44: [SM] Fatal error encountered parsing translation file "advadmin.phrases.txt"
L 01/11/2021 - 17:08:44: [SM] Error (line 0, column 0): Stream failed to open
L 01/11/2021 - 17:10:24: Error log file session closed.
L 01/11/2021 - 17:17:57: SourceMod error session started
L 01/11/2021 - 17:17:57: Info (map "de_mirage") (file "/home/tcagame/jackm1/599/csgo/addons/sourcemod/logs/errors_20210111.log")
L 01/11/2021 - 17:17:57: [SM] Fatal error encountered parsing translation file "advadmin.phrases.txt"
L 01/11/2021 - 17:17:57: [SM] Error (line 0, column 0): Stream failed to open
L 01/11/2021 - 17:18:03: Error log file session closed.
L 01/11/2021 - 17:18:03: SourceMod error session started
L 01/11/2021 - 17:18:03: Info (map "de_mirage") (file "/home/tcagame/jackm1/599/csgo/addons/sourcemod/logs/errors_20210111.log")
L 01/11/2021 - 17:18:03: [SM] Fatal error encountered parsing translation file "advadmin.phrases.txt"
L 01/11/2021 - 17:18:03: [SM] Error (line 0, column 0): Stream failed to open
L 01/11/2021 - 17:18:04: [SM] Exception reported: Language phrase "Player_Connected" not found (arg 3)
L 01/11/2021 - 17:18:04: [SM] Blaming: advadmin.smx
L 01/11/2021 - 17:18:04: [SM] Call stack trace:
L 01/11/2021 - 17:18:04: [SM]   [0] VFormat
L 01/11/2021 - 17:18:04: [SM]   [1] Line 386, /groups/sourcemod/compiler-1.10/include/halflife.inc::PrintToChatAll
L 01/11/2021 - 17:18:04: [SM]   [2] Line 145, /home/groups/sourcemod/upload_tmp/phpRYtiXm.sp::OnClientAuthorized
L 01/11/2021 - 17:18:05: [SM] Exception reported: Language phrase "Player_Connected_From" not found (arg 3)
L 01/11/2021 - 17:18:05: [SM] Blaming: advadmin.smx
L 01/11/2021 - 17:18:05: [SM] Call stack trace:
L 01/11/2021 - 17:18:05: [SM]   [0] VFormat
L 01/11/2021 - 17:18:05: [SM]   [1] Line 386, /groups/sourcemod/compiler-1.10/include/halflife.inc::PrintToChatAll
L 01/11/2021 - 17:18:05: [SM]   [2] Line 141, /home/groups/sourcemod/upload_tmp/phpRYtiXm.sp::OnClientAuthorized
L 01/11/2021 - 17:18:18: [SM] Exception reported: Language phrase "Player_Connected" not found (arg 3)
L 01/11/2021 - 17:18:18: [SM] Blaming: advadmin.smx
L 01/11/2021 - 17:18:18: [SM] Call stack trace:
L 01/11/2021 - 17:18:18: [SM]   [0] VFormat
L 01/11/2021 - 17:18:18: [SM]   [1] Line 386, /groups/sourcemod/compiler-1.10/include/halflife.inc::PrintToChatAll
L 01/11/2021 - 17:18:18: [SM]   [2] Line 145, /home/groups/sourcemod/upload_tmp/phpRYtiXm.sp::OnClientAuthorized
L 01/11/2021 - 17:18:18: [SM] Exception reported: Language phrase "Player_Connected" not found (arg 3)
L 01/11/2021 - 17:18:18: [SM] Blaming: advadmin.smx
L 01/11/2021 - 17:18:18: [SM] Call stack trace:
L 01/11/2021 - 17:18:18: [SM]   [0] VFormat
L 01/11/2021 - 17:18:18: [SM]   [1] Line 386, /groups/sourcemod/compiler-1.10/include/halflife.inc::PrintToChatAll
L 01/11/2021 - 17:18:18: [SM]   [2] Line 145, /home/groups/sourcemod/upload_tmp/phpRYtiXm.sp::OnClientAuthorized
L 01/11/2021 - 17:22:09: [SM] Exception reported: Language phrase "Player_Connected" not found (arg 3)
L 01/11/2021 - 17:22:09: [SM] Blaming: advadmin.smx
L 01/11/2021 - 17:22:09: [SM] Call stack trace:
L 01/11/2021 - 17:22:09: [SM]   [0] VFormat
L 01/11/2021 - 17:22:09: [SM]   [1] Line 386, /groups/sourcemod/compiler-1.10/include/halflife.inc::PrintToChatAll
L 01/11/2021 - 17:22:09: [SM]   [2] Line 145, /home/groups/sourcemod/upload_tmp/phpRYtiXm.sp::OnClientAuthorized
L 01/11/2021 - 17:22:09: [SM] Exception reported: Language phrase "Player_Connected" not found (arg 3)
L 01/11/2021 - 17:22:09: [SM] Blaming: advadmin.smx
L 01/11/2021 - 17:22:09: [SM] Call stack trace:
L 01/11/2021 - 17:22:09: [SM]   [0] VFormat
L 01/11/2021 - 17:22:09: [SM]   [1] Line 386, /groups/sourcemod/compiler-1.10/include/halflife.inc::PrintToChatAll
L 01/11/2021 - 17:22:09: [SM]   [2] Line 145, /home/groups/sourcemod/upload_tmp/phpRYtiXm.sp::OnClientAuthorized
L 01/11/2021 - 17:22:11: [SM] Exception reported: Language phrase "Player_Connected_From" not found (arg 3)
L 01/11/2021 - 17:22:11: [SM] Blaming: advadmin.smx
L 01/11/2021 - 17:22:11: [SM] Call stack trace:
L 01/11/2021 - 17:22:11: [SM]   [0] VFormat
L 01/11/2021 - 17:22:11: [SM]   [1] Line 386, /groups/sourcemod/compiler-1.10/include/halflife.inc::PrintToChatAll
L 01/11/2021 - 17:22:11: [SM]   [2] Line 141, /home/groups/sourcemod/upload_tmp/phpRYtiXm.sp::OnClientAuthorized
L 01/11/2021 - 17:23:09: [SM] Exception reported: Language phrase "Player_Connected" not found (arg 3)
L 01/11/2021 - 17:23:09: [SM] Blaming: advadmin.smx
L 01/11/2021 - 17:23:09: [SM] Call stack trace:
L 01/11/2021 - 17:23:09: [SM]   [0] VFormat
L 01/11/2021 - 17:23:09: [SM]   [1] Line 386, /groups/sourcemod/compiler-1.10/include/halflife.inc::PrintToChatAll
L 01/11/2021 - 17:23:09: [SM]   [2] Line 145, /home/groups/sourcemod/upload_tmp/phpRYtiXm.sp::OnClientAuthorized
L 01/11/2021 - 17:23:09: [SM] Exception reported: Language phrase "Player_Connected" not found (arg 3)
L 01/11/2021 - 17:23:09: [SM] Blaming: advadmin.smx
L 01/11/2021 - 17:23:09: [SM] Call stack trace:
L 01/11/2021 - 17:23:09: [SM]   [0] VFormat
L 01/11/2021 - 17:23:09: [SM]   [1] Line 386, /groups/sourcemod/compiler-1.10/include/halflife.inc::PrintToChatAll
L 01/11/2021 - 17:23:09: [SM]   [2] Line 145, /home/groups/sourcemod/upload_tmp/phpRYtiXm.sp::OnClientAuthorized
L 01/11/2021 - 17:23:10: [SM] Exception reported: Language phrase "Player_Connected_From" not found (arg 3)
L 01/11/2021 - 17:23:10: [SM] Blaming: advadmin.smx
L 01/11/2021 - 17:23:10: [SM] Call stack trace:
L 01/11/2021 - 17:23:10: [SM]   [0] VFormat
L 01/11/2021 - 17:23:10: [SM]   [1] Line 386, /groups/sourcemod/compiler-1.10/include/halflife.inc::PrintToChatAll
L 01/11/2021 - 17:23:10: [SM]   [2] Line 141, /home/groups/sourcemod/upload_tmp/phpRYtiXm.sp::OnClientAuthorized
L 01/11/2021 - 17:23:34: [SM] Exception reported: Language phrase "Player_Connected_From" not found (arg 3)
L 01/11/2021 - 17:23:34: [SM] Blaming: advadmin.smx
L 01/11/2021 - 17:23:34: [SM] Call stack trace:
L 01/11/2021 - 17:23:34: [SM]   [0] VFormat
L 01/11/2021 - 17:23:34: [SM]   [1] Line 386, /groups/sourcemod/compiler-1.10/include/halflife.inc::PrintToChatAll
L 01/11/2021 - 17:23:34: [SM]   [2] Line 141, /home/groups/sourcemod/upload_tmp/phpRYtiXm.sp::OnClientAuthorized
L 01/11/2021 - 17:23:49: [SM] Exception reported: Language phrase "Player_Connected" not found (arg 3)
L 01/11/2021 - 17:23:49: [SM] Blaming: advadmin.smx
L 01/11/2021 - 17:23:49: [SM] Call stack trace:
L 01/11/2021 - 17:23:49: [SM]   [0] VFormat
L 01/11/2021 - 17:23:49: [SM]   [1] Line 386, /groups/sourcemod/compiler-1.10/include/halflife.inc::PrintToChatAll
L 01/11/2021 - 17:23:49: [SM]   [2] Line 145, /home/groups/sourcemod/upload_tmp/phpRYtiXm.sp::OnClientAuthorized
L 01/11/2021 - 17:24:06: [SM] Exception reported: Array index out-of-bounds (index 64, limit 55)
L 01/11/2021 - 17:24:06: [SM] Blaming: weapon_restrict.smx
L 01/11/2021 - 17:24:06: [SM] Call stack trace:
L 01/11/2021 - 17:24:06: [SM]   [1] Line 202, restrictinc/events.sp::CS_OnBuyCommand
L 01/11/2021 - 17:24:59: [SM] Exception reported: Language phrase "Player_Connected" not found (arg 3)
L 01/11/2021 - 17:24:59: [SM] Blaming: advadmin.smx
L 01/11/2021 - 17:24:59: [SM] Call stack trace:
L 01/11/2021 - 17:24:59: [SM]   [0] VFormat
L 01/11/2021 - 17:24:59: [SM]   [1] Line 386, /groups/sourcemod/compiler-1.10/include/halflife.inc::PrintToChatAll
L 01/11/2021 - 17:24:59: [SM]   [2] Line 145, /home/groups/sourcemod/upload_tmp/phpRYtiXm.sp::OnClientAuthorized
L 01/11/2021 - 17:25:21: [SM] Exception reported: Language phrase "Player_Connected" not found (arg 3)
L 01/11/2021 - 17:25:21: [SM] Blaming: advadmin.smx
L 01/11/2021 - 17:25:21: [SM] Call stack trace:
L 01/11/2021 - 17:25:21: [SM]   [0] VFormat
L 01/11/2021 - 17:25:21: [SM]   [1] Line 386, /groups/sourcemod/compiler-1.10/include/halflife.inc::PrintToChatAll
L 01/11/2021 - 17:25:21: [SM]   [2] Line 145, /home/groups/sourcemod/upload_tmp/phpRYtiXm.sp::OnClientAuthorized
L 01/11/2021 - 17:26:42: [SM] Exception reported: Array index out-of-bounds (index 64, limit 55)
L 01/11/2021 - 17:26:42: [SM] Blaming: weapon_restrict.smx
L 01/11/2021 - 17:26:42: [SM] Call stack trace:
L 01/11/2021 - 17:26:42: [SM]   [1] Line 202, restrictinc/events.sp::CS_OnBuyCommand
L 01/11/2021 - 17:28:14: [SM] Exception reported: Array index out-of-bounds (index 64, limit 55)
L 01/11/2021 - 17:28:14: [SM] Blaming: weapon_restrict.smx
L 01/11/2021 - 17:28:14: [SM] Call stack trace:
L 01/11/2021 - 17:28:14: [SM]   [1] Line 202, restrictinc/events.sp::CS_OnBuyCommand
L 01/11/2021 - 17:28:19: [SM] Exception reported: Array index out-of-bounds (index 64, limit 55)
L 01/11/2021 - 17:28:19: [SM] Blaming: weapon_restrict.smx
L 01/11/2021 - 17:28:19: [SM] Call stack trace:
L 01/11/2021 - 17:28:19: [SM]   [1] Line 202, restrictinc/events.sp::CS_OnBuyCommand
L 01/11/2021 - 17:28:21: [SM] Exception reported: Array index out-of-bounds (index 64, limit 55)
L 01/11/2021 - 17:28:21: [SM] Blaming: weapon_restrict.smx
L 01/11/2021 - 17:28:21: [SM] Call stack trace:
L 01/11/2021 - 17:28:21: [SM]   [1] Line 202, restrictinc/events.sp::CS_OnBuyCommand
L 01/11/2021 - 17:28:22: [SM] Exception reported: Array index out-of-bounds (index 64, limit 55)
L 01/11/2021 - 17:28:22: [SM] Blaming: weapon_restrict.smx
L 01/11/2021 - 17:28:22: [SM] Call stack trace:
L 01/11/2021 - 17:28:22: [SM]   [1] Line 202, restrictinc/events.sp::CS_OnBuyCommand
L 01/11/2021 - 17:28:25: [SM] Exception reported: Array index out-of-bounds (index 64, limit 55)
L 01/11/2021 - 17:28:25: [SM] Blaming: weapon_restrict.smx
L 01/11/2021 - 17:28:25: [SM] Call stack trace:
L 01/11/2021 - 17:28:25: [SM]   [1] Line 202, restrictinc/events.sp::CS_OnBuyCommand
L 01/11/2021 - 17:28:30: [SM] Exception reported: Array index out-of-bounds (index 64, limit 55)
L 01/11/2021 - 17:28:30: [SM] Blaming: weapon_restrict.smx
L 01/11/2021 - 17:28:30: [SM] Call stack trace:
L 01/11/2021 - 17:28:30: [SM]   [1] Line 202, restrictinc/events.sp::CS_OnBuyCommand
L 01/11/2021 - 17:28:39: [SM] Exception reported: Array index out-of-bounds (index 64, limit 55)
L 01/11/2021 - 17:28:39: [SM] Blaming: weapon_restrict.smx
L 01/11/2021 - 17:28:39: [SM] Call stack trace:
L 01/11/2021 - 17:28:39: [SM]   [1] Line 202, restrictinc/events.sp::CS_OnBuyCommand
L 01/11/2021 - 17:30:16: [SM] Exception reported: Array index out-of-bounds (index 64, limit 55)
L 01/11/2021 - 17:30:16: [SM] Blaming: weapon_restrict.smx
L 01/11/2021 - 17:30:16: [SM] Call stack trace:
L 01/11/2021 - 17:30:16: [SM]   [1] Line 202, restrictinc/events.sp::CS_OnBuyCommand
L 01/11/2021 - 17:31:24: [SM] Exception reported: Array index out-of-bounds (index 64, limit 55)
L 01/11/2021 - 17:31:24: [SM] Blaming: weapon_restrict.smx
L 01/11/2021 - 17:31:24: [SM] Call stack trace:
L 01/11/2021 - 17:31:24: [SM]   [1] Line 202, restrictinc/events.sp::CS_OnBuyCommand
L 01/11/2021 - 17:36:06: [SM] Exception reported: Array index out-of-bounds (index 64, limit 55)
L 01/11/2021 - 17:36:06: [SM] Blaming: weapon_restrict.smx
L 01/11/2021 - 17:36:06: [SM] Call stack trace:
L 01/11/2021 - 17:36:06: [SM]   [1] Line 202, restrictinc/events.sp::CS_OnBuyCommand
L 01/11/2021 - 17:37:24: [SM] Exception reported: Array index out-of-bounds (index 64, limit 55)
L 01/11/2021 - 17:37:24: [SM] Blaming: weapon_restrict.smx
L 01/11/2021 - 17:37:24: [SM] Call stack trace:
L 01/11/2021 - 17:37:24: [SM]   [1] Line 202, restrictinc/events.sp::CS_OnBuyCommand
L 01/11/2021 - 17:40:16: [SM] Exception reported: Array index out-of-bounds (index 64, limit 55)
L 01/11/2021 - 17:40:16: [SM] Blaming: weapon_restrict.smx
L 01/11/2021 - 17:40:16: [SM] Call stack trace:
L 01/11/2021 - 17:40:16: [SM]   [1] Line 202, restrictinc/events.sp::CS_OnBuyCommand
L 01/11/2021 - 17:45:04: [SM] Exception reported: Array index out-of-bounds (index 64, limit 55)
L 01/11/2021 - 17:45:04: [SM] Blaming: weapon_restrict.smx
L 01/11/2021 - 17:45:04: [SM] Call stack trace:
L 01/11/2021 - 17:45:04: [SM]   [1] Line 202, restrictinc/events.sp::CS_OnBuyCommand
L 01/11/2021 - 17:45:07: [SM] Exception reported: Array index out-of-bounds (index 64, limit 55)
L 01/11/2021 - 17:45:07: [SM] Blaming: weapon_restrict.smx
L 01/11/2021 - 17:45:07: [SM] Call stack trace:
L 01/11/2021 - 17:45:07: [SM]   [1] Line 202, restrictinc/events.sp::CS_OnBuyCommand
L 01/11/2021 - 17:46:39: [SM] Exception reported: Array index out-of-bounds (index 64, limit 55)
L 01/11/2021 - 17:46:39: [SM] Blaming: weapon_restrict.smx
L 01/11/2021 - 17:46:39: [SM] Call stack trace:
L 01/11/2021 - 17:46:39: [SM]   [1] Line 202, restrictinc/events.sp::CS_OnBuyCommand
L 01/11/2021 - 17:48:12: [SM] Exception reported: Array index out-of-bounds (index 64, limit 55)
L 01/11/2021 - 17:48:12: [SM] Blaming: weapon_restrict.smx
L 01/11/2021 - 17:48:12: [SM] Call stack trace:
L 01/11/2021 - 17:48:12: [SM]   [1] Line 202, restrictinc/events.sp::CS_OnBuyCommand
L 01/11/2021 - 17:48:15: [SM] Exception reported: Array index out-of-bounds (index 64, limit 55)
L 01/11/2021 - 17:48:15: [SM] Blaming: weapon_restrict.smx
L 01/11/2021 - 17:48:15: [SM] Call stack trace:
L 01/11/2021 - 17:48:15: [SM]   [1] Line 202, restrictinc/events.sp::CS_OnBuyCommand
L 01/11/2021 - 17:51:26: [SM] Exception reported: Array index out-of-bounds (index 64, limit 55)
L 01/11/2021 - 17:51:26: [SM] Blaming: weapon_restrict.smx
L 01/11/2021 - 17:51:26: [SM] Call stack trace:
L 01/11/2021 - 17:51:26: [SM]   [1] Line 202, restrictinc/events.sp::CS_OnBuyCommand
L 01/11/2021 - 17:51:27: [SM] Exception reported: Array index out-of-bounds (index 64, limit 55)
L 01/11/2021 - 17:51:27: [SM] Blaming: weapon_restrict.smx
L 01/11/2021 - 17:51:27: [SM] Call stack trace:
L 01/11/2021 - 17:51:27: [SM]   [1] Line 202, restrictinc/events.sp::CS_OnBuyCommand
L 01/11/2021 - 17:51:37: [SM] Exception reported: Array index out-of-bounds (index 64, limit 55)
L 01/11/2021 - 17:51:37: [SM] Blaming: weapon_restrict.smx
L 01/11/2021 - 17:51:37: [SM] Call stack trace:
L 01/11/2021 - 17:51:37: [SM]   [1] Line 202, restrictinc/events.sp::CS_OnBuyCommand
L 01/11/2021 - 17:52:56: [SM] Exception reported: Array index out-of-bounds (index 64, limit 55)
L 01/11/2021 - 17:52:56: [SM] Blaming: weapon_restrict.smx
L 01/11/2021 - 17:52:56: [SM] Call stack trace:
L 01/11/2021 - 17:52:56: [SM]   [1] Line 202, restrictinc/events.sp::CS_OnBuyCommand
L 01/11/2021 - 17:52:58: [SM] Exception reported: Array index out-of-bounds (index 64, limit 55)
L 01/11/2021 - 17:52:58: [SM] Blaming: weapon_restrict.smx
L 01/11/2021 - 17:52:58: [SM] Call stack trace:
L 01/11/2021 - 17:52:58: [SM]   [1] Line 202, restrictinc/events.sp::CS_OnBuyCommand
L 01/11/2021 - 17:53:58: [SM] Exception reported: Array index out-of-bounds (index 64, limit 55)
L 01/11/2021 - 17:53:58: [SM] Blaming: weapon_restrict.smx
L 01/11/2021 - 17:53:58: [SM] Call stack trace:
L 01/11/2021 - 17:53:58: [SM]   [1] Line 202, restrictinc/events.sp::CS_OnBuyCommand
L 01/11/2021 - 17:54:57: [SM] Exception reported: Array index out-of-bounds (index 64, limit 55)
L 01/11/2021 - 17:54:57: [SM] Blaming: weapon_restrict.smx
L 01/11/2021 - 17:54:57: [SM] Call stack trace:
L 01/11/2021 - 17:54:57: [SM]   [1] Line 202, restrictinc/events.sp::CS_OnBuyCommand
L 01/11/2021 - 17:56:27: [SM] Exception reported: Array index out-of-bounds (index 64, limit 55)
L 01/11/2021 - 17:56:27: [SM] Blaming: weapon_restrict.smx
L 01/11/2021 - 17:56:27: [SM] Call stack trace:
L 01/11/2021 - 17:56:27: [SM]   [1] Line 202, restrictinc/events.sp::CS_OnBuyCommand
L 01/11/2021 - 17:58:16: [SM] Exception reported: Array index out-of-bounds (index 64, limit 55)
L 01/11/2021 - 17:58:16: [SM] Blaming: weapon_restrict.smx
L 01/11/2021 - 17:58:16: [SM] Call stack trace:
L 01/11/2021 - 17:58:16: [SM]   [1] Line 202, restrictinc/events.sp::CS_OnBuyCommand
L 01/11/2021 - 17:59:08: [SM] Exception reported: Array index out-of-bounds (index 64, limit 55)
L 01/11/2021 - 17:59:08: [SM] Blaming: weapon_restrict.smx
L 01/11/2021 - 17:59:08: [SM] Call stack trace:
L 01/11/2021 - 17:59:08: [SM]   [1] Line 202, restrictinc/events.sp::CS_OnBuyCommand
