L 07/26/2020 - 00:00:33: SourceMod error session started
L 07/26/2020 - 00:00:33: Info (map "de_inferno") (file "/home/tcagame/jackm1/488/csgo/addons/sourcemod/logs/errors_20200726.log")
L 07/26/2020 - 00:00:33: [SM] Exception reported: Array index out-of-bounds (index 64, limit 55)
L 07/26/2020 - 00:00:33: [SM] Blaming: weapon_restrict.smx
L 07/26/2020 - 00:00:33: [SM] Call stack trace:
L 07/26/2020 - 00:00:33: [SM]   [1] Line 202, restrictinc/events.sp::CS_OnBuyCommand
L 07/26/2020 - 00:16:29: [SM] Exception reported: Array index out-of-bounds (index 64, limit 55)
L 07/26/2020 - 00:16:29: [SM] Blaming: weapon_restrict.smx
L 07/26/2020 - 00:16:29: [SM] Call stack trace:
L 07/26/2020 - 00:16:29: [SM]   [1] Line 202, restrictinc/events.sp::CS_OnBuyCommand
L 07/26/2020 - 00:16:29: [SM] Exception reported: Array index out-of-bounds (index 64, limit 55)
L 07/26/2020 - 00:16:29: [SM] Blaming: weapon_restrict.smx
L 07/26/2020 - 00:16:29: [SM] Call stack trace:
L 07/26/2020 - 00:16:29: [SM]   [1] Line 202, restrictinc/events.sp::CS_OnBuyCommand
L 07/26/2020 - 00:17:31: [SM] Exception reported: Array index out-of-bounds (index 64, limit 55)
L 07/26/2020 - 00:17:31: [SM] Blaming: weapon_restrict.smx
L 07/26/2020 - 00:17:31: [SM] Call stack trace:
L 07/26/2020 - 00:17:31: [SM]   [1] Line 202, restrictinc/events.sp::CS_OnBuyCommand
L 07/26/2020 - 00:28:40: [SM] Exception reported: Language phrase "Player_Connected" not found (arg 3)
L 07/26/2020 - 00:28:40: [SM] Blaming: advadmin.smx
L 07/26/2020 - 00:28:40: [SM] Call stack trace:
L 07/26/2020 - 00:28:40: [SM]   [0] VFormat
L 07/26/2020 - 00:28:40: [SM]   [1] Line 386, /groups/sourcemod/compiler-1.10/include/halflife.inc::PrintToChatAll
L 07/26/2020 - 00:28:40: [SM]   [2] Line 145, /home/groups/sourcemod/upload_tmp/phpRYtiXm.sp::OnClientAuthorized
L 07/26/2020 - 01:03:55: [SM] Exception reported: Array index out-of-bounds (index 64, limit 55)
L 07/26/2020 - 01:03:55: [SM] Blaming: weapon_restrict.smx
L 07/26/2020 - 01:03:55: [SM] Call stack trace:
L 07/26/2020 - 01:03:55: [SM]   [1] Line 202, restrictinc/events.sp::CS_OnBuyCommand
L 07/26/2020 - 01:44:38: Error log file session closed.
L 07/26/2020 - 01:44:38: SourceMod error session started
L 07/26/2020 - 01:44:38: Info (map "de_inferno") (file "/home/tcagame/jackm1/488/csgo/addons/sourcemod/logs/errors_20200726.log")
L 07/26/2020 - 01:44:38: [SM] Fatal error encountered parsing translation file "advadmin.phrases.txt"
L 07/26/2020 - 01:44:38: [SM] Error (line 0, column 0): Stream failed to open
L 07/26/2020 - 01:46:15: [SM] Exception reported: Language phrase "Player_Connected_From" not found (arg 3)
L 07/26/2020 - 01:46:15: [SM] Blaming: advadmin.smx
L 07/26/2020 - 01:46:15: [SM] Call stack trace:
L 07/26/2020 - 01:46:15: [SM]   [0] VFormat
L 07/26/2020 - 01:46:15: [SM]   [1] Line 386, /groups/sourcemod/compiler-1.10/include/halflife.inc::PrintToChatAll
L 07/26/2020 - 01:46:15: [SM]   [2] Line 141, /home/groups/sourcemod/upload_tmp/phpRYtiXm.sp::OnClientAuthorized
L 07/26/2020 - 01:47:27: [SM] Exception reported: Array index out-of-bounds (index 64, limit 55)
L 07/26/2020 - 01:47:27: [SM] Blaming: weapon_restrict.smx
L 07/26/2020 - 01:47:27: [SM] Call stack trace:
L 07/26/2020 - 01:47:27: [SM]   [1] Line 202, restrictinc/events.sp::CS_OnBuyCommand
L 07/26/2020 - 01:49:27: [SM] Exception reported: Array index out-of-bounds (index 64, limit 55)
L 07/26/2020 - 01:49:27: [SM] Blaming: weapon_restrict.smx
L 07/26/2020 - 01:49:27: [SM] Call stack trace:
L 07/26/2020 - 01:49:27: [SM]   [1] Line 202, restrictinc/events.sp::CS_OnBuyCommand
L 07/26/2020 - 01:49:40: [SM] Exception reported: Array index out-of-bounds (index 64, limit 55)
L 07/26/2020 - 01:49:40: [SM] Blaming: weapon_restrict.smx
L 07/26/2020 - 01:49:40: [SM] Call stack trace:
L 07/26/2020 - 01:49:40: [SM]   [1] Line 202, restrictinc/events.sp::CS_OnBuyCommand
L 07/26/2020 - 01:51:09: [SM] Exception reported: Array index out-of-bounds (index 64, limit 55)
L 07/26/2020 - 01:51:09: [SM] Blaming: weapon_restrict.smx
L 07/26/2020 - 01:51:09: [SM] Call stack trace:
L 07/26/2020 - 01:51:09: [SM]   [1] Line 202, restrictinc/events.sp::CS_OnBuyCommand
L 07/26/2020 - 01:51:46: [SM] Exception reported: Array index out-of-bounds (index 64, limit 55)
L 07/26/2020 - 01:51:46: [SM] Blaming: weapon_restrict.smx
L 07/26/2020 - 01:51:46: [SM] Call stack trace:
L 07/26/2020 - 01:51:46: [SM]   [1] Line 202, restrictinc/events.sp::CS_OnBuyCommand
L 07/26/2020 - 01:54:40: [SM] Exception reported: Array index out-of-bounds (index 64, limit 55)
L 07/26/2020 - 01:54:40: [SM] Blaming: weapon_restrict.smx
L 07/26/2020 - 01:54:40: [SM] Call stack trace:
L 07/26/2020 - 01:54:40: [SM]   [1] Line 202, restrictinc/events.sp::CS_OnBuyCommand
L 07/26/2020 - 01:55:08: [SM] Exception reported: Array index out-of-bounds (index 64, limit 55)
L 07/26/2020 - 01:55:08: [SM] Blaming: weapon_restrict.smx
L 07/26/2020 - 01:55:08: [SM] Call stack trace:
L 07/26/2020 - 01:55:08: [SM]   [1] Line 202, restrictinc/events.sp::CS_OnBuyCommand
L 07/26/2020 - 01:56:02: [SM] Exception reported: Array index out-of-bounds (index 64, limit 55)
L 07/26/2020 - 01:56:02: [SM] Blaming: weapon_restrict.smx
L 07/26/2020 - 01:56:02: [SM] Call stack trace:
L 07/26/2020 - 01:56:02: [SM]   [1] Line 202, restrictinc/events.sp::CS_OnBuyCommand
L 07/26/2020 - 01:56:12: [SM] Exception reported: Array index out-of-bounds (index 64, limit 55)
L 07/26/2020 - 01:56:12: [SM] Blaming: weapon_restrict.smx
L 07/26/2020 - 01:56:12: [SM] Call stack trace:
L 07/26/2020 - 01:56:12: [SM]   [1] Line 202, restrictinc/events.sp::CS_OnBuyCommand
L 07/26/2020 - 01:57:24: [SM] Exception reported: Array index out-of-bounds (index 64, limit 55)
L 07/26/2020 - 01:57:24: [SM] Blaming: weapon_restrict.smx
L 07/26/2020 - 01:57:24: [SM] Call stack trace:
L 07/26/2020 - 01:57:24: [SM]   [1] Line 202, restrictinc/events.sp::CS_OnBuyCommand
L 07/26/2020 - 01:58:13: [SM] Exception reported: Array index out-of-bounds (index 64, limit 55)
L 07/26/2020 - 01:58:13: [SM] Blaming: weapon_restrict.smx
L 07/26/2020 - 01:58:13: [SM] Call stack trace:
L 07/26/2020 - 01:58:13: [SM]   [1] Line 202, restrictinc/events.sp::CS_OnBuyCommand
L 07/26/2020 - 01:58:34: [SM] Exception reported: Array index out-of-bounds (index 64, limit 55)
L 07/26/2020 - 01:58:34: [SM] Blaming: weapon_restrict.smx
L 07/26/2020 - 01:58:34: [SM] Call stack trace:
L 07/26/2020 - 01:58:34: [SM]   [1] Line 202, restrictinc/events.sp::CS_OnBuyCommand
L 07/26/2020 - 01:58:44: [SM] Exception reported: Array index out-of-bounds (index 64, limit 55)
L 07/26/2020 - 01:58:44: [SM] Blaming: weapon_restrict.smx
L 07/26/2020 - 01:58:44: [SM] Call stack trace:
L 07/26/2020 - 01:58:44: [SM]   [1] Line 202, restrictinc/events.sp::CS_OnBuyCommand
L 07/26/2020 - 01:59:30: [SM] Exception reported: Array index out-of-bounds (index 64, limit 55)
L 07/26/2020 - 01:59:30: [SM] Blaming: weapon_restrict.smx
L 07/26/2020 - 01:59:30: [SM] Call stack trace:
L 07/26/2020 - 01:59:30: [SM]   [1] Line 202, restrictinc/events.sp::CS_OnBuyCommand
L 07/26/2020 - 02:00:17: [SM] Exception reported: Array index out-of-bounds (index 64, limit 55)
L 07/26/2020 - 02:00:17: [SM] Blaming: weapon_restrict.smx
L 07/26/2020 - 02:00:17: [SM] Call stack trace:
L 07/26/2020 - 02:00:17: [SM]   [1] Line 202, restrictinc/events.sp::CS_OnBuyCommand
L 07/26/2020 - 02:02:04: [SM] Exception reported: Array index out-of-bounds (index 64, limit 55)
L 07/26/2020 - 02:02:04: [SM] Blaming: weapon_restrict.smx
L 07/26/2020 - 02:02:04: [SM] Call stack trace:
L 07/26/2020 - 02:02:04: [SM]   [1] Line 202, restrictinc/events.sp::CS_OnBuyCommand
L 07/26/2020 - 02:03:07: [SM] Exception reported: Array index out-of-bounds (index 64, limit 55)
L 07/26/2020 - 02:03:07: [SM] Blaming: weapon_restrict.smx
L 07/26/2020 - 02:03:07: [SM] Call stack trace:
L 07/26/2020 - 02:03:07: [SM]   [1] Line 202, restrictinc/events.sp::CS_OnBuyCommand
L 07/26/2020 - 02:03:25: [SM] Exception reported: Array index out-of-bounds (index 64, limit 55)
L 07/26/2020 - 02:03:25: [SM] Blaming: weapon_restrict.smx
L 07/26/2020 - 02:03:25: [SM] Call stack trace:
L 07/26/2020 - 02:03:25: [SM]   [1] Line 202, restrictinc/events.sp::CS_OnBuyCommand
L 07/26/2020 - 02:03:54: [SM] Exception reported: Array index out-of-bounds (index 64, limit 55)
L 07/26/2020 - 02:03:54: [SM] Blaming: weapon_restrict.smx
L 07/26/2020 - 02:03:54: [SM] Call stack trace:
L 07/26/2020 - 02:03:54: [SM]   [1] Line 202, restrictinc/events.sp::CS_OnBuyCommand
L 07/26/2020 - 02:04:17: [SM] Exception reported: Array index out-of-bounds (index 64, limit 55)
L 07/26/2020 - 02:04:17: [SM] Blaming: weapon_restrict.smx
L 07/26/2020 - 02:04:17: [SM] Call stack trace:
L 07/26/2020 - 02:04:17: [SM]   [1] Line 202, restrictinc/events.sp::CS_OnBuyCommand
L 07/26/2020 - 02:04:58: [SM] Exception reported: Array index out-of-bounds (index 64, limit 55)
L 07/26/2020 - 02:04:58: [SM] Blaming: weapon_restrict.smx
L 07/26/2020 - 02:04:58: [SM] Call stack trace:
L 07/26/2020 - 02:04:58: [SM]   [1] Line 202, restrictinc/events.sp::CS_OnBuyCommand
L 07/26/2020 - 02:05:11: [SM] Exception reported: Array index out-of-bounds (index 64, limit 55)
L 07/26/2020 - 02:05:11: [SM] Blaming: weapon_restrict.smx
L 07/26/2020 - 02:05:11: [SM] Call stack trace:
L 07/26/2020 - 02:05:11: [SM]   [1] Line 202, restrictinc/events.sp::CS_OnBuyCommand
L 07/26/2020 - 02:05:35: [SM] Exception reported: Array index out-of-bounds (index 64, limit 55)
L 07/26/2020 - 02:05:35: [SM] Blaming: weapon_restrict.smx
L 07/26/2020 - 02:05:35: [SM] Call stack trace:
L 07/26/2020 - 02:05:35: [SM]   [1] Line 202, restrictinc/events.sp::CS_OnBuyCommand
L 07/26/2020 - 02:05:51: [SM] Exception reported: Array index out-of-bounds (index 64, limit 55)
L 07/26/2020 - 02:05:51: [SM] Blaming: weapon_restrict.smx
L 07/26/2020 - 02:05:51: [SM] Call stack trace:
L 07/26/2020 - 02:05:51: [SM]   [1] Line 202, restrictinc/events.sp::CS_OnBuyCommand
L 07/26/2020 - 02:06:07: [SM] Exception reported: Array index out-of-bounds (index 64, limit 55)
L 07/26/2020 - 02:06:07: [SM] Blaming: weapon_restrict.smx
L 07/26/2020 - 02:06:07: [SM] Call stack trace:
L 07/26/2020 - 02:06:07: [SM]   [1] Line 202, restrictinc/events.sp::CS_OnBuyCommand
L 07/26/2020 - 02:06:17: [SM] Exception reported: Array index out-of-bounds (index 64, limit 55)
L 07/26/2020 - 02:06:17: [SM] Blaming: weapon_restrict.smx
L 07/26/2020 - 02:06:17: [SM] Call stack trace:
L 07/26/2020 - 02:06:17: [SM]   [1] Line 202, restrictinc/events.sp::CS_OnBuyCommand
L 07/26/2020 - 02:06:28: [SM] Exception reported: Array index out-of-bounds (index 64, limit 55)
L 07/26/2020 - 02:06:28: [SM] Blaming: weapon_restrict.smx
L 07/26/2020 - 02:06:28: [SM] Call stack trace:
L 07/26/2020 - 02:06:28: [SM]   [1] Line 202, restrictinc/events.sp::CS_OnBuyCommand
L 07/26/2020 - 02:06:41: [SM] Exception reported: Array index out-of-bounds (index 64, limit 55)
L 07/26/2020 - 02:06:41: [SM] Blaming: weapon_restrict.smx
L 07/26/2020 - 02:06:41: [SM] Call stack trace:
L 07/26/2020 - 02:06:41: [SM]   [1] Line 202, restrictinc/events.sp::CS_OnBuyCommand
L 07/26/2020 - 02:07:23: [SM] Exception reported: Array index out-of-bounds (index 64, limit 55)
L 07/26/2020 - 02:07:23: [SM] Blaming: weapon_restrict.smx
L 07/26/2020 - 02:07:23: [SM] Call stack trace:
L 07/26/2020 - 02:07:23: [SM]   [1] Line 202, restrictinc/events.sp::CS_OnBuyCommand
L 07/26/2020 - 02:07:52: [SM] Exception reported: Array index out-of-bounds (index 64, limit 55)
L 07/26/2020 - 02:07:52: [SM] Blaming: weapon_restrict.smx
L 07/26/2020 - 02:07:52: [SM] Call stack trace:
L 07/26/2020 - 02:07:52: [SM]   [1] Line 202, restrictinc/events.sp::CS_OnBuyCommand
L 07/26/2020 - 02:08:08: [SM] Exception reported: Array index out-of-bounds (index 64, limit 55)
L 07/26/2020 - 02:08:08: [SM] Blaming: weapon_restrict.smx
L 07/26/2020 - 02:08:08: [SM] Call stack trace:
L 07/26/2020 - 02:08:08: [SM]   [1] Line 202, restrictinc/events.sp::CS_OnBuyCommand
L 07/26/2020 - 02:08:28: [SM] Exception reported: Array index out-of-bounds (index 64, limit 55)
L 07/26/2020 - 02:08:28: [SM] Blaming: weapon_restrict.smx
L 07/26/2020 - 02:08:28: [SM] Call stack trace:
L 07/26/2020 - 02:08:28: [SM]   [1] Line 202, restrictinc/events.sp::CS_OnBuyCommand
L 07/26/2020 - 02:08:40: [SM] Exception reported: Array index out-of-bounds (index 64, limit 55)
L 07/26/2020 - 02:08:40: [SM] Blaming: weapon_restrict.smx
L 07/26/2020 - 02:08:40: [SM] Call stack trace:
L 07/26/2020 - 02:08:40: [SM]   [1] Line 202, restrictinc/events.sp::CS_OnBuyCommand
L 07/26/2020 - 02:09:26: [SM] Exception reported: Array index out-of-bounds (index 64, limit 55)
L 07/26/2020 - 02:09:26: [SM] Blaming: weapon_restrict.smx
L 07/26/2020 - 02:09:26: [SM] Call stack trace:
L 07/26/2020 - 02:09:26: [SM]   [1] Line 202, restrictinc/events.sp::CS_OnBuyCommand
L 07/26/2020 - 02:09:48: [SM] Exception reported: Array index out-of-bounds (index 64, limit 55)
L 07/26/2020 - 02:09:48: [SM] Blaming: weapon_restrict.smx
L 07/26/2020 - 02:09:48: [SM] Call stack trace:
L 07/26/2020 - 02:09:48: [SM]   [1] Line 202, restrictinc/events.sp::CS_OnBuyCommand
L 07/26/2020 - 02:09:57: [SM] Exception reported: Array index out-of-bounds (index 64, limit 55)
L 07/26/2020 - 02:09:57: [SM] Blaming: weapon_restrict.smx
L 07/26/2020 - 02:09:57: [SM] Call stack trace:
L 07/26/2020 - 02:09:57: [SM]   [1] Line 202, restrictinc/events.sp::CS_OnBuyCommand
L 07/26/2020 - 02:10:14: [SM] Exception reported: Array index out-of-bounds (index 64, limit 55)
L 07/26/2020 - 02:10:14: [SM] Blaming: weapon_restrict.smx
L 07/26/2020 - 02:10:14: [SM] Call stack trace:
L 07/26/2020 - 02:10:14: [SM]   [1] Line 202, restrictinc/events.sp::CS_OnBuyCommand
L 07/26/2020 - 02:10:21: [SM] Exception reported: Array index out-of-bounds (index 64, limit 55)
L 07/26/2020 - 02:10:21: [SM] Blaming: weapon_restrict.smx
L 07/26/2020 - 02:10:21: [SM] Call stack trace:
L 07/26/2020 - 02:10:21: [SM]   [1] Line 202, restrictinc/events.sp::CS_OnBuyCommand
L 07/26/2020 - 02:10:39: [SM] Exception reported: Array index out-of-bounds (index 64, limit 55)
L 07/26/2020 - 02:10:39: [SM] Blaming: weapon_restrict.smx
L 07/26/2020 - 02:10:39: [SM] Call stack trace:
L 07/26/2020 - 02:10:39: [SM]   [1] Line 202, restrictinc/events.sp::CS_OnBuyCommand
L 07/26/2020 - 02:10:45: [SM] Exception reported: Array index out-of-bounds (index 64, limit 55)
L 07/26/2020 - 02:10:45: [SM] Blaming: weapon_restrict.smx
L 07/26/2020 - 02:10:45: [SM] Call stack trace:
L 07/26/2020 - 02:10:45: [SM]   [1] Line 202, restrictinc/events.sp::CS_OnBuyCommand
L 07/26/2020 - 02:11:05: [SM] Exception reported: Array index out-of-bounds (index 64, limit 55)
L 07/26/2020 - 02:11:05: [SM] Blaming: weapon_restrict.smx
L 07/26/2020 - 02:11:05: [SM] Call stack trace:
L 07/26/2020 - 02:11:05: [SM]   [1] Line 202, restrictinc/events.sp::CS_OnBuyCommand
L 07/26/2020 - 02:11:21: [SM] Exception reported: Array index out-of-bounds (index 64, limit 55)
L 07/26/2020 - 02:11:21: [SM] Blaming: weapon_restrict.smx
L 07/26/2020 - 02:11:21: [SM] Call stack trace:
L 07/26/2020 - 02:11:21: [SM]   [1] Line 202, restrictinc/events.sp::CS_OnBuyCommand
L 07/26/2020 - 02:11:29: [SM] Exception reported: Array index out-of-bounds (index 64, limit 55)
L 07/26/2020 - 02:11:29: [SM] Blaming: weapon_restrict.smx
L 07/26/2020 - 02:11:29: [SM] Call stack trace:
L 07/26/2020 - 02:11:29: [SM]   [1] Line 202, restrictinc/events.sp::CS_OnBuyCommand
L 07/26/2020 - 02:11:34: [SM] Exception reported: Array index out-of-bounds (index 64, limit 55)
L 07/26/2020 - 02:11:34: [SM] Blaming: weapon_restrict.smx
L 07/26/2020 - 02:11:34: [SM] Call stack trace:
L 07/26/2020 - 02:11:34: [SM]   [1] Line 202, restrictinc/events.sp::CS_OnBuyCommand
L 07/26/2020 - 02:11:41: [SM] Exception reported: Array index out-of-bounds (index 64, limit 55)
L 07/26/2020 - 02:11:41: [SM] Blaming: weapon_restrict.smx
L 07/26/2020 - 02:11:41: [SM] Call stack trace:
L 07/26/2020 - 02:11:41: [SM]   [1] Line 202, restrictinc/events.sp::CS_OnBuyCommand
L 07/26/2020 - 02:12:00: [SM] Exception reported: Array index out-of-bounds (index 64, limit 55)
L 07/26/2020 - 02:12:00: [SM] Blaming: weapon_restrict.smx
L 07/26/2020 - 02:12:00: [SM] Call stack trace:
L 07/26/2020 - 02:12:00: [SM]   [1] Line 202, restrictinc/events.sp::CS_OnBuyCommand
L 07/26/2020 - 02:13:46: [SM] Exception reported: Array index out-of-bounds (index 64, limit 55)
L 07/26/2020 - 02:13:46: [SM] Blaming: weapon_restrict.smx
L 07/26/2020 - 02:13:46: [SM] Call stack trace:
L 07/26/2020 - 02:13:46: [SM]   [1] Line 202, restrictinc/events.sp::CS_OnBuyCommand
L 07/26/2020 - 02:14:21: [SM] Exception reported: Array index out-of-bounds (index 64, limit 55)
L 07/26/2020 - 02:14:21: [SM] Blaming: weapon_restrict.smx
L 07/26/2020 - 02:14:21: [SM] Call stack trace:
L 07/26/2020 - 02:14:21: [SM]   [1] Line 202, restrictinc/events.sp::CS_OnBuyCommand
L 07/26/2020 - 02:14:53: [SM] Exception reported: Array index out-of-bounds (index 64, limit 55)
L 07/26/2020 - 02:14:53: [SM] Blaming: weapon_restrict.smx
L 07/26/2020 - 02:14:53: [SM] Call stack trace:
L 07/26/2020 - 02:14:53: [SM]   [1] Line 202, restrictinc/events.sp::CS_OnBuyCommand
L 07/26/2020 - 02:16:01: [SM] Exception reported: Array index out-of-bounds (index 64, limit 55)
L 07/26/2020 - 02:16:01: [SM] Blaming: weapon_restrict.smx
L 07/26/2020 - 02:16:01: [SM] Call stack trace:
L 07/26/2020 - 02:16:01: [SM]   [1] Line 202, restrictinc/events.sp::CS_OnBuyCommand
L 07/26/2020 - 02:17:34: [SM] Exception reported: Language phrase "Player_Connected_From" not found (arg 3)
L 07/26/2020 - 02:17:34: [SM] Blaming: advadmin.smx
L 07/26/2020 - 02:17:34: [SM] Call stack trace:
L 07/26/2020 - 02:17:34: [SM]   [0] VFormat
L 07/26/2020 - 02:17:34: [SM]   [1] Line 386, /groups/sourcemod/compiler-1.10/include/halflife.inc::PrintToChatAll
L 07/26/2020 - 02:17:34: [SM]   [2] Line 141, /home/groups/sourcemod/upload_tmp/phpRYtiXm.sp::OnClientAuthorized
L 07/26/2020 - 02:17:34: [SM] Exception reported: Array index out-of-bounds (index 64, limit 55)
L 07/26/2020 - 02:17:34: [SM] Blaming: weapon_restrict.smx
L 07/26/2020 - 02:17:34: [SM] Call stack trace:
L 07/26/2020 - 02:17:34: [SM]   [1] Line 202, restrictinc/events.sp::CS_OnBuyCommand
L 07/26/2020 - 02:18:36: [SM] Exception reported: Language phrase "Player_Connected" not found (arg 3)
L 07/26/2020 - 02:18:36: [SM] Blaming: advadmin.smx
L 07/26/2020 - 02:18:36: [SM] Call stack trace:
L 07/26/2020 - 02:18:36: [SM]   [0] VFormat
L 07/26/2020 - 02:18:36: [SM]   [1] Line 386, /groups/sourcemod/compiler-1.10/include/halflife.inc::PrintToChatAll
L 07/26/2020 - 02:18:36: [SM]   [2] Line 145, /home/groups/sourcemod/upload_tmp/phpRYtiXm.sp::OnClientAuthorized
L 07/26/2020 - 02:19:03: [SM] Exception reported: Array index out-of-bounds (index 64, limit 55)
L 07/26/2020 - 02:19:03: [SM] Blaming: weapon_restrict.smx
L 07/26/2020 - 02:19:03: [SM] Call stack trace:
L 07/26/2020 - 02:19:03: [SM]   [1] Line 202, restrictinc/events.sp::CS_OnBuyCommand
L 07/26/2020 - 02:19:15: [SM] Exception reported: Array index out-of-bounds (index 64, limit 55)
L 07/26/2020 - 02:19:15: [SM] Blaming: weapon_restrict.smx
L 07/26/2020 - 02:19:15: [SM] Call stack trace:
L 07/26/2020 - 02:19:15: [SM]   [1] Line 202, restrictinc/events.sp::CS_OnBuyCommand
L 07/26/2020 - 02:19:36: [SM] Exception reported: Array index out-of-bounds (index 64, limit 55)
L 07/26/2020 - 02:19:36: [SM] Blaming: weapon_restrict.smx
L 07/26/2020 - 02:19:36: [SM] Call stack trace:
L 07/26/2020 - 02:19:36: [SM]   [1] Line 202, restrictinc/events.sp::CS_OnBuyCommand
L 07/26/2020 - 02:19:50: [SM] Exception reported: Array index out-of-bounds (index 64, limit 55)
L 07/26/2020 - 02:19:50: [SM] Blaming: weapon_restrict.smx
L 07/26/2020 - 02:19:50: [SM] Call stack trace:
L 07/26/2020 - 02:19:50: [SM]   [1] Line 202, restrictinc/events.sp::CS_OnBuyCommand
L 07/26/2020 - 02:20:41: [SM] Exception reported: Array index out-of-bounds (index 64, limit 55)
L 07/26/2020 - 02:20:41: [SM] Blaming: weapon_restrict.smx
L 07/26/2020 - 02:20:41: [SM] Call stack trace:
L 07/26/2020 - 02:20:41: [SM]   [1] Line 202, restrictinc/events.sp::CS_OnBuyCommand
L 07/26/2020 - 02:21:18: [SM] Exception reported: Array index out-of-bounds (index 64, limit 55)
L 07/26/2020 - 02:21:18: [SM] Blaming: weapon_restrict.smx
L 07/26/2020 - 02:21:18: [SM] Call stack trace:
L 07/26/2020 - 02:21:18: [SM]   [1] Line 202, restrictinc/events.sp::CS_OnBuyCommand
L 07/26/2020 - 02:22:40: [SM] Exception reported: Array index out-of-bounds (index 64, limit 55)
L 07/26/2020 - 02:22:40: [SM] Blaming: weapon_restrict.smx
L 07/26/2020 - 02:22:40: [SM] Call stack trace:
L 07/26/2020 - 02:22:40: [SM]   [1] Line 202, restrictinc/events.sp::CS_OnBuyCommand
L 07/26/2020 - 02:23:07: [SM] Exception reported: Array index out-of-bounds (index 64, limit 55)
L 07/26/2020 - 02:23:07: [SM] Blaming: weapon_restrict.smx
L 07/26/2020 - 02:23:07: [SM] Call stack trace:
L 07/26/2020 - 02:23:07: [SM]   [1] Line 202, restrictinc/events.sp::CS_OnBuyCommand
L 07/26/2020 - 02:23:24: [SM] Exception reported: Array index out-of-bounds (index 64, limit 55)
L 07/26/2020 - 02:23:24: [SM] Blaming: weapon_restrict.smx
L 07/26/2020 - 02:23:24: [SM] Call stack trace:
L 07/26/2020 - 02:23:24: [SM]   [1] Line 202, restrictinc/events.sp::CS_OnBuyCommand
L 07/26/2020 - 02:26:20: [SM] Exception reported: Array index out-of-bounds (index 64, limit 55)
L 07/26/2020 - 02:26:20: [SM] Blaming: weapon_restrict.smx
L 07/26/2020 - 02:26:20: [SM] Call stack trace:
L 07/26/2020 - 02:26:20: [SM]   [1] Line 202, restrictinc/events.sp::CS_OnBuyCommand
L 07/26/2020 - 02:26:32: [SM] Exception reported: Array index out-of-bounds (index 64, limit 55)
L 07/26/2020 - 02:26:32: [SM] Blaming: weapon_restrict.smx
L 07/26/2020 - 02:26:32: [SM] Call stack trace:
L 07/26/2020 - 02:26:32: [SM]   [1] Line 202, restrictinc/events.sp::CS_OnBuyCommand
L 07/26/2020 - 02:26:41: [SM] Exception reported: Array index out-of-bounds (index 64, limit 55)
L 07/26/2020 - 02:26:41: [SM] Blaming: weapon_restrict.smx
L 07/26/2020 - 02:26:41: [SM] Call stack trace:
L 07/26/2020 - 02:26:41: [SM]   [1] Line 202, restrictinc/events.sp::CS_OnBuyCommand
L 07/26/2020 - 02:26:52: [SM] Exception reported: Array index out-of-bounds (index 64, limit 55)
L 07/26/2020 - 02:26:52: [SM] Blaming: weapon_restrict.smx
L 07/26/2020 - 02:26:52: [SM] Call stack trace:
L 07/26/2020 - 02:26:52: [SM]   [1] Line 202, restrictinc/events.sp::CS_OnBuyCommand
L 07/26/2020 - 02:27:03: [SM] Exception reported: Array index out-of-bounds (index 64, limit 55)
L 07/26/2020 - 02:27:03: [SM] Blaming: weapon_restrict.smx
L 07/26/2020 - 02:27:03: [SM] Call stack trace:
L 07/26/2020 - 02:27:03: [SM]   [1] Line 202, restrictinc/events.sp::CS_OnBuyCommand
L 07/26/2020 - 02:27:13: [SM] Exception reported: Array index out-of-bounds (index 64, limit 55)
L 07/26/2020 - 02:27:13: [SM] Blaming: weapon_restrict.smx
L 07/26/2020 - 02:27:13: [SM] Call stack trace:
L 07/26/2020 - 02:27:13: [SM]   [1] Line 202, restrictinc/events.sp::CS_OnBuyCommand
L 07/26/2020 - 02:28:58: [SM] Exception reported: Array index out-of-bounds (index 64, limit 55)
L 07/26/2020 - 02:28:58: [SM] Blaming: weapon_restrict.smx
L 07/26/2020 - 02:28:58: [SM] Call stack trace:
L 07/26/2020 - 02:28:58: [SM]   [1] Line 202, restrictinc/events.sp::CS_OnBuyCommand
L 07/26/2020 - 02:29:28: [SM] Exception reported: Array index out-of-bounds (index 64, limit 55)
L 07/26/2020 - 02:29:28: [SM] Blaming: weapon_restrict.smx
L 07/26/2020 - 02:29:28: [SM] Call stack trace:
L 07/26/2020 - 02:29:28: [SM]   [1] Line 202, restrictinc/events.sp::CS_OnBuyCommand
L 07/26/2020 - 02:29:50: [SM] Exception reported: Array index out-of-bounds (index 64, limit 55)
L 07/26/2020 - 02:29:50: [SM] Blaming: weapon_restrict.smx
L 07/26/2020 - 02:29:50: [SM] Call stack trace:
L 07/26/2020 - 02:29:50: [SM]   [1] Line 202, restrictinc/events.sp::CS_OnBuyCommand
L 07/26/2020 - 02:31:08: [SM] Exception reported: Array index out-of-bounds (index 64, limit 55)
L 07/26/2020 - 02:31:08: [SM] Blaming: weapon_restrict.smx
L 07/26/2020 - 02:31:08: [SM] Call stack trace:
L 07/26/2020 - 02:31:08: [SM]   [1] Line 202, restrictinc/events.sp::CS_OnBuyCommand
L 07/26/2020 - 02:31:24: [SM] Exception reported: Array index out-of-bounds (index 64, limit 55)
L 07/26/2020 - 02:31:24: [SM] Blaming: weapon_restrict.smx
L 07/26/2020 - 02:31:24: [SM] Call stack trace:
L 07/26/2020 - 02:31:24: [SM]   [1] Line 202, restrictinc/events.sp::CS_OnBuyCommand
L 07/26/2020 - 02:31:44: [SM] Exception reported: Array index out-of-bounds (index 64, limit 55)
L 07/26/2020 - 02:31:44: [SM] Blaming: weapon_restrict.smx
L 07/26/2020 - 02:31:44: [SM] Call stack trace:
L 07/26/2020 - 02:31:44: [SM]   [1] Line 202, restrictinc/events.sp::CS_OnBuyCommand
L 07/26/2020 - 02:32:09: [SM] Exception reported: Array index out-of-bounds (index 64, limit 55)
L 07/26/2020 - 02:32:09: [SM] Blaming: weapon_restrict.smx
L 07/26/2020 - 02:32:09: [SM] Call stack trace:
L 07/26/2020 - 02:32:09: [SM]   [1] Line 202, restrictinc/events.sp::CS_OnBuyCommand
L 07/26/2020 - 02:33:17: [SM] Exception reported: Array index out-of-bounds (index 64, limit 55)
L 07/26/2020 - 02:33:17: [SM] Blaming: weapon_restrict.smx
L 07/26/2020 - 02:33:17: [SM] Call stack trace:
L 07/26/2020 - 02:33:17: [SM]   [1] Line 202, restrictinc/events.sp::CS_OnBuyCommand
L 07/26/2020 - 02:33:42: [SM] Exception reported: Array index out-of-bounds (index 64, limit 55)
L 07/26/2020 - 02:33:42: [SM] Blaming: weapon_restrict.smx
L 07/26/2020 - 02:33:42: [SM] Call stack trace:
L 07/26/2020 - 02:33:42: [SM]   [1] Line 202, restrictinc/events.sp::CS_OnBuyCommand
L 07/26/2020 - 02:34:33: [SM] Exception reported: Array index out-of-bounds (index 64, limit 55)
L 07/26/2020 - 02:34:33: [SM] Blaming: weapon_restrict.smx
L 07/26/2020 - 02:34:33: [SM] Call stack trace:
L 07/26/2020 - 02:34:33: [SM]   [1] Line 202, restrictinc/events.sp::CS_OnBuyCommand
L 07/26/2020 - 02:36:19: [SM] Exception reported: Language phrase "Player_Connected_From" not found (arg 3)
L 07/26/2020 - 02:36:19: [SM] Blaming: advadmin.smx
L 07/26/2020 - 02:36:19: [SM] Call stack trace:
L 07/26/2020 - 02:36:19: [SM]   [0] VFormat
L 07/26/2020 - 02:36:19: [SM]   [1] Line 386, /groups/sourcemod/compiler-1.10/include/halflife.inc::PrintToChatAll
L 07/26/2020 - 02:36:19: [SM]   [2] Line 141, /home/groups/sourcemod/upload_tmp/phpRYtiXm.sp::OnClientAuthorized
L 07/26/2020 - 02:40:05: [SM] Exception reported: Array index out-of-bounds (index 64, limit 55)
L 07/26/2020 - 02:40:05: [SM] Blaming: weapon_restrict.smx
L 07/26/2020 - 02:40:05: [SM] Call stack trace:
L 07/26/2020 - 02:40:05: [SM]   [1] Line 202, restrictinc/events.sp::CS_OnBuyCommand
L 07/26/2020 - 02:43:42: [SM] Exception reported: Array index out-of-bounds (index 64, limit 55)
L 07/26/2020 - 02:43:42: [SM] Blaming: weapon_restrict.smx
L 07/26/2020 - 02:43:42: [SM] Call stack trace:
L 07/26/2020 - 02:43:42: [SM]   [1] Line 202, restrictinc/events.sp::CS_OnBuyCommand
L 07/26/2020 - 02:44:11: [SM] Exception reported: Array index out-of-bounds (index 64, limit 55)
L 07/26/2020 - 02:44:11: [SM] Blaming: weapon_restrict.smx
L 07/26/2020 - 02:44:11: [SM] Call stack trace:
L 07/26/2020 - 02:44:11: [SM]   [1] Line 202, restrictinc/events.sp::CS_OnBuyCommand
L 07/26/2020 - 17:34:49: Error log file session closed.
L 07/26/2020 - 17:34:49: SourceMod error session started
L 07/26/2020 - 17:34:49: Info (map "de_inferno") (file "/home/tcagame/jackm1/488/csgo/addons/sourcemod/logs/errors_20200726.log")
L 07/26/2020 - 17:34:49: [SM] Fatal error encountered parsing translation file "advadmin.phrases.txt"
L 07/26/2020 - 17:34:49: [SM] Error (line 0, column 0): Stream failed to open
L 07/26/2020 - 17:36:07: [SM] Exception reported: Array index out-of-bounds (index 64, limit 55)
L 07/26/2020 - 17:36:07: [SM] Blaming: weapon_restrict.smx
L 07/26/2020 - 17:36:07: [SM] Call stack trace:
L 07/26/2020 - 17:36:07: [SM]   [1] Line 202, restrictinc/events.sp::CS_OnBuyCommand
L 07/26/2020 - 17:49:50: [SM] Exception reported: Language phrase "Player_Connected_From" not found (arg 3)
L 07/26/2020 - 17:49:50: [SM] Blaming: advadmin.smx
L 07/26/2020 - 17:49:50: [SM] Call stack trace:
L 07/26/2020 - 17:49:50: [SM]   [0] VFormat
L 07/26/2020 - 17:49:50: [SM]   [1] Line 386, /groups/sourcemod/compiler-1.10/include/halflife.inc::PrintToChatAll
L 07/26/2020 - 17:49:50: [SM]   [2] Line 141, /home/groups/sourcemod/upload_tmp/phpRYtiXm.sp::OnClientAuthorized
L 07/26/2020 - 17:51:06: [SM] Exception reported: Array index out-of-bounds (index 64, limit 55)
L 07/26/2020 - 17:51:06: [SM] Blaming: weapon_restrict.smx
L 07/26/2020 - 17:51:06: [SM] Call stack trace:
L 07/26/2020 - 17:51:06: [SM]   [1] Line 202, restrictinc/events.sp::CS_OnBuyCommand
L 07/26/2020 - 17:52:04: [SM] Exception reported: Array index out-of-bounds (index 64, limit 55)
L 07/26/2020 - 17:52:04: [SM] Blaming: weapon_restrict.smx
L 07/26/2020 - 17:52:04: [SM] Call stack trace:
L 07/26/2020 - 17:52:04: [SM]   [1] Line 202, restrictinc/events.sp::CS_OnBuyCommand
L 07/26/2020 - 17:52:48: [SM] Exception reported: Array index out-of-bounds (index 64, limit 55)
L 07/26/2020 - 17:52:48: [SM] Blaming: weapon_restrict.smx
L 07/26/2020 - 17:52:48: [SM] Call stack trace:
L 07/26/2020 - 17:52:48: [SM]   [1] Line 202, restrictinc/events.sp::CS_OnBuyCommand
L 07/26/2020 - 17:53:34: [SM] Exception reported: Language phrase "Player_Connected_From" not found (arg 3)
L 07/26/2020 - 17:53:34: [SM] Blaming: advadmin.smx
L 07/26/2020 - 17:53:34: [SM] Call stack trace:
L 07/26/2020 - 17:53:34: [SM]   [0] VFormat
L 07/26/2020 - 17:53:34: [SM]   [1] Line 386, /groups/sourcemod/compiler-1.10/include/halflife.inc::PrintToChatAll
L 07/26/2020 - 17:53:34: [SM]   [2] Line 141, /home/groups/sourcemod/upload_tmp/phpRYtiXm.sp::OnClientAuthorized
L 07/26/2020 - 23:06:32: Error log file session closed.
L 07/26/2020 - 23:06:32: SourceMod error session started
L 07/26/2020 - 23:06:32: Info (map "de_inferno") (file "/home/tcagame/jackm1/488/csgo/addons/sourcemod/logs/errors_20200726.log")
L 07/26/2020 - 23:06:32: [SM] Fatal error encountered parsing translation file "advadmin.phrases.txt"
L 07/26/2020 - 23:06:32: [SM] Error (line 0, column 0): Stream failed to open
L 07/26/2020 - 23:10:32: [SM] Exception reported: Array index out-of-bounds (index 64, limit 55)
L 07/26/2020 - 23:10:32: [SM] Blaming: weapon_restrict.smx
L 07/26/2020 - 23:10:32: [SM] Call stack trace:
L 07/26/2020 - 23:10:32: [SM]   [1] Line 202, restrictinc/events.sp::CS_OnBuyCommand
L 07/26/2020 - 23:13:59: [SM] Exception reported: Language phrase "Player_Connected_From" not found (arg 3)
L 07/26/2020 - 23:13:59: [SM] Blaming: advadmin.smx
L 07/26/2020 - 23:13:59: [SM] Call stack trace:
L 07/26/2020 - 23:13:59: [SM]   [0] VFormat
L 07/26/2020 - 23:13:59: [SM]   [1] Line 386, /groups/sourcemod/compiler-1.10/include/halflife.inc::PrintToChatAll
L 07/26/2020 - 23:13:59: [SM]   [2] Line 141, /home/groups/sourcemod/upload_tmp/phpRYtiXm.sp::OnClientAuthorized
L 07/26/2020 - 23:14:39: [SM] Exception reported: Language phrase "Player_Connected_From" not found (arg 3)
L 07/26/2020 - 23:14:39: [SM] Blaming: advadmin.smx
L 07/26/2020 - 23:14:39: [SM] Call stack trace:
L 07/26/2020 - 23:14:39: [SM]   [0] VFormat
L 07/26/2020 - 23:14:39: [SM]   [1] Line 386, /groups/sourcemod/compiler-1.10/include/halflife.inc::PrintToChatAll
L 07/26/2020 - 23:14:39: [SM]   [2] Line 141, /home/groups/sourcemod/upload_tmp/phpRYtiXm.sp::OnClientAuthorized
L 07/26/2020 - 23:15:37: [SM] Exception reported: Array index out-of-bounds (index 64, limit 55)
L 07/26/2020 - 23:15:37: [SM] Blaming: weapon_restrict.smx
L 07/26/2020 - 23:15:37: [SM] Call stack trace:
L 07/26/2020 - 23:15:37: [SM]   [1] Line 202, restrictinc/events.sp::CS_OnBuyCommand
L 07/26/2020 - 23:20:04: [SM] Exception reported: Language phrase "Player_Connected" not found (arg 3)
L 07/26/2020 - 23:20:04: [SM] Blaming: advadmin.smx
L 07/26/2020 - 23:20:04: [SM] Call stack trace:
L 07/26/2020 - 23:20:04: [SM]   [0] VFormat
L 07/26/2020 - 23:20:04: [SM]   [1] Line 386, /groups/sourcemod/compiler-1.10/include/halflife.inc::PrintToChatAll
L 07/26/2020 - 23:20:04: [SM]   [2] Line 145, /home/groups/sourcemod/upload_tmp/phpRYtiXm.sp::OnClientAuthorized
L 07/26/2020 - 23:20:34: [SM] Exception reported: Array index out-of-bounds (index 64, limit 55)
L 07/26/2020 - 23:20:34: [SM] Blaming: weapon_restrict.smx
L 07/26/2020 - 23:20:34: [SM] Call stack trace:
L 07/26/2020 - 23:20:34: [SM]   [1] Line 202, restrictinc/events.sp::CS_OnBuyCommand
L 07/26/2020 - 23:23:23: Error log file session closed.
L 07/26/2020 - 23:23:23: SourceMod error session started
L 07/26/2020 - 23:23:23: Info (map "de_shortdust") (file "/home/tcagame/jackm1/488/csgo/addons/sourcemod/logs/errors_20200726.log")
L 07/26/2020 - 23:23:23: [SM] Fatal error encountered parsing translation file "advadmin.phrases.txt"
L 07/26/2020 - 23:23:23: [SM] Error (line 0, column 0): Stream failed to open
L 07/26/2020 - 23:23:55: [SM] Exception reported: Array index out-of-bounds (index 64, limit 55)
L 07/26/2020 - 23:23:55: [SM] Blaming: weapon_restrict.smx
L 07/26/2020 - 23:23:55: [SM] Call stack trace:
L 07/26/2020 - 23:23:55: [SM]   [1] Line 202, restrictinc/events.sp::CS_OnBuyCommand
L 07/26/2020 - 23:24:19: [SM] Exception reported: Array index out-of-bounds (index 64, limit 55)
L 07/26/2020 - 23:24:19: [SM] Blaming: weapon_restrict.smx
L 07/26/2020 - 23:24:19: [SM] Call stack trace:
L 07/26/2020 - 23:24:19: [SM]   [1] Line 202, restrictinc/events.sp::CS_OnBuyCommand
L 07/26/2020 - 23:24:22: [SM] Exception reported: Array index out-of-bounds (index 64, limit 55)
L 07/26/2020 - 23:24:22: [SM] Blaming: weapon_restrict.smx
L 07/26/2020 - 23:24:22: [SM] Call stack trace:
L 07/26/2020 - 23:24:22: [SM]   [1] Line 202, restrictinc/events.sp::CS_OnBuyCommand
L 07/26/2020 - 23:25:38: [SM] Exception reported: Array index out-of-bounds (index 64, limit 55)
L 07/26/2020 - 23:25:38: [SM] Blaming: weapon_restrict.smx
L 07/26/2020 - 23:25:38: [SM] Call stack trace:
L 07/26/2020 - 23:25:38: [SM]   [1] Line 202, restrictinc/events.sp::CS_OnBuyCommand
L 07/26/2020 - 23:25:56: [SM] Exception reported: Array index out-of-bounds (index 64, limit 55)
L 07/26/2020 - 23:25:56: [SM] Blaming: weapon_restrict.smx
L 07/26/2020 - 23:25:56: [SM] Call stack trace:
L 07/26/2020 - 23:25:56: [SM]   [1] Line 202, restrictinc/events.sp::CS_OnBuyCommand
L 07/26/2020 - 23:30:22: [SM] Exception reported: Array index out-of-bounds (index 64, limit 55)
L 07/26/2020 - 23:30:22: [SM] Blaming: weapon_restrict.smx
L 07/26/2020 - 23:30:22: [SM] Call stack trace:
L 07/26/2020 - 23:30:22: [SM]   [1] Line 202, restrictinc/events.sp::CS_OnBuyCommand
L 07/26/2020 - 23:32:08: [SM] Exception reported: Array index out-of-bounds (index 64, limit 55)
L 07/26/2020 - 23:32:08: [SM] Blaming: weapon_restrict.smx
L 07/26/2020 - 23:32:08: [SM] Call stack trace:
L 07/26/2020 - 23:32:08: [SM]   [1] Line 202, restrictinc/events.sp::CS_OnBuyCommand
L 07/26/2020 - 23:38:50: [SM] Exception reported: Array index out-of-bounds (index 64, limit 55)
L 07/26/2020 - 23:38:50: [SM] Blaming: weapon_restrict.smx
L 07/26/2020 - 23:38:50: [SM] Call stack trace:
L 07/26/2020 - 23:38:50: [SM]   [1] Line 202, restrictinc/events.sp::CS_OnBuyCommand
L 07/26/2020 - 23:39:21: [SM] Exception reported: Array index out-of-bounds (index 64, limit 55)
L 07/26/2020 - 23:39:21: [SM] Blaming: weapon_restrict.smx
L 07/26/2020 - 23:39:21: [SM] Call stack trace:
L 07/26/2020 - 23:39:21: [SM]   [1] Line 202, restrictinc/events.sp::CS_OnBuyCommand
L 07/26/2020 - 23:39:39: [SM] Exception reported: Array index out-of-bounds (index 64, limit 55)
L 07/26/2020 - 23:39:39: [SM] Blaming: weapon_restrict.smx
L 07/26/2020 - 23:39:39: [SM] Call stack trace:
L 07/26/2020 - 23:39:39: [SM]   [1] Line 202, restrictinc/events.sp::CS_OnBuyCommand
L 07/26/2020 - 23:39:47: [SM] Exception reported: Array index out-of-bounds (index 64, limit 55)
L 07/26/2020 - 23:39:47: [SM] Blaming: weapon_restrict.smx
L 07/26/2020 - 23:39:47: [SM] Call stack trace:
L 07/26/2020 - 23:39:47: [SM]   [1] Line 202, restrictinc/events.sp::CS_OnBuyCommand
L 07/26/2020 - 23:40:23: [SM] Exception reported: Language phrase "Player_Connected_From" not found (arg 3)
L 07/26/2020 - 23:40:23: [SM] Blaming: advadmin.smx
L 07/26/2020 - 23:40:23: [SM] Call stack trace:
L 07/26/2020 - 23:40:23: [SM]   [0] VFormat
L 07/26/2020 - 23:40:23: [SM]   [1] Line 386, /groups/sourcemod/compiler-1.10/include/halflife.inc::PrintToChatAll
L 07/26/2020 - 23:40:23: [SM]   [2] Line 141, /home/groups/sourcemod/upload_tmp/phpRYtiXm.sp::OnClientAuthorized
L 07/26/2020 - 23:40:56: [SM] Exception reported: Array index out-of-bounds (index 64, limit 55)
L 07/26/2020 - 23:40:56: [SM] Blaming: weapon_restrict.smx
L 07/26/2020 - 23:40:56: [SM] Call stack trace:
L 07/26/2020 - 23:40:56: [SM]   [1] Line 202, restrictinc/events.sp::CS_OnBuyCommand
L 07/26/2020 - 23:42:10: [SM] Exception reported: Array index out-of-bounds (index 64, limit 55)
L 07/26/2020 - 23:42:10: [SM] Blaming: weapon_restrict.smx
L 07/26/2020 - 23:42:10: [SM] Call stack trace:
L 07/26/2020 - 23:42:10: [SM]   [1] Line 202, restrictinc/events.sp::CS_OnBuyCommand
L 07/26/2020 - 23:42:30: [SM] Exception reported: Array index out-of-bounds (index 64, limit 55)
L 07/26/2020 - 23:42:30: [SM] Blaming: weapon_restrict.smx
L 07/26/2020 - 23:42:30: [SM] Call stack trace:
L 07/26/2020 - 23:42:30: [SM]   [1] Line 202, restrictinc/events.sp::CS_OnBuyCommand
L 07/26/2020 - 23:42:39: [SM] Exception reported: Array index out-of-bounds (index 64, limit 55)
L 07/26/2020 - 23:42:39: [SM] Blaming: weapon_restrict.smx
L 07/26/2020 - 23:42:39: [SM] Call stack trace:
L 07/26/2020 - 23:42:39: [SM]   [1] Line 202, restrictinc/events.sp::CS_OnBuyCommand
L 07/26/2020 - 23:42:48: [SM] Exception reported: Array index out-of-bounds (index 64, limit 55)
L 07/26/2020 - 23:42:48: [SM] Blaming: weapon_restrict.smx
L 07/26/2020 - 23:42:48: [SM] Call stack trace:
L 07/26/2020 - 23:42:48: [SM]   [1] Line 202, restrictinc/events.sp::CS_OnBuyCommand
L 07/26/2020 - 23:43:37: [SM] Exception reported: Array index out-of-bounds (index 64, limit 55)
L 07/26/2020 - 23:43:37: [SM] Blaming: weapon_restrict.smx
L 07/26/2020 - 23:43:37: [SM] Call stack trace:
L 07/26/2020 - 23:43:37: [SM]   [1] Line 202, restrictinc/events.sp::CS_OnBuyCommand
L 07/26/2020 - 23:43:39: [SM] Exception reported: Array index out-of-bounds (index 64, limit 55)
L 07/26/2020 - 23:43:39: [SM] Blaming: weapon_restrict.smx
L 07/26/2020 - 23:43:39: [SM] Call stack trace:
L 07/26/2020 - 23:43:39: [SM]   [1] Line 202, restrictinc/events.sp::CS_OnBuyCommand
L 07/26/2020 - 23:44:18: [SM] Exception reported: Array index out-of-bounds (index 64, limit 55)
L 07/26/2020 - 23:44:18: [SM] Blaming: weapon_restrict.smx
L 07/26/2020 - 23:44:18: [SM] Call stack trace:
L 07/26/2020 - 23:44:18: [SM]   [1] Line 202, restrictinc/events.sp::CS_OnBuyCommand
L 07/26/2020 - 23:44:32: [SM] Exception reported: Array index out-of-bounds (index 64, limit 55)
L 07/26/2020 - 23:44:32: [SM] Blaming: weapon_restrict.smx
L 07/26/2020 - 23:44:32: [SM] Call stack trace:
L 07/26/2020 - 23:44:32: [SM]   [1] Line 202, restrictinc/events.sp::CS_OnBuyCommand
L 07/26/2020 - 23:44:57: [SM] Exception reported: Array index out-of-bounds (index 64, limit 55)
L 07/26/2020 - 23:44:57: [SM] Blaming: weapon_restrict.smx
L 07/26/2020 - 23:44:57: [SM] Call stack trace:
L 07/26/2020 - 23:44:57: [SM]   [1] Line 202, restrictinc/events.sp::CS_OnBuyCommand
L 07/26/2020 - 23:45:26: [SM] Exception reported: Array index out-of-bounds (index 64, limit 55)
L 07/26/2020 - 23:45:26: [SM] Blaming: weapon_restrict.smx
L 07/26/2020 - 23:45:26: [SM] Call stack trace:
L 07/26/2020 - 23:45:26: [SM]   [1] Line 202, restrictinc/events.sp::CS_OnBuyCommand
L 07/26/2020 - 23:46:56: [SM] Exception reported: Array index out-of-bounds (index 64, limit 55)
L 07/26/2020 - 23:46:56: [SM] Blaming: weapon_restrict.smx
L 07/26/2020 - 23:46:56: [SM] Call stack trace:
L 07/26/2020 - 23:46:56: [SM]   [1] Line 202, restrictinc/events.sp::CS_OnBuyCommand
L 07/26/2020 - 23:47:35: [SM] Exception reported: Array index out-of-bounds (index 64, limit 55)
L 07/26/2020 - 23:47:35: [SM] Blaming: weapon_restrict.smx
L 07/26/2020 - 23:47:35: [SM] Call stack trace:
L 07/26/2020 - 23:47:35: [SM]   [1] Line 202, restrictinc/events.sp::CS_OnBuyCommand
L 07/26/2020 - 23:47:49: [SM] Exception reported: Array index out-of-bounds (index 64, limit 55)
L 07/26/2020 - 23:47:49: [SM] Blaming: weapon_restrict.smx
L 07/26/2020 - 23:47:49: [SM] Call stack trace:
L 07/26/2020 - 23:47:49: [SM]   [1] Line 202, restrictinc/events.sp::CS_OnBuyCommand
L 07/26/2020 - 23:48:03: [SM] Exception reported: Array index out-of-bounds (index 64, limit 55)
L 07/26/2020 - 23:48:03: [SM] Blaming: weapon_restrict.smx
L 07/26/2020 - 23:48:03: [SM] Call stack trace:
L 07/26/2020 - 23:48:03: [SM]   [1] Line 202, restrictinc/events.sp::CS_OnBuyCommand
L 07/26/2020 - 23:49:35: [SM] Exception reported: Array index out-of-bounds (index 64, limit 55)
L 07/26/2020 - 23:49:35: [SM] Blaming: weapon_restrict.smx
L 07/26/2020 - 23:49:35: [SM] Call stack trace:
L 07/26/2020 - 23:49:35: [SM]   [1] Line 202, restrictinc/events.sp::CS_OnBuyCommand
L 07/26/2020 - 23:49:43: [SM] Exception reported: Language phrase "CMD_Health" not found (arg 5)
L 07/26/2020 - 23:49:43: [SM] Blaming: advadmin.smx
L 07/26/2020 - 23:49:43: [SM] Call stack trace:
L 07/26/2020 - 23:49:43: [SM]   [0] ShowActivity2
L 07/26/2020 - 23:49:43: [SM]   [1] Line 1329, /home/groups/sourcemod/upload_tmp/phpRYtiXm.sp::CMD_Health
L 07/26/2020 - 23:49:57: [SM] Exception reported: Array index out-of-bounds (index 64, limit 55)
L 07/26/2020 - 23:49:57: [SM] Blaming: weapon_restrict.smx
L 07/26/2020 - 23:49:57: [SM] Call stack trace:
L 07/26/2020 - 23:49:57: [SM]   [1] Line 202, restrictinc/events.sp::CS_OnBuyCommand
L 07/26/2020 - 23:50:52: [SM] Exception reported: Language phrase "CMD_Health" not found (arg 5)
L 07/26/2020 - 23:50:52: [SM] Blaming: advadmin.smx
L 07/26/2020 - 23:50:52: [SM] Call stack trace:
L 07/26/2020 - 23:50:52: [SM]   [0] ShowActivity2
L 07/26/2020 - 23:50:52: [SM]   [1] Line 1329, /home/groups/sourcemod/upload_tmp/phpRYtiXm.sp::CMD_Health
L 07/26/2020 - 23:51:53: [SM] Exception reported: Array index out-of-bounds (index 64, limit 55)
L 07/26/2020 - 23:51:53: [SM] Blaming: weapon_restrict.smx
L 07/26/2020 - 23:51:53: [SM] Call stack trace:
L 07/26/2020 - 23:51:53: [SM]   [1] Line 202, restrictinc/events.sp::CS_OnBuyCommand
L 07/26/2020 - 23:51:58: [SM] Exception reported: Array index out-of-bounds (index 64, limit 55)
L 07/26/2020 - 23:51:58: [SM] Blaming: weapon_restrict.smx
L 07/26/2020 - 23:51:58: [SM] Call stack trace:
L 07/26/2020 - 23:51:58: [SM]   [1] Line 202, restrictinc/events.sp::CS_OnBuyCommand
L 07/26/2020 - 23:52:15: [SM] Exception reported: Array index out-of-bounds (index 64, limit 55)
L 07/26/2020 - 23:52:15: [SM] Blaming: weapon_restrict.smx
L 07/26/2020 - 23:52:15: [SM] Call stack trace:
L 07/26/2020 - 23:52:15: [SM]   [1] Line 202, restrictinc/events.sp::CS_OnBuyCommand
L 07/26/2020 - 23:53:13: [SM] Exception reported: Array index out-of-bounds (index 64, limit 55)
L 07/26/2020 - 23:53:13: [SM] Blaming: weapon_restrict.smx
L 07/26/2020 - 23:53:13: [SM] Call stack trace:
L 07/26/2020 - 23:53:13: [SM]   [1] Line 202, restrictinc/events.sp::CS_OnBuyCommand
L 07/26/2020 - 23:53:22: [SM] Exception reported: Array index out-of-bounds (index 64, limit 55)
L 07/26/2020 - 23:53:22: [SM] Blaming: weapon_restrict.smx
L 07/26/2020 - 23:53:22: [SM] Call stack trace:
L 07/26/2020 - 23:53:22: [SM]   [1] Line 202, restrictinc/events.sp::CS_OnBuyCommand
L 07/26/2020 - 23:54:09: [SM] Exception reported: Array index out-of-bounds (index 64, limit 55)
L 07/26/2020 - 23:54:09: [SM] Blaming: weapon_restrict.smx
L 07/26/2020 - 23:54:09: [SM] Call stack trace:
L 07/26/2020 - 23:54:09: [SM]   [1] Line 202, restrictinc/events.sp::CS_OnBuyCommand
L 07/26/2020 - 23:54:25: [SM] Exception reported: Array index out-of-bounds (index 64, limit 55)
L 07/26/2020 - 23:54:25: [SM] Blaming: weapon_restrict.smx
L 07/26/2020 - 23:54:25: [SM] Call stack trace:
L 07/26/2020 - 23:54:25: [SM]   [1] Line 202, restrictinc/events.sp::CS_OnBuyCommand
L 07/26/2020 - 23:54:48: [SM] Exception reported: Array index out-of-bounds (index 64, limit 55)
L 07/26/2020 - 23:54:48: [SM] Blaming: weapon_restrict.smx
L 07/26/2020 - 23:54:48: [SM] Call stack trace:
L 07/26/2020 - 23:54:48: [SM]   [1] Line 202, restrictinc/events.sp::CS_OnBuyCommand
L 07/26/2020 - 23:55:25: [SM] Exception reported: Array index out-of-bounds (index 64, limit 55)
L 07/26/2020 - 23:55:25: [SM] Blaming: weapon_restrict.smx
L 07/26/2020 - 23:55:25: [SM] Call stack trace:
L 07/26/2020 - 23:55:25: [SM]   [1] Line 202, restrictinc/events.sp::CS_OnBuyCommand
L 07/26/2020 - 23:55:56: [SM] Exception reported: Array index out-of-bounds (index 64, limit 55)
L 07/26/2020 - 23:55:56: [SM] Blaming: weapon_restrict.smx
L 07/26/2020 - 23:55:56: [SM] Call stack trace:
L 07/26/2020 - 23:55:56: [SM]   [1] Line 202, restrictinc/events.sp::CS_OnBuyCommand
L 07/26/2020 - 23:56:08: [SM] Exception reported: Array index out-of-bounds (index 64, limit 55)
L 07/26/2020 - 23:56:08: [SM] Blaming: weapon_restrict.smx
L 07/26/2020 - 23:56:08: [SM] Call stack trace:
L 07/26/2020 - 23:56:08: [SM]   [1] Line 202, restrictinc/events.sp::CS_OnBuyCommand
L 07/26/2020 - 23:56:34: [SM] Exception reported: Array index out-of-bounds (index 64, limit 55)
L 07/26/2020 - 23:56:34: [SM] Blaming: weapon_restrict.smx
L 07/26/2020 - 23:56:34: [SM] Call stack trace:
L 07/26/2020 - 23:56:34: [SM]   [1] Line 202, restrictinc/events.sp::CS_OnBuyCommand
L 07/26/2020 - 23:56:40: [SM] Exception reported: Array index out-of-bounds (index 64, limit 55)
L 07/26/2020 - 23:56:40: [SM] Blaming: weapon_restrict.smx
L 07/26/2020 - 23:56:40: [SM] Call stack trace:
L 07/26/2020 - 23:56:40: [SM]   [1] Line 202, restrictinc/events.sp::CS_OnBuyCommand
L 07/26/2020 - 23:57:28: [SM] Exception reported: Array index out-of-bounds (index 64, limit 55)
L 07/26/2020 - 23:57:28: [SM] Blaming: weapon_restrict.smx
L 07/26/2020 - 23:57:28: [SM] Call stack trace:
L 07/26/2020 - 23:57:28: [SM]   [1] Line 202, restrictinc/events.sp::CS_OnBuyCommand
L 07/26/2020 - 23:57:39: [SM] Exception reported: Language phrase "Player_Connected" not found (arg 3)
L 07/26/2020 - 23:57:39: [SM] Blaming: advadmin.smx
L 07/26/2020 - 23:57:39: [SM] Call stack trace:
L 07/26/2020 - 23:57:39: [SM]   [0] VFormat
L 07/26/2020 - 23:57:39: [SM]   [1] Line 386, /groups/sourcemod/compiler-1.10/include/halflife.inc::PrintToChatAll
L 07/26/2020 - 23:57:39: [SM]   [2] Line 145, /home/groups/sourcemod/upload_tmp/phpRYtiXm.sp::OnClientAuthorized
L 07/26/2020 - 23:57:52: [SM] Exception reported: Array index out-of-bounds (index 64, limit 55)
L 07/26/2020 - 23:57:52: [SM] Blaming: weapon_restrict.smx
L 07/26/2020 - 23:57:52: [SM] Call stack trace:
L 07/26/2020 - 23:57:52: [SM]   [1] Line 202, restrictinc/events.sp::CS_OnBuyCommand
L 07/26/2020 - 23:58:12: [SM] Exception reported: Array index out-of-bounds (index 64, limit 55)
L 07/26/2020 - 23:58:12: [SM] Blaming: weapon_restrict.smx
L 07/26/2020 - 23:58:12: [SM] Call stack trace:
L 07/26/2020 - 23:58:12: [SM]   [1] Line 202, restrictinc/events.sp::CS_OnBuyCommand
L 07/26/2020 - 23:58:28: [SM] Exception reported: Array index out-of-bounds (index 64, limit 55)
L 07/26/2020 - 23:58:28: [SM] Blaming: weapon_restrict.smx
L 07/26/2020 - 23:58:28: [SM] Call stack trace:
L 07/26/2020 - 23:58:28: [SM]   [1] Line 202, restrictinc/events.sp::CS_OnBuyCommand
L 07/26/2020 - 23:59:37: [SM] Exception reported: Array index out-of-bounds (index 64, limit 55)
L 07/26/2020 - 23:59:37: [SM] Blaming: weapon_restrict.smx
L 07/26/2020 - 23:59:37: [SM] Call stack trace:
L 07/26/2020 - 23:59:37: [SM]   [1] Line 202, restrictinc/events.sp::CS_OnBuyCommand
L 07/27/2020 - 00:00:31: Error log file session closed.
