L 01/16/2021 - 00:00:01: SourceMod error session started
L 01/16/2021 - 00:00:01: Info (map "de_bank") (file "/home/tcagame/jackm1/599/csgo/addons/sourcemod/logs/errors_20210116.log")
L 01/16/2021 - 00:00:01: [SM] Exception reported: Array index out-of-bounds (index 64, limit 55)
L 01/16/2021 - 00:00:01: [SM] Blaming: weapon_restrict.smx
L 01/16/2021 - 00:00:01: [SM] Call stack trace:
L 01/16/2021 - 00:00:01: [SM]   [1] Line 202, restrictinc/events.sp::CS_OnBuyCommand
L 01/16/2021 - 00:00:02: [SM] Exception reported: Array index out-of-bounds (index 64, limit 55)
L 01/16/2021 - 00:00:02: [SM] Blaming: weapon_restrict.smx
L 01/16/2021 - 00:00:02: [SM] Call stack trace:
L 01/16/2021 - 00:00:02: [SM]   [1] Line 202, restrictinc/events.sp::CS_OnBuyCommand
L 01/16/2021 - 00:00:02: [SM] Exception reported: Array index out-of-bounds (index 64, limit 55)
L 01/16/2021 - 00:00:02: [SM] Blaming: weapon_restrict.smx
L 01/16/2021 - 00:00:02: [SM] Call stack trace:
L 01/16/2021 - 00:00:02: [SM]   [1] Line 202, restrictinc/events.sp::CS_OnBuyCommand
L 01/16/2021 - 00:00:03: [SM] Exception reported: Array index out-of-bounds (index 64, limit 55)
L 01/16/2021 - 00:00:03: [SM] Blaming: weapon_restrict.smx
L 01/16/2021 - 00:00:03: [SM] Call stack trace:
L 01/16/2021 - 00:00:03: [SM]   [1] Line 202, restrictinc/events.sp::CS_OnBuyCommand
L 01/16/2021 - 00:00:43: [SM] Exception reported: Array index out-of-bounds (index 64, limit 55)
L 01/16/2021 - 00:00:43: [SM] Blaming: weapon_restrict.smx
L 01/16/2021 - 00:00:43: [SM] Call stack trace:
L 01/16/2021 - 00:00:43: [SM]   [1] Line 202, restrictinc/events.sp::CS_OnBuyCommand
L 01/16/2021 - 01:55:49: Error log file session closed.
L 01/16/2021 - 01:55:49: SourceMod error session started
L 01/16/2021 - 01:55:49: Info (map "de_bank") (file "/home/tcagame/jackm1/599/csgo/addons/sourcemod/logs/errors_20210116.log")
L 01/16/2021 - 01:55:49: [SM] Fatal error encountered parsing translation file "advadmin.phrases.txt"
L 01/16/2021 - 01:55:49: [SM] Error (line 0, column 0): Stream failed to open
L 01/16/2021 - 01:56:20: [SM] Exception reported: Language phrase "Player_Connected_From" not found (arg 3)
L 01/16/2021 - 01:56:20: [SM] Blaming: advadmin.smx
L 01/16/2021 - 01:56:20: [SM] Call stack trace:
L 01/16/2021 - 01:56:20: [SM]   [0] VFormat
L 01/16/2021 - 01:56:20: [SM]   [1] Line 386, /groups/sourcemod/compiler-1.10/include/halflife.inc::PrintToChatAll
L 01/16/2021 - 01:56:20: [SM]   [2] Line 141, /home/groups/sourcemod/upload_tmp/phpRYtiXm.sp::OnClientAuthorized
L 01/16/2021 - 01:56:22: [SM] Exception reported: Language phrase "Player_Connected_From" not found (arg 3)
L 01/16/2021 - 01:56:22: [SM] Blaming: advadmin.smx
L 01/16/2021 - 01:56:22: [SM] Call stack trace:
L 01/16/2021 - 01:56:22: [SM]   [0] VFormat
L 01/16/2021 - 01:56:22: [SM]   [1] Line 386, /groups/sourcemod/compiler-1.10/include/halflife.inc::PrintToChatAll
L 01/16/2021 - 01:56:22: [SM]   [2] Line 141, /home/groups/sourcemod/upload_tmp/phpRYtiXm.sp::OnClientAuthorized
L 01/16/2021 - 01:56:23: [SM] Exception reported: Language phrase "Player_Connected_From" not found (arg 3)
L 01/16/2021 - 01:56:23: [SM] Blaming: advadmin.smx
L 01/16/2021 - 01:56:23: [SM] Call stack trace:
L 01/16/2021 - 01:56:23: [SM]   [0] VFormat
L 01/16/2021 - 01:56:23: [SM]   [1] Line 386, /groups/sourcemod/compiler-1.10/include/halflife.inc::PrintToChatAll
L 01/16/2021 - 01:56:23: [SM]   [2] Line 141, /home/groups/sourcemod/upload_tmp/phpRYtiXm.sp::OnClientAuthorized
L 01/16/2021 - 01:56:41: [SM] Exception reported: Array index out-of-bounds (index 64, limit 55)
L 01/16/2021 - 01:56:41: [SM] Blaming: weapon_restrict.smx
L 01/16/2021 - 01:56:41: [SM] Call stack trace:
L 01/16/2021 - 01:56:41: [SM]   [1] Line 202, restrictinc/events.sp::CS_OnBuyCommand
L 01/16/2021 - 01:57:10: [SM] Exception reported: Array index out-of-bounds (index 64, limit 55)
L 01/16/2021 - 01:57:10: [SM] Blaming: weapon_restrict.smx
L 01/16/2021 - 01:57:10: [SM] Call stack trace:
L 01/16/2021 - 01:57:10: [SM]   [1] Line 202, restrictinc/events.sp::CS_OnBuyCommand
L 01/16/2021 - 01:57:11: [SM] Exception reported: Array index out-of-bounds (index 64, limit 55)
L 01/16/2021 - 01:57:11: [SM] Blaming: weapon_restrict.smx
L 01/16/2021 - 01:57:11: [SM] Call stack trace:
L 01/16/2021 - 01:57:11: [SM]   [1] Line 202, restrictinc/events.sp::CS_OnBuyCommand
L 01/16/2021 - 01:57:30: [SM] Exception reported: Array index out-of-bounds (index 64, limit 55)
L 01/16/2021 - 01:57:30: [SM] Blaming: weapon_restrict.smx
L 01/16/2021 - 01:57:30: [SM] Call stack trace:
L 01/16/2021 - 01:57:30: [SM]   [1] Line 202, restrictinc/events.sp::CS_OnBuyCommand
L 01/16/2021 - 01:57:42: [SM] Exception reported: Array index out-of-bounds (index 64, limit 55)
L 01/16/2021 - 01:57:42: [SM] Blaming: weapon_restrict.smx
L 01/16/2021 - 01:57:42: [SM] Call stack trace:
L 01/16/2021 - 01:57:42: [SM]   [1] Line 202, restrictinc/events.sp::CS_OnBuyCommand
L 01/16/2021 - 01:58:35: [SM] Exception reported: Array index out-of-bounds (index 64, limit 55)
L 01/16/2021 - 01:58:35: [SM] Blaming: weapon_restrict.smx
L 01/16/2021 - 01:58:35: [SM] Call stack trace:
L 01/16/2021 - 01:58:35: [SM]   [1] Line 202, restrictinc/events.sp::CS_OnBuyCommand
L 01/16/2021 - 01:58:40: [SM] Exception reported: Array index out-of-bounds (index 64, limit 55)
L 01/16/2021 - 01:58:40: [SM] Blaming: weapon_restrict.smx
L 01/16/2021 - 01:58:40: [SM] Call stack trace:
L 01/16/2021 - 01:58:40: [SM]   [1] Line 202, restrictinc/events.sp::CS_OnBuyCommand
L 01/16/2021 - 01:58:41: [SM] Exception reported: Array index out-of-bounds (index 64, limit 55)
L 01/16/2021 - 01:58:41: [SM] Blaming: weapon_restrict.smx
L 01/16/2021 - 01:58:41: [SM] Call stack trace:
L 01/16/2021 - 01:58:41: [SM]   [1] Line 202, restrictinc/events.sp::CS_OnBuyCommand
L 01/16/2021 - 02:00:31: [SM] Exception reported: Array index out-of-bounds (index 64, limit 55)
L 01/16/2021 - 02:00:31: [SM] Blaming: weapon_restrict.smx
L 01/16/2021 - 02:00:31: [SM] Call stack trace:
L 01/16/2021 - 02:00:31: [SM]   [1] Line 202, restrictinc/events.sp::CS_OnBuyCommand
L 01/16/2021 - 02:01:03: [SM] Exception reported: Array index out-of-bounds (index 64, limit 55)
L 01/16/2021 - 02:01:03: [SM] Blaming: weapon_restrict.smx
L 01/16/2021 - 02:01:03: [SM] Call stack trace:
L 01/16/2021 - 02:01:03: [SM]   [1] Line 202, restrictinc/events.sp::CS_OnBuyCommand
L 01/16/2021 - 02:02:02: [SM] Exception reported: Array index out-of-bounds (index 64, limit 55)
L 01/16/2021 - 02:02:02: [SM] Blaming: weapon_restrict.smx
L 01/16/2021 - 02:02:02: [SM] Call stack trace:
L 01/16/2021 - 02:02:02: [SM]   [1] Line 202, restrictinc/events.sp::CS_OnBuyCommand
L 01/16/2021 - 02:05:20: [SM] Exception reported: Array index out-of-bounds (index 64, limit 55)
L 01/16/2021 - 02:05:20: [SM] Blaming: weapon_restrict.smx
L 01/16/2021 - 02:05:20: [SM] Call stack trace:
L 01/16/2021 - 02:05:20: [SM]   [1] Line 202, restrictinc/events.sp::CS_OnBuyCommand
L 01/16/2021 - 02:06:18: [SM] Exception reported: Language phrase "Player_Connected_From" not found (arg 3)
L 01/16/2021 - 02:06:18: [SM] Blaming: advadmin.smx
L 01/16/2021 - 02:06:18: [SM] Call stack trace:
L 01/16/2021 - 02:06:18: [SM]   [0] VFormat
L 01/16/2021 - 02:06:18: [SM]   [1] Line 386, /groups/sourcemod/compiler-1.10/include/halflife.inc::PrintToChatAll
L 01/16/2021 - 02:06:18: [SM]   [2] Line 141, /home/groups/sourcemod/upload_tmp/phpRYtiXm.sp::OnClientAuthorized
L 01/16/2021 - 02:06:33: [SM] Exception reported: Array index out-of-bounds (index 64, limit 55)
L 01/16/2021 - 02:06:33: [SM] Blaming: weapon_restrict.smx
L 01/16/2021 - 02:06:33: [SM] Call stack trace:
L 01/16/2021 - 02:06:33: [SM]   [1] Line 202, restrictinc/events.sp::CS_OnBuyCommand
L 01/16/2021 - 02:07:16: [SM] Exception reported: Array index out-of-bounds (index 64, limit 55)
L 01/16/2021 - 02:07:16: [SM] Blaming: weapon_restrict.smx
L 01/16/2021 - 02:07:16: [SM] Call stack trace:
L 01/16/2021 - 02:07:16: [SM]   [1] Line 202, restrictinc/events.sp::CS_OnBuyCommand
L 01/16/2021 - 02:07:55: [SM] Exception reported: Array index out-of-bounds (index 64, limit 55)
L 01/16/2021 - 02:07:55: [SM] Blaming: weapon_restrict.smx
L 01/16/2021 - 02:07:55: [SM] Call stack trace:
L 01/16/2021 - 02:07:55: [SM]   [1] Line 202, restrictinc/events.sp::CS_OnBuyCommand
L 01/16/2021 - 02:09:04: [SM] Exception reported: Array index out-of-bounds (index 64, limit 55)
L 01/16/2021 - 02:09:04: [SM] Blaming: weapon_restrict.smx
L 01/16/2021 - 02:09:04: [SM] Call stack trace:
L 01/16/2021 - 02:09:04: [SM]   [1] Line 202, restrictinc/events.sp::CS_OnBuyCommand
L 01/16/2021 - 02:10:16: [SM] Exception reported: Array index out-of-bounds (index 64, limit 55)
L 01/16/2021 - 02:10:16: [SM] Blaming: weapon_restrict.smx
L 01/16/2021 - 02:10:16: [SM] Call stack trace:
L 01/16/2021 - 02:10:16: [SM]   [1] Line 202, restrictinc/events.sp::CS_OnBuyCommand
L 01/16/2021 - 02:11:56: [SM] Exception reported: Language phrase "Player_Connected_From" not found (arg 3)
L 01/16/2021 - 02:11:56: [SM] Blaming: advadmin.smx
L 01/16/2021 - 02:11:56: [SM] Call stack trace:
L 01/16/2021 - 02:11:56: [SM]   [0] VFormat
L 01/16/2021 - 02:11:56: [SM]   [1] Line 386, /groups/sourcemod/compiler-1.10/include/halflife.inc::PrintToChatAll
L 01/16/2021 - 02:11:56: [SM]   [2] Line 141, /home/groups/sourcemod/upload_tmp/phpRYtiXm.sp::OnClientAuthorized
L 01/16/2021 - 02:44:55: Error log file session closed.
L 01/16/2021 - 02:44:55: SourceMod error session started
L 01/16/2021 - 02:44:55: Info (map "de_bank") (file "/home/tcagame/jackm1/599/csgo/addons/sourcemod/logs/errors_20210116.log")
L 01/16/2021 - 02:44:55: [SM] Fatal error encountered parsing translation file "advadmin.phrases.txt"
L 01/16/2021 - 02:44:55: [SM] Error (line 0, column 0): Stream failed to open
L 01/16/2021 - 02:45:35: Error log file session closed.
L 01/16/2021 - 02:45:35: SourceMod error session started
L 01/16/2021 - 02:45:35: Info (map "de_bank") (file "/home/tcagame/jackm1/599/csgo/addons/sourcemod/logs/errors_20210116.log")
L 01/16/2021 - 02:45:35: [SM] Fatal error encountered parsing translation file "advadmin.phrases.txt"
L 01/16/2021 - 02:45:35: [SM] Error (line 0, column 0): Stream failed to open
L 01/16/2021 - 02:50:38: [SM] Exception reported: Language phrase "Player_Connected_From" not found (arg 3)
L 01/16/2021 - 02:50:38: [SM] Blaming: advadmin.smx
L 01/16/2021 - 02:50:38: [SM] Call stack trace:
L 01/16/2021 - 02:50:38: [SM]   [0] VFormat
L 01/16/2021 - 02:50:38: [SM]   [1] Line 386, /groups/sourcemod/compiler-1.10/include/halflife.inc::PrintToChatAll
L 01/16/2021 - 02:50:38: [SM]   [2] Line 141, /home/groups/sourcemod/upload_tmp/phpRYtiXm.sp::OnClientAuthorized
L 01/16/2021 - 02:50:44: [SM] Exception reported: Language phrase "Player_Connected_From" not found (arg 3)
L 01/16/2021 - 02:50:44: [SM] Blaming: advadmin.smx
L 01/16/2021 - 02:50:44: [SM] Call stack trace:
L 01/16/2021 - 02:50:44: [SM]   [0] VFormat
L 01/16/2021 - 02:50:44: [SM]   [1] Line 386, /groups/sourcemod/compiler-1.10/include/halflife.inc::PrintToChatAll
L 01/16/2021 - 02:50:44: [SM]   [2] Line 141, /home/groups/sourcemod/upload_tmp/phpRYtiXm.sp::OnClientAuthorized
L 01/16/2021 - 02:50:55: Error log file session closed.
L 01/16/2021 - 02:50:55: SourceMod error session started
L 01/16/2021 - 02:50:55: Info (map "de_nuke") (file "/home/tcagame/jackm1/599/csgo/addons/sourcemod/logs/errors_20210116.log")
L 01/16/2021 - 02:50:55: [SM] Fatal error encountered parsing translation file "advadmin.phrases.txt"
L 01/16/2021 - 02:50:55: [SM] Error (line 0, column 0): Stream failed to open
L 01/16/2021 - 02:56:11: [SM] Exception reported: Array index out-of-bounds (index 64, limit 55)
L 01/16/2021 - 02:56:11: [SM] Blaming: weapon_restrict.smx
L 01/16/2021 - 02:56:11: [SM] Call stack trace:
L 01/16/2021 - 02:56:11: [SM]   [1] Line 202, restrictinc/events.sp::CS_OnBuyCommand
L 01/16/2021 - 02:56:17: Error log file session closed.
L 01/16/2021 - 02:56:17: SourceMod error session started
L 01/16/2021 - 02:56:17: Info (map "cs_italy") (file "/home/tcagame/jackm1/599/csgo/addons/sourcemod/logs/errors_20210116.log")
L 01/16/2021 - 02:56:17: [SM] Fatal error encountered parsing translation file "advadmin.phrases.txt"
L 01/16/2021 - 02:56:17: [SM] Error (line 0, column 0): Stream failed to open
L 01/16/2021 - 03:01:35: [SM] Exception reported: Array index out-of-bounds (index 64, limit 55)
L 01/16/2021 - 03:01:35: [SM] Blaming: weapon_restrict.smx
L 01/16/2021 - 03:01:35: [SM] Call stack trace:
L 01/16/2021 - 03:01:35: [SM]   [1] Line 202, restrictinc/events.sp::CS_OnBuyCommand
L 01/16/2021 - 03:07:30: [SM] Exception reported: Array index out-of-bounds (index 64, limit 55)
L 01/16/2021 - 03:07:30: [SM] Blaming: weapon_restrict.smx
L 01/16/2021 - 03:07:30: [SM] Call stack trace:
L 01/16/2021 - 03:07:30: [SM]   [1] Line 202, restrictinc/events.sp::CS_OnBuyCommand
L 01/16/2021 - 17:23:08: Error log file session closed.
L 01/16/2021 - 17:23:08: SourceMod error session started
L 01/16/2021 - 17:23:08: Info (map "cs_italy") (file "/home/tcagame/jackm1/599/csgo/addons/sourcemod/logs/errors_20210116.log")
L 01/16/2021 - 17:23:08: [SM] Fatal error encountered parsing translation file "advadmin.phrases.txt"
L 01/16/2021 - 17:23:08: [SM] Error (line 0, column 0): Stream failed to open
L 01/16/2021 - 17:23:21: [SM] Exception reported: Array index out-of-bounds (index 64, limit 55)
L 01/16/2021 - 17:23:21: [SM] Blaming: weapon_restrict.smx
L 01/16/2021 - 17:23:21: [SM] Call stack trace:
L 01/16/2021 - 17:23:21: [SM]   [1] Line 202, restrictinc/events.sp::CS_OnBuyCommand
L 01/16/2021 - 17:23:22: [SM] Exception reported: Array index out-of-bounds (index 64, limit 55)
L 01/16/2021 - 17:23:22: [SM] Blaming: weapon_restrict.smx
L 01/16/2021 - 17:23:22: [SM] Call stack trace:
L 01/16/2021 - 17:23:22: [SM]   [1] Line 202, restrictinc/events.sp::CS_OnBuyCommand
L 01/17/2021 - 15:00:13: Error log file session closed.
