L 11/12/2020 - 00:00:51: SourceMod error session started
L 11/12/2020 - 00:00:51: Info (map "cs_militia") (file "/home/tcagame/jackm1/527/csgo/addons/sourcemod/logs/errors_20201112.log")
L 11/12/2020 - 00:00:51: [SM] Exception reported: Array index out-of-bounds (index 64, limit 55)
L 11/12/2020 - 00:00:51: [SM] Blaming: weapon_restrict.smx
L 11/12/2020 - 00:00:51: [SM] Call stack trace:
L 11/12/2020 - 00:00:51: [SM]   [1] Line 202, restrictinc/events.sp::CS_OnBuyCommand
L 11/12/2020 - 00:00:53: [SM] Exception reported: Array index out-of-bounds (index 64, limit 55)
L 11/12/2020 - 00:00:53: [SM] Blaming: weapon_restrict.smx
L 11/12/2020 - 00:00:53: [SM] Call stack trace:
L 11/12/2020 - 00:00:53: [SM]   [1] Line 202, restrictinc/events.sp::CS_OnBuyCommand
L 11/12/2020 - 00:01:33: [SM] Exception reported: Array index out-of-bounds (index 64, limit 55)
L 11/12/2020 - 00:01:33: [SM] Blaming: weapon_restrict.smx
L 11/12/2020 - 00:01:33: [SM] Call stack trace:
L 11/12/2020 - 00:01:33: [SM]   [1] Line 202, restrictinc/events.sp::CS_OnBuyCommand
L 11/12/2020 - 00:02:28: [SM] Exception reported: Array index out-of-bounds (index 64, limit 55)
L 11/12/2020 - 00:02:28: [SM] Blaming: weapon_restrict.smx
L 11/12/2020 - 00:02:28: [SM] Call stack trace:
L 11/12/2020 - 00:02:28: [SM]   [1] Line 202, restrictinc/events.sp::CS_OnBuyCommand
L 11/12/2020 - 00:02:34: [SM] Exception reported: Array index out-of-bounds (index 64, limit 55)
L 11/12/2020 - 00:02:34: [SM] Blaming: weapon_restrict.smx
L 11/12/2020 - 00:02:34: [SM] Call stack trace:
L 11/12/2020 - 00:02:34: [SM]   [1] Line 202, restrictinc/events.sp::CS_OnBuyCommand
L 11/12/2020 - 00:03:12: [SM] Exception reported: Array index out-of-bounds (index 64, limit 55)
L 11/12/2020 - 00:03:12: [SM] Blaming: weapon_restrict.smx
L 11/12/2020 - 00:03:12: [SM] Call stack trace:
L 11/12/2020 - 00:03:12: [SM]   [1] Line 202, restrictinc/events.sp::CS_OnBuyCommand
L 11/12/2020 - 00:03:17: [SM] Exception reported: Array index out-of-bounds (index 64, limit 55)
L 11/12/2020 - 00:03:17: [SM] Blaming: weapon_restrict.smx
L 11/12/2020 - 00:03:17: [SM] Call stack trace:
L 11/12/2020 - 00:03:17: [SM]   [1] Line 202, restrictinc/events.sp::CS_OnBuyCommand
L 11/12/2020 - 00:04:15: [SM] Exception reported: Array index out-of-bounds (index 64, limit 55)
L 11/12/2020 - 00:04:15: [SM] Blaming: weapon_restrict.smx
L 11/12/2020 - 00:04:15: [SM] Call stack trace:
L 11/12/2020 - 00:04:15: [SM]   [1] Line 202, restrictinc/events.sp::CS_OnBuyCommand
L 11/12/2020 - 00:04:20: [SM] Exception reported: Array index out-of-bounds (index 64, limit 55)
L 11/12/2020 - 00:04:20: [SM] Blaming: weapon_restrict.smx
L 11/12/2020 - 00:04:20: [SM] Call stack trace:
L 11/12/2020 - 00:04:20: [SM]   [1] Line 202, restrictinc/events.sp::CS_OnBuyCommand
L 11/12/2020 - 00:10:48: [SM] Exception reported: Language phrase "Player_Connected_From" not found (arg 3)
L 11/12/2020 - 00:10:48: [SM] Blaming: advadmin.smx
L 11/12/2020 - 00:10:48: [SM] Call stack trace:
L 11/12/2020 - 00:10:48: [SM]   [0] VFormat
L 11/12/2020 - 00:10:48: [SM]   [1] Line 386, /groups/sourcemod/compiler-1.10/include/halflife.inc::PrintToChatAll
L 11/12/2020 - 00:10:48: [SM]   [2] Line 141, /home/groups/sourcemod/upload_tmp/phpRYtiXm.sp::OnClientAuthorized
L 11/12/2020 - 00:11:58: [SM] Exception reported: Array index out-of-bounds (index 64, limit 55)
L 11/12/2020 - 00:11:58: [SM] Blaming: weapon_restrict.smx
L 11/12/2020 - 00:11:58: [SM] Call stack trace:
L 11/12/2020 - 00:11:58: [SM]   [1] Line 202, restrictinc/events.sp::CS_OnBuyCommand
L 11/12/2020 - 00:13:31: [SM] Exception reported: Array index out-of-bounds (index 64, limit 55)
L 11/12/2020 - 00:13:31: [SM] Blaming: weapon_restrict.smx
L 11/12/2020 - 00:13:31: [SM] Call stack trace:
L 11/12/2020 - 00:13:31: [SM]   [1] Line 202, restrictinc/events.sp::CS_OnBuyCommand
L 11/12/2020 - 00:15:37: [SM] Exception reported: Array index out-of-bounds (index 64, limit 55)
L 11/12/2020 - 00:15:37: [SM] Blaming: weapon_restrict.smx
L 11/12/2020 - 00:15:37: [SM] Call stack trace:
L 11/12/2020 - 00:15:37: [SM]   [1] Line 202, restrictinc/events.sp::CS_OnBuyCommand
L 11/12/2020 - 00:17:47: [SM] Exception reported: Array index out-of-bounds (index 64, limit 55)
L 11/12/2020 - 00:17:47: [SM] Blaming: weapon_restrict.smx
L 11/12/2020 - 00:17:47: [SM] Call stack trace:
L 11/12/2020 - 00:17:47: [SM]   [1] Line 202, restrictinc/events.sp::CS_OnBuyCommand
L 11/12/2020 - 00:19:48: [SM] Exception reported: Array index out-of-bounds (index 64, limit 55)
L 11/12/2020 - 00:19:48: [SM] Blaming: weapon_restrict.smx
L 11/12/2020 - 00:19:48: [SM] Call stack trace:
L 11/12/2020 - 00:19:48: [SM]   [1] Line 202, restrictinc/events.sp::CS_OnBuyCommand
L 11/12/2020 - 00:22:21: [SM] Exception reported: Array index out-of-bounds (index 64, limit 55)
L 11/12/2020 - 00:22:21: [SM] Blaming: weapon_restrict.smx
L 11/12/2020 - 00:22:21: [SM] Call stack trace:
L 11/12/2020 - 00:22:21: [SM]   [1] Line 202, restrictinc/events.sp::CS_OnBuyCommand
L 11/12/2020 - 00:22:21: [SM] Exception reported: Array index out-of-bounds (index 64, limit 55)
L 11/12/2020 - 00:22:21: [SM] Blaming: weapon_restrict.smx
L 11/12/2020 - 00:22:21: [SM] Call stack trace:
L 11/12/2020 - 00:22:21: [SM]   [1] Line 202, restrictinc/events.sp::CS_OnBuyCommand
L 11/12/2020 - 00:22:21: [SM] Exception reported: Array index out-of-bounds (index 64, limit 55)
L 11/12/2020 - 00:22:21: [SM] Blaming: weapon_restrict.smx
L 11/12/2020 - 00:22:21: [SM] Call stack trace:
L 11/12/2020 - 00:22:21: [SM]   [1] Line 202, restrictinc/events.sp::CS_OnBuyCommand
L 11/12/2020 - 00:22:21: [SM] Exception reported: Array index out-of-bounds (index 64, limit 55)
L 11/12/2020 - 00:22:21: [SM] Blaming: weapon_restrict.smx
L 11/12/2020 - 00:22:21: [SM] Call stack trace:
L 11/12/2020 - 00:22:21: [SM]   [1] Line 202, restrictinc/events.sp::CS_OnBuyCommand
L 11/12/2020 - 00:23:14: [SM] Exception reported: Array index out-of-bounds (index 64, limit 55)
L 11/12/2020 - 00:23:14: [SM] Blaming: weapon_restrict.smx
L 11/12/2020 - 00:23:14: [SM] Call stack trace:
L 11/12/2020 - 00:23:14: [SM]   [1] Line 202, restrictinc/events.sp::CS_OnBuyCommand
L 11/12/2020 - 00:23:19: [SM] Exception reported: Array index out-of-bounds (index 64, limit 55)
L 11/12/2020 - 00:23:19: [SM] Blaming: weapon_restrict.smx
L 11/12/2020 - 00:23:19: [SM] Call stack trace:
L 11/12/2020 - 00:23:19: [SM]   [1] Line 202, restrictinc/events.sp::CS_OnBuyCommand
L 11/12/2020 - 00:24:13: [SM] Exception reported: Array index out-of-bounds (index 64, limit 55)
L 11/12/2020 - 00:24:13: [SM] Blaming: weapon_restrict.smx
L 11/12/2020 - 00:24:13: [SM] Call stack trace:
L 11/12/2020 - 00:24:13: [SM]   [1] Line 202, restrictinc/events.sp::CS_OnBuyCommand
L 11/12/2020 - 00:25:05: [SM] Exception reported: Array index out-of-bounds (index 64, limit 55)
L 11/12/2020 - 00:25:05: [SM] Blaming: weapon_restrict.smx
L 11/12/2020 - 00:25:05: [SM] Call stack trace:
L 11/12/2020 - 00:25:05: [SM]   [1] Line 202, restrictinc/events.sp::CS_OnBuyCommand
L 11/12/2020 - 00:27:16: [SM] Exception reported: Array index out-of-bounds (index 64, limit 55)
L 11/12/2020 - 00:27:16: [SM] Blaming: weapon_restrict.smx
L 11/12/2020 - 00:27:16: [SM] Call stack trace:
L 11/12/2020 - 00:27:16: [SM]   [1] Line 202, restrictinc/events.sp::CS_OnBuyCommand
L 11/12/2020 - 00:28:33: [SM] Exception reported: Array index out-of-bounds (index 64, limit 55)
L 11/12/2020 - 00:28:33: [SM] Blaming: weapon_restrict.smx
L 11/12/2020 - 00:28:33: [SM] Call stack trace:
L 11/12/2020 - 00:28:33: [SM]   [1] Line 202, restrictinc/events.sp::CS_OnBuyCommand
L 11/12/2020 - 00:29:16: [SM] Exception reported: Array index out-of-bounds (index 64, limit 55)
L 11/12/2020 - 00:29:16: [SM] Blaming: weapon_restrict.smx
L 11/12/2020 - 00:29:16: [SM] Call stack trace:
L 11/12/2020 - 00:29:16: [SM]   [1] Line 202, restrictinc/events.sp::CS_OnBuyCommand
L 11/12/2020 - 00:29:34: [SM] Exception reported: Array index out-of-bounds (index 64, limit 55)
L 11/12/2020 - 00:29:34: [SM] Blaming: weapon_restrict.smx
L 11/12/2020 - 00:29:34: [SM] Call stack trace:
L 11/12/2020 - 00:29:34: [SM]   [1] Line 202, restrictinc/events.sp::CS_OnBuyCommand
L 11/12/2020 - 00:42:32: [SM] Exception reported: Array index out-of-bounds (index 64, limit 55)
L 11/12/2020 - 00:42:32: [SM] Blaming: weapon_restrict.smx
L 11/12/2020 - 00:42:32: [SM] Call stack trace:
L 11/12/2020 - 00:42:32: [SM]   [1] Line 202, restrictinc/events.sp::CS_OnBuyCommand
L 11/12/2020 - 00:49:23: [SM] Exception reported: Array index out-of-bounds (index 64, limit 55)
L 11/12/2020 - 00:49:23: [SM] Blaming: weapon_restrict.smx
L 11/12/2020 - 00:49:23: [SM] Call stack trace:
L 11/12/2020 - 00:49:23: [SM]   [1] Line 202, restrictinc/events.sp::CS_OnBuyCommand
L 11/12/2020 - 00:49:58: [SM] Exception reported: Array index out-of-bounds (index 64, limit 55)
L 11/12/2020 - 00:49:58: [SM] Blaming: weapon_restrict.smx
L 11/12/2020 - 00:49:58: [SM] Call stack trace:
L 11/12/2020 - 00:49:58: [SM]   [1] Line 202, restrictinc/events.sp::CS_OnBuyCommand
L 11/12/2020 - 11:35:03: Error log file session closed.
L 11/12/2020 - 11:35:03: SourceMod error session started
L 11/12/2020 - 11:35:03: Info (map "cs_militia") (file "/home/tcagame/jackm1/527/csgo/addons/sourcemod/logs/errors_20201112.log")
L 11/12/2020 - 11:35:03: [SM] Fatal error encountered parsing translation file "advadmin.phrases.txt"
L 11/12/2020 - 11:35:03: [SM] Error (line 0, column 0): Stream failed to open
L 11/12/2020 - 11:36:21: Error log file session closed.
L 11/12/2020 - 11:36:21: SourceMod error session started
L 11/12/2020 - 11:36:21: Info (map "cs_militia") (file "/home/tcagame/jackm1/527/csgo/addons/sourcemod/logs/errors_20201112.log")
L 11/12/2020 - 11:36:21: [SM] Fatal error encountered parsing translation file "advadmin.phrases.txt"
L 11/12/2020 - 11:36:21: [SM] Error (line 0, column 0): Stream failed to open
L 11/12/2020 - 11:36:53: [SM] Exception reported: Array index out-of-bounds (index 64, limit 55)
L 11/12/2020 - 11:36:53: [SM] Blaming: weapon_restrict.smx
L 11/12/2020 - 11:36:53: [SM] Call stack trace:
L 11/12/2020 - 11:36:53: [SM]   [1] Line 202, restrictinc/events.sp::CS_OnBuyCommand
L 11/12/2020 - 11:36:53: [SM] Exception reported: Array index out-of-bounds (index 64, limit 55)
L 11/12/2020 - 11:36:53: [SM] Blaming: weapon_restrict.smx
L 11/12/2020 - 11:36:53: [SM] Call stack trace:
L 11/12/2020 - 11:36:53: [SM]   [1] Line 202, restrictinc/events.sp::CS_OnBuyCommand
L 11/12/2020 - 11:37:03: [SM] Exception reported: Array index out-of-bounds (index 64, limit 55)
L 11/12/2020 - 11:37:03: [SM] Blaming: weapon_restrict.smx
L 11/12/2020 - 11:37:03: [SM] Call stack trace:
L 11/12/2020 - 11:37:03: [SM]   [1] Line 202, restrictinc/events.sp::CS_OnBuyCommand
L 11/12/2020 - 11:37:08: [SM] Exception reported: Array index out-of-bounds (index 64, limit 55)
L 11/12/2020 - 11:37:08: [SM] Blaming: weapon_restrict.smx
L 11/12/2020 - 11:37:08: [SM] Call stack trace:
L 11/12/2020 - 11:37:08: [SM]   [1] Line 202, restrictinc/events.sp::CS_OnBuyCommand
L 11/12/2020 - 11:37:52: [SM] Exception reported: Language phrase "Player_Connected_From" not found (arg 3)
L 11/12/2020 - 11:37:52: [SM] Blaming: advadmin.smx
L 11/12/2020 - 11:37:52: [SM] Call stack trace:
L 11/12/2020 - 11:37:52: [SM]   [0] VFormat
L 11/12/2020 - 11:37:52: [SM]   [1] Line 386, /groups/sourcemod/compiler-1.10/include/halflife.inc::PrintToChatAll
L 11/12/2020 - 11:37:52: [SM]   [2] Line 141, /home/groups/sourcemod/upload_tmp/phpRYtiXm.sp::OnClientAuthorized
L 11/12/2020 - 11:38:05: Error log file session closed.
L 11/12/2020 - 11:38:05: SourceMod error session started
L 11/12/2020 - 11:38:05: Info (map "de_overpass") (file "/home/tcagame/jackm1/527/csgo/addons/sourcemod/logs/errors_20201112.log")
L 11/12/2020 - 11:38:05: [SM] Fatal error encountered parsing translation file "advadmin.phrases.txt"
L 11/12/2020 - 11:38:05: [SM] Error (line 0, column 0): Stream failed to open
L 11/12/2020 - 11:38:15: [SM] Exception reported: Language phrase "Player_Connected_From" not found (arg 3)
L 11/12/2020 - 11:38:15: [SM] Blaming: advadmin.smx
L 11/12/2020 - 11:38:15: [SM] Call stack trace:
L 11/12/2020 - 11:38:15: [SM]   [0] VFormat
L 11/12/2020 - 11:38:15: [SM]   [1] Line 386, /groups/sourcemod/compiler-1.10/include/halflife.inc::PrintToChatAll
L 11/12/2020 - 11:38:15: [SM]   [2] Line 141, /home/groups/sourcemod/upload_tmp/phpRYtiXm.sp::OnClientAuthorized
L 11/12/2020 - 11:38:20: [SM] Exception reported: Array index out-of-bounds (index 64, limit 55)
L 11/12/2020 - 11:38:20: [SM] Blaming: weapon_restrict.smx
L 11/12/2020 - 11:38:20: [SM] Call stack trace:
L 11/12/2020 - 11:38:20: [SM]   [1] Line 202, restrictinc/events.sp::CS_OnBuyCommand
L 11/12/2020 - 11:38:23: [SM] Exception reported: Array index out-of-bounds (index 64, limit 55)
L 11/12/2020 - 11:38:23: [SM] Blaming: weapon_restrict.smx
L 11/12/2020 - 11:38:23: [SM] Call stack trace:
L 11/12/2020 - 11:38:23: [SM]   [1] Line 202, restrictinc/events.sp::CS_OnBuyCommand
L 11/12/2020 - 11:40:06: [SM] Exception reported: Array index out-of-bounds (index 64, limit 55)
L 11/12/2020 - 11:40:06: [SM] Blaming: weapon_restrict.smx
L 11/12/2020 - 11:40:06: [SM] Call stack trace:
L 11/12/2020 - 11:40:06: [SM]   [1] Line 202, restrictinc/events.sp::CS_OnBuyCommand
L 11/12/2020 - 11:41:36: [SM] Exception reported: Array index out-of-bounds (index 64, limit 55)
L 11/12/2020 - 11:41:36: [SM] Blaming: weapon_restrict.smx
L 11/12/2020 - 11:41:36: [SM] Call stack trace:
L 11/12/2020 - 11:41:36: [SM]   [1] Line 202, restrictinc/events.sp::CS_OnBuyCommand
L 11/12/2020 - 11:42:20: [SM] Exception reported: Array index out-of-bounds (index 64, limit 55)
L 11/12/2020 - 11:42:20: [SM] Blaming: weapon_restrict.smx
L 11/12/2020 - 11:42:20: [SM] Call stack trace:
L 11/12/2020 - 11:42:20: [SM]   [1] Line 202, restrictinc/events.sp::CS_OnBuyCommand
L 11/12/2020 - 11:43:01: [SM] Exception reported: Array index out-of-bounds (index 64, limit 55)
L 11/12/2020 - 11:43:01: [SM] Blaming: weapon_restrict.smx
L 11/12/2020 - 11:43:01: [SM] Call stack trace:
L 11/12/2020 - 11:43:01: [SM]   [1] Line 202, restrictinc/events.sp::CS_OnBuyCommand
L 11/12/2020 - 11:44:05: [SM] Exception reported: Array index out-of-bounds (index 64, limit 55)
L 11/12/2020 - 11:44:05: [SM] Blaming: weapon_restrict.smx
L 11/12/2020 - 11:44:05: [SM] Call stack trace:
L 11/12/2020 - 11:44:05: [SM]   [1] Line 202, restrictinc/events.sp::CS_OnBuyCommand
L 11/12/2020 - 11:44:27: [SM] Exception reported: Array index out-of-bounds (index 64, limit 55)
L 11/12/2020 - 11:44:27: [SM] Blaming: weapon_restrict.smx
L 11/12/2020 - 11:44:27: [SM] Call stack trace:
L 11/12/2020 - 11:44:27: [SM]   [1] Line 202, restrictinc/events.sp::CS_OnBuyCommand
L 11/12/2020 - 11:45:07: [SM] Exception reported: Array index out-of-bounds (index 64, limit 55)
L 11/12/2020 - 11:45:07: [SM] Blaming: weapon_restrict.smx
L 11/12/2020 - 11:45:07: [SM] Call stack trace:
L 11/12/2020 - 11:45:07: [SM]   [1] Line 202, restrictinc/events.sp::CS_OnBuyCommand
L 11/12/2020 - 12:20:37: Error log file session closed.
L 11/12/2020 - 12:20:37: SourceMod error session started
L 11/12/2020 - 12:20:37: Info (map "de_overpass") (file "/home/tcagame/jackm1/527/csgo/addons/sourcemod/logs/errors_20201112.log")
L 11/12/2020 - 12:20:37: [SM] Fatal error encountered parsing translation file "advadmin.phrases.txt"
L 11/12/2020 - 12:20:37: [SM] Error (line 0, column 0): Stream failed to open
L 11/12/2020 - 12:21:09: [SM] Exception reported: Array index out-of-bounds (index 64, limit 55)
L 11/12/2020 - 12:21:09: [SM] Blaming: weapon_restrict.smx
L 11/12/2020 - 12:21:09: [SM] Call stack trace:
L 11/12/2020 - 12:21:09: [SM]   [1] Line 202, restrictinc/events.sp::CS_OnBuyCommand
L 11/12/2020 - 12:22:01: [SM] Exception reported: Language phrase "Player_Connected_From" not found (arg 3)
L 11/12/2020 - 12:22:01: [SM] Blaming: advadmin.smx
L 11/12/2020 - 12:22:01: [SM] Call stack trace:
L 11/12/2020 - 12:22:01: [SM]   [0] VFormat
L 11/12/2020 - 12:22:01: [SM]   [1] Line 386, /groups/sourcemod/compiler-1.10/include/halflife.inc::PrintToChatAll
L 11/12/2020 - 12:22:01: [SM]   [2] Line 141, /home/groups/sourcemod/upload_tmp/phpRYtiXm.sp::OnClientAuthorized
L 11/12/2020 - 12:24:42: [SM] Exception reported: Language phrase "Player_Connected_From" not found (arg 3)
L 11/12/2020 - 12:24:42: [SM] Blaming: advadmin.smx
L 11/12/2020 - 12:24:42: [SM] Call stack trace:
L 11/12/2020 - 12:24:42: [SM]   [0] VFormat
L 11/12/2020 - 12:24:42: [SM]   [1] Line 386, /groups/sourcemod/compiler-1.10/include/halflife.inc::PrintToChatAll
L 11/12/2020 - 12:24:42: [SM]   [2] Line 141, /home/groups/sourcemod/upload_tmp/phpRYtiXm.sp::OnClientAuthorized
L 11/12/2020 - 12:24:58: [SM] Exception reported: Array index out-of-bounds (index 64, limit 55)
L 11/12/2020 - 12:24:58: [SM] Blaming: weapon_restrict.smx
L 11/12/2020 - 12:24:58: [SM] Call stack trace:
L 11/12/2020 - 12:24:58: [SM]   [1] Line 202, restrictinc/events.sp::CS_OnBuyCommand
L 11/12/2020 - 12:25:13: [SM] Exception reported: Array index out-of-bounds (index 64, limit 55)
L 11/12/2020 - 12:25:13: [SM] Blaming: weapon_restrict.smx
L 11/12/2020 - 12:25:13: [SM] Call stack trace:
L 11/12/2020 - 12:25:13: [SM]   [1] Line 202, restrictinc/events.sp::CS_OnBuyCommand
L 11/12/2020 - 12:28:38: [SM] Exception reported: Language phrase "Player_Connected_From" not found (arg 3)
L 11/12/2020 - 12:28:38: [SM] Blaming: advadmin.smx
L 11/12/2020 - 12:28:38: [SM] Call stack trace:
L 11/12/2020 - 12:28:38: [SM]   [0] VFormat
L 11/12/2020 - 12:28:38: [SM]   [1] Line 386, /groups/sourcemod/compiler-1.10/include/halflife.inc::PrintToChatAll
L 11/12/2020 - 12:28:38: [SM]   [2] Line 141, /home/groups/sourcemod/upload_tmp/phpRYtiXm.sp::OnClientAuthorized
L 11/12/2020 - 12:33:35: [SM] Exception reported: Array index out-of-bounds (index 64, limit 55)
L 11/12/2020 - 12:33:35: [SM] Blaming: weapon_restrict.smx
L 11/12/2020 - 12:33:35: [SM] Call stack trace:
L 11/12/2020 - 12:33:35: [SM]   [1] Line 202, restrictinc/events.sp::CS_OnBuyCommand
L 11/12/2020 - 12:33:54: [SM] Exception reported: Array index out-of-bounds (index 64, limit 55)
L 11/12/2020 - 12:33:54: [SM] Blaming: weapon_restrict.smx
L 11/12/2020 - 12:33:54: [SM] Call stack trace:
L 11/12/2020 - 12:33:54: [SM]   [1] Line 202, restrictinc/events.sp::CS_OnBuyCommand
L 11/12/2020 - 12:34:40: Error log file session closed.
L 11/12/2020 - 12:34:40: SourceMod error session started
L 11/12/2020 - 12:34:40: Info (map "de_overpass") (file "/home/tcagame/jackm1/527/csgo/addons/sourcemod/logs/errors_20201112.log")
L 11/12/2020 - 12:34:40: [SM] Fatal error encountered parsing translation file "advadmin.phrases.txt"
L 11/12/2020 - 12:34:40: [SM] Error (line 0, column 0): Stream failed to open
L 11/12/2020 - 12:35:23: [SM] Exception reported: Array index out-of-bounds (index 64, limit 55)
L 11/12/2020 - 12:35:23: [SM] Blaming: weapon_restrict.smx
L 11/12/2020 - 12:35:23: [SM] Call stack trace:
L 11/12/2020 - 12:35:23: [SM]   [1] Line 202, restrictinc/events.sp::CS_OnBuyCommand
L 11/12/2020 - 12:36:58: [SM] Exception reported: Array index out-of-bounds (index 64, limit 55)
L 11/12/2020 - 12:36:58: [SM] Blaming: weapon_restrict.smx
L 11/12/2020 - 12:36:58: [SM] Call stack trace:
L 11/12/2020 - 12:36:58: [SM]   [1] Line 202, restrictinc/events.sp::CS_OnBuyCommand
L 11/12/2020 - 12:37:04: [SM] Exception reported: Array index out-of-bounds (index 64, limit 55)
L 11/12/2020 - 12:37:04: [SM] Blaming: weapon_restrict.smx
L 11/12/2020 - 12:37:04: [SM] Call stack trace:
L 11/12/2020 - 12:37:04: [SM]   [1] Line 202, restrictinc/events.sp::CS_OnBuyCommand
L 11/12/2020 - 12:37:06: [SM] Exception reported: Array index out-of-bounds (index 64, limit 55)
L 11/12/2020 - 12:37:06: [SM] Blaming: weapon_restrict.smx
L 11/12/2020 - 12:37:06: [SM] Call stack trace:
L 11/12/2020 - 12:37:06: [SM]   [1] Line 202, restrictinc/events.sp::CS_OnBuyCommand
L 11/12/2020 - 12:37:07: [SM] Exception reported: Array index out-of-bounds (index 64, limit 55)
L 11/12/2020 - 12:37:07: [SM] Blaming: weapon_restrict.smx
L 11/12/2020 - 12:37:07: [SM] Call stack trace:
L 11/12/2020 - 12:37:07: [SM]   [1] Line 202, restrictinc/events.sp::CS_OnBuyCommand
L 11/12/2020 - 12:37:13: [SM] Exception reported: Array index out-of-bounds (index 64, limit 55)
L 11/12/2020 - 12:37:13: [SM] Blaming: weapon_restrict.smx
L 11/12/2020 - 12:37:13: [SM] Call stack trace:
L 11/12/2020 - 12:37:13: [SM]   [1] Line 202, restrictinc/events.sp::CS_OnBuyCommand
L 11/12/2020 - 12:37:54: [SM] Exception reported: Array index out-of-bounds (index 64, limit 55)
L 11/12/2020 - 12:37:54: [SM] Blaming: weapon_restrict.smx
L 11/12/2020 - 12:37:54: [SM] Call stack trace:
L 11/12/2020 - 12:37:54: [SM]   [1] Line 202, restrictinc/events.sp::CS_OnBuyCommand
L 11/12/2020 - 12:37:56: [SM] Exception reported: Array index out-of-bounds (index 64, limit 55)
L 11/12/2020 - 12:37:56: [SM] Blaming: weapon_restrict.smx
L 11/12/2020 - 12:37:56: [SM] Call stack trace:
L 11/12/2020 - 12:37:56: [SM]   [1] Line 202, restrictinc/events.sp::CS_OnBuyCommand
L 11/12/2020 - 12:38:10: [SM] Exception reported: Array index out-of-bounds (index 64, limit 55)
L 11/12/2020 - 12:38:10: [SM] Blaming: weapon_restrict.smx
L 11/12/2020 - 12:38:10: [SM] Call stack trace:
L 11/12/2020 - 12:38:10: [SM]   [1] Line 202, restrictinc/events.sp::CS_OnBuyCommand
L 11/12/2020 - 12:38:50: [SM] Exception reported: Array index out-of-bounds (index 64, limit 55)
L 11/12/2020 - 12:38:50: [SM] Blaming: weapon_restrict.smx
L 11/12/2020 - 12:38:50: [SM] Call stack trace:
L 11/12/2020 - 12:38:50: [SM]   [1] Line 202, restrictinc/events.sp::CS_OnBuyCommand
L 11/12/2020 - 12:39:17: [SM] Exception reported: Array index out-of-bounds (index 64, limit 55)
L 11/12/2020 - 12:39:17: [SM] Blaming: weapon_restrict.smx
L 11/12/2020 - 12:39:17: [SM] Call stack trace:
L 11/12/2020 - 12:39:17: [SM]   [1] Line 202, restrictinc/events.sp::CS_OnBuyCommand
L 11/12/2020 - 12:40:47: [SM] Exception reported: Array index out-of-bounds (index 64, limit 55)
L 11/12/2020 - 12:40:47: [SM] Blaming: weapon_restrict.smx
L 11/12/2020 - 12:40:47: [SM] Call stack trace:
L 11/12/2020 - 12:40:47: [SM]   [1] Line 202, restrictinc/events.sp::CS_OnBuyCommand
L 11/12/2020 - 12:41:45: [SM] Exception reported: Array index out-of-bounds (index 64, limit 55)
L 11/12/2020 - 12:41:45: [SM] Blaming: weapon_restrict.smx
L 11/12/2020 - 12:41:45: [SM] Call stack trace:
L 11/12/2020 - 12:41:45: [SM]   [1] Line 202, restrictinc/events.sp::CS_OnBuyCommand
L 11/12/2020 - 12:43:57: [SM] Exception reported: Array index out-of-bounds (index 64, limit 55)
L 11/12/2020 - 12:43:57: [SM] Blaming: weapon_restrict.smx
L 11/12/2020 - 12:43:57: [SM] Call stack trace:
L 11/12/2020 - 12:43:57: [SM]   [1] Line 202, restrictinc/events.sp::CS_OnBuyCommand
L 11/12/2020 - 12:44:45: [SM] Exception reported: Array index out-of-bounds (index 64, limit 55)
L 11/12/2020 - 12:44:45: [SM] Blaming: weapon_restrict.smx
L 11/12/2020 - 12:44:45: [SM] Call stack trace:
L 11/12/2020 - 12:44:45: [SM]   [1] Line 202, restrictinc/events.sp::CS_OnBuyCommand
L 11/12/2020 - 12:44:49: [SM] Exception reported: Array index out-of-bounds (index 64, limit 55)
L 11/12/2020 - 12:44:49: [SM] Blaming: weapon_restrict.smx
L 11/12/2020 - 12:44:49: [SM] Call stack trace:
L 11/12/2020 - 12:44:49: [SM]   [1] Line 202, restrictinc/events.sp::CS_OnBuyCommand
L 11/12/2020 - 12:45:51: [SM] Exception reported: Array index out-of-bounds (index 64, limit 55)
L 11/12/2020 - 12:45:51: [SM] Blaming: weapon_restrict.smx
L 11/12/2020 - 12:45:51: [SM] Call stack trace:
L 11/12/2020 - 12:45:51: [SM]   [1] Line 202, restrictinc/events.sp::CS_OnBuyCommand
L 11/12/2020 - 12:46:52: [SM] Exception reported: Array index out-of-bounds (index 64, limit 55)
L 11/12/2020 - 12:46:52: [SM] Blaming: weapon_restrict.smx
L 11/12/2020 - 12:46:52: [SM] Call stack trace:
L 11/12/2020 - 12:46:52: [SM]   [1] Line 202, restrictinc/events.sp::CS_OnBuyCommand
L 11/12/2020 - 12:50:16: [SM] Exception reported: Array index out-of-bounds (index 64, limit 55)
L 11/12/2020 - 12:50:16: [SM] Blaming: weapon_restrict.smx
L 11/12/2020 - 12:50:16: [SM] Call stack trace:
L 11/12/2020 - 12:50:16: [SM]   [1] Line 202, restrictinc/events.sp::CS_OnBuyCommand
L 11/12/2020 - 12:51:15: [SM] Exception reported: Array index out-of-bounds (index 64, limit 55)
L 11/12/2020 - 12:51:15: [SM] Blaming: weapon_restrict.smx
L 11/12/2020 - 12:51:15: [SM] Call stack trace:
L 11/12/2020 - 12:51:15: [SM]   [1] Line 202, restrictinc/events.sp::CS_OnBuyCommand
L 11/12/2020 - 12:52:42: [SM] Exception reported: Array index out-of-bounds (index 64, limit 55)
L 11/12/2020 - 12:52:42: [SM] Blaming: weapon_restrict.smx
L 11/12/2020 - 12:52:42: [SM] Call stack trace:
L 11/12/2020 - 12:52:42: [SM]   [1] Line 202, restrictinc/events.sp::CS_OnBuyCommand
L 11/12/2020 - 12:52:47: [SM] Exception reported: Array index out-of-bounds (index 64, limit 55)
L 11/12/2020 - 12:52:47: [SM] Blaming: weapon_restrict.smx
L 11/12/2020 - 12:52:47: [SM] Call stack trace:
L 11/12/2020 - 12:52:47: [SM]   [1] Line 202, restrictinc/events.sp::CS_OnBuyCommand
L 11/12/2020 - 12:54:50: [SM] Exception reported: Array index out-of-bounds (index 64, limit 55)
L 11/12/2020 - 12:54:50: [SM] Blaming: weapon_restrict.smx
L 11/12/2020 - 12:54:50: [SM] Call stack trace:
L 11/12/2020 - 12:54:50: [SM]   [1] Line 202, restrictinc/events.sp::CS_OnBuyCommand
L 11/12/2020 - 12:54:58: [SM] Exception reported: Array index out-of-bounds (index 64, limit 55)
L 11/12/2020 - 12:54:58: [SM] Blaming: weapon_restrict.smx
L 11/12/2020 - 12:54:58: [SM] Call stack trace:
L 11/12/2020 - 12:54:58: [SM]   [1] Line 202, restrictinc/events.sp::CS_OnBuyCommand
L 11/12/2020 - 13:02:52: [SM] Exception reported: Array index out-of-bounds (index 64, limit 55)
L 11/12/2020 - 13:02:52: [SM] Blaming: weapon_restrict.smx
L 11/12/2020 - 13:02:52: [SM] Call stack trace:
L 11/12/2020 - 13:02:52: [SM]   [1] Line 202, restrictinc/events.sp::CS_OnBuyCommand
L 11/12/2020 - 13:02:54: [SM] Exception reported: Array index out-of-bounds (index 64, limit 55)
L 11/12/2020 - 13:02:54: [SM] Blaming: weapon_restrict.smx
L 11/12/2020 - 13:02:54: [SM] Call stack trace:
L 11/12/2020 - 13:02:54: [SM]   [1] Line 202, restrictinc/events.sp::CS_OnBuyCommand
L 11/12/2020 - 13:02:58: [SM] Exception reported: Array index out-of-bounds (index 64, limit 55)
L 11/12/2020 - 13:02:58: [SM] Blaming: weapon_restrict.smx
L 11/12/2020 - 13:02:58: [SM] Call stack trace:
L 11/12/2020 - 13:02:58: [SM]   [1] Line 202, restrictinc/events.sp::CS_OnBuyCommand
L 11/12/2020 - 13:03:59: [SM] Exception reported: Array index out-of-bounds (index 64, limit 55)
L 11/12/2020 - 13:03:59: [SM] Blaming: weapon_restrict.smx
L 11/12/2020 - 13:03:59: [SM] Call stack trace:
L 11/12/2020 - 13:03:59: [SM]   [1] Line 202, restrictinc/events.sp::CS_OnBuyCommand
L 11/12/2020 - 13:04:01: [SM] Exception reported: Array index out-of-bounds (index 64, limit 55)
L 11/12/2020 - 13:04:01: [SM] Blaming: weapon_restrict.smx
L 11/12/2020 - 13:04:01: [SM] Call stack trace:
L 11/12/2020 - 13:04:01: [SM]   [1] Line 202, restrictinc/events.sp::CS_OnBuyCommand
L 11/12/2020 - 17:02:40: Error log file session closed.
L 11/12/2020 - 17:02:40: SourceMod error session started
L 11/12/2020 - 17:02:40: Info (map "de_overpass") (file "/home/tcagame/jackm1/527/csgo/addons/sourcemod/logs/errors_20201112.log")
L 11/12/2020 - 17:02:40: [SM] Fatal error encountered parsing translation file "advadmin.phrases.txt"
L 11/12/2020 - 17:02:40: [SM] Error (line 0, column 0): Stream failed to open
L 11/12/2020 - 17:18:34: Error log file session closed.
L 11/12/2020 - 17:18:34: SourceMod error session started
L 11/12/2020 - 17:18:34: Info (map "de_overpass") (file "/home/tcagame/jackm1/527/csgo/addons/sourcemod/logs/errors_20201112.log")
L 11/12/2020 - 17:18:34: [SM] Fatal error encountered parsing translation file "advadmin.phrases.txt"
L 11/12/2020 - 17:18:34: [SM] Error (line 0, column 0): Stream failed to open
L 11/12/2020 - 18:29:28: Error log file session closed.
L 11/12/2020 - 18:29:28: SourceMod error session started
L 11/12/2020 - 18:29:28: Info (map "de_overpass") (file "/home/tcagame/jackm1/527/csgo/addons/sourcemod/logs/errors_20201112.log")
L 11/12/2020 - 18:29:28: [SM] Fatal error encountered parsing translation file "advadmin.phrases.txt"
L 11/12/2020 - 18:29:28: [SM] Error (line 0, column 0): Stream failed to open
L 11/12/2020 - 18:30:15: [SM] Exception reported: Array index out-of-bounds (index 64, limit 55)
L 11/12/2020 - 18:30:15: [SM] Blaming: weapon_restrict.smx
L 11/12/2020 - 18:30:15: [SM] Call stack trace:
L 11/12/2020 - 18:30:15: [SM]   [1] Line 202, restrictinc/events.sp::CS_OnBuyCommand
L 11/12/2020 - 18:30:31: [SM] Exception reported: Language phrase "Player_Connected_From" not found (arg 3)
L 11/12/2020 - 18:30:31: [SM] Blaming: advadmin.smx
L 11/12/2020 - 18:30:31: [SM] Call stack trace:
L 11/12/2020 - 18:30:31: [SM]   [0] VFormat
L 11/12/2020 - 18:30:31: [SM]   [1] Line 386, /groups/sourcemod/compiler-1.10/include/halflife.inc::PrintToChatAll
L 11/12/2020 - 18:30:31: [SM]   [2] Line 141, /home/groups/sourcemod/upload_tmp/phpRYtiXm.sp::OnClientAuthorized
L 11/12/2020 - 18:31:28: [SM] Exception reported: Language phrase "Player_Connected_From" not found (arg 3)
L 11/12/2020 - 18:31:28: [SM] Blaming: advadmin.smx
L 11/12/2020 - 18:31:28: [SM] Call stack trace:
L 11/12/2020 - 18:31:28: [SM]   [0] VFormat
L 11/12/2020 - 18:31:28: [SM]   [1] Line 386, /groups/sourcemod/compiler-1.10/include/halflife.inc::PrintToChatAll
L 11/12/2020 - 18:31:28: [SM]   [2] Line 141, /home/groups/sourcemod/upload_tmp/phpRYtiXm.sp::OnClientAuthorized
L 11/12/2020 - 18:32:24: [SM] Exception reported: Array index out-of-bounds (index 63, limit 55)
L 11/12/2020 - 18:32:24: [SM] Blaming: weapon_restrict.smx
L 11/12/2020 - 18:32:24: [SM] Call stack trace:
L 11/12/2020 - 18:32:24: [SM]   [1] Line 202, restrictinc/events.sp::CS_OnBuyCommand
L 11/12/2020 - 18:32:27: [SM] Exception reported: Array index out-of-bounds (index 64, limit 55)
L 11/12/2020 - 18:32:27: [SM] Blaming: weapon_restrict.smx
L 11/12/2020 - 18:32:27: [SM] Call stack trace:
L 11/12/2020 - 18:32:27: [SM]   [1] Line 202, restrictinc/events.sp::CS_OnBuyCommand
L 11/12/2020 - 18:33:13: [SM] Exception reported: Array index out-of-bounds (index 63, limit 55)
L 11/12/2020 - 18:33:13: [SM] Blaming: weapon_restrict.smx
L 11/12/2020 - 18:33:13: [SM] Call stack trace:
L 11/12/2020 - 18:33:13: [SM]   [1] Line 202, restrictinc/events.sp::CS_OnBuyCommand
L 11/12/2020 - 18:33:19: [SM] Exception reported: Array index out-of-bounds (index 64, limit 55)
L 11/12/2020 - 18:33:19: [SM] Blaming: weapon_restrict.smx
L 11/12/2020 - 18:33:19: [SM] Call stack trace:
L 11/12/2020 - 18:33:19: [SM]   [1] Line 202, restrictinc/events.sp::CS_OnBuyCommand
L 11/12/2020 - 18:33:46: [SM] Exception reported: Language phrase "Player_Connected_From" not found (arg 3)
L 11/12/2020 - 18:33:46: [SM] Blaming: advadmin.smx
L 11/12/2020 - 18:33:46: [SM] Call stack trace:
L 11/12/2020 - 18:33:46: [SM]   [0] VFormat
L 11/12/2020 - 18:33:46: [SM]   [1] Line 386, /groups/sourcemod/compiler-1.10/include/halflife.inc::PrintToChatAll
L 11/12/2020 - 18:33:46: [SM]   [2] Line 141, /home/groups/sourcemod/upload_tmp/phpRYtiXm.sp::OnClientAuthorized
L 11/12/2020 - 18:33:56: [SM] Exception reported: Array index out-of-bounds (index 63, limit 55)
L 11/12/2020 - 18:33:56: [SM] Blaming: weapon_restrict.smx
L 11/12/2020 - 18:33:56: [SM] Call stack trace:
L 11/12/2020 - 18:33:56: [SM]   [1] Line 202, restrictinc/events.sp::CS_OnBuyCommand
L 11/12/2020 - 18:33:58: [SM] Exception reported: Array index out-of-bounds (index 64, limit 55)
L 11/12/2020 - 18:33:58: [SM] Blaming: weapon_restrict.smx
L 11/12/2020 - 18:33:58: [SM] Call stack trace:
L 11/12/2020 - 18:33:58: [SM]   [1] Line 202, restrictinc/events.sp::CS_OnBuyCommand
L 11/12/2020 - 18:35:08: [SM] Exception reported: Array index out-of-bounds (index 64, limit 55)
L 11/12/2020 - 18:35:08: [SM] Blaming: weapon_restrict.smx
L 11/12/2020 - 18:35:08: [SM] Call stack trace:
L 11/12/2020 - 18:35:08: [SM]   [1] Line 202, restrictinc/events.sp::CS_OnBuyCommand
L 11/12/2020 - 18:35:09: [SM] Exception reported: Array index out-of-bounds (index 64, limit 55)
L 11/12/2020 - 18:35:09: [SM] Blaming: weapon_restrict.smx
L 11/12/2020 - 18:35:09: [SM] Call stack trace:
L 11/12/2020 - 18:35:09: [SM]   [1] Line 202, restrictinc/events.sp::CS_OnBuyCommand
L 11/12/2020 - 18:35:15: [SM] Exception reported: Array index out-of-bounds (index 64, limit 55)
L 11/12/2020 - 18:35:15: [SM] Blaming: weapon_restrict.smx
L 11/12/2020 - 18:35:15: [SM] Call stack trace:
L 11/12/2020 - 18:35:15: [SM]   [1] Line 202, restrictinc/events.sp::CS_OnBuyCommand
L 11/12/2020 - 18:49:48: [SM] Exception reported: Language phrase "Player_Connected_From" not found (arg 3)
L 11/12/2020 - 18:49:48: [SM] Blaming: advadmin.smx
L 11/12/2020 - 18:49:48: [SM] Call stack trace:
L 11/12/2020 - 18:49:48: [SM]   [0] VFormat
L 11/12/2020 - 18:49:48: [SM]   [1] Line 386, /groups/sourcemod/compiler-1.10/include/halflife.inc::PrintToChatAll
L 11/12/2020 - 18:49:48: [SM]   [2] Line 141, /home/groups/sourcemod/upload_tmp/phpRYtiXm.sp::OnClientAuthorized
L 11/12/2020 - 18:51:14: [SM] Exception reported: Language phrase "Player_Connected_From" not found (arg 3)
L 11/12/2020 - 18:51:14: [SM] Blaming: advadmin.smx
L 11/12/2020 - 18:51:14: [SM] Call stack trace:
L 11/12/2020 - 18:51:14: [SM]   [0] VFormat
L 11/12/2020 - 18:51:14: [SM]   [1] Line 386, /groups/sourcemod/compiler-1.10/include/halflife.inc::PrintToChatAll
L 11/12/2020 - 18:51:14: [SM]   [2] Line 141, /home/groups/sourcemod/upload_tmp/phpRYtiXm.sp::OnClientAuthorized
L 11/12/2020 - 19:23:07: [SM] Exception reported: Language phrase "Player_Connected_From" not found (arg 3)
L 11/12/2020 - 19:23:07: [SM] Blaming: advadmin.smx
L 11/12/2020 - 19:23:07: [SM] Call stack trace:
L 11/12/2020 - 19:23:07: [SM]   [0] VFormat
L 11/12/2020 - 19:23:07: [SM]   [1] Line 386, /groups/sourcemod/compiler-1.10/include/halflife.inc::PrintToChatAll
L 11/12/2020 - 19:23:07: [SM]   [2] Line 141, /home/groups/sourcemod/upload_tmp/phpRYtiXm.sp::OnClientAuthorized
L 11/12/2020 - 19:25:00: [SM] Exception reported: Language phrase "Player_Connected_From" not found (arg 3)
L 11/12/2020 - 19:25:00: [SM] Blaming: advadmin.smx
L 11/12/2020 - 19:25:00: [SM] Call stack trace:
L 11/12/2020 - 19:25:00: [SM]   [0] VFormat
L 11/12/2020 - 19:25:00: [SM]   [1] Line 386, /groups/sourcemod/compiler-1.10/include/halflife.inc::PrintToChatAll
L 11/12/2020 - 19:25:00: [SM]   [2] Line 141, /home/groups/sourcemod/upload_tmp/phpRYtiXm.sp::OnClientAuthorized
L 11/12/2020 - 19:26:30: [SM] Exception reported: Language phrase "Player_Connected_From" not found (arg 3)
L 11/12/2020 - 19:26:30: [SM] Blaming: advadmin.smx
L 11/12/2020 - 19:26:30: [SM] Call stack trace:
L 11/12/2020 - 19:26:30: [SM]   [0] VFormat
L 11/12/2020 - 19:26:30: [SM]   [1] Line 386, /groups/sourcemod/compiler-1.10/include/halflife.inc::PrintToChatAll
L 11/12/2020 - 19:26:30: [SM]   [2] Line 141, /home/groups/sourcemod/upload_tmp/phpRYtiXm.sp::OnClientAuthorized
L 11/12/2020 - 19:53:54: [SM] Exception reported: Language phrase "Player_Connected_From" not found (arg 3)
L 11/12/2020 - 19:53:54: [SM] Blaming: advadmin.smx
L 11/12/2020 - 19:53:54: [SM] Call stack trace:
L 11/12/2020 - 19:53:54: [SM]   [0] VFormat
L 11/12/2020 - 19:53:54: [SM]   [1] Line 386, /groups/sourcemod/compiler-1.10/include/halflife.inc::PrintToChatAll
L 11/12/2020 - 19:53:54: [SM]   [2] Line 141, /home/groups/sourcemod/upload_tmp/phpRYtiXm.sp::OnClientAuthorized
L 11/12/2020 - 19:54:06: [SM] Exception reported: Language phrase "Player_Connected_From" not found (arg 3)
L 11/12/2020 - 19:54:06: [SM] Blaming: advadmin.smx
L 11/12/2020 - 19:54:06: [SM] Call stack trace:
L 11/12/2020 - 19:54:06: [SM]   [0] VFormat
L 11/12/2020 - 19:54:06: [SM]   [1] Line 386, /groups/sourcemod/compiler-1.10/include/halflife.inc::PrintToChatAll
L 11/12/2020 - 19:54:06: [SM]   [2] Line 141, /home/groups/sourcemod/upload_tmp/phpRYtiXm.sp::OnClientAuthorized
L 11/12/2020 - 20:35:12: [SM] Exception reported: Language phrase "Player_Connected_From" not found (arg 3)
L 11/12/2020 - 20:35:12: [SM] Blaming: advadmin.smx
L 11/12/2020 - 20:35:12: [SM] Call stack trace:
L 11/12/2020 - 20:35:12: [SM]   [0] VFormat
L 11/12/2020 - 20:35:12: [SM]   [1] Line 386, /groups/sourcemod/compiler-1.10/include/halflife.inc::PrintToChatAll
L 11/12/2020 - 20:35:12: [SM]   [2] Line 141, /home/groups/sourcemod/upload_tmp/phpRYtiXm.sp::OnClientAuthorized
L 11/12/2020 - 20:49:38: [SM] Exception reported: Language phrase "Player_Connected_From" not found (arg 3)
L 11/12/2020 - 20:49:38: [SM] Blaming: advadmin.smx
L 11/12/2020 - 20:49:38: [SM] Call stack trace:
L 11/12/2020 - 20:49:38: [SM]   [0] VFormat
L 11/12/2020 - 20:49:38: [SM]   [1] Line 386, /groups/sourcemod/compiler-1.10/include/halflife.inc::PrintToChatAll
L 11/12/2020 - 20:49:38: [SM]   [2] Line 141, /home/groups/sourcemod/upload_tmp/phpRYtiXm.sp::OnClientAuthorized
L 11/12/2020 - 20:50:19: [SM] Exception reported: Language phrase "Player_Connected" not found (arg 3)
L 11/12/2020 - 20:50:19: [SM] Blaming: advadmin.smx
L 11/12/2020 - 20:50:19: [SM] Call stack trace:
L 11/12/2020 - 20:50:19: [SM]   [0] VFormat
L 11/12/2020 - 20:50:19: [SM]   [1] Line 386, /groups/sourcemod/compiler-1.10/include/halflife.inc::PrintToChatAll
L 11/12/2020 - 20:50:19: [SM]   [2] Line 145, /home/groups/sourcemod/upload_tmp/phpRYtiXm.sp::OnClientAuthorized
L 11/12/2020 - 21:14:51: Error log file session closed.
L 11/12/2020 - 21:14:51: SourceMod error session started
L 11/12/2020 - 21:14:51: Info (map "de_overpass") (file "/home/tcagame/jackm1/527/csgo/addons/sourcemod/logs/errors_20201112.log")
L 11/12/2020 - 21:14:51: [SM] Fatal error encountered parsing translation file "advadmin.phrases.txt"
L 11/12/2020 - 21:14:51: [SM] Error (line 0, column 0): Stream failed to open
L 11/12/2020 - 21:15:12: [SM] Exception reported: Language phrase "Player_Connected_From" not found (arg 3)
L 11/12/2020 - 21:15:12: [SM] Blaming: advadmin.smx
L 11/12/2020 - 21:15:12: [SM] Call stack trace:
L 11/12/2020 - 21:15:12: [SM]   [0] VFormat
L 11/12/2020 - 21:15:12: [SM]   [1] Line 386, /groups/sourcemod/compiler-1.10/include/halflife.inc::PrintToChatAll
L 11/12/2020 - 21:15:12: [SM]   [2] Line 141, /home/groups/sourcemod/upload_tmp/phpRYtiXm.sp::OnClientAuthorized
L 11/12/2020 - 21:16:55: [SM] Exception reported: Array index out-of-bounds (index 64, limit 55)
L 11/12/2020 - 21:16:55: [SM] Blaming: weapon_restrict.smx
L 11/12/2020 - 21:16:55: [SM] Call stack trace:
L 11/12/2020 - 21:16:55: [SM]   [1] Line 202, restrictinc/events.sp::CS_OnBuyCommand
L 11/12/2020 - 21:16:56: Error log file session closed.
L 11/12/2020 - 21:16:56: SourceMod error session started
L 11/12/2020 - 21:16:56: Info (map "cs_assault") (file "/home/tcagame/jackm1/527/csgo/addons/sourcemod/logs/errors_20201112.log")
L 11/12/2020 - 21:16:56: [SM] Fatal error encountered parsing translation file "advadmin.phrases.txt"
L 11/12/2020 - 21:16:56: [SM] Error (line 0, column 0): Stream failed to open
L 11/12/2020 - 21:17:13: [SM] Exception reported: Array index out-of-bounds (index 64, limit 55)
L 11/12/2020 - 21:17:13: [SM] Blaming: weapon_restrict.smx
L 11/12/2020 - 21:17:13: [SM] Call stack trace:
L 11/12/2020 - 21:17:13: [SM]   [1] Line 202, restrictinc/events.sp::CS_OnBuyCommand
L 11/12/2020 - 21:17:13: [SM] Exception reported: Array index out-of-bounds (index 64, limit 55)
L 11/12/2020 - 21:17:13: [SM] Blaming: weapon_restrict.smx
L 11/12/2020 - 21:17:13: [SM] Call stack trace:
L 11/12/2020 - 21:17:13: [SM]   [1] Line 202, restrictinc/events.sp::CS_OnBuyCommand
L 11/12/2020 - 21:17:52: [SM] Exception reported: Array index out-of-bounds (index 64, limit 55)
L 11/12/2020 - 21:17:52: [SM] Blaming: weapon_restrict.smx
L 11/12/2020 - 21:17:52: [SM] Call stack trace:
L 11/12/2020 - 21:17:52: [SM]   [1] Line 202, restrictinc/events.sp::CS_OnBuyCommand
L 11/12/2020 - 21:18:19: [SM] Exception reported: Array index out-of-bounds (index 64, limit 55)
L 11/12/2020 - 21:18:19: [SM] Blaming: weapon_restrict.smx
L 11/12/2020 - 21:18:19: [SM] Call stack trace:
L 11/12/2020 - 21:18:19: [SM]   [1] Line 202, restrictinc/events.sp::CS_OnBuyCommand
L 11/12/2020 - 21:18:29: [SM] Exception reported: Array index out-of-bounds (index 64, limit 55)
L 11/12/2020 - 21:18:29: [SM] Blaming: weapon_restrict.smx
L 11/12/2020 - 21:18:29: [SM] Call stack trace:
L 11/12/2020 - 21:18:29: [SM]   [1] Line 202, restrictinc/events.sp::CS_OnBuyCommand
L 11/12/2020 - 21:18:45: [SM] Exception reported: Array index out-of-bounds (index 64, limit 55)
L 11/12/2020 - 21:18:45: [SM] Blaming: weapon_restrict.smx
L 11/12/2020 - 21:18:45: [SM] Call stack trace:
L 11/12/2020 - 21:18:45: [SM]   [1] Line 202, restrictinc/events.sp::CS_OnBuyCommand
L 11/12/2020 - 21:18:51: [SM] Exception reported: Array index out-of-bounds (index 64, limit 55)
L 11/12/2020 - 21:18:51: [SM] Blaming: weapon_restrict.smx
L 11/12/2020 - 21:18:51: [SM] Call stack trace:
L 11/12/2020 - 21:18:51: [SM]   [1] Line 202, restrictinc/events.sp::CS_OnBuyCommand
L 11/12/2020 - 21:18:52: [SM] Exception reported: Array index out-of-bounds (index 64, limit 55)
L 11/12/2020 - 21:18:52: [SM] Blaming: weapon_restrict.smx
L 11/12/2020 - 21:18:52: [SM] Call stack trace:
L 11/12/2020 - 21:18:52: [SM]   [1] Line 202, restrictinc/events.sp::CS_OnBuyCommand
L 11/12/2020 - 21:19:14: [SM] Exception reported: Array index out-of-bounds (index 64, limit 55)
L 11/12/2020 - 21:19:14: [SM] Blaming: weapon_restrict.smx
L 11/12/2020 - 21:19:14: [SM] Call stack trace:
L 11/12/2020 - 21:19:14: [SM]   [1] Line 202, restrictinc/events.sp::CS_OnBuyCommand
L 11/12/2020 - 21:23:25: [SM] Exception reported: Language phrase "Player_Connected_From" not found (arg 3)
L 11/12/2020 - 21:23:25: [SM] Blaming: advadmin.smx
L 11/12/2020 - 21:23:25: [SM] Call stack trace:
L 11/12/2020 - 21:23:25: [SM]   [0] VFormat
L 11/12/2020 - 21:23:25: [SM]   [1] Line 386, /groups/sourcemod/compiler-1.10/include/halflife.inc::PrintToChatAll
L 11/12/2020 - 21:23:25: [SM]   [2] Line 141, /home/groups/sourcemod/upload_tmp/phpRYtiXm.sp::OnClientAuthorized
L 11/12/2020 - 21:24:45: [SM] Exception reported: Language phrase "Player_Connected_From" not found (arg 3)
L 11/12/2020 - 21:24:45: [SM] Blaming: advadmin.smx
L 11/12/2020 - 21:24:45: [SM] Call stack trace:
L 11/12/2020 - 21:24:45: [SM]   [0] VFormat
L 11/12/2020 - 21:24:45: [SM]   [1] Line 386, /groups/sourcemod/compiler-1.10/include/halflife.inc::PrintToChatAll
L 11/12/2020 - 21:24:45: [SM]   [2] Line 141, /home/groups/sourcemod/upload_tmp/phpRYtiXm.sp::OnClientAuthorized
L 11/12/2020 - 21:24:51: [SM] Exception reported: Language phrase "Player_Connected_From" not found (arg 3)
L 11/12/2020 - 21:24:51: [SM] Blaming: advadmin.smx
L 11/12/2020 - 21:24:51: [SM] Call stack trace:
L 11/12/2020 - 21:24:51: [SM]   [0] VFormat
L 11/12/2020 - 21:24:51: [SM]   [1] Line 386, /groups/sourcemod/compiler-1.10/include/halflife.inc::PrintToChatAll
L 11/12/2020 - 21:24:51: [SM]   [2] Line 141, /home/groups/sourcemod/upload_tmp/phpRYtiXm.sp::OnClientAuthorized
L 11/12/2020 - 21:25:03: [SM] Exception reported: Language phrase "Player_Connected_From" not found (arg 3)
L 11/12/2020 - 21:25:03: [SM] Blaming: advadmin.smx
L 11/12/2020 - 21:25:03: [SM] Call stack trace:
L 11/12/2020 - 21:25:03: [SM]   [0] VFormat
L 11/12/2020 - 21:25:03: [SM]   [1] Line 386, /groups/sourcemod/compiler-1.10/include/halflife.inc::PrintToChatAll
L 11/12/2020 - 21:25:03: [SM]   [2] Line 141, /home/groups/sourcemod/upload_tmp/phpRYtiXm.sp::OnClientAuthorized
L 11/12/2020 - 21:25:15: [SM] Exception reported: Array index out-of-bounds (index 64, limit 55)
L 11/12/2020 - 21:25:15: [SM] Blaming: weapon_restrict.smx
L 11/12/2020 - 21:25:15: [SM] Call stack trace:
L 11/12/2020 - 21:25:15: [SM]   [1] Line 202, restrictinc/events.sp::CS_OnBuyCommand
L 11/12/2020 - 21:25:35: [SM] Exception reported: Array index out-of-bounds (index 64, limit 55)
L 11/12/2020 - 21:25:35: [SM] Blaming: weapon_restrict.smx
L 11/12/2020 - 21:25:35: [SM] Call stack trace:
L 11/12/2020 - 21:25:35: [SM]   [1] Line 202, restrictinc/events.sp::CS_OnBuyCommand
L 11/12/2020 - 21:25:45: [SM] Exception reported: Array index out-of-bounds (index 64, limit 55)
L 11/12/2020 - 21:25:45: [SM] Blaming: weapon_restrict.smx
L 11/12/2020 - 21:25:45: [SM] Call stack trace:
L 11/12/2020 - 21:25:45: [SM]   [1] Line 202, restrictinc/events.sp::CS_OnBuyCommand
L 11/12/2020 - 21:27:27: [SM] Exception reported: Array index out-of-bounds (index 64, limit 55)
L 11/12/2020 - 21:27:27: [SM] Blaming: weapon_restrict.smx
L 11/12/2020 - 21:27:27: [SM] Call stack trace:
L 11/12/2020 - 21:27:27: [SM]   [1] Line 202, restrictinc/events.sp::CS_OnBuyCommand
L 11/12/2020 - 21:27:28: [SM] Exception reported: Array index out-of-bounds (index 64, limit 55)
L 11/12/2020 - 21:27:28: [SM] Blaming: weapon_restrict.smx
L 11/12/2020 - 21:27:28: [SM] Call stack trace:
L 11/12/2020 - 21:27:28: [SM]   [1] Line 202, restrictinc/events.sp::CS_OnBuyCommand
L 11/12/2020 - 21:27:35: [SM] Exception reported: Array index out-of-bounds (index 64, limit 55)
L 11/12/2020 - 21:27:35: [SM] Blaming: weapon_restrict.smx
L 11/12/2020 - 21:27:35: [SM] Call stack trace:
L 11/12/2020 - 21:27:35: [SM]   [1] Line 202, restrictinc/events.sp::CS_OnBuyCommand
L 11/12/2020 - 21:27:54: [SM] Exception reported: Array index out-of-bounds (index 64, limit 55)
L 11/12/2020 - 21:27:54: [SM] Blaming: weapon_restrict.smx
L 11/12/2020 - 21:27:54: [SM] Call stack trace:
L 11/12/2020 - 21:27:54: [SM]   [1] Line 202, restrictinc/events.sp::CS_OnBuyCommand
L 11/12/2020 - 21:28:05: [SM] Exception reported: Array index out-of-bounds (index 64, limit 55)
L 11/12/2020 - 21:28:05: [SM] Blaming: weapon_restrict.smx
L 11/12/2020 - 21:28:05: [SM] Call stack trace:
L 11/12/2020 - 21:28:05: [SM]   [1] Line 202, restrictinc/events.sp::CS_OnBuyCommand
L 11/12/2020 - 21:28:28: [SM] Exception reported: Array index out-of-bounds (index 64, limit 55)
L 11/12/2020 - 21:28:28: [SM] Blaming: weapon_restrict.smx
L 11/12/2020 - 21:28:28: [SM] Call stack trace:
L 11/12/2020 - 21:28:28: [SM]   [1] Line 202, restrictinc/events.sp::CS_OnBuyCommand
L 11/12/2020 - 21:28:32: [SM] Exception reported: Array index out-of-bounds (index 64, limit 55)
L 11/12/2020 - 21:28:32: [SM] Blaming: weapon_restrict.smx
L 11/12/2020 - 21:28:32: [SM] Call stack trace:
L 11/12/2020 - 21:28:32: [SM]   [1] Line 202, restrictinc/events.sp::CS_OnBuyCommand
L 11/12/2020 - 21:28:38: [SM] Exception reported: Array index out-of-bounds (index 64, limit 55)
L 11/12/2020 - 21:28:38: [SM] Blaming: weapon_restrict.smx
L 11/12/2020 - 21:28:38: [SM] Call stack trace:
L 11/12/2020 - 21:28:38: [SM]   [1] Line 202, restrictinc/events.sp::CS_OnBuyCommand
L 11/12/2020 - 21:28:48: [SM] Exception reported: Array index out-of-bounds (index 64, limit 55)
L 11/12/2020 - 21:28:48: [SM] Blaming: weapon_restrict.smx
L 11/12/2020 - 21:28:48: [SM] Call stack trace:
L 11/12/2020 - 21:28:48: [SM]   [1] Line 202, restrictinc/events.sp::CS_OnBuyCommand
L 11/12/2020 - 21:28:55: [SM] Exception reported: Array index out-of-bounds (index 64, limit 55)
L 11/12/2020 - 21:28:55: [SM] Blaming: weapon_restrict.smx
L 11/12/2020 - 21:28:55: [SM] Call stack trace:
L 11/12/2020 - 21:28:55: [SM]   [1] Line 202, restrictinc/events.sp::CS_OnBuyCommand
L 11/12/2020 - 21:29:02: [SM] Exception reported: Array index out-of-bounds (index 64, limit 55)
L 11/12/2020 - 21:29:02: [SM] Blaming: weapon_restrict.smx
L 11/12/2020 - 21:29:02: [SM] Call stack trace:
L 11/12/2020 - 21:29:02: [SM]   [1] Line 202, restrictinc/events.sp::CS_OnBuyCommand
L 11/12/2020 - 21:30:14: [SM] Exception reported: Array index out-of-bounds (index 64, limit 55)
L 11/12/2020 - 21:30:14: [SM] Blaming: weapon_restrict.smx
L 11/12/2020 - 21:30:14: [SM] Call stack trace:
L 11/12/2020 - 21:30:14: [SM]   [1] Line 202, restrictinc/events.sp::CS_OnBuyCommand
L 11/12/2020 - 21:30:19: [SM] Exception reported: Array index out-of-bounds (index 64, limit 55)
L 11/12/2020 - 21:30:19: [SM] Blaming: weapon_restrict.smx
L 11/12/2020 - 21:30:19: [SM] Call stack trace:
L 11/12/2020 - 21:30:19: [SM]   [1] Line 202, restrictinc/events.sp::CS_OnBuyCommand
L 11/12/2020 - 21:32:30: [SM] Exception reported: Array index out-of-bounds (index 64, limit 55)
L 11/12/2020 - 21:32:30: [SM] Blaming: weapon_restrict.smx
L 11/12/2020 - 21:32:30: [SM] Call stack trace:
L 11/12/2020 - 21:32:30: [SM]   [1] Line 202, restrictinc/events.sp::CS_OnBuyCommand
L 11/12/2020 - 21:32:54: [SM] Exception reported: Array index out-of-bounds (index 64, limit 55)
L 11/12/2020 - 21:32:54: [SM] Blaming: weapon_restrict.smx
L 11/12/2020 - 21:32:54: [SM] Call stack trace:
L 11/12/2020 - 21:32:54: [SM]   [1] Line 202, restrictinc/events.sp::CS_OnBuyCommand
L 11/12/2020 - 21:33:47: [SM] Exception reported: Array index out-of-bounds (index 64, limit 55)
L 11/12/2020 - 21:33:47: [SM] Blaming: weapon_restrict.smx
L 11/12/2020 - 21:33:47: [SM] Call stack trace:
L 11/12/2020 - 21:33:47: [SM]   [1] Line 202, restrictinc/events.sp::CS_OnBuyCommand
L 11/12/2020 - 21:33:51: [SM] Exception reported: Array index out-of-bounds (index 64, limit 55)
L 11/12/2020 - 21:33:51: [SM] Blaming: weapon_restrict.smx
L 11/12/2020 - 21:33:51: [SM] Call stack trace:
L 11/12/2020 - 21:33:51: [SM]   [1] Line 202, restrictinc/events.sp::CS_OnBuyCommand
L 11/12/2020 - 21:34:02: [SM] Exception reported: Array index out-of-bounds (index 64, limit 55)
L 11/12/2020 - 21:34:02: [SM] Blaming: weapon_restrict.smx
L 11/12/2020 - 21:34:02: [SM] Call stack trace:
L 11/12/2020 - 21:34:02: [SM]   [1] Line 202, restrictinc/events.sp::CS_OnBuyCommand
L 11/12/2020 - 21:34:09: [SM] Exception reported: Array index out-of-bounds (index 64, limit 55)
L 11/12/2020 - 21:34:09: [SM] Blaming: weapon_restrict.smx
L 11/12/2020 - 21:34:09: [SM] Call stack trace:
L 11/12/2020 - 21:34:09: [SM]   [1] Line 202, restrictinc/events.sp::CS_OnBuyCommand
L 11/12/2020 - 21:34:22: [SM] Exception reported: Array index out-of-bounds (index 64, limit 55)
L 11/12/2020 - 21:34:22: [SM] Blaming: weapon_restrict.smx
L 11/12/2020 - 21:34:22: [SM] Call stack trace:
L 11/12/2020 - 21:34:22: [SM]   [1] Line 202, restrictinc/events.sp::CS_OnBuyCommand
L 11/12/2020 - 21:34:23: [SM] Exception reported: Array index out-of-bounds (index 64, limit 55)
L 11/12/2020 - 21:34:23: [SM] Blaming: weapon_restrict.smx
L 11/12/2020 - 21:34:23: [SM] Call stack trace:
L 11/12/2020 - 21:34:23: [SM]   [1] Line 202, restrictinc/events.sp::CS_OnBuyCommand
L 11/12/2020 - 21:37:41: [SM] Exception reported: Array index out-of-bounds (index 64, limit 55)
L 11/12/2020 - 21:37:41: [SM] Blaming: weapon_restrict.smx
L 11/12/2020 - 21:37:41: [SM] Call stack trace:
L 11/12/2020 - 21:37:41: [SM]   [1] Line 202, restrictinc/events.sp::CS_OnBuyCommand
L 11/12/2020 - 21:39:58: [SM] Exception reported: Array index out-of-bounds (index 64, limit 55)
L 11/12/2020 - 21:39:58: [SM] Blaming: weapon_restrict.smx
L 11/12/2020 - 21:39:58: [SM] Call stack trace:
L 11/12/2020 - 21:39:58: [SM]   [1] Line 202, restrictinc/events.sp::CS_OnBuyCommand
L 11/12/2020 - 23:14:26: Error log file session closed.
L 11/12/2020 - 23:14:26: SourceMod error session started
L 11/12/2020 - 23:14:26: Info (map "cs_assault") (file "/home/tcagame/jackm1/527/csgo/addons/sourcemod/logs/errors_20201112.log")
L 11/12/2020 - 23:14:26: [SM] Fatal error encountered parsing translation file "advadmin.phrases.txt"
L 11/12/2020 - 23:14:26: [SM] Error (line 0, column 0): Stream failed to open
L 11/12/2020 - 23:15:06: [SM] Exception reported: Array index out-of-bounds (index 64, limit 55)
L 11/12/2020 - 23:15:06: [SM] Blaming: weapon_restrict.smx
L 11/12/2020 - 23:15:06: [SM] Call stack trace:
L 11/12/2020 - 23:15:06: [SM]   [1] Line 202, restrictinc/events.sp::CS_OnBuyCommand
L 11/12/2020 - 23:15:51: [SM] Exception reported: Language phrase "Player_Connected_From" not found (arg 3)
L 11/12/2020 - 23:15:51: [SM] Blaming: advadmin.smx
L 11/12/2020 - 23:15:51: [SM] Call stack trace:
L 11/12/2020 - 23:15:51: [SM]   [0] VFormat
L 11/12/2020 - 23:15:51: [SM]   [1] Line 386, /groups/sourcemod/compiler-1.10/include/halflife.inc::PrintToChatAll
L 11/12/2020 - 23:15:51: [SM]   [2] Line 141, /home/groups/sourcemod/upload_tmp/phpRYtiXm.sp::OnClientAuthorized
L 11/12/2020 - 23:16:00: [SM] Exception reported: Language phrase "Player_Connected_From" not found (arg 3)
L 11/12/2020 - 23:16:00: [SM] Blaming: advadmin.smx
L 11/12/2020 - 23:16:00: [SM] Call stack trace:
L 11/12/2020 - 23:16:00: [SM]   [0] VFormat
L 11/12/2020 - 23:16:00: [SM]   [1] Line 386, /groups/sourcemod/compiler-1.10/include/halflife.inc::PrintToChatAll
L 11/12/2020 - 23:16:00: [SM]   [2] Line 141, /home/groups/sourcemod/upload_tmp/phpRYtiXm.sp::OnClientAuthorized
L 11/12/2020 - 23:16:03: [SM] Exception reported: Language phrase "Player_Connected_From" not found (arg 3)
L 11/12/2020 - 23:16:03: [SM] Blaming: advadmin.smx
L 11/12/2020 - 23:16:03: [SM] Call stack trace:
L 11/12/2020 - 23:16:03: [SM]   [0] VFormat
L 11/12/2020 - 23:16:03: [SM]   [1] Line 386, /groups/sourcemod/compiler-1.10/include/halflife.inc::PrintToChatAll
L 11/12/2020 - 23:16:03: [SM]   [2] Line 141, /home/groups/sourcemod/upload_tmp/phpRYtiXm.sp::OnClientAuthorized
L 11/12/2020 - 23:16:12: [SM] Exception reported: Array index out-of-bounds (index 64, limit 55)
L 11/12/2020 - 23:16:12: [SM] Blaming: weapon_restrict.smx
L 11/12/2020 - 23:16:12: [SM] Call stack trace:
L 11/12/2020 - 23:16:12: [SM]   [1] Line 202, restrictinc/events.sp::CS_OnBuyCommand
L 11/12/2020 - 23:17:01: [SM] Exception reported: Array index out-of-bounds (index 64, limit 55)
L 11/12/2020 - 23:17:01: [SM] Blaming: weapon_restrict.smx
L 11/12/2020 - 23:17:01: [SM] Call stack trace:
L 11/12/2020 - 23:17:01: [SM]   [1] Line 202, restrictinc/events.sp::CS_OnBuyCommand
L 11/12/2020 - 23:17:25: [SM] Exception reported: Language phrase "Player_Connected_From" not found (arg 3)
L 11/12/2020 - 23:17:25: [SM] Blaming: advadmin.smx
L 11/12/2020 - 23:17:25: [SM] Call stack trace:
L 11/12/2020 - 23:17:25: [SM]   [0] VFormat
L 11/12/2020 - 23:17:25: [SM]   [1] Line 386, /groups/sourcemod/compiler-1.10/include/halflife.inc::PrintToChatAll
L 11/12/2020 - 23:17:25: [SM]   [2] Line 141, /home/groups/sourcemod/upload_tmp/phpRYtiXm.sp::OnClientAuthorized
L 11/12/2020 - 23:17:31: [SM] Exception reported: Array index out-of-bounds (index 64, limit 55)
L 11/12/2020 - 23:17:31: [SM] Blaming: weapon_restrict.smx
L 11/12/2020 - 23:17:31: [SM] Call stack trace:
L 11/12/2020 - 23:17:31: [SM]   [1] Line 202, restrictinc/events.sp::CS_OnBuyCommand
L 11/12/2020 - 23:18:04: [SM] Exception reported: Array index out-of-bounds (index 64, limit 55)
L 11/12/2020 - 23:18:04: [SM] Blaming: weapon_restrict.smx
L 11/12/2020 - 23:18:04: [SM] Call stack trace:
L 11/12/2020 - 23:18:04: [SM]   [1] Line 202, restrictinc/events.sp::CS_OnBuyCommand
L 11/12/2020 - 23:18:11: [SM] Exception reported: Array index out-of-bounds (index 64, limit 55)
L 11/12/2020 - 23:18:11: [SM] Blaming: weapon_restrict.smx
L 11/12/2020 - 23:18:11: [SM] Call stack trace:
L 11/12/2020 - 23:18:11: [SM]   [1] Line 202, restrictinc/events.sp::CS_OnBuyCommand
L 11/12/2020 - 23:18:58: [SM] Exception reported: Array index out-of-bounds (index 64, limit 55)
L 11/12/2020 - 23:18:58: [SM] Blaming: weapon_restrict.smx
L 11/12/2020 - 23:18:58: [SM] Call stack trace:
L 11/12/2020 - 23:18:58: [SM]   [1] Line 202, restrictinc/events.sp::CS_OnBuyCommand
L 11/12/2020 - 23:19:02: [SM] Exception reported: Array index out-of-bounds (index 64, limit 55)
L 11/12/2020 - 23:19:02: [SM] Blaming: weapon_restrict.smx
L 11/12/2020 - 23:19:02: [SM] Call stack trace:
L 11/12/2020 - 23:19:02: [SM]   [1] Line 202, restrictinc/events.sp::CS_OnBuyCommand
L 11/12/2020 - 23:19:09: [SM] Exception reported: Array index out-of-bounds (index 64, limit 55)
L 11/12/2020 - 23:19:09: [SM] Blaming: weapon_restrict.smx
L 11/12/2020 - 23:19:09: [SM] Call stack trace:
L 11/12/2020 - 23:19:09: [SM]   [1] Line 202, restrictinc/events.sp::CS_OnBuyCommand
L 11/12/2020 - 23:24:39: [SM] Exception reported: Array index out-of-bounds (index 64, limit 55)
L 11/12/2020 - 23:24:39: [SM] Blaming: weapon_restrict.smx
L 11/12/2020 - 23:24:39: [SM] Call stack trace:
L 11/12/2020 - 23:24:39: [SM]   [1] Line 202, restrictinc/events.sp::CS_OnBuyCommand
L 11/12/2020 - 23:27:17: [SM] Exception reported: Language phrase "Player_Connected_From" not found (arg 3)
L 11/12/2020 - 23:27:17: [SM] Blaming: advadmin.smx
L 11/12/2020 - 23:27:17: [SM] Call stack trace:
L 11/12/2020 - 23:27:17: [SM]   [0] VFormat
L 11/12/2020 - 23:27:17: [SM]   [1] Line 386, /groups/sourcemod/compiler-1.10/include/halflife.inc::PrintToChatAll
L 11/12/2020 - 23:27:17: [SM]   [2] Line 141, /home/groups/sourcemod/upload_tmp/phpRYtiXm.sp::OnClientAuthorized
L 11/12/2020 - 23:27:29: [SM] Exception reported: Language phrase "Player_Connected_From" not found (arg 3)
L 11/12/2020 - 23:27:29: [SM] Blaming: advadmin.smx
L 11/12/2020 - 23:27:29: [SM] Call stack trace:
L 11/12/2020 - 23:27:29: [SM]   [0] VFormat
L 11/12/2020 - 23:27:29: [SM]   [1] Line 386, /groups/sourcemod/compiler-1.10/include/halflife.inc::PrintToChatAll
L 11/12/2020 - 23:27:29: [SM]   [2] Line 141, /home/groups/sourcemod/upload_tmp/phpRYtiXm.sp::OnClientAuthorized
L 11/12/2020 - 23:28:16: [SM] Exception reported: Array index out-of-bounds (index 64, limit 55)
L 11/12/2020 - 23:28:16: [SM] Blaming: weapon_restrict.smx
L 11/12/2020 - 23:28:16: [SM] Call stack trace:
L 11/12/2020 - 23:28:16: [SM]   [1] Line 202, restrictinc/events.sp::CS_OnBuyCommand
L 11/12/2020 - 23:29:41: [SM] Exception reported: Language phrase "Player_Connected_From" not found (arg 3)
L 11/12/2020 - 23:29:41: [SM] Blaming: advadmin.smx
L 11/12/2020 - 23:29:41: [SM] Call stack trace:
L 11/12/2020 - 23:29:41: [SM]   [0] VFormat
L 11/12/2020 - 23:29:41: [SM]   [1] Line 386, /groups/sourcemod/compiler-1.10/include/halflife.inc::PrintToChatAll
L 11/12/2020 - 23:29:41: [SM]   [2] Line 141, /home/groups/sourcemod/upload_tmp/phpRYtiXm.sp::OnClientAuthorized
L 11/12/2020 - 23:29:46: [SM] Exception reported: Language phrase "Player_Connected_From" not found (arg 3)
L 11/12/2020 - 23:29:46: [SM] Blaming: advadmin.smx
L 11/12/2020 - 23:29:46: [SM] Call stack trace:
L 11/12/2020 - 23:29:46: [SM]   [0] VFormat
L 11/12/2020 - 23:29:46: [SM]   [1] Line 386, /groups/sourcemod/compiler-1.10/include/halflife.inc::PrintToChatAll
L 11/12/2020 - 23:29:46: [SM]   [2] Line 141, /home/groups/sourcemod/upload_tmp/phpRYtiXm.sp::OnClientAuthorized
L 11/12/2020 - 23:33:01: [SM] Exception reported: Language phrase "Player_Connected_From" not found (arg 3)
L 11/12/2020 - 23:33:01: [SM] Blaming: advadmin.smx
L 11/12/2020 - 23:33:01: [SM] Call stack trace:
L 11/12/2020 - 23:33:01: [SM]   [0] VFormat
L 11/12/2020 - 23:33:01: [SM]   [1] Line 386, /groups/sourcemod/compiler-1.10/include/halflife.inc::PrintToChatAll
L 11/12/2020 - 23:33:01: [SM]   [2] Line 141, /home/groups/sourcemod/upload_tmp/phpRYtiXm.sp::OnClientAuthorized
L 11/12/2020 - 23:33:23: [SM] Exception reported: Language phrase "Player_Connected_From" not found (arg 3)
L 11/12/2020 - 23:33:23: [SM] Blaming: advadmin.smx
L 11/12/2020 - 23:33:23: [SM] Call stack trace:
L 11/12/2020 - 23:33:23: [SM]   [0] VFormat
L 11/12/2020 - 23:33:23: [SM]   [1] Line 386, /groups/sourcemod/compiler-1.10/include/halflife.inc::PrintToChatAll
L 11/12/2020 - 23:33:23: [SM]   [2] Line 141, /home/groups/sourcemod/upload_tmp/phpRYtiXm.sp::OnClientAuthorized
L 11/12/2020 - 23:34:36: [SM] Exception reported: Array index out-of-bounds (index 64, limit 55)
L 11/12/2020 - 23:34:36: [SM] Blaming: weapon_restrict.smx
L 11/12/2020 - 23:34:36: [SM] Call stack trace:
L 11/12/2020 - 23:34:36: [SM]   [1] Line 202, restrictinc/events.sp::CS_OnBuyCommand
L 11/12/2020 - 23:34:59: [SM] Exception reported: Array index out-of-bounds (index 64, limit 55)
L 11/12/2020 - 23:34:59: [SM] Blaming: weapon_restrict.smx
L 11/12/2020 - 23:34:59: [SM] Call stack trace:
L 11/12/2020 - 23:34:59: [SM]   [1] Line 202, restrictinc/events.sp::CS_OnBuyCommand
L 11/12/2020 - 23:35:22: [SM] Exception reported: Array index out-of-bounds (index 64, limit 55)
L 11/12/2020 - 23:35:22: [SM] Blaming: weapon_restrict.smx
L 11/12/2020 - 23:35:22: [SM] Call stack trace:
L 11/12/2020 - 23:35:22: [SM]   [1] Line 202, restrictinc/events.sp::CS_OnBuyCommand
L 11/12/2020 - 23:39:24: Error log file session closed.
L 11/12/2020 - 23:39:24: SourceMod error session started
L 11/12/2020 - 23:39:24: Info (map "de_overpass") (file "/home/tcagame/jackm1/527/csgo/addons/sourcemod/logs/errors_20201112.log")
L 11/12/2020 - 23:39:24: [SM] Fatal error encountered parsing translation file "advadmin.phrases.txt"
L 11/12/2020 - 23:39:24: [SM] Error (line 0, column 0): Stream failed to open
L 11/12/2020 - 23:39:46: [SM] Exception reported: Array index out-of-bounds (index 64, limit 55)
L 11/12/2020 - 23:39:46: [SM] Blaming: weapon_restrict.smx
L 11/12/2020 - 23:39:46: [SM] Call stack trace:
L 11/12/2020 - 23:39:46: [SM]   [1] Line 202, restrictinc/events.sp::CS_OnBuyCommand
L 11/12/2020 - 23:47:17: [SM] Exception reported: Language phrase "Player_Connected_From" not found (arg 3)
L 11/12/2020 - 23:47:17: [SM] Blaming: advadmin.smx
L 11/12/2020 - 23:47:17: [SM] Call stack trace:
L 11/12/2020 - 23:47:17: [SM]   [0] VFormat
L 11/12/2020 - 23:47:17: [SM]   [1] Line 386, /groups/sourcemod/compiler-1.10/include/halflife.inc::PrintToChatAll
L 11/12/2020 - 23:47:17: [SM]   [2] Line 141, /home/groups/sourcemod/upload_tmp/phpRYtiXm.sp::OnClientAuthorized
L 11/12/2020 - 23:47:28: [SM] Exception reported: Array index out-of-bounds (index 64, limit 55)
L 11/12/2020 - 23:47:28: [SM] Blaming: weapon_restrict.smx
L 11/12/2020 - 23:47:28: [SM] Call stack trace:
L 11/12/2020 - 23:47:28: [SM]   [1] Line 202, restrictinc/events.sp::CS_OnBuyCommand
L 11/12/2020 - 23:48:47: [SM] Exception reported: Array index out-of-bounds (index 64, limit 55)
L 11/12/2020 - 23:48:47: [SM] Blaming: weapon_restrict.smx
L 11/12/2020 - 23:48:47: [SM] Call stack trace:
L 11/12/2020 - 23:48:47: [SM]   [1] Line 202, restrictinc/events.sp::CS_OnBuyCommand
L 11/12/2020 - 23:50:08: [SM] Exception reported: Array index out-of-bounds (index 64, limit 55)
L 11/12/2020 - 23:50:08: [SM] Blaming: weapon_restrict.smx
L 11/12/2020 - 23:50:08: [SM] Call stack trace:
L 11/12/2020 - 23:50:08: [SM]   [1] Line 202, restrictinc/events.sp::CS_OnBuyCommand
L 11/12/2020 - 23:51:06: [SM] Exception reported: Array index out-of-bounds (index 64, limit 55)
L 11/12/2020 - 23:51:06: [SM] Blaming: weapon_restrict.smx
L 11/12/2020 - 23:51:06: [SM] Call stack trace:
L 11/12/2020 - 23:51:06: [SM]   [1] Line 202, restrictinc/events.sp::CS_OnBuyCommand
L 11/12/2020 - 23:51:18: [SM] Exception reported: Array index out-of-bounds (index 64, limit 55)
L 11/12/2020 - 23:51:18: [SM] Blaming: weapon_restrict.smx
L 11/12/2020 - 23:51:18: [SM] Call stack trace:
L 11/12/2020 - 23:51:18: [SM]   [1] Line 202, restrictinc/events.sp::CS_OnBuyCommand
L 11/12/2020 - 23:51:21: [SM] Exception reported: Array index out-of-bounds (index 64, limit 55)
L 11/12/2020 - 23:51:21: [SM] Blaming: weapon_restrict.smx
L 11/12/2020 - 23:51:21: [SM] Call stack trace:
L 11/12/2020 - 23:51:21: [SM]   [1] Line 202, restrictinc/events.sp::CS_OnBuyCommand
L 11/12/2020 - 23:52:23: [SM] Exception reported: Array index out-of-bounds (index 64, limit 55)
L 11/12/2020 - 23:52:23: [SM] Blaming: weapon_restrict.smx
L 11/12/2020 - 23:52:23: [SM] Call stack trace:
L 11/12/2020 - 23:52:23: [SM]   [1] Line 202, restrictinc/events.sp::CS_OnBuyCommand
L 11/12/2020 - 23:53:44: [SM] Exception reported: Array index out-of-bounds (index 64, limit 55)
L 11/12/2020 - 23:53:44: [SM] Blaming: weapon_restrict.smx
L 11/12/2020 - 23:53:44: [SM] Call stack trace:
L 11/12/2020 - 23:53:44: [SM]   [1] Line 202, restrictinc/events.sp::CS_OnBuyCommand
L 11/12/2020 - 23:53:47: [SM] Exception reported: Array index out-of-bounds (index 64, limit 55)
L 11/12/2020 - 23:53:47: [SM] Blaming: weapon_restrict.smx
L 11/12/2020 - 23:53:47: [SM] Call stack trace:
L 11/12/2020 - 23:53:47: [SM]   [1] Line 202, restrictinc/events.sp::CS_OnBuyCommand
L 11/12/2020 - 23:54:36: [SM] Exception reported: Array index out-of-bounds (index 64, limit 55)
L 11/12/2020 - 23:54:36: [SM] Blaming: weapon_restrict.smx
L 11/12/2020 - 23:54:36: [SM] Call stack trace:
L 11/12/2020 - 23:54:36: [SM]   [1] Line 202, restrictinc/events.sp::CS_OnBuyCommand
L 11/12/2020 - 23:55:42: [SM] Exception reported: Array index out-of-bounds (index 64, limit 55)
L 11/12/2020 - 23:55:42: [SM] Blaming: weapon_restrict.smx
L 11/12/2020 - 23:55:42: [SM] Call stack trace:
L 11/12/2020 - 23:55:42: [SM]   [1] Line 202, restrictinc/events.sp::CS_OnBuyCommand
L 11/12/2020 - 23:56:54: [SM] Exception reported: Array index out-of-bounds (index 64, limit 55)
L 11/12/2020 - 23:56:54: [SM] Blaming: weapon_restrict.smx
L 11/12/2020 - 23:56:54: [SM] Call stack trace:
L 11/12/2020 - 23:56:54: [SM]   [1] Line 202, restrictinc/events.sp::CS_OnBuyCommand
L 11/12/2020 - 23:57:35: [SM] Exception reported: Array index out-of-bounds (index 64, limit 55)
L 11/12/2020 - 23:57:35: [SM] Blaming: weapon_restrict.smx
L 11/12/2020 - 23:57:35: [SM] Call stack trace:
L 11/12/2020 - 23:57:35: [SM]   [1] Line 202, restrictinc/events.sp::CS_OnBuyCommand
L 11/12/2020 - 23:58:34: [SM] Exception reported: Array index out-of-bounds (index 64, limit 55)
L 11/12/2020 - 23:58:34: [SM] Blaming: weapon_restrict.smx
L 11/12/2020 - 23:58:34: [SM] Call stack trace:
L 11/12/2020 - 23:58:34: [SM]   [1] Line 202, restrictinc/events.sp::CS_OnBuyCommand
L 11/12/2020 - 23:59:35: [SM] Exception reported: Array index out-of-bounds (index 64, limit 55)
L 11/12/2020 - 23:59:35: [SM] Blaming: weapon_restrict.smx
L 11/12/2020 - 23:59:35: [SM] Call stack trace:
L 11/12/2020 - 23:59:35: [SM]   [1] Line 202, restrictinc/events.sp::CS_OnBuyCommand
L 11/13/2020 - 00:00:24: Error log file session closed.
