L 08/17/2020 - 02:52:34: SourceMod error session started
L 08/17/2020 - 02:52:34: Info (map "de_overpass") (file "/home/tcagame/jackm1/488/csgo/addons/sourcemod/logs/errors_20200817.log")
L 08/17/2020 - 02:52:34: [SM] Fatal error encountered parsing translation file "advadmin.phrases.txt"
L 08/17/2020 - 02:52:34: [SM] Error (line 0, column 0): Stream failed to open
L 08/17/2020 - 13:21:14: Error log file session closed.
L 08/17/2020 - 13:21:14: SourceMod error session started
L 08/17/2020 - 13:21:14: Info (map "de_overpass") (file "/home/tcagame/jackm1/488/csgo/addons/sourcemod/logs/errors_20200817.log")
L 08/17/2020 - 13:21:14: [SM] Fatal error encountered parsing translation file "advadmin.phrases.txt"
L 08/17/2020 - 13:21:14: [SM] Error (line 0, column 0): Stream failed to open
L 08/17/2020 - 13:21:29: [SM] Exception reported: Array index out-of-bounds (index 64, limit 55)
L 08/17/2020 - 13:21:29: [SM] Blaming: weapon_restrict.smx
L 08/17/2020 - 13:21:29: [SM] Call stack trace:
L 08/17/2020 - 13:21:29: [SM]   [1] Line 202, restrictinc/events.sp::CS_OnBuyCommand
L 08/17/2020 - 13:21:40: [SM] Exception reported: Array index out-of-bounds (index 64, limit 55)
L 08/17/2020 - 13:21:40: [SM] Blaming: weapon_restrict.smx
L 08/17/2020 - 13:21:40: [SM] Call stack trace:
L 08/17/2020 - 13:21:40: [SM]   [1] Line 202, restrictinc/events.sp::CS_OnBuyCommand
L 08/17/2020 - 13:21:54: [SM] Exception reported: Language phrase "Player_Connected_From" not found (arg 3)
L 08/17/2020 - 13:21:54: [SM] Blaming: advadmin.smx
L 08/17/2020 - 13:21:54: [SM] Call stack trace:
L 08/17/2020 - 13:21:54: [SM]   [0] VFormat
L 08/17/2020 - 13:21:54: [SM]   [1] Line 386, /groups/sourcemod/compiler-1.10/include/halflife.inc::PrintToChatAll
L 08/17/2020 - 13:21:54: [SM]   [2] Line 141, /home/groups/sourcemod/upload_tmp/phpRYtiXm.sp::OnClientAuthorized
L 08/17/2020 - 13:22:15: [SM] Exception reported: Array index out-of-bounds (index 64, limit 55)
L 08/17/2020 - 13:22:15: [SM] Blaming: weapon_restrict.smx
L 08/17/2020 - 13:22:15: [SM] Call stack trace:
L 08/17/2020 - 13:22:15: [SM]   [1] Line 202, restrictinc/events.sp::CS_OnBuyCommand
L 08/17/2020 - 13:22:23: [SM] Exception reported: Language phrase "Player_Connected_From" not found (arg 3)
L 08/17/2020 - 13:22:23: [SM] Blaming: advadmin.smx
L 08/17/2020 - 13:22:23: [SM] Call stack trace:
L 08/17/2020 - 13:22:23: [SM]   [0] VFormat
L 08/17/2020 - 13:22:23: [SM]   [1] Line 386, /groups/sourcemod/compiler-1.10/include/halflife.inc::PrintToChatAll
L 08/17/2020 - 13:22:23: [SM]   [2] Line 141, /home/groups/sourcemod/upload_tmp/phpRYtiXm.sp::OnClientAuthorized
L 08/17/2020 - 13:22:26: [SM] Exception reported: Language phrase "Player_Connected_From" not found (arg 3)
L 08/17/2020 - 13:22:26: [SM] Blaming: advadmin.smx
L 08/17/2020 - 13:22:26: [SM] Call stack trace:
L 08/17/2020 - 13:22:26: [SM]   [0] VFormat
L 08/17/2020 - 13:22:26: [SM]   [1] Line 386, /groups/sourcemod/compiler-1.10/include/halflife.inc::PrintToChatAll
L 08/17/2020 - 13:22:26: [SM]   [2] Line 141, /home/groups/sourcemod/upload_tmp/phpRYtiXm.sp::OnClientAuthorized
L 08/17/2020 - 13:23:34: [SM] Exception reported: Array index out-of-bounds (index 64, limit 55)
L 08/17/2020 - 13:23:34: [SM] Blaming: weapon_restrict.smx
L 08/17/2020 - 13:23:34: [SM] Call stack trace:
L 08/17/2020 - 13:23:34: [SM]   [1] Line 202, restrictinc/events.sp::CS_OnBuyCommand
L 08/17/2020 - 13:23:34: [SM] Exception reported: Array index out-of-bounds (index 64, limit 55)
L 08/17/2020 - 13:23:34: [SM] Blaming: weapon_restrict.smx
L 08/17/2020 - 13:23:34: [SM] Call stack trace:
L 08/17/2020 - 13:23:34: [SM]   [1] Line 202, restrictinc/events.sp::CS_OnBuyCommand
L 08/17/2020 - 13:23:34: [SM] Exception reported: Array index out-of-bounds (index 64, limit 55)
L 08/17/2020 - 13:23:34: [SM] Blaming: weapon_restrict.smx
L 08/17/2020 - 13:23:34: [SM] Call stack trace:
L 08/17/2020 - 13:23:34: [SM]   [1] Line 202, restrictinc/events.sp::CS_OnBuyCommand
L 08/17/2020 - 13:24:16: [SM] Exception reported: Array index out-of-bounds (index 64, limit 55)
L 08/17/2020 - 13:24:16: [SM] Blaming: weapon_restrict.smx
L 08/17/2020 - 13:24:16: [SM] Call stack trace:
L 08/17/2020 - 13:24:16: [SM]   [1] Line 202, restrictinc/events.sp::CS_OnBuyCommand
L 08/17/2020 - 13:24:27: [SM] Exception reported: Language phrase "Player_Connected_From" not found (arg 3)
L 08/17/2020 - 13:24:27: [SM] Blaming: advadmin.smx
L 08/17/2020 - 13:24:27: [SM] Call stack trace:
L 08/17/2020 - 13:24:27: [SM]   [0] VFormat
L 08/17/2020 - 13:24:27: [SM]   [1] Line 386, /groups/sourcemod/compiler-1.10/include/halflife.inc::PrintToChatAll
L 08/17/2020 - 13:24:27: [SM]   [2] Line 141, /home/groups/sourcemod/upload_tmp/phpRYtiXm.sp::OnClientAuthorized
L 08/17/2020 - 13:24:32: [SM] Exception reported: Array index out-of-bounds (index 64, limit 55)
L 08/17/2020 - 13:24:32: [SM] Blaming: weapon_restrict.smx
L 08/17/2020 - 13:24:32: [SM] Call stack trace:
L 08/17/2020 - 13:24:32: [SM]   [1] Line 202, restrictinc/events.sp::CS_OnBuyCommand
L 08/17/2020 - 13:24:36: [SM] Exception reported: Array index out-of-bounds (index 64, limit 55)
L 08/17/2020 - 13:24:36: [SM] Blaming: weapon_restrict.smx
L 08/17/2020 - 13:24:36: [SM] Call stack trace:
L 08/17/2020 - 13:24:36: [SM]   [1] Line 202, restrictinc/events.sp::CS_OnBuyCommand
L 08/17/2020 - 13:25:45: [SM] Exception reported: Language phrase "Player_Connected_From" not found (arg 3)
L 08/17/2020 - 13:25:45: [SM] Blaming: advadmin.smx
L 08/17/2020 - 13:25:45: [SM] Call stack trace:
L 08/17/2020 - 13:25:45: [SM]   [0] VFormat
L 08/17/2020 - 13:25:45: [SM]   [1] Line 386, /groups/sourcemod/compiler-1.10/include/halflife.inc::PrintToChatAll
L 08/17/2020 - 13:25:45: [SM]   [2] Line 141, /home/groups/sourcemod/upload_tmp/phpRYtiXm.sp::OnClientAuthorized
L 08/17/2020 - 13:27:45: [SM] Exception reported: Array index out-of-bounds (index 64, limit 55)
L 08/17/2020 - 13:27:45: [SM] Blaming: weapon_restrict.smx
L 08/17/2020 - 13:27:45: [SM] Call stack trace:
L 08/17/2020 - 13:27:45: [SM]   [1] Line 202, restrictinc/events.sp::CS_OnBuyCommand
L 08/17/2020 - 13:31:49: Error log file session closed.
L 08/17/2020 - 13:31:49: SourceMod error session started
L 08/17/2020 - 13:31:49: Info (map "de_mirage") (file "/home/tcagame/jackm1/488/csgo/addons/sourcemod/logs/errors_20200817.log")
L 08/17/2020 - 13:31:49: [SM] Fatal error encountered parsing translation file "advadmin.phrases.txt"
L 08/17/2020 - 13:31:49: [SM] Error (line 0, column 0): Stream failed to open
L 08/17/2020 - 13:32:06: [SM] Exception reported: Array index out-of-bounds (index 64, limit 55)
L 08/17/2020 - 13:32:06: [SM] Blaming: weapon_restrict.smx
L 08/17/2020 - 13:32:06: [SM] Call stack trace:
L 08/17/2020 - 13:32:06: [SM]   [1] Line 202, restrictinc/events.sp::CS_OnBuyCommand
L 08/17/2020 - 13:32:09: [SM] Exception reported: Array index out-of-bounds (index 64, limit 55)
L 08/17/2020 - 13:32:09: [SM] Blaming: weapon_restrict.smx
L 08/17/2020 - 13:32:09: [SM] Call stack trace:
L 08/17/2020 - 13:32:09: [SM]   [1] Line 202, restrictinc/events.sp::CS_OnBuyCommand
L 08/17/2020 - 13:32:15: [SM] Exception reported: Array index out-of-bounds (index 64, limit 55)
L 08/17/2020 - 13:32:15: [SM] Blaming: weapon_restrict.smx
L 08/17/2020 - 13:32:15: [SM] Call stack trace:
L 08/17/2020 - 13:32:15: [SM]   [1] Line 202, restrictinc/events.sp::CS_OnBuyCommand
L 08/17/2020 - 13:33:05: [SM] Exception reported: Array index out-of-bounds (index 64, limit 55)
L 08/17/2020 - 13:33:05: [SM] Blaming: weapon_restrict.smx
L 08/17/2020 - 13:33:05: [SM] Call stack trace:
L 08/17/2020 - 13:33:05: [SM]   [1] Line 202, restrictinc/events.sp::CS_OnBuyCommand
L 08/17/2020 - 13:33:05: [SM] Exception reported: Array index out-of-bounds (index 64, limit 55)
L 08/17/2020 - 13:33:05: [SM] Blaming: weapon_restrict.smx
L 08/17/2020 - 13:33:05: [SM] Call stack trace:
L 08/17/2020 - 13:33:05: [SM]   [1] Line 202, restrictinc/events.sp::CS_OnBuyCommand
L 08/17/2020 - 13:33:08: [SM] Exception reported: Array index out-of-bounds (index 64, limit 55)
L 08/17/2020 - 13:33:08: [SM] Blaming: weapon_restrict.smx
L 08/17/2020 - 13:33:08: [SM] Call stack trace:
L 08/17/2020 - 13:33:08: [SM]   [1] Line 202, restrictinc/events.sp::CS_OnBuyCommand
L 08/17/2020 - 13:33:10: [SM] Exception reported: Array index out-of-bounds (index 64, limit 55)
L 08/17/2020 - 13:33:10: [SM] Blaming: weapon_restrict.smx
L 08/17/2020 - 13:33:10: [SM] Call stack trace:
L 08/17/2020 - 13:33:10: [SM]   [1] Line 202, restrictinc/events.sp::CS_OnBuyCommand
L 08/17/2020 - 13:33:13: [SM] Exception reported: Array index out-of-bounds (index 64, limit 55)
L 08/17/2020 - 13:33:13: [SM] Blaming: weapon_restrict.smx
L 08/17/2020 - 13:33:13: [SM] Call stack trace:
L 08/17/2020 - 13:33:13: [SM]   [1] Line 202, restrictinc/events.sp::CS_OnBuyCommand
L 08/17/2020 - 13:33:13: [SM] Exception reported: Array index out-of-bounds (index 64, limit 55)
L 08/17/2020 - 13:33:13: [SM] Blaming: weapon_restrict.smx
L 08/17/2020 - 13:33:13: [SM] Call stack trace:
L 08/17/2020 - 13:33:13: [SM]   [1] Line 202, restrictinc/events.sp::CS_OnBuyCommand
L 08/17/2020 - 13:35:07: [SM] Exception reported: Array index out-of-bounds (index 64, limit 55)
L 08/17/2020 - 13:35:07: [SM] Blaming: weapon_restrict.smx
L 08/17/2020 - 13:35:07: [SM] Call stack trace:
L 08/17/2020 - 13:35:07: [SM]   [1] Line 202, restrictinc/events.sp::CS_OnBuyCommand
L 08/17/2020 - 13:35:07: [SM] Exception reported: Array index out-of-bounds (index 64, limit 55)
L 08/17/2020 - 13:35:07: [SM] Blaming: weapon_restrict.smx
L 08/17/2020 - 13:35:07: [SM] Call stack trace:
L 08/17/2020 - 13:35:07: [SM]   [1] Line 202, restrictinc/events.sp::CS_OnBuyCommand
L 08/17/2020 - 13:35:13: [SM] Exception reported: Array index out-of-bounds (index 64, limit 55)
L 08/17/2020 - 13:35:13: [SM] Blaming: weapon_restrict.smx
L 08/17/2020 - 13:35:13: [SM] Call stack trace:
L 08/17/2020 - 13:35:13: [SM]   [1] Line 202, restrictinc/events.sp::CS_OnBuyCommand
L 08/17/2020 - 13:35:13: [SM] Exception reported: Array index out-of-bounds (index 64, limit 55)
L 08/17/2020 - 13:35:13: [SM] Blaming: weapon_restrict.smx
L 08/17/2020 - 13:35:13: [SM] Call stack trace:
L 08/17/2020 - 13:35:13: [SM]   [1] Line 202, restrictinc/events.sp::CS_OnBuyCommand
L 08/17/2020 - 13:35:16: [SM] Exception reported: Array index out-of-bounds (index 64, limit 55)
L 08/17/2020 - 13:35:16: [SM] Blaming: weapon_restrict.smx
L 08/17/2020 - 13:35:16: [SM] Call stack trace:
L 08/17/2020 - 13:35:16: [SM]   [1] Line 202, restrictinc/events.sp::CS_OnBuyCommand
L 08/17/2020 - 13:35:16: [SM] Exception reported: Array index out-of-bounds (index 64, limit 55)
L 08/17/2020 - 13:35:16: [SM] Blaming: weapon_restrict.smx
L 08/17/2020 - 13:35:16: [SM] Call stack trace:
L 08/17/2020 - 13:35:16: [SM]   [1] Line 202, restrictinc/events.sp::CS_OnBuyCommand
L 08/17/2020 - 13:35:16: [SM] Exception reported: Array index out-of-bounds (index 64, limit 55)
L 08/17/2020 - 13:35:16: [SM] Blaming: weapon_restrict.smx
L 08/17/2020 - 13:35:16: [SM] Call stack trace:
L 08/17/2020 - 13:35:16: [SM]   [1] Line 202, restrictinc/events.sp::CS_OnBuyCommand
L 08/17/2020 - 13:35:18: [SM] Exception reported: Array index out-of-bounds (index 64, limit 55)
L 08/17/2020 - 13:35:18: [SM] Blaming: weapon_restrict.smx
L 08/17/2020 - 13:35:18: [SM] Call stack trace:
L 08/17/2020 - 13:35:18: [SM]   [1] Line 202, restrictinc/events.sp::CS_OnBuyCommand
L 08/17/2020 - 13:35:25: [SM] Exception reported: Array index out-of-bounds (index 64, limit 55)
L 08/17/2020 - 13:35:25: [SM] Blaming: weapon_restrict.smx
L 08/17/2020 - 13:35:25: [SM] Call stack trace:
L 08/17/2020 - 13:35:25: [SM]   [1] Line 202, restrictinc/events.sp::CS_OnBuyCommand
L 08/17/2020 - 13:35:25: [SM] Exception reported: Array index out-of-bounds (index 64, limit 55)
L 08/17/2020 - 13:35:25: [SM] Blaming: weapon_restrict.smx
L 08/17/2020 - 13:35:25: [SM] Call stack trace:
L 08/17/2020 - 13:35:25: [SM]   [1] Line 202, restrictinc/events.sp::CS_OnBuyCommand
L 08/17/2020 - 13:35:26: [SM] Exception reported: Array index out-of-bounds (index 64, limit 55)
L 08/17/2020 - 13:35:26: [SM] Blaming: weapon_restrict.smx
L 08/17/2020 - 13:35:26: [SM] Call stack trace:
L 08/17/2020 - 13:35:26: [SM]   [1] Line 202, restrictinc/events.sp::CS_OnBuyCommand
L 08/17/2020 - 13:35:27: [SM] Exception reported: Array index out-of-bounds (index 64, limit 55)
L 08/17/2020 - 13:35:27: [SM] Blaming: weapon_restrict.smx
L 08/17/2020 - 13:35:27: [SM] Call stack trace:
L 08/17/2020 - 13:35:27: [SM]   [1] Line 202, restrictinc/events.sp::CS_OnBuyCommand
L 08/17/2020 - 13:35:30: [SM] Exception reported: Array index out-of-bounds (index 64, limit 55)
L 08/17/2020 - 13:35:30: [SM] Blaming: weapon_restrict.smx
L 08/17/2020 - 13:35:30: [SM] Call stack trace:
L 08/17/2020 - 13:35:30: [SM]   [1] Line 202, restrictinc/events.sp::CS_OnBuyCommand
L 08/17/2020 - 13:35:31: [SM] Exception reported: Array index out-of-bounds (index 64, limit 55)
L 08/17/2020 - 13:35:31: [SM] Blaming: weapon_restrict.smx
L 08/17/2020 - 13:35:31: [SM] Call stack trace:
L 08/17/2020 - 13:35:31: [SM]   [1] Line 202, restrictinc/events.sp::CS_OnBuyCommand
L 08/17/2020 - 13:37:16: [SM] Exception reported: Array index out-of-bounds (index 64, limit 55)
L 08/17/2020 - 13:37:16: [SM] Blaming: weapon_restrict.smx
L 08/17/2020 - 13:37:16: [SM] Call stack trace:
L 08/17/2020 - 13:37:16: [SM]   [1] Line 202, restrictinc/events.sp::CS_OnBuyCommand
L 08/17/2020 - 13:37:16: [SM] Exception reported: Array index out-of-bounds (index 64, limit 55)
L 08/17/2020 - 13:37:16: [SM] Blaming: weapon_restrict.smx
L 08/17/2020 - 13:37:16: [SM] Call stack trace:
L 08/17/2020 - 13:37:16: [SM]   [1] Line 202, restrictinc/events.sp::CS_OnBuyCommand
L 08/17/2020 - 13:37:32: [SM] Exception reported: Array index out-of-bounds (index 64, limit 55)
L 08/17/2020 - 13:37:32: [SM] Blaming: weapon_restrict.smx
L 08/17/2020 - 13:37:32: [SM] Call stack trace:
L 08/17/2020 - 13:37:32: [SM]   [1] Line 202, restrictinc/events.sp::CS_OnBuyCommand
L 08/17/2020 - 13:38:18: [SM] Exception reported: Array index out-of-bounds (index 64, limit 55)
L 08/17/2020 - 13:38:18: [SM] Blaming: weapon_restrict.smx
L 08/17/2020 - 13:38:18: [SM] Call stack trace:
L 08/17/2020 - 13:38:18: [SM]   [1] Line 202, restrictinc/events.sp::CS_OnBuyCommand
L 08/17/2020 - 13:38:24: [SM] Exception reported: Array index out-of-bounds (index 64, limit 55)
L 08/17/2020 - 13:38:24: [SM] Blaming: weapon_restrict.smx
L 08/17/2020 - 13:38:24: [SM] Call stack trace:
L 08/17/2020 - 13:38:24: [SM]   [1] Line 202, restrictinc/events.sp::CS_OnBuyCommand
L 08/17/2020 - 13:42:11: [SM] Exception reported: Language phrase "Player_Connected_From" not found (arg 3)
L 08/17/2020 - 13:42:11: [SM] Blaming: advadmin.smx
L 08/17/2020 - 13:42:11: [SM] Call stack trace:
L 08/17/2020 - 13:42:11: [SM]   [0] VFormat
L 08/17/2020 - 13:42:11: [SM]   [1] Line 386, /groups/sourcemod/compiler-1.10/include/halflife.inc::PrintToChatAll
L 08/17/2020 - 13:42:11: [SM]   [2] Line 141, /home/groups/sourcemod/upload_tmp/phpRYtiXm.sp::OnClientAuthorized
L 08/17/2020 - 13:43:30: [SM] Exception reported: Language phrase "Player_Connected_From" not found (arg 3)
L 08/17/2020 - 13:43:30: [SM] Blaming: advadmin.smx
L 08/17/2020 - 13:43:30: [SM] Call stack trace:
L 08/17/2020 - 13:43:30: [SM]   [0] VFormat
L 08/17/2020 - 13:43:30: [SM]   [1] Line 386, /groups/sourcemod/compiler-1.10/include/halflife.inc::PrintToChatAll
L 08/17/2020 - 13:43:30: [SM]   [2] Line 141, /home/groups/sourcemod/upload_tmp/phpRYtiXm.sp::OnClientAuthorized
L 08/17/2020 - 13:44:25: [SM] Exception reported: Language phrase "Player_Connected_From" not found (arg 3)
L 08/17/2020 - 13:44:25: [SM] Blaming: advadmin.smx
L 08/17/2020 - 13:44:25: [SM] Call stack trace:
L 08/17/2020 - 13:44:25: [SM]   [0] VFormat
L 08/17/2020 - 13:44:25: [SM]   [1] Line 386, /groups/sourcemod/compiler-1.10/include/halflife.inc::PrintToChatAll
L 08/17/2020 - 13:44:25: [SM]   [2] Line 141, /home/groups/sourcemod/upload_tmp/phpRYtiXm.sp::OnClientAuthorized
L 08/17/2020 - 13:45:09: [SM] Exception reported: Array index out-of-bounds (index 64, limit 55)
L 08/17/2020 - 13:45:09: [SM] Blaming: weapon_restrict.smx
L 08/17/2020 - 13:45:09: [SM] Call stack trace:
L 08/17/2020 - 13:45:09: [SM]   [1] Line 202, restrictinc/events.sp::CS_OnBuyCommand
L 08/17/2020 - 13:46:37: [SM] Exception reported: Array index out-of-bounds (index 64, limit 55)
L 08/17/2020 - 13:46:37: [SM] Blaming: weapon_restrict.smx
L 08/17/2020 - 13:46:37: [SM] Call stack trace:
L 08/17/2020 - 13:46:37: [SM]   [1] Line 202, restrictinc/events.sp::CS_OnBuyCommand
L 08/17/2020 - 13:48:10: [SM] Exception reported: Array index out-of-bounds (index 64, limit 55)
L 08/17/2020 - 13:48:10: [SM] Blaming: weapon_restrict.smx
L 08/17/2020 - 13:48:10: [SM] Call stack trace:
L 08/17/2020 - 13:48:10: [SM]   [1] Line 202, restrictinc/events.sp::CS_OnBuyCommand
L 08/17/2020 - 13:50:13: [SM] Exception reported: Array index out-of-bounds (index 64, limit 55)
L 08/17/2020 - 13:50:13: [SM] Blaming: weapon_restrict.smx
L 08/17/2020 - 13:50:13: [SM] Call stack trace:
L 08/17/2020 - 13:50:13: [SM]   [1] Line 202, restrictinc/events.sp::CS_OnBuyCommand
L 08/17/2020 - 13:50:19: [SM] Exception reported: Array index out-of-bounds (index 64, limit 55)
L 08/17/2020 - 13:50:19: [SM] Blaming: weapon_restrict.smx
L 08/17/2020 - 13:50:19: [SM] Call stack trace:
L 08/17/2020 - 13:50:19: [SM]   [1] Line 202, restrictinc/events.sp::CS_OnBuyCommand
L 08/17/2020 - 13:50:22: [SM] Exception reported: Array index out-of-bounds (index 64, limit 55)
L 08/17/2020 - 13:50:22: [SM] Blaming: weapon_restrict.smx
L 08/17/2020 - 13:50:22: [SM] Call stack trace:
L 08/17/2020 - 13:50:22: [SM]   [1] Line 202, restrictinc/events.sp::CS_OnBuyCommand
L 08/17/2020 - 13:52:28: [SM] Exception reported: Array index out-of-bounds (index 64, limit 55)
L 08/17/2020 - 13:52:28: [SM] Blaming: weapon_restrict.smx
L 08/17/2020 - 13:52:28: [SM] Call stack trace:
L 08/17/2020 - 13:52:28: [SM]   [1] Line 202, restrictinc/events.sp::CS_OnBuyCommand
L 08/17/2020 - 13:52:35: [SM] Exception reported: Array index out-of-bounds (index 64, limit 55)
L 08/17/2020 - 13:52:35: [SM] Blaming: weapon_restrict.smx
L 08/17/2020 - 13:52:35: [SM] Call stack trace:
L 08/17/2020 - 13:52:35: [SM]   [1] Line 202, restrictinc/events.sp::CS_OnBuyCommand
L 08/17/2020 - 13:54:02: [SM] Exception reported: Array index out-of-bounds (index 64, limit 55)
L 08/17/2020 - 13:54:02: [SM] Blaming: weapon_restrict.smx
L 08/17/2020 - 13:54:02: [SM] Call stack trace:
L 08/17/2020 - 13:54:02: [SM]   [1] Line 202, restrictinc/events.sp::CS_OnBuyCommand
L 08/17/2020 - 13:54:10: [SM] Exception reported: Array index out-of-bounds (index 64, limit 55)
L 08/17/2020 - 13:54:10: [SM] Blaming: weapon_restrict.smx
L 08/17/2020 - 13:54:10: [SM] Call stack trace:
L 08/17/2020 - 13:54:10: [SM]   [1] Line 202, restrictinc/events.sp::CS_OnBuyCommand
L 08/17/2020 - 13:55:21: [SM] Exception reported: Array index out-of-bounds (index 64, limit 55)
L 08/17/2020 - 13:55:21: [SM] Blaming: weapon_restrict.smx
L 08/17/2020 - 13:55:21: [SM] Call stack trace:
L 08/17/2020 - 13:55:21: [SM]   [1] Line 202, restrictinc/events.sp::CS_OnBuyCommand
L 08/17/2020 - 13:55:29: [SM] Exception reported: Array index out-of-bounds (index 64, limit 55)
L 08/17/2020 - 13:55:29: [SM] Blaming: weapon_restrict.smx
L 08/17/2020 - 13:55:29: [SM] Call stack trace:
L 08/17/2020 - 13:55:29: [SM]   [1] Line 202, restrictinc/events.sp::CS_OnBuyCommand
L 08/17/2020 - 13:55:34: [SM] Exception reported: Array index out-of-bounds (index 64, limit 55)
L 08/17/2020 - 13:55:34: [SM] Blaming: weapon_restrict.smx
L 08/17/2020 - 13:55:34: [SM] Call stack trace:
L 08/17/2020 - 13:55:34: [SM]   [1] Line 202, restrictinc/events.sp::CS_OnBuyCommand
L 08/17/2020 - 13:56:37: [SM] Exception reported: Array index out-of-bounds (index 64, limit 55)
L 08/17/2020 - 13:56:37: [SM] Blaming: weapon_restrict.smx
L 08/17/2020 - 13:56:37: [SM] Call stack trace:
L 08/17/2020 - 13:56:37: [SM]   [1] Line 202, restrictinc/events.sp::CS_OnBuyCommand
L 08/17/2020 - 13:56:44: [SM] Exception reported: Array index out-of-bounds (index 64, limit 55)
L 08/17/2020 - 13:56:44: [SM] Blaming: weapon_restrict.smx
L 08/17/2020 - 13:56:44: [SM] Call stack trace:
L 08/17/2020 - 13:56:44: [SM]   [1] Line 202, restrictinc/events.sp::CS_OnBuyCommand
L 08/17/2020 - 13:58:56: [SM] Exception reported: Array index out-of-bounds (index 64, limit 55)
L 08/17/2020 - 13:58:56: [SM] Blaming: weapon_restrict.smx
L 08/17/2020 - 13:58:56: [SM] Call stack trace:
L 08/17/2020 - 13:58:56: [SM]   [1] Line 202, restrictinc/events.sp::CS_OnBuyCommand
L 08/17/2020 - 13:59:08: [SM] Exception reported: Array index out-of-bounds (index 64, limit 55)
L 08/17/2020 - 13:59:08: [SM] Blaming: weapon_restrict.smx
L 08/17/2020 - 13:59:08: [SM] Call stack trace:
L 08/17/2020 - 13:59:08: [SM]   [1] Line 202, restrictinc/events.sp::CS_OnBuyCommand
L 08/17/2020 - 14:01:11: [SM] Exception reported: Array index out-of-bounds (index 64, limit 55)
L 08/17/2020 - 14:01:11: [SM] Blaming: weapon_restrict.smx
L 08/17/2020 - 14:01:11: [SM] Call stack trace:
L 08/17/2020 - 14:01:11: [SM]   [1] Line 202, restrictinc/events.sp::CS_OnBuyCommand
L 08/17/2020 - 14:01:24: [SM] Exception reported: Array index out-of-bounds (index 64, limit 55)
L 08/17/2020 - 14:01:24: [SM] Blaming: weapon_restrict.smx
L 08/17/2020 - 14:01:24: [SM] Call stack trace:
L 08/17/2020 - 14:01:24: [SM]   [1] Line 202, restrictinc/events.sp::CS_OnBuyCommand
L 08/17/2020 - 14:01:25: [SM] Exception reported: Array index out-of-bounds (index 64, limit 55)
L 08/17/2020 - 14:01:25: [SM] Blaming: weapon_restrict.smx
L 08/17/2020 - 14:01:25: [SM] Call stack trace:
L 08/17/2020 - 14:01:25: [SM]   [1] Line 202, restrictinc/events.sp::CS_OnBuyCommand
L 08/17/2020 - 14:03:32: [SM] Exception reported: Array index out-of-bounds (index 64, limit 55)
L 08/17/2020 - 14:03:32: [SM] Blaming: weapon_restrict.smx
L 08/17/2020 - 14:03:32: [SM] Call stack trace:
L 08/17/2020 - 14:03:32: [SM]   [1] Line 202, restrictinc/events.sp::CS_OnBuyCommand
L 08/17/2020 - 14:04:32: [SM] Exception reported: Array index out-of-bounds (index 64, limit 55)
L 08/17/2020 - 14:04:32: [SM] Blaming: weapon_restrict.smx
L 08/17/2020 - 14:04:32: [SM] Call stack trace:
L 08/17/2020 - 14:04:32: [SM]   [1] Line 202, restrictinc/events.sp::CS_OnBuyCommand
L 08/17/2020 - 14:04:36: [SM] Exception reported: Array index out-of-bounds (index 64, limit 55)
L 08/17/2020 - 14:04:36: [SM] Blaming: weapon_restrict.smx
L 08/17/2020 - 14:04:36: [SM] Call stack trace:
L 08/17/2020 - 14:04:36: [SM]   [1] Line 202, restrictinc/events.sp::CS_OnBuyCommand
L 08/17/2020 - 14:04:39: [SM] Exception reported: Array index out-of-bounds (index 64, limit 55)
L 08/17/2020 - 14:04:39: [SM] Blaming: weapon_restrict.smx
L 08/17/2020 - 14:04:39: [SM] Call stack trace:
L 08/17/2020 - 14:04:39: [SM]   [1] Line 202, restrictinc/events.sp::CS_OnBuyCommand
L 08/17/2020 - 14:06:56: [SM] Exception reported: Array index out-of-bounds (index 64, limit 55)
L 08/17/2020 - 14:06:56: [SM] Blaming: weapon_restrict.smx
L 08/17/2020 - 14:06:56: [SM] Call stack trace:
L 08/17/2020 - 14:06:56: [SM]   [1] Line 202, restrictinc/events.sp::CS_OnBuyCommand
L 08/17/2020 - 14:07:00: [SM] Exception reported: Array index out-of-bounds (index 64, limit 55)
L 08/17/2020 - 14:07:00: [SM] Blaming: weapon_restrict.smx
L 08/17/2020 - 14:07:00: [SM] Call stack trace:
L 08/17/2020 - 14:07:00: [SM]   [1] Line 202, restrictinc/events.sp::CS_OnBuyCommand
L 08/17/2020 - 14:07:05: [SM] Exception reported: Array index out-of-bounds (index 64, limit 55)
L 08/17/2020 - 14:07:05: [SM] Blaming: weapon_restrict.smx
L 08/17/2020 - 14:07:05: [SM] Call stack trace:
L 08/17/2020 - 14:07:05: [SM]   [1] Line 202, restrictinc/events.sp::CS_OnBuyCommand
L 08/17/2020 - 14:07:08: [SM] Exception reported: Array index out-of-bounds (index 64, limit 55)
L 08/17/2020 - 14:07:08: [SM] Blaming: weapon_restrict.smx
L 08/17/2020 - 14:07:08: [SM] Call stack trace:
L 08/17/2020 - 14:07:08: [SM]   [1] Line 202, restrictinc/events.sp::CS_OnBuyCommand
L 08/17/2020 - 14:07:08: [SM] Exception reported: Array index out-of-bounds (index 64, limit 55)
L 08/17/2020 - 14:07:08: [SM] Blaming: weapon_restrict.smx
L 08/17/2020 - 14:07:08: [SM] Call stack trace:
L 08/17/2020 - 14:07:08: [SM]   [1] Line 202, restrictinc/events.sp::CS_OnBuyCommand
L 08/17/2020 - 14:07:18: [SM] Exception reported: Array index out-of-bounds (index 64, limit 55)
L 08/17/2020 - 14:07:18: [SM] Blaming: weapon_restrict.smx
L 08/17/2020 - 14:07:18: [SM] Call stack trace:
L 08/17/2020 - 14:07:18: [SM]   [1] Line 202, restrictinc/events.sp::CS_OnBuyCommand
L 08/17/2020 - 14:08:20: [SM] Exception reported: Array index out-of-bounds (index 64, limit 55)
L 08/17/2020 - 14:08:20: [SM] Blaming: weapon_restrict.smx
L 08/17/2020 - 14:08:20: [SM] Call stack trace:
L 08/17/2020 - 14:08:20: [SM]   [1] Line 202, restrictinc/events.sp::CS_OnBuyCommand
L 08/17/2020 - 14:08:26: [SM] Exception reported: Array index out-of-bounds (index 64, limit 55)
L 08/17/2020 - 14:08:26: [SM] Blaming: weapon_restrict.smx
L 08/17/2020 - 14:08:26: [SM] Call stack trace:
L 08/17/2020 - 14:08:26: [SM]   [1] Line 202, restrictinc/events.sp::CS_OnBuyCommand
L 08/17/2020 - 14:08:28: [SM] Exception reported: Array index out-of-bounds (index 64, limit 55)
L 08/17/2020 - 14:08:28: [SM] Blaming: weapon_restrict.smx
L 08/17/2020 - 14:08:28: [SM] Call stack trace:
L 08/17/2020 - 14:08:28: [SM]   [1] Line 202, restrictinc/events.sp::CS_OnBuyCommand
L 08/17/2020 - 14:08:35: [SM] Exception reported: Array index out-of-bounds (index 64, limit 55)
L 08/17/2020 - 14:08:35: [SM] Blaming: weapon_restrict.smx
L 08/17/2020 - 14:08:35: [SM] Call stack trace:
L 08/17/2020 - 14:08:35: [SM]   [1] Line 202, restrictinc/events.sp::CS_OnBuyCommand
L 08/17/2020 - 14:09:08: [SM] Exception reported: Array index out-of-bounds (index 64, limit 55)
L 08/17/2020 - 14:09:08: [SM] Blaming: weapon_restrict.smx
L 08/17/2020 - 14:09:08: [SM] Call stack trace:
L 08/17/2020 - 14:09:08: [SM]   [1] Line 202, restrictinc/events.sp::CS_OnBuyCommand
L 08/17/2020 - 14:09:15: [SM] Exception reported: Array index out-of-bounds (index 64, limit 55)
L 08/17/2020 - 14:09:15: [SM] Blaming: weapon_restrict.smx
L 08/17/2020 - 14:09:15: [SM] Call stack trace:
L 08/17/2020 - 14:09:15: [SM]   [1] Line 202, restrictinc/events.sp::CS_OnBuyCommand
L 08/17/2020 - 14:09:25: [SM] Exception reported: Array index out-of-bounds (index 64, limit 55)
L 08/17/2020 - 14:09:25: [SM] Blaming: weapon_restrict.smx
L 08/17/2020 - 14:09:25: [SM] Call stack trace:
L 08/17/2020 - 14:09:25: [SM]   [1] Line 202, restrictinc/events.sp::CS_OnBuyCommand
L 08/17/2020 - 14:11:10: [SM] Exception reported: Array index out-of-bounds (index 64, limit 55)
L 08/17/2020 - 14:11:10: [SM] Blaming: weapon_restrict.smx
L 08/17/2020 - 14:11:10: [SM] Call stack trace:
L 08/17/2020 - 14:11:10: [SM]   [1] Line 202, restrictinc/events.sp::CS_OnBuyCommand
L 08/17/2020 - 14:11:19: [SM] Exception reported: Array index out-of-bounds (index 64, limit 55)
L 08/17/2020 - 14:11:19: [SM] Blaming: weapon_restrict.smx
L 08/17/2020 - 14:11:19: [SM] Call stack trace:
L 08/17/2020 - 14:11:19: [SM]   [1] Line 202, restrictinc/events.sp::CS_OnBuyCommand
L 08/17/2020 - 14:12:08: [SM] Exception reported: Array index out-of-bounds (index 64, limit 55)
L 08/17/2020 - 14:12:08: [SM] Blaming: weapon_restrict.smx
L 08/17/2020 - 14:12:08: [SM] Call stack trace:
L 08/17/2020 - 14:12:08: [SM]   [1] Line 202, restrictinc/events.sp::CS_OnBuyCommand
L 08/17/2020 - 14:13:23: [SM] Exception reported: Array index out-of-bounds (index 64, limit 55)
L 08/17/2020 - 14:13:23: [SM] Blaming: weapon_restrict.smx
L 08/17/2020 - 14:13:23: [SM] Call stack trace:
L 08/17/2020 - 14:13:23: [SM]   [1] Line 202, restrictinc/events.sp::CS_OnBuyCommand
L 08/17/2020 - 14:13:30: [SM] Exception reported: Array index out-of-bounds (index 64, limit 55)
L 08/17/2020 - 14:13:30: [SM] Blaming: weapon_restrict.smx
L 08/17/2020 - 14:13:30: [SM] Call stack trace:
L 08/17/2020 - 14:13:30: [SM]   [1] Line 202, restrictinc/events.sp::CS_OnBuyCommand
L 08/17/2020 - 14:15:11: [SM] Exception reported: Array index out-of-bounds (index 64, limit 55)
L 08/17/2020 - 14:15:11: [SM] Blaming: weapon_restrict.smx
L 08/17/2020 - 14:15:11: [SM] Call stack trace:
L 08/17/2020 - 14:15:11: [SM]   [1] Line 202, restrictinc/events.sp::CS_OnBuyCommand
L 08/17/2020 - 14:15:16: [SM] Exception reported: Array index out-of-bounds (index 64, limit 55)
L 08/17/2020 - 14:15:16: [SM] Blaming: weapon_restrict.smx
L 08/17/2020 - 14:15:16: [SM] Call stack trace:
L 08/17/2020 - 14:15:16: [SM]   [1] Line 202, restrictinc/events.sp::CS_OnBuyCommand
L 08/17/2020 - 14:15:45: [SM] Exception reported: Array index out-of-bounds (index 64, limit 55)
L 08/17/2020 - 14:15:45: [SM] Blaming: weapon_restrict.smx
L 08/17/2020 - 14:15:45: [SM] Call stack trace:
L 08/17/2020 - 14:15:45: [SM]   [1] Line 202, restrictinc/events.sp::CS_OnBuyCommand
L 08/17/2020 - 14:15:57: [SM] Exception reported: Array index out-of-bounds (index 64, limit 55)
L 08/17/2020 - 14:15:57: [SM] Blaming: weapon_restrict.smx
L 08/17/2020 - 14:15:57: [SM] Call stack trace:
L 08/17/2020 - 14:15:57: [SM]   [1] Line 202, restrictinc/events.sp::CS_OnBuyCommand
L 08/17/2020 - 14:16:41: [SM] Exception reported: Array index out-of-bounds (index 64, limit 55)
L 08/17/2020 - 14:16:41: [SM] Blaming: weapon_restrict.smx
L 08/17/2020 - 14:16:41: [SM] Call stack trace:
L 08/17/2020 - 14:16:41: [SM]   [1] Line 202, restrictinc/events.sp::CS_OnBuyCommand
L 08/17/2020 - 14:17:20: [SM] Exception reported: Array index out-of-bounds (index 64, limit 55)
L 08/17/2020 - 14:17:20: [SM] Blaming: weapon_restrict.smx
L 08/17/2020 - 14:17:20: [SM] Call stack trace:
L 08/17/2020 - 14:17:20: [SM]   [1] Line 202, restrictinc/events.sp::CS_OnBuyCommand
L 08/17/2020 - 14:17:32: [SM] Exception reported: Array index out-of-bounds (index 64, limit 55)
L 08/17/2020 - 14:17:32: [SM] Blaming: weapon_restrict.smx
L 08/17/2020 - 14:17:32: [SM] Call stack trace:
L 08/17/2020 - 14:17:32: [SM]   [1] Line 202, restrictinc/events.sp::CS_OnBuyCommand
L 08/17/2020 - 14:17:35: [SM] Exception reported: Array index out-of-bounds (index 64, limit 55)
L 08/17/2020 - 14:17:35: [SM] Blaming: weapon_restrict.smx
L 08/17/2020 - 14:17:35: [SM] Call stack trace:
L 08/17/2020 - 14:17:35: [SM]   [1] Line 202, restrictinc/events.sp::CS_OnBuyCommand
L 08/17/2020 - 14:18:11: [SM] Exception reported: Array index out-of-bounds (index 64, limit 55)
L 08/17/2020 - 14:18:11: [SM] Blaming: weapon_restrict.smx
L 08/17/2020 - 14:18:11: [SM] Call stack trace:
L 08/17/2020 - 14:18:11: [SM]   [1] Line 202, restrictinc/events.sp::CS_OnBuyCommand
L 08/17/2020 - 14:18:26: [SM] Exception reported: Array index out-of-bounds (index 64, limit 55)
L 08/17/2020 - 14:18:26: [SM] Blaming: weapon_restrict.smx
L 08/17/2020 - 14:18:26: [SM] Call stack trace:
L 08/17/2020 - 14:18:26: [SM]   [1] Line 202, restrictinc/events.sp::CS_OnBuyCommand
L 08/17/2020 - 14:18:58: [SM] Exception reported: Array index out-of-bounds (index 64, limit 55)
L 08/17/2020 - 14:18:58: [SM] Blaming: weapon_restrict.smx
L 08/17/2020 - 14:18:58: [SM] Call stack trace:
L 08/17/2020 - 14:18:58: [SM]   [1] Line 202, restrictinc/events.sp::CS_OnBuyCommand
L 08/17/2020 - 14:19:05: [SM] Exception reported: Array index out-of-bounds (index 64, limit 55)
L 08/17/2020 - 14:19:05: [SM] Blaming: weapon_restrict.smx
L 08/17/2020 - 14:19:05: [SM] Call stack trace:
L 08/17/2020 - 14:19:05: [SM]   [1] Line 202, restrictinc/events.sp::CS_OnBuyCommand
L 08/17/2020 - 14:19:10: [SM] Exception reported: Array index out-of-bounds (index 64, limit 55)
L 08/17/2020 - 14:19:10: [SM] Blaming: weapon_restrict.smx
L 08/17/2020 - 14:19:10: [SM] Call stack trace:
L 08/17/2020 - 14:19:10: [SM]   [1] Line 202, restrictinc/events.sp::CS_OnBuyCommand
L 08/17/2020 - 14:19:38: [SM] Exception reported: Array index out-of-bounds (index 64, limit 55)
L 08/17/2020 - 14:19:38: [SM] Blaming: weapon_restrict.smx
L 08/17/2020 - 14:19:38: [SM] Call stack trace:
L 08/17/2020 - 14:19:38: [SM]   [1] Line 202, restrictinc/events.sp::CS_OnBuyCommand
L 08/17/2020 - 15:40:50: Error log file session closed.
L 08/17/2020 - 15:40:50: SourceMod error session started
L 08/17/2020 - 15:40:50: Info (map "de_mirage") (file "/home/tcagame/jackm1/488/csgo/addons/sourcemod/logs/errors_20200817.log")
L 08/17/2020 - 15:40:50: [SM] Fatal error encountered parsing translation file "advadmin.phrases.txt"
L 08/17/2020 - 15:40:50: [SM] Error (line 0, column 0): Stream failed to open
L 08/17/2020 - 15:48:22: [SM] Exception reported: Language phrase "Player_Connected_From" not found (arg 3)
L 08/17/2020 - 15:48:22: [SM] Blaming: advadmin.smx
L 08/17/2020 - 15:48:22: [SM] Call stack trace:
L 08/17/2020 - 15:48:22: [SM]   [0] VFormat
L 08/17/2020 - 15:48:22: [SM]   [1] Line 386, /groups/sourcemod/compiler-1.10/include/halflife.inc::PrintToChatAll
L 08/17/2020 - 15:48:22: [SM]   [2] Line 141, /home/groups/sourcemod/upload_tmp/phpRYtiXm.sp::OnClientAuthorized
L 08/17/2020 - 15:48:27: [SM] Exception reported: Language phrase "Player_Connected_From" not found (arg 3)
L 08/17/2020 - 15:48:27: [SM] Blaming: advadmin.smx
L 08/17/2020 - 15:48:27: [SM] Call stack trace:
L 08/17/2020 - 15:48:27: [SM]   [0] VFormat
L 08/17/2020 - 15:48:27: [SM]   [1] Line 386, /groups/sourcemod/compiler-1.10/include/halflife.inc::PrintToChatAll
L 08/17/2020 - 15:48:27: [SM]   [2] Line 141, /home/groups/sourcemod/upload_tmp/phpRYtiXm.sp::OnClientAuthorized
L 08/17/2020 - 15:48:29: [SM] Exception reported: Array index out-of-bounds (index 64, limit 55)
L 08/17/2020 - 15:48:29: [SM] Blaming: weapon_restrict.smx
L 08/17/2020 - 15:48:29: [SM] Call stack trace:
L 08/17/2020 - 15:48:29: [SM]   [1] Line 202, restrictinc/events.sp::CS_OnBuyCommand
L 08/17/2020 - 15:48:39: [SM] Exception reported: Array index out-of-bounds (index 64, limit 55)
L 08/17/2020 - 15:48:39: [SM] Blaming: weapon_restrict.smx
L 08/17/2020 - 15:48:39: [SM] Call stack trace:
L 08/17/2020 - 15:48:39: [SM]   [1] Line 202, restrictinc/events.sp::CS_OnBuyCommand
L 08/17/2020 - 15:48:42: [SM] Exception reported: Array index out-of-bounds (index 64, limit 55)
L 08/17/2020 - 15:48:42: [SM] Blaming: weapon_restrict.smx
L 08/17/2020 - 15:48:42: [SM] Call stack trace:
L 08/17/2020 - 15:48:42: [SM]   [1] Line 202, restrictinc/events.sp::CS_OnBuyCommand
L 08/17/2020 - 15:49:46: [SM] Exception reported: Array index out-of-bounds (index 64, limit 55)
L 08/17/2020 - 15:49:46: [SM] Blaming: weapon_restrict.smx
L 08/17/2020 - 15:49:46: [SM] Call stack trace:
L 08/17/2020 - 15:49:46: [SM]   [1] Line 202, restrictinc/events.sp::CS_OnBuyCommand
L 08/17/2020 - 15:51:07: [SM] Exception reported: Language phrase "Player_Connected_From" not found (arg 3)
L 08/17/2020 - 15:51:07: [SM] Blaming: advadmin.smx
L 08/17/2020 - 15:51:07: [SM] Call stack trace:
L 08/17/2020 - 15:51:07: [SM]   [0] VFormat
L 08/17/2020 - 15:51:07: [SM]   [1] Line 386, /groups/sourcemod/compiler-1.10/include/halflife.inc::PrintToChatAll
L 08/17/2020 - 15:51:07: [SM]   [2] Line 141, /home/groups/sourcemod/upload_tmp/phpRYtiXm.sp::OnClientAuthorized
L 08/17/2020 - 15:55:41: [SM] Exception reported: Array index out-of-bounds (index 64, limit 55)
L 08/17/2020 - 15:55:41: [SM] Blaming: weapon_restrict.smx
L 08/17/2020 - 15:55:41: [SM] Call stack trace:
L 08/17/2020 - 15:55:41: [SM]   [1] Line 202, restrictinc/events.sp::CS_OnBuyCommand
L 08/17/2020 - 15:56:34: [SM] Exception reported: Language phrase "Player_Connected_From" not found (arg 3)
L 08/17/2020 - 15:56:34: [SM] Blaming: advadmin.smx
L 08/17/2020 - 15:56:34: [SM] Call stack trace:
L 08/17/2020 - 15:56:34: [SM]   [0] VFormat
L 08/17/2020 - 15:56:34: [SM]   [1] Line 386, /groups/sourcemod/compiler-1.10/include/halflife.inc::PrintToChatAll
L 08/17/2020 - 15:56:34: [SM]   [2] Line 141, /home/groups/sourcemod/upload_tmp/phpRYtiXm.sp::OnClientAuthorized
L 08/17/2020 - 15:57:45: [SM] Exception reported: Array index out-of-bounds (index 64, limit 55)
L 08/17/2020 - 15:57:45: [SM] Blaming: weapon_restrict.smx
L 08/17/2020 - 15:57:45: [SM] Call stack trace:
L 08/17/2020 - 15:57:45: [SM]   [1] Line 202, restrictinc/events.sp::CS_OnBuyCommand
L 08/17/2020 - 15:57:48: [SM] Exception reported: Array index out-of-bounds (index 64, limit 55)
L 08/17/2020 - 15:57:48: [SM] Blaming: weapon_restrict.smx
L 08/17/2020 - 15:57:48: [SM] Call stack trace:
L 08/17/2020 - 15:57:48: [SM]   [1] Line 202, restrictinc/events.sp::CS_OnBuyCommand
L 08/17/2020 - 15:57:49: [SM] Exception reported: Array index out-of-bounds (index 64, limit 55)
L 08/17/2020 - 15:57:49: [SM] Blaming: weapon_restrict.smx
L 08/17/2020 - 15:57:49: [SM] Call stack trace:
L 08/17/2020 - 15:57:49: [SM]   [1] Line 202, restrictinc/events.sp::CS_OnBuyCommand
L 08/17/2020 - 15:58:47: [SM] Exception reported: Array index out-of-bounds (index 64, limit 55)
L 08/17/2020 - 15:58:47: [SM] Blaming: weapon_restrict.smx
L 08/17/2020 - 15:58:47: [SM] Call stack trace:
L 08/17/2020 - 15:58:47: [SM]   [1] Line 202, restrictinc/events.sp::CS_OnBuyCommand
L 08/17/2020 - 15:58:57: [SM] Exception reported: Array index out-of-bounds (index 64, limit 55)
L 08/17/2020 - 15:58:57: [SM] Blaming: weapon_restrict.smx
L 08/17/2020 - 15:58:57: [SM] Call stack trace:
L 08/17/2020 - 15:58:57: [SM]   [1] Line 202, restrictinc/events.sp::CS_OnBuyCommand
L 08/17/2020 - 15:59:05: [SM] Exception reported: Array index out-of-bounds (index 64, limit 55)
L 08/17/2020 - 15:59:05: [SM] Blaming: weapon_restrict.smx
L 08/17/2020 - 15:59:05: [SM] Call stack trace:
L 08/17/2020 - 15:59:05: [SM]   [1] Line 202, restrictinc/events.sp::CS_OnBuyCommand
L 08/17/2020 - 15:59:52: [SM] Exception reported: Array index out-of-bounds (index 64, limit 55)
L 08/17/2020 - 15:59:52: [SM] Blaming: weapon_restrict.smx
L 08/17/2020 - 15:59:52: [SM] Call stack trace:
L 08/17/2020 - 15:59:52: [SM]   [1] Line 202, restrictinc/events.sp::CS_OnBuyCommand
L 08/17/2020 - 16:00:44: [SM] Exception reported: Array index out-of-bounds (index 64, limit 55)
L 08/17/2020 - 16:00:44: [SM] Blaming: weapon_restrict.smx
L 08/17/2020 - 16:00:44: [SM] Call stack trace:
L 08/17/2020 - 16:00:44: [SM]   [1] Line 202, restrictinc/events.sp::CS_OnBuyCommand
L 08/17/2020 - 16:00:52: [SM] Exception reported: Array index out-of-bounds (index 64, limit 55)
L 08/17/2020 - 16:00:52: [SM] Blaming: weapon_restrict.smx
L 08/17/2020 - 16:00:52: [SM] Call stack trace:
L 08/17/2020 - 16:00:52: [SM]   [1] Line 202, restrictinc/events.sp::CS_OnBuyCommand
L 08/17/2020 - 16:01:29: [SM] Exception reported: Array index out-of-bounds (index 64, limit 55)
L 08/17/2020 - 16:01:29: [SM] Blaming: weapon_restrict.smx
L 08/17/2020 - 16:01:29: [SM] Call stack trace:
L 08/17/2020 - 16:01:29: [SM]   [1] Line 202, restrictinc/events.sp::CS_OnBuyCommand
L 08/17/2020 - 16:01:32: [SM] Exception reported: Array index out-of-bounds (index 64, limit 55)
L 08/17/2020 - 16:01:32: [SM] Blaming: weapon_restrict.smx
L 08/17/2020 - 16:01:32: [SM] Call stack trace:
L 08/17/2020 - 16:01:32: [SM]   [1] Line 202, restrictinc/events.sp::CS_OnBuyCommand
L 08/17/2020 - 16:02:17: [SM] Exception reported: Array index out-of-bounds (index 64, limit 55)
L 08/17/2020 - 16:02:17: [SM] Blaming: weapon_restrict.smx
L 08/17/2020 - 16:02:17: [SM] Call stack trace:
L 08/17/2020 - 16:02:17: [SM]   [1] Line 202, restrictinc/events.sp::CS_OnBuyCommand
L 08/17/2020 - 16:03:13: [SM] Exception reported: Array index out-of-bounds (index 64, limit 55)
L 08/17/2020 - 16:03:13: [SM] Blaming: weapon_restrict.smx
L 08/17/2020 - 16:03:13: [SM] Call stack trace:
L 08/17/2020 - 16:03:13: [SM]   [1] Line 202, restrictinc/events.sp::CS_OnBuyCommand
L 08/17/2020 - 16:04:01: [SM] Exception reported: Array index out-of-bounds (index 64, limit 55)
L 08/17/2020 - 16:04:01: [SM] Blaming: weapon_restrict.smx
L 08/17/2020 - 16:04:01: [SM] Call stack trace:
L 08/17/2020 - 16:04:01: [SM]   [1] Line 202, restrictinc/events.sp::CS_OnBuyCommand
L 08/17/2020 - 16:06:17: [SM] Exception reported: Language phrase "Player_Connected_From" not found (arg 3)
L 08/17/2020 - 16:06:17: [SM] Blaming: advadmin.smx
L 08/17/2020 - 16:06:17: [SM] Call stack trace:
L 08/17/2020 - 16:06:17: [SM]   [0] VFormat
L 08/17/2020 - 16:06:17: [SM]   [1] Line 386, /groups/sourcemod/compiler-1.10/include/halflife.inc::PrintToChatAll
L 08/17/2020 - 16:06:17: [SM]   [2] Line 141, /home/groups/sourcemod/upload_tmp/phpRYtiXm.sp::OnClientAuthorized
L 08/17/2020 - 16:06:57: [SM] Exception reported: Array index out-of-bounds (index 64, limit 55)
L 08/17/2020 - 16:06:57: [SM] Blaming: weapon_restrict.smx
L 08/17/2020 - 16:06:57: [SM] Call stack trace:
L 08/17/2020 - 16:06:57: [SM]   [1] Line 202, restrictinc/events.sp::CS_OnBuyCommand
L 08/17/2020 - 16:07:25: [SM] Exception reported: Language phrase "Player_Connected_From" not found (arg 3)
L 08/17/2020 - 16:07:25: [SM] Blaming: advadmin.smx
L 08/17/2020 - 16:07:25: [SM] Call stack trace:
L 08/17/2020 - 16:07:25: [SM]   [0] VFormat
L 08/17/2020 - 16:07:25: [SM]   [1] Line 386, /groups/sourcemod/compiler-1.10/include/halflife.inc::PrintToChatAll
L 08/17/2020 - 16:07:25: [SM]   [2] Line 141, /home/groups/sourcemod/upload_tmp/phpRYtiXm.sp::OnClientAuthorized
L 08/17/2020 - 16:10:42: [SM] Exception reported: Array index out-of-bounds (index 64, limit 55)
L 08/17/2020 - 16:10:42: [SM] Blaming: weapon_restrict.smx
L 08/17/2020 - 16:10:42: [SM] Call stack trace:
L 08/17/2020 - 16:10:42: [SM]   [1] Line 202, restrictinc/events.sp::CS_OnBuyCommand
L 08/17/2020 - 16:10:44: [SM] Exception reported: Array index out-of-bounds (index 64, limit 55)
L 08/17/2020 - 16:10:44: [SM] Blaming: weapon_restrict.smx
L 08/17/2020 - 16:10:44: [SM] Call stack trace:
L 08/17/2020 - 16:10:44: [SM]   [1] Line 202, restrictinc/events.sp::CS_OnBuyCommand
L 08/17/2020 - 16:10:47: [SM] Exception reported: Array index out-of-bounds (index 64, limit 55)
L 08/17/2020 - 16:10:47: [SM] Blaming: weapon_restrict.smx
L 08/17/2020 - 16:10:47: [SM] Call stack trace:
L 08/17/2020 - 16:10:47: [SM]   [1] Line 202, restrictinc/events.sp::CS_OnBuyCommand
L 08/17/2020 - 16:11:38: [SM] Exception reported: Array index out-of-bounds (index 64, limit 55)
L 08/17/2020 - 16:11:38: [SM] Blaming: weapon_restrict.smx
L 08/17/2020 - 16:11:38: [SM] Call stack trace:
L 08/17/2020 - 16:11:38: [SM]   [1] Line 202, restrictinc/events.sp::CS_OnBuyCommand
L 08/17/2020 - 16:17:31: [SM] Exception reported: Array index out-of-bounds (index 64, limit 55)
L 08/17/2020 - 16:17:31: [SM] Blaming: weapon_restrict.smx
L 08/17/2020 - 16:17:31: [SM] Call stack trace:
L 08/17/2020 - 16:17:31: [SM]   [1] Line 202, restrictinc/events.sp::CS_OnBuyCommand
L 08/17/2020 - 16:17:33: [SM] Exception reported: Array index out-of-bounds (index 64, limit 55)
L 08/17/2020 - 16:17:33: [SM] Blaming: weapon_restrict.smx
L 08/17/2020 - 16:17:33: [SM] Call stack trace:
L 08/17/2020 - 16:17:33: [SM]   [1] Line 202, restrictinc/events.sp::CS_OnBuyCommand
L 08/17/2020 - 16:19:32: [SM] Exception reported: Array index out-of-bounds (index 64, limit 55)
L 08/17/2020 - 16:19:32: [SM] Blaming: weapon_restrict.smx
L 08/17/2020 - 16:19:32: [SM] Call stack trace:
L 08/17/2020 - 16:19:32: [SM]   [1] Line 202, restrictinc/events.sp::CS_OnBuyCommand
L 08/17/2020 - 16:19:50: [SM] Exception reported: Language phrase "Player_Connected_From" not found (arg 3)
L 08/17/2020 - 16:19:50: [SM] Blaming: advadmin.smx
L 08/17/2020 - 16:19:50: [SM] Call stack trace:
L 08/17/2020 - 16:19:50: [SM]   [0] VFormat
L 08/17/2020 - 16:19:50: [SM]   [1] Line 386, /groups/sourcemod/compiler-1.10/include/halflife.inc::PrintToChatAll
L 08/17/2020 - 16:19:50: [SM]   [2] Line 141, /home/groups/sourcemod/upload_tmp/phpRYtiXm.sp::OnClientAuthorized
L 08/17/2020 - 16:22:50: [SM] Exception reported: Language phrase "Player_Connected_From" not found (arg 3)
L 08/17/2020 - 16:22:50: [SM] Blaming: advadmin.smx
L 08/17/2020 - 16:22:50: [SM] Call stack trace:
L 08/17/2020 - 16:22:50: [SM]   [0] VFormat
L 08/17/2020 - 16:22:50: [SM]   [1] Line 386, /groups/sourcemod/compiler-1.10/include/halflife.inc::PrintToChatAll
L 08/17/2020 - 16:22:50: [SM]   [2] Line 141, /home/groups/sourcemod/upload_tmp/phpRYtiXm.sp::OnClientAuthorized
L 08/17/2020 - 16:23:29: [SM] Exception reported: Array index out-of-bounds (index 64, limit 55)
L 08/17/2020 - 16:23:29: [SM] Blaming: weapon_restrict.smx
L 08/17/2020 - 16:23:29: [SM] Call stack trace:
L 08/17/2020 - 16:23:29: [SM]   [1] Line 202, restrictinc/events.sp::CS_OnBuyCommand
L 08/17/2020 - 16:23:31: [SM] Exception reported: Array index out-of-bounds (index 64, limit 55)
L 08/17/2020 - 16:23:31: [SM] Blaming: weapon_restrict.smx
L 08/17/2020 - 16:23:31: [SM] Call stack trace:
L 08/17/2020 - 16:23:31: [SM]   [1] Line 202, restrictinc/events.sp::CS_OnBuyCommand
L 08/17/2020 - 16:23:40: [SM] Exception reported: Array index out-of-bounds (index 64, limit 55)
L 08/17/2020 - 16:23:40: [SM] Blaming: weapon_restrict.smx
L 08/17/2020 - 16:23:40: [SM] Call stack trace:
L 08/17/2020 - 16:23:40: [SM]   [1] Line 202, restrictinc/events.sp::CS_OnBuyCommand
L 08/17/2020 - 16:24:21: [SM] Exception reported: Array index out-of-bounds (index 64, limit 55)
L 08/17/2020 - 16:24:21: [SM] Blaming: weapon_restrict.smx
L 08/17/2020 - 16:24:21: [SM] Call stack trace:
L 08/17/2020 - 16:24:21: [SM]   [1] Line 202, restrictinc/events.sp::CS_OnBuyCommand
L 08/17/2020 - 16:24:38: [SM] Exception reported: Array index out-of-bounds (index 64, limit 55)
L 08/17/2020 - 16:24:38: [SM] Blaming: weapon_restrict.smx
L 08/17/2020 - 16:24:38: [SM] Call stack trace:
L 08/17/2020 - 16:24:38: [SM]   [1] Line 202, restrictinc/events.sp::CS_OnBuyCommand
L 08/17/2020 - 16:24:43: [SM] Exception reported: Language phrase "Player_Connected_From" not found (arg 3)
L 08/17/2020 - 16:24:43: [SM] Blaming: advadmin.smx
L 08/17/2020 - 16:24:43: [SM] Call stack trace:
L 08/17/2020 - 16:24:43: [SM]   [0] VFormat
L 08/17/2020 - 16:24:43: [SM]   [1] Line 386, /groups/sourcemod/compiler-1.10/include/halflife.inc::PrintToChatAll
L 08/17/2020 - 16:24:43: [SM]   [2] Line 141, /home/groups/sourcemod/upload_tmp/phpRYtiXm.sp::OnClientAuthorized
L 08/17/2020 - 16:24:47: [SM] Exception reported: Language phrase "Player_Connected_From" not found (arg 3)
L 08/17/2020 - 16:24:47: [SM] Blaming: advadmin.smx
L 08/17/2020 - 16:24:47: [SM] Call stack trace:
L 08/17/2020 - 16:24:47: [SM]   [0] VFormat
L 08/17/2020 - 16:24:47: [SM]   [1] Line 386, /groups/sourcemod/compiler-1.10/include/halflife.inc::PrintToChatAll
L 08/17/2020 - 16:24:47: [SM]   [2] Line 141, /home/groups/sourcemod/upload_tmp/phpRYtiXm.sp::OnClientAuthorized
L 08/17/2020 - 16:24:50: [SM] Exception reported: Language phrase "Player_Connected_From" not found (arg 3)
L 08/17/2020 - 16:24:50: [SM] Blaming: advadmin.smx
L 08/17/2020 - 16:24:50: [SM] Call stack trace:
L 08/17/2020 - 16:24:50: [SM]   [0] VFormat
L 08/17/2020 - 16:24:50: [SM]   [1] Line 386, /groups/sourcemod/compiler-1.10/include/halflife.inc::PrintToChatAll
L 08/17/2020 - 16:24:50: [SM]   [2] Line 141, /home/groups/sourcemod/upload_tmp/phpRYtiXm.sp::OnClientAuthorized
L 08/17/2020 - 16:24:57: [SM] Exception reported: Language phrase "Player_Connected_From" not found (arg 3)
L 08/17/2020 - 16:24:57: [SM] Blaming: advadmin.smx
L 08/17/2020 - 16:24:57: [SM] Call stack trace:
L 08/17/2020 - 16:24:57: [SM]   [0] VFormat
L 08/17/2020 - 16:24:57: [SM]   [1] Line 386, /groups/sourcemod/compiler-1.10/include/halflife.inc::PrintToChatAll
L 08/17/2020 - 16:24:57: [SM]   [2] Line 141, /home/groups/sourcemod/upload_tmp/phpRYtiXm.sp::OnClientAuthorized
L 08/17/2020 - 16:25:15: [SM] Exception reported: Language phrase "Player_Connected_From" not found (arg 3)
L 08/17/2020 - 16:25:15: [SM] Blaming: advadmin.smx
L 08/17/2020 - 16:25:15: [SM] Call stack trace:
L 08/17/2020 - 16:25:15: [SM]   [0] VFormat
L 08/17/2020 - 16:25:15: [SM]   [1] Line 386, /groups/sourcemod/compiler-1.10/include/halflife.inc::PrintToChatAll
L 08/17/2020 - 16:25:15: [SM]   [2] Line 141, /home/groups/sourcemod/upload_tmp/phpRYtiXm.sp::OnClientAuthorized
L 08/17/2020 - 16:25:37: [SM] Exception reported: Array index out-of-bounds (index 64, limit 55)
L 08/17/2020 - 16:25:37: [SM] Blaming: weapon_restrict.smx
L 08/17/2020 - 16:25:37: [SM] Call stack trace:
L 08/17/2020 - 16:25:37: [SM]   [1] Line 202, restrictinc/events.sp::CS_OnBuyCommand
L 08/17/2020 - 16:25:40: [SM] Exception reported: Language phrase "Player_Connected_From" not found (arg 3)
L 08/17/2020 - 16:25:40: [SM] Blaming: advadmin.smx
L 08/17/2020 - 16:25:40: [SM] Call stack trace:
L 08/17/2020 - 16:25:40: [SM]   [0] VFormat
L 08/17/2020 - 16:25:40: [SM]   [1] Line 386, /groups/sourcemod/compiler-1.10/include/halflife.inc::PrintToChatAll
L 08/17/2020 - 16:25:40: [SM]   [2] Line 141, /home/groups/sourcemod/upload_tmp/phpRYtiXm.sp::OnClientAuthorized
L 08/17/2020 - 16:25:40: [SM] Exception reported: Array index out-of-bounds (index 64, limit 55)
L 08/17/2020 - 16:25:40: [SM] Blaming: weapon_restrict.smx
L 08/17/2020 - 16:25:40: [SM] Call stack trace:
L 08/17/2020 - 16:25:40: [SM]   [1] Line 202, restrictinc/events.sp::CS_OnBuyCommand
L 08/17/2020 - 16:25:43: [SM] Exception reported: Array index out-of-bounds (index 64, limit 55)
L 08/17/2020 - 16:25:43: [SM] Blaming: weapon_restrict.smx
L 08/17/2020 - 16:25:43: [SM] Call stack trace:
L 08/17/2020 - 16:25:43: [SM]   [1] Line 202, restrictinc/events.sp::CS_OnBuyCommand
L 08/17/2020 - 16:25:45: [SM] Exception reported: Array index out-of-bounds (index 64, limit 55)
L 08/17/2020 - 16:25:45: [SM] Blaming: weapon_restrict.smx
L 08/17/2020 - 16:25:45: [SM] Call stack trace:
L 08/17/2020 - 16:25:45: [SM]   [1] Line 202, restrictinc/events.sp::CS_OnBuyCommand
L 08/17/2020 - 16:26:29: [SM] Exception reported: Array index out-of-bounds (index 64, limit 55)
L 08/17/2020 - 16:26:29: [SM] Blaming: weapon_restrict.smx
L 08/17/2020 - 16:26:29: [SM] Call stack trace:
L 08/17/2020 - 16:26:29: [SM]   [1] Line 202, restrictinc/events.sp::CS_OnBuyCommand
L 08/17/2020 - 16:26:30: [SM] Exception reported: Array index out-of-bounds (index 64, limit 55)
L 08/17/2020 - 16:26:30: [SM] Blaming: weapon_restrict.smx
L 08/17/2020 - 16:26:30: [SM] Call stack trace:
L 08/17/2020 - 16:26:30: [SM]   [1] Line 202, restrictinc/events.sp::CS_OnBuyCommand
L 08/17/2020 - 16:26:36: [SM] Exception reported: Array index out-of-bounds (index 64, limit 55)
L 08/17/2020 - 16:26:36: [SM] Blaming: weapon_restrict.smx
L 08/17/2020 - 16:26:36: [SM] Call stack trace:
L 08/17/2020 - 16:26:36: [SM]   [1] Line 202, restrictinc/events.sp::CS_OnBuyCommand
L 08/17/2020 - 16:26:40: [SM] Exception reported: Array index out-of-bounds (index 64, limit 55)
L 08/17/2020 - 16:26:40: [SM] Blaming: weapon_restrict.smx
L 08/17/2020 - 16:26:40: [SM] Call stack trace:
L 08/17/2020 - 16:26:40: [SM]   [1] Line 202, restrictinc/events.sp::CS_OnBuyCommand
L 08/17/2020 - 16:27:22: [SM] Exception reported: Array index out-of-bounds (index 64, limit 55)
L 08/17/2020 - 16:27:22: [SM] Blaming: weapon_restrict.smx
L 08/17/2020 - 16:27:22: [SM] Call stack trace:
L 08/17/2020 - 16:27:22: [SM]   [1] Line 202, restrictinc/events.sp::CS_OnBuyCommand
L 08/17/2020 - 16:27:26: [SM] Exception reported: Language phrase "Player_Connected_From" not found (arg 3)
L 08/17/2020 - 16:27:26: [SM] Blaming: advadmin.smx
L 08/17/2020 - 16:27:26: [SM] Call stack trace:
L 08/17/2020 - 16:27:26: [SM]   [0] VFormat
L 08/17/2020 - 16:27:26: [SM]   [1] Line 386, /groups/sourcemod/compiler-1.10/include/halflife.inc::PrintToChatAll
L 08/17/2020 - 16:27:26: [SM]   [2] Line 141, /home/groups/sourcemod/upload_tmp/phpRYtiXm.sp::OnClientAuthorized
L 08/17/2020 - 16:27:45: [SM] Exception reported: Array index out-of-bounds (index 64, limit 55)
L 08/17/2020 - 16:27:45: [SM] Blaming: weapon_restrict.smx
L 08/17/2020 - 16:27:45: [SM] Call stack trace:
L 08/17/2020 - 16:27:45: [SM]   [1] Line 202, restrictinc/events.sp::CS_OnBuyCommand
L 08/17/2020 - 16:28:14: [SM] Exception reported: Language phrase "Player_Connected_From" not found (arg 3)
L 08/17/2020 - 16:28:14: [SM] Blaming: advadmin.smx
L 08/17/2020 - 16:28:14: [SM] Call stack trace:
L 08/17/2020 - 16:28:14: [SM]   [0] VFormat
L 08/17/2020 - 16:28:14: [SM]   [1] Line 386, /groups/sourcemod/compiler-1.10/include/halflife.inc::PrintToChatAll
L 08/17/2020 - 16:28:14: [SM]   [2] Line 141, /home/groups/sourcemod/upload_tmp/phpRYtiXm.sp::OnClientAuthorized
L 08/17/2020 - 16:28:15: [SM] Exception reported: Array index out-of-bounds (index 64, limit 55)
L 08/17/2020 - 16:28:15: [SM] Blaming: weapon_restrict.smx
L 08/17/2020 - 16:28:15: [SM] Call stack trace:
L 08/17/2020 - 16:28:15: [SM]   [1] Line 202, restrictinc/events.sp::CS_OnBuyCommand
L 08/17/2020 - 16:28:15: [SM] Exception reported: Array index out-of-bounds (index 64, limit 55)
L 08/17/2020 - 16:28:15: [SM] Blaming: weapon_restrict.smx
L 08/17/2020 - 16:28:15: [SM] Call stack trace:
L 08/17/2020 - 16:28:15: [SM]   [1] Line 202, restrictinc/events.sp::CS_OnBuyCommand
L 08/17/2020 - 16:30:42: [SM] Exception reported: Array index out-of-bounds (index 63, limit 55)
L 08/17/2020 - 16:30:42: [SM] Blaming: weapon_restrict.smx
L 08/17/2020 - 16:30:42: [SM] Call stack trace:
L 08/17/2020 - 16:30:42: [SM]   [1] Line 202, restrictinc/events.sp::CS_OnBuyCommand
L 08/17/2020 - 16:30:47: [SM] Exception reported: Array index out-of-bounds (index 64, limit 55)
L 08/17/2020 - 16:30:47: [SM] Blaming: weapon_restrict.smx
L 08/17/2020 - 16:30:47: [SM] Call stack trace:
L 08/17/2020 - 16:30:47: [SM]   [1] Line 202, restrictinc/events.sp::CS_OnBuyCommand
L 08/17/2020 - 16:30:52: [SM] Exception reported: Array index out-of-bounds (index 64, limit 55)
L 08/17/2020 - 16:30:52: [SM] Blaming: weapon_restrict.smx
L 08/17/2020 - 16:30:52: [SM] Call stack trace:
L 08/17/2020 - 16:30:52: [SM]   [1] Line 202, restrictinc/events.sp::CS_OnBuyCommand
L 08/17/2020 - 16:31:25: [SM] Exception reported: Language phrase "CMD_Team_Spec" not found (arg 5)
L 08/17/2020 - 16:31:25: [SM] Blaming: advadmin.smx
L 08/17/2020 - 16:31:25: [SM] Call stack trace:
L 08/17/2020 - 16:31:25: [SM]   [0] ShowActivity2
L 08/17/2020 - 16:31:25: [SM]   [1] Line 790, /home/groups/sourcemod/upload_tmp/phpRYtiXm.sp::CMD_Spec
L 08/17/2020 - 16:32:10: [SM] Exception reported: Language phrase "Player_Connected_From" not found (arg 3)
L 08/17/2020 - 16:32:10: [SM] Blaming: advadmin.smx
L 08/17/2020 - 16:32:10: [SM] Call stack trace:
L 08/17/2020 - 16:32:10: [SM]   [0] VFormat
L 08/17/2020 - 16:32:10: [SM]   [1] Line 386, /groups/sourcemod/compiler-1.10/include/halflife.inc::PrintToChatAll
L 08/17/2020 - 16:32:10: [SM]   [2] Line 141, /home/groups/sourcemod/upload_tmp/phpRYtiXm.sp::OnClientAuthorized
L 08/17/2020 - 16:32:19: [SM] Exception reported: Array index out-of-bounds (index 64, limit 55)
L 08/17/2020 - 16:32:19: [SM] Blaming: weapon_restrict.smx
L 08/17/2020 - 16:32:19: [SM] Call stack trace:
L 08/17/2020 - 16:32:19: [SM]   [1] Line 202, restrictinc/events.sp::CS_OnBuyCommand
L 08/17/2020 - 16:32:43: [SM] Exception reported: Array index out-of-bounds (index 64, limit 55)
L 08/17/2020 - 16:32:43: [SM] Blaming: weapon_restrict.smx
L 08/17/2020 - 16:32:43: [SM] Call stack trace:
L 08/17/2020 - 16:32:43: [SM]   [1] Line 202, restrictinc/events.sp::CS_OnBuyCommand
L 08/17/2020 - 16:33:19: [SM] Exception reported: Array index out-of-bounds (index 64, limit 55)
L 08/17/2020 - 16:33:19: [SM] Blaming: weapon_restrict.smx
L 08/17/2020 - 16:33:19: [SM] Call stack trace:
L 08/17/2020 - 16:33:19: [SM]   [1] Line 202, restrictinc/events.sp::CS_OnBuyCommand
L 08/17/2020 - 16:33:58: [SM] Exception reported: Array index out-of-bounds (index 64, limit 55)
L 08/17/2020 - 16:33:58: [SM] Blaming: weapon_restrict.smx
L 08/17/2020 - 16:33:58: [SM] Call stack trace:
L 08/17/2020 - 16:33:58: [SM]   [1] Line 202, restrictinc/events.sp::CS_OnBuyCommand
L 08/17/2020 - 16:35:03: [SM] Exception reported: Array index out-of-bounds (index 64, limit 55)
L 08/17/2020 - 16:35:03: [SM] Blaming: weapon_restrict.smx
L 08/17/2020 - 16:35:03: [SM] Call stack trace:
L 08/17/2020 - 16:35:03: [SM]   [1] Line 202, restrictinc/events.sp::CS_OnBuyCommand
L 08/17/2020 - 16:35:05: [SM] Exception reported: Array index out-of-bounds (index 64, limit 55)
L 08/17/2020 - 16:35:05: [SM] Blaming: weapon_restrict.smx
L 08/17/2020 - 16:35:05: [SM] Call stack trace:
L 08/17/2020 - 16:35:05: [SM]   [1] Line 202, restrictinc/events.sp::CS_OnBuyCommand
L 08/17/2020 - 16:35:22: [SM] Exception reported: Array index out-of-bounds (index 64, limit 55)
L 08/17/2020 - 16:35:22: [SM] Blaming: weapon_restrict.smx
L 08/17/2020 - 16:35:22: [SM] Call stack trace:
L 08/17/2020 - 16:35:22: [SM]   [1] Line 202, restrictinc/events.sp::CS_OnBuyCommand
L 08/17/2020 - 16:35:36: [SM] Exception reported: Array index out-of-bounds (index 64, limit 55)
L 08/17/2020 - 16:35:36: [SM] Blaming: weapon_restrict.smx
L 08/17/2020 - 16:35:36: [SM] Call stack trace:
L 08/17/2020 - 16:35:36: [SM]   [1] Line 202, restrictinc/events.sp::CS_OnBuyCommand
L 08/17/2020 - 16:36:01: Error log file session closed.
L 08/17/2020 - 16:36:01: SourceMod error session started
L 08/17/2020 - 16:36:01: Info (map "de_canals") (file "/home/tcagame/jackm1/488/csgo/addons/sourcemod/logs/errors_20200817.log")
L 08/17/2020 - 16:36:01: [SM] Fatal error encountered parsing translation file "advadmin.phrases.txt"
L 08/17/2020 - 16:36:01: [SM] Error (line 0, column 0): Stream failed to open
L 08/17/2020 - 16:36:46: [SM] Exception reported: Language phrase "Player_Connected" not found (arg 3)
L 08/17/2020 - 16:36:46: [SM] Blaming: advadmin.smx
L 08/17/2020 - 16:36:46: [SM] Call stack trace:
L 08/17/2020 - 16:36:46: [SM]   [0] VFormat
L 08/17/2020 - 16:36:46: [SM]   [1] Line 386, /groups/sourcemod/compiler-1.10/include/halflife.inc::PrintToChatAll
L 08/17/2020 - 16:36:46: [SM]   [2] Line 145, /home/groups/sourcemod/upload_tmp/phpRYtiXm.sp::OnClientAuthorized
L 08/17/2020 - 16:36:58: [SM] Exception reported: Array index out-of-bounds (index 64, limit 55)
L 08/17/2020 - 16:36:58: [SM] Blaming: weapon_restrict.smx
L 08/17/2020 - 16:36:58: [SM] Call stack trace:
L 08/17/2020 - 16:36:58: [SM]   [1] Line 202, restrictinc/events.sp::CS_OnBuyCommand
L 08/17/2020 - 16:37:31: [SM] Exception reported: Array index out-of-bounds (index 64, limit 55)
L 08/17/2020 - 16:37:31: [SM] Blaming: weapon_restrict.smx
L 08/17/2020 - 16:37:31: [SM] Call stack trace:
L 08/17/2020 - 16:37:31: [SM]   [1] Line 202, restrictinc/events.sp::CS_OnBuyCommand
L 08/17/2020 - 16:38:12: [SM] Exception reported: Array index out-of-bounds (index 64, limit 55)
L 08/17/2020 - 16:38:12: [SM] Blaming: weapon_restrict.smx
L 08/17/2020 - 16:38:12: [SM] Call stack trace:
L 08/17/2020 - 16:38:12: [SM]   [1] Line 202, restrictinc/events.sp::CS_OnBuyCommand
L 08/17/2020 - 16:38:17: [SM] Exception reported: Language phrase "Player_Connected_From" not found (arg 3)
L 08/17/2020 - 16:38:17: [SM] Blaming: advadmin.smx
L 08/17/2020 - 16:38:17: [SM] Call stack trace:
L 08/17/2020 - 16:38:17: [SM]   [0] VFormat
L 08/17/2020 - 16:38:17: [SM]   [1] Line 386, /groups/sourcemod/compiler-1.10/include/halflife.inc::PrintToChatAll
L 08/17/2020 - 16:38:17: [SM]   [2] Line 141, /home/groups/sourcemod/upload_tmp/phpRYtiXm.sp::OnClientAuthorized
L 08/17/2020 - 16:38:19: [SM] Exception reported: Language phrase "Player_Connected_From" not found (arg 3)
L 08/17/2020 - 16:38:19: [SM] Blaming: advadmin.smx
L 08/17/2020 - 16:38:19: [SM] Call stack trace:
L 08/17/2020 - 16:38:19: [SM]   [0] VFormat
L 08/17/2020 - 16:38:19: [SM]   [1] Line 386, /groups/sourcemod/compiler-1.10/include/halflife.inc::PrintToChatAll
L 08/17/2020 - 16:38:19: [SM]   [2] Line 141, /home/groups/sourcemod/upload_tmp/phpRYtiXm.sp::OnClientAuthorized
L 08/17/2020 - 16:38:46: [SM] Exception reported: Language phrase "CMD_Team_Spec" not found (arg 5)
L 08/17/2020 - 16:38:46: [SM] Blaming: advadmin.smx
L 08/17/2020 - 16:38:46: [SM] Call stack trace:
L 08/17/2020 - 16:38:46: [SM]   [0] ShowActivity2
L 08/17/2020 - 16:38:46: [SM]   [1] Line 790, /home/groups/sourcemod/upload_tmp/phpRYtiXm.sp::CMD_Spec
L 08/17/2020 - 16:39:04: [SM] Exception reported: Language phrase "CMD_Team_Spec" not found (arg 5)
L 08/17/2020 - 16:39:04: [SM] Blaming: advadmin.smx
L 08/17/2020 - 16:39:04: [SM] Call stack trace:
L 08/17/2020 - 16:39:04: [SM]   [0] ShowActivity2
L 08/17/2020 - 16:39:04: [SM]   [1] Line 790, /home/groups/sourcemod/upload_tmp/phpRYtiXm.sp::CMD_Spec
L 08/17/2020 - 16:40:00: [SM] Exception reported: Array index out-of-bounds (index 64, limit 55)
L 08/17/2020 - 16:40:00: [SM] Blaming: weapon_restrict.smx
L 08/17/2020 - 16:40:00: [SM] Call stack trace:
L 08/17/2020 - 16:40:00: [SM]   [1] Line 202, restrictinc/events.sp::CS_OnBuyCommand
L 08/17/2020 - 16:40:03: [SM] Exception reported: Array index out-of-bounds (index 64, limit 55)
L 08/17/2020 - 16:40:03: [SM] Blaming: weapon_restrict.smx
L 08/17/2020 - 16:40:03: [SM] Call stack trace:
L 08/17/2020 - 16:40:03: [SM]   [1] Line 202, restrictinc/events.sp::CS_OnBuyCommand
L 08/17/2020 - 16:40:03: [SM] Exception reported: Array index out-of-bounds (index 64, limit 55)
L 08/17/2020 - 16:40:03: [SM] Blaming: weapon_restrict.smx
L 08/17/2020 - 16:40:03: [SM] Call stack trace:
L 08/17/2020 - 16:40:03: [SM]   [1] Line 202, restrictinc/events.sp::CS_OnBuyCommand
L 08/17/2020 - 16:40:06: [SM] Exception reported: Array index out-of-bounds (index 64, limit 55)
L 08/17/2020 - 16:40:06: [SM] Blaming: weapon_restrict.smx
L 08/17/2020 - 16:40:06: [SM] Call stack trace:
L 08/17/2020 - 16:40:06: [SM]   [1] Line 202, restrictinc/events.sp::CS_OnBuyCommand
L 08/17/2020 - 16:40:07: [SM] Exception reported: Array index out-of-bounds (index 64, limit 55)
L 08/17/2020 - 16:40:07: [SM] Blaming: weapon_restrict.smx
L 08/17/2020 - 16:40:07: [SM] Call stack trace:
L 08/17/2020 - 16:40:07: [SM]   [1] Line 202, restrictinc/events.sp::CS_OnBuyCommand
L 08/17/2020 - 16:40:08: [SM] Exception reported: Array index out-of-bounds (index 64, limit 55)
L 08/17/2020 - 16:40:08: [SM] Blaming: weapon_restrict.smx
L 08/17/2020 - 16:40:08: [SM] Call stack trace:
L 08/17/2020 - 16:40:08: [SM]   [1] Line 202, restrictinc/events.sp::CS_OnBuyCommand
L 08/17/2020 - 16:40:11: [SM] Exception reported: Array index out-of-bounds (index 64, limit 55)
L 08/17/2020 - 16:40:11: [SM] Blaming: weapon_restrict.smx
L 08/17/2020 - 16:40:11: [SM] Call stack trace:
L 08/17/2020 - 16:40:11: [SM]   [1] Line 202, restrictinc/events.sp::CS_OnBuyCommand
L 08/17/2020 - 16:40:12: [SM] Exception reported: Array index out-of-bounds (index 64, limit 55)
L 08/17/2020 - 16:40:12: [SM] Blaming: weapon_restrict.smx
L 08/17/2020 - 16:40:12: [SM] Call stack trace:
L 08/17/2020 - 16:40:12: [SM]   [1] Line 202, restrictinc/events.sp::CS_OnBuyCommand
L 08/17/2020 - 16:40:13: [SM] Exception reported: Array index out-of-bounds (index 64, limit 55)
L 08/17/2020 - 16:40:13: [SM] Blaming: weapon_restrict.smx
L 08/17/2020 - 16:40:13: [SM] Call stack trace:
L 08/17/2020 - 16:40:13: [SM]   [1] Line 202, restrictinc/events.sp::CS_OnBuyCommand
L 08/17/2020 - 16:40:14: [SM] Exception reported: Array index out-of-bounds (index 64, limit 55)
L 08/17/2020 - 16:40:14: [SM] Blaming: weapon_restrict.smx
L 08/17/2020 - 16:40:14: [SM] Call stack trace:
L 08/17/2020 - 16:40:14: [SM]   [1] Line 202, restrictinc/events.sp::CS_OnBuyCommand
L 08/17/2020 - 16:40:15: [SM] Exception reported: Array index out-of-bounds (index 64, limit 55)
L 08/17/2020 - 16:40:15: [SM] Blaming: weapon_restrict.smx
L 08/17/2020 - 16:40:15: [SM] Call stack trace:
L 08/17/2020 - 16:40:15: [SM]   [1] Line 202, restrictinc/events.sp::CS_OnBuyCommand
L 08/17/2020 - 16:40:18: [SM] Exception reported: Array index out-of-bounds (index 64, limit 55)
L 08/17/2020 - 16:40:18: [SM] Blaming: weapon_restrict.smx
L 08/17/2020 - 16:40:18: [SM] Call stack trace:
L 08/17/2020 - 16:40:18: [SM]   [1] Line 202, restrictinc/events.sp::CS_OnBuyCommand
L 08/17/2020 - 16:41:17: [SM] Exception reported: Array index out-of-bounds (index 64, limit 55)
L 08/17/2020 - 16:41:17: [SM] Blaming: weapon_restrict.smx
L 08/17/2020 - 16:41:17: [SM] Call stack trace:
L 08/17/2020 - 16:41:17: [SM]   [1] Line 202, restrictinc/events.sp::CS_OnBuyCommand
L 08/17/2020 - 16:41:23: [SM] Exception reported: Array index out-of-bounds (index 64, limit 55)
L 08/17/2020 - 16:41:23: [SM] Blaming: weapon_restrict.smx
L 08/17/2020 - 16:41:23: [SM] Call stack trace:
L 08/17/2020 - 16:41:23: [SM]   [1] Line 202, restrictinc/events.sp::CS_OnBuyCommand
L 08/17/2020 - 16:41:25: [SM] Exception reported: Array index out-of-bounds (index 64, limit 55)
L 08/17/2020 - 16:41:25: [SM] Blaming: weapon_restrict.smx
L 08/17/2020 - 16:41:25: [SM] Call stack trace:
L 08/17/2020 - 16:41:25: [SM]   [1] Line 202, restrictinc/events.sp::CS_OnBuyCommand
L 08/17/2020 - 16:41:28: [SM] Exception reported: Array index out-of-bounds (index 64, limit 55)
L 08/17/2020 - 16:41:28: [SM] Blaming: weapon_restrict.smx
L 08/17/2020 - 16:41:28: [SM] Call stack trace:
L 08/17/2020 - 16:41:28: [SM]   [1] Line 202, restrictinc/events.sp::CS_OnBuyCommand
L 08/17/2020 - 16:42:46: [SM] Exception reported: Array index out-of-bounds (index 64, limit 55)
L 08/17/2020 - 16:42:46: [SM] Blaming: weapon_restrict.smx
L 08/17/2020 - 16:42:46: [SM] Call stack trace:
L 08/17/2020 - 16:42:46: [SM]   [1] Line 202, restrictinc/events.sp::CS_OnBuyCommand
L 08/17/2020 - 16:42:52: [SM] Exception reported: Array index out-of-bounds (index 64, limit 55)
L 08/17/2020 - 16:42:52: [SM] Blaming: weapon_restrict.smx
L 08/17/2020 - 16:42:52: [SM] Call stack trace:
L 08/17/2020 - 16:42:52: [SM]   [1] Line 202, restrictinc/events.sp::CS_OnBuyCommand
L 08/17/2020 - 16:42:52: [SM] Exception reported: Array index out-of-bounds (index 64, limit 55)
L 08/17/2020 - 16:42:52: [SM] Blaming: weapon_restrict.smx
L 08/17/2020 - 16:42:52: [SM] Call stack trace:
L 08/17/2020 - 16:42:52: [SM]   [1] Line 202, restrictinc/events.sp::CS_OnBuyCommand
L 08/17/2020 - 16:42:54: [SM] Exception reported: Array index out-of-bounds (index 64, limit 55)
L 08/17/2020 - 16:42:54: [SM] Blaming: weapon_restrict.smx
L 08/17/2020 - 16:42:54: [SM] Call stack trace:
L 08/17/2020 - 16:42:54: [SM]   [1] Line 202, restrictinc/events.sp::CS_OnBuyCommand
L 08/17/2020 - 16:42:56: [SM] Exception reported: Array index out-of-bounds (index 64, limit 55)
L 08/17/2020 - 16:42:56: [SM] Blaming: weapon_restrict.smx
L 08/17/2020 - 16:42:56: [SM] Call stack trace:
L 08/17/2020 - 16:42:56: [SM]   [1] Line 202, restrictinc/events.sp::CS_OnBuyCommand
L 08/17/2020 - 16:43:45: [SM] Exception reported: Array index out-of-bounds (index 64, limit 55)
L 08/17/2020 - 16:43:45: [SM] Blaming: weapon_restrict.smx
L 08/17/2020 - 16:43:45: [SM] Call stack trace:
L 08/17/2020 - 16:43:45: [SM]   [1] Line 202, restrictinc/events.sp::CS_OnBuyCommand
L 08/17/2020 - 16:43:59: [SM] Exception reported: Array index out-of-bounds (index 64, limit 55)
L 08/17/2020 - 16:43:59: [SM] Blaming: weapon_restrict.smx
L 08/17/2020 - 16:43:59: [SM] Call stack trace:
L 08/17/2020 - 16:43:59: [SM]   [1] Line 202, restrictinc/events.sp::CS_OnBuyCommand
L 08/17/2020 - 16:44:03: [SM] Exception reported: Array index out-of-bounds (index 64, limit 55)
L 08/17/2020 - 16:44:03: [SM] Blaming: weapon_restrict.smx
L 08/17/2020 - 16:44:03: [SM] Call stack trace:
L 08/17/2020 - 16:44:03: [SM]   [1] Line 202, restrictinc/events.sp::CS_OnBuyCommand
L 08/17/2020 - 16:46:10: [SM] Exception reported: Array index out-of-bounds (index 64, limit 55)
L 08/17/2020 - 16:46:10: [SM] Blaming: weapon_restrict.smx
L 08/17/2020 - 16:46:10: [SM] Call stack trace:
L 08/17/2020 - 16:46:10: [SM]   [1] Line 202, restrictinc/events.sp::CS_OnBuyCommand
L 08/17/2020 - 16:46:16: [SM] Exception reported: Array index out-of-bounds (index 64, limit 55)
L 08/17/2020 - 16:46:16: [SM] Blaming: weapon_restrict.smx
L 08/17/2020 - 16:46:16: [SM] Call stack trace:
L 08/17/2020 - 16:46:16: [SM]   [1] Line 202, restrictinc/events.sp::CS_OnBuyCommand
L 08/17/2020 - 16:47:35: [SM] Exception reported: Array index out-of-bounds (index 64, limit 55)
L 08/17/2020 - 16:47:35: [SM] Blaming: weapon_restrict.smx
L 08/17/2020 - 16:47:35: [SM] Call stack trace:
L 08/17/2020 - 16:47:35: [SM]   [1] Line 202, restrictinc/events.sp::CS_OnBuyCommand
L 08/17/2020 - 16:47:37: [SM] Exception reported: Array index out-of-bounds (index 64, limit 55)
L 08/17/2020 - 16:47:37: [SM] Blaming: weapon_restrict.smx
L 08/17/2020 - 16:47:37: [SM] Call stack trace:
L 08/17/2020 - 16:47:37: [SM]   [1] Line 202, restrictinc/events.sp::CS_OnBuyCommand
L 08/17/2020 - 16:47:37: [SM] Exception reported: Array index out-of-bounds (index 64, limit 55)
L 08/17/2020 - 16:47:37: [SM] Blaming: weapon_restrict.smx
L 08/17/2020 - 16:47:37: [SM] Call stack trace:
L 08/17/2020 - 16:47:37: [SM]   [1] Line 202, restrictinc/events.sp::CS_OnBuyCommand
L 08/17/2020 - 16:47:44: [SM] Exception reported: Array index out-of-bounds (index 64, limit 55)
L 08/17/2020 - 16:47:44: [SM] Blaming: weapon_restrict.smx
L 08/17/2020 - 16:47:44: [SM] Call stack trace:
L 08/17/2020 - 16:47:44: [SM]   [1] Line 202, restrictinc/events.sp::CS_OnBuyCommand
L 08/17/2020 - 16:49:43: [SM] Exception reported: Array index out-of-bounds (index 64, limit 55)
L 08/17/2020 - 16:49:43: [SM] Blaming: weapon_restrict.smx
L 08/17/2020 - 16:49:43: [SM] Call stack trace:
L 08/17/2020 - 16:49:43: [SM]   [1] Line 202, restrictinc/events.sp::CS_OnBuyCommand
L 08/17/2020 - 16:49:50: [SM] Exception reported: Array index out-of-bounds (index 64, limit 55)
L 08/17/2020 - 16:49:50: [SM] Blaming: weapon_restrict.smx
L 08/17/2020 - 16:49:50: [SM] Call stack trace:
L 08/17/2020 - 16:49:50: [SM]   [1] Line 202, restrictinc/events.sp::CS_OnBuyCommand
L 08/17/2020 - 16:49:50: [SM] Exception reported: Array index out-of-bounds (index 64, limit 55)
L 08/17/2020 - 16:49:50: [SM] Blaming: weapon_restrict.smx
L 08/17/2020 - 16:49:50: [SM] Call stack trace:
L 08/17/2020 - 16:49:50: [SM]   [1] Line 202, restrictinc/events.sp::CS_OnBuyCommand
L 08/17/2020 - 16:49:52: [SM] Exception reported: Array index out-of-bounds (index 64, limit 55)
L 08/17/2020 - 16:49:52: [SM] Blaming: weapon_restrict.smx
L 08/17/2020 - 16:49:52: [SM] Call stack trace:
L 08/17/2020 - 16:49:52: [SM]   [1] Line 202, restrictinc/events.sp::CS_OnBuyCommand
L 08/17/2020 - 16:49:56: [SM] Exception reported: Array index out-of-bounds (index 64, limit 55)
L 08/17/2020 - 16:49:56: [SM] Blaming: weapon_restrict.smx
L 08/17/2020 - 16:49:56: [SM] Call stack trace:
L 08/17/2020 - 16:49:56: [SM]   [1] Line 202, restrictinc/events.sp::CS_OnBuyCommand
L 08/17/2020 - 16:53:52: [SM] Exception reported: Array index out-of-bounds (index 64, limit 55)
L 08/17/2020 - 16:53:52: [SM] Blaming: weapon_restrict.smx
L 08/17/2020 - 16:53:52: [SM] Call stack trace:
L 08/17/2020 - 16:53:52: [SM]   [1] Line 202, restrictinc/events.sp::CS_OnBuyCommand
L 08/17/2020 - 16:53:57: [SM] Exception reported: Array index out-of-bounds (index 64, limit 55)
L 08/17/2020 - 16:53:57: [SM] Blaming: weapon_restrict.smx
L 08/17/2020 - 16:53:57: [SM] Call stack trace:
L 08/17/2020 - 16:53:57: [SM]   [1] Line 202, restrictinc/events.sp::CS_OnBuyCommand
L 08/17/2020 - 16:54:46: [SM] Exception reported: Array index out-of-bounds (index 64, limit 55)
L 08/17/2020 - 16:54:46: [SM] Blaming: weapon_restrict.smx
L 08/17/2020 - 16:54:46: [SM] Call stack trace:
L 08/17/2020 - 16:54:46: [SM]   [1] Line 202, restrictinc/events.sp::CS_OnBuyCommand
L 08/17/2020 - 16:57:57: [SM] Exception reported: Array index out-of-bounds (index 64, limit 55)
L 08/17/2020 - 16:57:57: [SM] Blaming: weapon_restrict.smx
L 08/17/2020 - 16:57:57: [SM] Call stack trace:
L 08/17/2020 - 16:57:57: [SM]   [1] Line 202, restrictinc/events.sp::CS_OnBuyCommand
L 08/17/2020 - 16:57:58: [SM] Exception reported: Array index out-of-bounds (index 64, limit 55)
L 08/17/2020 - 16:57:58: [SM] Blaming: weapon_restrict.smx
L 08/17/2020 - 16:57:58: [SM] Call stack trace:
L 08/17/2020 - 16:57:58: [SM]   [1] Line 202, restrictinc/events.sp::CS_OnBuyCommand
L 08/17/2020 - 17:00:02: [SM] Exception reported: Array index out-of-bounds (index 64, limit 55)
L 08/17/2020 - 17:00:02: [SM] Blaming: weapon_restrict.smx
L 08/17/2020 - 17:00:02: [SM] Call stack trace:
L 08/17/2020 - 17:00:02: [SM]   [1] Line 202, restrictinc/events.sp::CS_OnBuyCommand
L 08/17/2020 - 17:00:03: [SM] Exception reported: Array index out-of-bounds (index 64, limit 55)
L 08/17/2020 - 17:00:03: [SM] Blaming: weapon_restrict.smx
L 08/17/2020 - 17:00:03: [SM] Call stack trace:
L 08/17/2020 - 17:00:03: [SM]   [1] Line 202, restrictinc/events.sp::CS_OnBuyCommand
L 08/17/2020 - 17:00:07: [SM] Exception reported: Array index out-of-bounds (index 64, limit 55)
L 08/17/2020 - 17:00:07: [SM] Blaming: weapon_restrict.smx
L 08/17/2020 - 17:00:07: [SM] Call stack trace:
L 08/17/2020 - 17:00:07: [SM]   [1] Line 202, restrictinc/events.sp::CS_OnBuyCommand
L 08/17/2020 - 17:02:13: [SM] Exception reported: Array index out-of-bounds (index 64, limit 55)
L 08/17/2020 - 17:02:13: [SM] Blaming: weapon_restrict.smx
L 08/17/2020 - 17:02:13: [SM] Call stack trace:
L 08/17/2020 - 17:02:13: [SM]   [1] Line 202, restrictinc/events.sp::CS_OnBuyCommand
L 08/17/2020 - 17:03:02: [SM] Exception reported: Array index out-of-bounds (index 64, limit 55)
L 08/17/2020 - 17:03:02: [SM] Blaming: weapon_restrict.smx
L 08/17/2020 - 17:03:02: [SM] Call stack trace:
L 08/17/2020 - 17:03:02: [SM]   [1] Line 202, restrictinc/events.sp::CS_OnBuyCommand
L 08/17/2020 - 17:04:32: [SM] Exception reported: Array index out-of-bounds (index 64, limit 55)
L 08/17/2020 - 17:04:32: [SM] Blaming: weapon_restrict.smx
L 08/17/2020 - 17:04:32: [SM] Call stack trace:
L 08/17/2020 - 17:04:32: [SM]   [1] Line 202, restrictinc/events.sp::CS_OnBuyCommand
L 08/17/2020 - 17:04:33: [SM] Exception reported: Array index out-of-bounds (index 64, limit 55)
L 08/17/2020 - 17:04:33: [SM] Blaming: weapon_restrict.smx
L 08/17/2020 - 17:04:33: [SM] Call stack trace:
L 08/17/2020 - 17:04:33: [SM]   [1] Line 202, restrictinc/events.sp::CS_OnBuyCommand
L 08/17/2020 - 17:04:33: [SM] Exception reported: Array index out-of-bounds (index 64, limit 55)
L 08/17/2020 - 17:04:33: [SM] Blaming: weapon_restrict.smx
L 08/17/2020 - 17:04:33: [SM] Call stack trace:
L 08/17/2020 - 17:04:33: [SM]   [1] Line 202, restrictinc/events.sp::CS_OnBuyCommand
L 08/17/2020 - 17:04:33: [SM] Exception reported: Array index out-of-bounds (index 64, limit 55)
L 08/17/2020 - 17:04:33: [SM] Blaming: weapon_restrict.smx
L 08/17/2020 - 17:04:33: [SM] Call stack trace:
L 08/17/2020 - 17:04:33: [SM]   [1] Line 202, restrictinc/events.sp::CS_OnBuyCommand
L 08/17/2020 - 17:04:34: [SM] Exception reported: Array index out-of-bounds (index 64, limit 55)
L 08/17/2020 - 17:04:34: [SM] Blaming: weapon_restrict.smx
L 08/17/2020 - 17:04:34: [SM] Call stack trace:
L 08/17/2020 - 17:04:34: [SM]   [1] Line 202, restrictinc/events.sp::CS_OnBuyCommand
L 08/17/2020 - 17:04:35: [SM] Exception reported: Array index out-of-bounds (index 64, limit 55)
L 08/17/2020 - 17:04:35: [SM] Blaming: weapon_restrict.smx
L 08/17/2020 - 17:04:35: [SM] Call stack trace:
L 08/17/2020 - 17:04:35: [SM]   [1] Line 202, restrictinc/events.sp::CS_OnBuyCommand
L 08/17/2020 - 17:04:47: [SM] Exception reported: Array index out-of-bounds (index 64, limit 55)
L 08/17/2020 - 17:04:47: [SM] Blaming: weapon_restrict.smx
L 08/17/2020 - 17:04:47: [SM] Call stack trace:
L 08/17/2020 - 17:04:47: [SM]   [1] Line 202, restrictinc/events.sp::CS_OnBuyCommand
L 08/17/2020 - 17:04:48: [SM] Exception reported: Array index out-of-bounds (index 64, limit 55)
L 08/17/2020 - 17:04:48: [SM] Blaming: weapon_restrict.smx
L 08/17/2020 - 17:04:48: [SM] Call stack trace:
L 08/17/2020 - 17:04:48: [SM]   [1] Line 202, restrictinc/events.sp::CS_OnBuyCommand
L 08/17/2020 - 17:04:48: [SM] Exception reported: Array index out-of-bounds (index 64, limit 55)
L 08/17/2020 - 17:04:48: [SM] Blaming: weapon_restrict.smx
L 08/17/2020 - 17:04:48: [SM] Call stack trace:
L 08/17/2020 - 17:04:48: [SM]   [1] Line 202, restrictinc/events.sp::CS_OnBuyCommand
L 08/17/2020 - 17:04:50: [SM] Exception reported: Array index out-of-bounds (index 64, limit 55)
L 08/17/2020 - 17:04:50: [SM] Blaming: weapon_restrict.smx
L 08/17/2020 - 17:04:50: [SM] Call stack trace:
L 08/17/2020 - 17:04:50: [SM]   [1] Line 202, restrictinc/events.sp::CS_OnBuyCommand
L 08/17/2020 - 17:05:55: [SM] Exception reported: Array index out-of-bounds (index 64, limit 55)
L 08/17/2020 - 17:05:55: [SM] Blaming: weapon_restrict.smx
L 08/17/2020 - 17:05:55: [SM] Call stack trace:
L 08/17/2020 - 17:05:55: [SM]   [1] Line 202, restrictinc/events.sp::CS_OnBuyCommand
L 08/17/2020 - 17:05:56: [SM] Exception reported: Array index out-of-bounds (index 64, limit 55)
L 08/17/2020 - 17:05:56: [SM] Blaming: weapon_restrict.smx
L 08/17/2020 - 17:05:56: [SM] Call stack trace:
L 08/17/2020 - 17:05:56: [SM]   [1] Line 202, restrictinc/events.sp::CS_OnBuyCommand
L 08/17/2020 - 17:05:58: [SM] Exception reported: Array index out-of-bounds (index 64, limit 55)
L 08/17/2020 - 17:05:58: [SM] Blaming: weapon_restrict.smx
L 08/17/2020 - 17:05:58: [SM] Call stack trace:
L 08/17/2020 - 17:05:58: [SM]   [1] Line 202, restrictinc/events.sp::CS_OnBuyCommand
L 08/17/2020 - 17:06:00: [SM] Exception reported: Array index out-of-bounds (index 64, limit 55)
L 08/17/2020 - 17:06:00: [SM] Blaming: weapon_restrict.smx
L 08/17/2020 - 17:06:00: [SM] Call stack trace:
L 08/17/2020 - 17:06:00: [SM]   [1] Line 202, restrictinc/events.sp::CS_OnBuyCommand
L 08/17/2020 - 17:06:00: [SM] Exception reported: Array index out-of-bounds (index 64, limit 55)
L 08/17/2020 - 17:06:00: [SM] Blaming: weapon_restrict.smx
L 08/17/2020 - 17:06:00: [SM] Call stack trace:
L 08/17/2020 - 17:06:00: [SM]   [1] Line 202, restrictinc/events.sp::CS_OnBuyCommand
L 08/17/2020 - 17:06:02: [SM] Exception reported: Array index out-of-bounds (index 64, limit 55)
L 08/17/2020 - 17:06:02: [SM] Blaming: weapon_restrict.smx
L 08/17/2020 - 17:06:02: [SM] Call stack trace:
L 08/17/2020 - 17:06:02: [SM]   [1] Line 202, restrictinc/events.sp::CS_OnBuyCommand
L 08/17/2020 - 17:06:05: [SM] Exception reported: Array index out-of-bounds (index 64, limit 55)
L 08/17/2020 - 17:06:05: [SM] Blaming: weapon_restrict.smx
L 08/17/2020 - 17:06:05: [SM] Call stack trace:
L 08/17/2020 - 17:06:05: [SM]   [1] Line 202, restrictinc/events.sp::CS_OnBuyCommand
L 08/17/2020 - 17:07:17: [SM] Exception reported: Array index out-of-bounds (index 64, limit 55)
L 08/17/2020 - 17:07:17: [SM] Blaming: weapon_restrict.smx
L 08/17/2020 - 17:07:17: [SM] Call stack trace:
L 08/17/2020 - 17:07:17: [SM]   [1] Line 202, restrictinc/events.sp::CS_OnBuyCommand
L 08/17/2020 - 17:07:18: [SM] Exception reported: Array index out-of-bounds (index 64, limit 55)
L 08/17/2020 - 17:07:18: [SM] Blaming: weapon_restrict.smx
L 08/17/2020 - 17:07:18: [SM] Call stack trace:
L 08/17/2020 - 17:07:18: [SM]   [1] Line 202, restrictinc/events.sp::CS_OnBuyCommand
L 08/17/2020 - 17:07:19: [SM] Exception reported: Array index out-of-bounds (index 64, limit 55)
L 08/17/2020 - 17:07:19: [SM] Blaming: weapon_restrict.smx
L 08/17/2020 - 17:07:19: [SM] Call stack trace:
L 08/17/2020 - 17:07:19: [SM]   [1] Line 202, restrictinc/events.sp::CS_OnBuyCommand
L 08/17/2020 - 17:07:21: [SM] Exception reported: Array index out-of-bounds (index 64, limit 55)
L 08/17/2020 - 17:07:21: [SM] Blaming: weapon_restrict.smx
L 08/17/2020 - 17:07:21: [SM] Call stack trace:
L 08/17/2020 - 17:07:21: [SM]   [1] Line 202, restrictinc/events.sp::CS_OnBuyCommand
L 08/17/2020 - 17:07:21: [SM] Exception reported: Array index out-of-bounds (index 64, limit 55)
L 08/17/2020 - 17:07:21: [SM] Blaming: weapon_restrict.smx
L 08/17/2020 - 17:07:21: [SM] Call stack trace:
L 08/17/2020 - 17:07:21: [SM]   [1] Line 202, restrictinc/events.sp::CS_OnBuyCommand
L 08/17/2020 - 17:07:23: [SM] Exception reported: Array index out-of-bounds (index 64, limit 55)
L 08/17/2020 - 17:07:23: [SM] Blaming: weapon_restrict.smx
L 08/17/2020 - 17:07:23: [SM] Call stack trace:
L 08/17/2020 - 17:07:23: [SM]   [1] Line 202, restrictinc/events.sp::CS_OnBuyCommand
L 08/17/2020 - 17:07:26: [SM] Exception reported: Array index out-of-bounds (index 64, limit 55)
L 08/17/2020 - 17:07:26: [SM] Blaming: weapon_restrict.smx
L 08/17/2020 - 17:07:26: [SM] Call stack trace:
L 08/17/2020 - 17:07:26: [SM]   [1] Line 202, restrictinc/events.sp::CS_OnBuyCommand
L 08/17/2020 - 17:12:17: [SM] Exception reported: Array index out-of-bounds (index 64, limit 55)
L 08/17/2020 - 17:12:17: [SM] Blaming: weapon_restrict.smx
L 08/17/2020 - 17:12:17: [SM] Call stack trace:
L 08/17/2020 - 17:12:17: [SM]   [1] Line 202, restrictinc/events.sp::CS_OnBuyCommand
L 08/17/2020 - 17:13:08: [SM] Exception reported: Array index out-of-bounds (index 64, limit 55)
L 08/17/2020 - 17:13:08: [SM] Blaming: weapon_restrict.smx
L 08/17/2020 - 17:13:08: [SM] Call stack trace:
L 08/17/2020 - 17:13:08: [SM]   [1] Line 202, restrictinc/events.sp::CS_OnBuyCommand
L 08/17/2020 - 17:13:16: [SM] Exception reported: Language phrase "Player_Connected_From" not found (arg 3)
L 08/17/2020 - 17:13:16: [SM] Blaming: advadmin.smx
L 08/17/2020 - 17:13:16: [SM] Call stack trace:
L 08/17/2020 - 17:13:16: [SM]   [0] VFormat
L 08/17/2020 - 17:13:16: [SM]   [1] Line 386, /groups/sourcemod/compiler-1.10/include/halflife.inc::PrintToChatAll
L 08/17/2020 - 17:13:16: [SM]   [2] Line 141, /home/groups/sourcemod/upload_tmp/phpRYtiXm.sp::OnClientAuthorized
L 08/17/2020 - 17:20:30: [SM] Exception reported: Array index out-of-bounds (index 64, limit 55)
L 08/17/2020 - 17:20:30: [SM] Blaming: weapon_restrict.smx
L 08/17/2020 - 17:20:30: [SM] Call stack trace:
L 08/17/2020 - 17:20:30: [SM]   [1] Line 202, restrictinc/events.sp::CS_OnBuyCommand
L 08/17/2020 - 17:21:33: [SM] Exception reported: Language phrase "Player_Connected_From" not found (arg 3)
L 08/17/2020 - 17:21:33: [SM] Blaming: advadmin.smx
L 08/17/2020 - 17:21:33: [SM] Call stack trace:
L 08/17/2020 - 17:21:33: [SM]   [0] VFormat
L 08/17/2020 - 17:21:33: [SM]   [1] Line 386, /groups/sourcemod/compiler-1.10/include/halflife.inc::PrintToChatAll
L 08/17/2020 - 17:21:33: [SM]   [2] Line 141, /home/groups/sourcemod/upload_tmp/phpRYtiXm.sp::OnClientAuthorized
L 08/17/2020 - 19:32:24: Error log file session closed.
L 08/17/2020 - 19:32:24: SourceMod error session started
L 08/17/2020 - 19:32:24: Info (map "de_canals") (file "/home/tcagame/jackm1/488/csgo/addons/sourcemod/logs/errors_20200817.log")
L 08/17/2020 - 19:32:24: [SM] Fatal error encountered parsing translation file "advadmin.phrases.txt"
L 08/17/2020 - 19:32:24: [SM] Error (line 0, column 0): Stream failed to open
L 08/17/2020 - 19:32:53: [SM] Exception reported: Array index out-of-bounds (index 64, limit 55)
L 08/17/2020 - 19:32:53: [SM] Blaming: weapon_restrict.smx
L 08/17/2020 - 19:32:53: [SM] Call stack trace:
L 08/17/2020 - 19:32:53: [SM]   [1] Line 202, restrictinc/events.sp::CS_OnBuyCommand
L 08/17/2020 - 19:38:29: [SM] Exception reported: Array index out-of-bounds (index 64, limit 55)
L 08/17/2020 - 19:38:29: [SM] Blaming: weapon_restrict.smx
L 08/17/2020 - 19:38:29: [SM] Call stack trace:
L 08/17/2020 - 19:38:29: [SM]   [1] Line 202, restrictinc/events.sp::CS_OnBuyCommand
L 08/17/2020 - 19:39:55: [SM] Exception reported: Array index out-of-bounds (index 64, limit 55)
L 08/17/2020 - 19:39:55: [SM] Blaming: weapon_restrict.smx
L 08/17/2020 - 19:39:55: [SM] Call stack trace:
L 08/17/2020 - 19:39:55: [SM]   [1] Line 202, restrictinc/events.sp::CS_OnBuyCommand
L 08/17/2020 - 19:42:17: [SM] Exception reported: Array index out-of-bounds (index 64, limit 55)
L 08/17/2020 - 19:42:17: [SM] Blaming: weapon_restrict.smx
L 08/17/2020 - 19:42:17: [SM] Call stack trace:
L 08/17/2020 - 19:42:17: [SM]   [1] Line 202, restrictinc/events.sp::CS_OnBuyCommand
L 08/17/2020 - 19:43:47: [SM] Exception reported: Array index out-of-bounds (index 64, limit 55)
L 08/17/2020 - 19:43:47: [SM] Blaming: weapon_restrict.smx
L 08/17/2020 - 19:43:47: [SM] Call stack trace:
L 08/17/2020 - 19:43:47: [SM]   [1] Line 202, restrictinc/events.sp::CS_OnBuyCommand
L 08/17/2020 - 19:45:40: [SM] Exception reported: Array index out-of-bounds (index 64, limit 55)
L 08/17/2020 - 19:45:40: [SM] Blaming: weapon_restrict.smx
L 08/17/2020 - 19:45:40: [SM] Call stack trace:
L 08/17/2020 - 19:45:40: [SM]   [1] Line 202, restrictinc/events.sp::CS_OnBuyCommand
L 08/17/2020 - 19:48:50: [SM] Exception reported: Language phrase "Player_Connected_From" not found (arg 3)
L 08/17/2020 - 19:48:50: [SM] Blaming: advadmin.smx
L 08/17/2020 - 19:48:50: [SM] Call stack trace:
L 08/17/2020 - 19:48:50: [SM]   [0] VFormat
L 08/17/2020 - 19:48:50: [SM]   [1] Line 386, /groups/sourcemod/compiler-1.10/include/halflife.inc::PrintToChatAll
L 08/17/2020 - 19:48:50: [SM]   [2] Line 141, /home/groups/sourcemod/upload_tmp/phpRYtiXm.sp::OnClientAuthorized
L 08/17/2020 - 19:50:25: [SM] Exception reported: Array index out-of-bounds (index 64, limit 55)
L 08/17/2020 - 19:50:25: [SM] Blaming: weapon_restrict.smx
L 08/17/2020 - 19:50:25: [SM] Call stack trace:
L 08/17/2020 - 19:50:25: [SM]   [1] Line 202, restrictinc/events.sp::CS_OnBuyCommand
L 08/17/2020 - 19:51:55: [SM] Exception reported: Array index out-of-bounds (index 64, limit 55)
L 08/17/2020 - 19:51:55: [SM] Blaming: weapon_restrict.smx
L 08/17/2020 - 19:51:55: [SM] Call stack trace:
L 08/17/2020 - 19:51:55: [SM]   [1] Line 202, restrictinc/events.sp::CS_OnBuyCommand
L 08/17/2020 - 19:52:00: [SM] Exception reported: Array index out-of-bounds (index 64, limit 55)
L 08/17/2020 - 19:52:00: [SM] Blaming: weapon_restrict.smx
L 08/17/2020 - 19:52:00: [SM] Call stack trace:
L 08/17/2020 - 19:52:00: [SM]   [1] Line 202, restrictinc/events.sp::CS_OnBuyCommand
L 08/17/2020 - 19:53:05: [SM] Exception reported: Array index out-of-bounds (index 64, limit 55)
L 08/17/2020 - 19:53:05: [SM] Blaming: weapon_restrict.smx
L 08/17/2020 - 19:53:05: [SM] Call stack trace:
L 08/17/2020 - 19:53:05: [SM]   [1] Line 202, restrictinc/events.sp::CS_OnBuyCommand
L 08/17/2020 - 19:53:48: [SM] Exception reported: Array index out-of-bounds (index 64, limit 55)
L 08/17/2020 - 19:53:48: [SM] Blaming: weapon_restrict.smx
L 08/17/2020 - 19:53:48: [SM] Call stack trace:
L 08/17/2020 - 19:53:48: [SM]   [1] Line 202, restrictinc/events.sp::CS_OnBuyCommand
L 08/17/2020 - 20:01:58: [SM] Exception reported: Array index out-of-bounds (index 64, limit 55)
L 08/17/2020 - 20:01:58: [SM] Blaming: weapon_restrict.smx
L 08/17/2020 - 20:01:58: [SM] Call stack trace:
L 08/17/2020 - 20:01:58: [SM]   [1] Line 202, restrictinc/events.sp::CS_OnBuyCommand
L 08/17/2020 - 20:35:08: [SM] Exception reported: Array index out-of-bounds (index 64, limit 55)
L 08/17/2020 - 20:35:08: [SM] Blaming: weapon_restrict.smx
L 08/17/2020 - 20:35:08: [SM] Call stack trace:
L 08/17/2020 - 20:35:08: [SM]   [1] Line 202, restrictinc/events.sp::CS_OnBuyCommand
L 08/17/2020 - 20:35:43: [SM] Exception reported: Array index out-of-bounds (index 64, limit 55)
L 08/17/2020 - 20:35:43: [SM] Blaming: weapon_restrict.smx
L 08/17/2020 - 20:35:43: [SM] Call stack trace:
L 08/17/2020 - 20:35:43: [SM]   [1] Line 202, restrictinc/events.sp::CS_OnBuyCommand
L 08/17/2020 - 20:36:30: [SM] Exception reported: Array index out-of-bounds (index 64, limit 55)
L 08/17/2020 - 20:36:30: [SM] Blaming: weapon_restrict.smx
L 08/17/2020 - 20:36:30: [SM] Call stack trace:
L 08/17/2020 - 20:36:30: [SM]   [1] Line 202, restrictinc/events.sp::CS_OnBuyCommand
L 08/17/2020 - 20:37:03: [SM] Exception reported: Array index out-of-bounds (index 64, limit 55)
L 08/17/2020 - 20:37:03: [SM] Blaming: weapon_restrict.smx
L 08/17/2020 - 20:37:03: [SM] Call stack trace:
L 08/17/2020 - 20:37:03: [SM]   [1] Line 202, restrictinc/events.sp::CS_OnBuyCommand
L 08/17/2020 - 20:37:41: [SM] Exception reported: Array index out-of-bounds (index 64, limit 55)
L 08/17/2020 - 20:37:41: [SM] Blaming: weapon_restrict.smx
L 08/17/2020 - 20:37:41: [SM] Call stack trace:
L 08/17/2020 - 20:37:41: [SM]   [1] Line 202, restrictinc/events.sp::CS_OnBuyCommand
L 08/17/2020 - 20:38:24: [SM] Exception reported: Array index out-of-bounds (index 64, limit 55)
L 08/17/2020 - 20:38:24: [SM] Blaming: weapon_restrict.smx
L 08/17/2020 - 20:38:24: [SM] Call stack trace:
L 08/17/2020 - 20:38:24: [SM]   [1] Line 202, restrictinc/events.sp::CS_OnBuyCommand
L 08/17/2020 - 20:38:54: [SM] Exception reported: Array index out-of-bounds (index 64, limit 55)
L 08/17/2020 - 20:38:54: [SM] Blaming: weapon_restrict.smx
L 08/17/2020 - 20:38:54: [SM] Call stack trace:
L 08/17/2020 - 20:38:54: [SM]   [1] Line 202, restrictinc/events.sp::CS_OnBuyCommand
L 08/17/2020 - 20:41:16: [SM] Exception reported: Array index out-of-bounds (index 64, limit 55)
L 08/17/2020 - 20:41:16: [SM] Blaming: weapon_restrict.smx
L 08/17/2020 - 20:41:16: [SM] Call stack trace:
L 08/17/2020 - 20:41:16: [SM]   [1] Line 202, restrictinc/events.sp::CS_OnBuyCommand
L 08/17/2020 - 21:44:00: Error log file session closed.
L 08/17/2020 - 21:44:00: SourceMod error session started
L 08/17/2020 - 21:44:00: Info (map "de_canals") (file "/home/tcagame/jackm1/488/csgo/addons/sourcemod/logs/errors_20200817.log")
L 08/17/2020 - 21:44:00: [SM] Fatal error encountered parsing translation file "advadmin.phrases.txt"
L 08/17/2020 - 21:44:00: [SM] Error (line 0, column 0): Stream failed to open
L 08/17/2020 - 21:44:33: SourceMod error session started
L 08/17/2020 - 21:44:33: Info (map "de_dust2") (file "/home/tcagame/jackm1/488/csgo/addons/sourcemod/logs/errors_20200817.log")
L 08/17/2020 - 21:44:33: [SM] Fatal error encountered parsing translation file "advadmin.phrases.txt"
L 08/17/2020 - 21:44:33: [SM] Error (line 0, column 0): Stream failed to open
L 08/17/2020 - 21:45:23: Error log file session closed.
L 08/17/2020 - 21:45:23: SourceMod error session started
L 08/17/2020 - 21:45:23: Info (map "de_dust2") (file "/home/tcagame/jackm1/488/csgo/addons/sourcemod/logs/errors_20200817.log")
L 08/17/2020 - 21:45:23: [SM] Fatal error encountered parsing translation file "advadmin.phrases.txt"
L 08/17/2020 - 21:45:23: [SM] Error (line 0, column 0): Stream failed to open
L 08/17/2020 - 21:46:03: Error log file session closed.
L 08/17/2020 - 21:46:03: SourceMod error session started
L 08/17/2020 - 21:46:03: Info (map "de_dust2") (file "/home/tcagame/jackm1/488/csgo/addons/sourcemod/logs/errors_20200817.log")
L 08/17/2020 - 21:46:03: [SM] Fatal error encountered parsing translation file "advadmin.phrases.txt"
L 08/17/2020 - 21:46:03: [SM] Error (line 0, column 0): Stream failed to open
L 08/17/2020 - 21:48:45: SourceMod error session started
L 08/17/2020 - 21:48:45: Info (map "de_dust2") (file "/home/tcagame/jackm1/488/csgo/addons/sourcemod/logs/errors_20200817.log")
L 08/17/2020 - 21:48:45: [SM] Fatal error encountered parsing translation file "advadmin.phrases.txt"
L 08/17/2020 - 21:48:45: [SM] Error (line 0, column 0): Stream failed to open
L 08/17/2020 - 21:50:13: Error log file session closed.
L 08/17/2020 - 21:50:13: SourceMod error session started
L 08/17/2020 - 21:50:13: Info (map "de_dust2") (file "/home/tcagame/jackm1/488/csgo/addons/sourcemod/logs/errors_20200817.log")
L 08/17/2020 - 21:50:13: [SM] Fatal error encountered parsing translation file "advadmin.phrases.txt"
L 08/17/2020 - 21:50:13: [SM] Error (line 0, column 0): Stream failed to open
L 08/17/2020 - 21:50:53: [SM] Exception reported: Language phrase "Player_Connected_From" not found (arg 3)
L 08/17/2020 - 21:50:53: [SM] Blaming: advadmin.smx
L 08/17/2020 - 21:50:53: [SM] Call stack trace:
L 08/17/2020 - 21:50:53: [SM]   [0] VFormat
L 08/17/2020 - 21:50:53: [SM]   [1] Line 386, /groups/sourcemod/compiler-1.10/include/halflife.inc::PrintToChatAll
L 08/17/2020 - 21:50:53: [SM]   [2] Line 141, /home/groups/sourcemod/upload_tmp/phpRYtiXm.sp::OnClientAuthorized
L 08/17/2020 - 21:51:57: [SM] Exception reported: Language phrase "Player_Connected_From" not found (arg 3)
L 08/17/2020 - 21:51:57: [SM] Blaming: advadmin.smx
L 08/17/2020 - 21:51:57: [SM] Call stack trace:
L 08/17/2020 - 21:51:57: [SM]   [0] VFormat
L 08/17/2020 - 21:51:57: [SM]   [1] Line 386, /groups/sourcemod/compiler-1.10/include/halflife.inc::PrintToChatAll
L 08/17/2020 - 21:51:57: [SM]   [2] Line 141, /home/groups/sourcemod/upload_tmp/phpRYtiXm.sp::OnClientAuthorized
L 08/17/2020 - 21:52:20: Error log file session closed.
L 08/17/2020 - 21:52:20: SourceMod error session started
L 08/17/2020 - 21:52:20: Info (map "de_overpass") (file "/home/tcagame/jackm1/488/csgo/addons/sourcemod/logs/errors_20200817.log")
L 08/17/2020 - 21:52:20: [SM] Fatal error encountered parsing translation file "advadmin.phrases.txt"
L 08/17/2020 - 21:52:20: [SM] Error (line 0, column 0): Stream failed to open
L 08/18/2020 - 00:47:24: Error log file session closed.
