L 10/27/2020 - 18:12:34: SourceMod error session started
L 10/27/2020 - 18:12:34: Info (map "de_dust2") (file "/home/tcagame/jackm1/527/csgo/addons/sourcemod/logs/errors_20201027.log")
L 10/27/2020 - 18:12:34: [SM] Fatal error encountered parsing translation file "advadmin.phrases.txt"
L 10/27/2020 - 18:12:34: [SM] Error (line 0, column 0): Stream failed to open
L 10/27/2020 - 18:38:57: Error log file session closed.
L 10/27/2020 - 18:38:57: SourceMod error session started
L 10/27/2020 - 18:38:57: Info (map "de_dust2") (file "/home/tcagame/jackm1/527/csgo/addons/sourcemod/logs/errors_20201027.log")
L 10/27/2020 - 18:38:57: [SM] Fatal error encountered parsing translation file "advadmin.phrases.txt"
L 10/27/2020 - 18:38:57: [SM] Error (line 0, column 0): Stream failed to open
L 10/27/2020 - 18:47:21: [SM] Exception reported: Language phrase "Player_Connected_From" not found (arg 3)
L 10/27/2020 - 18:47:21: [SM] Blaming: advadmin.smx
L 10/27/2020 - 18:47:21: [SM] Call stack trace:
L 10/27/2020 - 18:47:21: [SM]   [0] VFormat
L 10/27/2020 - 18:47:21: [SM]   [1] Line 386, /groups/sourcemod/compiler-1.10/include/halflife.inc::PrintToChatAll
L 10/27/2020 - 18:47:21: [SM]   [2] Line 141, /home/groups/sourcemod/upload_tmp/phpRYtiXm.sp::OnClientAuthorized
L 10/27/2020 - 18:48:04: [SM] Exception reported: Language phrase "Player_Connected_From" not found (arg 3)
L 10/27/2020 - 18:48:04: [SM] Blaming: advadmin.smx
L 10/27/2020 - 18:48:04: [SM] Call stack trace:
L 10/27/2020 - 18:48:04: [SM]   [0] VFormat
L 10/27/2020 - 18:48:04: [SM]   [1] Line 386, /groups/sourcemod/compiler-1.10/include/halflife.inc::PrintToChatAll
L 10/27/2020 - 18:48:04: [SM]   [2] Line 141, /home/groups/sourcemod/upload_tmp/phpRYtiXm.sp::OnClientAuthorized
L 10/27/2020 - 18:48:15: [SM] Exception reported: Language phrase "Player_Connected_From" not found (arg 3)
L 10/27/2020 - 18:48:15: [SM] Blaming: advadmin.smx
L 10/27/2020 - 18:48:15: [SM] Call stack trace:
L 10/27/2020 - 18:48:15: [SM]   [0] VFormat
L 10/27/2020 - 18:48:15: [SM]   [1] Line 386, /groups/sourcemod/compiler-1.10/include/halflife.inc::PrintToChatAll
L 10/27/2020 - 18:48:15: [SM]   [2] Line 141, /home/groups/sourcemod/upload_tmp/phpRYtiXm.sp::OnClientAuthorized
L 10/27/2020 - 18:48:21: [SM] Exception reported: Array index out-of-bounds (index 64, limit 55)
L 10/27/2020 - 18:48:21: [SM] Blaming: weapon_restrict.smx
L 10/27/2020 - 18:48:21: [SM] Call stack trace:
L 10/27/2020 - 18:48:21: [SM]   [1] Line 202, restrictinc/events.sp::CS_OnBuyCommand
L 10/27/2020 - 18:50:20: [SM] Exception reported: Language phrase "Player_Connected_From" not found (arg 3)
L 10/27/2020 - 18:50:20: [SM] Blaming: advadmin.smx
L 10/27/2020 - 18:50:20: [SM] Call stack trace:
L 10/27/2020 - 18:50:20: [SM]   [0] VFormat
L 10/27/2020 - 18:50:20: [SM]   [1] Line 386, /groups/sourcemod/compiler-1.10/include/halflife.inc::PrintToChatAll
L 10/27/2020 - 18:50:20: [SM]   [2] Line 141, /home/groups/sourcemod/upload_tmp/phpRYtiXm.sp::OnClientAuthorized
L 10/27/2020 - 18:50:48: [SM] Exception reported: Array index out-of-bounds (index 64, limit 55)
L 10/27/2020 - 18:50:48: [SM] Blaming: weapon_restrict.smx
L 10/27/2020 - 18:50:48: [SM] Call stack trace:
L 10/27/2020 - 18:50:48: [SM]   [1] Line 202, restrictinc/events.sp::CS_OnBuyCommand
L 10/27/2020 - 18:51:30: [SM] Exception reported: Array index out-of-bounds (index 64, limit 55)
L 10/27/2020 - 18:51:30: [SM] Blaming: weapon_restrict.smx
L 10/27/2020 - 18:51:30: [SM] Call stack trace:
L 10/27/2020 - 18:51:30: [SM]   [1] Line 202, restrictinc/events.sp::CS_OnBuyCommand
L 10/27/2020 - 18:51:55: [SM] Exception reported: Array index out-of-bounds (index 64, limit 55)
L 10/27/2020 - 18:51:55: [SM] Blaming: weapon_restrict.smx
L 10/27/2020 - 18:51:55: [SM] Call stack trace:
L 10/27/2020 - 18:51:55: [SM]   [1] Line 202, restrictinc/events.sp::CS_OnBuyCommand
L 10/27/2020 - 18:52:21: [SM] Exception reported: Array index out-of-bounds (index 64, limit 55)
L 10/27/2020 - 18:52:21: [SM] Blaming: weapon_restrict.smx
L 10/27/2020 - 18:52:21: [SM] Call stack trace:
L 10/27/2020 - 18:52:21: [SM]   [1] Line 202, restrictinc/events.sp::CS_OnBuyCommand
L 10/27/2020 - 18:53:01: [SM] Exception reported: Array index out-of-bounds (index 64, limit 55)
L 10/27/2020 - 18:53:01: [SM] Blaming: weapon_restrict.smx
L 10/27/2020 - 18:53:01: [SM] Call stack trace:
L 10/27/2020 - 18:53:01: [SM]   [1] Line 202, restrictinc/events.sp::CS_OnBuyCommand
L 10/27/2020 - 19:02:42: [SM] Exception reported: Language phrase "Player_Connected_From" not found (arg 3)
L 10/27/2020 - 19:02:42: [SM] Blaming: advadmin.smx
L 10/27/2020 - 19:02:42: [SM] Call stack trace:
L 10/27/2020 - 19:02:42: [SM]   [0] VFormat
L 10/27/2020 - 19:02:42: [SM]   [1] Line 386, /groups/sourcemod/compiler-1.10/include/halflife.inc::PrintToChatAll
L 10/27/2020 - 19:02:42: [SM]   [2] Line 141, /home/groups/sourcemod/upload_tmp/phpRYtiXm.sp::OnClientAuthorized
L 10/27/2020 - 19:03:01: [SM] Exception reported: Language phrase "Player_Connected_From" not found (arg 3)
L 10/27/2020 - 19:03:01: [SM] Blaming: advadmin.smx
L 10/27/2020 - 19:03:01: [SM] Call stack trace:
L 10/27/2020 - 19:03:01: [SM]   [0] VFormat
L 10/27/2020 - 19:03:01: [SM]   [1] Line 386, /groups/sourcemod/compiler-1.10/include/halflife.inc::PrintToChatAll
L 10/27/2020 - 19:03:01: [SM]   [2] Line 141, /home/groups/sourcemod/upload_tmp/phpRYtiXm.sp::OnClientAuthorized
L 10/27/2020 - 19:04:37: [SM] Exception reported: Language phrase "Player_Connected_From" not found (arg 3)
L 10/27/2020 - 19:04:37: [SM] Blaming: advadmin.smx
L 10/27/2020 - 19:04:37: [SM] Call stack trace:
L 10/27/2020 - 19:04:37: [SM]   [0] VFormat
L 10/27/2020 - 19:04:37: [SM]   [1] Line 386, /groups/sourcemod/compiler-1.10/include/halflife.inc::PrintToChatAll
L 10/27/2020 - 19:04:37: [SM]   [2] Line 141, /home/groups/sourcemod/upload_tmp/phpRYtiXm.sp::OnClientAuthorized
L 10/27/2020 - 19:07:28: [SM] Exception reported: Language phrase "Player_Connected_From" not found (arg 3)
L 10/27/2020 - 19:07:28: [SM] Blaming: advadmin.smx
L 10/27/2020 - 19:07:28: [SM] Call stack trace:
L 10/27/2020 - 19:07:28: [SM]   [0] VFormat
L 10/27/2020 - 19:07:28: [SM]   [1] Line 386, /groups/sourcemod/compiler-1.10/include/halflife.inc::PrintToChatAll
L 10/27/2020 - 19:07:28: [SM]   [2] Line 141, /home/groups/sourcemod/upload_tmp/phpRYtiXm.sp::OnClientAuthorized
L 10/27/2020 - 19:07:50: [SM] Exception reported: Language phrase "Player_Connected" not found (arg 3)
L 10/27/2020 - 19:07:50: [SM] Blaming: advadmin.smx
L 10/27/2020 - 19:07:50: [SM] Call stack trace:
L 10/27/2020 - 19:07:50: [SM]   [0] VFormat
L 10/27/2020 - 19:07:50: [SM]   [1] Line 386, /groups/sourcemod/compiler-1.10/include/halflife.inc::PrintToChatAll
L 10/27/2020 - 19:07:50: [SM]   [2] Line 145, /home/groups/sourcemod/upload_tmp/phpRYtiXm.sp::OnClientAuthorized
L 10/27/2020 - 19:07:55: [SM] Exception reported: Array index out-of-bounds (index 64, limit 55)
L 10/27/2020 - 19:07:55: [SM] Blaming: weapon_restrict.smx
L 10/27/2020 - 19:07:55: [SM] Call stack trace:
L 10/27/2020 - 19:07:55: [SM]   [1] Line 202, restrictinc/events.sp::CS_OnBuyCommand
L 10/27/2020 - 19:08:19: [SM] Exception reported: Array index out-of-bounds (index 64, limit 55)
L 10/27/2020 - 19:08:19: [SM] Blaming: weapon_restrict.smx
L 10/27/2020 - 19:08:19: [SM] Call stack trace:
L 10/27/2020 - 19:08:19: [SM]   [1] Line 202, restrictinc/events.sp::CS_OnBuyCommand
L 10/27/2020 - 19:10:13: [SM] Exception reported: Array index out-of-bounds (index 64, limit 55)
L 10/27/2020 - 19:10:13: [SM] Blaming: weapon_restrict.smx
L 10/27/2020 - 19:10:13: [SM] Call stack trace:
L 10/27/2020 - 19:10:13: [SM]   [1] Line 202, restrictinc/events.sp::CS_OnBuyCommand
L 10/27/2020 - 19:10:44: [SM] Exception reported: Array index out-of-bounds (index 64, limit 55)
L 10/27/2020 - 19:10:44: [SM] Blaming: weapon_restrict.smx
L 10/27/2020 - 19:10:44: [SM] Call stack trace:
L 10/27/2020 - 19:10:44: [SM]   [1] Line 202, restrictinc/events.sp::CS_OnBuyCommand
L 10/27/2020 - 19:12:08: [SM] Exception reported: Array index out-of-bounds (index 64, limit 55)
L 10/27/2020 - 19:12:08: [SM] Blaming: weapon_restrict.smx
L 10/27/2020 - 19:12:08: [SM] Call stack trace:
L 10/27/2020 - 19:12:08: [SM]   [1] Line 202, restrictinc/events.sp::CS_OnBuyCommand
L 10/27/2020 - 19:12:33: [SM] Exception reported: Array index out-of-bounds (index 64, limit 55)
L 10/27/2020 - 19:12:33: [SM] Blaming: weapon_restrict.smx
L 10/27/2020 - 19:12:33: [SM] Call stack trace:
L 10/27/2020 - 19:12:33: [SM]   [1] Line 202, restrictinc/events.sp::CS_OnBuyCommand
L 10/27/2020 - 19:12:58: [SM] Exception reported: Array index out-of-bounds (index 64, limit 55)
L 10/27/2020 - 19:12:58: [SM] Blaming: weapon_restrict.smx
L 10/27/2020 - 19:12:58: [SM] Call stack trace:
L 10/27/2020 - 19:12:58: [SM]   [1] Line 202, restrictinc/events.sp::CS_OnBuyCommand
L 10/27/2020 - 19:13:06: [SM] Exception reported: Array index out-of-bounds (index 64, limit 55)
L 10/27/2020 - 19:13:06: [SM] Blaming: weapon_restrict.smx
L 10/27/2020 - 19:13:06: [SM] Call stack trace:
L 10/27/2020 - 19:13:06: [SM]   [1] Line 202, restrictinc/events.sp::CS_OnBuyCommand
L 10/27/2020 - 19:13:44: [SM] Exception reported: Array index out-of-bounds (index 64, limit 55)
L 10/27/2020 - 19:13:44: [SM] Blaming: weapon_restrict.smx
L 10/27/2020 - 19:13:44: [SM] Call stack trace:
L 10/27/2020 - 19:13:44: [SM]   [1] Line 202, restrictinc/events.sp::CS_OnBuyCommand
L 10/27/2020 - 19:14:13: [SM] Exception reported: Array index out-of-bounds (index 64, limit 55)
L 10/27/2020 - 19:14:13: [SM] Blaming: weapon_restrict.smx
L 10/27/2020 - 19:14:13: [SM] Call stack trace:
L 10/27/2020 - 19:14:13: [SM]   [1] Line 202, restrictinc/events.sp::CS_OnBuyCommand
L 10/27/2020 - 19:14:58: [SM] Exception reported: Array index out-of-bounds (index 64, limit 55)
L 10/27/2020 - 19:14:58: [SM] Blaming: weapon_restrict.smx
L 10/27/2020 - 19:14:58: [SM] Call stack trace:
L 10/27/2020 - 19:14:58: [SM]   [1] Line 202, restrictinc/events.sp::CS_OnBuyCommand
L 10/27/2020 - 19:16:23: [SM] Exception reported: Array index out-of-bounds (index 64, limit 55)
L 10/27/2020 - 19:16:23: [SM] Blaming: weapon_restrict.smx
L 10/27/2020 - 19:16:23: [SM] Call stack trace:
L 10/27/2020 - 19:16:23: [SM]   [1] Line 202, restrictinc/events.sp::CS_OnBuyCommand
L 10/27/2020 - 19:16:54: [SM] Exception reported: Language phrase "Player_Connected_From" not found (arg 3)
L 10/27/2020 - 19:16:54: [SM] Blaming: advadmin.smx
L 10/27/2020 - 19:16:54: [SM] Call stack trace:
L 10/27/2020 - 19:16:54: [SM]   [0] VFormat
L 10/27/2020 - 19:16:54: [SM]   [1] Line 386, /groups/sourcemod/compiler-1.10/include/halflife.inc::PrintToChatAll
L 10/27/2020 - 19:16:54: [SM]   [2] Line 141, /home/groups/sourcemod/upload_tmp/phpRYtiXm.sp::OnClientAuthorized
L 10/27/2020 - 19:16:58: [SM] Exception reported: Array index out-of-bounds (index 64, limit 55)
L 10/27/2020 - 19:16:58: [SM] Blaming: weapon_restrict.smx
L 10/27/2020 - 19:16:58: [SM] Call stack trace:
L 10/27/2020 - 19:16:58: [SM]   [1] Line 202, restrictinc/events.sp::CS_OnBuyCommand
L 10/27/2020 - 19:17:38: [SM] Exception reported: Language phrase "Player_Connected_From" not found (arg 3)
L 10/27/2020 - 19:17:38: [SM] Blaming: advadmin.smx
L 10/27/2020 - 19:17:38: [SM] Call stack trace:
L 10/27/2020 - 19:17:38: [SM]   [0] VFormat
L 10/27/2020 - 19:17:38: [SM]   [1] Line 386, /groups/sourcemod/compiler-1.10/include/halflife.inc::PrintToChatAll
L 10/27/2020 - 19:17:38: [SM]   [2] Line 141, /home/groups/sourcemod/upload_tmp/phpRYtiXm.sp::OnClientAuthorized
L 10/27/2020 - 19:17:39: [SM] Exception reported: Array index out-of-bounds (index 64, limit 55)
L 10/27/2020 - 19:17:39: [SM] Blaming: weapon_restrict.smx
L 10/27/2020 - 19:17:39: [SM] Call stack trace:
L 10/27/2020 - 19:17:39: [SM]   [1] Line 202, restrictinc/events.sp::CS_OnBuyCommand
L 10/27/2020 - 19:17:41: [SM] Exception reported: Array index out-of-bounds (index 64, limit 55)
L 10/27/2020 - 19:17:41: [SM] Blaming: weapon_restrict.smx
L 10/27/2020 - 19:17:41: [SM] Call stack trace:
L 10/27/2020 - 19:17:41: [SM]   [1] Line 202, restrictinc/events.sp::CS_OnBuyCommand
L 10/27/2020 - 19:18:07: [SM] Exception reported: Array index out-of-bounds (index 64, limit 55)
L 10/27/2020 - 19:18:07: [SM] Blaming: weapon_restrict.smx
L 10/27/2020 - 19:18:07: [SM] Call stack trace:
L 10/27/2020 - 19:18:07: [SM]   [1] Line 202, restrictinc/events.sp::CS_OnBuyCommand
L 10/27/2020 - 19:18:25: [SM] Exception reported: Array index out-of-bounds (index 64, limit 55)
L 10/27/2020 - 19:18:25: [SM] Blaming: weapon_restrict.smx
L 10/27/2020 - 19:18:25: [SM] Call stack trace:
L 10/27/2020 - 19:18:25: [SM]   [1] Line 202, restrictinc/events.sp::CS_OnBuyCommand
L 10/27/2020 - 19:18:29: [SM] Exception reported: Array index out-of-bounds (index 64, limit 55)
L 10/27/2020 - 19:18:29: [SM] Blaming: weapon_restrict.smx
L 10/27/2020 - 19:18:29: [SM] Call stack trace:
L 10/27/2020 - 19:18:29: [SM]   [1] Line 202, restrictinc/events.sp::CS_OnBuyCommand
L 10/27/2020 - 19:18:32: [SM] Exception reported: Language phrase "Player_Connected" not found (arg 3)
L 10/27/2020 - 19:18:32: [SM] Blaming: advadmin.smx
L 10/27/2020 - 19:18:32: [SM] Call stack trace:
L 10/27/2020 - 19:18:32: [SM]   [0] VFormat
L 10/27/2020 - 19:18:32: [SM]   [1] Line 386, /groups/sourcemod/compiler-1.10/include/halflife.inc::PrintToChatAll
L 10/27/2020 - 19:18:32: [SM]   [2] Line 145, /home/groups/sourcemod/upload_tmp/phpRYtiXm.sp::OnClientAuthorized
L 10/27/2020 - 19:18:32: [SM] Exception reported: Language phrase "Player_Connected_From" not found (arg 3)
L 10/27/2020 - 19:18:32: [SM] Blaming: advadmin.smx
L 10/27/2020 - 19:18:32: [SM] Call stack trace:
L 10/27/2020 - 19:18:32: [SM]   [0] VFormat
L 10/27/2020 - 19:18:32: [SM]   [1] Line 386, /groups/sourcemod/compiler-1.10/include/halflife.inc::PrintToChatAll
L 10/27/2020 - 19:18:32: [SM]   [2] Line 141, /home/groups/sourcemod/upload_tmp/phpRYtiXm.sp::OnClientAuthorized
L 10/27/2020 - 19:18:35: [SM] Exception reported: Array index out-of-bounds (index 64, limit 55)
L 10/27/2020 - 19:18:35: [SM] Blaming: weapon_restrict.smx
L 10/27/2020 - 19:18:35: [SM] Call stack trace:
L 10/27/2020 - 19:18:35: [SM]   [1] Line 202, restrictinc/events.sp::CS_OnBuyCommand
L 10/27/2020 - 19:18:54: [SM] Exception reported: Array index out-of-bounds (index 64, limit 55)
L 10/27/2020 - 19:18:54: [SM] Blaming: weapon_restrict.smx
L 10/27/2020 - 19:18:54: [SM] Call stack trace:
L 10/27/2020 - 19:18:54: [SM]   [1] Line 202, restrictinc/events.sp::CS_OnBuyCommand
L 10/27/2020 - 19:19:30: [SM] Exception reported: Array index out-of-bounds (index 64, limit 55)
L 10/27/2020 - 19:19:30: [SM] Blaming: weapon_restrict.smx
L 10/27/2020 - 19:19:30: [SM] Call stack trace:
L 10/27/2020 - 19:19:30: [SM]   [1] Line 202, restrictinc/events.sp::CS_OnBuyCommand
L 10/27/2020 - 19:19:46: [SM] Exception reported: Array index out-of-bounds (index 64, limit 55)
L 10/27/2020 - 19:19:46: [SM] Blaming: weapon_restrict.smx
L 10/27/2020 - 19:19:46: [SM] Call stack trace:
L 10/27/2020 - 19:19:46: [SM]   [1] Line 202, restrictinc/events.sp::CS_OnBuyCommand
L 10/27/2020 - 19:19:48: [SM] Exception reported: Array index out-of-bounds (index 64, limit 55)
L 10/27/2020 - 19:19:48: [SM] Blaming: weapon_restrict.smx
L 10/27/2020 - 19:19:48: [SM] Call stack trace:
L 10/27/2020 - 19:19:48: [SM]   [1] Line 202, restrictinc/events.sp::CS_OnBuyCommand
L 10/27/2020 - 19:19:51: [SM] Exception reported: Array index out-of-bounds (index 64, limit 55)
L 10/27/2020 - 19:19:51: [SM] Blaming: weapon_restrict.smx
L 10/27/2020 - 19:19:51: [SM] Call stack trace:
L 10/27/2020 - 19:19:51: [SM]   [1] Line 202, restrictinc/events.sp::CS_OnBuyCommand
L 10/27/2020 - 19:19:53: [SM] Exception reported: Array index out-of-bounds (index 64, limit 55)
L 10/27/2020 - 19:19:53: [SM] Blaming: weapon_restrict.smx
L 10/27/2020 - 19:19:53: [SM] Call stack trace:
L 10/27/2020 - 19:19:53: [SM]   [1] Line 202, restrictinc/events.sp::CS_OnBuyCommand
L 10/27/2020 - 19:21:09: [SM] Exception reported: Array index out-of-bounds (index 64, limit 55)
L 10/27/2020 - 19:21:09: [SM] Blaming: weapon_restrict.smx
L 10/27/2020 - 19:21:09: [SM] Call stack trace:
L 10/27/2020 - 19:21:09: [SM]   [1] Line 202, restrictinc/events.sp::CS_OnBuyCommand
L 10/27/2020 - 19:22:00: [SM] Exception reported: Array index out-of-bounds (index 64, limit 55)
L 10/27/2020 - 19:22:00: [SM] Blaming: weapon_restrict.smx
L 10/27/2020 - 19:22:00: [SM] Call stack trace:
L 10/27/2020 - 19:22:00: [SM]   [1] Line 202, restrictinc/events.sp::CS_OnBuyCommand
L 10/27/2020 - 19:22:51: [SM] Exception reported: Array index out-of-bounds (index 64, limit 55)
L 10/27/2020 - 19:22:51: [SM] Blaming: weapon_restrict.smx
L 10/27/2020 - 19:22:51: [SM] Call stack trace:
L 10/27/2020 - 19:22:51: [SM]   [1] Line 202, restrictinc/events.sp::CS_OnBuyCommand
L 10/27/2020 - 19:23:31: [SM] Exception reported: Array index out-of-bounds (index 64, limit 55)
L 10/27/2020 - 19:23:31: [SM] Blaming: weapon_restrict.smx
L 10/27/2020 - 19:23:31: [SM] Call stack trace:
L 10/27/2020 - 19:23:31: [SM]   [1] Line 202, restrictinc/events.sp::CS_OnBuyCommand
L 10/27/2020 - 19:23:51: [SM] Exception reported: Array index out-of-bounds (index 64, limit 55)
L 10/27/2020 - 19:23:51: [SM] Blaming: weapon_restrict.smx
L 10/27/2020 - 19:23:51: [SM] Call stack trace:
L 10/27/2020 - 19:23:51: [SM]   [1] Line 202, restrictinc/events.sp::CS_OnBuyCommand
L 10/27/2020 - 19:24:10: [SM] Exception reported: Array index out-of-bounds (index 64, limit 55)
L 10/27/2020 - 19:24:10: [SM] Blaming: weapon_restrict.smx
L 10/27/2020 - 19:24:10: [SM] Call stack trace:
L 10/27/2020 - 19:24:10: [SM]   [1] Line 202, restrictinc/events.sp::CS_OnBuyCommand
L 10/27/2020 - 19:24:17: [SM] Exception reported: Array index out-of-bounds (index 64, limit 55)
L 10/27/2020 - 19:24:17: [SM] Blaming: weapon_restrict.smx
L 10/27/2020 - 19:24:17: [SM] Call stack trace:
L 10/27/2020 - 19:24:17: [SM]   [1] Line 202, restrictinc/events.sp::CS_OnBuyCommand
L 10/27/2020 - 19:24:17: [SM] Exception reported: Array index out-of-bounds (index 64, limit 55)
L 10/27/2020 - 19:24:17: [SM] Blaming: weapon_restrict.smx
L 10/27/2020 - 19:24:17: [SM] Call stack trace:
L 10/27/2020 - 19:24:17: [SM]   [1] Line 202, restrictinc/events.sp::CS_OnBuyCommand
L 10/27/2020 - 19:24:29: [SM] Exception reported: Array index out-of-bounds (index 64, limit 55)
L 10/27/2020 - 19:24:29: [SM] Blaming: weapon_restrict.smx
L 10/27/2020 - 19:24:29: [SM] Call stack trace:
L 10/27/2020 - 19:24:29: [SM]   [1] Line 202, restrictinc/events.sp::CS_OnBuyCommand
L 10/27/2020 - 19:24:55: [SM] Exception reported: Array index out-of-bounds (index 64, limit 55)
L 10/27/2020 - 19:24:55: [SM] Blaming: weapon_restrict.smx
L 10/27/2020 - 19:24:55: [SM] Call stack trace:
L 10/27/2020 - 19:24:55: [SM]   [1] Line 202, restrictinc/events.sp::CS_OnBuyCommand
L 10/27/2020 - 19:25:17: [SM] Exception reported: Array index out-of-bounds (index 64, limit 55)
L 10/27/2020 - 19:25:17: [SM] Blaming: weapon_restrict.smx
L 10/27/2020 - 19:25:17: [SM] Call stack trace:
L 10/27/2020 - 19:25:17: [SM]   [1] Line 202, restrictinc/events.sp::CS_OnBuyCommand
L 10/27/2020 - 19:25:25: [SM] Exception reported: Array index out-of-bounds (index 64, limit 55)
L 10/27/2020 - 19:25:25: [SM] Blaming: weapon_restrict.smx
L 10/27/2020 - 19:25:25: [SM] Call stack trace:
L 10/27/2020 - 19:25:25: [SM]   [1] Line 202, restrictinc/events.sp::CS_OnBuyCommand
L 10/27/2020 - 19:25:34: [SM] Exception reported: Array index out-of-bounds (index 64, limit 55)
L 10/27/2020 - 19:25:34: [SM] Blaming: weapon_restrict.smx
L 10/27/2020 - 19:25:34: [SM] Call stack trace:
L 10/27/2020 - 19:25:34: [SM]   [1] Line 202, restrictinc/events.sp::CS_OnBuyCommand
L 10/27/2020 - 19:25:36: [SM] Exception reported: Array index out-of-bounds (index 64, limit 55)
L 10/27/2020 - 19:25:36: [SM] Blaming: weapon_restrict.smx
L 10/27/2020 - 19:25:36: [SM] Call stack trace:
L 10/27/2020 - 19:25:36: [SM]   [1] Line 202, restrictinc/events.sp::CS_OnBuyCommand
L 10/27/2020 - 19:25:54: [SM] Exception reported: Array index out-of-bounds (index 64, limit 55)
L 10/27/2020 - 19:25:54: [SM] Blaming: weapon_restrict.smx
L 10/27/2020 - 19:25:54: [SM] Call stack trace:
L 10/27/2020 - 19:25:54: [SM]   [1] Line 202, restrictinc/events.sp::CS_OnBuyCommand
L 10/27/2020 - 19:25:58: [SM] Exception reported: Array index out-of-bounds (index 64, limit 55)
L 10/27/2020 - 19:25:58: [SM] Blaming: weapon_restrict.smx
L 10/27/2020 - 19:25:58: [SM] Call stack trace:
L 10/27/2020 - 19:25:58: [SM]   [1] Line 202, restrictinc/events.sp::CS_OnBuyCommand
L 10/27/2020 - 19:26:11: [SM] Exception reported: Array index out-of-bounds (index 64, limit 55)
L 10/27/2020 - 19:26:11: [SM] Blaming: weapon_restrict.smx
L 10/27/2020 - 19:26:11: [SM] Call stack trace:
L 10/27/2020 - 19:26:11: [SM]   [1] Line 202, restrictinc/events.sp::CS_OnBuyCommand
L 10/27/2020 - 19:26:12: [SM] Exception reported: Array index out-of-bounds (index 64, limit 55)
L 10/27/2020 - 19:26:12: [SM] Blaming: weapon_restrict.smx
L 10/27/2020 - 19:26:12: [SM] Call stack trace:
L 10/27/2020 - 19:26:12: [SM]   [1] Line 202, restrictinc/events.sp::CS_OnBuyCommand
L 10/27/2020 - 19:26:16: [SM] Exception reported: Array index out-of-bounds (index 64, limit 55)
L 10/27/2020 - 19:26:16: [SM] Blaming: weapon_restrict.smx
L 10/27/2020 - 19:26:16: [SM] Call stack trace:
L 10/27/2020 - 19:26:16: [SM]   [1] Line 202, restrictinc/events.sp::CS_OnBuyCommand
L 10/27/2020 - 19:26:20: [SM] Exception reported: Array index out-of-bounds (index 64, limit 55)
L 10/27/2020 - 19:26:20: [SM] Blaming: weapon_restrict.smx
L 10/27/2020 - 19:26:20: [SM] Call stack trace:
L 10/27/2020 - 19:26:20: [SM]   [1] Line 202, restrictinc/events.sp::CS_OnBuyCommand
L 10/27/2020 - 19:26:22: [SM] Exception reported: Array index out-of-bounds (index 64, limit 55)
L 10/27/2020 - 19:26:22: [SM] Blaming: weapon_restrict.smx
L 10/27/2020 - 19:26:22: [SM] Call stack trace:
L 10/27/2020 - 19:26:22: [SM]   [1] Line 202, restrictinc/events.sp::CS_OnBuyCommand
L 10/27/2020 - 19:26:24: [SM] Exception reported: Array index out-of-bounds (index 64, limit 55)
L 10/27/2020 - 19:26:24: [SM] Blaming: weapon_restrict.smx
L 10/27/2020 - 19:26:24: [SM] Call stack trace:
L 10/27/2020 - 19:26:24: [SM]   [1] Line 202, restrictinc/events.sp::CS_OnBuyCommand
L 10/27/2020 - 19:26:51: [SM] Exception reported: Array index out-of-bounds (index 64, limit 55)
L 10/27/2020 - 19:26:51: [SM] Blaming: weapon_restrict.smx
L 10/27/2020 - 19:26:51: [SM] Call stack trace:
L 10/27/2020 - 19:26:51: [SM]   [1] Line 202, restrictinc/events.sp::CS_OnBuyCommand
L 10/27/2020 - 19:27:27: [SM] Exception reported: Array index out-of-bounds (index 64, limit 55)
L 10/27/2020 - 19:27:27: [SM] Blaming: weapon_restrict.smx
L 10/27/2020 - 19:27:27: [SM] Call stack trace:
L 10/27/2020 - 19:27:27: [SM]   [1] Line 202, restrictinc/events.sp::CS_OnBuyCommand
L 10/27/2020 - 19:28:07: [SM] Exception reported: Array index out-of-bounds (index 64, limit 55)
L 10/27/2020 - 19:28:07: [SM] Blaming: weapon_restrict.smx
L 10/27/2020 - 19:28:07: [SM] Call stack trace:
L 10/27/2020 - 19:28:07: [SM]   [1] Line 202, restrictinc/events.sp::CS_OnBuyCommand
L 10/27/2020 - 19:28:26: [SM] Exception reported: Array index out-of-bounds (index 64, limit 55)
L 10/27/2020 - 19:28:26: [SM] Blaming: weapon_restrict.smx
L 10/27/2020 - 19:28:26: [SM] Call stack trace:
L 10/27/2020 - 19:28:26: [SM]   [1] Line 202, restrictinc/events.sp::CS_OnBuyCommand
L 10/27/2020 - 19:29:29: [SM] Exception reported: Array index out-of-bounds (index 64, limit 55)
L 10/27/2020 - 19:29:29: [SM] Blaming: weapon_restrict.smx
L 10/27/2020 - 19:29:29: [SM] Call stack trace:
L 10/27/2020 - 19:29:29: [SM]   [1] Line 202, restrictinc/events.sp::CS_OnBuyCommand
L 10/27/2020 - 19:29:37: [SM] Exception reported: Array index out-of-bounds (index 64, limit 55)
L 10/27/2020 - 19:29:37: [SM] Blaming: weapon_restrict.smx
L 10/27/2020 - 19:29:37: [SM] Call stack trace:
L 10/27/2020 - 19:29:37: [SM]   [1] Line 202, restrictinc/events.sp::CS_OnBuyCommand
L 10/27/2020 - 19:30:40: [SM] Exception reported: Array index out-of-bounds (index 64, limit 55)
L 10/27/2020 - 19:30:40: [SM] Blaming: weapon_restrict.smx
L 10/27/2020 - 19:30:40: [SM] Call stack trace:
L 10/27/2020 - 19:30:40: [SM]   [1] Line 202, restrictinc/events.sp::CS_OnBuyCommand
L 10/27/2020 - 19:31:25: Error log file session closed.
L 10/27/2020 - 19:31:25: SourceMod error session started
L 10/27/2020 - 19:31:25: Info (map "de_inferno") (file "/home/tcagame/jackm1/527/csgo/addons/sourcemod/logs/errors_20201027.log")
L 10/27/2020 - 19:31:25: [SM] Fatal error encountered parsing translation file "advadmin.phrases.txt"
L 10/27/2020 - 19:31:25: [SM] Error (line 0, column 0): Stream failed to open
L 10/27/2020 - 19:31:50: [SM] Exception reported: Array index out-of-bounds (index 64, limit 55)
L 10/27/2020 - 19:31:50: [SM] Blaming: weapon_restrict.smx
L 10/27/2020 - 19:31:50: [SM] Call stack trace:
L 10/27/2020 - 19:31:50: [SM]   [1] Line 202, restrictinc/events.sp::CS_OnBuyCommand
L 10/27/2020 - 19:31:50: [SM] Exception reported: Array index out-of-bounds (index 64, limit 55)
L 10/27/2020 - 19:31:50: [SM] Blaming: weapon_restrict.smx
L 10/27/2020 - 19:31:50: [SM] Call stack trace:
L 10/27/2020 - 19:31:50: [SM]   [1] Line 202, restrictinc/events.sp::CS_OnBuyCommand
L 10/27/2020 - 19:32:03: [SM] Exception reported: Language phrase "Player_Connected" not found (arg 3)
L 10/27/2020 - 19:32:03: [SM] Blaming: advadmin.smx
L 10/27/2020 - 19:32:03: [SM] Call stack trace:
L 10/27/2020 - 19:32:03: [SM]   [0] VFormat
L 10/27/2020 - 19:32:03: [SM]   [1] Line 386, /groups/sourcemod/compiler-1.10/include/halflife.inc::PrintToChatAll
L 10/27/2020 - 19:32:03: [SM]   [2] Line 145, /home/groups/sourcemod/upload_tmp/phpRYtiXm.sp::OnClientAuthorized
L 10/27/2020 - 19:32:10: [SM] Exception reported: Language phrase "Player_Connected" not found (arg 3)
L 10/27/2020 - 19:32:10: [SM] Blaming: advadmin.smx
L 10/27/2020 - 19:32:10: [SM] Call stack trace:
L 10/27/2020 - 19:32:10: [SM]   [0] VFormat
L 10/27/2020 - 19:32:10: [SM]   [1] Line 386, /groups/sourcemod/compiler-1.10/include/halflife.inc::PrintToChatAll
L 10/27/2020 - 19:32:10: [SM]   [2] Line 145, /home/groups/sourcemod/upload_tmp/phpRYtiXm.sp::OnClientAuthorized
L 10/27/2020 - 19:32:12: [SM] Exception reported: Language phrase "Player_Connected" not found (arg 3)
L 10/27/2020 - 19:32:12: [SM] Blaming: advadmin.smx
L 10/27/2020 - 19:32:12: [SM] Call stack trace:
L 10/27/2020 - 19:32:12: [SM]   [0] VFormat
L 10/27/2020 - 19:32:12: [SM]   [1] Line 386, /groups/sourcemod/compiler-1.10/include/halflife.inc::PrintToChatAll
L 10/27/2020 - 19:32:12: [SM]   [2] Line 145, /home/groups/sourcemod/upload_tmp/phpRYtiXm.sp::OnClientAuthorized
L 10/27/2020 - 19:32:37: [SM] Exception reported: Array index out-of-bounds (index 64, limit 55)
L 10/27/2020 - 19:32:37: [SM] Blaming: weapon_restrict.smx
L 10/27/2020 - 19:32:37: [SM] Call stack trace:
L 10/27/2020 - 19:32:37: [SM]   [1] Line 202, restrictinc/events.sp::CS_OnBuyCommand
L 10/27/2020 - 19:33:10: [SM] Exception reported: Array index out-of-bounds (index 64, limit 55)
L 10/27/2020 - 19:33:10: [SM] Blaming: weapon_restrict.smx
L 10/27/2020 - 19:33:10: [SM] Call stack trace:
L 10/27/2020 - 19:33:10: [SM]   [1] Line 202, restrictinc/events.sp::CS_OnBuyCommand
L 10/27/2020 - 19:33:16: [SM] Exception reported: Array index out-of-bounds (index 64, limit 55)
L 10/27/2020 - 19:33:16: [SM] Blaming: weapon_restrict.smx
L 10/27/2020 - 19:33:16: [SM] Call stack trace:
L 10/27/2020 - 19:33:16: [SM]   [1] Line 202, restrictinc/events.sp::CS_OnBuyCommand
L 10/27/2020 - 19:38:12: [SM] Exception reported: Array index out-of-bounds (index 64, limit 55)
L 10/27/2020 - 19:38:12: [SM] Blaming: weapon_restrict.smx
L 10/27/2020 - 19:38:12: [SM] Call stack trace:
L 10/27/2020 - 19:38:12: [SM]   [1] Line 202, restrictinc/events.sp::CS_OnBuyCommand
L 10/27/2020 - 19:38:17: [SM] Exception reported: Array index out-of-bounds (index 64, limit 55)
L 10/27/2020 - 19:38:17: [SM] Blaming: weapon_restrict.smx
L 10/27/2020 - 19:38:17: [SM] Call stack trace:
L 10/27/2020 - 19:38:17: [SM]   [1] Line 202, restrictinc/events.sp::CS_OnBuyCommand
L 10/27/2020 - 19:38:17: [SM] Exception reported: Array index out-of-bounds (index 64, limit 55)
L 10/27/2020 - 19:38:17: [SM] Blaming: weapon_restrict.smx
L 10/27/2020 - 19:38:17: [SM] Call stack trace:
L 10/27/2020 - 19:38:17: [SM]   [1] Line 202, restrictinc/events.sp::CS_OnBuyCommand
L 10/27/2020 - 19:38:21: [SM] Exception reported: Array index out-of-bounds (index 64, limit 55)
L 10/27/2020 - 19:38:21: [SM] Blaming: weapon_restrict.smx
L 10/27/2020 - 19:38:21: [SM] Call stack trace:
L 10/27/2020 - 19:38:21: [SM]   [1] Line 202, restrictinc/events.sp::CS_OnBuyCommand
L 10/27/2020 - 19:38:21: [SM] Exception reported: Array index out-of-bounds (index 64, limit 55)
L 10/27/2020 - 19:38:21: [SM] Blaming: weapon_restrict.smx
L 10/27/2020 - 19:38:21: [SM] Call stack trace:
L 10/27/2020 - 19:38:21: [SM]   [1] Line 202, restrictinc/events.sp::CS_OnBuyCommand
L 10/27/2020 - 19:38:21: [SM] Exception reported: Array index out-of-bounds (index 64, limit 55)
L 10/27/2020 - 19:38:21: [SM] Blaming: weapon_restrict.smx
L 10/27/2020 - 19:38:21: [SM] Call stack trace:
L 10/27/2020 - 19:38:21: [SM]   [1] Line 202, restrictinc/events.sp::CS_OnBuyCommand
L 10/27/2020 - 19:38:23: [SM] Exception reported: Array index out-of-bounds (index 64, limit 55)
L 10/27/2020 - 19:38:23: [SM] Blaming: weapon_restrict.smx
L 10/27/2020 - 19:38:23: [SM] Call stack trace:
L 10/27/2020 - 19:38:23: [SM]   [1] Line 202, restrictinc/events.sp::CS_OnBuyCommand
L 10/27/2020 - 19:39:26: [SM] Exception reported: Array index out-of-bounds (index 64, limit 55)
L 10/27/2020 - 19:39:26: [SM] Blaming: weapon_restrict.smx
L 10/27/2020 - 19:39:26: [SM] Call stack trace:
L 10/27/2020 - 19:39:26: [SM]   [1] Line 202, restrictinc/events.sp::CS_OnBuyCommand
L 10/27/2020 - 19:39:28: [SM] Exception reported: Array index out-of-bounds (index 64, limit 55)
L 10/27/2020 - 19:39:28: [SM] Blaming: weapon_restrict.smx
L 10/27/2020 - 19:39:28: [SM] Call stack trace:
L 10/27/2020 - 19:39:28: [SM]   [1] Line 202, restrictinc/events.sp::CS_OnBuyCommand
L 10/27/2020 - 19:39:28: [SM] Exception reported: Array index out-of-bounds (index 64, limit 55)
L 10/27/2020 - 19:39:28: [SM] Blaming: weapon_restrict.smx
L 10/27/2020 - 19:39:28: [SM] Call stack trace:
L 10/27/2020 - 19:39:28: [SM]   [1] Line 202, restrictinc/events.sp::CS_OnBuyCommand
L 10/27/2020 - 19:39:32: [SM] Exception reported: Array index out-of-bounds (index 64, limit 55)
L 10/27/2020 - 19:39:32: [SM] Blaming: weapon_restrict.smx
L 10/27/2020 - 19:39:32: [SM] Call stack trace:
L 10/27/2020 - 19:39:32: [SM]   [1] Line 202, restrictinc/events.sp::CS_OnBuyCommand
L 10/27/2020 - 19:41:02: [SM] Exception reported: Array index out-of-bounds (index 64, limit 55)
L 10/27/2020 - 19:41:02: [SM] Blaming: weapon_restrict.smx
L 10/27/2020 - 19:41:02: [SM] Call stack trace:
L 10/27/2020 - 19:41:02: [SM]   [1] Line 202, restrictinc/events.sp::CS_OnBuyCommand
L 10/27/2020 - 19:41:02: [SM] Exception reported: Array index out-of-bounds (index 64, limit 55)
L 10/27/2020 - 19:41:02: [SM] Blaming: weapon_restrict.smx
L 10/27/2020 - 19:41:02: [SM] Call stack trace:
L 10/27/2020 - 19:41:02: [SM]   [1] Line 202, restrictinc/events.sp::CS_OnBuyCommand
L 10/27/2020 - 19:41:06: [SM] Exception reported: Array index out-of-bounds (index 64, limit 55)
L 10/27/2020 - 19:41:06: [SM] Blaming: weapon_restrict.smx
L 10/27/2020 - 19:41:06: [SM] Call stack trace:
L 10/27/2020 - 19:41:06: [SM]   [1] Line 202, restrictinc/events.sp::CS_OnBuyCommand
L 10/27/2020 - 19:41:13: [SM] Exception reported: Array index out-of-bounds (index 64, limit 55)
L 10/27/2020 - 19:41:13: [SM] Blaming: weapon_restrict.smx
L 10/27/2020 - 19:41:13: [SM] Call stack trace:
L 10/27/2020 - 19:41:13: [SM]   [1] Line 202, restrictinc/events.sp::CS_OnBuyCommand
L 10/27/2020 - 19:41:13: [SM] Exception reported: Array index out-of-bounds (index 64, limit 55)
L 10/27/2020 - 19:41:13: [SM] Blaming: weapon_restrict.smx
L 10/27/2020 - 19:41:13: [SM] Call stack trace:
L 10/27/2020 - 19:41:13: [SM]   [1] Line 202, restrictinc/events.sp::CS_OnBuyCommand
L 10/27/2020 - 19:43:20: [SM] Exception reported: Array index out-of-bounds (index 64, limit 55)
L 10/27/2020 - 19:43:20: [SM] Blaming: weapon_restrict.smx
L 10/27/2020 - 19:43:20: [SM] Call stack trace:
L 10/27/2020 - 19:43:20: [SM]   [1] Line 202, restrictinc/events.sp::CS_OnBuyCommand
L 10/27/2020 - 19:43:23: [SM] Exception reported: Array index out-of-bounds (index 64, limit 55)
L 10/27/2020 - 19:43:23: [SM] Blaming: weapon_restrict.smx
L 10/27/2020 - 19:43:23: [SM] Call stack trace:
L 10/27/2020 - 19:43:23: [SM]   [1] Line 202, restrictinc/events.sp::CS_OnBuyCommand
L 10/27/2020 - 19:43:26: [SM] Exception reported: Array index out-of-bounds (index 64, limit 55)
L 10/27/2020 - 19:43:26: [SM] Blaming: weapon_restrict.smx
L 10/27/2020 - 19:43:26: [SM] Call stack trace:
L 10/27/2020 - 19:43:26: [SM]   [1] Line 202, restrictinc/events.sp::CS_OnBuyCommand
L 10/27/2020 - 19:43:30: [SM] Exception reported: Array index out-of-bounds (index 64, limit 55)
L 10/27/2020 - 19:43:30: [SM] Blaming: weapon_restrict.smx
L 10/27/2020 - 19:43:30: [SM] Call stack trace:
L 10/27/2020 - 19:43:30: [SM]   [1] Line 202, restrictinc/events.sp::CS_OnBuyCommand
L 10/27/2020 - 19:43:31: [SM] Exception reported: Array index out-of-bounds (index 64, limit 55)
L 10/27/2020 - 19:43:31: [SM] Blaming: weapon_restrict.smx
L 10/27/2020 - 19:43:31: [SM] Call stack trace:
L 10/27/2020 - 19:43:31: [SM]   [1] Line 202, restrictinc/events.sp::CS_OnBuyCommand
L 10/27/2020 - 19:43:36: [SM] Exception reported: Array index out-of-bounds (index 64, limit 55)
L 10/27/2020 - 19:43:36: [SM] Blaming: weapon_restrict.smx
L 10/27/2020 - 19:43:36: [SM] Call stack trace:
L 10/27/2020 - 19:43:36: [SM]   [1] Line 202, restrictinc/events.sp::CS_OnBuyCommand
L 10/27/2020 - 19:45:01: [SM] Exception reported: Array index out-of-bounds (index 64, limit 55)
L 10/27/2020 - 19:45:01: [SM] Blaming: weapon_restrict.smx
L 10/27/2020 - 19:45:01: [SM] Call stack trace:
L 10/27/2020 - 19:45:01: [SM]   [1] Line 202, restrictinc/events.sp::CS_OnBuyCommand
L 10/27/2020 - 19:45:05: [SM] Exception reported: Array index out-of-bounds (index 64, limit 55)
L 10/27/2020 - 19:45:05: [SM] Blaming: weapon_restrict.smx
L 10/27/2020 - 19:45:05: [SM] Call stack trace:
L 10/27/2020 - 19:45:05: [SM]   [1] Line 202, restrictinc/events.sp::CS_OnBuyCommand
L 10/27/2020 - 19:45:06: [SM] Exception reported: Array index out-of-bounds (index 64, limit 55)
L 10/27/2020 - 19:45:06: [SM] Blaming: weapon_restrict.smx
L 10/27/2020 - 19:45:06: [SM] Call stack trace:
L 10/27/2020 - 19:45:06: [SM]   [1] Line 202, restrictinc/events.sp::CS_OnBuyCommand
L 10/27/2020 - 19:45:06: [SM] Exception reported: Array index out-of-bounds (index 64, limit 55)
L 10/27/2020 - 19:45:06: [SM] Blaming: weapon_restrict.smx
L 10/27/2020 - 19:45:06: [SM] Call stack trace:
L 10/27/2020 - 19:45:06: [SM]   [1] Line 202, restrictinc/events.sp::CS_OnBuyCommand
L 10/27/2020 - 19:45:12: [SM] Exception reported: Array index out-of-bounds (index 64, limit 55)
L 10/27/2020 - 19:45:12: [SM] Blaming: weapon_restrict.smx
L 10/27/2020 - 19:45:12: [SM] Call stack trace:
L 10/27/2020 - 19:45:12: [SM]   [1] Line 202, restrictinc/events.sp::CS_OnBuyCommand
L 10/27/2020 - 19:46:13: [SM] Exception reported: Array index out-of-bounds (index 64, limit 55)
L 10/27/2020 - 19:46:13: [SM] Blaming: weapon_restrict.smx
L 10/27/2020 - 19:46:13: [SM] Call stack trace:
L 10/27/2020 - 19:46:13: [SM]   [1] Line 202, restrictinc/events.sp::CS_OnBuyCommand
L 10/27/2020 - 19:46:16: [SM] Exception reported: Array index out-of-bounds (index 64, limit 55)
L 10/27/2020 - 19:46:16: [SM] Blaming: weapon_restrict.smx
L 10/27/2020 - 19:46:16: [SM] Call stack trace:
L 10/27/2020 - 19:46:16: [SM]   [1] Line 202, restrictinc/events.sp::CS_OnBuyCommand
L 10/27/2020 - 19:46:22: [SM] Exception reported: Array index out-of-bounds (index 64, limit 55)
L 10/27/2020 - 19:46:22: [SM] Blaming: weapon_restrict.smx
L 10/27/2020 - 19:46:22: [SM] Call stack trace:
L 10/27/2020 - 19:46:22: [SM]   [1] Line 202, restrictinc/events.sp::CS_OnBuyCommand
L 10/27/2020 - 19:46:26: [SM] Exception reported: Array index out-of-bounds (index 64, limit 55)
L 10/27/2020 - 19:46:26: [SM] Blaming: weapon_restrict.smx
L 10/27/2020 - 19:46:26: [SM] Call stack trace:
L 10/27/2020 - 19:46:26: [SM]   [1] Line 202, restrictinc/events.sp::CS_OnBuyCommand
L 10/27/2020 - 19:47:17: [SM] Exception reported: Array index out-of-bounds (index 64, limit 55)
L 10/27/2020 - 19:47:17: [SM] Blaming: weapon_restrict.smx
L 10/27/2020 - 19:47:17: [SM] Call stack trace:
L 10/27/2020 - 19:47:17: [SM]   [1] Line 202, restrictinc/events.sp::CS_OnBuyCommand
L 10/27/2020 - 19:47:18: [SM] Exception reported: Array index out-of-bounds (index 64, limit 55)
L 10/27/2020 - 19:47:18: [SM] Blaming: weapon_restrict.smx
L 10/27/2020 - 19:47:18: [SM] Call stack trace:
L 10/27/2020 - 19:47:18: [SM]   [1] Line 202, restrictinc/events.sp::CS_OnBuyCommand
L 10/27/2020 - 19:47:22: [SM] Exception reported: Array index out-of-bounds (index 64, limit 55)
L 10/27/2020 - 19:47:22: [SM] Blaming: weapon_restrict.smx
L 10/27/2020 - 19:47:22: [SM] Call stack trace:
L 10/27/2020 - 19:47:22: [SM]   [1] Line 202, restrictinc/events.sp::CS_OnBuyCommand
L 10/27/2020 - 19:48:36: [SM] Exception reported: Array index out-of-bounds (index 64, limit 55)
L 10/27/2020 - 19:48:36: [SM] Blaming: weapon_restrict.smx
L 10/27/2020 - 19:48:36: [SM] Call stack trace:
L 10/27/2020 - 19:48:36: [SM]   [1] Line 202, restrictinc/events.sp::CS_OnBuyCommand
L 10/27/2020 - 19:48:39: [SM] Exception reported: Array index out-of-bounds (index 64, limit 55)
L 10/27/2020 - 19:48:39: [SM] Blaming: weapon_restrict.smx
L 10/27/2020 - 19:48:39: [SM] Call stack trace:
L 10/27/2020 - 19:48:39: [SM]   [1] Line 202, restrictinc/events.sp::CS_OnBuyCommand
L 10/27/2020 - 19:50:54: [SM] Exception reported: Array index out-of-bounds (index 64, limit 55)
L 10/27/2020 - 19:50:54: [SM] Blaming: weapon_restrict.smx
L 10/27/2020 - 19:50:54: [SM] Call stack trace:
L 10/27/2020 - 19:50:54: [SM]   [1] Line 202, restrictinc/events.sp::CS_OnBuyCommand
L 10/27/2020 - 19:50:55: [SM] Exception reported: Array index out-of-bounds (index 64, limit 55)
L 10/27/2020 - 19:50:55: [SM] Blaming: weapon_restrict.smx
L 10/27/2020 - 19:50:55: [SM] Call stack trace:
L 10/27/2020 - 19:50:55: [SM]   [1] Line 202, restrictinc/events.sp::CS_OnBuyCommand
L 10/27/2020 - 19:52:16: [SM] Exception reported: Array index out-of-bounds (index 64, limit 55)
L 10/27/2020 - 19:52:16: [SM] Blaming: weapon_restrict.smx
L 10/27/2020 - 19:52:16: [SM] Call stack trace:
L 10/27/2020 - 19:52:16: [SM]   [1] Line 202, restrictinc/events.sp::CS_OnBuyCommand
L 10/27/2020 - 19:52:16: [SM] Exception reported: Array index out-of-bounds (index 64, limit 55)
L 10/27/2020 - 19:52:16: [SM] Blaming: weapon_restrict.smx
L 10/27/2020 - 19:52:16: [SM] Call stack trace:
L 10/27/2020 - 19:52:16: [SM]   [1] Line 202, restrictinc/events.sp::CS_OnBuyCommand
L 10/27/2020 - 19:52:24: [SM] Exception reported: Array index out-of-bounds (index 64, limit 55)
L 10/27/2020 - 19:52:24: [SM] Blaming: weapon_restrict.smx
L 10/27/2020 - 19:52:24: [SM] Call stack trace:
L 10/27/2020 - 19:52:24: [SM]   [1] Line 202, restrictinc/events.sp::CS_OnBuyCommand
L 10/27/2020 - 19:54:22: [SM] Exception reported: Array index out-of-bounds (index 64, limit 55)
L 10/27/2020 - 19:54:22: [SM] Blaming: weapon_restrict.smx
L 10/27/2020 - 19:54:22: [SM] Call stack trace:
L 10/27/2020 - 19:54:22: [SM]   [1] Line 202, restrictinc/events.sp::CS_OnBuyCommand
L 10/27/2020 - 19:54:25: [SM] Exception reported: Array index out-of-bounds (index 64, limit 55)
L 10/27/2020 - 19:54:25: [SM] Blaming: weapon_restrict.smx
L 10/27/2020 - 19:54:25: [SM] Call stack trace:
L 10/27/2020 - 19:54:25: [SM]   [1] Line 202, restrictinc/events.sp::CS_OnBuyCommand
L 10/27/2020 - 19:54:28: [SM] Exception reported: Array index out-of-bounds (index 64, limit 55)
L 10/27/2020 - 19:54:28: [SM] Blaming: weapon_restrict.smx
L 10/27/2020 - 19:54:28: [SM] Call stack trace:
L 10/27/2020 - 19:54:28: [SM]   [1] Line 202, restrictinc/events.sp::CS_OnBuyCommand
L 10/27/2020 - 19:55:10: [SM] Exception reported: Array index out-of-bounds (index 64, limit 55)
L 10/27/2020 - 19:55:10: [SM] Blaming: weapon_restrict.smx
L 10/27/2020 - 19:55:10: [SM] Call stack trace:
L 10/27/2020 - 19:55:10: [SM]   [1] Line 202, restrictinc/events.sp::CS_OnBuyCommand
L 10/27/2020 - 19:57:06: [SM] Exception reported: Array index out-of-bounds (index 64, limit 55)
L 10/27/2020 - 19:57:06: [SM] Blaming: weapon_restrict.smx
L 10/27/2020 - 19:57:06: [SM] Call stack trace:
L 10/27/2020 - 19:57:06: [SM]   [1] Line 202, restrictinc/events.sp::CS_OnBuyCommand
L 10/27/2020 - 19:57:09: [SM] Exception reported: Array index out-of-bounds (index 64, limit 55)
L 10/27/2020 - 19:57:09: [SM] Blaming: weapon_restrict.smx
L 10/27/2020 - 19:57:09: [SM] Call stack trace:
L 10/27/2020 - 19:57:09: [SM]   [1] Line 202, restrictinc/events.sp::CS_OnBuyCommand
L 10/27/2020 - 19:57:18: [SM] Exception reported: Array index out-of-bounds (index 64, limit 55)
L 10/27/2020 - 19:57:18: [SM] Blaming: weapon_restrict.smx
L 10/27/2020 - 19:57:18: [SM] Call stack trace:
L 10/27/2020 - 19:57:18: [SM]   [1] Line 202, restrictinc/events.sp::CS_OnBuyCommand
L 10/27/2020 - 19:58:27: [SM] Exception reported: Array index out-of-bounds (index 64, limit 55)
L 10/27/2020 - 19:58:27: [SM] Blaming: weapon_restrict.smx
L 10/27/2020 - 19:58:27: [SM] Call stack trace:
L 10/27/2020 - 19:58:27: [SM]   [1] Line 202, restrictinc/events.sp::CS_OnBuyCommand
L 10/27/2020 - 19:59:26: [SM] Exception reported: Array index out-of-bounds (index 64, limit 55)
L 10/27/2020 - 19:59:26: [SM] Blaming: weapon_restrict.smx
L 10/27/2020 - 19:59:26: [SM] Call stack trace:
L 10/27/2020 - 19:59:26: [SM]   [1] Line 202, restrictinc/events.sp::CS_OnBuyCommand
L 10/27/2020 - 19:59:26: [SM] Exception reported: Array index out-of-bounds (index 64, limit 55)
L 10/27/2020 - 19:59:26: [SM] Blaming: weapon_restrict.smx
L 10/27/2020 - 19:59:26: [SM] Call stack trace:
L 10/27/2020 - 19:59:26: [SM]   [1] Line 202, restrictinc/events.sp::CS_OnBuyCommand
L 10/27/2020 - 19:59:27: [SM] Exception reported: Array index out-of-bounds (index 64, limit 55)
L 10/27/2020 - 19:59:27: [SM] Blaming: weapon_restrict.smx
L 10/27/2020 - 19:59:27: [SM] Call stack trace:
L 10/27/2020 - 19:59:27: [SM]   [1] Line 202, restrictinc/events.sp::CS_OnBuyCommand
L 10/27/2020 - 19:59:30: [SM] Exception reported: Array index out-of-bounds (index 64, limit 55)
L 10/27/2020 - 19:59:30: [SM] Blaming: weapon_restrict.smx
L 10/27/2020 - 19:59:30: [SM] Call stack trace:
L 10/27/2020 - 19:59:30: [SM]   [1] Line 202, restrictinc/events.sp::CS_OnBuyCommand
L 10/27/2020 - 19:59:33: [SM] Exception reported: Array index out-of-bounds (index 64, limit 55)
L 10/27/2020 - 19:59:33: [SM] Blaming: weapon_restrict.smx
L 10/27/2020 - 19:59:33: [SM] Call stack trace:
L 10/27/2020 - 19:59:33: [SM]   [1] Line 202, restrictinc/events.sp::CS_OnBuyCommand
L 10/27/2020 - 19:59:39: [SM] Exception reported: Array index out-of-bounds (index 64, limit 55)
L 10/27/2020 - 19:59:39: [SM] Blaming: weapon_restrict.smx
L 10/27/2020 - 19:59:39: [SM] Call stack trace:
L 10/27/2020 - 19:59:39: [SM]   [1] Line 202, restrictinc/events.sp::CS_OnBuyCommand
L 10/27/2020 - 20:00:32: [SM] Exception reported: Array index out-of-bounds (index 64, limit 55)
L 10/27/2020 - 20:00:32: [SM] Blaming: weapon_restrict.smx
L 10/27/2020 - 20:00:32: [SM] Call stack trace:
L 10/27/2020 - 20:00:32: [SM]   [1] Line 202, restrictinc/events.sp::CS_OnBuyCommand
L 10/27/2020 - 20:00:39: [SM] Exception reported: Array index out-of-bounds (index 64, limit 55)
L 10/27/2020 - 20:00:39: [SM] Blaming: weapon_restrict.smx
L 10/27/2020 - 20:00:39: [SM] Call stack trace:
L 10/27/2020 - 20:00:39: [SM]   [1] Line 202, restrictinc/events.sp::CS_OnBuyCommand
L 10/27/2020 - 20:00:41: [SM] Exception reported: Array index out-of-bounds (index 64, limit 55)
L 10/27/2020 - 20:00:41: [SM] Blaming: weapon_restrict.smx
L 10/27/2020 - 20:00:41: [SM] Call stack trace:
L 10/27/2020 - 20:00:41: [SM]   [1] Line 202, restrictinc/events.sp::CS_OnBuyCommand
L 10/27/2020 - 20:00:45: [SM] Exception reported: Array index out-of-bounds (index 64, limit 55)
L 10/27/2020 - 20:00:45: [SM] Blaming: weapon_restrict.smx
L 10/27/2020 - 20:00:45: [SM] Call stack trace:
L 10/27/2020 - 20:00:45: [SM]   [1] Line 202, restrictinc/events.sp::CS_OnBuyCommand
L 10/27/2020 - 20:00:46: [SM] Exception reported: Array index out-of-bounds (index 64, limit 55)
L 10/27/2020 - 20:00:46: [SM] Blaming: weapon_restrict.smx
L 10/27/2020 - 20:00:46: [SM] Call stack trace:
L 10/27/2020 - 20:00:46: [SM]   [1] Line 202, restrictinc/events.sp::CS_OnBuyCommand
L 10/27/2020 - 20:02:10: [SM] Exception reported: Array index out-of-bounds (index 64, limit 55)
L 10/27/2020 - 20:02:10: [SM] Blaming: weapon_restrict.smx
L 10/27/2020 - 20:02:10: [SM] Call stack trace:
L 10/27/2020 - 20:02:10: [SM]   [1] Line 202, restrictinc/events.sp::CS_OnBuyCommand
L 10/27/2020 - 20:02:11: [SM] Exception reported: Array index out-of-bounds (index 64, limit 55)
L 10/27/2020 - 20:02:11: [SM] Blaming: weapon_restrict.smx
L 10/27/2020 - 20:02:11: [SM] Call stack trace:
L 10/27/2020 - 20:02:11: [SM]   [1] Line 202, restrictinc/events.sp::CS_OnBuyCommand
L 10/27/2020 - 20:02:30: [SM] Exception reported: Array index out-of-bounds (index 64, limit 55)
L 10/27/2020 - 20:02:30: [SM] Blaming: weapon_restrict.smx
L 10/27/2020 - 20:02:30: [SM] Call stack trace:
L 10/27/2020 - 20:02:30: [SM]   [1] Line 202, restrictinc/events.sp::CS_OnBuyCommand
L 10/27/2020 - 20:02:41: [SM] Exception reported: Array index out-of-bounds (index 64, limit 55)
L 10/27/2020 - 20:02:41: [SM] Blaming: weapon_restrict.smx
L 10/27/2020 - 20:02:41: [SM] Call stack trace:
L 10/27/2020 - 20:02:41: [SM]   [1] Line 202, restrictinc/events.sp::CS_OnBuyCommand
L 10/27/2020 - 20:03:59: [SM] Exception reported: Array index out-of-bounds (index 64, limit 55)
L 10/27/2020 - 20:03:59: [SM] Blaming: weapon_restrict.smx
L 10/27/2020 - 20:03:59: [SM] Call stack trace:
L 10/27/2020 - 20:03:59: [SM]   [1] Line 202, restrictinc/events.sp::CS_OnBuyCommand
L 10/27/2020 - 20:04:05: [SM] Exception reported: Array index out-of-bounds (index 64, limit 55)
L 10/27/2020 - 20:04:05: [SM] Blaming: weapon_restrict.smx
L 10/27/2020 - 20:04:05: [SM] Call stack trace:
L 10/27/2020 - 20:04:05: [SM]   [1] Line 202, restrictinc/events.sp::CS_OnBuyCommand
L 10/27/2020 - 20:04:16: [SM] Exception reported: Array index out-of-bounds (index 64, limit 55)
L 10/27/2020 - 20:04:16: [SM] Blaming: weapon_restrict.smx
L 10/27/2020 - 20:04:16: [SM] Call stack trace:
L 10/27/2020 - 20:04:16: [SM]   [1] Line 202, restrictinc/events.sp::CS_OnBuyCommand
L 10/27/2020 - 20:05:33: [SM] Exception reported: Array index out-of-bounds (index 64, limit 55)
L 10/27/2020 - 20:05:33: [SM] Blaming: weapon_restrict.smx
L 10/27/2020 - 20:05:33: [SM] Call stack trace:
L 10/27/2020 - 20:05:33: [SM]   [1] Line 202, restrictinc/events.sp::CS_OnBuyCommand
L 10/27/2020 - 20:05:37: [SM] Exception reported: Array index out-of-bounds (index 64, limit 55)
L 10/27/2020 - 20:05:37: [SM] Blaming: weapon_restrict.smx
L 10/27/2020 - 20:05:37: [SM] Call stack trace:
L 10/27/2020 - 20:05:37: [SM]   [1] Line 202, restrictinc/events.sp::CS_OnBuyCommand
L 10/27/2020 - 20:05:40: [SM] Exception reported: Array index out-of-bounds (index 64, limit 55)
L 10/27/2020 - 20:05:40: [SM] Blaming: weapon_restrict.smx
L 10/27/2020 - 20:05:40: [SM] Call stack trace:
L 10/27/2020 - 20:05:40: [SM]   [1] Line 202, restrictinc/events.sp::CS_OnBuyCommand
L 10/27/2020 - 20:07:15: [SM] Exception reported: Array index out-of-bounds (index 64, limit 55)
L 10/27/2020 - 20:07:15: [SM] Blaming: weapon_restrict.smx
L 10/27/2020 - 20:07:15: [SM] Call stack trace:
L 10/27/2020 - 20:07:15: [SM]   [1] Line 202, restrictinc/events.sp::CS_OnBuyCommand
L 10/27/2020 - 20:08:10: [SM] Exception reported: Array index out-of-bounds (index 64, limit 55)
L 10/27/2020 - 20:08:10: [SM] Blaming: weapon_restrict.smx
L 10/27/2020 - 20:08:10: [SM] Call stack trace:
L 10/27/2020 - 20:08:10: [SM]   [1] Line 202, restrictinc/events.sp::CS_OnBuyCommand
L 10/27/2020 - 20:08:18: [SM] Exception reported: Array index out-of-bounds (index 64, limit 55)
L 10/27/2020 - 20:08:18: [SM] Blaming: weapon_restrict.smx
L 10/27/2020 - 20:08:18: [SM] Call stack trace:
L 10/27/2020 - 20:08:18: [SM]   [1] Line 202, restrictinc/events.sp::CS_OnBuyCommand
L 10/27/2020 - 20:08:44: [SM] Exception reported: Array index out-of-bounds (index 64, limit 55)
L 10/27/2020 - 20:08:44: [SM] Blaming: weapon_restrict.smx
L 10/27/2020 - 20:08:44: [SM] Call stack trace:
L 10/27/2020 - 20:08:44: [SM]   [1] Line 202, restrictinc/events.sp::CS_OnBuyCommand
L 10/27/2020 - 20:09:05: [SM] Exception reported: Array index out-of-bounds (index 64, limit 55)
L 10/27/2020 - 20:09:05: [SM] Blaming: weapon_restrict.smx
L 10/27/2020 - 20:09:05: [SM] Call stack trace:
L 10/27/2020 - 20:09:05: [SM]   [1] Line 202, restrictinc/events.sp::CS_OnBuyCommand
L 10/27/2020 - 20:09:14: [SM] Exception reported: Array index out-of-bounds (index 64, limit 55)
L 10/27/2020 - 20:09:14: [SM] Blaming: weapon_restrict.smx
L 10/27/2020 - 20:09:14: [SM] Call stack trace:
L 10/27/2020 - 20:09:14: [SM]   [1] Line 202, restrictinc/events.sp::CS_OnBuyCommand
L 10/27/2020 - 20:09:42: [SM] Exception reported: Array index out-of-bounds (index 64, limit 55)
L 10/27/2020 - 20:09:42: [SM] Blaming: weapon_restrict.smx
L 10/27/2020 - 20:09:42: [SM] Call stack trace:
L 10/27/2020 - 20:09:42: [SM]   [1] Line 202, restrictinc/events.sp::CS_OnBuyCommand
L 10/27/2020 - 20:09:53: [SM] Exception reported: Array index out-of-bounds (index 64, limit 55)
L 10/27/2020 - 20:09:53: [SM] Blaming: weapon_restrict.smx
L 10/27/2020 - 20:09:53: [SM] Call stack trace:
L 10/27/2020 - 20:09:53: [SM]   [1] Line 202, restrictinc/events.sp::CS_OnBuyCommand
L 10/27/2020 - 20:10:01: [SM] Exception reported: Array index out-of-bounds (index 64, limit 55)
L 10/27/2020 - 20:10:01: [SM] Blaming: weapon_restrict.smx
L 10/27/2020 - 20:10:01: [SM] Call stack trace:
L 10/27/2020 - 20:10:01: [SM]   [1] Line 202, restrictinc/events.sp::CS_OnBuyCommand
L 10/27/2020 - 20:10:41: [SM] Exception reported: Array index out-of-bounds (index 64, limit 55)
L 10/27/2020 - 20:10:41: [SM] Blaming: weapon_restrict.smx
L 10/27/2020 - 20:10:41: [SM] Call stack trace:
L 10/27/2020 - 20:10:41: [SM]   [1] Line 202, restrictinc/events.sp::CS_OnBuyCommand
L 10/27/2020 - 20:10:43: [SM] Exception reported: Array index out-of-bounds (index 64, limit 55)
L 10/27/2020 - 20:10:43: [SM] Blaming: weapon_restrict.smx
L 10/27/2020 - 20:10:43: [SM] Call stack trace:
L 10/27/2020 - 20:10:43: [SM]   [1] Line 202, restrictinc/events.sp::CS_OnBuyCommand
L 10/27/2020 - 20:11:04: [SM] Exception reported: Array index out-of-bounds (index 64, limit 55)
L 10/27/2020 - 20:11:04: [SM] Blaming: weapon_restrict.smx
L 10/27/2020 - 20:11:04: [SM] Call stack trace:
L 10/27/2020 - 20:11:04: [SM]   [1] Line 202, restrictinc/events.sp::CS_OnBuyCommand
L 10/27/2020 - 20:11:46: [SM] Exception reported: Array index out-of-bounds (index 64, limit 55)
L 10/27/2020 - 20:11:46: [SM] Blaming: weapon_restrict.smx
L 10/27/2020 - 20:11:46: [SM] Call stack trace:
L 10/27/2020 - 20:11:46: [SM]   [1] Line 202, restrictinc/events.sp::CS_OnBuyCommand
L 10/27/2020 - 20:12:05: [SM] Exception reported: Array index out-of-bounds (index 64, limit 55)
L 10/27/2020 - 20:12:05: [SM] Blaming: weapon_restrict.smx
L 10/27/2020 - 20:12:05: [SM] Call stack trace:
L 10/27/2020 - 20:12:05: [SM]   [1] Line 202, restrictinc/events.sp::CS_OnBuyCommand
L 10/27/2020 - 20:12:31: [SM] Exception reported: Array index out-of-bounds (index 64, limit 55)
L 10/27/2020 - 20:12:31: [SM] Blaming: weapon_restrict.smx
L 10/27/2020 - 20:12:31: [SM] Call stack trace:
L 10/27/2020 - 20:12:31: [SM]   [1] Line 202, restrictinc/events.sp::CS_OnBuyCommand
L 10/27/2020 - 20:12:33: [SM] Exception reported: Array index out-of-bounds (index 64, limit 55)
L 10/27/2020 - 20:12:33: [SM] Blaming: weapon_restrict.smx
L 10/27/2020 - 20:12:33: [SM] Call stack trace:
L 10/27/2020 - 20:12:33: [SM]   [1] Line 202, restrictinc/events.sp::CS_OnBuyCommand
L 10/27/2020 - 20:13:04: [SM] Exception reported: Array index out-of-bounds (index 64, limit 55)
L 10/27/2020 - 20:13:04: [SM] Blaming: weapon_restrict.smx
L 10/27/2020 - 20:13:04: [SM] Call stack trace:
L 10/27/2020 - 20:13:04: [SM]   [1] Line 202, restrictinc/events.sp::CS_OnBuyCommand
L 10/27/2020 - 20:13:32: [SM] Exception reported: Array index out-of-bounds (index 64, limit 55)
L 10/27/2020 - 20:13:32: [SM] Blaming: weapon_restrict.smx
L 10/27/2020 - 20:13:32: [SM] Call stack trace:
L 10/27/2020 - 20:13:32: [SM]   [1] Line 202, restrictinc/events.sp::CS_OnBuyCommand
L 10/27/2020 - 20:13:42: [SM] Exception reported: Array index out-of-bounds (index 64, limit 55)
L 10/27/2020 - 20:13:42: [SM] Blaming: weapon_restrict.smx
L 10/27/2020 - 20:13:42: [SM] Call stack trace:
L 10/27/2020 - 20:13:42: [SM]   [1] Line 202, restrictinc/events.sp::CS_OnBuyCommand
L 10/27/2020 - 20:14:28: [SM] Exception reported: Array index out-of-bounds (index 64, limit 55)
L 10/27/2020 - 20:14:28: [SM] Blaming: weapon_restrict.smx
L 10/27/2020 - 20:14:28: [SM] Call stack trace:
L 10/27/2020 - 20:14:28: [SM]   [1] Line 202, restrictinc/events.sp::CS_OnBuyCommand
L 10/27/2020 - 20:14:46: [SM] Exception reported: Array index out-of-bounds (index 64, limit 55)
L 10/27/2020 - 20:14:46: [SM] Blaming: weapon_restrict.smx
L 10/27/2020 - 20:14:46: [SM] Call stack trace:
L 10/27/2020 - 20:14:46: [SM]   [1] Line 202, restrictinc/events.sp::CS_OnBuyCommand
L 10/27/2020 - 20:15:59: [SM] Exception reported: Array index out-of-bounds (index 64, limit 55)
L 10/27/2020 - 20:15:59: [SM] Blaming: weapon_restrict.smx
L 10/27/2020 - 20:15:59: [SM] Call stack trace:
L 10/27/2020 - 20:15:59: [SM]   [1] Line 202, restrictinc/events.sp::CS_OnBuyCommand
L 10/27/2020 - 20:16:50: [SM] Exception reported: Array index out-of-bounds (index 64, limit 55)
L 10/27/2020 - 20:16:50: [SM] Blaming: weapon_restrict.smx
L 10/27/2020 - 20:16:50: [SM] Call stack trace:
L 10/27/2020 - 20:16:50: [SM]   [1] Line 202, restrictinc/events.sp::CS_OnBuyCommand
L 10/27/2020 - 20:17:41: [SM] Exception reported: Array index out-of-bounds (index 64, limit 55)
L 10/27/2020 - 20:17:41: [SM] Blaming: weapon_restrict.smx
L 10/27/2020 - 20:17:41: [SM] Call stack trace:
L 10/27/2020 - 20:17:41: [SM]   [1] Line 202, restrictinc/events.sp::CS_OnBuyCommand
L 10/27/2020 - 20:18:05: [SM] Exception reported: Array index out-of-bounds (index 64, limit 55)
L 10/27/2020 - 20:18:05: [SM] Blaming: weapon_restrict.smx
L 10/27/2020 - 20:18:05: [SM] Call stack trace:
L 10/27/2020 - 20:18:05: [SM]   [1] Line 202, restrictinc/events.sp::CS_OnBuyCommand
L 10/27/2020 - 20:18:29: [SM] Exception reported: Language phrase "Player_Connected" not found (arg 3)
L 10/27/2020 - 20:18:29: [SM] Blaming: advadmin.smx
L 10/27/2020 - 20:18:29: [SM] Call stack trace:
L 10/27/2020 - 20:18:29: [SM]   [0] VFormat
L 10/27/2020 - 20:18:29: [SM]   [1] Line 386, /groups/sourcemod/compiler-1.10/include/halflife.inc::PrintToChatAll
L 10/27/2020 - 20:18:29: [SM]   [2] Line 145, /home/groups/sourcemod/upload_tmp/phpRYtiXm.sp::OnClientAuthorized
L 10/27/2020 - 20:20:16: [SM] Exception reported: Array index out-of-bounds (index 64, limit 55)
L 10/27/2020 - 20:20:16: [SM] Blaming: weapon_restrict.smx
L 10/27/2020 - 20:20:16: [SM] Call stack trace:
L 10/27/2020 - 20:20:16: [SM]   [1] Line 202, restrictinc/events.sp::CS_OnBuyCommand
L 10/27/2020 - 20:21:01: [SM] Exception reported: Array index out-of-bounds (index 64, limit 55)
L 10/27/2020 - 20:21:01: [SM] Blaming: weapon_restrict.smx
L 10/27/2020 - 20:21:01: [SM] Call stack trace:
L 10/27/2020 - 20:21:01: [SM]   [1] Line 202, restrictinc/events.sp::CS_OnBuyCommand
L 10/27/2020 - 20:21:16: [SM] Exception reported: Array index out-of-bounds (index 64, limit 55)
L 10/27/2020 - 20:21:16: [SM] Blaming: weapon_restrict.smx
L 10/27/2020 - 20:21:16: [SM] Call stack trace:
L 10/27/2020 - 20:21:16: [SM]   [1] Line 202, restrictinc/events.sp::CS_OnBuyCommand
L 10/27/2020 - 20:21:47: [SM] Exception reported: Array index out-of-bounds (index 64, limit 55)
L 10/27/2020 - 20:21:47: [SM] Blaming: weapon_restrict.smx
L 10/27/2020 - 20:21:47: [SM] Call stack trace:
L 10/27/2020 - 20:21:47: [SM]   [1] Line 202, restrictinc/events.sp::CS_OnBuyCommand
L 10/27/2020 - 20:22:39: [SM] Exception reported: Array index out-of-bounds (index 64, limit 55)
L 10/27/2020 - 20:22:39: [SM] Blaming: weapon_restrict.smx
L 10/27/2020 - 20:22:39: [SM] Call stack trace:
L 10/27/2020 - 20:22:39: [SM]   [1] Line 202, restrictinc/events.sp::CS_OnBuyCommand
L 10/27/2020 - 20:22:53: [SM] Exception reported: Array index out-of-bounds (index 64, limit 55)
L 10/27/2020 - 20:22:53: [SM] Blaming: weapon_restrict.smx
L 10/27/2020 - 20:22:53: [SM] Call stack trace:
L 10/27/2020 - 20:22:53: [SM]   [1] Line 202, restrictinc/events.sp::CS_OnBuyCommand
L 10/27/2020 - 20:23:50: [SM] Exception reported: Array index out-of-bounds (index 64, limit 55)
L 10/27/2020 - 20:23:50: [SM] Blaming: weapon_restrict.smx
L 10/27/2020 - 20:23:50: [SM] Call stack trace:
L 10/27/2020 - 20:23:50: [SM]   [1] Line 202, restrictinc/events.sp::CS_OnBuyCommand
L 10/27/2020 - 20:24:40: [SM] Exception reported: Array index out-of-bounds (index 64, limit 55)
L 10/27/2020 - 20:24:40: [SM] Blaming: weapon_restrict.smx
L 10/27/2020 - 20:24:40: [SM] Call stack trace:
L 10/27/2020 - 20:24:40: [SM]   [1] Line 202, restrictinc/events.sp::CS_OnBuyCommand
L 10/27/2020 - 20:25:01: [SM] Exception reported: Array index out-of-bounds (index 64, limit 55)
L 10/27/2020 - 20:25:01: [SM] Blaming: weapon_restrict.smx
L 10/27/2020 - 20:25:01: [SM] Call stack trace:
L 10/27/2020 - 20:25:01: [SM]   [1] Line 202, restrictinc/events.sp::CS_OnBuyCommand
L 10/27/2020 - 20:25:20: [SM] Exception reported: Array index out-of-bounds (index 64, limit 55)
L 10/27/2020 - 20:25:20: [SM] Blaming: weapon_restrict.smx
L 10/27/2020 - 20:25:20: [SM] Call stack trace:
L 10/27/2020 - 20:25:20: [SM]   [1] Line 202, restrictinc/events.sp::CS_OnBuyCommand
L 10/27/2020 - 20:25:59: [SM] Exception reported: Array index out-of-bounds (index 64, limit 55)
L 10/27/2020 - 20:25:59: [SM] Blaming: weapon_restrict.smx
L 10/27/2020 - 20:25:59: [SM] Call stack trace:
L 10/27/2020 - 20:25:59: [SM]   [1] Line 202, restrictinc/events.sp::CS_OnBuyCommand
L 10/27/2020 - 20:26:23: [SM] Exception reported: Array index out-of-bounds (index 64, limit 55)
L 10/27/2020 - 20:26:23: [SM] Blaming: weapon_restrict.smx
L 10/27/2020 - 20:26:23: [SM] Call stack trace:
L 10/27/2020 - 20:26:23: [SM]   [1] Line 202, restrictinc/events.sp::CS_OnBuyCommand
L 10/27/2020 - 20:26:58: [SM] Exception reported: Array index out-of-bounds (index 64, limit 55)
L 10/27/2020 - 20:26:58: [SM] Blaming: weapon_restrict.smx
L 10/27/2020 - 20:26:58: [SM] Call stack trace:
L 10/27/2020 - 20:26:58: [SM]   [1] Line 202, restrictinc/events.sp::CS_OnBuyCommand
L 10/27/2020 - 20:27:10: [SM] Exception reported: Array index out-of-bounds (index 64, limit 55)
L 10/27/2020 - 20:27:10: [SM] Blaming: weapon_restrict.smx
L 10/27/2020 - 20:27:10: [SM] Call stack trace:
L 10/27/2020 - 20:27:10: [SM]   [1] Line 202, restrictinc/events.sp::CS_OnBuyCommand
L 10/27/2020 - 20:27:18: [SM] Exception reported: Array index out-of-bounds (index 64, limit 55)
L 10/27/2020 - 20:27:18: [SM] Blaming: weapon_restrict.smx
L 10/27/2020 - 20:27:18: [SM] Call stack trace:
L 10/27/2020 - 20:27:18: [SM]   [1] Line 202, restrictinc/events.sp::CS_OnBuyCommand
L 10/27/2020 - 20:27:45: [SM] Exception reported: Array index out-of-bounds (index 64, limit 55)
L 10/27/2020 - 20:27:45: [SM] Blaming: weapon_restrict.smx
L 10/27/2020 - 20:27:45: [SM] Call stack trace:
L 10/27/2020 - 20:27:45: [SM]   [1] Line 202, restrictinc/events.sp::CS_OnBuyCommand
L 10/27/2020 - 20:27:58: [SM] Exception reported: Array index out-of-bounds (index 64, limit 55)
L 10/27/2020 - 20:27:58: [SM] Blaming: weapon_restrict.smx
L 10/27/2020 - 20:27:58: [SM] Call stack trace:
L 10/27/2020 - 20:27:58: [SM]   [1] Line 202, restrictinc/events.sp::CS_OnBuyCommand
L 10/27/2020 - 20:28:07: [SM] Exception reported: Array index out-of-bounds (index 64, limit 55)
L 10/27/2020 - 20:28:07: [SM] Blaming: weapon_restrict.smx
L 10/27/2020 - 20:28:07: [SM] Call stack trace:
L 10/27/2020 - 20:28:07: [SM]   [1] Line 202, restrictinc/events.sp::CS_OnBuyCommand
L 10/27/2020 - 20:28:20: [SM] Exception reported: Array index out-of-bounds (index 64, limit 55)
L 10/27/2020 - 20:28:20: [SM] Blaming: weapon_restrict.smx
L 10/27/2020 - 20:28:20: [SM] Call stack trace:
L 10/27/2020 - 20:28:20: [SM]   [1] Line 202, restrictinc/events.sp::CS_OnBuyCommand
L 10/27/2020 - 20:28:44: [SM] Exception reported: Array index out-of-bounds (index 64, limit 55)
L 10/27/2020 - 20:28:44: [SM] Blaming: weapon_restrict.smx
L 10/27/2020 - 20:28:44: [SM] Call stack trace:
L 10/27/2020 - 20:28:44: [SM]   [1] Line 202, restrictinc/events.sp::CS_OnBuyCommand
L 10/27/2020 - 20:28:56: [SM] Exception reported: Array index out-of-bounds (index 64, limit 55)
L 10/27/2020 - 20:28:56: [SM] Blaming: weapon_restrict.smx
L 10/27/2020 - 20:28:56: [SM] Call stack trace:
L 10/27/2020 - 20:28:56: [SM]   [1] Line 202, restrictinc/events.sp::CS_OnBuyCommand
L 10/27/2020 - 20:30:50: [SM] Exception reported: Array index out-of-bounds (index 64, limit 55)
L 10/27/2020 - 20:30:50: [SM] Blaming: weapon_restrict.smx
L 10/27/2020 - 20:30:50: [SM] Call stack trace:
L 10/27/2020 - 20:30:50: [SM]   [1] Line 202, restrictinc/events.sp::CS_OnBuyCommand
L 10/27/2020 - 20:31:50: [SM] Exception reported: Array index out-of-bounds (index 64, limit 55)
L 10/27/2020 - 20:31:50: [SM] Blaming: weapon_restrict.smx
L 10/27/2020 - 20:31:50: [SM] Call stack trace:
L 10/27/2020 - 20:31:50: [SM]   [1] Line 202, restrictinc/events.sp::CS_OnBuyCommand
L 10/27/2020 - 20:50:57: [SM] Exception reported: Language phrase "Player_Connected_From" not found (arg 3)
L 10/27/2020 - 20:50:57: [SM] Blaming: advadmin.smx
L 10/27/2020 - 20:50:57: [SM] Call stack trace:
L 10/27/2020 - 20:50:57: [SM]   [0] VFormat
L 10/27/2020 - 20:50:57: [SM]   [1] Line 386, /groups/sourcemod/compiler-1.10/include/halflife.inc::PrintToChatAll
L 10/27/2020 - 20:50:57: [SM]   [2] Line 141, /home/groups/sourcemod/upload_tmp/phpRYtiXm.sp::OnClientAuthorized
L 10/27/2020 - 20:51:14: [SM] Exception reported: Language phrase "Player_Connected_From" not found (arg 3)
L 10/27/2020 - 20:51:14: [SM] Blaming: advadmin.smx
L 10/27/2020 - 20:51:14: [SM] Call stack trace:
L 10/27/2020 - 20:51:14: [SM]   [0] VFormat
L 10/27/2020 - 20:51:14: [SM]   [1] Line 386, /groups/sourcemod/compiler-1.10/include/halflife.inc::PrintToChatAll
L 10/27/2020 - 20:51:14: [SM]   [2] Line 141, /home/groups/sourcemod/upload_tmp/phpRYtiXm.sp::OnClientAuthorized
L 10/27/2020 - 20:52:13: [SM] Exception reported: Language phrase "Player_Connected" not found (arg 3)
L 10/27/2020 - 20:52:13: [SM] Blaming: advadmin.smx
L 10/27/2020 - 20:52:13: [SM] Call stack trace:
L 10/27/2020 - 20:52:13: [SM]   [0] VFormat
L 10/27/2020 - 20:52:13: [SM]   [1] Line 386, /groups/sourcemod/compiler-1.10/include/halflife.inc::PrintToChatAll
L 10/27/2020 - 20:52:13: [SM]   [2] Line 145, /home/groups/sourcemod/upload_tmp/phpRYtiXm.sp::OnClientAuthorized
L 10/28/2020 - 18:10:48: Error log file session closed.
