L 12/15/2020 - 02:46:40: SourceMod error session started
L 12/15/2020 - 02:46:40: Info (map "de_dust2") (file "/home/tcagame/jackm1/527/csgo/addons/sourcemod/logs/errors_20201215.log")
L 12/15/2020 - 02:46:40: [SM] Fatal error encountered parsing translation file "advadmin.phrases.txt"
L 12/15/2020 - 02:46:40: [SM] Error (line 0, column 0): Stream failed to open
L 12/15/2020 - 02:47:17: [SM] Exception reported: Language phrase "Player_Connected_From" not found (arg 3)
L 12/15/2020 - 02:47:17: [SM] Blaming: advadmin.smx
L 12/15/2020 - 02:47:17: [SM] Call stack trace:
L 12/15/2020 - 02:47:17: [SM]   [0] VFormat
L 12/15/2020 - 02:47:17: [SM]   [1] Line 386, /groups/sourcemod/compiler-1.10/include/halflife.inc::PrintToChatAll
L 12/15/2020 - 02:47:17: [SM]   [2] Line 141, /home/groups/sourcemod/upload_tmp/phpRYtiXm.sp::OnClientAuthorized
L 12/15/2020 - 02:47:19: [SM] Exception reported: Language phrase "Player_Connected" not found (arg 3)
L 12/15/2020 - 02:47:19: [SM] Blaming: advadmin.smx
L 12/15/2020 - 02:47:19: [SM] Call stack trace:
L 12/15/2020 - 02:47:19: [SM]   [0] VFormat
L 12/15/2020 - 02:47:19: [SM]   [1] Line 386, /groups/sourcemod/compiler-1.10/include/halflife.inc::PrintToChatAll
L 12/15/2020 - 02:47:19: [SM]   [2] Line 145, /home/groups/sourcemod/upload_tmp/phpRYtiXm.sp::OnClientAuthorized
L 12/15/2020 - 02:47:19: [SM] Exception reported: Language phrase "Player_Connected" not found (arg 3)
L 12/15/2020 - 02:47:19: [SM] Blaming: advadmin.smx
L 12/15/2020 - 02:47:19: [SM] Call stack trace:
L 12/15/2020 - 02:47:19: [SM]   [0] VFormat
L 12/15/2020 - 02:47:19: [SM]   [1] Line 386, /groups/sourcemod/compiler-1.10/include/halflife.inc::PrintToChatAll
L 12/15/2020 - 02:47:19: [SM]   [2] Line 145, /home/groups/sourcemod/upload_tmp/phpRYtiXm.sp::OnClientAuthorized
L 12/15/2020 - 02:47:19: [SM] Exception reported: Language phrase "Player_Connected" not found (arg 3)
L 12/15/2020 - 02:47:19: [SM] Blaming: advadmin.smx
L 12/15/2020 - 02:47:19: [SM] Call stack trace:
L 12/15/2020 - 02:47:19: [SM]   [0] VFormat
L 12/15/2020 - 02:47:19: [SM]   [1] Line 386, /groups/sourcemod/compiler-1.10/include/halflife.inc::PrintToChatAll
L 12/15/2020 - 02:47:19: [SM]   [2] Line 145, /home/groups/sourcemod/upload_tmp/phpRYtiXm.sp::OnClientAuthorized
L 12/15/2020 - 02:47:19: [SM] Exception reported: Language phrase "Player_Connected" not found (arg 3)
L 12/15/2020 - 02:47:19: [SM] Blaming: advadmin.smx
L 12/15/2020 - 02:47:19: [SM] Call stack trace:
L 12/15/2020 - 02:47:19: [SM]   [0] VFormat
L 12/15/2020 - 02:47:19: [SM]   [1] Line 386, /groups/sourcemod/compiler-1.10/include/halflife.inc::PrintToChatAll
L 12/15/2020 - 02:47:19: [SM]   [2] Line 145, /home/groups/sourcemod/upload_tmp/phpRYtiXm.sp::OnClientAuthorized
L 12/15/2020 - 02:47:19: [SM] Exception reported: Language phrase "Player_Connected" not found (arg 3)
L 12/15/2020 - 02:47:19: [SM] Blaming: advadmin.smx
L 12/15/2020 - 02:47:19: [SM] Call stack trace:
L 12/15/2020 - 02:47:19: [SM]   [0] VFormat
L 12/15/2020 - 02:47:19: [SM]   [1] Line 386, /groups/sourcemod/compiler-1.10/include/halflife.inc::PrintToChatAll
L 12/15/2020 - 02:47:19: [SM]   [2] Line 145, /home/groups/sourcemod/upload_tmp/phpRYtiXm.sp::OnClientAuthorized
L 12/15/2020 - 02:47:19: [SM] Exception reported: Language phrase "Player_Connected" not found (arg 3)
L 12/15/2020 - 02:47:19: [SM] Blaming: advadmin.smx
L 12/15/2020 - 02:47:19: [SM] Call stack trace:
L 12/15/2020 - 02:47:19: [SM]   [0] VFormat
L 12/15/2020 - 02:47:19: [SM]   [1] Line 386, /groups/sourcemod/compiler-1.10/include/halflife.inc::PrintToChatAll
L 12/15/2020 - 02:47:19: [SM]   [2] Line 145, /home/groups/sourcemod/upload_tmp/phpRYtiXm.sp::OnClientAuthorized
L 12/15/2020 - 02:47:19: [SM] Exception reported: Language phrase "Player_Connected" not found (arg 3)
L 12/15/2020 - 02:47:19: [SM] Blaming: advadmin.smx
L 12/15/2020 - 02:47:19: [SM] Call stack trace:
L 12/15/2020 - 02:47:19: [SM]   [0] VFormat
L 12/15/2020 - 02:47:19: [SM]   [1] Line 386, /groups/sourcemod/compiler-1.10/include/halflife.inc::PrintToChatAll
L 12/15/2020 - 02:47:19: [SM]   [2] Line 145, /home/groups/sourcemod/upload_tmp/phpRYtiXm.sp::OnClientAuthorized
L 12/15/2020 - 02:47:19: [SM] Exception reported: Language phrase "Player_Connected" not found (arg 3)
L 12/15/2020 - 02:47:19: [SM] Blaming: advadmin.smx
L 12/15/2020 - 02:47:19: [SM] Call stack trace:
L 12/15/2020 - 02:47:19: [SM]   [0] VFormat
L 12/15/2020 - 02:47:19: [SM]   [1] Line 386, /groups/sourcemod/compiler-1.10/include/halflife.inc::PrintToChatAll
L 12/15/2020 - 02:47:19: [SM]   [2] Line 145, /home/groups/sourcemod/upload_tmp/phpRYtiXm.sp::OnClientAuthorized
L 12/15/2020 - 02:47:19: [SM] Exception reported: Language phrase "Player_Connected" not found (arg 3)
L 12/15/2020 - 02:47:19: [SM] Blaming: advadmin.smx
L 12/15/2020 - 02:47:19: [SM] Call stack trace:
L 12/15/2020 - 02:47:19: [SM]   [0] VFormat
L 12/15/2020 - 02:47:19: [SM]   [1] Line 386, /groups/sourcemod/compiler-1.10/include/halflife.inc::PrintToChatAll
L 12/15/2020 - 02:47:19: [SM]   [2] Line 145, /home/groups/sourcemod/upload_tmp/phpRYtiXm.sp::OnClientAuthorized
L 12/15/2020 - 02:47:20: [SM] Exception reported: Language phrase "Player_Connected_From" not found (arg 3)
L 12/15/2020 - 02:47:20: [SM] Blaming: advadmin.smx
L 12/15/2020 - 02:47:20: [SM] Call stack trace:
L 12/15/2020 - 02:47:20: [SM]   [0] VFormat
L 12/15/2020 - 02:47:20: [SM]   [1] Line 386, /groups/sourcemod/compiler-1.10/include/halflife.inc::PrintToChatAll
L 12/15/2020 - 02:47:20: [SM]   [2] Line 141, /home/groups/sourcemod/upload_tmp/phpRYtiXm.sp::OnClientAuthorized
L 12/15/2020 - 02:48:03: [SM] Exception reported: Array index out-of-bounds (index 64, limit 55)
L 12/15/2020 - 02:48:03: [SM] Blaming: weapon_restrict.smx
L 12/15/2020 - 02:48:03: [SM] Call stack trace:
L 12/15/2020 - 02:48:03: [SM]   [1] Line 202, restrictinc/events.sp::CS_OnBuyCommand
L 12/15/2020 - 02:48:04: [SM] Exception reported: Array index out-of-bounds (index 64, limit 55)
L 12/15/2020 - 02:48:04: [SM] Blaming: weapon_restrict.smx
L 12/15/2020 - 02:48:04: [SM] Call stack trace:
L 12/15/2020 - 02:48:04: [SM]   [1] Line 202, restrictinc/events.sp::CS_OnBuyCommand
L 12/15/2020 - 02:48:50: [SM] Exception reported: Array index out-of-bounds (index 64, limit 55)
L 12/15/2020 - 02:48:50: [SM] Blaming: weapon_restrict.smx
L 12/15/2020 - 02:48:50: [SM] Call stack trace:
L 12/15/2020 - 02:48:50: [SM]   [1] Line 202, restrictinc/events.sp::CS_OnBuyCommand
L 12/15/2020 - 02:48:50: [SM] Exception reported: Array index out-of-bounds (index 64, limit 55)
L 12/15/2020 - 02:48:50: [SM] Blaming: weapon_restrict.smx
L 12/15/2020 - 02:48:50: [SM] Call stack trace:
L 12/15/2020 - 02:48:50: [SM]   [1] Line 202, restrictinc/events.sp::CS_OnBuyCommand
L 12/15/2020 - 02:48:52: [SM] Exception reported: Array index out-of-bounds (index 64, limit 55)
L 12/15/2020 - 02:48:52: [SM] Blaming: weapon_restrict.smx
L 12/15/2020 - 02:48:52: [SM] Call stack trace:
L 12/15/2020 - 02:48:52: [SM]   [1] Line 202, restrictinc/events.sp::CS_OnBuyCommand
L 12/15/2020 - 02:48:53: [SM] Exception reported: Array index out-of-bounds (index 64, limit 55)
L 12/15/2020 - 02:48:53: [SM] Blaming: weapon_restrict.smx
L 12/15/2020 - 02:48:53: [SM] Call stack trace:
L 12/15/2020 - 02:48:53: [SM]   [1] Line 202, restrictinc/events.sp::CS_OnBuyCommand
L 12/15/2020 - 02:49:21: [SM] Exception reported: Array index out-of-bounds (index 64, limit 55)
L 12/15/2020 - 02:49:21: [SM] Blaming: weapon_restrict.smx
L 12/15/2020 - 02:49:21: [SM] Call stack trace:
L 12/15/2020 - 02:49:21: [SM]   [1] Line 202, restrictinc/events.sp::CS_OnBuyCommand
L 12/15/2020 - 02:49:28: [SM] Exception reported: Array index out-of-bounds (index 64, limit 55)
L 12/15/2020 - 02:49:28: [SM] Blaming: weapon_restrict.smx
L 12/15/2020 - 02:49:28: [SM] Call stack trace:
L 12/15/2020 - 02:49:28: [SM]   [1] Line 202, restrictinc/events.sp::CS_OnBuyCommand
L 12/15/2020 - 02:50:28: [SM] Exception reported: Array index out-of-bounds (index 64, limit 55)
L 12/15/2020 - 02:50:28: [SM] Blaming: weapon_restrict.smx
L 12/15/2020 - 02:50:28: [SM] Call stack trace:
L 12/15/2020 - 02:50:28: [SM]   [1] Line 202, restrictinc/events.sp::CS_OnBuyCommand
L 12/15/2020 - 02:51:05: [SM] Exception reported: Array index out-of-bounds (index 64, limit 55)
L 12/15/2020 - 02:51:05: [SM] Blaming: weapon_restrict.smx
L 12/15/2020 - 02:51:05: [SM] Call stack trace:
L 12/15/2020 - 02:51:05: [SM]   [1] Line 202, restrictinc/events.sp::CS_OnBuyCommand
L 12/15/2020 - 02:51:15: Error log file session closed.
L 12/15/2020 - 02:51:15: SourceMod error session started
L 12/15/2020 - 02:51:15: Info (map "de_dust2") (file "/home/tcagame/jackm1/527/csgo/addons/sourcemod/logs/errors_20201215.log")
L 12/15/2020 - 02:51:15: [SM] Fatal error encountered parsing translation file "advadmin.phrases.txt"
L 12/15/2020 - 02:51:15: [SM] Error (line 0, column 0): Stream failed to open
L 12/15/2020 - 02:51:34: [SM] Exception reported: Array index out-of-bounds (index 64, limit 55)
L 12/15/2020 - 02:51:34: [SM] Blaming: weapon_restrict.smx
L 12/15/2020 - 02:51:34: [SM] Call stack trace:
L 12/15/2020 - 02:51:34: [SM]   [1] Line 202, restrictinc/events.sp::CS_OnBuyCommand
L 12/15/2020 - 02:52:45: [SM] Exception reported: Array index out-of-bounds (index 64, limit 55)
L 12/15/2020 - 02:52:45: [SM] Blaming: weapon_restrict.smx
L 12/15/2020 - 02:52:45: [SM] Call stack trace:
L 12/15/2020 - 02:52:45: [SM]   [1] Line 202, restrictinc/events.sp::CS_OnBuyCommand
L 12/15/2020 - 02:52:48: [SM] Exception reported: Array index out-of-bounds (index 64, limit 55)
L 12/15/2020 - 02:52:48: [SM] Blaming: weapon_restrict.smx
L 12/15/2020 - 02:52:48: [SM] Call stack trace:
L 12/15/2020 - 02:52:48: [SM]   [1] Line 202, restrictinc/events.sp::CS_OnBuyCommand
L 12/15/2020 - 02:52:49: [SM] Exception reported: Array index out-of-bounds (index 64, limit 55)
L 12/15/2020 - 02:52:49: [SM] Blaming: weapon_restrict.smx
L 12/15/2020 - 02:52:49: [SM] Call stack trace:
L 12/15/2020 - 02:52:49: [SM]   [1] Line 202, restrictinc/events.sp::CS_OnBuyCommand
L 12/15/2020 - 02:53:00: [SM] Exception reported: Array index out-of-bounds (index 64, limit 55)
L 12/15/2020 - 02:53:00: [SM] Blaming: weapon_restrict.smx
L 12/15/2020 - 02:53:00: [SM] Call stack trace:
L 12/15/2020 - 02:53:00: [SM]   [1] Line 202, restrictinc/events.sp::CS_OnBuyCommand
L 12/15/2020 - 02:53:06: [SM] Exception reported: Array index out-of-bounds (index 64, limit 55)
L 12/15/2020 - 02:53:06: [SM] Blaming: weapon_restrict.smx
L 12/15/2020 - 02:53:06: [SM] Call stack trace:
L 12/15/2020 - 02:53:06: [SM]   [1] Line 202, restrictinc/events.sp::CS_OnBuyCommand
L 12/15/2020 - 02:53:08: [SM] Exception reported: Array index out-of-bounds (index 64, limit 55)
L 12/15/2020 - 02:53:08: [SM] Blaming: weapon_restrict.smx
L 12/15/2020 - 02:53:08: [SM] Call stack trace:
L 12/15/2020 - 02:53:08: [SM]   [1] Line 202, restrictinc/events.sp::CS_OnBuyCommand
L 12/15/2020 - 02:53:29: [SM] Exception reported: Array index out-of-bounds (index 64, limit 55)
L 12/15/2020 - 02:53:29: [SM] Blaming: weapon_restrict.smx
L 12/15/2020 - 02:53:29: [SM] Call stack trace:
L 12/15/2020 - 02:53:29: [SM]   [1] Line 202, restrictinc/events.sp::CS_OnBuyCommand
L 12/15/2020 - 02:54:51: Error log file session closed.
L 12/15/2020 - 02:54:51: SourceMod error session started
L 12/15/2020 - 02:54:51: Info (map "de_bank") (file "/home/tcagame/jackm1/527/csgo/addons/sourcemod/logs/errors_20201215.log")
L 12/15/2020 - 02:54:51: [SM] Fatal error encountered parsing translation file "advadmin.phrases.txt"
L 12/15/2020 - 02:54:51: [SM] Error (line 0, column 0): Stream failed to open
L 12/15/2020 - 02:56:30: [SM] Exception reported: Array index out-of-bounds (index 64, limit 55)
L 12/15/2020 - 02:56:30: [SM] Blaming: weapon_restrict.smx
L 12/15/2020 - 02:56:30: [SM] Call stack trace:
L 12/15/2020 - 02:56:30: [SM]   [1] Line 202, restrictinc/events.sp::CS_OnBuyCommand
L 12/15/2020 - 02:57:31: [SM] Exception reported: Array index out-of-bounds (index 64, limit 55)
L 12/15/2020 - 02:57:31: [SM] Blaming: weapon_restrict.smx
L 12/15/2020 - 02:57:31: [SM] Call stack trace:
L 12/15/2020 - 02:57:31: [SM]   [1] Line 202, restrictinc/events.sp::CS_OnBuyCommand
L 12/15/2020 - 02:58:06: [SM] Exception reported: Array index out-of-bounds (index 64, limit 55)
L 12/15/2020 - 02:58:06: [SM] Blaming: weapon_restrict.smx
L 12/15/2020 - 02:58:06: [SM] Call stack trace:
L 12/15/2020 - 02:58:06: [SM]   [1] Line 202, restrictinc/events.sp::CS_OnBuyCommand
L 12/15/2020 - 02:58:07: [SM] Exception reported: Array index out-of-bounds (index 64, limit 55)
L 12/15/2020 - 02:58:07: [SM] Blaming: weapon_restrict.smx
L 12/15/2020 - 02:58:07: [SM] Call stack trace:
L 12/15/2020 - 02:58:07: [SM]   [1] Line 202, restrictinc/events.sp::CS_OnBuyCommand
L 12/15/2020 - 02:59:01: [SM] Exception reported: Array index out-of-bounds (index 64, limit 55)
L 12/15/2020 - 02:59:01: [SM] Blaming: weapon_restrict.smx
L 12/15/2020 - 02:59:01: [SM] Call stack trace:
L 12/15/2020 - 02:59:01: [SM]   [1] Line 202, restrictinc/events.sp::CS_OnBuyCommand
L 12/15/2020 - 02:59:05: [SM] Exception reported: Array index out-of-bounds (index 64, limit 55)
L 12/15/2020 - 02:59:05: [SM] Blaming: weapon_restrict.smx
L 12/15/2020 - 02:59:05: [SM] Call stack trace:
L 12/15/2020 - 02:59:05: [SM]   [1] Line 202, restrictinc/events.sp::CS_OnBuyCommand
L 12/15/2020 - 02:59:10: [SM] Exception reported: Array index out-of-bounds (index 64, limit 55)
L 12/15/2020 - 02:59:10: [SM] Blaming: weapon_restrict.smx
L 12/15/2020 - 02:59:10: [SM] Call stack trace:
L 12/15/2020 - 02:59:10: [SM]   [1] Line 202, restrictinc/events.sp::CS_OnBuyCommand
L 12/15/2020 - 02:59:12: [SM] Exception reported: Array index out-of-bounds (index 64, limit 55)
L 12/15/2020 - 02:59:12: [SM] Blaming: weapon_restrict.smx
L 12/15/2020 - 02:59:12: [SM] Call stack trace:
L 12/15/2020 - 02:59:12: [SM]   [1] Line 202, restrictinc/events.sp::CS_OnBuyCommand
L 12/15/2020 - 02:59:14: [SM] Exception reported: Array index out-of-bounds (index 64, limit 55)
L 12/15/2020 - 02:59:14: [SM] Blaming: weapon_restrict.smx
L 12/15/2020 - 02:59:14: [SM] Call stack trace:
L 12/15/2020 - 02:59:14: [SM]   [1] Line 202, restrictinc/events.sp::CS_OnBuyCommand
L 12/15/2020 - 03:00:35: [SM] Exception reported: Array index out-of-bounds (index 64, limit 55)
L 12/15/2020 - 03:00:35: [SM] Blaming: weapon_restrict.smx
L 12/15/2020 - 03:00:35: [SM] Call stack trace:
L 12/15/2020 - 03:00:35: [SM]   [1] Line 202, restrictinc/events.sp::CS_OnBuyCommand
L 12/15/2020 - 03:01:09: [SM] Exception reported: Array index out-of-bounds (index 64, limit 55)
L 12/15/2020 - 03:01:09: [SM] Blaming: weapon_restrict.smx
L 12/15/2020 - 03:01:09: [SM] Call stack trace:
L 12/15/2020 - 03:01:09: [SM]   [1] Line 202, restrictinc/events.sp::CS_OnBuyCommand
L 12/15/2020 - 03:01:42: [SM] Exception reported: Array index out-of-bounds (index 64, limit 55)
L 12/15/2020 - 03:01:42: [SM] Blaming: weapon_restrict.smx
L 12/15/2020 - 03:01:42: [SM] Call stack trace:
L 12/15/2020 - 03:01:42: [SM]   [1] Line 202, restrictinc/events.sp::CS_OnBuyCommand
L 12/15/2020 - 03:13:26: [SM] Exception reported: Array index out-of-bounds (index 64, limit 55)
L 12/15/2020 - 03:13:26: [SM] Blaming: weapon_restrict.smx
L 12/15/2020 - 03:13:26: [SM] Call stack trace:
L 12/15/2020 - 03:13:26: [SM]   [1] Line 202, restrictinc/events.sp::CS_OnBuyCommand
L 12/15/2020 - 03:13:31: [SM] Exception reported: Array index out-of-bounds (index 64, limit 55)
L 12/15/2020 - 03:13:31: [SM] Blaming: weapon_restrict.smx
L 12/15/2020 - 03:13:31: [SM] Call stack trace:
L 12/15/2020 - 03:13:31: [SM]   [1] Line 202, restrictinc/events.sp::CS_OnBuyCommand
L 12/15/2020 - 03:14:34: [SM] Exception reported: Array index out-of-bounds (index 64, limit 55)
L 12/15/2020 - 03:14:34: [SM] Blaming: weapon_restrict.smx
L 12/15/2020 - 03:14:34: [SM] Call stack trace:
L 12/15/2020 - 03:14:34: [SM]   [1] Line 202, restrictinc/events.sp::CS_OnBuyCommand
L 12/15/2020 - 03:14:36: [SM] Exception reported: Array index out-of-bounds (index 64, limit 55)
L 12/15/2020 - 03:14:36: [SM] Blaming: weapon_restrict.smx
L 12/15/2020 - 03:14:36: [SM] Call stack trace:
L 12/15/2020 - 03:14:36: [SM]   [1] Line 202, restrictinc/events.sp::CS_OnBuyCommand
L 12/15/2020 - 03:16:14: [SM] Exception reported: Array index out-of-bounds (index 64, limit 55)
L 12/15/2020 - 03:16:14: [SM] Blaming: weapon_restrict.smx
L 12/15/2020 - 03:16:14: [SM] Call stack trace:
L 12/15/2020 - 03:16:14: [SM]   [1] Line 202, restrictinc/events.sp::CS_OnBuyCommand
L 12/15/2020 - 03:18:12: [SM] Exception reported: Array index out-of-bounds (index 64, limit 55)
L 12/15/2020 - 03:18:12: [SM] Blaming: weapon_restrict.smx
L 12/15/2020 - 03:18:12: [SM] Call stack trace:
L 12/15/2020 - 03:18:12: [SM]   [1] Line 202, restrictinc/events.sp::CS_OnBuyCommand
L 12/15/2020 - 03:18:13: [SM] Exception reported: Array index out-of-bounds (index 64, limit 55)
L 12/15/2020 - 03:18:13: [SM] Blaming: weapon_restrict.smx
L 12/15/2020 - 03:18:13: [SM] Call stack trace:
L 12/15/2020 - 03:18:13: [SM]   [1] Line 202, restrictinc/events.sp::CS_OnBuyCommand
L 12/15/2020 - 03:18:37: [SM] Exception reported: Array index out-of-bounds (index 64, limit 55)
L 12/15/2020 - 03:18:37: [SM] Blaming: weapon_restrict.smx
L 12/15/2020 - 03:18:37: [SM] Call stack trace:
L 12/15/2020 - 03:18:37: [SM]   [1] Line 202, restrictinc/events.sp::CS_OnBuyCommand
L 12/15/2020 - 03:18:52: [SM] Exception reported: Array index out-of-bounds (index 64, limit 55)
L 12/15/2020 - 03:18:52: [SM] Blaming: weapon_restrict.smx
L 12/15/2020 - 03:18:52: [SM] Call stack trace:
L 12/15/2020 - 03:18:52: [SM]   [1] Line 202, restrictinc/events.sp::CS_OnBuyCommand
L 12/15/2020 - 03:19:29: [SM] Exception reported: Array index out-of-bounds (index 64, limit 55)
L 12/15/2020 - 03:19:29: [SM] Blaming: weapon_restrict.smx
L 12/15/2020 - 03:19:29: [SM] Call stack trace:
L 12/15/2020 - 03:19:29: [SM]   [1] Line 202, restrictinc/events.sp::CS_OnBuyCommand
L 12/15/2020 - 03:20:22: [SM] Exception reported: Array index out-of-bounds (index 64, limit 55)
L 12/15/2020 - 03:20:22: [SM] Blaming: weapon_restrict.smx
L 12/15/2020 - 03:20:22: [SM] Call stack trace:
L 12/15/2020 - 03:20:22: [SM]   [1] Line 202, restrictinc/events.sp::CS_OnBuyCommand
L 12/15/2020 - 03:20:33: [SM] Exception reported: Array index out-of-bounds (index 64, limit 55)
L 12/15/2020 - 03:20:33: [SM] Blaming: weapon_restrict.smx
L 12/15/2020 - 03:20:33: [SM] Call stack trace:
L 12/15/2020 - 03:20:33: [SM]   [1] Line 202, restrictinc/events.sp::CS_OnBuyCommand
L 12/15/2020 - 03:21:31: [SM] Exception reported: Array index out-of-bounds (index 64, limit 55)
L 12/15/2020 - 03:21:31: [SM] Blaming: weapon_restrict.smx
L 12/15/2020 - 03:21:31: [SM] Call stack trace:
L 12/15/2020 - 03:21:31: [SM]   [1] Line 202, restrictinc/events.sp::CS_OnBuyCommand
L 12/15/2020 - 03:22:02: [SM] Exception reported: Array index out-of-bounds (index 64, limit 55)
L 12/15/2020 - 03:22:02: [SM] Blaming: weapon_restrict.smx
L 12/15/2020 - 03:22:02: [SM] Call stack trace:
L 12/15/2020 - 03:22:02: [SM]   [1] Line 202, restrictinc/events.sp::CS_OnBuyCommand
L 12/15/2020 - 03:22:29: [SM] Exception reported: Array index out-of-bounds (index 64, limit 55)
L 12/15/2020 - 03:22:29: [SM] Blaming: weapon_restrict.smx
L 12/15/2020 - 03:22:29: [SM] Call stack trace:
L 12/15/2020 - 03:22:29: [SM]   [1] Line 202, restrictinc/events.sp::CS_OnBuyCommand
L 12/15/2020 - 03:22:44: Error log file session closed.
L 12/15/2020 - 03:22:44: SourceMod error session started
L 12/15/2020 - 03:22:44: Info (map "de_train") (file "/home/tcagame/jackm1/527/csgo/addons/sourcemod/logs/errors_20201215.log")
L 12/15/2020 - 03:22:44: [SM] Fatal error encountered parsing translation file "advadmin.phrases.txt"
L 12/15/2020 - 03:22:44: [SM] Error (line 0, column 0): Stream failed to open
L 12/15/2020 - 03:22:58: [SM] Exception reported: Language phrase "Player_Connected" not found (arg 3)
L 12/15/2020 - 03:22:58: [SM] Blaming: advadmin.smx
L 12/15/2020 - 03:22:58: [SM] Call stack trace:
L 12/15/2020 - 03:22:58: [SM]   [0] VFormat
L 12/15/2020 - 03:22:58: [SM]   [1] Line 386, /groups/sourcemod/compiler-1.10/include/halflife.inc::PrintToChatAll
L 12/15/2020 - 03:22:58: [SM]   [2] Line 145, /home/groups/sourcemod/upload_tmp/phpRYtiXm.sp::OnClientAuthorized
L 12/15/2020 - 03:23:12: [SM] Exception reported: Array index out-of-bounds (index 64, limit 55)
L 12/15/2020 - 03:23:12: [SM] Blaming: weapon_restrict.smx
L 12/15/2020 - 03:23:12: [SM] Call stack trace:
L 12/15/2020 - 03:23:12: [SM]   [1] Line 202, restrictinc/events.sp::CS_OnBuyCommand
L 12/15/2020 - 03:23:53: [SM] Exception reported: Array index out-of-bounds (index 64, limit 55)
L 12/15/2020 - 03:23:53: [SM] Blaming: weapon_restrict.smx
L 12/15/2020 - 03:23:53: [SM] Call stack trace:
L 12/15/2020 - 03:23:53: [SM]   [1] Line 202, restrictinc/events.sp::CS_OnBuyCommand
L 12/15/2020 - 03:24:07: [SM] Exception reported: Array index out-of-bounds (index 64, limit 55)
L 12/15/2020 - 03:24:07: [SM] Blaming: weapon_restrict.smx
L 12/15/2020 - 03:24:07: [SM] Call stack trace:
L 12/15/2020 - 03:24:07: [SM]   [1] Line 202, restrictinc/events.sp::CS_OnBuyCommand
L 12/15/2020 - 03:24:10: [SM] Exception reported: Array index out-of-bounds (index 64, limit 55)
L 12/15/2020 - 03:24:10: [SM] Blaming: weapon_restrict.smx
L 12/15/2020 - 03:24:10: [SM] Call stack trace:
L 12/15/2020 - 03:24:10: [SM]   [1] Line 202, restrictinc/events.sp::CS_OnBuyCommand
L 12/15/2020 - 03:24:14: [SM] Exception reported: Array index out-of-bounds (index 64, limit 55)
L 12/15/2020 - 03:24:14: [SM] Blaming: weapon_restrict.smx
L 12/15/2020 - 03:24:14: [SM] Call stack trace:
L 12/15/2020 - 03:24:14: [SM]   [1] Line 202, restrictinc/events.sp::CS_OnBuyCommand
L 12/15/2020 - 03:25:46: [SM] Exception reported: Array index out-of-bounds (index 64, limit 55)
L 12/15/2020 - 03:25:46: [SM] Blaming: weapon_restrict.smx
L 12/15/2020 - 03:25:46: [SM] Call stack trace:
L 12/15/2020 - 03:25:46: [SM]   [1] Line 202, restrictinc/events.sp::CS_OnBuyCommand
L 12/15/2020 - 03:26:00: [SM] Exception reported: Array index out-of-bounds (index 64, limit 55)
L 12/15/2020 - 03:26:00: [SM] Blaming: weapon_restrict.smx
L 12/15/2020 - 03:26:00: [SM] Call stack trace:
L 12/15/2020 - 03:26:00: [SM]   [1] Line 202, restrictinc/events.sp::CS_OnBuyCommand
L 12/15/2020 - 03:26:02: [SM] Exception reported: Array index out-of-bounds (index 64, limit 55)
L 12/15/2020 - 03:26:02: [SM] Blaming: weapon_restrict.smx
L 12/15/2020 - 03:26:02: [SM] Call stack trace:
L 12/15/2020 - 03:26:02: [SM]   [1] Line 202, restrictinc/events.sp::CS_OnBuyCommand
L 12/15/2020 - 03:26:03: [SM] Exception reported: Array index out-of-bounds (index 64, limit 55)
L 12/15/2020 - 03:26:03: [SM] Blaming: weapon_restrict.smx
L 12/15/2020 - 03:26:03: [SM] Call stack trace:
L 12/15/2020 - 03:26:03: [SM]   [1] Line 202, restrictinc/events.sp::CS_OnBuyCommand
L 12/15/2020 - 03:26:11: [SM] Exception reported: Array index out-of-bounds (index 64, limit 55)
L 12/15/2020 - 03:26:11: [SM] Blaming: weapon_restrict.smx
L 12/15/2020 - 03:26:11: [SM] Call stack trace:
L 12/15/2020 - 03:26:11: [SM]   [1] Line 202, restrictinc/events.sp::CS_OnBuyCommand
L 12/15/2020 - 03:26:13: [SM] Exception reported: Array index out-of-bounds (index 64, limit 55)
L 12/15/2020 - 03:26:13: [SM] Blaming: weapon_restrict.smx
L 12/15/2020 - 03:26:13: [SM] Call stack trace:
L 12/15/2020 - 03:26:13: [SM]   [1] Line 202, restrictinc/events.sp::CS_OnBuyCommand
L 12/15/2020 - 03:27:20: [SM] Exception reported: Array index out-of-bounds (index 64, limit 55)
L 12/15/2020 - 03:27:20: [SM] Blaming: weapon_restrict.smx
L 12/15/2020 - 03:27:20: [SM] Call stack trace:
L 12/15/2020 - 03:27:20: [SM]   [1] Line 202, restrictinc/events.sp::CS_OnBuyCommand
L 12/15/2020 - 03:27:32: [SM] Exception reported: Array index out-of-bounds (index 64, limit 55)
L 12/15/2020 - 03:27:32: [SM] Blaming: weapon_restrict.smx
L 12/15/2020 - 03:27:32: [SM] Call stack trace:
L 12/15/2020 - 03:27:32: [SM]   [1] Line 202, restrictinc/events.sp::CS_OnBuyCommand
L 12/15/2020 - 03:27:34: [SM] Exception reported: Array index out-of-bounds (index 64, limit 55)
L 12/15/2020 - 03:27:34: [SM] Blaming: weapon_restrict.smx
L 12/15/2020 - 03:27:34: [SM] Call stack trace:
L 12/15/2020 - 03:27:34: [SM]   [1] Line 202, restrictinc/events.sp::CS_OnBuyCommand
L 12/15/2020 - 03:29:42: [SM] Exception reported: Array index out-of-bounds (index 64, limit 55)
L 12/15/2020 - 03:29:42: [SM] Blaming: weapon_restrict.smx
L 12/15/2020 - 03:29:42: [SM] Call stack trace:
L 12/15/2020 - 03:29:42: [SM]   [1] Line 202, restrictinc/events.sp::CS_OnBuyCommand
L 12/15/2020 - 12:04:30: Error log file session closed.
L 12/15/2020 - 12:04:30: SourceMod error session started
L 12/15/2020 - 12:04:30: Info (map "de_train") (file "/home/tcagame/jackm1/527/csgo/addons/sourcemod/logs/errors_20201215.log")
L 12/15/2020 - 12:04:30: [SM] Fatal error encountered parsing translation file "advadmin.phrases.txt"
L 12/15/2020 - 12:04:30: [SM] Error (line 0, column 0): Stream failed to open
L 12/15/2020 - 12:05:01: [SM] Exception reported: Language phrase "Player_Connected" not found (arg 3)
L 12/15/2020 - 12:05:01: [SM] Blaming: advadmin.smx
L 12/15/2020 - 12:05:01: [SM] Call stack trace:
L 12/15/2020 - 12:05:01: [SM]   [0] VFormat
L 12/15/2020 - 12:05:01: [SM]   [1] Line 386, /groups/sourcemod/compiler-1.10/include/halflife.inc::PrintToChatAll
L 12/15/2020 - 12:05:01: [SM]   [2] Line 145, /home/groups/sourcemod/upload_tmp/phpRYtiXm.sp::OnClientAuthorized
L 12/15/2020 - 12:05:01: [SM] Exception reported: Language phrase "Player_Connected" not found (arg 3)
L 12/15/2020 - 12:05:01: [SM] Blaming: advadmin.smx
L 12/15/2020 - 12:05:01: [SM] Call stack trace:
L 12/15/2020 - 12:05:01: [SM]   [0] VFormat
L 12/15/2020 - 12:05:01: [SM]   [1] Line 386, /groups/sourcemod/compiler-1.10/include/halflife.inc::PrintToChatAll
L 12/15/2020 - 12:05:01: [SM]   [2] Line 145, /home/groups/sourcemod/upload_tmp/phpRYtiXm.sp::OnClientAuthorized
L 12/15/2020 - 12:05:01: [SM] Exception reported: Language phrase "Player_Connected" not found (arg 3)
L 12/15/2020 - 12:05:01: [SM] Blaming: advadmin.smx
L 12/15/2020 - 12:05:01: [SM] Call stack trace:
L 12/15/2020 - 12:05:01: [SM]   [0] VFormat
L 12/15/2020 - 12:05:01: [SM]   [1] Line 386, /groups/sourcemod/compiler-1.10/include/halflife.inc::PrintToChatAll
L 12/15/2020 - 12:05:01: [SM]   [2] Line 145, /home/groups/sourcemod/upload_tmp/phpRYtiXm.sp::OnClientAuthorized
L 12/15/2020 - 12:05:01: [SM] Exception reported: Language phrase "Player_Connected" not found (arg 3)
L 12/15/2020 - 12:05:01: [SM] Blaming: advadmin.smx
L 12/15/2020 - 12:05:01: [SM] Call stack trace:
L 12/15/2020 - 12:05:01: [SM]   [0] VFormat
L 12/15/2020 - 12:05:01: [SM]   [1] Line 386, /groups/sourcemod/compiler-1.10/include/halflife.inc::PrintToChatAll
L 12/15/2020 - 12:05:01: [SM]   [2] Line 145, /home/groups/sourcemod/upload_tmp/phpRYtiXm.sp::OnClientAuthorized
L 12/15/2020 - 12:05:01: [SM] Exception reported: Language phrase "Player_Connected" not found (arg 3)
L 12/15/2020 - 12:05:01: [SM] Blaming: advadmin.smx
L 12/15/2020 - 12:05:01: [SM] Call stack trace:
L 12/15/2020 - 12:05:01: [SM]   [0] VFormat
L 12/15/2020 - 12:05:01: [SM]   [1] Line 386, /groups/sourcemod/compiler-1.10/include/halflife.inc::PrintToChatAll
L 12/15/2020 - 12:05:01: [SM]   [2] Line 145, /home/groups/sourcemod/upload_tmp/phpRYtiXm.sp::OnClientAuthorized
L 12/15/2020 - 12:05:01: [SM] Exception reported: Language phrase "Player_Connected" not found (arg 3)
L 12/15/2020 - 12:05:01: [SM] Blaming: advadmin.smx
L 12/15/2020 - 12:05:01: [SM] Call stack trace:
L 12/15/2020 - 12:05:01: [SM]   [0] VFormat
L 12/15/2020 - 12:05:01: [SM]   [1] Line 386, /groups/sourcemod/compiler-1.10/include/halflife.inc::PrintToChatAll
L 12/15/2020 - 12:05:01: [SM]   [2] Line 145, /home/groups/sourcemod/upload_tmp/phpRYtiXm.sp::OnClientAuthorized
L 12/15/2020 - 12:05:01: [SM] Exception reported: Language phrase "Player_Connected" not found (arg 3)
L 12/15/2020 - 12:05:01: [SM] Blaming: advadmin.smx
L 12/15/2020 - 12:05:01: [SM] Call stack trace:
L 12/15/2020 - 12:05:01: [SM]   [0] VFormat
L 12/15/2020 - 12:05:01: [SM]   [1] Line 386, /groups/sourcemod/compiler-1.10/include/halflife.inc::PrintToChatAll
L 12/15/2020 - 12:05:01: [SM]   [2] Line 145, /home/groups/sourcemod/upload_tmp/phpRYtiXm.sp::OnClientAuthorized
L 12/15/2020 - 12:05:01: [SM] Exception reported: Language phrase "Player_Connected" not found (arg 3)
L 12/15/2020 - 12:05:01: [SM] Blaming: advadmin.smx
L 12/15/2020 - 12:05:01: [SM] Call stack trace:
L 12/15/2020 - 12:05:01: [SM]   [0] VFormat
L 12/15/2020 - 12:05:01: [SM]   [1] Line 386, /groups/sourcemod/compiler-1.10/include/halflife.inc::PrintToChatAll
L 12/15/2020 - 12:05:01: [SM]   [2] Line 145, /home/groups/sourcemod/upload_tmp/phpRYtiXm.sp::OnClientAuthorized
L 12/15/2020 - 12:05:01: [SM] Exception reported: Language phrase "Player_Connected" not found (arg 3)
L 12/15/2020 - 12:05:01: [SM] Blaming: advadmin.smx
L 12/15/2020 - 12:05:01: [SM] Call stack trace:
L 12/15/2020 - 12:05:01: [SM]   [0] VFormat
L 12/15/2020 - 12:05:01: [SM]   [1] Line 386, /groups/sourcemod/compiler-1.10/include/halflife.inc::PrintToChatAll
L 12/15/2020 - 12:05:01: [SM]   [2] Line 145, /home/groups/sourcemod/upload_tmp/phpRYtiXm.sp::OnClientAuthorized
L 12/15/2020 - 12:05:40: [SM] Exception reported: Language phrase "Player_Connected" not found (arg 3)
L 12/15/2020 - 12:05:40: [SM] Blaming: advadmin.smx
L 12/15/2020 - 12:05:40: [SM] Call stack trace:
L 12/15/2020 - 12:05:40: [SM]   [0] VFormat
L 12/15/2020 - 12:05:40: [SM]   [1] Line 386, /groups/sourcemod/compiler-1.10/include/halflife.inc::PrintToChatAll
L 12/15/2020 - 12:05:40: [SM]   [2] Line 145, /home/groups/sourcemod/upload_tmp/phpRYtiXm.sp::OnClientAuthorized
L 12/15/2020 - 12:06:16: [SM] Exception reported: Language phrase "Player_Connected_From" not found (arg 3)
L 12/15/2020 - 12:06:16: [SM] Blaming: advadmin.smx
L 12/15/2020 - 12:06:16: [SM] Call stack trace:
L 12/15/2020 - 12:06:16: [SM]   [0] VFormat
L 12/15/2020 - 12:06:16: [SM]   [1] Line 386, /groups/sourcemod/compiler-1.10/include/halflife.inc::PrintToChatAll
L 12/15/2020 - 12:06:16: [SM]   [2] Line 141, /home/groups/sourcemod/upload_tmp/phpRYtiXm.sp::OnClientAuthorized
L 12/15/2020 - 12:06:47: [SM] Exception reported: Array index out-of-bounds (index 64, limit 55)
L 12/15/2020 - 12:06:47: [SM] Blaming: weapon_restrict.smx
L 12/15/2020 - 12:06:47: [SM] Call stack trace:
L 12/15/2020 - 12:06:47: [SM]   [1] Line 202, restrictinc/events.sp::CS_OnBuyCommand
L 12/15/2020 - 12:08:08: [SM] Exception reported: Language phrase "Player_Connected_From" not found (arg 3)
L 12/15/2020 - 12:08:08: [SM] Blaming: advadmin.smx
L 12/15/2020 - 12:08:08: [SM] Call stack trace:
L 12/15/2020 - 12:08:08: [SM]   [0] VFormat
L 12/15/2020 - 12:08:08: [SM]   [1] Line 386, /groups/sourcemod/compiler-1.10/include/halflife.inc::PrintToChatAll
L 12/15/2020 - 12:08:08: [SM]   [2] Line 141, /home/groups/sourcemod/upload_tmp/phpRYtiXm.sp::OnClientAuthorized
L 12/15/2020 - 12:08:28: [SM] Exception reported: Language phrase "Player_Connected_From" not found (arg 3)
L 12/15/2020 - 12:08:28: [SM] Blaming: advadmin.smx
L 12/15/2020 - 12:08:28: [SM] Call stack trace:
L 12/15/2020 - 12:08:28: [SM]   [0] VFormat
L 12/15/2020 - 12:08:28: [SM]   [1] Line 386, /groups/sourcemod/compiler-1.10/include/halflife.inc::PrintToChatAll
L 12/15/2020 - 12:08:28: [SM]   [2] Line 141, /home/groups/sourcemod/upload_tmp/phpRYtiXm.sp::OnClientAuthorized
L 12/15/2020 - 12:11:21: Error log file session closed.
L 12/15/2020 - 12:11:21: SourceMod error session started
L 12/15/2020 - 12:11:21: Info (map "de_overpass") (file "/home/tcagame/jackm1/527/csgo/addons/sourcemod/logs/errors_20201215.log")
L 12/15/2020 - 12:11:21: [SM] Fatal error encountered parsing translation file "advadmin.phrases.txt"
L 12/15/2020 - 12:11:21: [SM] Error (line 0, column 0): Stream failed to open
L 12/15/2020 - 12:13:58: [SM] Exception reported: Array index out-of-bounds (index 64, limit 55)
L 12/15/2020 - 12:13:58: [SM] Blaming: weapon_restrict.smx
L 12/15/2020 - 12:13:58: [SM] Call stack trace:
L 12/15/2020 - 12:13:58: [SM]   [1] Line 202, restrictinc/events.sp::CS_OnBuyCommand
L 12/15/2020 - 12:14:54: [SM] Exception reported: Array index out-of-bounds (index 64, limit 55)
L 12/15/2020 - 12:14:54: [SM] Blaming: weapon_restrict.smx
L 12/15/2020 - 12:14:54: [SM] Call stack trace:
L 12/15/2020 - 12:14:54: [SM]   [1] Line 202, restrictinc/events.sp::CS_OnBuyCommand
L 12/15/2020 - 12:17:42: [SM] Exception reported: Array index out-of-bounds (index 64, limit 55)
L 12/15/2020 - 12:17:42: [SM] Blaming: weapon_restrict.smx
L 12/15/2020 - 12:17:42: [SM] Call stack trace:
L 12/15/2020 - 12:17:42: [SM]   [1] Line 202, restrictinc/events.sp::CS_OnBuyCommand
L 12/15/2020 - 12:21:16: [SM] Exception reported: Array index out-of-bounds (index 64, limit 55)
L 12/15/2020 - 12:21:16: [SM] Blaming: weapon_restrict.smx
L 12/15/2020 - 12:21:16: [SM] Call stack trace:
L 12/15/2020 - 12:21:16: [SM]   [1] Line 202, restrictinc/events.sp::CS_OnBuyCommand
L 12/15/2020 - 12:26:11: [SM] Exception reported: Array index out-of-bounds (index 64, limit 55)
L 12/15/2020 - 12:26:11: [SM] Blaming: weapon_restrict.smx
L 12/15/2020 - 12:26:11: [SM] Call stack trace:
L 12/15/2020 - 12:26:11: [SM]   [1] Line 202, restrictinc/events.sp::CS_OnBuyCommand
L 12/15/2020 - 12:29:44: [SM] Exception reported: Array index out-of-bounds (index 64, limit 55)
L 12/15/2020 - 12:29:44: [SM] Blaming: weapon_restrict.smx
L 12/15/2020 - 12:29:44: [SM] Call stack trace:
L 12/15/2020 - 12:29:44: [SM]   [1] Line 202, restrictinc/events.sp::CS_OnBuyCommand
L 12/15/2020 - 12:30:04: [SM] Exception reported: Array index out-of-bounds (index 64, limit 55)
L 12/15/2020 - 12:30:04: [SM] Blaming: weapon_restrict.smx
L 12/15/2020 - 12:30:04: [SM] Call stack trace:
L 12/15/2020 - 12:30:04: [SM]   [1] Line 202, restrictinc/events.sp::CS_OnBuyCommand
L 12/15/2020 - 12:32:12: [SM] Exception reported: Array index out-of-bounds (index 64, limit 55)
L 12/15/2020 - 12:32:12: [SM] Blaming: weapon_restrict.smx
L 12/15/2020 - 12:32:12: [SM] Call stack trace:
L 12/15/2020 - 12:32:12: [SM]   [1] Line 202, restrictinc/events.sp::CS_OnBuyCommand
L 12/15/2020 - 14:32:22: Error log file session closed.
L 12/15/2020 - 14:32:22: SourceMod error session started
L 12/15/2020 - 14:32:22: Info (map "de_overpass") (file "/home/tcagame/jackm1/527/csgo/addons/sourcemod/logs/errors_20201215.log")
L 12/15/2020 - 14:32:22: [SM] Fatal error encountered parsing translation file "advadmin.phrases.txt"
L 12/15/2020 - 14:32:22: [SM] Error (line 0, column 0): Stream failed to open
L 12/15/2020 - 14:33:38: [SM] Exception reported: Language phrase "Player_Connected" not found (arg 3)
L 12/15/2020 - 14:33:38: [SM] Blaming: advadmin.smx
L 12/15/2020 - 14:33:38: [SM] Call stack trace:
L 12/15/2020 - 14:33:38: [SM]   [0] VFormat
L 12/15/2020 - 14:33:38: [SM]   [1] Line 386, /groups/sourcemod/compiler-1.10/include/halflife.inc::PrintToChatAll
L 12/15/2020 - 14:33:38: [SM]   [2] Line 145, /home/groups/sourcemod/upload_tmp/phpRYtiXm.sp::OnClientAuthorized
L 12/15/2020 - 14:33:38: [SM] Exception reported: Language phrase "Player_Connected" not found (arg 3)
L 12/15/2020 - 14:33:38: [SM] Blaming: advadmin.smx
L 12/15/2020 - 14:33:38: [SM] Call stack trace:
L 12/15/2020 - 14:33:38: [SM]   [0] VFormat
L 12/15/2020 - 14:33:38: [SM]   [1] Line 386, /groups/sourcemod/compiler-1.10/include/halflife.inc::PrintToChatAll
L 12/15/2020 - 14:33:38: [SM]   [2] Line 145, /home/groups/sourcemod/upload_tmp/phpRYtiXm.sp::OnClientAuthorized
L 12/15/2020 - 14:33:38: [SM] Exception reported: Language phrase "Player_Connected" not found (arg 3)
L 12/15/2020 - 14:33:38: [SM] Blaming: advadmin.smx
L 12/15/2020 - 14:33:38: [SM] Call stack trace:
L 12/15/2020 - 14:33:38: [SM]   [0] VFormat
L 12/15/2020 - 14:33:38: [SM]   [1] Line 386, /groups/sourcemod/compiler-1.10/include/halflife.inc::PrintToChatAll
L 12/15/2020 - 14:33:38: [SM]   [2] Line 145, /home/groups/sourcemod/upload_tmp/phpRYtiXm.sp::OnClientAuthorized
L 12/15/2020 - 14:33:38: [SM] Exception reported: Language phrase "Player_Connected" not found (arg 3)
L 12/15/2020 - 14:33:38: [SM] Blaming: advadmin.smx
L 12/15/2020 - 14:33:38: [SM] Call stack trace:
L 12/15/2020 - 14:33:38: [SM]   [0] VFormat
L 12/15/2020 - 14:33:38: [SM]   [1] Line 386, /groups/sourcemod/compiler-1.10/include/halflife.inc::PrintToChatAll
L 12/15/2020 - 14:33:38: [SM]   [2] Line 145, /home/groups/sourcemod/upload_tmp/phpRYtiXm.sp::OnClientAuthorized
L 12/15/2020 - 14:33:38: [SM] Exception reported: Language phrase "Player_Connected" not found (arg 3)
L 12/15/2020 - 14:33:38: [SM] Blaming: advadmin.smx
L 12/15/2020 - 14:33:38: [SM] Call stack trace:
L 12/15/2020 - 14:33:38: [SM]   [0] VFormat
L 12/15/2020 - 14:33:38: [SM]   [1] Line 386, /groups/sourcemod/compiler-1.10/include/halflife.inc::PrintToChatAll
L 12/15/2020 - 14:33:38: [SM]   [2] Line 145, /home/groups/sourcemod/upload_tmp/phpRYtiXm.sp::OnClientAuthorized
L 12/15/2020 - 14:33:38: [SM] Exception reported: Language phrase "Player_Connected" not found (arg 3)
L 12/15/2020 - 14:33:38: [SM] Blaming: advadmin.smx
L 12/15/2020 - 14:33:38: [SM] Call stack trace:
L 12/15/2020 - 14:33:38: [SM]   [0] VFormat
L 12/15/2020 - 14:33:38: [SM]   [1] Line 386, /groups/sourcemod/compiler-1.10/include/halflife.inc::PrintToChatAll
L 12/15/2020 - 14:33:38: [SM]   [2] Line 145, /home/groups/sourcemod/upload_tmp/phpRYtiXm.sp::OnClientAuthorized
L 12/15/2020 - 14:33:38: [SM] Exception reported: Language phrase "Player_Connected" not found (arg 3)
L 12/15/2020 - 14:33:38: [SM] Blaming: advadmin.smx
L 12/15/2020 - 14:33:38: [SM] Call stack trace:
L 12/15/2020 - 14:33:38: [SM]   [0] VFormat
L 12/15/2020 - 14:33:38: [SM]   [1] Line 386, /groups/sourcemod/compiler-1.10/include/halflife.inc::PrintToChatAll
L 12/15/2020 - 14:33:38: [SM]   [2] Line 145, /home/groups/sourcemod/upload_tmp/phpRYtiXm.sp::OnClientAuthorized
L 12/15/2020 - 14:33:38: [SM] Exception reported: Language phrase "Player_Connected" not found (arg 3)
L 12/15/2020 - 14:33:38: [SM] Blaming: advadmin.smx
L 12/15/2020 - 14:33:38: [SM] Call stack trace:
L 12/15/2020 - 14:33:38: [SM]   [0] VFormat
L 12/15/2020 - 14:33:38: [SM]   [1] Line 386, /groups/sourcemod/compiler-1.10/include/halflife.inc::PrintToChatAll
L 12/15/2020 - 14:33:38: [SM]   [2] Line 145, /home/groups/sourcemod/upload_tmp/phpRYtiXm.sp::OnClientAuthorized
L 12/15/2020 - 14:33:38: [SM] Exception reported: Language phrase "Player_Connected" not found (arg 3)
L 12/15/2020 - 14:33:38: [SM] Blaming: advadmin.smx
L 12/15/2020 - 14:33:38: [SM] Call stack trace:
L 12/15/2020 - 14:33:38: [SM]   [0] VFormat
L 12/15/2020 - 14:33:38: [SM]   [1] Line 386, /groups/sourcemod/compiler-1.10/include/halflife.inc::PrintToChatAll
L 12/15/2020 - 14:33:38: [SM]   [2] Line 145, /home/groups/sourcemod/upload_tmp/phpRYtiXm.sp::OnClientAuthorized
L 12/15/2020 - 14:33:38: [SM] Exception reported: Array index out-of-bounds (index 64, limit 55)
L 12/15/2020 - 14:33:38: [SM] Blaming: weapon_restrict.smx
L 12/15/2020 - 14:33:38: [SM] Call stack trace:
L 12/15/2020 - 14:33:38: [SM]   [1] Line 202, restrictinc/events.sp::CS_OnBuyCommand
L 12/15/2020 - 14:33:58: [SM] Exception reported: Language phrase "Player_Connected_From" not found (arg 3)
L 12/15/2020 - 14:33:58: [SM] Blaming: advadmin.smx
L 12/15/2020 - 14:33:58: [SM] Call stack trace:
L 12/15/2020 - 14:33:58: [SM]   [0] VFormat
L 12/15/2020 - 14:33:58: [SM]   [1] Line 386, /groups/sourcemod/compiler-1.10/include/halflife.inc::PrintToChatAll
L 12/15/2020 - 14:33:58: [SM]   [2] Line 141, /home/groups/sourcemod/upload_tmp/phpRYtiXm.sp::OnClientAuthorized
L 12/15/2020 - 14:34:50: [SM] Exception reported: Language phrase "Player_Connected" not found (arg 3)
L 12/15/2020 - 14:34:50: [SM] Blaming: advadmin.smx
L 12/15/2020 - 14:34:50: [SM] Call stack trace:
L 12/15/2020 - 14:34:50: [SM]   [0] VFormat
L 12/15/2020 - 14:34:50: [SM]   [1] Line 386, /groups/sourcemod/compiler-1.10/include/halflife.inc::PrintToChatAll
L 12/15/2020 - 14:34:50: [SM]   [2] Line 145, /home/groups/sourcemod/upload_tmp/phpRYtiXm.sp::OnClientAuthorized
L 12/15/2020 - 14:37:39: [SM] Exception reported: Array index out-of-bounds (index 64, limit 55)
L 12/15/2020 - 14:37:39: [SM] Blaming: weapon_restrict.smx
L 12/15/2020 - 14:37:39: [SM] Call stack trace:
L 12/15/2020 - 14:37:39: [SM]   [1] Line 202, restrictinc/events.sp::CS_OnBuyCommand
L 12/15/2020 - 14:38:29: [SM] Exception reported: Array index out-of-bounds (index 64, limit 55)
L 12/15/2020 - 14:38:29: [SM] Blaming: weapon_restrict.smx
L 12/15/2020 - 14:38:29: [SM] Call stack trace:
L 12/15/2020 - 14:38:29: [SM]   [1] Line 202, restrictinc/events.sp::CS_OnBuyCommand
L 12/15/2020 - 14:50:02: [SM] Exception reported: Array index out-of-bounds (index 64, limit 55)
L 12/15/2020 - 14:50:02: [SM] Blaming: weapon_restrict.smx
L 12/15/2020 - 14:50:02: [SM] Call stack trace:
L 12/15/2020 - 14:50:02: [SM]   [1] Line 202, restrictinc/events.sp::CS_OnBuyCommand
L 12/15/2020 - 14:51:47: [SM] Exception reported: Array index out-of-bounds (index 64, limit 55)
L 12/15/2020 - 14:51:47: [SM] Blaming: weapon_restrict.smx
L 12/15/2020 - 14:51:47: [SM] Call stack trace:
L 12/15/2020 - 14:51:47: [SM]   [1] Line 202, restrictinc/events.sp::CS_OnBuyCommand
L 12/15/2020 - 14:51:50: [SM] Exception reported: Array index out-of-bounds (index 64, limit 55)
L 12/15/2020 - 14:51:50: [SM] Blaming: weapon_restrict.smx
L 12/15/2020 - 14:51:50: [SM] Call stack trace:
L 12/15/2020 - 14:51:50: [SM]   [1] Line 202, restrictinc/events.sp::CS_OnBuyCommand
L 12/15/2020 - 15:00:34: [SM] Exception reported: Language phrase "Player_Connected" not found (arg 3)
L 12/15/2020 - 15:00:34: [SM] Blaming: advadmin.smx
L 12/15/2020 - 15:00:34: [SM] Call stack trace:
L 12/15/2020 - 15:00:34: [SM]   [0] VFormat
L 12/15/2020 - 15:00:34: [SM]   [1] Line 386, /groups/sourcemod/compiler-1.10/include/halflife.inc::PrintToChatAll
L 12/15/2020 - 15:00:34: [SM]   [2] Line 145, /home/groups/sourcemod/upload_tmp/phpRYtiXm.sp::OnClientAuthorized
L 12/15/2020 - 15:04:58: Error log file session closed.
L 12/15/2020 - 15:04:58: SourceMod error session started
L 12/15/2020 - 15:04:58: Info (map "de_bank") (file "/home/tcagame/jackm1/527/csgo/addons/sourcemod/logs/errors_20201215.log")
L 12/15/2020 - 15:04:58: [SM] Fatal error encountered parsing translation file "advadmin.phrases.txt"
L 12/15/2020 - 15:04:58: [SM] Error (line 0, column 0): Stream failed to open
L 12/15/2020 - 15:13:26: [SM] Exception reported: Array index out-of-bounds (index 64, limit 55)
L 12/15/2020 - 15:13:26: [SM] Blaming: weapon_restrict.smx
L 12/15/2020 - 15:13:26: [SM] Call stack trace:
L 12/15/2020 - 15:13:26: [SM]   [1] Line 202, restrictinc/events.sp::CS_OnBuyCommand
L 12/15/2020 - 15:13:28: [SM] Exception reported: Array index out-of-bounds (index 64, limit 55)
L 12/15/2020 - 15:13:28: [SM] Blaming: weapon_restrict.smx
L 12/15/2020 - 15:13:28: [SM] Call stack trace:
L 12/15/2020 - 15:13:28: [SM]   [1] Line 202, restrictinc/events.sp::CS_OnBuyCommand
L 12/15/2020 - 15:15:03: [SM] Exception reported: Array index out-of-bounds (index 64, limit 55)
L 12/15/2020 - 15:15:03: [SM] Blaming: weapon_restrict.smx
L 12/15/2020 - 15:15:03: [SM] Call stack trace:
L 12/15/2020 - 15:15:03: [SM]   [1] Line 202, restrictinc/events.sp::CS_OnBuyCommand
L 12/15/2020 - 15:15:59: [SM] Exception reported: Array index out-of-bounds (index 64, limit 55)
L 12/15/2020 - 15:15:59: [SM] Blaming: weapon_restrict.smx
L 12/15/2020 - 15:15:59: [SM] Call stack trace:
L 12/15/2020 - 15:15:59: [SM]   [1] Line 202, restrictinc/events.sp::CS_OnBuyCommand
L 12/15/2020 - 15:28:47: [SM] Exception reported: Array index out-of-bounds (index 64, limit 55)
L 12/15/2020 - 15:28:47: [SM] Blaming: weapon_restrict.smx
L 12/15/2020 - 15:28:47: [SM] Call stack trace:
L 12/15/2020 - 15:28:47: [SM]   [1] Line 202, restrictinc/events.sp::CS_OnBuyCommand
L 12/15/2020 - 15:28:49: [SM] Exception reported: Array index out-of-bounds (index 64, limit 55)
L 12/15/2020 - 15:28:49: [SM] Blaming: weapon_restrict.smx
L 12/15/2020 - 15:28:49: [SM] Call stack trace:
L 12/15/2020 - 15:28:49: [SM]   [1] Line 202, restrictinc/events.sp::CS_OnBuyCommand
L 12/15/2020 - 15:29:49: [SM] Exception reported: Array index out-of-bounds (index 64, limit 55)
L 12/15/2020 - 15:29:49: [SM] Blaming: weapon_restrict.smx
L 12/15/2020 - 15:29:49: [SM] Call stack trace:
L 12/15/2020 - 15:29:49: [SM]   [1] Line 202, restrictinc/events.sp::CS_OnBuyCommand
L 12/15/2020 - 15:31:24: [SM] Exception reported: Array index out-of-bounds (index 64, limit 55)
L 12/15/2020 - 15:31:24: [SM] Blaming: weapon_restrict.smx
L 12/15/2020 - 15:31:24: [SM] Call stack trace:
L 12/15/2020 - 15:31:24: [SM]   [1] Line 202, restrictinc/events.sp::CS_OnBuyCommand
L 12/15/2020 - 15:32:18: [SM] Exception reported: Array index out-of-bounds (index 64, limit 55)
L 12/15/2020 - 15:32:18: [SM] Blaming: weapon_restrict.smx
L 12/15/2020 - 15:32:18: [SM] Call stack trace:
L 12/15/2020 - 15:32:18: [SM]   [1] Line 202, restrictinc/events.sp::CS_OnBuyCommand
L 12/15/2020 - 15:33:55: [SM] Exception reported: Array index out-of-bounds (index 64, limit 55)
L 12/15/2020 - 15:33:55: [SM] Blaming: weapon_restrict.smx
L 12/15/2020 - 15:33:55: [SM] Call stack trace:
L 12/15/2020 - 15:33:55: [SM]   [1] Line 202, restrictinc/events.sp::CS_OnBuyCommand
L 12/15/2020 - 15:43:52: [SM] Exception reported: Array index out-of-bounds (index 64, limit 55)
L 12/15/2020 - 15:43:52: [SM] Blaming: weapon_restrict.smx
L 12/15/2020 - 15:43:52: [SM] Call stack trace:
L 12/15/2020 - 15:43:52: [SM]   [1] Line 202, restrictinc/events.sp::CS_OnBuyCommand
L 12/15/2020 - 17:37:05: Error log file session closed.
L 12/15/2020 - 17:37:05: SourceMod error session started
L 12/15/2020 - 17:37:05: Info (map "de_bank") (file "/home/tcagame/jackm1/527/csgo/addons/sourcemod/logs/errors_20201215.log")
L 12/15/2020 - 17:37:05: [SM] Fatal error encountered parsing translation file "advadmin.phrases.txt"
L 12/15/2020 - 17:37:05: [SM] Error (line 0, column 0): Stream failed to open
L 12/15/2020 - 17:39:01: Error log file session closed.
L 12/15/2020 - 17:39:01: SourceMod error session started
L 12/15/2020 - 17:39:01: Info (map "de_bank") (file "/home/tcagame/jackm1/527/csgo/addons/sourcemod/logs/errors_20201215.log")
L 12/15/2020 - 17:39:01: [SM] Fatal error encountered parsing translation file "advadmin.phrases.txt"
L 12/15/2020 - 17:39:01: [SM] Error (line 0, column 0): Stream failed to open
L 12/15/2020 - 17:39:24: [SM] Exception reported: Language phrase "Player_Connected" not found (arg 3)
L 12/15/2020 - 17:39:24: [SM] Blaming: advadmin.smx
L 12/15/2020 - 17:39:24: [SM] Call stack trace:
L 12/15/2020 - 17:39:24: [SM]   [0] VFormat
L 12/15/2020 - 17:39:24: [SM]   [1] Line 386, /groups/sourcemod/compiler-1.10/include/halflife.inc::PrintToChatAll
L 12/15/2020 - 17:39:24: [SM]   [2] Line 145, /home/groups/sourcemod/upload_tmp/phpRYtiXm.sp::OnClientAuthorized
L 12/15/2020 - 17:39:24: [SM] Exception reported: Language phrase "Player_Connected" not found (arg 3)
L 12/15/2020 - 17:39:24: [SM] Blaming: advadmin.smx
L 12/15/2020 - 17:39:24: [SM] Call stack trace:
L 12/15/2020 - 17:39:24: [SM]   [0] VFormat
L 12/15/2020 - 17:39:24: [SM]   [1] Line 386, /groups/sourcemod/compiler-1.10/include/halflife.inc::PrintToChatAll
L 12/15/2020 - 17:39:24: [SM]   [2] Line 145, /home/groups/sourcemod/upload_tmp/phpRYtiXm.sp::OnClientAuthorized
L 12/15/2020 - 17:39:24: [SM] Exception reported: Language phrase "Player_Connected" not found (arg 3)
L 12/15/2020 - 17:39:24: [SM] Blaming: advadmin.smx
L 12/15/2020 - 17:39:24: [SM] Call stack trace:
L 12/15/2020 - 17:39:24: [SM]   [0] VFormat
L 12/15/2020 - 17:39:24: [SM]   [1] Line 386, /groups/sourcemod/compiler-1.10/include/halflife.inc::PrintToChatAll
L 12/15/2020 - 17:39:24: [SM]   [2] Line 145, /home/groups/sourcemod/upload_tmp/phpRYtiXm.sp::OnClientAuthorized
L 12/15/2020 - 17:39:24: [SM] Exception reported: Language phrase "Player_Connected" not found (arg 3)
L 12/15/2020 - 17:39:24: [SM] Blaming: advadmin.smx
L 12/15/2020 - 17:39:24: [SM] Call stack trace:
L 12/15/2020 - 17:39:24: [SM]   [0] VFormat
L 12/15/2020 - 17:39:24: [SM]   [1] Line 386, /groups/sourcemod/compiler-1.10/include/halflife.inc::PrintToChatAll
L 12/15/2020 - 17:39:24: [SM]   [2] Line 145, /home/groups/sourcemod/upload_tmp/phpRYtiXm.sp::OnClientAuthorized
L 12/15/2020 - 17:39:24: [SM] Exception reported: Language phrase "Player_Connected" not found (arg 3)
L 12/15/2020 - 17:39:24: [SM] Blaming: advadmin.smx
L 12/15/2020 - 17:39:24: [SM] Call stack trace:
L 12/15/2020 - 17:39:24: [SM]   [0] VFormat
L 12/15/2020 - 17:39:24: [SM]   [1] Line 386, /groups/sourcemod/compiler-1.10/include/halflife.inc::PrintToChatAll
L 12/15/2020 - 17:39:24: [SM]   [2] Line 145, /home/groups/sourcemod/upload_tmp/phpRYtiXm.sp::OnClientAuthorized
L 12/15/2020 - 17:39:24: [SM] Exception reported: Language phrase "Player_Connected" not found (arg 3)
L 12/15/2020 - 17:39:24: [SM] Blaming: advadmin.smx
L 12/15/2020 - 17:39:24: [SM] Call stack trace:
L 12/15/2020 - 17:39:24: [SM]   [0] VFormat
L 12/15/2020 - 17:39:24: [SM]   [1] Line 386, /groups/sourcemod/compiler-1.10/include/halflife.inc::PrintToChatAll
L 12/15/2020 - 17:39:24: [SM]   [2] Line 145, /home/groups/sourcemod/upload_tmp/phpRYtiXm.sp::OnClientAuthorized
L 12/15/2020 - 17:39:24: [SM] Exception reported: Language phrase "Player_Connected" not found (arg 3)
L 12/15/2020 - 17:39:24: [SM] Blaming: advadmin.smx
L 12/15/2020 - 17:39:24: [SM] Call stack trace:
L 12/15/2020 - 17:39:24: [SM]   [0] VFormat
L 12/15/2020 - 17:39:24: [SM]   [1] Line 386, /groups/sourcemod/compiler-1.10/include/halflife.inc::PrintToChatAll
L 12/15/2020 - 17:39:24: [SM]   [2] Line 145, /home/groups/sourcemod/upload_tmp/phpRYtiXm.sp::OnClientAuthorized
L 12/15/2020 - 17:39:24: [SM] Exception reported: Language phrase "Player_Connected" not found (arg 3)
L 12/15/2020 - 17:39:24: [SM] Blaming: advadmin.smx
L 12/15/2020 - 17:39:24: [SM] Call stack trace:
L 12/15/2020 - 17:39:24: [SM]   [0] VFormat
L 12/15/2020 - 17:39:24: [SM]   [1] Line 386, /groups/sourcemod/compiler-1.10/include/halflife.inc::PrintToChatAll
L 12/15/2020 - 17:39:24: [SM]   [2] Line 145, /home/groups/sourcemod/upload_tmp/phpRYtiXm.sp::OnClientAuthorized
L 12/15/2020 - 17:39:24: [SM] Exception reported: Language phrase "Player_Connected" not found (arg 3)
L 12/15/2020 - 17:39:24: [SM] Blaming: advadmin.smx
L 12/15/2020 - 17:39:24: [SM] Call stack trace:
L 12/15/2020 - 17:39:24: [SM]   [0] VFormat
L 12/15/2020 - 17:39:24: [SM]   [1] Line 386, /groups/sourcemod/compiler-1.10/include/halflife.inc::PrintToChatAll
L 12/15/2020 - 17:39:24: [SM]   [2] Line 145, /home/groups/sourcemod/upload_tmp/phpRYtiXm.sp::OnClientAuthorized
L 12/15/2020 - 17:39:25: [SM] Exception reported: Array index out-of-bounds (index 64, limit 55)
L 12/15/2020 - 17:39:25: [SM] Blaming: weapon_restrict.smx
L 12/15/2020 - 17:39:25: [SM] Call stack trace:
L 12/15/2020 - 17:39:25: [SM]   [1] Line 202, restrictinc/events.sp::CS_OnBuyCommand
L 12/15/2020 - 17:43:45: SourceMod error session started
L 12/15/2020 - 17:43:45: Info (map "de_dust2") (file "/home/tcagame/jackm1/527/csgo/addons/sourcemod/logs/errors_20201215.log")
L 12/15/2020 - 17:43:45: [SM] Fatal error encountered parsing translation file "advadmin.phrases.txt"
L 12/15/2020 - 17:43:45: [SM] Error (line 0, column 0): Stream failed to open
L 12/15/2020 - 17:43:51: Error log file session closed.
L 12/15/2020 - 17:43:51: SourceMod error session started
L 12/15/2020 - 17:43:51: Info (map "de_dust2") (file "/home/tcagame/jackm1/527/csgo/addons/sourcemod/logs/errors_20201215.log")
L 12/15/2020 - 17:43:51: [SM] Fatal error encountered parsing translation file "advadmin.phrases.txt"
L 12/15/2020 - 17:43:51: [SM] Error (line 0, column 0): Stream failed to open
L 12/15/2020 - 17:44:33: [SM] Exception reported: Language phrase "Player_Connected" not found (arg 3)
L 12/15/2020 - 17:44:33: [SM] Blaming: advadmin.smx
L 12/15/2020 - 17:44:33: [SM] Call stack trace:
L 12/15/2020 - 17:44:33: [SM]   [0] VFormat
L 12/15/2020 - 17:44:33: [SM]   [1] Line 386, /groups/sourcemod/compiler-1.10/include/halflife.inc::PrintToChatAll
L 12/15/2020 - 17:44:33: [SM]   [2] Line 145, /home/groups/sourcemod/upload_tmp/phpRYtiXm.sp::OnClientAuthorized
L 12/15/2020 - 17:44:33: [SM] Exception reported: Language phrase "Player_Connected" not found (arg 3)
L 12/15/2020 - 17:44:33: [SM] Blaming: advadmin.smx
L 12/15/2020 - 17:44:33: [SM] Call stack trace:
L 12/15/2020 - 17:44:33: [SM]   [0] VFormat
L 12/15/2020 - 17:44:33: [SM]   [1] Line 386, /groups/sourcemod/compiler-1.10/include/halflife.inc::PrintToChatAll
L 12/15/2020 - 17:44:33: [SM]   [2] Line 145, /home/groups/sourcemod/upload_tmp/phpRYtiXm.sp::OnClientAuthorized
L 12/15/2020 - 17:44:33: [SM] Exception reported: Language phrase "Player_Connected" not found (arg 3)
L 12/15/2020 - 17:44:33: [SM] Blaming: advadmin.smx
L 12/15/2020 - 17:44:33: [SM] Call stack trace:
L 12/15/2020 - 17:44:33: [SM]   [0] VFormat
L 12/15/2020 - 17:44:33: [SM]   [1] Line 386, /groups/sourcemod/compiler-1.10/include/halflife.inc::PrintToChatAll
L 12/15/2020 - 17:44:33: [SM]   [2] Line 145, /home/groups/sourcemod/upload_tmp/phpRYtiXm.sp::OnClientAuthorized
L 12/15/2020 - 17:44:33: [SM] Exception reported: Language phrase "Player_Connected" not found (arg 3)
L 12/15/2020 - 17:44:33: [SM] Blaming: advadmin.smx
L 12/15/2020 - 17:44:33: [SM] Call stack trace:
L 12/15/2020 - 17:44:33: [SM]   [0] VFormat
L 12/15/2020 - 17:44:33: [SM]   [1] Line 386, /groups/sourcemod/compiler-1.10/include/halflife.inc::PrintToChatAll
L 12/15/2020 - 17:44:33: [SM]   [2] Line 145, /home/groups/sourcemod/upload_tmp/phpRYtiXm.sp::OnClientAuthorized
L 12/15/2020 - 17:44:34: [SM] Exception reported: Language phrase "Player_Connected" not found (arg 3)
L 12/15/2020 - 17:44:34: [SM] Blaming: advadmin.smx
L 12/15/2020 - 17:44:34: [SM] Call stack trace:
L 12/15/2020 - 17:44:34: [SM]   [0] VFormat
L 12/15/2020 - 17:44:34: [SM]   [1] Line 386, /groups/sourcemod/compiler-1.10/include/halflife.inc::PrintToChatAll
L 12/15/2020 - 17:44:34: [SM]   [2] Line 145, /home/groups/sourcemod/upload_tmp/phpRYtiXm.sp::OnClientAuthorized
L 12/15/2020 - 17:44:34: [SM] Exception reported: Language phrase "Player_Connected" not found (arg 3)
L 12/15/2020 - 17:44:34: [SM] Blaming: advadmin.smx
L 12/15/2020 - 17:44:34: [SM] Call stack trace:
L 12/15/2020 - 17:44:34: [SM]   [0] VFormat
L 12/15/2020 - 17:44:34: [SM]   [1] Line 386, /groups/sourcemod/compiler-1.10/include/halflife.inc::PrintToChatAll
L 12/15/2020 - 17:44:34: [SM]   [2] Line 145, /home/groups/sourcemod/upload_tmp/phpRYtiXm.sp::OnClientAuthorized
L 12/15/2020 - 17:44:34: [SM] Exception reported: Language phrase "Player_Connected" not found (arg 3)
L 12/15/2020 - 17:44:34: [SM] Blaming: advadmin.smx
L 12/15/2020 - 17:44:34: [SM] Call stack trace:
L 12/15/2020 - 17:44:34: [SM]   [0] VFormat
L 12/15/2020 - 17:44:34: [SM]   [1] Line 386, /groups/sourcemod/compiler-1.10/include/halflife.inc::PrintToChatAll
L 12/15/2020 - 17:44:34: [SM]   [2] Line 145, /home/groups/sourcemod/upload_tmp/phpRYtiXm.sp::OnClientAuthorized
L 12/15/2020 - 17:44:34: [SM] Exception reported: Language phrase "Player_Connected" not found (arg 3)
L 12/15/2020 - 17:44:34: [SM] Blaming: advadmin.smx
L 12/15/2020 - 17:44:34: [SM] Call stack trace:
L 12/15/2020 - 17:44:34: [SM]   [0] VFormat
L 12/15/2020 - 17:44:34: [SM]   [1] Line 386, /groups/sourcemod/compiler-1.10/include/halflife.inc::PrintToChatAll
L 12/15/2020 - 17:44:34: [SM]   [2] Line 145, /home/groups/sourcemod/upload_tmp/phpRYtiXm.sp::OnClientAuthorized
L 12/15/2020 - 17:44:34: [SM] Exception reported: Language phrase "Player_Connected" not found (arg 3)
L 12/15/2020 - 17:44:34: [SM] Blaming: advadmin.smx
L 12/15/2020 - 17:44:34: [SM] Call stack trace:
L 12/15/2020 - 17:44:34: [SM]   [0] VFormat
L 12/15/2020 - 17:44:34: [SM]   [1] Line 386, /groups/sourcemod/compiler-1.10/include/halflife.inc::PrintToChatAll
L 12/15/2020 - 17:44:34: [SM]   [2] Line 145, /home/groups/sourcemod/upload_tmp/phpRYtiXm.sp::OnClientAuthorized
L 12/15/2020 - 17:44:34: [SM] Exception reported: Array index out-of-bounds (index 64, limit 55)
L 12/15/2020 - 17:44:34: [SM] Blaming: weapon_restrict.smx
L 12/15/2020 - 17:44:34: [SM] Call stack trace:
L 12/15/2020 - 17:44:34: [SM]   [1] Line 202, restrictinc/events.sp::CS_OnBuyCommand
L 12/15/2020 - 17:45:32: SourceMod error session started
L 12/15/2020 - 17:45:32: Info (map "de_dust2") (file "/home/tcagame/jackm1/527/csgo/addons/sourcemod/logs/errors_20201215.log")
L 12/15/2020 - 17:45:32: [SM] Fatal error encountered parsing translation file "advadmin.phrases.txt"
L 12/15/2020 - 17:45:32: [SM] Error (line 0, column 0): Stream failed to open
L 12/15/2020 - 17:45:38: Error log file session closed.
L 12/15/2020 - 17:45:38: SourceMod error session started
L 12/15/2020 - 17:45:38: Info (map "de_dust2") (file "/home/tcagame/jackm1/527/csgo/addons/sourcemod/logs/errors_20201215.log")
L 12/15/2020 - 17:45:38: [SM] Fatal error encountered parsing translation file "advadmin.phrases.txt"
L 12/15/2020 - 17:45:38: [SM] Error (line 0, column 0): Stream failed to open
L 12/15/2020 - 17:45:53: [SM] Exception reported: Array index out-of-bounds (index 64, limit 55)
L 12/15/2020 - 17:45:53: [SM] Blaming: weapon_restrict.smx
L 12/15/2020 - 17:45:53: [SM] Call stack trace:
L 12/15/2020 - 17:45:53: [SM]   [1] Line 202, restrictinc/events.sp::CS_OnBuyCommand
L 12/15/2020 - 17:54:06: Error log file session closed.
L 12/15/2020 - 17:54:06: SourceMod error session started
L 12/15/2020 - 17:54:06: Info (map "de_dust2") (file "/home/tcagame/jackm1/527/csgo/addons/sourcemod/logs/errors_20201215.log")
L 12/15/2020 - 17:54:06: [SM] Fatal error encountered parsing translation file "advadmin.phrases.txt"
L 12/15/2020 - 17:54:06: [SM] Error (line 0, column 0): Stream failed to open
L 12/15/2020 - 17:55:20: [SM] Exception reported: Array index out-of-bounds (index 64, limit 55)
L 12/15/2020 - 17:55:20: [SM] Blaming: weapon_restrict.smx
L 12/15/2020 - 17:55:20: [SM] Call stack trace:
L 12/15/2020 - 17:55:20: [SM]   [1] Line 202, restrictinc/events.sp::CS_OnBuyCommand
L 12/15/2020 - 17:56:16: [SM] Exception reported: Language phrase "Player_Connected_From" not found (arg 3)
L 12/15/2020 - 17:56:16: [SM] Blaming: advadmin.smx
L 12/15/2020 - 17:56:16: [SM] Call stack trace:
L 12/15/2020 - 17:56:16: [SM]   [0] VFormat
L 12/15/2020 - 17:56:16: [SM]   [1] Line 386, /groups/sourcemod/compiler-1.10/include/halflife.inc::PrintToChatAll
L 12/15/2020 - 17:56:16: [SM]   [2] Line 141, /home/groups/sourcemod/upload_tmp/phpRYtiXm.sp::OnClientAuthorized
L 12/15/2020 - 17:57:02: [SM] Exception reported: Language phrase "Player_Connected_From" not found (arg 3)
L 12/15/2020 - 17:57:02: [SM] Blaming: advadmin.smx
L 12/15/2020 - 17:57:02: [SM] Call stack trace:
L 12/15/2020 - 17:57:02: [SM]   [0] VFormat
L 12/15/2020 - 17:57:02: [SM]   [1] Line 386, /groups/sourcemod/compiler-1.10/include/halflife.inc::PrintToChatAll
L 12/15/2020 - 17:57:02: [SM]   [2] Line 141, /home/groups/sourcemod/upload_tmp/phpRYtiXm.sp::OnClientAuthorized
L 12/15/2020 - 17:58:54: [SM] Exception reported: Array index out-of-bounds (index 64, limit 55)
L 12/15/2020 - 17:58:54: [SM] Blaming: weapon_restrict.smx
L 12/15/2020 - 17:58:54: [SM] Call stack trace:
L 12/15/2020 - 17:58:54: [SM]   [1] Line 202, restrictinc/events.sp::CS_OnBuyCommand
L 12/15/2020 - 17:59:46: [SM] Exception reported: Array index out-of-bounds (index 64, limit 55)
L 12/15/2020 - 17:59:46: [SM] Blaming: weapon_restrict.smx
L 12/15/2020 - 17:59:46: [SM] Call stack trace:
L 12/15/2020 - 17:59:46: [SM]   [1] Line 202, restrictinc/events.sp::CS_OnBuyCommand
L 12/15/2020 - 18:01:24: Error log file session closed.
L 12/15/2020 - 18:01:24: SourceMod error session started
L 12/15/2020 - 18:01:24: Info (map "de_mirage") (file "/home/tcagame/jackm1/527/csgo/addons/sourcemod/logs/errors_20201215.log")
L 12/15/2020 - 18:01:24: [SM] Fatal error encountered parsing translation file "advadmin.phrases.txt"
L 12/15/2020 - 18:01:24: [SM] Error (line 0, column 0): Stream failed to open
L 12/15/2020 - 18:03:23: [SM] Exception reported: Array index out-of-bounds (index 64, limit 55)
L 12/15/2020 - 18:03:23: [SM] Blaming: weapon_restrict.smx
L 12/15/2020 - 18:03:23: [SM] Call stack trace:
L 12/15/2020 - 18:03:23: [SM]   [1] Line 202, restrictinc/events.sp::CS_OnBuyCommand
L 12/15/2020 - 18:05:37: [SM] Exception reported: Array index out-of-bounds (index 64, limit 55)
L 12/15/2020 - 18:05:37: [SM] Blaming: weapon_restrict.smx
L 12/15/2020 - 18:05:37: [SM] Call stack trace:
L 12/15/2020 - 18:05:37: [SM]   [1] Line 202, restrictinc/events.sp::CS_OnBuyCommand
L 12/15/2020 - 18:05:43: [SM] Exception reported: Array index out-of-bounds (index 64, limit 55)
L 12/15/2020 - 18:05:43: [SM] Blaming: weapon_restrict.smx
L 12/15/2020 - 18:05:43: [SM] Call stack trace:
L 12/15/2020 - 18:05:43: [SM]   [1] Line 202, restrictinc/events.sp::CS_OnBuyCommand
L 12/15/2020 - 18:05:45: [SM] Exception reported: Array index out-of-bounds (index 64, limit 55)
L 12/15/2020 - 18:05:45: [SM] Blaming: weapon_restrict.smx
L 12/15/2020 - 18:05:45: [SM] Call stack trace:
L 12/15/2020 - 18:05:45: [SM]   [1] Line 202, restrictinc/events.sp::CS_OnBuyCommand
L 12/15/2020 - 18:05:53: [SM] Exception reported: Array index out-of-bounds (index 64, limit 55)
L 12/15/2020 - 18:05:53: [SM] Blaming: weapon_restrict.smx
L 12/15/2020 - 18:05:53: [SM] Call stack trace:
L 12/15/2020 - 18:05:53: [SM]   [1] Line 202, restrictinc/events.sp::CS_OnBuyCommand
L 12/15/2020 - 18:07:09: [SM] Exception reported: Array index out-of-bounds (index 64, limit 55)
L 12/15/2020 - 18:07:09: [SM] Blaming: weapon_restrict.smx
L 12/15/2020 - 18:07:09: [SM] Call stack trace:
L 12/15/2020 - 18:07:09: [SM]   [1] Line 202, restrictinc/events.sp::CS_OnBuyCommand
L 12/15/2020 - 18:10:03: [SM] Exception reported: Array index out-of-bounds (index 64, limit 55)
L 12/15/2020 - 18:10:03: [SM] Blaming: weapon_restrict.smx
L 12/15/2020 - 18:10:03: [SM] Call stack trace:
L 12/15/2020 - 18:10:03: [SM]   [1] Line 202, restrictinc/events.sp::CS_OnBuyCommand
L 12/15/2020 - 18:11:26: [SM] Exception reported: Array index out-of-bounds (index 64, limit 55)
L 12/15/2020 - 18:11:26: [SM] Blaming: weapon_restrict.smx
L 12/15/2020 - 18:11:26: [SM] Call stack trace:
L 12/15/2020 - 18:11:26: [SM]   [1] Line 202, restrictinc/events.sp::CS_OnBuyCommand
L 12/15/2020 - 18:12:11: [SM] Exception reported: Array index out-of-bounds (index 64, limit 55)
L 12/15/2020 - 18:12:11: [SM] Blaming: weapon_restrict.smx
L 12/15/2020 - 18:12:11: [SM] Call stack trace:
L 12/15/2020 - 18:12:11: [SM]   [1] Line 202, restrictinc/events.sp::CS_OnBuyCommand
L 12/15/2020 - 18:16:54: [SM] Exception reported: Array index out-of-bounds (index 64, limit 55)
L 12/15/2020 - 18:16:54: [SM] Blaming: weapon_restrict.smx
L 12/15/2020 - 18:16:54: [SM] Call stack trace:
L 12/15/2020 - 18:16:54: [SM]   [1] Line 202, restrictinc/events.sp::CS_OnBuyCommand
L 12/15/2020 - 18:17:43: [SM] Exception reported: Array index out-of-bounds (index 64, limit 55)
L 12/15/2020 - 18:17:43: [SM] Blaming: weapon_restrict.smx
L 12/15/2020 - 18:17:43: [SM] Call stack trace:
L 12/15/2020 - 18:17:43: [SM]   [1] Line 202, restrictinc/events.sp::CS_OnBuyCommand
L 12/15/2020 - 18:18:58: [SM] Exception reported: Array index out-of-bounds (index 64, limit 55)
L 12/15/2020 - 18:18:58: [SM] Blaming: weapon_restrict.smx
L 12/15/2020 - 18:18:58: [SM] Call stack trace:
L 12/15/2020 - 18:18:58: [SM]   [1] Line 202, restrictinc/events.sp::CS_OnBuyCommand
L 12/15/2020 - 18:19:40: [SM] Exception reported: Array index out-of-bounds (index 64, limit 55)
L 12/15/2020 - 18:19:40: [SM] Blaming: weapon_restrict.smx
L 12/15/2020 - 18:19:40: [SM] Call stack trace:
L 12/15/2020 - 18:19:40: [SM]   [1] Line 202, restrictinc/events.sp::CS_OnBuyCommand
L 12/15/2020 - 18:20:54: [SM] Exception reported: Language phrase "Player_Connected_From" not found (arg 3)
L 12/15/2020 - 18:20:54: [SM] Blaming: advadmin.smx
L 12/15/2020 - 18:20:54: [SM] Call stack trace:
L 12/15/2020 - 18:20:54: [SM]   [0] VFormat
L 12/15/2020 - 18:20:54: [SM]   [1] Line 386, /groups/sourcemod/compiler-1.10/include/halflife.inc::PrintToChatAll
L 12/15/2020 - 18:20:54: [SM]   [2] Line 141, /home/groups/sourcemod/upload_tmp/phpRYtiXm.sp::OnClientAuthorized
L 12/15/2020 - 18:21:03: [SM] Exception reported: Language phrase "Player_Connected_From" not found (arg 3)
L 12/15/2020 - 18:21:03: [SM] Blaming: advadmin.smx
L 12/15/2020 - 18:21:03: [SM] Call stack trace:
L 12/15/2020 - 18:21:03: [SM]   [0] VFormat
L 12/15/2020 - 18:21:03: [SM]   [1] Line 386, /groups/sourcemod/compiler-1.10/include/halflife.inc::PrintToChatAll
L 12/15/2020 - 18:21:03: [SM]   [2] Line 141, /home/groups/sourcemod/upload_tmp/phpRYtiXm.sp::OnClientAuthorized
L 12/15/2020 - 18:21:08: [SM] Exception reported: Language phrase "Player_Connected_From" not found (arg 3)
L 12/15/2020 - 18:21:08: [SM] Blaming: advadmin.smx
L 12/15/2020 - 18:21:08: [SM] Call stack trace:
L 12/15/2020 - 18:21:08: [SM]   [0] VFormat
L 12/15/2020 - 18:21:08: [SM]   [1] Line 386, /groups/sourcemod/compiler-1.10/include/halflife.inc::PrintToChatAll
L 12/15/2020 - 18:21:08: [SM]   [2] Line 141, /home/groups/sourcemod/upload_tmp/phpRYtiXm.sp::OnClientAuthorized
L 12/15/2020 - 18:21:24: [SM] Exception reported: Language phrase "Player_Connected_From" not found (arg 3)
L 12/15/2020 - 18:21:24: [SM] Blaming: advadmin.smx
L 12/15/2020 - 18:21:24: [SM] Call stack trace:
L 12/15/2020 - 18:21:24: [SM]   [0] VFormat
L 12/15/2020 - 18:21:24: [SM]   [1] Line 386, /groups/sourcemod/compiler-1.10/include/halflife.inc::PrintToChatAll
L 12/15/2020 - 18:21:24: [SM]   [2] Line 141, /home/groups/sourcemod/upload_tmp/phpRYtiXm.sp::OnClientAuthorized
L 12/15/2020 - 18:21:38: [SM] Exception reported: Array index out-of-bounds (index 64, limit 55)
L 12/15/2020 - 18:21:38: [SM] Blaming: weapon_restrict.smx
L 12/15/2020 - 18:21:38: [SM] Call stack trace:
L 12/15/2020 - 18:21:38: [SM]   [1] Line 202, restrictinc/events.sp::CS_OnBuyCommand
L 12/15/2020 - 18:21:43: [SM] Exception reported: Array index out-of-bounds (index 64, limit 55)
L 12/15/2020 - 18:21:43: [SM] Blaming: weapon_restrict.smx
L 12/15/2020 - 18:21:43: [SM] Call stack trace:
L 12/15/2020 - 18:21:43: [SM]   [1] Line 202, restrictinc/events.sp::CS_OnBuyCommand
L 12/15/2020 - 18:23:38: [SM] Exception reported: Array index out-of-bounds (index 64, limit 55)
L 12/15/2020 - 18:23:38: [SM] Blaming: weapon_restrict.smx
L 12/15/2020 - 18:23:38: [SM] Call stack trace:
L 12/15/2020 - 18:23:38: [SM]   [1] Line 202, restrictinc/events.sp::CS_OnBuyCommand
L 12/15/2020 - 18:26:15: [SM] Exception reported: Array index out-of-bounds (index 64, limit 55)
L 12/15/2020 - 18:26:15: [SM] Blaming: weapon_restrict.smx
L 12/15/2020 - 18:26:15: [SM] Call stack trace:
L 12/15/2020 - 18:26:15: [SM]   [1] Line 202, restrictinc/events.sp::CS_OnBuyCommand
L 12/15/2020 - 18:27:16: [SM] Exception reported: Array index out-of-bounds (index 64, limit 55)
L 12/15/2020 - 18:27:16: [SM] Blaming: weapon_restrict.smx
L 12/15/2020 - 18:27:16: [SM] Call stack trace:
L 12/15/2020 - 18:27:16: [SM]   [1] Line 202, restrictinc/events.sp::CS_OnBuyCommand
L 12/15/2020 - 18:30:57: [SM] Exception reported: Array index out-of-bounds (index 64, limit 55)
L 12/15/2020 - 18:30:57: [SM] Blaming: weapon_restrict.smx
L 12/15/2020 - 18:30:57: [SM] Call stack trace:
L 12/15/2020 - 18:30:57: [SM]   [1] Line 202, restrictinc/events.sp::CS_OnBuyCommand
L 12/15/2020 - 18:32:41: [SM] Exception reported: Language phrase "Player_Connected_From" not found (arg 3)
L 12/15/2020 - 18:32:41: [SM] Blaming: advadmin.smx
L 12/15/2020 - 18:32:41: [SM] Call stack trace:
L 12/15/2020 - 18:32:41: [SM]   [0] VFormat
L 12/15/2020 - 18:32:41: [SM]   [1] Line 386, /groups/sourcemod/compiler-1.10/include/halflife.inc::PrintToChatAll
L 12/15/2020 - 18:32:41: [SM]   [2] Line 141, /home/groups/sourcemod/upload_tmp/phpRYtiXm.sp::OnClientAuthorized
L 12/15/2020 - 18:33:40: [SM] Exception reported: Language phrase "Player_Connected_From" not found (arg 3)
L 12/15/2020 - 18:33:40: [SM] Blaming: advadmin.smx
L 12/15/2020 - 18:33:40: [SM] Call stack trace:
L 12/15/2020 - 18:33:40: [SM]   [0] VFormat
L 12/15/2020 - 18:33:40: [SM]   [1] Line 386, /groups/sourcemod/compiler-1.10/include/halflife.inc::PrintToChatAll
L 12/15/2020 - 18:33:40: [SM]   [2] Line 141, /home/groups/sourcemod/upload_tmp/phpRYtiXm.sp::OnClientAuthorized
L 12/15/2020 - 18:36:52: Error log file session closed.
L 12/15/2020 - 18:36:52: SourceMod error session started
L 12/15/2020 - 18:36:52: Info (map "cs_militia") (file "/home/tcagame/jackm1/527/csgo/addons/sourcemod/logs/errors_20201215.log")
L 12/15/2020 - 18:36:52: [SM] Fatal error encountered parsing translation file "advadmin.phrases.txt"
L 12/15/2020 - 18:36:52: [SM] Error (line 0, column 0): Stream failed to open
L 12/15/2020 - 18:37:13: [SM] Exception reported: Language phrase "Player_Connected" not found (arg 3)
L 12/15/2020 - 18:37:13: [SM] Blaming: advadmin.smx
L 12/15/2020 - 18:37:13: [SM] Call stack trace:
L 12/15/2020 - 18:37:13: [SM]   [0] VFormat
L 12/15/2020 - 18:37:13: [SM]   [1] Line 386, /groups/sourcemod/compiler-1.10/include/halflife.inc::PrintToChatAll
L 12/15/2020 - 18:37:13: [SM]   [2] Line 145, /home/groups/sourcemod/upload_tmp/phpRYtiXm.sp::OnClientAuthorized
L 12/15/2020 - 18:38:15: [SM] Exception reported: Array index out-of-bounds (index 64, limit 55)
L 12/15/2020 - 18:38:15: [SM] Blaming: weapon_restrict.smx
L 12/15/2020 - 18:38:15: [SM] Call stack trace:
L 12/15/2020 - 18:38:15: [SM]   [1] Line 202, restrictinc/events.sp::CS_OnBuyCommand
L 12/15/2020 - 18:40:34: [SM] Exception reported: Array index out-of-bounds (index 64, limit 55)
L 12/15/2020 - 18:40:34: [SM] Blaming: weapon_restrict.smx
L 12/15/2020 - 18:40:34: [SM] Call stack trace:
L 12/15/2020 - 18:40:34: [SM]   [1] Line 202, restrictinc/events.sp::CS_OnBuyCommand
L 12/15/2020 - 18:40:59: [SM] Exception reported: Array index out-of-bounds (index 64, limit 55)
L 12/15/2020 - 18:40:59: [SM] Blaming: weapon_restrict.smx
L 12/15/2020 - 18:40:59: [SM] Call stack trace:
L 12/15/2020 - 18:40:59: [SM]   [1] Line 202, restrictinc/events.sp::CS_OnBuyCommand
L 12/15/2020 - 18:41:44: [SM] Exception reported: Array index out-of-bounds (index 64, limit 55)
L 12/15/2020 - 18:41:44: [SM] Blaming: weapon_restrict.smx
L 12/15/2020 - 18:41:44: [SM] Call stack trace:
L 12/15/2020 - 18:41:44: [SM]   [1] Line 202, restrictinc/events.sp::CS_OnBuyCommand
L 12/15/2020 - 18:41:47: [SM] Exception reported: Array index out-of-bounds (index 64, limit 55)
L 12/15/2020 - 18:41:47: [SM] Blaming: weapon_restrict.smx
L 12/15/2020 - 18:41:47: [SM] Call stack trace:
L 12/15/2020 - 18:41:47: [SM]   [1] Line 202, restrictinc/events.sp::CS_OnBuyCommand
L 12/15/2020 - 18:41:54: [SM] Exception reported: Array index out-of-bounds (index 64, limit 55)
L 12/15/2020 - 18:41:54: [SM] Blaming: weapon_restrict.smx
L 12/15/2020 - 18:41:54: [SM] Call stack trace:
L 12/15/2020 - 18:41:54: [SM]   [1] Line 202, restrictinc/events.sp::CS_OnBuyCommand
L 12/15/2020 - 18:41:55: [SM] Exception reported: Array index out-of-bounds (index 64, limit 55)
L 12/15/2020 - 18:41:55: [SM] Blaming: weapon_restrict.smx
L 12/15/2020 - 18:41:55: [SM] Call stack trace:
L 12/15/2020 - 18:41:55: [SM]   [1] Line 202, restrictinc/events.sp::CS_OnBuyCommand
L 12/15/2020 - 18:41:57: [SM] Exception reported: Array index out-of-bounds (index 64, limit 55)
L 12/15/2020 - 18:41:57: [SM] Blaming: weapon_restrict.smx
L 12/15/2020 - 18:41:57: [SM] Call stack trace:
L 12/15/2020 - 18:41:57: [SM]   [1] Line 202, restrictinc/events.sp::CS_OnBuyCommand
L 12/15/2020 - 18:42:39: [SM] Exception reported: Array index out-of-bounds (index 64, limit 55)
L 12/15/2020 - 18:42:39: [SM] Blaming: weapon_restrict.smx
L 12/15/2020 - 18:42:39: [SM] Call stack trace:
L 12/15/2020 - 18:42:39: [SM]   [1] Line 202, restrictinc/events.sp::CS_OnBuyCommand
L 12/15/2020 - 18:42:44: [SM] Exception reported: Array index out-of-bounds (index 64, limit 55)
L 12/15/2020 - 18:42:44: [SM] Blaming: weapon_restrict.smx
L 12/15/2020 - 18:42:44: [SM] Call stack trace:
L 12/15/2020 - 18:42:44: [SM]   [1] Line 202, restrictinc/events.sp::CS_OnBuyCommand
L 12/15/2020 - 18:43:47: [SM] Exception reported: Array index out-of-bounds (index 64, limit 55)
L 12/15/2020 - 18:43:47: [SM] Blaming: weapon_restrict.smx
L 12/15/2020 - 18:43:47: [SM] Call stack trace:
L 12/15/2020 - 18:43:47: [SM]   [1] Line 202, restrictinc/events.sp::CS_OnBuyCommand
L 12/15/2020 - 18:43:49: [SM] Exception reported: Array index out-of-bounds (index 64, limit 55)
L 12/15/2020 - 18:43:49: [SM] Blaming: weapon_restrict.smx
L 12/15/2020 - 18:43:49: [SM] Call stack trace:
L 12/15/2020 - 18:43:49: [SM]   [1] Line 202, restrictinc/events.sp::CS_OnBuyCommand
L 12/15/2020 - 18:48:05: [SM] Exception reported: Array index out-of-bounds (index 64, limit 55)
L 12/15/2020 - 18:48:05: [SM] Blaming: weapon_restrict.smx
L 12/15/2020 - 18:48:05: [SM] Call stack trace:
L 12/15/2020 - 18:48:05: [SM]   [1] Line 202, restrictinc/events.sp::CS_OnBuyCommand
L 12/15/2020 - 18:49:36: [SM] Exception reported: Array index out-of-bounds (index 64, limit 55)
L 12/15/2020 - 18:49:36: [SM] Blaming: weapon_restrict.smx
L 12/15/2020 - 18:49:36: [SM] Call stack trace:
L 12/15/2020 - 18:49:36: [SM]   [1] Line 202, restrictinc/events.sp::CS_OnBuyCommand
L 12/15/2020 - 18:49:46: [SM] Exception reported: Array index out-of-bounds (index 64, limit 55)
L 12/15/2020 - 18:49:46: [SM] Blaming: weapon_restrict.smx
L 12/15/2020 - 18:49:46: [SM] Call stack trace:
L 12/15/2020 - 18:49:46: [SM]   [1] Line 202, restrictinc/events.sp::CS_OnBuyCommand
L 12/15/2020 - 18:51:04: [SM] Exception reported: Array index out-of-bounds (index 64, limit 55)
L 12/15/2020 - 18:51:04: [SM] Blaming: weapon_restrict.smx
L 12/15/2020 - 18:51:04: [SM] Call stack trace:
L 12/15/2020 - 18:51:04: [SM]   [1] Line 202, restrictinc/events.sp::CS_OnBuyCommand
L 12/15/2020 - 18:51:38: [SM] Exception reported: Array index out-of-bounds (index 64, limit 55)
L 12/15/2020 - 18:51:38: [SM] Blaming: weapon_restrict.smx
L 12/15/2020 - 18:51:38: [SM] Call stack trace:
L 12/15/2020 - 18:51:38: [SM]   [1] Line 202, restrictinc/events.sp::CS_OnBuyCommand
L 12/15/2020 - 18:55:16: [SM] Exception reported: Array index out-of-bounds (index 64, limit 55)
L 12/15/2020 - 18:55:16: [SM] Blaming: weapon_restrict.smx
L 12/15/2020 - 18:55:16: [SM] Call stack trace:
L 12/15/2020 - 18:55:16: [SM]   [1] Line 202, restrictinc/events.sp::CS_OnBuyCommand
L 12/15/2020 - 18:57:03: [SM] Exception reported: Array index out-of-bounds (index 64, limit 55)
L 12/15/2020 - 18:57:03: [SM] Blaming: weapon_restrict.smx
L 12/15/2020 - 18:57:03: [SM] Call stack trace:
L 12/15/2020 - 18:57:03: [SM]   [1] Line 202, restrictinc/events.sp::CS_OnBuyCommand
L 12/15/2020 - 18:58:16: [SM] Exception reported: Array index out-of-bounds (index 64, limit 55)
L 12/15/2020 - 18:58:16: [SM] Blaming: weapon_restrict.smx
L 12/15/2020 - 18:58:16: [SM] Call stack trace:
L 12/15/2020 - 18:58:16: [SM]   [1] Line 202, restrictinc/events.sp::CS_OnBuyCommand
L 12/15/2020 - 18:58:16: [SM] Exception reported: Array index out-of-bounds (index 64, limit 55)
L 12/15/2020 - 18:58:16: [SM] Blaming: weapon_restrict.smx
L 12/15/2020 - 18:58:16: [SM] Call stack trace:
L 12/15/2020 - 18:58:16: [SM]   [1] Line 202, restrictinc/events.sp::CS_OnBuyCommand
L 12/15/2020 - 18:59:23: [SM] Exception reported: Array index out-of-bounds (index 64, limit 55)
L 12/15/2020 - 18:59:23: [SM] Blaming: weapon_restrict.smx
L 12/15/2020 - 18:59:23: [SM] Call stack trace:
L 12/15/2020 - 18:59:23: [SM]   [1] Line 202, restrictinc/events.sp::CS_OnBuyCommand
L 12/15/2020 - 19:00:06: [SM] Exception reported: Array index out-of-bounds (index 64, limit 55)
L 12/15/2020 - 19:00:06: [SM] Blaming: weapon_restrict.smx
L 12/15/2020 - 19:00:06: [SM] Call stack trace:
L 12/15/2020 - 19:00:06: [SM]   [1] Line 202, restrictinc/events.sp::CS_OnBuyCommand
L 12/15/2020 - 19:00:06: [SM] Exception reported: Array index out-of-bounds (index 64, limit 55)
L 12/15/2020 - 19:00:06: [SM] Blaming: weapon_restrict.smx
L 12/15/2020 - 19:00:06: [SM] Call stack trace:
L 12/15/2020 - 19:00:06: [SM]   [1] Line 202, restrictinc/events.sp::CS_OnBuyCommand
L 12/15/2020 - 19:00:18: [SM] Exception reported: Array index out-of-bounds (index 64, limit 55)
L 12/15/2020 - 19:00:18: [SM] Blaming: weapon_restrict.smx
L 12/15/2020 - 19:00:18: [SM] Call stack trace:
L 12/15/2020 - 19:00:18: [SM]   [1] Line 202, restrictinc/events.sp::CS_OnBuyCommand
L 12/15/2020 - 19:03:16: [SM] Exception reported: Array index out-of-bounds (index 64, limit 55)
L 12/15/2020 - 19:03:16: [SM] Blaming: weapon_restrict.smx
L 12/15/2020 - 19:03:16: [SM] Call stack trace:
L 12/15/2020 - 19:03:16: [SM]   [1] Line 202, restrictinc/events.sp::CS_OnBuyCommand
L 12/15/2020 - 19:03:35: [SM] Exception reported: Language phrase "Player_Connected_From" not found (arg 3)
L 12/15/2020 - 19:03:35: [SM] Blaming: advadmin.smx
L 12/15/2020 - 19:03:35: [SM] Call stack trace:
L 12/15/2020 - 19:03:35: [SM]   [0] VFormat
L 12/15/2020 - 19:03:35: [SM]   [1] Line 386, /groups/sourcemod/compiler-1.10/include/halflife.inc::PrintToChatAll
L 12/15/2020 - 19:03:35: [SM]   [2] Line 141, /home/groups/sourcemod/upload_tmp/phpRYtiXm.sp::OnClientAuthorized
L 12/15/2020 - 19:03:58: [SM] Exception reported: Array index out-of-bounds (index 64, limit 55)
L 12/15/2020 - 19:03:58: [SM] Blaming: weapon_restrict.smx
L 12/15/2020 - 19:03:58: [SM] Call stack trace:
L 12/15/2020 - 19:03:58: [SM]   [1] Line 202, restrictinc/events.sp::CS_OnBuyCommand
L 12/15/2020 - 19:07:31: [SM] Exception reported: Array index out-of-bounds (index 64, limit 55)
L 12/15/2020 - 19:07:31: [SM] Blaming: weapon_restrict.smx
L 12/15/2020 - 19:07:31: [SM] Call stack trace:
L 12/15/2020 - 19:07:31: [SM]   [1] Line 202, restrictinc/events.sp::CS_OnBuyCommand
L 12/15/2020 - 19:11:49: [SM] Exception reported: Array index out-of-bounds (index 64, limit 55)
L 12/15/2020 - 19:11:49: [SM] Blaming: weapon_restrict.smx
L 12/15/2020 - 19:11:49: [SM] Call stack trace:
L 12/15/2020 - 19:11:49: [SM]   [1] Line 202, restrictinc/events.sp::CS_OnBuyCommand
L 12/15/2020 - 19:12:55: [SM] Exception reported: Array index out-of-bounds (index 64, limit 55)
L 12/15/2020 - 19:12:55: [SM] Blaming: weapon_restrict.smx
L 12/15/2020 - 19:12:55: [SM] Call stack trace:
L 12/15/2020 - 19:12:55: [SM]   [1] Line 202, restrictinc/events.sp::CS_OnBuyCommand
L 12/15/2020 - 19:18:56: [SM] Exception reported: Array index out-of-bounds (index 64, limit 55)
L 12/15/2020 - 19:18:56: [SM] Blaming: weapon_restrict.smx
L 12/15/2020 - 19:18:56: [SM] Call stack trace:
L 12/15/2020 - 19:18:56: [SM]   [1] Line 202, restrictinc/events.sp::CS_OnBuyCommand
L 12/15/2020 - 19:19:50: [SM] Exception reported: Array index out-of-bounds (index 64, limit 55)
L 12/15/2020 - 19:19:50: [SM] Blaming: weapon_restrict.smx
L 12/15/2020 - 19:19:50: [SM] Call stack trace:
L 12/15/2020 - 19:19:50: [SM]   [1] Line 202, restrictinc/events.sp::CS_OnBuyCommand
L 12/15/2020 - 19:21:10: [SM] Exception reported: Array index out-of-bounds (index 64, limit 55)
L 12/15/2020 - 19:21:10: [SM] Blaming: weapon_restrict.smx
L 12/15/2020 - 19:21:10: [SM] Call stack trace:
L 12/15/2020 - 19:21:10: [SM]   [1] Line 202, restrictinc/events.sp::CS_OnBuyCommand
L 12/15/2020 - 19:22:37: [SM] Exception reported: Array index out-of-bounds (index 64, limit 55)
L 12/15/2020 - 19:22:37: [SM] Blaming: weapon_restrict.smx
L 12/15/2020 - 19:22:37: [SM] Call stack trace:
L 12/15/2020 - 19:22:37: [SM]   [1] Line 202, restrictinc/events.sp::CS_OnBuyCommand
L 12/15/2020 - 19:23:41: [SM] Exception reported: Array index out-of-bounds (index 64, limit 55)
L 12/15/2020 - 19:23:41: [SM] Blaming: weapon_restrict.smx
L 12/15/2020 - 19:23:41: [SM] Call stack trace:
L 12/15/2020 - 19:23:41: [SM]   [1] Line 202, restrictinc/events.sp::CS_OnBuyCommand
L 12/15/2020 - 19:26:30: [SM] Exception reported: Array index out-of-bounds (index 64, limit 55)
L 12/15/2020 - 19:26:30: [SM] Blaming: weapon_restrict.smx
L 12/15/2020 - 19:26:30: [SM] Call stack trace:
L 12/15/2020 - 19:26:30: [SM]   [1] Line 202, restrictinc/events.sp::CS_OnBuyCommand
L 12/15/2020 - 19:35:54: [SM] Exception reported: Language phrase "Player_Connected_From" not found (arg 3)
L 12/15/2020 - 19:35:54: [SM] Blaming: advadmin.smx
L 12/15/2020 - 19:35:54: [SM] Call stack trace:
L 12/15/2020 - 19:35:54: [SM]   [0] VFormat
L 12/15/2020 - 19:35:54: [SM]   [1] Line 386, /groups/sourcemod/compiler-1.10/include/halflife.inc::PrintToChatAll
L 12/15/2020 - 19:35:54: [SM]   [2] Line 141, /home/groups/sourcemod/upload_tmp/phpRYtiXm.sp::OnClientAuthorized
L 12/15/2020 - 19:40:37: [SM] Exception reported: Array index out-of-bounds (index 64, limit 55)
L 12/15/2020 - 19:40:37: [SM] Blaming: weapon_restrict.smx
L 12/15/2020 - 19:40:37: [SM] Call stack trace:
L 12/15/2020 - 19:40:37: [SM]   [1] Line 202, restrictinc/events.sp::CS_OnBuyCommand
L 12/15/2020 - 20:37:52: Error log file session closed.
L 12/15/2020 - 20:37:52: SourceMod error session started
L 12/15/2020 - 20:37:52: Info (map "cs_militia") (file "/home/tcagame/jackm1/527/csgo/addons/sourcemod/logs/errors_20201215.log")
L 12/15/2020 - 20:37:52: [SM] Fatal error encountered parsing translation file "advadmin.phrases.txt"
L 12/15/2020 - 20:37:52: [SM] Error (line 0, column 0): Stream failed to open
L 12/15/2020 - 20:41:19: Error log file session closed.
L 12/15/2020 - 20:41:19: SourceMod error session started
L 12/15/2020 - 20:41:19: Info (map "cs_militia") (file "/home/tcagame/jackm1/527/csgo/addons/sourcemod/logs/errors_20201215.log")
L 12/15/2020 - 20:41:19: [SM] Fatal error encountered parsing translation file "advadmin.phrases.txt"
L 12/15/2020 - 20:41:19: [SM] Error (line 0, column 0): Stream failed to open
L 12/15/2020 - 22:15:47: Error log file session closed.
L 12/15/2020 - 22:15:47: SourceMod error session started
L 12/15/2020 - 22:15:47: Info (map "cs_militia") (file "/home/tcagame/jackm1/527/csgo/addons/sourcemod/logs/errors_20201215.log")
L 12/15/2020 - 22:15:47: [SM] Fatal error encountered parsing translation file "advadmin.phrases.txt"
L 12/15/2020 - 22:15:47: [SM] Error (line 0, column 0): Stream failed to open
L 12/15/2020 - 22:16:09: [SM] Exception reported: Array index out-of-bounds (index 64, limit 55)
L 12/15/2020 - 22:16:09: [SM] Blaming: weapon_restrict.smx
L 12/15/2020 - 22:16:09: [SM] Call stack trace:
L 12/15/2020 - 22:16:09: [SM]   [1] Line 202, restrictinc/events.sp::CS_OnBuyCommand
L 12/15/2020 - 22:19:25: [SM] Exception reported: Array index out-of-bounds (index 64, limit 55)
L 12/15/2020 - 22:19:25: [SM] Blaming: weapon_restrict.smx
L 12/15/2020 - 22:19:25: [SM] Call stack trace:
L 12/15/2020 - 22:19:25: [SM]   [1] Line 202, restrictinc/events.sp::CS_OnBuyCommand
L 12/15/2020 - 22:20:53: [SM] Exception reported: Array index out-of-bounds (index 64, limit 55)
L 12/15/2020 - 22:20:53: [SM] Blaming: weapon_restrict.smx
L 12/15/2020 - 22:20:53: [SM] Call stack trace:
L 12/15/2020 - 22:20:53: [SM]   [1] Line 202, restrictinc/events.sp::CS_OnBuyCommand
L 12/15/2020 - 22:38:39: Error log file session closed.
L 12/15/2020 - 22:38:39: SourceMod error session started
L 12/15/2020 - 22:38:39: Info (map "cs_militia") (file "/home/tcagame/jackm1/527/csgo/addons/sourcemod/logs/errors_20201215.log")
L 12/15/2020 - 22:38:39: [SM] Fatal error encountered parsing translation file "advadmin.phrases.txt"
L 12/15/2020 - 22:38:39: [SM] Error (line 0, column 0): Stream failed to open
L 12/15/2020 - 22:39:01: [SM] Exception reported: Array index out-of-bounds (index 64, limit 55)
L 12/15/2020 - 22:39:01: [SM] Blaming: weapon_restrict.smx
L 12/15/2020 - 22:39:01: [SM] Call stack trace:
L 12/15/2020 - 22:39:01: [SM]   [1] Line 202, restrictinc/events.sp::CS_OnBuyCommand
L 12/15/2020 - 22:43:45: [SM] Exception reported: Array index out-of-bounds (index 64, limit 55)
L 12/15/2020 - 22:43:45: [SM] Blaming: weapon_restrict.smx
L 12/15/2020 - 22:43:45: [SM] Call stack trace:
L 12/15/2020 - 22:43:45: [SM]   [1] Line 202, restrictinc/events.sp::CS_OnBuyCommand
L 12/15/2020 - 23:01:24: [SM] Exception reported: Language phrase "Player_Connected_From" not found (arg 3)
L 12/15/2020 - 23:01:24: [SM] Blaming: advadmin.smx
L 12/15/2020 - 23:01:24: [SM] Call stack trace:
L 12/15/2020 - 23:01:24: [SM]   [0] VFormat
L 12/15/2020 - 23:01:24: [SM]   [1] Line 386, /groups/sourcemod/compiler-1.10/include/halflife.inc::PrintToChatAll
L 12/15/2020 - 23:01:24: [SM]   [2] Line 141, /home/groups/sourcemod/upload_tmp/phpRYtiXm.sp::OnClientAuthorized
L 12/15/2020 - 23:03:03: [SM] Exception reported: Language phrase "Player_Connected_From" not found (arg 3)
L 12/15/2020 - 23:03:03: [SM] Blaming: advadmin.smx
L 12/15/2020 - 23:03:03: [SM] Call stack trace:
L 12/15/2020 - 23:03:03: [SM]   [0] VFormat
L 12/15/2020 - 23:03:03: [SM]   [1] Line 386, /groups/sourcemod/compiler-1.10/include/halflife.inc::PrintToChatAll
L 12/15/2020 - 23:03:03: [SM]   [2] Line 141, /home/groups/sourcemod/upload_tmp/phpRYtiXm.sp::OnClientAuthorized
L 12/15/2020 - 23:04:30: [SM] Exception reported: Language phrase "Player_Connected_From" not found (arg 3)
L 12/15/2020 - 23:04:30: [SM] Blaming: advadmin.smx
L 12/15/2020 - 23:04:30: [SM] Call stack trace:
L 12/15/2020 - 23:04:30: [SM]   [0] VFormat
L 12/15/2020 - 23:04:30: [SM]   [1] Line 386, /groups/sourcemod/compiler-1.10/include/halflife.inc::PrintToChatAll
L 12/15/2020 - 23:04:30: [SM]   [2] Line 141, /home/groups/sourcemod/upload_tmp/phpRYtiXm.sp::OnClientAuthorized
L 12/15/2020 - 23:05:54: [SM] Exception reported: Language phrase "Player_Connected_From" not found (arg 3)
L 12/15/2020 - 23:05:54: [SM] Blaming: advadmin.smx
L 12/15/2020 - 23:05:54: [SM] Call stack trace:
L 12/15/2020 - 23:05:54: [SM]   [0] VFormat
L 12/15/2020 - 23:05:54: [SM]   [1] Line 386, /groups/sourcemod/compiler-1.10/include/halflife.inc::PrintToChatAll
L 12/15/2020 - 23:05:54: [SM]   [2] Line 141, /home/groups/sourcemod/upload_tmp/phpRYtiXm.sp::OnClientAuthorized
L 12/15/2020 - 23:05:59: [SM] Exception reported: Language phrase "Player_Connected_From" not found (arg 3)
L 12/15/2020 - 23:05:59: [SM] Blaming: advadmin.smx
L 12/15/2020 - 23:05:59: [SM] Call stack trace:
L 12/15/2020 - 23:05:59: [SM]   [0] VFormat
L 12/15/2020 - 23:05:59: [SM]   [1] Line 386, /groups/sourcemod/compiler-1.10/include/halflife.inc::PrintToChatAll
L 12/15/2020 - 23:05:59: [SM]   [2] Line 141, /home/groups/sourcemod/upload_tmp/phpRYtiXm.sp::OnClientAuthorized
L 12/15/2020 - 23:06:56: [SM] Exception reported: Language phrase "Player_Connected_From" not found (arg 3)
L 12/15/2020 - 23:06:56: [SM] Blaming: advadmin.smx
L 12/15/2020 - 23:06:56: [SM] Call stack trace:
L 12/15/2020 - 23:06:56: [SM]   [0] VFormat
L 12/15/2020 - 23:06:56: [SM]   [1] Line 386, /groups/sourcemod/compiler-1.10/include/halflife.inc::PrintToChatAll
L 12/15/2020 - 23:06:56: [SM]   [2] Line 141, /home/groups/sourcemod/upload_tmp/phpRYtiXm.sp::OnClientAuthorized
L 12/15/2020 - 23:07:13: [SM] Exception reported: Array index out-of-bounds (index 64, limit 55)
L 12/15/2020 - 23:07:13: [SM] Blaming: weapon_restrict.smx
L 12/15/2020 - 23:07:13: [SM] Call stack trace:
L 12/15/2020 - 23:07:13: [SM]   [1] Line 202, restrictinc/events.sp::CS_OnBuyCommand
L 12/15/2020 - 23:07:57: [SM] Exception reported: Language phrase "Player_Connected_From" not found (arg 3)
L 12/15/2020 - 23:07:57: [SM] Blaming: advadmin.smx
L 12/15/2020 - 23:07:57: [SM] Call stack trace:
L 12/15/2020 - 23:07:57: [SM]   [0] VFormat
L 12/15/2020 - 23:07:57: [SM]   [1] Line 386, /groups/sourcemod/compiler-1.10/include/halflife.inc::PrintToChatAll
L 12/15/2020 - 23:07:57: [SM]   [2] Line 141, /home/groups/sourcemod/upload_tmp/phpRYtiXm.sp::OnClientAuthorized
L 12/15/2020 - 23:08:40: [SM] Exception reported: Language phrase "Player_Connected_From" not found (arg 3)
L 12/15/2020 - 23:08:40: [SM] Blaming: advadmin.smx
L 12/15/2020 - 23:08:40: [SM] Call stack trace:
L 12/15/2020 - 23:08:40: [SM]   [0] VFormat
L 12/15/2020 - 23:08:40: [SM]   [1] Line 386, /groups/sourcemod/compiler-1.10/include/halflife.inc::PrintToChatAll
L 12/15/2020 - 23:08:40: [SM]   [2] Line 141, /home/groups/sourcemod/upload_tmp/phpRYtiXm.sp::OnClientAuthorized
L 12/15/2020 - 23:08:59: [SM] Exception reported: Array index out-of-bounds (index 64, limit 55)
L 12/15/2020 - 23:08:59: [SM] Blaming: weapon_restrict.smx
L 12/15/2020 - 23:08:59: [SM] Call stack trace:
L 12/15/2020 - 23:08:59: [SM]   [1] Line 202, restrictinc/events.sp::CS_OnBuyCommand
L 12/15/2020 - 23:09:01: [SM] Exception reported: Array index out-of-bounds (index 64, limit 55)
L 12/15/2020 - 23:09:01: [SM] Blaming: weapon_restrict.smx
L 12/15/2020 - 23:09:01: [SM] Call stack trace:
L 12/15/2020 - 23:09:01: [SM]   [1] Line 202, restrictinc/events.sp::CS_OnBuyCommand
L 12/15/2020 - 23:09:08: [SM] Exception reported: Language phrase "Player_Connected_From" not found (arg 3)
L 12/15/2020 - 23:09:08: [SM] Blaming: advadmin.smx
L 12/15/2020 - 23:09:08: [SM] Call stack trace:
L 12/15/2020 - 23:09:08: [SM]   [0] VFormat
L 12/15/2020 - 23:09:08: [SM]   [1] Line 386, /groups/sourcemod/compiler-1.10/include/halflife.inc::PrintToChatAll
L 12/15/2020 - 23:09:08: [SM]   [2] Line 141, /home/groups/sourcemod/upload_tmp/phpRYtiXm.sp::OnClientAuthorized
L 12/15/2020 - 23:09:10: [SM] Exception reported: Array index out-of-bounds (index 64, limit 55)
L 12/15/2020 - 23:09:10: [SM] Blaming: weapon_restrict.smx
L 12/15/2020 - 23:09:10: [SM] Call stack trace:
L 12/15/2020 - 23:09:10: [SM]   [1] Line 202, restrictinc/events.sp::CS_OnBuyCommand
L 12/15/2020 - 23:10:32: [SM] Exception reported: Language phrase "Player_Connected_From" not found (arg 3)
L 12/15/2020 - 23:10:32: [SM] Blaming: advadmin.smx
L 12/15/2020 - 23:10:32: [SM] Call stack trace:
L 12/15/2020 - 23:10:32: [SM]   [0] VFormat
L 12/15/2020 - 23:10:32: [SM]   [1] Line 386, /groups/sourcemod/compiler-1.10/include/halflife.inc::PrintToChatAll
L 12/15/2020 - 23:10:32: [SM]   [2] Line 141, /home/groups/sourcemod/upload_tmp/phpRYtiXm.sp::OnClientAuthorized
L 12/15/2020 - 23:10:50: [SM] Exception reported: Array index out-of-bounds (index 64, limit 55)
L 12/15/2020 - 23:10:50: [SM] Blaming: weapon_restrict.smx
L 12/15/2020 - 23:10:50: [SM] Call stack trace:
L 12/15/2020 - 23:10:50: [SM]   [1] Line 202, restrictinc/events.sp::CS_OnBuyCommand
L 12/15/2020 - 23:10:50: [SM] Exception reported: Array index out-of-bounds (index 64, limit 55)
L 12/15/2020 - 23:10:50: [SM] Blaming: weapon_restrict.smx
L 12/15/2020 - 23:10:50: [SM] Call stack trace:
L 12/15/2020 - 23:10:50: [SM]   [1] Line 202, restrictinc/events.sp::CS_OnBuyCommand
L 12/15/2020 - 23:15:14: Error log file session closed.
L 12/15/2020 - 23:15:14: SourceMod error session started
L 12/15/2020 - 23:15:14: Info (map "cs_office") (file "/home/tcagame/jackm1/527/csgo/addons/sourcemod/logs/errors_20201215.log")
L 12/15/2020 - 23:15:14: [SM] Fatal error encountered parsing translation file "advadmin.phrases.txt"
L 12/15/2020 - 23:15:14: [SM] Error (line 0, column 0): Stream failed to open
L 12/15/2020 - 23:16:31: [SM] Exception reported: Language phrase "Player_Connected" not found (arg 3)
L 12/15/2020 - 23:16:31: [SM] Blaming: advadmin.smx
L 12/15/2020 - 23:16:31: [SM] Call stack trace:
L 12/15/2020 - 23:16:31: [SM]   [0] VFormat
L 12/15/2020 - 23:16:31: [SM]   [1] Line 386, /groups/sourcemod/compiler-1.10/include/halflife.inc::PrintToChatAll
L 12/15/2020 - 23:16:31: [SM]   [2] Line 145, /home/groups/sourcemod/upload_tmp/phpRYtiXm.sp::OnClientAuthorized
L 12/15/2020 - 23:18:14: [SM] Exception reported: Array index out-of-bounds (index 64, limit 55)
L 12/15/2020 - 23:18:14: [SM] Blaming: weapon_restrict.smx
L 12/15/2020 - 23:18:14: [SM] Call stack trace:
L 12/15/2020 - 23:18:14: [SM]   [1] Line 202, restrictinc/events.sp::CS_OnBuyCommand
L 12/15/2020 - 23:19:24: [SM] Exception reported: Array index out-of-bounds (index 64, limit 55)
L 12/15/2020 - 23:19:24: [SM] Blaming: weapon_restrict.smx
L 12/15/2020 - 23:19:24: [SM] Call stack trace:
L 12/15/2020 - 23:19:24: [SM]   [1] Line 202, restrictinc/events.sp::CS_OnBuyCommand
L 12/15/2020 - 23:20:04: [SM] Exception reported: Array index out-of-bounds (index 64, limit 55)
L 12/15/2020 - 23:20:04: [SM] Blaming: weapon_restrict.smx
L 12/15/2020 - 23:20:04: [SM] Call stack trace:
L 12/15/2020 - 23:20:04: [SM]   [1] Line 202, restrictinc/events.sp::CS_OnBuyCommand
L 12/15/2020 - 23:20:37: [SM] Exception reported: Array index out-of-bounds (index 64, limit 55)
L 12/15/2020 - 23:20:37: [SM] Blaming: weapon_restrict.smx
L 12/15/2020 - 23:20:37: [SM] Call stack trace:
L 12/15/2020 - 23:20:37: [SM]   [1] Line 202, restrictinc/events.sp::CS_OnBuyCommand
L 12/15/2020 - 23:20:38: [SM] Exception reported: Array index out-of-bounds (index 64, limit 55)
L 12/15/2020 - 23:20:38: [SM] Blaming: weapon_restrict.smx
L 12/15/2020 - 23:20:38: [SM] Call stack trace:
L 12/15/2020 - 23:20:38: [SM]   [1] Line 202, restrictinc/events.sp::CS_OnBuyCommand
L 12/15/2020 - 23:21:35: [SM] Exception reported: Array index out-of-bounds (index 64, limit 55)
L 12/15/2020 - 23:21:35: [SM] Blaming: weapon_restrict.smx
L 12/15/2020 - 23:21:35: [SM] Call stack trace:
L 12/15/2020 - 23:21:35: [SM]   [1] Line 202, restrictinc/events.sp::CS_OnBuyCommand
L 12/15/2020 - 23:23:42: [SM] Exception reported: Language phrase "Player_Connected_From" not found (arg 3)
L 12/15/2020 - 23:23:42: [SM] Blaming: advadmin.smx
L 12/15/2020 - 23:23:42: [SM] Call stack trace:
L 12/15/2020 - 23:23:42: [SM]   [0] VFormat
L 12/15/2020 - 23:23:42: [SM]   [1] Line 386, /groups/sourcemod/compiler-1.10/include/halflife.inc::PrintToChatAll
L 12/15/2020 - 23:23:42: [SM]   [2] Line 141, /home/groups/sourcemod/upload_tmp/phpRYtiXm.sp::OnClientAuthorized
L 12/15/2020 - 23:27:24: [SM] Exception reported: Array index out-of-bounds (index 64, limit 55)
L 12/15/2020 - 23:27:24: [SM] Blaming: weapon_restrict.smx
L 12/15/2020 - 23:27:24: [SM] Call stack trace:
L 12/15/2020 - 23:27:24: [SM]   [1] Line 202, restrictinc/events.sp::CS_OnBuyCommand
L 12/15/2020 - 23:28:02: [SM] Exception reported: Array index out-of-bounds (index 64, limit 55)
L 12/15/2020 - 23:28:02: [SM] Blaming: weapon_restrict.smx
L 12/15/2020 - 23:28:02: [SM] Call stack trace:
L 12/15/2020 - 23:28:02: [SM]   [1] Line 202, restrictinc/events.sp::CS_OnBuyCommand
L 12/15/2020 - 23:30:26: [SM] Exception reported: Array index out-of-bounds (index 64, limit 55)
L 12/15/2020 - 23:30:26: [SM] Blaming: weapon_restrict.smx
L 12/15/2020 - 23:30:26: [SM] Call stack trace:
L 12/15/2020 - 23:30:26: [SM]   [1] Line 202, restrictinc/events.sp::CS_OnBuyCommand
L 12/15/2020 - 23:33:05: [SM] Exception reported: Array index out-of-bounds (index 64, limit 55)
L 12/15/2020 - 23:33:05: [SM] Blaming: weapon_restrict.smx
L 12/15/2020 - 23:33:05: [SM] Call stack trace:
L 12/15/2020 - 23:33:05: [SM]   [1] Line 202, restrictinc/events.sp::CS_OnBuyCommand
L 12/15/2020 - 23:34:09: [SM] Exception reported: Array index out-of-bounds (index 64, limit 55)
L 12/15/2020 - 23:34:09: [SM] Blaming: weapon_restrict.smx
L 12/15/2020 - 23:34:09: [SM] Call stack trace:
L 12/15/2020 - 23:34:09: [SM]   [1] Line 202, restrictinc/events.sp::CS_OnBuyCommand
L 12/15/2020 - 23:34:50: [SM] Exception reported: Array index out-of-bounds (index 64, limit 55)
L 12/15/2020 - 23:34:50: [SM] Blaming: weapon_restrict.smx
L 12/15/2020 - 23:34:50: [SM] Call stack trace:
L 12/15/2020 - 23:34:50: [SM]   [1] Line 202, restrictinc/events.sp::CS_OnBuyCommand
L 12/15/2020 - 23:35:25: [SM] Exception reported: Array index out-of-bounds (index 64, limit 55)
L 12/15/2020 - 23:35:25: [SM] Blaming: weapon_restrict.smx
L 12/15/2020 - 23:35:25: [SM] Call stack trace:
L 12/15/2020 - 23:35:25: [SM]   [1] Line 202, restrictinc/events.sp::CS_OnBuyCommand
L 12/15/2020 - 23:37:12: [SM] Exception reported: Array index out-of-bounds (index 64, limit 55)
L 12/15/2020 - 23:37:12: [SM] Blaming: weapon_restrict.smx
L 12/15/2020 - 23:37:12: [SM] Call stack trace:
L 12/15/2020 - 23:37:12: [SM]   [1] Line 202, restrictinc/events.sp::CS_OnBuyCommand
L 12/15/2020 - 23:42:43: [SM] Exception reported: Array index out-of-bounds (index 64, limit 55)
L 12/15/2020 - 23:42:43: [SM] Blaming: weapon_restrict.smx
L 12/15/2020 - 23:42:43: [SM] Call stack trace:
L 12/15/2020 - 23:42:43: [SM]   [1] Line 202, restrictinc/events.sp::CS_OnBuyCommand
L 12/15/2020 - 23:43:32: [SM] Exception reported: Array index out-of-bounds (index 64, limit 55)
L 12/15/2020 - 23:43:32: [SM] Blaming: weapon_restrict.smx
L 12/15/2020 - 23:43:32: [SM] Call stack trace:
L 12/15/2020 - 23:43:32: [SM]   [1] Line 202, restrictinc/events.sp::CS_OnBuyCommand
L 12/15/2020 - 23:56:39: Error log file session closed.
L 12/15/2020 - 23:56:39: SourceMod error session started
L 12/15/2020 - 23:56:39: Info (map "cs_office") (file "/home/tcagame/jackm1/527/csgo/addons/sourcemod/logs/errors_20201215.log")
L 12/15/2020 - 23:56:39: [SM] Fatal error encountered parsing translation file "advadmin.phrases.txt"
L 12/15/2020 - 23:56:39: [SM] Error (line 0, column 0): Stream failed to open
L 12/15/2020 - 23:57:01: [SM] Exception reported: Array index out-of-bounds (index 64, limit 55)
L 12/15/2020 - 23:57:01: [SM] Blaming: weapon_restrict.smx
L 12/15/2020 - 23:57:01: [SM] Call stack trace:
L 12/15/2020 - 23:57:01: [SM]   [1] Line 202, restrictinc/events.sp::CS_OnBuyCommand
L 12/15/2020 - 23:57:18: [SM] Exception reported: Language phrase "Player_Connected_From" not found (arg 3)
L 12/15/2020 - 23:57:18: [SM] Blaming: advadmin.smx
L 12/15/2020 - 23:57:18: [SM] Call stack trace:
L 12/15/2020 - 23:57:18: [SM]   [0] VFormat
L 12/15/2020 - 23:57:18: [SM]   [1] Line 386, /groups/sourcemod/compiler-1.10/include/halflife.inc::PrintToChatAll
L 12/15/2020 - 23:57:18: [SM]   [2] Line 141, /home/groups/sourcemod/upload_tmp/phpRYtiXm.sp::OnClientAuthorized
L 12/15/2020 - 23:57:35: [SM] Exception reported: Array index out-of-bounds (index 64, limit 55)
L 12/15/2020 - 23:57:35: [SM] Blaming: weapon_restrict.smx
L 12/15/2020 - 23:57:35: [SM] Call stack trace:
L 12/15/2020 - 23:57:35: [SM]   [1] Line 202, restrictinc/events.sp::CS_OnBuyCommand
L 12/15/2020 - 23:58:06: [SM] Exception reported: Array index out-of-bounds (index 63, limit 55)
L 12/15/2020 - 23:58:06: [SM] Blaming: weapon_restrict.smx
L 12/15/2020 - 23:58:06: [SM] Call stack trace:
L 12/15/2020 - 23:58:06: [SM]   [1] Line 202, restrictinc/events.sp::CS_OnBuyCommand
L 12/15/2020 - 23:58:41: [SM] Exception reported: Array index out-of-bounds (index 64, limit 55)
L 12/15/2020 - 23:58:41: [SM] Blaming: weapon_restrict.smx
L 12/15/2020 - 23:58:41: [SM] Call stack trace:
L 12/15/2020 - 23:58:41: [SM]   [1] Line 202, restrictinc/events.sp::CS_OnBuyCommand
L 12/15/2020 - 23:59:05: [SM] Exception reported: Array index out-of-bounds (index 64, limit 55)
L 12/15/2020 - 23:59:05: [SM] Blaming: weapon_restrict.smx
L 12/15/2020 - 23:59:05: [SM] Call stack trace:
L 12/15/2020 - 23:59:05: [SM]   [1] Line 202, restrictinc/events.sp::CS_OnBuyCommand
L 12/15/2020 - 23:59:44: [SM] Exception reported: Array index out-of-bounds (index 64, limit 55)
L 12/15/2020 - 23:59:44: [SM] Blaming: weapon_restrict.smx
L 12/15/2020 - 23:59:44: [SM] Call stack trace:
L 12/15/2020 - 23:59:44: [SM]   [1] Line 202, restrictinc/events.sp::CS_OnBuyCommand
L 12/16/2020 - 00:00:20: Error log file session closed.
