L 02/22/2021 - 08:15:10: SourceMod error session started
L 02/22/2021 - 08:15:10: Info (map "de_bank") (file "/home/tcagame/jackm1/599/csgo/addons/sourcemod/logs/errors_20210222.log")
L 02/22/2021 - 08:15:10: [SM] Fatal error encountered parsing translation file "advadmin.phrases.txt"
L 02/22/2021 - 08:15:10: [SM] Error (line 0, column 0): Stream failed to open
L 02/22/2021 - 08:17:22: [SM] Exception reported: Language phrase "Player_Connected_From" not found (arg 3)
L 02/22/2021 - 08:17:22: [SM] Blaming: advadmin.smx
L 02/22/2021 - 08:17:22: [SM] Call stack trace:
L 02/22/2021 - 08:17:22: [SM]   [0] VFormat
L 02/22/2021 - 08:17:22: [SM]   [1] Line 386, /groups/sourcemod/compiler-1.10/include/halflife.inc::PrintToChatAll
L 02/22/2021 - 08:17:22: [SM]   [2] Line 141, /home/groups/sourcemod/upload_tmp/phpRYtiXm.sp::OnClientAuthorized
L 02/22/2021 - 08:20:22: [SM] Exception reported: Array index out-of-bounds (index 64, limit 55)
L 02/22/2021 - 08:20:22: [SM] Blaming: weapon_restrict.smx
L 02/22/2021 - 08:20:22: [SM] Call stack trace:
L 02/22/2021 - 08:20:22: [SM]   [1] Line 202, restrictinc/events.sp::CS_OnBuyCommand
L 02/22/2021 - 08:21:12: [SM] Exception reported: Array index out-of-bounds (index 64, limit 55)
L 02/22/2021 - 08:21:12: [SM] Blaming: weapon_restrict.smx
L 02/22/2021 - 08:21:12: [SM] Call stack trace:
L 02/22/2021 - 08:21:12: [SM]   [1] Line 202, restrictinc/events.sp::CS_OnBuyCommand
L 02/22/2021 - 08:25:10: [SM] Exception reported: Array index out-of-bounds (index 64, limit 55)
L 02/22/2021 - 08:25:10: [SM] Blaming: weapon_restrict.smx
L 02/22/2021 - 08:25:10: [SM] Call stack trace:
L 02/22/2021 - 08:25:10: [SM]   [1] Line 202, restrictinc/events.sp::CS_OnBuyCommand
L 02/22/2021 - 08:30:01: [SM] Exception reported: Language phrase "Player_Connected_From" not found (arg 3)
L 02/22/2021 - 08:30:01: [SM] Blaming: advadmin.smx
L 02/22/2021 - 08:30:01: [SM] Call stack trace:
L 02/22/2021 - 08:30:01: [SM]   [0] VFormat
L 02/22/2021 - 08:30:01: [SM]   [1] Line 386, /groups/sourcemod/compiler-1.10/include/halflife.inc::PrintToChatAll
L 02/22/2021 - 08:30:01: [SM]   [2] Line 141, /home/groups/sourcemod/upload_tmp/phpRYtiXm.sp::OnClientAuthorized
L 02/22/2021 - 08:31:12: [SM] Exception reported: Array index out-of-bounds (index 64, limit 55)
L 02/22/2021 - 08:31:12: [SM] Blaming: weapon_restrict.smx
L 02/22/2021 - 08:31:12: [SM] Call stack trace:
L 02/22/2021 - 08:31:12: [SM]   [1] Line 202, restrictinc/events.sp::CS_OnBuyCommand
L 02/22/2021 - 08:32:28: [SM] Exception reported: Array index out-of-bounds (index 64, limit 55)
L 02/22/2021 - 08:32:28: [SM] Blaming: weapon_restrict.smx
L 02/22/2021 - 08:32:28: [SM] Call stack trace:
L 02/22/2021 - 08:32:28: [SM]   [1] Line 202, restrictinc/events.sp::CS_OnBuyCommand
L 02/22/2021 - 08:32:59: [SM] Exception reported: Array index out-of-bounds (index 64, limit 55)
L 02/22/2021 - 08:32:59: [SM] Blaming: weapon_restrict.smx
L 02/22/2021 - 08:32:59: [SM] Call stack trace:
L 02/22/2021 - 08:32:59: [SM]   [1] Line 202, restrictinc/events.sp::CS_OnBuyCommand
L 02/22/2021 - 08:36:49: [SM] Exception reported: Array index out-of-bounds (index 64, limit 55)
L 02/22/2021 - 08:36:49: [SM] Blaming: weapon_restrict.smx
L 02/22/2021 - 08:36:49: [SM] Call stack trace:
L 02/22/2021 - 08:36:49: [SM]   [1] Line 202, restrictinc/events.sp::CS_OnBuyCommand
L 02/22/2021 - 08:39:47: [SM] Exception reported: Array index out-of-bounds (index 64, limit 55)
L 02/22/2021 - 08:39:47: [SM] Blaming: weapon_restrict.smx
L 02/22/2021 - 08:39:47: [SM] Call stack trace:
L 02/22/2021 - 08:39:47: [SM]   [1] Line 202, restrictinc/events.sp::CS_OnBuyCommand
L 02/22/2021 - 08:40:41: [SM] Exception reported: Array index out-of-bounds (index 64, limit 55)
L 02/22/2021 - 08:40:41: [SM] Blaming: weapon_restrict.smx
L 02/22/2021 - 08:40:41: [SM] Call stack trace:
L 02/22/2021 - 08:40:41: [SM]   [1] Line 202, restrictinc/events.sp::CS_OnBuyCommand
L 02/22/2021 - 08:42:49: [SM] Exception reported: Array index out-of-bounds (index 64, limit 55)
L 02/22/2021 - 08:42:49: [SM] Blaming: weapon_restrict.smx
L 02/22/2021 - 08:42:49: [SM] Call stack trace:
L 02/22/2021 - 08:42:49: [SM]   [1] Line 202, restrictinc/events.sp::CS_OnBuyCommand
L 02/22/2021 - 08:45:43: [SM] Exception reported: Array index out-of-bounds (index 64, limit 55)
L 02/22/2021 - 08:45:43: [SM] Blaming: weapon_restrict.smx
L 02/22/2021 - 08:45:43: [SM] Call stack trace:
L 02/22/2021 - 08:45:43: [SM]   [1] Line 202, restrictinc/events.sp::CS_OnBuyCommand
L 02/22/2021 - 08:45:43: [SM] Exception reported: Array index out-of-bounds (index 64, limit 55)
L 02/22/2021 - 08:45:43: [SM] Blaming: weapon_restrict.smx
L 02/22/2021 - 08:45:43: [SM] Call stack trace:
L 02/22/2021 - 08:45:43: [SM]   [1] Line 202, restrictinc/events.sp::CS_OnBuyCommand
L 02/22/2021 - 08:46:16: [SM] Exception reported: Array index out-of-bounds (index 64, limit 55)
L 02/22/2021 - 08:46:16: [SM] Blaming: weapon_restrict.smx
L 02/22/2021 - 08:46:16: [SM] Call stack trace:
L 02/22/2021 - 08:46:16: [SM]   [1] Line 202, restrictinc/events.sp::CS_OnBuyCommand
L 02/22/2021 - 08:46:55: [SM] Exception reported: Array index out-of-bounds (index 64, limit 55)
L 02/22/2021 - 08:46:55: [SM] Blaming: weapon_restrict.smx
L 02/22/2021 - 08:46:55: [SM] Call stack trace:
L 02/22/2021 - 08:46:55: [SM]   [1] Line 202, restrictinc/events.sp::CS_OnBuyCommand
L 02/22/2021 - 08:51:41: [SM] Exception reported: Array index out-of-bounds (index 64, limit 55)
L 02/22/2021 - 08:51:41: [SM] Blaming: weapon_restrict.smx
L 02/22/2021 - 08:51:41: [SM] Call stack trace:
L 02/22/2021 - 08:51:41: [SM]   [1] Line 202, restrictinc/events.sp::CS_OnBuyCommand
L 02/22/2021 - 08:51:42: [SM] Exception reported: Array index out-of-bounds (index 64, limit 55)
L 02/22/2021 - 08:51:42: [SM] Blaming: weapon_restrict.smx
L 02/22/2021 - 08:51:42: [SM] Call stack trace:
L 02/22/2021 - 08:51:42: [SM]   [1] Line 202, restrictinc/events.sp::CS_OnBuyCommand
L 02/22/2021 - 08:57:42: [SM] Exception reported: Array index out-of-bounds (index 64, limit 55)
L 02/22/2021 - 08:57:42: [SM] Blaming: weapon_restrict.smx
L 02/22/2021 - 08:57:42: [SM] Call stack trace:
L 02/22/2021 - 08:57:42: [SM]   [1] Line 202, restrictinc/events.sp::CS_OnBuyCommand
L 02/22/2021 - 08:57:52: [SM] Exception reported: Language phrase "Player_Connected_From" not found (arg 3)
L 02/22/2021 - 08:57:52: [SM] Blaming: advadmin.smx
L 02/22/2021 - 08:57:52: [SM] Call stack trace:
L 02/22/2021 - 08:57:52: [SM]   [0] VFormat
L 02/22/2021 - 08:57:52: [SM]   [1] Line 386, /groups/sourcemod/compiler-1.10/include/halflife.inc::PrintToChatAll
L 02/22/2021 - 08:57:52: [SM]   [2] Line 141, /home/groups/sourcemod/upload_tmp/phpRYtiXm.sp::OnClientAuthorized
L 02/22/2021 - 08:57:59: [SM] Exception reported: Language phrase "Player_Connected_From" not found (arg 3)
L 02/22/2021 - 08:57:59: [SM] Blaming: advadmin.smx
L 02/22/2021 - 08:57:59: [SM] Call stack trace:
L 02/22/2021 - 08:57:59: [SM]   [0] VFormat
L 02/22/2021 - 08:57:59: [SM]   [1] Line 386, /groups/sourcemod/compiler-1.10/include/halflife.inc::PrintToChatAll
L 02/22/2021 - 08:57:59: [SM]   [2] Line 141, /home/groups/sourcemod/upload_tmp/phpRYtiXm.sp::OnClientAuthorized
L 02/22/2021 - 08:58:45: [SM] Exception reported: Language phrase "Player_Connected_From" not found (arg 3)
L 02/22/2021 - 08:58:45: [SM] Blaming: advadmin.smx
L 02/22/2021 - 08:58:45: [SM] Call stack trace:
L 02/22/2021 - 08:58:45: [SM]   [0] VFormat
L 02/22/2021 - 08:58:45: [SM]   [1] Line 386, /groups/sourcemod/compiler-1.10/include/halflife.inc::PrintToChatAll
L 02/22/2021 - 08:58:45: [SM]   [2] Line 141, /home/groups/sourcemod/upload_tmp/phpRYtiXm.sp::OnClientAuthorized
L 02/22/2021 - 08:59:20: [SM] Exception reported: Array index out-of-bounds (index 64, limit 55)
L 02/22/2021 - 08:59:20: [SM] Blaming: weapon_restrict.smx
L 02/22/2021 - 08:59:20: [SM] Call stack trace:
L 02/22/2021 - 08:59:20: [SM]   [1] Line 202, restrictinc/events.sp::CS_OnBuyCommand
L 02/22/2021 - 08:59:21: [SM] Exception reported: Array index out-of-bounds (index 64, limit 55)
L 02/22/2021 - 08:59:21: [SM] Blaming: weapon_restrict.smx
L 02/22/2021 - 08:59:21: [SM] Call stack trace:
L 02/22/2021 - 08:59:21: [SM]   [1] Line 202, restrictinc/events.sp::CS_OnBuyCommand
L 02/22/2021 - 09:00:00: [SM] Exception reported: Array index out-of-bounds (index 64, limit 55)
L 02/22/2021 - 09:00:00: [SM] Blaming: weapon_restrict.smx
L 02/22/2021 - 09:00:00: [SM] Call stack trace:
L 02/22/2021 - 09:00:00: [SM]   [1] Line 202, restrictinc/events.sp::CS_OnBuyCommand
L 02/22/2021 - 09:02:08: [SM] Exception reported: Language phrase "Player_Connected_From" not found (arg 3)
L 02/22/2021 - 09:02:08: [SM] Blaming: advadmin.smx
L 02/22/2021 - 09:02:08: [SM] Call stack trace:
L 02/22/2021 - 09:02:08: [SM]   [0] VFormat
L 02/22/2021 - 09:02:08: [SM]   [1] Line 386, /groups/sourcemod/compiler-1.10/include/halflife.inc::PrintToChatAll
L 02/22/2021 - 09:02:08: [SM]   [2] Line 141, /home/groups/sourcemod/upload_tmp/phpRYtiXm.sp::OnClientAuthorized
L 02/22/2021 - 09:05:31: [SM] Exception reported: Array index out-of-bounds (index 64, limit 55)
L 02/22/2021 - 09:05:31: [SM] Blaming: weapon_restrict.smx
L 02/22/2021 - 09:05:31: [SM] Call stack trace:
L 02/22/2021 - 09:05:31: [SM]   [1] Line 202, restrictinc/events.sp::CS_OnBuyCommand
L 02/22/2021 - 09:05:31: [SM] Exception reported: Array index out-of-bounds (index 64, limit 55)
L 02/22/2021 - 09:05:31: [SM] Blaming: weapon_restrict.smx
L 02/22/2021 - 09:05:31: [SM] Call stack trace:
L 02/22/2021 - 09:05:31: [SM]   [1] Line 202, restrictinc/events.sp::CS_OnBuyCommand
L 02/22/2021 - 09:05:31: [SM] Exception reported: Array index out-of-bounds (index 64, limit 55)
L 02/22/2021 - 09:05:31: [SM] Blaming: weapon_restrict.smx
L 02/22/2021 - 09:05:31: [SM] Call stack trace:
L 02/22/2021 - 09:05:31: [SM]   [1] Line 202, restrictinc/events.sp::CS_OnBuyCommand
L 02/22/2021 - 09:05:33: [SM] Exception reported: Array index out-of-bounds (index 64, limit 55)
L 02/22/2021 - 09:05:33: [SM] Blaming: weapon_restrict.smx
L 02/22/2021 - 09:05:33: [SM] Call stack trace:
L 02/22/2021 - 09:05:33: [SM]   [1] Line 202, restrictinc/events.sp::CS_OnBuyCommand
L 02/22/2021 - 09:07:08: [SM] Exception reported: Array index out-of-bounds (index 64, limit 55)
L 02/22/2021 - 09:07:08: [SM] Blaming: weapon_restrict.smx
L 02/22/2021 - 09:07:08: [SM] Call stack trace:
L 02/22/2021 - 09:07:08: [SM]   [1] Line 202, restrictinc/events.sp::CS_OnBuyCommand
L 02/22/2021 - 09:07:10: [SM] Exception reported: Array index out-of-bounds (index 64, limit 55)
L 02/22/2021 - 09:07:10: [SM] Blaming: weapon_restrict.smx
L 02/22/2021 - 09:07:10: [SM] Call stack trace:
L 02/22/2021 - 09:07:10: [SM]   [1] Line 202, restrictinc/events.sp::CS_OnBuyCommand
L 02/22/2021 - 09:07:57: [SM] Exception reported: Array index out-of-bounds (index 64, limit 55)
L 02/22/2021 - 09:07:57: [SM] Blaming: weapon_restrict.smx
L 02/22/2021 - 09:07:57: [SM] Call stack trace:
L 02/22/2021 - 09:07:57: [SM]   [1] Line 202, restrictinc/events.sp::CS_OnBuyCommand
L 02/22/2021 - 09:08:35: [SM] Exception reported: Array index out-of-bounds (index 64, limit 55)
L 02/22/2021 - 09:08:35: [SM] Blaming: weapon_restrict.smx
L 02/22/2021 - 09:08:35: [SM] Call stack trace:
L 02/22/2021 - 09:08:35: [SM]   [1] Line 202, restrictinc/events.sp::CS_OnBuyCommand
L 02/22/2021 - 09:09:37: [SM] Exception reported: Array index out-of-bounds (index 64, limit 55)
L 02/22/2021 - 09:09:37: [SM] Blaming: weapon_restrict.smx
L 02/22/2021 - 09:09:37: [SM] Call stack trace:
L 02/22/2021 - 09:09:37: [SM]   [1] Line 202, restrictinc/events.sp::CS_OnBuyCommand
L 02/22/2021 - 10:53:04: Error log file session closed.
L 02/22/2021 - 10:53:04: SourceMod error session started
L 02/22/2021 - 10:53:04: Info (map "de_bank") (file "/home/tcagame/jackm1/599/csgo/addons/sourcemod/logs/errors_20210222.log")
L 02/22/2021 - 10:53:04: [SM] Fatal error encountered parsing translation file "advadmin.phrases.txt"
L 02/22/2021 - 10:53:04: [SM] Error (line 0, column 0): Stream failed to open
L 02/22/2021 - 10:53:19: [SM] Exception reported: Language phrase "Player_Connected_From" not found (arg 3)
L 02/22/2021 - 10:53:19: [SM] Blaming: advadmin.smx
L 02/22/2021 - 10:53:19: [SM] Call stack trace:
L 02/22/2021 - 10:53:19: [SM]   [0] VFormat
L 02/22/2021 - 10:53:19: [SM]   [1] Line 386, /groups/sourcemod/compiler-1.10/include/halflife.inc::PrintToChatAll
L 02/22/2021 - 10:53:19: [SM]   [2] Line 141, /home/groups/sourcemod/upload_tmp/phpRYtiXm.sp::OnClientAuthorized
L 02/22/2021 - 10:54:10: [SM] Exception reported: Array index out-of-bounds (index 64, limit 55)
L 02/22/2021 - 10:54:10: [SM] Blaming: weapon_restrict.smx
L 02/22/2021 - 10:54:10: [SM] Call stack trace:
L 02/22/2021 - 10:54:10: [SM]   [1] Line 202, restrictinc/events.sp::CS_OnBuyCommand
L 02/22/2021 - 10:59:38: Error log file session closed.
L 02/22/2021 - 10:59:38: SourceMod error session started
L 02/22/2021 - 10:59:38: Info (map "de_vertigo") (file "/home/tcagame/jackm1/599/csgo/addons/sourcemod/logs/errors_20210222.log")
L 02/22/2021 - 10:59:38: [SM] Fatal error encountered parsing translation file "advadmin.phrases.txt"
L 02/22/2021 - 10:59:38: [SM] Error (line 0, column 0): Stream failed to open
L 02/22/2021 - 11:01:21: [SM] Exception reported: Array index out-of-bounds (index 64, limit 55)
L 02/22/2021 - 11:01:21: [SM] Blaming: weapon_restrict.smx
L 02/22/2021 - 11:01:21: [SM] Call stack trace:
L 02/22/2021 - 11:01:21: [SM]   [1] Line 202, restrictinc/events.sp::CS_OnBuyCommand
L 02/22/2021 - 11:01:53: [SM] Exception reported: Array index out-of-bounds (index 64, limit 55)
L 02/22/2021 - 11:01:53: [SM] Blaming: weapon_restrict.smx
L 02/22/2021 - 11:01:53: [SM] Call stack trace:
L 02/22/2021 - 11:01:53: [SM]   [1] Line 202, restrictinc/events.sp::CS_OnBuyCommand
L 02/22/2021 - 11:01:56: [SM] Exception reported: Array index out-of-bounds (index 64, limit 55)
L 02/22/2021 - 11:01:56: [SM] Blaming: weapon_restrict.smx
L 02/22/2021 - 11:01:56: [SM] Call stack trace:
L 02/22/2021 - 11:01:56: [SM]   [1] Line 202, restrictinc/events.sp::CS_OnBuyCommand
L 02/22/2021 - 11:02:05: [SM] Exception reported: Array index out-of-bounds (index 64, limit 55)
L 02/22/2021 - 11:02:05: [SM] Blaming: weapon_restrict.smx
L 02/22/2021 - 11:02:05: [SM] Call stack trace:
L 02/22/2021 - 11:02:05: [SM]   [1] Line 202, restrictinc/events.sp::CS_OnBuyCommand
L 02/22/2021 - 11:03:20: [SM] Exception reported: Array index out-of-bounds (index 64, limit 55)
L 02/22/2021 - 11:03:20: [SM] Blaming: weapon_restrict.smx
L 02/22/2021 - 11:03:20: [SM] Call stack trace:
L 02/22/2021 - 11:03:20: [SM]   [1] Line 202, restrictinc/events.sp::CS_OnBuyCommand
L 02/22/2021 - 11:08:29: [SM] Exception reported: Array index out-of-bounds (index 64, limit 55)
L 02/22/2021 - 11:08:29: [SM] Blaming: weapon_restrict.smx
L 02/22/2021 - 11:08:29: [SM] Call stack trace:
L 02/22/2021 - 11:08:29: [SM]   [1] Line 202, restrictinc/events.sp::CS_OnBuyCommand
L 02/22/2021 - 11:08:31: [SM] Exception reported: Array index out-of-bounds (index 64, limit 55)
L 02/22/2021 - 11:08:31: [SM] Blaming: weapon_restrict.smx
L 02/22/2021 - 11:08:31: [SM] Call stack trace:
L 02/22/2021 - 11:08:31: [SM]   [1] Line 202, restrictinc/events.sp::CS_OnBuyCommand
L 02/22/2021 - 11:08:57: [SM] Exception reported: Array index out-of-bounds (index 64, limit 55)
L 02/22/2021 - 11:08:57: [SM] Blaming: weapon_restrict.smx
L 02/22/2021 - 11:08:57: [SM] Call stack trace:
L 02/22/2021 - 11:08:57: [SM]   [1] Line 202, restrictinc/events.sp::CS_OnBuyCommand
L 02/22/2021 - 11:09:55: [SM] Exception reported: Array index out-of-bounds (index 64, limit 55)
L 02/22/2021 - 11:09:55: [SM] Blaming: weapon_restrict.smx
L 02/22/2021 - 11:09:55: [SM] Call stack trace:
L 02/22/2021 - 11:09:55: [SM]   [1] Line 202, restrictinc/events.sp::CS_OnBuyCommand
L 02/22/2021 - 11:54:52: Error log file session closed.
L 02/22/2021 - 11:54:52: SourceMod error session started
L 02/22/2021 - 11:54:52: Info (map "de_vertigo") (file "/home/tcagame/jackm1/599/csgo/addons/sourcemod/logs/errors_20210222.log")
L 02/22/2021 - 11:54:52: [SM] Fatal error encountered parsing translation file "advadmin.phrases.txt"
L 02/22/2021 - 11:54:52: [SM] Error (line 0, column 0): Stream failed to open
L 02/22/2021 - 11:55:12: [SM] Exception reported: Array index out-of-bounds (index 64, limit 55)
L 02/22/2021 - 11:55:12: [SM] Blaming: weapon_restrict.smx
L 02/22/2021 - 11:55:12: [SM] Call stack trace:
L 02/22/2021 - 11:55:12: [SM]   [1] Line 202, restrictinc/events.sp::CS_OnBuyCommand
L 02/22/2021 - 11:55:23: [SM] Exception reported: Language phrase "Player_Connected_From" not found (arg 3)
L 02/22/2021 - 11:55:23: [SM] Blaming: advadmin.smx
L 02/22/2021 - 11:55:23: [SM] Call stack trace:
L 02/22/2021 - 11:55:23: [SM]   [0] VFormat
L 02/22/2021 - 11:55:23: [SM]   [1] Line 386, /groups/sourcemod/compiler-1.10/include/halflife.inc::PrintToChatAll
L 02/22/2021 - 11:55:23: [SM]   [2] Line 141, /home/groups/sourcemod/upload_tmp/phpRYtiXm.sp::OnClientAuthorized
L 02/22/2021 - 12:17:39: [SM] Exception reported: Language phrase "Player_Connected_From" not found (arg 3)
L 02/22/2021 - 12:17:39: [SM] Blaming: advadmin.smx
L 02/22/2021 - 12:17:39: [SM] Call stack trace:
L 02/22/2021 - 12:17:39: [SM]   [0] VFormat
L 02/22/2021 - 12:17:39: [SM]   [1] Line 386, /groups/sourcemod/compiler-1.10/include/halflife.inc::PrintToChatAll
L 02/22/2021 - 12:17:39: [SM]   [2] Line 141, /home/groups/sourcemod/upload_tmp/phpRYtiXm.sp::OnClientAuthorized
L 02/22/2021 - 12:22:14: [SM] Exception reported: Array index out-of-bounds (index 64, limit 55)
L 02/22/2021 - 12:22:14: [SM] Blaming: weapon_restrict.smx
L 02/22/2021 - 12:22:14: [SM] Call stack trace:
L 02/22/2021 - 12:22:14: [SM]   [1] Line 202, restrictinc/events.sp::CS_OnBuyCommand
L 02/22/2021 - 12:23:22: [SM] Exception reported: Array index out-of-bounds (index 64, limit 55)
L 02/22/2021 - 12:23:22: [SM] Blaming: weapon_restrict.smx
L 02/22/2021 - 12:23:22: [SM] Call stack trace:
L 02/22/2021 - 12:23:22: [SM]   [1] Line 202, restrictinc/events.sp::CS_OnBuyCommand
L 02/22/2021 - 12:26:53: [SM] Exception reported: Language phrase "Player_Connected_From" not found (arg 3)
L 02/22/2021 - 12:26:53: [SM] Blaming: advadmin.smx
L 02/22/2021 - 12:26:53: [SM] Call stack trace:
L 02/22/2021 - 12:26:53: [SM]   [0] VFormat
L 02/22/2021 - 12:26:53: [SM]   [1] Line 386, /groups/sourcemod/compiler-1.10/include/halflife.inc::PrintToChatAll
L 02/22/2021 - 12:26:53: [SM]   [2] Line 141, /home/groups/sourcemod/upload_tmp/phpRYtiXm.sp::OnClientAuthorized
L 02/22/2021 - 12:31:03: [SM] Exception reported: Array index out-of-bounds (index 64, limit 55)
L 02/22/2021 - 12:31:03: [SM] Blaming: weapon_restrict.smx
L 02/22/2021 - 12:31:03: [SM] Call stack trace:
L 02/22/2021 - 12:31:03: [SM]   [1] Line 202, restrictinc/events.sp::CS_OnBuyCommand
L 02/22/2021 - 12:31:55: [SM] Exception reported: Language phrase "Player_Connected_From" not found (arg 3)
L 02/22/2021 - 12:31:55: [SM] Blaming: advadmin.smx
L 02/22/2021 - 12:31:55: [SM] Call stack trace:
L 02/22/2021 - 12:31:55: [SM]   [0] VFormat
L 02/22/2021 - 12:31:55: [SM]   [1] Line 386, /groups/sourcemod/compiler-1.10/include/halflife.inc::PrintToChatAll
L 02/22/2021 - 12:31:55: [SM]   [2] Line 141, /home/groups/sourcemod/upload_tmp/phpRYtiXm.sp::OnClientAuthorized
L 02/22/2021 - 12:38:51: [SM] Exception reported: Array index out-of-bounds (index 64, limit 55)
L 02/22/2021 - 12:38:51: [SM] Blaming: weapon_restrict.smx
L 02/22/2021 - 12:38:51: [SM] Call stack trace:
L 02/22/2021 - 12:38:51: [SM]   [1] Line 202, restrictinc/events.sp::CS_OnBuyCommand
L 02/22/2021 - 12:39:23: [SM] Exception reported: Array index out-of-bounds (index 64, limit 55)
L 02/22/2021 - 12:39:23: [SM] Blaming: weapon_restrict.smx
L 02/22/2021 - 12:39:23: [SM] Call stack trace:
L 02/22/2021 - 12:39:23: [SM]   [1] Line 202, restrictinc/events.sp::CS_OnBuyCommand
L 02/22/2021 - 12:41:53: [SM] Exception reported: Language phrase "Player_Connected_From" not found (arg 3)
L 02/22/2021 - 12:41:53: [SM] Blaming: advadmin.smx
L 02/22/2021 - 12:41:53: [SM] Call stack trace:
L 02/22/2021 - 12:41:53: [SM]   [0] VFormat
L 02/22/2021 - 12:41:53: [SM]   [1] Line 386, /groups/sourcemod/compiler-1.10/include/halflife.inc::PrintToChatAll
L 02/22/2021 - 12:41:53: [SM]   [2] Line 141, /home/groups/sourcemod/upload_tmp/phpRYtiXm.sp::OnClientAuthorized
L 02/22/2021 - 12:42:36: [SM] Exception reported: Array index out-of-bounds (index 64, limit 55)
L 02/22/2021 - 12:42:36: [SM] Blaming: weapon_restrict.smx
L 02/22/2021 - 12:42:36: [SM] Call stack trace:
L 02/22/2021 - 12:42:36: [SM]   [1] Line 202, restrictinc/events.sp::CS_OnBuyCommand
L 02/22/2021 - 12:43:52: Error log file session closed.
L 02/22/2021 - 12:43:52: SourceMod error session started
L 02/22/2021 - 12:43:52: Info (map "de_dust2") (file "/home/tcagame/jackm1/599/csgo/addons/sourcemod/logs/errors_20210222.log")
L 02/22/2021 - 12:43:52: [SM] Fatal error encountered parsing translation file "advadmin.phrases.txt"
L 02/22/2021 - 12:43:52: [SM] Error (line 0, column 0): Stream failed to open
L 02/22/2021 - 15:15:09: Error log file session closed.
L 02/22/2021 - 15:15:09: SourceMod error session started
L 02/22/2021 - 15:15:09: Info (map "de_dust2") (file "/home/tcagame/jackm1/599/csgo/addons/sourcemod/logs/errors_20210222.log")
L 02/22/2021 - 15:15:09: [SM] Fatal error encountered parsing translation file "advadmin.phrases.txt"
L 02/22/2021 - 15:15:09: [SM] Error (line 0, column 0): Stream failed to open
L 02/22/2021 - 15:16:14: [SM] Exception reported: Language phrase "Player_Connected_From" not found (arg 3)
L 02/22/2021 - 15:16:14: [SM] Blaming: advadmin.smx
L 02/22/2021 - 15:16:14: [SM] Call stack trace:
L 02/22/2021 - 15:16:14: [SM]   [0] VFormat
L 02/22/2021 - 15:16:14: [SM]   [1] Line 386, /groups/sourcemod/compiler-1.10/include/halflife.inc::PrintToChatAll
L 02/22/2021 - 15:16:14: [SM]   [2] Line 141, /home/groups/sourcemod/upload_tmp/phpRYtiXm.sp::OnClientAuthorized
L 02/22/2021 - 15:19:05: Error log file session closed.
L 02/22/2021 - 15:19:05: SourceMod error session started
L 02/22/2021 - 15:19:05: Info (map "de_inferno") (file "/home/tcagame/jackm1/599/csgo/addons/sourcemod/logs/errors_20210222.log")
L 02/22/2021 - 15:19:05: [SM] Fatal error encountered parsing translation file "advadmin.phrases.txt"
L 02/22/2021 - 15:19:05: [SM] Error (line 0, column 0): Stream failed to open
L 02/22/2021 - 15:20:30: [SM] Exception reported: Language phrase "CMD_Swap_Usage" not found (arg 4)
L 02/22/2021 - 15:20:30: [SM] Blaming: advadmin.smx
L 02/22/2021 - 15:20:30: [SM] Call stack trace:
L 02/22/2021 - 15:20:30: [SM]   [0] ReplyToCommand
L 02/22/2021 - 15:20:30: [SM]   [1] Line 659, /home/groups/sourcemod/upload_tmp/phpRYtiXm.sp::CMD_Swap
L 02/22/2021 - 15:20:30: [SM]   [3] FakeClientCommand
L 02/22/2021 - 15:20:30: [SM]   [4] Line 1054, ./scripting/pugsetup.sp::CheckChatAlias
L 02/22/2021 - 15:20:30: [SM]   [5] Line 1082, ./scripting/pugsetup.sp::OnClientSayCommand_Post
L 02/22/2021 - 15:21:56: [SM] Exception reported: Array index out-of-bounds (index 64, limit 55)
L 02/22/2021 - 15:21:56: [SM] Blaming: weapon_restrict.smx
L 02/22/2021 - 15:21:56: [SM] Call stack trace:
L 02/22/2021 - 15:21:56: [SM]   [1] Line 202, restrictinc/events.sp::CS_OnBuyCommand
L 02/22/2021 - 15:22:03: [SM] Exception reported: Array index out-of-bounds (index 64, limit 55)
L 02/22/2021 - 15:22:03: [SM] Blaming: weapon_restrict.smx
L 02/22/2021 - 15:22:03: [SM] Call stack trace:
L 02/22/2021 - 15:22:03: [SM]   [1] Line 202, restrictinc/events.sp::CS_OnBuyCommand
L 02/22/2021 - 15:29:03: [SM] Exception reported: Array index out-of-bounds (index 64, limit 55)
L 02/22/2021 - 15:29:03: [SM] Blaming: weapon_restrict.smx
L 02/22/2021 - 15:29:03: [SM] Call stack trace:
L 02/22/2021 - 15:29:03: [SM]   [1] Line 202, restrictinc/events.sp::CS_OnBuyCommand
L 02/22/2021 - 15:30:46: [SM] Exception reported: Array index out-of-bounds (index 64, limit 55)
L 02/22/2021 - 15:30:46: [SM] Blaming: weapon_restrict.smx
L 02/22/2021 - 15:30:46: [SM] Call stack trace:
L 02/22/2021 - 15:30:46: [SM]   [1] Line 202, restrictinc/events.sp::CS_OnBuyCommand
L 02/22/2021 - 15:33:59: Error log file session closed.
L 02/22/2021 - 15:33:59: SourceMod error session started
L 02/22/2021 - 15:33:59: Info (map "de_lake") (file "/home/tcagame/jackm1/599/csgo/addons/sourcemod/logs/errors_20210222.log")
L 02/22/2021 - 15:33:59: [SM] Fatal error encountered parsing translation file "advadmin.phrases.txt"
L 02/22/2021 - 15:33:59: [SM] Error (line 0, column 0): Stream failed to open
L 02/22/2021 - 15:34:33: [SM] Exception reported: Array index out-of-bounds (index 64, limit 55)
L 02/22/2021 - 15:34:33: [SM] Blaming: weapon_restrict.smx
L 02/22/2021 - 15:34:33: [SM] Call stack trace:
L 02/22/2021 - 15:34:33: [SM]   [1] Line 202, restrictinc/events.sp::CS_OnBuyCommand
L 02/22/2021 - 15:34:34: [SM] Exception reported: Array index out-of-bounds (index 64, limit 55)
L 02/22/2021 - 15:34:34: [SM] Blaming: weapon_restrict.smx
L 02/22/2021 - 15:34:34: [SM] Call stack trace:
L 02/22/2021 - 15:34:34: [SM]   [1] Line 202, restrictinc/events.sp::CS_OnBuyCommand
L 02/22/2021 - 15:35:16: [SM] Exception reported: Array index out-of-bounds (index 64, limit 55)
L 02/22/2021 - 15:35:16: [SM] Blaming: weapon_restrict.smx
L 02/22/2021 - 15:35:16: [SM] Call stack trace:
L 02/22/2021 - 15:35:16: [SM]   [1] Line 202, restrictinc/events.sp::CS_OnBuyCommand
L 02/22/2021 - 15:35:18: [SM] Exception reported: Array index out-of-bounds (index 64, limit 55)
L 02/22/2021 - 15:35:18: [SM] Blaming: weapon_restrict.smx
L 02/22/2021 - 15:35:18: [SM] Call stack trace:
L 02/22/2021 - 15:35:18: [SM]   [1] Line 202, restrictinc/events.sp::CS_OnBuyCommand
L 02/22/2021 - 15:35:18: [SM] Exception reported: Array index out-of-bounds (index 64, limit 55)
L 02/22/2021 - 15:35:18: [SM] Blaming: weapon_restrict.smx
L 02/22/2021 - 15:35:18: [SM] Call stack trace:
L 02/22/2021 - 15:35:18: [SM]   [1] Line 202, restrictinc/events.sp::CS_OnBuyCommand
L 02/22/2021 - 15:42:41: [SM] Exception reported: Array index out-of-bounds (index 64, limit 55)
L 02/22/2021 - 15:42:41: [SM] Blaming: weapon_restrict.smx
L 02/22/2021 - 15:42:41: [SM] Call stack trace:
L 02/22/2021 - 15:42:41: [SM]   [1] Line 202, restrictinc/events.sp::CS_OnBuyCommand
L 02/22/2021 - 15:42:41: [SM] Exception reported: Array index out-of-bounds (index 64, limit 55)
L 02/22/2021 - 15:42:41: [SM] Blaming: weapon_restrict.smx
L 02/22/2021 - 15:42:41: [SM] Call stack trace:
L 02/22/2021 - 15:42:41: [SM]   [1] Line 202, restrictinc/events.sp::CS_OnBuyCommand
L 02/22/2021 - 15:46:53: Error log file session closed.
L 02/22/2021 - 15:46:53: SourceMod error session started
L 02/22/2021 - 15:46:53: Info (map "de_lake") (file "/home/tcagame/jackm1/599/csgo/addons/sourcemod/logs/errors_20210222.log")
L 02/22/2021 - 15:46:53: [SM] Fatal error encountered parsing translation file "advadmin.phrases.txt"
L 02/22/2021 - 15:46:53: [SM] Error (line 0, column 0): Stream failed to open
L 02/22/2021 - 17:51:34: Error log file session closed.
L 02/22/2021 - 17:51:34: SourceMod error session started
L 02/22/2021 - 17:51:34: Info (map "de_lake") (file "/home/tcagame/jackm1/599/csgo/addons/sourcemod/logs/errors_20210222.log")
L 02/22/2021 - 17:51:34: [SM] Fatal error encountered parsing translation file "advadmin.phrases.txt"
L 02/22/2021 - 17:51:34: [SM] Error (line 0, column 0): Stream failed to open
L 02/22/2021 - 17:52:11: [SM] Exception reported: Language phrase "Player_Connected_From" not found (arg 3)
L 02/22/2021 - 17:52:11: [SM] Blaming: advadmin.smx
L 02/22/2021 - 17:52:11: [SM] Call stack trace:
L 02/22/2021 - 17:52:11: [SM]   [0] VFormat
L 02/22/2021 - 17:52:11: [SM]   [1] Line 386, /groups/sourcemod/compiler-1.10/include/halflife.inc::PrintToChatAll
L 02/22/2021 - 17:52:11: [SM]   [2] Line 141, /home/groups/sourcemod/upload_tmp/phpRYtiXm.sp::OnClientAuthorized
L 02/22/2021 - 17:56:40: [SM] Exception reported: Array index out-of-bounds (index 64, limit 55)
L 02/22/2021 - 17:56:40: [SM] Blaming: weapon_restrict.smx
L 02/22/2021 - 17:56:40: [SM] Call stack trace:
L 02/22/2021 - 17:56:40: [SM]   [1] Line 202, restrictinc/events.sp::CS_OnBuyCommand
L 02/22/2021 - 17:56:46: [SM] Exception reported: Array index out-of-bounds (index 64, limit 55)
L 02/22/2021 - 17:56:46: [SM] Blaming: weapon_restrict.smx
L 02/22/2021 - 17:56:46: [SM] Call stack trace:
L 02/22/2021 - 17:56:46: [SM]   [1] Line 202, restrictinc/events.sp::CS_OnBuyCommand
L 02/22/2021 - 17:56:48: [SM] Exception reported: Array index out-of-bounds (index 64, limit 55)
L 02/22/2021 - 17:56:48: [SM] Blaming: weapon_restrict.smx
L 02/22/2021 - 17:56:48: [SM] Call stack trace:
L 02/22/2021 - 17:56:48: [SM]   [1] Line 202, restrictinc/events.sp::CS_OnBuyCommand
L 02/22/2021 - 17:57:00: [SM] Exception reported: Array index out-of-bounds (index 64, limit 55)
L 02/22/2021 - 17:57:00: [SM] Blaming: weapon_restrict.smx
L 02/22/2021 - 17:57:00: [SM] Call stack trace:
L 02/22/2021 - 17:57:00: [SM]   [1] Line 202, restrictinc/events.sp::CS_OnBuyCommand
L 02/22/2021 - 18:00:13: [SM] Exception reported: Language phrase "Player_Connected_From" not found (arg 3)
L 02/22/2021 - 18:00:13: [SM] Blaming: advadmin.smx
L 02/22/2021 - 18:00:13: [SM] Call stack trace:
L 02/22/2021 - 18:00:13: [SM]   [0] VFormat
L 02/22/2021 - 18:00:13: [SM]   [1] Line 386, /groups/sourcemod/compiler-1.10/include/halflife.inc::PrintToChatAll
L 02/22/2021 - 18:00:13: [SM]   [2] Line 141, /home/groups/sourcemod/upload_tmp/phpRYtiXm.sp::OnClientAuthorized
L 02/22/2021 - 18:01:42: Error log file session closed.
L 02/22/2021 - 18:01:42: SourceMod error session started
L 02/22/2021 - 18:01:42: Info (map "de_lake") (file "/home/tcagame/jackm1/599/csgo/addons/sourcemod/logs/errors_20210222.log")
L 02/22/2021 - 18:01:42: [SM] Fatal error encountered parsing translation file "advadmin.phrases.txt"
L 02/22/2021 - 18:01:42: [SM] Error (line 0, column 0): Stream failed to open
L 02/22/2021 - 18:01:50: [SM] Exception reported: Array index out-of-bounds (index 64, limit 55)
L 02/22/2021 - 18:01:50: [SM] Blaming: weapon_restrict.smx
L 02/22/2021 - 18:01:50: [SM] Call stack trace:
L 02/22/2021 - 18:01:50: [SM]   [1] Line 202, restrictinc/events.sp::CS_OnBuyCommand
L 02/22/2021 - 18:01:57: Error log file session closed.
L 02/22/2021 - 18:01:57: SourceMod error session started
L 02/22/2021 - 18:01:57: Info (map "de_bank") (file "/home/tcagame/jackm1/599/csgo/addons/sourcemod/logs/errors_20210222.log")
L 02/22/2021 - 18:01:57: [SM] Fatal error encountered parsing translation file "advadmin.phrases.txt"
L 02/22/2021 - 18:01:57: [SM] Error (line 0, column 0): Stream failed to open
L 02/22/2021 - 18:02:12: [SM] Exception reported: Array index out-of-bounds (index 64, limit 55)
L 02/22/2021 - 18:02:12: [SM] Blaming: weapon_restrict.smx
L 02/22/2021 - 18:02:12: [SM] Call stack trace:
L 02/22/2021 - 18:02:12: [SM]   [1] Line 202, restrictinc/events.sp::CS_OnBuyCommand
L 02/22/2021 - 18:02:15: [SM] Exception reported: Language phrase "Player_Connected" not found (arg 3)
L 02/22/2021 - 18:02:15: [SM] Blaming: advadmin.smx
L 02/22/2021 - 18:02:15: [SM] Call stack trace:
L 02/22/2021 - 18:02:15: [SM]   [0] VFormat
L 02/22/2021 - 18:02:15: [SM]   [1] Line 386, /groups/sourcemod/compiler-1.10/include/halflife.inc::PrintToChatAll
L 02/22/2021 - 18:02:15: [SM]   [2] Line 145, /home/groups/sourcemod/upload_tmp/phpRYtiXm.sp::OnClientAuthorized
L 02/22/2021 - 18:03:40: [SM] Exception reported: Array index out-of-bounds (index 64, limit 55)
L 02/22/2021 - 18:03:40: [SM] Blaming: weapon_restrict.smx
L 02/22/2021 - 18:03:40: [SM] Call stack trace:
L 02/22/2021 - 18:03:40: [SM]   [1] Line 202, restrictinc/events.sp::CS_OnBuyCommand
L 02/22/2021 - 18:04:14: [SM] Exception reported: Array index out-of-bounds (index 64, limit 55)
L 02/22/2021 - 18:04:14: [SM] Blaming: weapon_restrict.smx
L 02/22/2021 - 18:04:14: [SM] Call stack trace:
L 02/22/2021 - 18:04:14: [SM]   [1] Line 202, restrictinc/events.sp::CS_OnBuyCommand
L 02/22/2021 - 18:05:13: [SM] Exception reported: Array index out-of-bounds (index 64, limit 55)
L 02/22/2021 - 18:05:13: [SM] Blaming: weapon_restrict.smx
L 02/22/2021 - 18:05:13: [SM] Call stack trace:
L 02/22/2021 - 18:05:13: [SM]   [1] Line 202, restrictinc/events.sp::CS_OnBuyCommand
L 02/22/2021 - 18:05:14: [SM] Exception reported: Array index out-of-bounds (index 64, limit 55)
L 02/22/2021 - 18:05:14: [SM] Blaming: weapon_restrict.smx
L 02/22/2021 - 18:05:14: [SM] Call stack trace:
L 02/22/2021 - 18:05:14: [SM]   [1] Line 202, restrictinc/events.sp::CS_OnBuyCommand
L 02/22/2021 - 18:05:16: [SM] Exception reported: Array index out-of-bounds (index 64, limit 55)
L 02/22/2021 - 18:05:16: [SM] Blaming: weapon_restrict.smx
L 02/22/2021 - 18:05:16: [SM] Call stack trace:
L 02/22/2021 - 18:05:16: [SM]   [1] Line 202, restrictinc/events.sp::CS_OnBuyCommand
L 02/22/2021 - 18:05:17: [SM] Exception reported: Array index out-of-bounds (index 64, limit 55)
L 02/22/2021 - 18:05:17: [SM] Blaming: weapon_restrict.smx
L 02/22/2021 - 18:05:17: [SM] Call stack trace:
L 02/22/2021 - 18:05:17: [SM]   [1] Line 202, restrictinc/events.sp::CS_OnBuyCommand
L 02/22/2021 - 18:06:00: [SM] Exception reported: Array index out-of-bounds (index 64, limit 55)
L 02/22/2021 - 18:06:00: [SM] Blaming: weapon_restrict.smx
L 02/22/2021 - 18:06:00: [SM] Call stack trace:
L 02/22/2021 - 18:06:00: [SM]   [1] Line 202, restrictinc/events.sp::CS_OnBuyCommand
L 02/22/2021 - 18:12:36: [SM] Exception reported: Array index out-of-bounds (index 64, limit 55)
L 02/22/2021 - 18:12:36: [SM] Blaming: weapon_restrict.smx
L 02/22/2021 - 18:12:36: [SM] Call stack trace:
L 02/22/2021 - 18:12:36: [SM]   [1] Line 202, restrictinc/events.sp::CS_OnBuyCommand
L 02/22/2021 - 18:12:38: [SM] Exception reported: Array index out-of-bounds (index 64, limit 55)
L 02/22/2021 - 18:12:38: [SM] Blaming: weapon_restrict.smx
L 02/22/2021 - 18:12:38: [SM] Call stack trace:
L 02/22/2021 - 18:12:38: [SM]   [1] Line 202, restrictinc/events.sp::CS_OnBuyCommand
L 02/22/2021 - 21:13:08: Error log file session closed.
L 02/22/2021 - 21:13:08: SourceMod error session started
L 02/22/2021 - 21:13:08: Info (map "de_bank") (file "/home/tcagame/jackm1/599/csgo/addons/sourcemod/logs/errors_20210222.log")
L 02/22/2021 - 21:13:08: [SM] Fatal error encountered parsing translation file "advadmin.phrases.txt"
L 02/22/2021 - 21:13:08: [SM] Error (line 0, column 0): Stream failed to open
L 02/22/2021 - 21:14:30: [SM] Exception reported: Language phrase "Player_Connected_From" not found (arg 3)
L 02/22/2021 - 21:14:30: [SM] Blaming: advadmin.smx
L 02/22/2021 - 21:14:30: [SM] Call stack trace:
L 02/22/2021 - 21:14:30: [SM]   [0] VFormat
L 02/22/2021 - 21:14:30: [SM]   [1] Line 386, /groups/sourcemod/compiler-1.10/include/halflife.inc::PrintToChatAll
L 02/22/2021 - 21:14:30: [SM]   [2] Line 141, /home/groups/sourcemod/upload_tmp/phpRYtiXm.sp::OnClientAuthorized
L 02/22/2021 - 21:15:24: [SM] Exception reported: Array index out-of-bounds (index 64, limit 55)
L 02/22/2021 - 21:15:24: [SM] Blaming: weapon_restrict.smx
L 02/22/2021 - 21:15:24: [SM] Call stack trace:
L 02/22/2021 - 21:15:24: [SM]   [1] Line 202, restrictinc/events.sp::CS_OnBuyCommand
L 02/22/2021 - 21:15:59: Error log file session closed.
L 02/22/2021 - 21:15:59: SourceMod error session started
L 02/22/2021 - 21:15:59: Info (map "de_overpass") (file "/home/tcagame/jackm1/599/csgo/addons/sourcemod/logs/errors_20210222.log")
L 02/22/2021 - 21:15:59: [SM] Fatal error encountered parsing translation file "advadmin.phrases.txt"
L 02/22/2021 - 21:15:59: [SM] Error (line 0, column 0): Stream failed to open
L 02/22/2021 - 21:18:07: [SM] Exception reported: Array index out-of-bounds (index 64, limit 55)
L 02/22/2021 - 21:18:07: [SM] Blaming: weapon_restrict.smx
L 02/22/2021 - 21:18:07: [SM] Call stack trace:
L 02/22/2021 - 21:18:07: [SM]   [1] Line 202, restrictinc/events.sp::CS_OnBuyCommand
L 02/22/2021 - 21:22:42: [SM] Exception reported: Array index out-of-bounds (index 64, limit 55)
L 02/22/2021 - 21:22:42: [SM] Blaming: weapon_restrict.smx
L 02/22/2021 - 21:22:42: [SM] Call stack trace:
L 02/22/2021 - 21:22:42: [SM]   [1] Line 202, restrictinc/events.sp::CS_OnBuyCommand
L 02/23/2021 - 00:53:50: Error log file session closed.
