L 02/16/2021 - 05:17:40: SourceMod error session started
L 02/16/2021 - 05:17:40: Info (map "de_shortdust") (file "/home/tcagame/jackm1/599/csgo/addons/sourcemod/logs/errors_20210216.log")
L 02/16/2021 - 05:17:40: [SM] Fatal error encountered parsing translation file "advadmin.phrases.txt"
L 02/16/2021 - 05:17:40: [SM] Error (line 0, column 0): Stream failed to open
L 02/16/2021 - 05:19:15: [SM] Exception reported: Language phrase "Player_Connected_From" not found (arg 3)
L 02/16/2021 - 05:19:15: [SM] Blaming: advadmin.smx
L 02/16/2021 - 05:19:15: [SM] Call stack trace:
L 02/16/2021 - 05:19:15: [SM]   [0] VFormat
L 02/16/2021 - 05:19:15: [SM]   [1] Line 386, /groups/sourcemod/compiler-1.10/include/halflife.inc::PrintToChatAll
L 02/16/2021 - 05:19:15: [SM]   [2] Line 141, /home/groups/sourcemod/upload_tmp/phpRYtiXm.sp::OnClientAuthorized
L 02/16/2021 - 05:22:45: [SM] Exception reported: Array index out-of-bounds (index 64, limit 55)
L 02/16/2021 - 05:22:45: [SM] Blaming: weapon_restrict.smx
L 02/16/2021 - 05:22:45: [SM] Call stack trace:
L 02/16/2021 - 05:22:45: [SM]   [1] Line 202, restrictinc/events.sp::CS_OnBuyCommand
L 02/16/2021 - 05:27:18: [SM] Exception reported: Array index out-of-bounds (index 64, limit 55)
L 02/16/2021 - 05:27:18: [SM] Blaming: weapon_restrict.smx
L 02/16/2021 - 05:27:18: [SM] Call stack trace:
L 02/16/2021 - 05:27:18: [SM]   [1] Line 202, restrictinc/events.sp::CS_OnBuyCommand
L 02/16/2021 - 10:35:33: Error log file session closed.
L 02/16/2021 - 10:35:33: SourceMod error session started
L 02/16/2021 - 10:35:33: Info (map "de_shortdust") (file "/home/tcagame/jackm1/599/csgo/addons/sourcemod/logs/errors_20210216.log")
L 02/16/2021 - 10:35:33: [SM] Fatal error encountered parsing translation file "advadmin.phrases.txt"
L 02/16/2021 - 10:35:33: [SM] Error (line 0, column 0): Stream failed to open
L 02/16/2021 - 10:36:14: [SM] Exception reported: Array index out-of-bounds (index 64, limit 55)
L 02/16/2021 - 10:36:14: [SM] Blaming: weapon_restrict.smx
L 02/16/2021 - 10:36:14: [SM] Call stack trace:
L 02/16/2021 - 10:36:14: [SM]   [1] Line 202, restrictinc/events.sp::CS_OnBuyCommand
L 02/16/2021 - 10:38:35: [SM] Exception reported: Array index out-of-bounds (index 64, limit 55)
L 02/16/2021 - 10:38:35: [SM] Blaming: weapon_restrict.smx
L 02/16/2021 - 10:38:35: [SM] Call stack trace:
L 02/16/2021 - 10:38:35: [SM]   [1] Line 202, restrictinc/events.sp::CS_OnBuyCommand
L 02/16/2021 - 10:39:14: [SM] Exception reported: Language phrase "Player_Connected_From" not found (arg 3)
L 02/16/2021 - 10:39:14: [SM] Blaming: advadmin.smx
L 02/16/2021 - 10:39:14: [SM] Call stack trace:
L 02/16/2021 - 10:39:14: [SM]   [0] VFormat
L 02/16/2021 - 10:39:14: [SM]   [1] Line 386, /groups/sourcemod/compiler-1.10/include/halflife.inc::PrintToChatAll
L 02/16/2021 - 10:39:14: [SM]   [2] Line 141, /home/groups/sourcemod/upload_tmp/phpRYtiXm.sp::OnClientAuthorized
L 02/16/2021 - 10:39:40: [SM] Exception reported: Language phrase "Player_Connected_From" not found (arg 3)
L 02/16/2021 - 10:39:40: [SM] Blaming: advadmin.smx
L 02/16/2021 - 10:39:40: [SM] Call stack trace:
L 02/16/2021 - 10:39:40: [SM]   [0] VFormat
L 02/16/2021 - 10:39:40: [SM]   [1] Line 386, /groups/sourcemod/compiler-1.10/include/halflife.inc::PrintToChatAll
L 02/16/2021 - 10:39:40: [SM]   [2] Line 141, /home/groups/sourcemod/upload_tmp/phpRYtiXm.sp::OnClientAuthorized
L 02/16/2021 - 10:52:07: [SM] Exception reported: Array index out-of-bounds (index 64, limit 55)
L 02/16/2021 - 10:52:07: [SM] Blaming: weapon_restrict.smx
L 02/16/2021 - 10:52:07: [SM] Call stack trace:
L 02/16/2021 - 10:52:07: [SM]   [1] Line 202, restrictinc/events.sp::CS_OnBuyCommand
L 02/16/2021 - 10:59:06: [SM] Exception reported: Array index out-of-bounds (index 64, limit 55)
L 02/16/2021 - 10:59:06: [SM] Blaming: weapon_restrict.smx
L 02/16/2021 - 10:59:06: [SM] Call stack trace:
L 02/16/2021 - 10:59:06: [SM]   [1] Line 202, restrictinc/events.sp::CS_OnBuyCommand
L 02/16/2021 - 11:03:19: [SM] Exception reported: Language phrase "Player_Connected_From" not found (arg 3)
L 02/16/2021 - 11:03:19: [SM] Blaming: advadmin.smx
L 02/16/2021 - 11:03:19: [SM] Call stack trace:
L 02/16/2021 - 11:03:19: [SM]   [0] VFormat
L 02/16/2021 - 11:03:19: [SM]   [1] Line 386, /groups/sourcemod/compiler-1.10/include/halflife.inc::PrintToChatAll
L 02/16/2021 - 11:03:19: [SM]   [2] Line 141, /home/groups/sourcemod/upload_tmp/phpRYtiXm.sp::OnClientAuthorized
L 02/16/2021 - 11:03:28: [SM] Exception reported: Array index out-of-bounds (index 64, limit 55)
L 02/16/2021 - 11:03:28: [SM] Blaming: weapon_restrict.smx
L 02/16/2021 - 11:03:28: [SM] Call stack trace:
L 02/16/2021 - 11:03:28: [SM]   [1] Line 202, restrictinc/events.sp::CS_OnBuyCommand
L 02/16/2021 - 11:09:29: [SM] Exception reported: Array index out-of-bounds (index 64, limit 55)
L 02/16/2021 - 11:09:29: [SM] Blaming: weapon_restrict.smx
L 02/16/2021 - 11:09:29: [SM] Call stack trace:
L 02/16/2021 - 11:09:29: [SM]   [1] Line 202, restrictinc/events.sp::CS_OnBuyCommand
L 02/16/2021 - 11:13:08: [SM] Exception reported: Language phrase "Player_Connected_From" not found (arg 3)
L 02/16/2021 - 11:13:08: [SM] Blaming: advadmin.smx
L 02/16/2021 - 11:13:08: [SM] Call stack trace:
L 02/16/2021 - 11:13:08: [SM]   [0] VFormat
L 02/16/2021 - 11:13:08: [SM]   [1] Line 386, /groups/sourcemod/compiler-1.10/include/halflife.inc::PrintToChatAll
L 02/16/2021 - 11:13:08: [SM]   [2] Line 141, /home/groups/sourcemod/upload_tmp/phpRYtiXm.sp::OnClientAuthorized
L 02/16/2021 - 11:25:29: [SM] Exception reported: Array index out-of-bounds (index 64, limit 55)
L 02/16/2021 - 11:25:29: [SM] Blaming: weapon_restrict.smx
L 02/16/2021 - 11:25:29: [SM] Call stack trace:
L 02/16/2021 - 11:25:29: [SM]   [1] Line 202, restrictinc/events.sp::CS_OnBuyCommand
L 02/16/2021 - 12:41:19: Error log file session closed.
L 02/16/2021 - 12:41:19: SourceMod error session started
L 02/16/2021 - 12:41:19: Info (map "de_shortdust") (file "/home/tcagame/jackm1/599/csgo/addons/sourcemod/logs/errors_20210216.log")
L 02/16/2021 - 12:41:19: [SM] Fatal error encountered parsing translation file "advadmin.phrases.txt"
L 02/16/2021 - 12:41:19: [SM] Error (line 0, column 0): Stream failed to open
L 02/16/2021 - 12:42:03: [SM] Exception reported: Language phrase "Player_Connected_From" not found (arg 3)
L 02/16/2021 - 12:42:03: [SM] Blaming: advadmin.smx
L 02/16/2021 - 12:42:03: [SM] Call stack trace:
L 02/16/2021 - 12:42:03: [SM]   [0] VFormat
L 02/16/2021 - 12:42:03: [SM]   [1] Line 386, /groups/sourcemod/compiler-1.10/include/halflife.inc::PrintToChatAll
L 02/16/2021 - 12:42:03: [SM]   [2] Line 141, /home/groups/sourcemod/upload_tmp/phpRYtiXm.sp::OnClientAuthorized
L 02/16/2021 - 12:43:42: [SM] Exception reported: Language phrase "Player_Connected_From" not found (arg 3)
L 02/16/2021 - 12:43:42: [SM] Blaming: advadmin.smx
L 02/16/2021 - 12:43:42: [SM] Call stack trace:
L 02/16/2021 - 12:43:42: [SM]   [0] VFormat
L 02/16/2021 - 12:43:42: [SM]   [1] Line 386, /groups/sourcemod/compiler-1.10/include/halflife.inc::PrintToChatAll
L 02/16/2021 - 12:43:42: [SM]   [2] Line 141, /home/groups/sourcemod/upload_tmp/phpRYtiXm.sp::OnClientAuthorized
L 02/16/2021 - 12:44:12: [SM] Exception reported: Language phrase "Player_Connected" not found (arg 3)
L 02/16/2021 - 12:44:12: [SM] Blaming: advadmin.smx
L 02/16/2021 - 12:44:12: [SM] Call stack trace:
L 02/16/2021 - 12:44:12: [SM]   [0] VFormat
L 02/16/2021 - 12:44:12: [SM]   [1] Line 386, /groups/sourcemod/compiler-1.10/include/halflife.inc::PrintToChatAll
L 02/16/2021 - 12:44:12: [SM]   [2] Line 145, /home/groups/sourcemod/upload_tmp/phpRYtiXm.sp::OnClientAuthorized
L 02/16/2021 - 12:52:34: [SM] Exception reported: Array index out-of-bounds (index 64, limit 55)
L 02/16/2021 - 12:52:34: [SM] Blaming: weapon_restrict.smx
L 02/16/2021 - 12:52:34: [SM] Call stack trace:
L 02/16/2021 - 12:52:34: [SM]   [1] Line 202, restrictinc/events.sp::CS_OnBuyCommand
L 02/16/2021 - 12:53:19: [SM] Exception reported: Language phrase "Player_Connected" not found (arg 3)
L 02/16/2021 - 12:53:19: [SM] Blaming: advadmin.smx
L 02/16/2021 - 12:53:19: [SM] Call stack trace:
L 02/16/2021 - 12:53:19: [SM]   [0] VFormat
L 02/16/2021 - 12:53:19: [SM]   [1] Line 386, /groups/sourcemod/compiler-1.10/include/halflife.inc::PrintToChatAll
L 02/16/2021 - 12:53:19: [SM]   [2] Line 145, /home/groups/sourcemod/upload_tmp/phpRYtiXm.sp::OnClientAuthorized
L 02/16/2021 - 12:53:19: [SM] Exception reported: Language phrase "Player_Connected" not found (arg 3)
L 02/16/2021 - 12:53:19: [SM] Blaming: advadmin.smx
L 02/16/2021 - 12:53:19: [SM] Call stack trace:
L 02/16/2021 - 12:53:19: [SM]   [0] VFormat
L 02/16/2021 - 12:53:19: [SM]   [1] Line 386, /groups/sourcemod/compiler-1.10/include/halflife.inc::PrintToChatAll
L 02/16/2021 - 12:53:19: [SM]   [2] Line 145, /home/groups/sourcemod/upload_tmp/phpRYtiXm.sp::OnClientAuthorized
L 02/16/2021 - 12:53:29: [SM] Exception reported: Array index out-of-bounds (index 64, limit 55)
L 02/16/2021 - 12:53:29: [SM] Blaming: weapon_restrict.smx
L 02/16/2021 - 12:53:29: [SM] Call stack trace:
L 02/16/2021 - 12:53:29: [SM]   [1] Line 202, restrictinc/events.sp::CS_OnBuyCommand
L 02/16/2021 - 12:58:25: [SM] Exception reported: Array index out-of-bounds (index 64, limit 55)
L 02/16/2021 - 12:58:25: [SM] Blaming: weapon_restrict.smx
L 02/16/2021 - 12:58:25: [SM] Call stack trace:
L 02/16/2021 - 12:58:25: [SM]   [1] Line 202, restrictinc/events.sp::CS_OnBuyCommand
L 02/16/2021 - 13:00:01: [SM] Exception reported: Language phrase "Player_Connected" not found (arg 3)
L 02/16/2021 - 13:00:01: [SM] Blaming: advadmin.smx
L 02/16/2021 - 13:00:01: [SM] Call stack trace:
L 02/16/2021 - 13:00:01: [SM]   [0] VFormat
L 02/16/2021 - 13:00:01: [SM]   [1] Line 386, /groups/sourcemod/compiler-1.10/include/halflife.inc::PrintToChatAll
L 02/16/2021 - 13:00:01: [SM]   [2] Line 145, /home/groups/sourcemod/upload_tmp/phpRYtiXm.sp::OnClientAuthorized
L 02/16/2021 - 13:00:01: [SM] Exception reported: Language phrase "Player_Connected" not found (arg 3)
L 02/16/2021 - 13:00:01: [SM] Blaming: advadmin.smx
L 02/16/2021 - 13:00:01: [SM] Call stack trace:
L 02/16/2021 - 13:00:01: [SM]   [0] VFormat
L 02/16/2021 - 13:00:01: [SM]   [1] Line 386, /groups/sourcemod/compiler-1.10/include/halflife.inc::PrintToChatAll
L 02/16/2021 - 13:00:01: [SM]   [2] Line 145, /home/groups/sourcemod/upload_tmp/phpRYtiXm.sp::OnClientAuthorized
L 02/16/2021 - 13:00:45: [SM] Exception reported: Array index out-of-bounds (index 64, limit 55)
L 02/16/2021 - 13:00:45: [SM] Blaming: weapon_restrict.smx
L 02/16/2021 - 13:00:45: [SM] Call stack trace:
L 02/16/2021 - 13:00:45: [SM]   [1] Line 202, restrictinc/events.sp::CS_OnBuyCommand
L 02/16/2021 - 13:04:59: [SM] Exception reported: Array index out-of-bounds (index 64, limit 55)
L 02/16/2021 - 13:04:59: [SM] Blaming: weapon_restrict.smx
L 02/16/2021 - 13:04:59: [SM] Call stack trace:
L 02/16/2021 - 13:04:59: [SM]   [1] Line 202, restrictinc/events.sp::CS_OnBuyCommand
L 02/16/2021 - 13:08:51: [SM] Exception reported: Language phrase "Player_Connected" not found (arg 3)
L 02/16/2021 - 13:08:51: [SM] Blaming: advadmin.smx
L 02/16/2021 - 13:08:51: [SM] Call stack trace:
L 02/16/2021 - 13:08:51: [SM]   [0] VFormat
L 02/16/2021 - 13:08:51: [SM]   [1] Line 386, /groups/sourcemod/compiler-1.10/include/halflife.inc::PrintToChatAll
L 02/16/2021 - 13:08:51: [SM]   [2] Line 145, /home/groups/sourcemod/upload_tmp/phpRYtiXm.sp::OnClientAuthorized
L 02/16/2021 - 13:08:51: [SM] Exception reported: Language phrase "Player_Connected" not found (arg 3)
L 02/16/2021 - 13:08:51: [SM] Blaming: advadmin.smx
L 02/16/2021 - 13:08:51: [SM] Call stack trace:
L 02/16/2021 - 13:08:51: [SM]   [0] VFormat
L 02/16/2021 - 13:08:51: [SM]   [1] Line 386, /groups/sourcemod/compiler-1.10/include/halflife.inc::PrintToChatAll
L 02/16/2021 - 13:08:51: [SM]   [2] Line 145, /home/groups/sourcemod/upload_tmp/phpRYtiXm.sp::OnClientAuthorized
L 02/16/2021 - 13:09:11: Error log file session closed.
L 02/16/2021 - 13:09:11: SourceMod error session started
L 02/16/2021 - 13:09:11: Info (map "de_dust2") (file "/home/tcagame/jackm1/599/csgo/addons/sourcemod/logs/errors_20210216.log")
L 02/16/2021 - 13:09:11: [SM] Fatal error encountered parsing translation file "advadmin.phrases.txt"
L 02/16/2021 - 13:09:11: [SM] Error (line 0, column 0): Stream failed to open
L 02/16/2021 - 13:09:50: [SM] Exception reported: Array index out-of-bounds (index 64, limit 55)
L 02/16/2021 - 13:09:50: [SM] Blaming: weapon_restrict.smx
L 02/16/2021 - 13:09:50: [SM] Call stack trace:
L 02/16/2021 - 13:09:50: [SM]   [1] Line 202, restrictinc/events.sp::CS_OnBuyCommand
L 02/16/2021 - 13:14:20: [SM] Exception reported: Array index out-of-bounds (index 64, limit 55)
L 02/16/2021 - 13:14:20: [SM] Blaming: weapon_restrict.smx
L 02/16/2021 - 13:14:20: [SM] Call stack trace:
L 02/16/2021 - 13:14:20: [SM]   [1] Line 202, restrictinc/events.sp::CS_OnBuyCommand
L 02/16/2021 - 13:17:26: [SM] Exception reported: Array index out-of-bounds (index 64, limit 55)
L 02/16/2021 - 13:17:26: [SM] Blaming: weapon_restrict.smx
L 02/16/2021 - 13:17:26: [SM] Call stack trace:
L 02/16/2021 - 13:17:26: [SM]   [1] Line 202, restrictinc/events.sp::CS_OnBuyCommand
L 02/16/2021 - 13:30:19: [SM] Exception reported: Array index out-of-bounds (index 64, limit 55)
L 02/16/2021 - 13:30:19: [SM] Blaming: weapon_restrict.smx
L 02/16/2021 - 13:30:19: [SM] Call stack trace:
L 02/16/2021 - 13:30:19: [SM]   [1] Line 202, restrictinc/events.sp::CS_OnBuyCommand
L 02/16/2021 - 13:41:24: [SM] Exception reported: Language phrase "Player_Connected_From" not found (arg 3)
L 02/16/2021 - 13:41:24: [SM] Blaming: advadmin.smx
L 02/16/2021 - 13:41:24: [SM] Call stack trace:
L 02/16/2021 - 13:41:24: [SM]   [0] VFormat
L 02/16/2021 - 13:41:24: [SM]   [1] Line 386, /groups/sourcemod/compiler-1.10/include/halflife.inc::PrintToChatAll
L 02/16/2021 - 13:41:24: [SM]   [2] Line 141, /home/groups/sourcemod/upload_tmp/phpRYtiXm.sp::OnClientAuthorized
L 02/16/2021 - 13:47:46: [SM] Exception reported: Array index out-of-bounds (index 64, limit 55)
L 02/16/2021 - 13:47:46: [SM] Blaming: weapon_restrict.smx
L 02/16/2021 - 13:47:46: [SM] Call stack trace:
L 02/16/2021 - 13:47:46: [SM]   [1] Line 202, restrictinc/events.sp::CS_OnBuyCommand
L 02/16/2021 - 13:53:43: [SM] Exception reported: Array index out-of-bounds (index 64, limit 55)
L 02/16/2021 - 13:53:43: [SM] Blaming: weapon_restrict.smx
L 02/16/2021 - 13:53:43: [SM] Call stack trace:
L 02/16/2021 - 13:53:43: [SM]   [1] Line 202, restrictinc/events.sp::CS_OnBuyCommand
L 02/16/2021 - 13:58:46: [SM] Exception reported: Array index out-of-bounds (index 64, limit 55)
L 02/16/2021 - 13:58:46: [SM] Blaming: weapon_restrict.smx
L 02/16/2021 - 13:58:46: [SM] Call stack trace:
L 02/16/2021 - 13:58:46: [SM]   [1] Line 202, restrictinc/events.sp::CS_OnBuyCommand
L 02/16/2021 - 14:03:15: [SM] Exception reported: Array index out-of-bounds (index 64, limit 55)
L 02/16/2021 - 14:03:15: [SM] Blaming: weapon_restrict.smx
L 02/16/2021 - 14:03:15: [SM] Call stack trace:
L 02/16/2021 - 14:03:15: [SM]   [1] Line 202, restrictinc/events.sp::CS_OnBuyCommand
L 02/16/2021 - 14:08:34: [SM] Exception reported: Array index out-of-bounds (index 64, limit 55)
L 02/16/2021 - 14:08:34: [SM] Blaming: weapon_restrict.smx
L 02/16/2021 - 14:08:34: [SM] Call stack trace:
L 02/16/2021 - 14:08:34: [SM]   [1] Line 202, restrictinc/events.sp::CS_OnBuyCommand
L 02/16/2021 - 14:10:09: [SM] Exception reported: Array index out-of-bounds (index 64, limit 55)
L 02/16/2021 - 14:10:09: [SM] Blaming: weapon_restrict.smx
L 02/16/2021 - 14:10:09: [SM] Call stack trace:
L 02/16/2021 - 14:10:09: [SM]   [1] Line 202, restrictinc/events.sp::CS_OnBuyCommand
L 02/16/2021 - 14:10:37: Error log file session closed.
L 02/16/2021 - 14:10:37: SourceMod error session started
L 02/16/2021 - 14:10:37: Info (map "de_dust2") (file "/home/tcagame/jackm1/599/csgo/addons/sourcemod/logs/errors_20210216.log")
L 02/16/2021 - 14:10:37: [SM] Fatal error encountered parsing translation file "advadmin.phrases.txt"
L 02/16/2021 - 14:10:37: [SM] Error (line 0, column 0): Stream failed to open
L 02/16/2021 - 14:11:11: [SM] Exception reported: Array index out-of-bounds (index 64, limit 55)
L 02/16/2021 - 14:11:11: [SM] Blaming: weapon_restrict.smx
L 02/16/2021 - 14:11:11: [SM] Call stack trace:
L 02/16/2021 - 14:11:11: [SM]   [1] Line 202, restrictinc/events.sp::CS_OnBuyCommand
L 02/16/2021 - 14:12:50: [SM] Exception reported: Array index out-of-bounds (index 64, limit 55)
L 02/16/2021 - 14:12:50: [SM] Blaming: weapon_restrict.smx
L 02/16/2021 - 14:12:50: [SM] Call stack trace:
L 02/16/2021 - 14:12:50: [SM]   [1] Line 202, restrictinc/events.sp::CS_OnBuyCommand
L 02/16/2021 - 14:15:46: [SM] Exception reported: Array index out-of-bounds (index 64, limit 55)
L 02/16/2021 - 14:15:46: [SM] Blaming: weapon_restrict.smx
L 02/16/2021 - 14:15:46: [SM] Call stack trace:
L 02/16/2021 - 14:15:46: [SM]   [1] Line 202, restrictinc/events.sp::CS_OnBuyCommand
L 02/16/2021 - 14:21:19: [SM] Exception reported: Array index out-of-bounds (index 64, limit 55)
L 02/16/2021 - 14:21:19: [SM] Blaming: weapon_restrict.smx
L 02/16/2021 - 14:21:19: [SM] Call stack trace:
L 02/16/2021 - 14:21:19: [SM]   [1] Line 202, restrictinc/events.sp::CS_OnBuyCommand
L 02/16/2021 - 14:22:44: [SM] Exception reported: Array index out-of-bounds (index 64, limit 55)
L 02/16/2021 - 14:22:44: [SM] Blaming: weapon_restrict.smx
L 02/16/2021 - 14:22:44: [SM] Call stack trace:
L 02/16/2021 - 14:22:44: [SM]   [1] Line 202, restrictinc/events.sp::CS_OnBuyCommand
L 02/16/2021 - 14:23:35: [SM] Exception reported: Array index out-of-bounds (index 64, limit 55)
L 02/16/2021 - 14:23:35: [SM] Blaming: weapon_restrict.smx
L 02/16/2021 - 14:23:35: [SM] Call stack trace:
L 02/16/2021 - 14:23:35: [SM]   [1] Line 202, restrictinc/events.sp::CS_OnBuyCommand
L 02/16/2021 - 14:25:17: [SM] Exception reported: Array index out-of-bounds (index 64, limit 55)
L 02/16/2021 - 14:25:17: [SM] Blaming: weapon_restrict.smx
L 02/16/2021 - 14:25:17: [SM] Call stack trace:
L 02/16/2021 - 14:25:17: [SM]   [1] Line 202, restrictinc/events.sp::CS_OnBuyCommand
L 02/16/2021 - 14:25:39: Error log file session closed.
L 02/16/2021 - 14:25:39: SourceMod error session started
L 02/16/2021 - 14:25:39: Info (map "de_dust2") (file "/home/tcagame/jackm1/599/csgo/addons/sourcemod/logs/errors_20210216.log")
L 02/16/2021 - 14:25:39: [SM] Fatal error encountered parsing translation file "advadmin.phrases.txt"
L 02/16/2021 - 14:25:39: [SM] Error (line 0, column 0): Stream failed to open
L 02/16/2021 - 14:33:47: Error log file session closed.
L 02/16/2021 - 14:33:47: SourceMod error session started
L 02/16/2021 - 14:33:47: Info (map "de_dust2") (file "/home/tcagame/jackm1/599/csgo/addons/sourcemod/logs/errors_20210216.log")
L 02/16/2021 - 14:33:47: [SM] Fatal error encountered parsing translation file "advadmin.phrases.txt"
L 02/16/2021 - 14:33:47: [SM] Error (line 0, column 0): Stream failed to open
L 02/16/2021 - 15:02:14: [SM] Exception reported: Array index out-of-bounds (index 64, limit 55)
L 02/16/2021 - 15:02:14: [SM] Blaming: weapon_restrict.smx
L 02/16/2021 - 15:02:14: [SM] Call stack trace:
L 02/16/2021 - 15:02:14: [SM]   [1] Line 202, restrictinc/events.sp::CS_OnBuyCommand
L 02/16/2021 - 15:02:23: [SM] Exception reported: Language phrase "Player_Connected_From" not found (arg 3)
L 02/16/2021 - 15:02:23: [SM] Blaming: advadmin.smx
L 02/16/2021 - 15:02:23: [SM] Call stack trace:
L 02/16/2021 - 15:02:23: [SM]   [0] VFormat
L 02/16/2021 - 15:02:23: [SM]   [1] Line 386, /groups/sourcemod/compiler-1.10/include/halflife.inc::PrintToChatAll
L 02/16/2021 - 15:02:23: [SM]   [2] Line 141, /home/groups/sourcemod/upload_tmp/phpRYtiXm.sp::OnClientAuthorized
L 02/16/2021 - 15:03:35: [SM] Exception reported: Array index out-of-bounds (index 64, limit 55)
L 02/16/2021 - 15:03:35: [SM] Blaming: weapon_restrict.smx
L 02/16/2021 - 15:03:35: [SM] Call stack trace:
L 02/16/2021 - 15:03:35: [SM]   [1] Line 202, restrictinc/events.sp::CS_OnBuyCommand
L 02/16/2021 - 15:04:16: [SM] Exception reported: Array index out-of-bounds (index 64, limit 55)
L 02/16/2021 - 15:04:16: [SM] Blaming: weapon_restrict.smx
L 02/16/2021 - 15:04:16: [SM] Call stack trace:
L 02/16/2021 - 15:04:16: [SM]   [1] Line 202, restrictinc/events.sp::CS_OnBuyCommand
L 02/16/2021 - 15:10:33: [SM] Exception reported: Array index out-of-bounds (index 64, limit 55)
L 02/16/2021 - 15:10:33: [SM] Blaming: weapon_restrict.smx
L 02/16/2021 - 15:10:33: [SM] Call stack trace:
L 02/16/2021 - 15:10:33: [SM]   [1] Line 202, restrictinc/events.sp::CS_OnBuyCommand
L 02/16/2021 - 15:18:44: [SM] Exception reported: Array index out-of-bounds (index 64, limit 55)
L 02/16/2021 - 15:18:44: [SM] Blaming: weapon_restrict.smx
L 02/16/2021 - 15:18:44: [SM] Call stack trace:
L 02/16/2021 - 15:18:44: [SM]   [1] Line 202, restrictinc/events.sp::CS_OnBuyCommand
L 02/16/2021 - 15:23:02: [SM] Exception reported: Array index out-of-bounds (index 64, limit 55)
L 02/16/2021 - 15:23:02: [SM] Blaming: weapon_restrict.smx
L 02/16/2021 - 15:23:02: [SM] Call stack trace:
L 02/16/2021 - 15:23:02: [SM]   [1] Line 202, restrictinc/events.sp::CS_OnBuyCommand
L 02/16/2021 - 15:23:50: [SM] Exception reported: Array index out-of-bounds (index 64, limit 55)
L 02/16/2021 - 15:23:50: [SM] Blaming: weapon_restrict.smx
L 02/16/2021 - 15:23:50: [SM] Call stack trace:
L 02/16/2021 - 15:23:50: [SM]   [1] Line 202, restrictinc/events.sp::CS_OnBuyCommand
L 02/16/2021 - 15:25:24: [SM] Exception reported: Array index out-of-bounds (index 64, limit 55)
L 02/16/2021 - 15:25:24: [SM] Blaming: weapon_restrict.smx
L 02/16/2021 - 15:25:24: [SM] Call stack trace:
L 02/16/2021 - 15:25:24: [SM]   [1] Line 202, restrictinc/events.sp::CS_OnBuyCommand
L 02/16/2021 - 15:27:32: [SM] Exception reported: Array index out-of-bounds (index 64, limit 55)
L 02/16/2021 - 15:27:32: [SM] Blaming: weapon_restrict.smx
L 02/16/2021 - 15:27:32: [SM] Call stack trace:
L 02/16/2021 - 15:27:32: [SM]   [1] Line 202, restrictinc/events.sp::CS_OnBuyCommand
L 02/16/2021 - 15:32:12: [SM] Exception reported: Array index out-of-bounds (index 64, limit 55)
L 02/16/2021 - 15:32:12: [SM] Blaming: weapon_restrict.smx
L 02/16/2021 - 15:32:12: [SM] Call stack trace:
L 02/16/2021 - 15:32:12: [SM]   [1] Line 202, restrictinc/events.sp::CS_OnBuyCommand
L 02/16/2021 - 15:54:00: Error log file session closed.
L 02/16/2021 - 15:54:00: SourceMod error session started
L 02/16/2021 - 15:54:00: Info (map "de_dust2") (file "/home/tcagame/jackm1/599/csgo/addons/sourcemod/logs/errors_20210216.log")
L 02/16/2021 - 15:54:00: [SM] Fatal error encountered parsing translation file "advadmin.phrases.txt"
L 02/16/2021 - 15:54:00: [SM] Error (line 0, column 0): Stream failed to open
L 02/16/2021 - 15:54:21: [SM] Exception reported: Language phrase "Player_Connected_From" not found (arg 3)
L 02/16/2021 - 15:54:21: [SM] Blaming: advadmin.smx
L 02/16/2021 - 15:54:21: [SM] Call stack trace:
L 02/16/2021 - 15:54:21: [SM]   [0] VFormat
L 02/16/2021 - 15:54:21: [SM]   [1] Line 386, /groups/sourcemod/compiler-1.10/include/halflife.inc::PrintToChatAll
L 02/16/2021 - 15:54:21: [SM]   [2] Line 141, /home/groups/sourcemod/upload_tmp/phpRYtiXm.sp::OnClientAuthorized
L 02/16/2021 - 15:54:22: [SM] Exception reported: Array index out-of-bounds (index 64, limit 55)
L 02/16/2021 - 15:54:22: [SM] Blaming: weapon_restrict.smx
L 02/16/2021 - 15:54:22: [SM] Call stack trace:
L 02/16/2021 - 15:54:22: [SM]   [1] Line 202, restrictinc/events.sp::CS_OnBuyCommand
L 02/16/2021 - 15:54:24: [SM] Exception reported: Array index out-of-bounds (index 64, limit 55)
L 02/16/2021 - 15:54:24: [SM] Blaming: weapon_restrict.smx
L 02/16/2021 - 15:54:24: [SM] Call stack trace:
L 02/16/2021 - 15:54:24: [SM]   [1] Line 202, restrictinc/events.sp::CS_OnBuyCommand
L 02/16/2021 - 15:55:00: [SM] Exception reported: Array index out-of-bounds (index 64, limit 55)
L 02/16/2021 - 15:55:00: [SM] Blaming: weapon_restrict.smx
L 02/16/2021 - 15:55:00: [SM] Call stack trace:
L 02/16/2021 - 15:55:00: [SM]   [1] Line 202, restrictinc/events.sp::CS_OnBuyCommand
L 02/16/2021 - 15:58:21: [SM] Exception reported: Language phrase "Player_Connected_From" not found (arg 3)
L 02/16/2021 - 15:58:21: [SM] Blaming: advadmin.smx
L 02/16/2021 - 15:58:21: [SM] Call stack trace:
L 02/16/2021 - 15:58:21: [SM]   [0] VFormat
L 02/16/2021 - 15:58:21: [SM]   [1] Line 386, /groups/sourcemod/compiler-1.10/include/halflife.inc::PrintToChatAll
L 02/16/2021 - 15:58:21: [SM]   [2] Line 141, /home/groups/sourcemod/upload_tmp/phpRYtiXm.sp::OnClientAuthorized
L 02/16/2021 - 15:58:48: [SM] Exception reported: Language phrase "Player_Connected_From" not found (arg 3)
L 02/16/2021 - 15:58:48: [SM] Blaming: advadmin.smx
L 02/16/2021 - 15:58:48: [SM] Call stack trace:
L 02/16/2021 - 15:58:48: [SM]   [0] VFormat
L 02/16/2021 - 15:58:48: [SM]   [1] Line 386, /groups/sourcemod/compiler-1.10/include/halflife.inc::PrintToChatAll
L 02/16/2021 - 15:58:48: [SM]   [2] Line 141, /home/groups/sourcemod/upload_tmp/phpRYtiXm.sp::OnClientAuthorized
L 02/16/2021 - 15:59:00: [SM] Exception reported: Language phrase "CMD_Team_Spec_Usage" not found (arg 4)
L 02/16/2021 - 15:59:00: [SM] Blaming: advadmin.smx
L 02/16/2021 - 15:59:00: [SM] Call stack trace:
L 02/16/2021 - 15:59:00: [SM]   [0] ReplyToCommand
L 02/16/2021 - 15:59:00: [SM]   [1] Line 749, /home/groups/sourcemod/upload_tmp/phpRYtiXm.sp::CMD_Spec
L 02/16/2021 - 15:59:05: [SM] Exception reported: Array index out-of-bounds (index 64, limit 55)
L 02/16/2021 - 15:59:05: [SM] Blaming: weapon_restrict.smx
L 02/16/2021 - 15:59:05: [SM] Call stack trace:
L 02/16/2021 - 15:59:05: [SM]   [1] Line 202, restrictinc/events.sp::CS_OnBuyCommand
L 02/16/2021 - 15:59:06: [SM] Exception reported: Array index out-of-bounds (index 64, limit 55)
L 02/16/2021 - 15:59:06: [SM] Blaming: weapon_restrict.smx
L 02/16/2021 - 15:59:06: [SM] Call stack trace:
L 02/16/2021 - 15:59:06: [SM]   [1] Line 202, restrictinc/events.sp::CS_OnBuyCommand
L 02/16/2021 - 15:59:18: [SM] Exception reported: Language phrase "Player_Connected_From" not found (arg 3)
L 02/16/2021 - 15:59:18: [SM] Blaming: advadmin.smx
L 02/16/2021 - 15:59:18: [SM] Call stack trace:
L 02/16/2021 - 15:59:18: [SM]   [0] VFormat
L 02/16/2021 - 15:59:18: [SM]   [1] Line 386, /groups/sourcemod/compiler-1.10/include/halflife.inc::PrintToChatAll
L 02/16/2021 - 15:59:18: [SM]   [2] Line 141, /home/groups/sourcemod/upload_tmp/phpRYtiXm.sp::OnClientAuthorized
L 02/16/2021 - 15:59:44: [SM] Exception reported: Array index out-of-bounds (index 64, limit 55)
L 02/16/2021 - 15:59:44: [SM] Blaming: weapon_restrict.smx
L 02/16/2021 - 15:59:44: [SM] Call stack trace:
L 02/16/2021 - 15:59:44: [SM]   [1] Line 202, restrictinc/events.sp::CS_OnBuyCommand
L 02/16/2021 - 15:59:44: [SM] Exception reported: Array index out-of-bounds (index 64, limit 55)
L 02/16/2021 - 15:59:44: [SM] Blaming: weapon_restrict.smx
L 02/16/2021 - 15:59:44: [SM] Call stack trace:
L 02/16/2021 - 15:59:44: [SM]   [1] Line 202, restrictinc/events.sp::CS_OnBuyCommand
L 02/16/2021 - 15:59:44: [SM] Exception reported: Array index out-of-bounds (index 64, limit 55)
L 02/16/2021 - 15:59:44: [SM] Blaming: weapon_restrict.smx
L 02/16/2021 - 15:59:44: [SM] Call stack trace:
L 02/16/2021 - 15:59:44: [SM]   [1] Line 202, restrictinc/events.sp::CS_OnBuyCommand
L 02/16/2021 - 15:59:46: [SM] Exception reported: Array index out-of-bounds (index 64, limit 55)
L 02/16/2021 - 15:59:46: [SM] Blaming: weapon_restrict.smx
L 02/16/2021 - 15:59:46: [SM] Call stack trace:
L 02/16/2021 - 15:59:46: [SM]   [1] Line 202, restrictinc/events.sp::CS_OnBuyCommand
L 02/16/2021 - 16:00:51: [SM] Exception reported: Array index out-of-bounds (index 64, limit 55)
L 02/16/2021 - 16:00:51: [SM] Blaming: weapon_restrict.smx
L 02/16/2021 - 16:00:51: [SM] Call stack trace:
L 02/16/2021 - 16:00:51: [SM]   [1] Line 202, restrictinc/events.sp::CS_OnBuyCommand
L 02/16/2021 - 16:00:51: [SM] Exception reported: Array index out-of-bounds (index 64, limit 55)
L 02/16/2021 - 16:00:51: [SM] Blaming: weapon_restrict.smx
L 02/16/2021 - 16:00:51: [SM] Call stack trace:
L 02/16/2021 - 16:00:51: [SM]   [1] Line 202, restrictinc/events.sp::CS_OnBuyCommand
L 02/16/2021 - 16:00:52: [SM] Exception reported: Array index out-of-bounds (index 64, limit 55)
L 02/16/2021 - 16:00:52: [SM] Blaming: weapon_restrict.smx
L 02/16/2021 - 16:00:52: [SM] Call stack trace:
L 02/16/2021 - 16:00:52: [SM]   [1] Line 202, restrictinc/events.sp::CS_OnBuyCommand
L 02/16/2021 - 16:00:52: [SM] Exception reported: Array index out-of-bounds (index 64, limit 55)
L 02/16/2021 - 16:00:52: [SM] Blaming: weapon_restrict.smx
L 02/16/2021 - 16:00:52: [SM] Call stack trace:
L 02/16/2021 - 16:00:52: [SM]   [1] Line 202, restrictinc/events.sp::CS_OnBuyCommand
L 02/16/2021 - 16:00:55: [SM] Exception reported: Array index out-of-bounds (index 64, limit 55)
L 02/16/2021 - 16:00:55: [SM] Blaming: weapon_restrict.smx
L 02/16/2021 - 16:00:55: [SM] Call stack trace:
L 02/16/2021 - 16:00:55: [SM]   [1] Line 202, restrictinc/events.sp::CS_OnBuyCommand
L 02/16/2021 - 16:00:55: [SM] Exception reported: Array index out-of-bounds (index 64, limit 55)
L 02/16/2021 - 16:00:55: [SM] Blaming: weapon_restrict.smx
L 02/16/2021 - 16:00:55: [SM] Call stack trace:
L 02/16/2021 - 16:00:55: [SM]   [1] Line 202, restrictinc/events.sp::CS_OnBuyCommand
L 02/16/2021 - 16:00:59: [SM] Exception reported: Language phrase "CMD_Team_Spec" not found (arg 5)
L 02/16/2021 - 16:00:59: [SM] Blaming: advadmin.smx
L 02/16/2021 - 16:00:59: [SM] Call stack trace:
L 02/16/2021 - 16:00:59: [SM]   [0] ShowActivity2
L 02/16/2021 - 16:00:59: [SM]   [1] Line 790, /home/groups/sourcemod/upload_tmp/phpRYtiXm.sp::CMD_Spec
L 02/16/2021 - 16:02:46: [SM] Exception reported: Array index out-of-bounds (index 64, limit 55)
L 02/16/2021 - 16:02:46: [SM] Blaming: weapon_restrict.smx
L 02/16/2021 - 16:02:46: [SM] Call stack trace:
L 02/16/2021 - 16:02:46: [SM]   [1] Line 202, restrictinc/events.sp::CS_OnBuyCommand
L 02/16/2021 - 16:02:55: [SM] Exception reported: Language phrase "CMD_Team_Spec" not found (arg 5)
L 02/16/2021 - 16:02:55: [SM] Blaming: advadmin.smx
L 02/16/2021 - 16:02:55: [SM] Call stack trace:
L 02/16/2021 - 16:02:55: [SM]   [0] ShowActivity2
L 02/16/2021 - 16:02:55: [SM]   [1] Line 790, /home/groups/sourcemod/upload_tmp/phpRYtiXm.sp::CMD_Spec
L 02/16/2021 - 16:03:04: [SM] Exception reported: Array index out-of-bounds (index 64, limit 55)
L 02/16/2021 - 16:03:04: [SM] Blaming: weapon_restrict.smx
L 02/16/2021 - 16:03:04: [SM] Call stack trace:
L 02/16/2021 - 16:03:04: [SM]   [1] Line 202, restrictinc/events.sp::CS_OnBuyCommand
L 02/16/2021 - 16:03:06: [SM] Exception reported: Array index out-of-bounds (index 64, limit 55)
L 02/16/2021 - 16:03:06: [SM] Blaming: weapon_restrict.smx
L 02/16/2021 - 16:03:06: [SM] Call stack trace:
L 02/16/2021 - 16:03:06: [SM]   [1] Line 202, restrictinc/events.sp::CS_OnBuyCommand
L 02/16/2021 - 16:03:10: [SM] Exception reported: Array index out-of-bounds (index 64, limit 55)
L 02/16/2021 - 16:03:10: [SM] Blaming: weapon_restrict.smx
L 02/16/2021 - 16:03:10: [SM] Call stack trace:
L 02/16/2021 - 16:03:10: [SM]   [1] Line 202, restrictinc/events.sp::CS_OnBuyCommand
L 02/16/2021 - 16:03:36: [SM] Exception reported: Array index out-of-bounds (index 64, limit 55)
L 02/16/2021 - 16:03:36: [SM] Blaming: weapon_restrict.smx
L 02/16/2021 - 16:03:36: [SM] Call stack trace:
L 02/16/2021 - 16:03:36: [SM]   [1] Line 202, restrictinc/events.sp::CS_OnBuyCommand
L 02/16/2021 - 16:03:43: [SM] Exception reported: Array index out-of-bounds (index 64, limit 55)
L 02/16/2021 - 16:03:43: [SM] Blaming: weapon_restrict.smx
L 02/16/2021 - 16:03:43: [SM] Call stack trace:
L 02/16/2021 - 16:03:43: [SM]   [1] Line 202, restrictinc/events.sp::CS_OnBuyCommand
L 02/16/2021 - 16:04:28: [SM] Exception reported: Array index out-of-bounds (index 64, limit 55)
L 02/16/2021 - 16:04:28: [SM] Blaming: weapon_restrict.smx
L 02/16/2021 - 16:04:28: [SM] Call stack trace:
L 02/16/2021 - 16:04:28: [SM]   [1] Line 202, restrictinc/events.sp::CS_OnBuyCommand
L 02/16/2021 - 16:04:35: [SM] Exception reported: Array index out-of-bounds (index 64, limit 55)
L 02/16/2021 - 16:04:35: [SM] Blaming: weapon_restrict.smx
L 02/16/2021 - 16:04:35: [SM] Call stack trace:
L 02/16/2021 - 16:04:35: [SM]   [1] Line 202, restrictinc/events.sp::CS_OnBuyCommand
L 02/16/2021 - 16:04:38: [SM] Exception reported: Array index out-of-bounds (index 64, limit 55)
L 02/16/2021 - 16:04:38: [SM] Blaming: weapon_restrict.smx
L 02/16/2021 - 16:04:38: [SM] Call stack trace:
L 02/16/2021 - 16:04:38: [SM]   [1] Line 202, restrictinc/events.sp::CS_OnBuyCommand
L 02/16/2021 - 16:04:46: [SM] Exception reported: Array index out-of-bounds (index 64, limit 55)
L 02/16/2021 - 16:04:46: [SM] Blaming: weapon_restrict.smx
L 02/16/2021 - 16:04:46: [SM] Call stack trace:
L 02/16/2021 - 16:04:46: [SM]   [1] Line 202, restrictinc/events.sp::CS_OnBuyCommand
L 02/16/2021 - 16:04:49: [SM] Exception reported: Array index out-of-bounds (index 64, limit 55)
L 02/16/2021 - 16:04:49: [SM] Blaming: weapon_restrict.smx
L 02/16/2021 - 16:04:49: [SM] Call stack trace:
L 02/16/2021 - 16:04:49: [SM]   [1] Line 202, restrictinc/events.sp::CS_OnBuyCommand
L 02/16/2021 - 16:12:01: [SM] Exception reported: Array index out-of-bounds (index 64, limit 55)
L 02/16/2021 - 16:12:01: [SM] Blaming: weapon_restrict.smx
L 02/16/2021 - 16:12:01: [SM] Call stack trace:
L 02/16/2021 - 16:12:01: [SM]   [1] Line 202, restrictinc/events.sp::CS_OnBuyCommand
L 02/16/2021 - 16:12:08: [SM] Exception reported: Array index out-of-bounds (index 64, limit 55)
L 02/16/2021 - 16:12:08: [SM] Blaming: weapon_restrict.smx
L 02/16/2021 - 16:12:08: [SM] Call stack trace:
L 02/16/2021 - 16:12:08: [SM]   [1] Line 202, restrictinc/events.sp::CS_OnBuyCommand
L 02/16/2021 - 16:12:52: [SM] Exception reported: Array index out-of-bounds (index 64, limit 55)
L 02/16/2021 - 16:12:52: [SM] Blaming: weapon_restrict.smx
L 02/16/2021 - 16:12:52: [SM] Call stack trace:
L 02/16/2021 - 16:12:52: [SM]   [1] Line 202, restrictinc/events.sp::CS_OnBuyCommand
L 02/16/2021 - 16:15:27: [SM] Exception reported: Language phrase "Player_Connected_From" not found (arg 3)
L 02/16/2021 - 16:15:27: [SM] Blaming: advadmin.smx
L 02/16/2021 - 16:15:27: [SM] Call stack trace:
L 02/16/2021 - 16:15:27: [SM]   [0] VFormat
L 02/16/2021 - 16:15:27: [SM]   [1] Line 386, /groups/sourcemod/compiler-1.10/include/halflife.inc::PrintToChatAll
L 02/16/2021 - 16:15:27: [SM]   [2] Line 141, /home/groups/sourcemod/upload_tmp/phpRYtiXm.sp::OnClientAuthorized
L 02/16/2021 - 16:15:37: [SM] Exception reported: Array index out-of-bounds (index 64, limit 55)
L 02/16/2021 - 16:15:37: [SM] Blaming: weapon_restrict.smx
L 02/16/2021 - 16:15:37: [SM] Call stack trace:
L 02/16/2021 - 16:15:37: [SM]   [1] Line 202, restrictinc/events.sp::CS_OnBuyCommand
L 02/16/2021 - 16:15:41: Error log file session closed.
L 02/16/2021 - 16:15:41: SourceMod error session started
L 02/16/2021 - 16:15:41: Info (map "de_bank") (file "/home/tcagame/jackm1/599/csgo/addons/sourcemod/logs/errors_20210216.log")
L 02/16/2021 - 16:15:41: [SM] Fatal error encountered parsing translation file "advadmin.phrases.txt"
L 02/16/2021 - 16:15:41: [SM] Error (line 0, column 0): Stream failed to open
L 02/16/2021 - 16:15:54: [SM] Exception reported: Array index out-of-bounds (index 64, limit 55)
L 02/16/2021 - 16:15:54: [SM] Blaming: weapon_restrict.smx
L 02/16/2021 - 16:15:54: [SM] Call stack trace:
L 02/16/2021 - 16:15:54: [SM]   [1] Line 202, restrictinc/events.sp::CS_OnBuyCommand
L 02/16/2021 - 16:15:55: [SM] Exception reported: Array index out-of-bounds (index 64, limit 55)
L 02/16/2021 - 16:15:55: [SM] Blaming: weapon_restrict.smx
L 02/16/2021 - 16:15:55: [SM] Call stack trace:
L 02/16/2021 - 16:15:55: [SM]   [1] Line 202, restrictinc/events.sp::CS_OnBuyCommand
L 02/16/2021 - 16:15:57: [SM] Exception reported: Array index out-of-bounds (index 64, limit 55)
L 02/16/2021 - 16:15:57: [SM] Blaming: weapon_restrict.smx
L 02/16/2021 - 16:15:57: [SM] Call stack trace:
L 02/16/2021 - 16:15:57: [SM]   [1] Line 202, restrictinc/events.sp::CS_OnBuyCommand
L 02/16/2021 - 16:18:02: [SM] Exception reported: Language phrase "Player_Connected" not found (arg 3)
L 02/16/2021 - 16:18:02: [SM] Blaming: advadmin.smx
L 02/16/2021 - 16:18:02: [SM] Call stack trace:
L 02/16/2021 - 16:18:02: [SM]   [0] VFormat
L 02/16/2021 - 16:18:02: [SM]   [1] Line 386, /groups/sourcemod/compiler-1.10/include/halflife.inc::PrintToChatAll
L 02/16/2021 - 16:18:02: [SM]   [2] Line 145, /home/groups/sourcemod/upload_tmp/phpRYtiXm.sp::OnClientAuthorized
L 02/16/2021 - 16:18:08: [SM] Exception reported: Language phrase "Player_Connected_From" not found (arg 3)
L 02/16/2021 - 16:18:08: [SM] Blaming: advadmin.smx
L 02/16/2021 - 16:18:08: [SM] Call stack trace:
L 02/16/2021 - 16:18:08: [SM]   [0] VFormat
L 02/16/2021 - 16:18:08: [SM]   [1] Line 386, /groups/sourcemod/compiler-1.10/include/halflife.inc::PrintToChatAll
L 02/16/2021 - 16:18:08: [SM]   [2] Line 141, /home/groups/sourcemod/upload_tmp/phpRYtiXm.sp::OnClientAuthorized
L 02/16/2021 - 16:18:10: [SM] Exception reported: Array index out-of-bounds (index 64, limit 55)
L 02/16/2021 - 16:18:10: [SM] Blaming: weapon_restrict.smx
L 02/16/2021 - 16:18:10: [SM] Call stack trace:
L 02/16/2021 - 16:18:10: [SM]   [1] Line 202, restrictinc/events.sp::CS_OnBuyCommand
L 02/16/2021 - 16:18:54: [SM] Exception reported: Language phrase "CMD_Team_Spec" not found (arg 5)
L 02/16/2021 - 16:18:54: [SM] Blaming: advadmin.smx
L 02/16/2021 - 16:18:54: [SM] Call stack trace:
L 02/16/2021 - 16:18:54: [SM]   [0] ShowActivity2
L 02/16/2021 - 16:18:54: [SM]   [1] Line 790, /home/groups/sourcemod/upload_tmp/phpRYtiXm.sp::CMD_Spec
L 02/16/2021 - 16:18:57: [SM] Exception reported: Language phrase "CMD_Team_Spec" not found (arg 5)
L 02/16/2021 - 16:18:57: [SM] Blaming: advadmin.smx
L 02/16/2021 - 16:18:57: [SM] Call stack trace:
L 02/16/2021 - 16:18:57: [SM]   [0] ShowActivity2
L 02/16/2021 - 16:18:57: [SM]   [1] Line 790, /home/groups/sourcemod/upload_tmp/phpRYtiXm.sp::CMD_Spec
L 02/16/2021 - 16:19:24: [SM] Exception reported: Array index out-of-bounds (index 64, limit 55)
L 02/16/2021 - 16:19:24: [SM] Blaming: weapon_restrict.smx
L 02/16/2021 - 16:19:24: [SM] Call stack trace:
L 02/16/2021 - 16:19:24: [SM]   [1] Line 202, restrictinc/events.sp::CS_OnBuyCommand
L 02/16/2021 - 16:19:25: [SM] Exception reported: Array index out-of-bounds (index 64, limit 55)
L 02/16/2021 - 16:19:25: [SM] Blaming: weapon_restrict.smx
L 02/16/2021 - 16:19:25: [SM] Call stack trace:
L 02/16/2021 - 16:19:25: [SM]   [1] Line 202, restrictinc/events.sp::CS_OnBuyCommand
L 02/16/2021 - 16:20:10: [SM] Exception reported: Array index out-of-bounds (index 64, limit 55)
L 02/16/2021 - 16:20:10: [SM] Blaming: weapon_restrict.smx
L 02/16/2021 - 16:20:10: [SM] Call stack trace:
L 02/16/2021 - 16:20:10: [SM]   [1] Line 202, restrictinc/events.sp::CS_OnBuyCommand
L 02/16/2021 - 16:20:21: [SM] Exception reported: Array index out-of-bounds (index 64, limit 55)
L 02/16/2021 - 16:20:21: [SM] Blaming: weapon_restrict.smx
L 02/16/2021 - 16:20:21: [SM] Call stack trace:
L 02/16/2021 - 16:20:21: [SM]   [1] Line 202, restrictinc/events.sp::CS_OnBuyCommand
L 02/16/2021 - 16:26:07: [SM] Exception reported: Array index out-of-bounds (index 64, limit 55)
L 02/16/2021 - 16:26:07: [SM] Blaming: weapon_restrict.smx
L 02/16/2021 - 16:26:07: [SM] Call stack trace:
L 02/16/2021 - 16:26:07: [SM]   [1] Line 202, restrictinc/events.sp::CS_OnBuyCommand
L 02/16/2021 - 16:26:29: [SM] Exception reported: Array index out-of-bounds (index 64, limit 55)
L 02/16/2021 - 16:26:29: [SM] Blaming: weapon_restrict.smx
L 02/16/2021 - 16:26:29: [SM] Call stack trace:
L 02/16/2021 - 16:26:29: [SM]   [1] Line 202, restrictinc/events.sp::CS_OnBuyCommand
L 02/16/2021 - 16:34:31: Error log file session closed.
L 02/16/2021 - 16:34:31: SourceMod error session started
L 02/16/2021 - 16:34:31: Info (map "de_shortdust") (file "/home/tcagame/jackm1/599/csgo/addons/sourcemod/logs/errors_20210216.log")
L 02/16/2021 - 16:34:31: [SM] Fatal error encountered parsing translation file "advadmin.phrases.txt"
L 02/16/2021 - 16:34:31: [SM] Error (line 0, column 0): Stream failed to open
L 02/16/2021 - 16:34:44: [SM] Exception reported: Array index out-of-bounds (index 64, limit 55)
L 02/16/2021 - 16:34:44: [SM] Blaming: weapon_restrict.smx
L 02/16/2021 - 16:34:44: [SM] Call stack trace:
L 02/16/2021 - 16:34:44: [SM]   [1] Line 202, restrictinc/events.sp::CS_OnBuyCommand
L 02/16/2021 - 16:34:45: [SM] Exception reported: Array index out-of-bounds (index 64, limit 55)
L 02/16/2021 - 16:34:45: [SM] Blaming: weapon_restrict.smx
L 02/16/2021 - 16:34:45: [SM] Call stack trace:
L 02/16/2021 - 16:34:45: [SM]   [1] Line 202, restrictinc/events.sp::CS_OnBuyCommand
L 02/16/2021 - 16:34:58: [SM] Exception reported: Array index out-of-bounds (index 64, limit 55)
L 02/16/2021 - 16:34:58: [SM] Blaming: weapon_restrict.smx
L 02/16/2021 - 16:34:58: [SM] Call stack trace:
L 02/16/2021 - 16:34:58: [SM]   [1] Line 202, restrictinc/events.sp::CS_OnBuyCommand
L 02/16/2021 - 16:35:00: [SM] Exception reported: Language phrase "Player_Connected" not found (arg 3)
L 02/16/2021 - 16:35:00: [SM] Blaming: advadmin.smx
L 02/16/2021 - 16:35:00: [SM] Call stack trace:
L 02/16/2021 - 16:35:00: [SM]   [0] VFormat
L 02/16/2021 - 16:35:00: [SM]   [1] Line 386, /groups/sourcemod/compiler-1.10/include/halflife.inc::PrintToChatAll
L 02/16/2021 - 16:35:00: [SM]   [2] Line 145, /home/groups/sourcemod/upload_tmp/phpRYtiXm.sp::OnClientAuthorized
L 02/16/2021 - 16:35:22: [SM] Exception reported: Array index out-of-bounds (index 64, limit 55)
L 02/16/2021 - 16:35:22: [SM] Blaming: weapon_restrict.smx
L 02/16/2021 - 16:35:22: [SM] Call stack trace:
L 02/16/2021 - 16:35:22: [SM]   [1] Line 202, restrictinc/events.sp::CS_OnBuyCommand
L 02/16/2021 - 16:37:40: [SM] Exception reported: Language phrase "CMD_Team_Spec" not found (arg 5)
L 02/16/2021 - 16:37:40: [SM] Blaming: advadmin.smx
L 02/16/2021 - 16:37:40: [SM] Call stack trace:
L 02/16/2021 - 16:37:40: [SM]   [0] ShowActivity2
L 02/16/2021 - 16:37:40: [SM]   [1] Line 790, /home/groups/sourcemod/upload_tmp/phpRYtiXm.sp::CMD_Spec
L 02/16/2021 - 16:37:42: [SM] Exception reported: Language phrase "CMD_Team_Spec" not found (arg 5)
L 02/16/2021 - 16:37:42: [SM] Blaming: advadmin.smx
L 02/16/2021 - 16:37:42: [SM] Call stack trace:
L 02/16/2021 - 16:37:42: [SM]   [0] ShowActivity2
L 02/16/2021 - 16:37:42: [SM]   [1] Line 790, /home/groups/sourcemod/upload_tmp/phpRYtiXm.sp::CMD_Spec
L 02/16/2021 - 16:37:46: [SM] Exception reported: Array index out-of-bounds (index 64, limit 55)
L 02/16/2021 - 16:37:46: [SM] Blaming: weapon_restrict.smx
L 02/16/2021 - 16:37:46: [SM] Call stack trace:
L 02/16/2021 - 16:37:46: [SM]   [1] Line 202, restrictinc/events.sp::CS_OnBuyCommand
L 02/16/2021 - 16:39:23: [SM] Exception reported: Array index out-of-bounds (index 64, limit 55)
L 02/16/2021 - 16:39:23: [SM] Blaming: weapon_restrict.smx
L 02/16/2021 - 16:39:23: [SM] Call stack trace:
L 02/16/2021 - 16:39:23: [SM]   [1] Line 202, restrictinc/events.sp::CS_OnBuyCommand
L 02/16/2021 - 16:39:26: [SM] Exception reported: Array index out-of-bounds (index 64, limit 55)
L 02/16/2021 - 16:39:26: [SM] Blaming: weapon_restrict.smx
L 02/16/2021 - 16:39:26: [SM] Call stack trace:
L 02/16/2021 - 16:39:26: [SM]   [1] Line 202, restrictinc/events.sp::CS_OnBuyCommand
L 02/16/2021 - 16:39:29: [SM] Exception reported: Array index out-of-bounds (index 64, limit 55)
L 02/16/2021 - 16:39:29: [SM] Blaming: weapon_restrict.smx
L 02/16/2021 - 16:39:29: [SM] Call stack trace:
L 02/16/2021 - 16:39:29: [SM]   [1] Line 202, restrictinc/events.sp::CS_OnBuyCommand
L 02/16/2021 - 16:39:35: [SM] Exception reported: Array index out-of-bounds (index 64, limit 55)
L 02/16/2021 - 16:39:35: [SM] Blaming: weapon_restrict.smx
L 02/16/2021 - 16:39:35: [SM] Call stack trace:
L 02/16/2021 - 16:39:35: [SM]   [1] Line 202, restrictinc/events.sp::CS_OnBuyCommand
L 02/16/2021 - 16:39:40: [SM] Exception reported: Array index out-of-bounds (index 64, limit 55)
L 02/16/2021 - 16:39:40: [SM] Blaming: weapon_restrict.smx
L 02/16/2021 - 16:39:40: [SM] Call stack trace:
L 02/16/2021 - 16:39:40: [SM]   [1] Line 202, restrictinc/events.sp::CS_OnBuyCommand
L 02/16/2021 - 16:40:05: [SM] Exception reported: Array index out-of-bounds (index 64, limit 55)
L 02/16/2021 - 16:40:05: [SM] Blaming: weapon_restrict.smx
L 02/16/2021 - 16:40:05: [SM] Call stack trace:
L 02/16/2021 - 16:40:05: [SM]   [1] Line 202, restrictinc/events.sp::CS_OnBuyCommand
L 02/16/2021 - 16:48:11: [SM] Exception reported: Array index out-of-bounds (index 64, limit 55)
L 02/16/2021 - 16:48:11: [SM] Blaming: weapon_restrict.smx
L 02/16/2021 - 16:48:11: [SM] Call stack trace:
L 02/16/2021 - 16:48:11: [SM]   [1] Line 202, restrictinc/events.sp::CS_OnBuyCommand
L 02/16/2021 - 16:48:12: [SM] Exception reported: Array index out-of-bounds (index 64, limit 55)
L 02/16/2021 - 16:48:12: [SM] Blaming: weapon_restrict.smx
L 02/16/2021 - 16:48:12: [SM] Call stack trace:
L 02/16/2021 - 16:48:12: [SM]   [1] Line 202, restrictinc/events.sp::CS_OnBuyCommand
L 02/16/2021 - 16:49:19: [SM] Exception reported: Array index out-of-bounds (index 64, limit 55)
L 02/16/2021 - 16:49:19: [SM] Blaming: weapon_restrict.smx
L 02/16/2021 - 16:49:19: [SM] Call stack trace:
L 02/16/2021 - 16:49:19: [SM]   [1] Line 202, restrictinc/events.sp::CS_OnBuyCommand
L 02/16/2021 - 16:52:22: [SM] Exception reported: Array index out-of-bounds (index 64, limit 55)
L 02/16/2021 - 16:52:22: [SM] Blaming: weapon_restrict.smx
L 02/16/2021 - 16:52:22: [SM] Call stack trace:
L 02/16/2021 - 16:52:22: [SM]   [1] Line 202, restrictinc/events.sp::CS_OnBuyCommand
L 02/16/2021 - 16:57:31: [SM] Exception reported: Array index out-of-bounds (index 64, limit 55)
L 02/16/2021 - 16:57:31: [SM] Blaming: weapon_restrict.smx
L 02/16/2021 - 16:57:31: [SM] Call stack trace:
L 02/16/2021 - 16:57:31: [SM]   [1] Line 202, restrictinc/events.sp::CS_OnBuyCommand
L 02/16/2021 - 16:57:32: [SM] Exception reported: Array index out-of-bounds (index 64, limit 55)
L 02/16/2021 - 16:57:32: [SM] Blaming: weapon_restrict.smx
L 02/16/2021 - 16:57:32: [SM] Call stack trace:
L 02/16/2021 - 16:57:32: [SM]   [1] Line 202, restrictinc/events.sp::CS_OnBuyCommand
L 02/16/2021 - 16:59:20: [SM] Exception reported: Array index out-of-bounds (index 64, limit 55)
L 02/16/2021 - 16:59:20: [SM] Blaming: weapon_restrict.smx
L 02/16/2021 - 16:59:20: [SM] Call stack trace:
L 02/16/2021 - 16:59:20: [SM]   [1] Line 202, restrictinc/events.sp::CS_OnBuyCommand
L 02/16/2021 - 16:59:21: [SM] Exception reported: Array index out-of-bounds (index 64, limit 55)
L 02/16/2021 - 16:59:21: [SM] Blaming: weapon_restrict.smx
L 02/16/2021 - 16:59:21: [SM] Call stack trace:
L 02/16/2021 - 16:59:21: [SM]   [1] Line 202, restrictinc/events.sp::CS_OnBuyCommand
L 02/16/2021 - 17:46:32: Error log file session closed.
L 02/16/2021 - 17:46:32: SourceMod error session started
L 02/16/2021 - 17:46:32: Info (map "de_shortdust") (file "/home/tcagame/jackm1/599/csgo/addons/sourcemod/logs/errors_20210216.log")
L 02/16/2021 - 17:46:32: [SM] Fatal error encountered parsing translation file "advadmin.phrases.txt"
L 02/16/2021 - 17:46:32: [SM] Error (line 0, column 0): Stream failed to open
L 02/16/2021 - 17:50:00: [SM] Exception reported: Language phrase "Player_Connected_From" not found (arg 3)
L 02/16/2021 - 17:50:00: [SM] Blaming: advadmin.smx
L 02/16/2021 - 17:50:00: [SM] Call stack trace:
L 02/16/2021 - 17:50:00: [SM]   [0] VFormat
L 02/16/2021 - 17:50:00: [SM]   [1] Line 386, /groups/sourcemod/compiler-1.10/include/halflife.inc::PrintToChatAll
L 02/16/2021 - 17:50:00: [SM]   [2] Line 141, /home/groups/sourcemod/upload_tmp/phpRYtiXm.sp::OnClientAuthorized
L 02/16/2021 - 17:51:52: [SM] Exception reported: Array index out-of-bounds (index 64, limit 55)
L 02/16/2021 - 17:51:52: [SM] Blaming: weapon_restrict.smx
L 02/16/2021 - 17:51:52: [SM] Call stack trace:
L 02/16/2021 - 17:51:52: [SM]   [1] Line 202, restrictinc/events.sp::CS_OnBuyCommand
L 02/16/2021 - 17:53:08: [SM] Exception reported: Array index out-of-bounds (index 64, limit 55)
L 02/16/2021 - 17:53:08: [SM] Blaming: weapon_restrict.smx
L 02/16/2021 - 17:53:08: [SM] Call stack trace:
L 02/16/2021 - 17:53:08: [SM]   [1] Line 202, restrictinc/events.sp::CS_OnBuyCommand
L 02/16/2021 - 17:58:01: [SM] Exception reported: Array index out-of-bounds (index 64, limit 55)
L 02/16/2021 - 17:58:01: [SM] Blaming: weapon_restrict.smx
L 02/16/2021 - 17:58:01: [SM] Call stack trace:
L 02/16/2021 - 17:58:01: [SM]   [1] Line 202, restrictinc/events.sp::CS_OnBuyCommand
L 02/16/2021 - 17:58:01: [SM] Exception reported: Array index out-of-bounds (index 64, limit 55)
L 02/16/2021 - 17:58:01: [SM] Blaming: weapon_restrict.smx
L 02/16/2021 - 17:58:01: [SM] Call stack trace:
L 02/16/2021 - 17:58:01: [SM]   [1] Line 202, restrictinc/events.sp::CS_OnBuyCommand
L 02/16/2021 - 17:59:11: [SM] Exception reported: Language phrase "Player_Connected_From" not found (arg 3)
L 02/16/2021 - 17:59:11: [SM] Blaming: advadmin.smx
L 02/16/2021 - 17:59:11: [SM] Call stack trace:
L 02/16/2021 - 17:59:11: [SM]   [0] VFormat
L 02/16/2021 - 17:59:11: [SM]   [1] Line 386, /groups/sourcemod/compiler-1.10/include/halflife.inc::PrintToChatAll
L 02/16/2021 - 17:59:11: [SM]   [2] Line 141, /home/groups/sourcemod/upload_tmp/phpRYtiXm.sp::OnClientAuthorized
L 02/16/2021 - 17:59:13: [SM] Exception reported: Language phrase "Player_Connected_From" not found (arg 3)
L 02/16/2021 - 17:59:13: [SM] Blaming: advadmin.smx
L 02/16/2021 - 17:59:13: [SM] Call stack trace:
L 02/16/2021 - 17:59:13: [SM]   [0] VFormat
L 02/16/2021 - 17:59:13: [SM]   [1] Line 386, /groups/sourcemod/compiler-1.10/include/halflife.inc::PrintToChatAll
L 02/16/2021 - 17:59:13: [SM]   [2] Line 141, /home/groups/sourcemod/upload_tmp/phpRYtiXm.sp::OnClientAuthorized
L 02/16/2021 - 17:59:15: [SM] Exception reported: Language phrase "Player_Connected_From" not found (arg 3)
L 02/16/2021 - 17:59:15: [SM] Blaming: advadmin.smx
L 02/16/2021 - 17:59:15: [SM] Call stack trace:
L 02/16/2021 - 17:59:15: [SM]   [0] VFormat
L 02/16/2021 - 17:59:15: [SM]   [1] Line 386, /groups/sourcemod/compiler-1.10/include/halflife.inc::PrintToChatAll
L 02/16/2021 - 17:59:15: [SM]   [2] Line 141, /home/groups/sourcemod/upload_tmp/phpRYtiXm.sp::OnClientAuthorized
L 02/16/2021 - 17:59:22: [SM] Exception reported: Language phrase "Player_Connected_From" not found (arg 3)
L 02/16/2021 - 17:59:22: [SM] Blaming: advadmin.smx
L 02/16/2021 - 17:59:22: [SM] Call stack trace:
L 02/16/2021 - 17:59:22: [SM]   [0] VFormat
L 02/16/2021 - 17:59:22: [SM]   [1] Line 386, /groups/sourcemod/compiler-1.10/include/halflife.inc::PrintToChatAll
L 02/16/2021 - 17:59:22: [SM]   [2] Line 141, /home/groups/sourcemod/upload_tmp/phpRYtiXm.sp::OnClientAuthorized
L 02/16/2021 - 17:59:35: [SM] Exception reported: Language phrase "Player_Connected_From" not found (arg 3)
L 02/16/2021 - 17:59:35: [SM] Blaming: advadmin.smx
L 02/16/2021 - 17:59:35: [SM] Call stack trace:
L 02/16/2021 - 17:59:35: [SM]   [0] VFormat
L 02/16/2021 - 17:59:35: [SM]   [1] Line 386, /groups/sourcemod/compiler-1.10/include/halflife.inc::PrintToChatAll
L 02/16/2021 - 17:59:35: [SM]   [2] Line 141, /home/groups/sourcemod/upload_tmp/phpRYtiXm.sp::OnClientAuthorized
L 02/16/2021 - 17:59:38: [SM] Exception reported: Array index out-of-bounds (index 64, limit 55)
L 02/16/2021 - 17:59:38: [SM] Blaming: weapon_restrict.smx
L 02/16/2021 - 17:59:38: [SM] Call stack trace:
L 02/16/2021 - 17:59:38: [SM]   [1] Line 202, restrictinc/events.sp::CS_OnBuyCommand
L 02/16/2021 - 18:00:45: [SM] Exception reported: Array index out-of-bounds (index 64, limit 55)
L 02/16/2021 - 18:00:45: [SM] Blaming: weapon_restrict.smx
L 02/16/2021 - 18:00:45: [SM] Call stack trace:
L 02/16/2021 - 18:00:45: [SM]   [1] Line 202, restrictinc/events.sp::CS_OnBuyCommand
L 02/16/2021 - 18:00:45: [SM] Exception reported: Array index out-of-bounds (index 64, limit 55)
L 02/16/2021 - 18:00:45: [SM] Blaming: weapon_restrict.smx
L 02/16/2021 - 18:00:45: [SM] Call stack trace:
L 02/16/2021 - 18:00:45: [SM]   [1] Line 202, restrictinc/events.sp::CS_OnBuyCommand
L 02/16/2021 - 19:16:05: Error log file session closed.
L 02/16/2021 - 19:16:05: SourceMod error session started
L 02/16/2021 - 19:16:05: Info (map "de_shortdust") (file "/home/tcagame/jackm1/599/csgo/addons/sourcemod/logs/errors_20210216.log")
L 02/16/2021 - 19:16:05: [SM] Fatal error encountered parsing translation file "advadmin.phrases.txt"
L 02/16/2021 - 19:16:05: [SM] Error (line 0, column 0): Stream failed to open
L 02/16/2021 - 19:16:29: [SM] Exception reported: Array index out-of-bounds (index 64, limit 55)
L 02/16/2021 - 19:16:29: [SM] Blaming: weapon_restrict.smx
L 02/16/2021 - 19:16:29: [SM] Call stack trace:
L 02/16/2021 - 19:16:29: [SM]   [1] Line 202, restrictinc/events.sp::CS_OnBuyCommand
L 02/16/2021 - 19:17:42: [SM] Exception reported: Language phrase "Player_Connected_From" not found (arg 3)
L 02/16/2021 - 19:17:42: [SM] Blaming: advadmin.smx
L 02/16/2021 - 19:17:42: [SM] Call stack trace:
L 02/16/2021 - 19:17:42: [SM]   [0] VFormat
L 02/16/2021 - 19:17:42: [SM]   [1] Line 386, /groups/sourcemod/compiler-1.10/include/halflife.inc::PrintToChatAll
L 02/16/2021 - 19:17:42: [SM]   [2] Line 141, /home/groups/sourcemod/upload_tmp/phpRYtiXm.sp::OnClientAuthorized
L 02/16/2021 - 19:18:07: [SM] Exception reported: Array index out-of-bounds (index 64, limit 55)
L 02/16/2021 - 19:18:07: [SM] Blaming: weapon_restrict.smx
L 02/16/2021 - 19:18:07: [SM] Call stack trace:
L 02/16/2021 - 19:18:07: [SM]   [1] Line 202, restrictinc/events.sp::CS_OnBuyCommand
L 02/16/2021 - 19:18:47: [SM] Exception reported: Array index out-of-bounds (index 64, limit 55)
L 02/16/2021 - 19:18:47: [SM] Blaming: weapon_restrict.smx
L 02/16/2021 - 19:18:47: [SM] Call stack trace:
L 02/16/2021 - 19:18:47: [SM]   [1] Line 202, restrictinc/events.sp::CS_OnBuyCommand
L 02/16/2021 - 19:18:54: [SM] Exception reported: Array index out-of-bounds (index 64, limit 55)
L 02/16/2021 - 19:18:54: [SM] Blaming: weapon_restrict.smx
L 02/16/2021 - 19:18:54: [SM] Call stack trace:
L 02/16/2021 - 19:18:54: [SM]   [1] Line 202, restrictinc/events.sp::CS_OnBuyCommand
L 02/16/2021 - 19:24:14: Error log file session closed.
L 02/16/2021 - 19:24:14: SourceMod error session started
L 02/16/2021 - 19:24:14: Info (map "de_inferno") (file "/home/tcagame/jackm1/599/csgo/addons/sourcemod/logs/errors_20210216.log")
L 02/16/2021 - 19:24:14: [SM] Fatal error encountered parsing translation file "advadmin.phrases.txt"
L 02/16/2021 - 19:24:14: [SM] Error (line 0, column 0): Stream failed to open
L 02/16/2021 - 19:32:23: [SM] Exception reported: Array index out-of-bounds (index 64, limit 55)
L 02/16/2021 - 19:32:23: [SM] Blaming: weapon_restrict.smx
L 02/16/2021 - 19:32:23: [SM] Call stack trace:
L 02/16/2021 - 19:32:23: [SM]   [1] Line 202, restrictinc/events.sp::CS_OnBuyCommand
L 02/16/2021 - 19:32:24: [SM] Exception reported: Array index out-of-bounds (index 64, limit 55)
L 02/16/2021 - 19:32:24: [SM] Blaming: weapon_restrict.smx
L 02/16/2021 - 19:32:24: [SM] Call stack trace:
L 02/16/2021 - 19:32:24: [SM]   [1] Line 202, restrictinc/events.sp::CS_OnBuyCommand
L 02/16/2021 - 19:33:24: [SM] Exception reported: Array index out-of-bounds (index 64, limit 55)
L 02/16/2021 - 19:33:24: [SM] Blaming: weapon_restrict.smx
L 02/16/2021 - 19:33:24: [SM] Call stack trace:
L 02/16/2021 - 19:33:24: [SM]   [1] Line 202, restrictinc/events.sp::CS_OnBuyCommand
L 02/16/2021 - 20:10:16: Error log file session closed.
L 02/16/2021 - 20:10:16: SourceMod error session started
L 02/16/2021 - 20:10:16: Info (map "de_inferno") (file "/home/tcagame/jackm1/599/csgo/addons/sourcemod/logs/errors_20210216.log")
L 02/16/2021 - 20:10:16: [SM] Fatal error encountered parsing translation file "advadmin.phrases.txt"
L 02/16/2021 - 20:10:16: [SM] Error (line 0, column 0): Stream failed to open
L 02/16/2021 - 20:10:31: [SM] Exception reported: Language phrase "Player_Connected" not found (arg 3)
L 02/16/2021 - 20:10:31: [SM] Blaming: advadmin.smx
L 02/16/2021 - 20:10:31: [SM] Call stack trace:
L 02/16/2021 - 20:10:31: [SM]   [0] VFormat
L 02/16/2021 - 20:10:31: [SM]   [1] Line 386, /groups/sourcemod/compiler-1.10/include/halflife.inc::PrintToChatAll
L 02/16/2021 - 20:10:31: [SM]   [2] Line 145, /home/groups/sourcemod/upload_tmp/phpRYtiXm.sp::OnClientAuthorized
L 02/16/2021 - 20:10:31: [SM] Exception reported: Language phrase "Player_Connected" not found (arg 3)
L 02/16/2021 - 20:10:31: [SM] Blaming: advadmin.smx
L 02/16/2021 - 20:10:31: [SM] Call stack trace:
L 02/16/2021 - 20:10:31: [SM]   [0] VFormat
L 02/16/2021 - 20:10:31: [SM]   [1] Line 386, /groups/sourcemod/compiler-1.10/include/halflife.inc::PrintToChatAll
L 02/16/2021 - 20:10:31: [SM]   [2] Line 145, /home/groups/sourcemod/upload_tmp/phpRYtiXm.sp::OnClientAuthorized
L 02/16/2021 - 20:10:31: [SM] Exception reported: Language phrase "Player_Connected" not found (arg 3)
L 02/16/2021 - 20:10:31: [SM] Blaming: advadmin.smx
L 02/16/2021 - 20:10:31: [SM] Call stack trace:
L 02/16/2021 - 20:10:31: [SM]   [0] VFormat
L 02/16/2021 - 20:10:31: [SM]   [1] Line 386, /groups/sourcemod/compiler-1.10/include/halflife.inc::PrintToChatAll
L 02/16/2021 - 20:10:31: [SM]   [2] Line 145, /home/groups/sourcemod/upload_tmp/phpRYtiXm.sp::OnClientAuthorized
L 02/16/2021 - 20:10:31: [SM] Exception reported: Language phrase "Player_Connected" not found (arg 3)
L 02/16/2021 - 20:10:31: [SM] Blaming: advadmin.smx
L 02/16/2021 - 20:10:31: [SM] Call stack trace:
L 02/16/2021 - 20:10:31: [SM]   [0] VFormat
L 02/16/2021 - 20:10:31: [SM]   [1] Line 386, /groups/sourcemod/compiler-1.10/include/halflife.inc::PrintToChatAll
L 02/16/2021 - 20:10:31: [SM]   [2] Line 145, /home/groups/sourcemod/upload_tmp/phpRYtiXm.sp::OnClientAuthorized
L 02/16/2021 - 20:10:31: [SM] Exception reported: Language phrase "Player_Connected" not found (arg 3)
L 02/16/2021 - 20:10:31: [SM] Blaming: advadmin.smx
L 02/16/2021 - 20:10:31: [SM] Call stack trace:
L 02/16/2021 - 20:10:31: [SM]   [0] VFormat
L 02/16/2021 - 20:10:31: [SM]   [1] Line 386, /groups/sourcemod/compiler-1.10/include/halflife.inc::PrintToChatAll
L 02/16/2021 - 20:10:31: [SM]   [2] Line 145, /home/groups/sourcemod/upload_tmp/phpRYtiXm.sp::OnClientAuthorized
L 02/16/2021 - 20:10:31: [SM] Exception reported: Language phrase "Player_Connected" not found (arg 3)
L 02/16/2021 - 20:10:31: [SM] Blaming: advadmin.smx
L 02/16/2021 - 20:10:31: [SM] Call stack trace:
L 02/16/2021 - 20:10:31: [SM]   [0] VFormat
L 02/16/2021 - 20:10:31: [SM]   [1] Line 386, /groups/sourcemod/compiler-1.10/include/halflife.inc::PrintToChatAll
L 02/16/2021 - 20:10:31: [SM]   [2] Line 145, /home/groups/sourcemod/upload_tmp/phpRYtiXm.sp::OnClientAuthorized
L 02/16/2021 - 20:10:31: [SM] Exception reported: Language phrase "Player_Connected" not found (arg 3)
L 02/16/2021 - 20:10:31: [SM] Blaming: advadmin.smx
L 02/16/2021 - 20:10:31: [SM] Call stack trace:
L 02/16/2021 - 20:10:31: [SM]   [0] VFormat
L 02/16/2021 - 20:10:31: [SM]   [1] Line 386, /groups/sourcemod/compiler-1.10/include/halflife.inc::PrintToChatAll
L 02/16/2021 - 20:10:31: [SM]   [2] Line 145, /home/groups/sourcemod/upload_tmp/phpRYtiXm.sp::OnClientAuthorized
L 02/16/2021 - 20:10:57: [SM] Exception reported: Language phrase "Player_Connected" not found (arg 3)
L 02/16/2021 - 20:10:57: [SM] Blaming: advadmin.smx
L 02/16/2021 - 20:10:57: [SM] Call stack trace:
L 02/16/2021 - 20:10:57: [SM]   [0] VFormat
L 02/16/2021 - 20:10:57: [SM]   [1] Line 386, /groups/sourcemod/compiler-1.10/include/halflife.inc::PrintToChatAll
L 02/16/2021 - 20:10:57: [SM]   [2] Line 145, /home/groups/sourcemod/upload_tmp/phpRYtiXm.sp::OnClientAuthorized
L 02/16/2021 - 20:10:57: [SM] Exception reported: Language phrase "Player_Connected" not found (arg 3)
L 02/16/2021 - 20:10:57: [SM] Blaming: advadmin.smx
L 02/16/2021 - 20:10:57: [SM] Call stack trace:
L 02/16/2021 - 20:10:57: [SM]   [0] VFormat
L 02/16/2021 - 20:10:57: [SM]   [1] Line 386, /groups/sourcemod/compiler-1.10/include/halflife.inc::PrintToChatAll
L 02/16/2021 - 20:10:57: [SM]   [2] Line 145, /home/groups/sourcemod/upload_tmp/phpRYtiXm.sp::OnClientAuthorized
L 02/16/2021 - 20:10:57: [SM] Exception reported: Language phrase "Player_Connected" not found (arg 3)
L 02/16/2021 - 20:10:57: [SM] Blaming: advadmin.smx
L 02/16/2021 - 20:10:57: [SM] Call stack trace:
L 02/16/2021 - 20:10:57: [SM]   [0] VFormat
L 02/16/2021 - 20:10:57: [SM]   [1] Line 386, /groups/sourcemod/compiler-1.10/include/halflife.inc::PrintToChatAll
L 02/16/2021 - 20:10:57: [SM]   [2] Line 145, /home/groups/sourcemod/upload_tmp/phpRYtiXm.sp::OnClientAuthorized
L 02/16/2021 - 20:10:57: [SM] Exception reported: Language phrase "Player_Connected" not found (arg 3)
L 02/16/2021 - 20:10:57: [SM] Blaming: advadmin.smx
L 02/16/2021 - 20:10:57: [SM] Call stack trace:
L 02/16/2021 - 20:10:57: [SM]   [0] VFormat
L 02/16/2021 - 20:10:57: [SM]   [1] Line 386, /groups/sourcemod/compiler-1.10/include/halflife.inc::PrintToChatAll
L 02/16/2021 - 20:10:57: [SM]   [2] Line 145, /home/groups/sourcemod/upload_tmp/phpRYtiXm.sp::OnClientAuthorized
L 02/16/2021 - 20:12:00: [SM] Exception reported: Language phrase "Player_Connected" not found (arg 3)
L 02/16/2021 - 20:12:00: [SM] Blaming: advadmin.smx
L 02/16/2021 - 20:12:00: [SM] Call stack trace:
L 02/16/2021 - 20:12:00: [SM]   [0] VFormat
L 02/16/2021 - 20:12:00: [SM]   [1] Line 386, /groups/sourcemod/compiler-1.10/include/halflife.inc::PrintToChatAll
L 02/16/2021 - 20:12:00: [SM]   [2] Line 145, /home/groups/sourcemod/upload_tmp/phpRYtiXm.sp::OnClientAuthorized
L 02/16/2021 - 20:12:00: [SM] Exception reported: Language phrase "Player_Connected" not found (arg 3)
L 02/16/2021 - 20:12:00: [SM] Blaming: advadmin.smx
L 02/16/2021 - 20:12:00: [SM] Call stack trace:
L 02/16/2021 - 20:12:00: [SM]   [0] VFormat
L 02/16/2021 - 20:12:00: [SM]   [1] Line 386, /groups/sourcemod/compiler-1.10/include/halflife.inc::PrintToChatAll
L 02/16/2021 - 20:12:00: [SM]   [2] Line 145, /home/groups/sourcemod/upload_tmp/phpRYtiXm.sp::OnClientAuthorized
L 02/16/2021 - 20:12:00: [SM] Exception reported: Language phrase "Player_Connected" not found (arg 3)
L 02/16/2021 - 20:12:00: [SM] Blaming: advadmin.smx
L 02/16/2021 - 20:12:00: [SM] Call stack trace:
L 02/16/2021 - 20:12:00: [SM]   [0] VFormat
L 02/16/2021 - 20:12:00: [SM]   [1] Line 386, /groups/sourcemod/compiler-1.10/include/halflife.inc::PrintToChatAll
L 02/16/2021 - 20:12:00: [SM]   [2] Line 145, /home/groups/sourcemod/upload_tmp/phpRYtiXm.sp::OnClientAuthorized
L 02/16/2021 - 20:12:00: [SM] Exception reported: Language phrase "Player_Connected" not found (arg 3)
L 02/16/2021 - 20:12:00: [SM] Blaming: advadmin.smx
L 02/16/2021 - 20:12:00: [SM] Call stack trace:
L 02/16/2021 - 20:12:00: [SM]   [0] VFormat
L 02/16/2021 - 20:12:00: [SM]   [1] Line 386, /groups/sourcemod/compiler-1.10/include/halflife.inc::PrintToChatAll
L 02/16/2021 - 20:12:00: [SM]   [2] Line 145, /home/groups/sourcemod/upload_tmp/phpRYtiXm.sp::OnClientAuthorized
L 02/16/2021 - 20:12:00: [SM] Exception reported: Language phrase "Player_Connected" not found (arg 3)
L 02/16/2021 - 20:12:00: [SM] Blaming: advadmin.smx
L 02/16/2021 - 20:12:00: [SM] Call stack trace:
L 02/16/2021 - 20:12:00: [SM]   [0] VFormat
L 02/16/2021 - 20:12:00: [SM]   [1] Line 386, /groups/sourcemod/compiler-1.10/include/halflife.inc::PrintToChatAll
L 02/16/2021 - 20:12:00: [SM]   [2] Line 145, /home/groups/sourcemod/upload_tmp/phpRYtiXm.sp::OnClientAuthorized
L 02/16/2021 - 20:12:00: [SM] Exception reported: Language phrase "Player_Connected" not found (arg 3)
L 02/16/2021 - 20:12:00: [SM] Blaming: advadmin.smx
L 02/16/2021 - 20:12:00: [SM] Call stack trace:
L 02/16/2021 - 20:12:00: [SM]   [0] VFormat
L 02/16/2021 - 20:12:00: [SM]   [1] Line 386, /groups/sourcemod/compiler-1.10/include/halflife.inc::PrintToChatAll
L 02/16/2021 - 20:12:00: [SM]   [2] Line 145, /home/groups/sourcemod/upload_tmp/phpRYtiXm.sp::OnClientAuthorized
L 02/16/2021 - 20:12:00: [SM] Exception reported: Language phrase "Player_Connected" not found (arg 3)
L 02/16/2021 - 20:12:00: [SM] Blaming: advadmin.smx
L 02/16/2021 - 20:12:00: [SM] Call stack trace:
L 02/16/2021 - 20:12:00: [SM]   [0] VFormat
L 02/16/2021 - 20:12:00: [SM]   [1] Line 386, /groups/sourcemod/compiler-1.10/include/halflife.inc::PrintToChatAll
L 02/16/2021 - 20:12:00: [SM]   [2] Line 145, /home/groups/sourcemod/upload_tmp/phpRYtiXm.sp::OnClientAuthorized
L 02/16/2021 - 20:12:01: Error log file session closed.
L 02/16/2021 - 20:12:01: SourceMod error session started
L 02/16/2021 - 20:12:01: Info (map "de_inferno") (file "/home/tcagame/jackm1/599/csgo/addons/sourcemod/logs/errors_20210216.log")
L 02/16/2021 - 20:12:01: [SM] Fatal error encountered parsing translation file "advadmin.phrases.txt"
L 02/16/2021 - 20:12:01: [SM] Error (line 0, column 0): Stream failed to open
L 02/16/2021 - 20:12:23: [SM] Exception reported: Language phrase "Player_Connected" not found (arg 3)
L 02/16/2021 - 20:12:23: [SM] Blaming: advadmin.smx
L 02/16/2021 - 20:12:23: [SM] Call stack trace:
L 02/16/2021 - 20:12:23: [SM]   [0] VFormat
L 02/16/2021 - 20:12:23: [SM]   [1] Line 386, /groups/sourcemod/compiler-1.10/include/halflife.inc::PrintToChatAll
L 02/16/2021 - 20:12:23: [SM]   [2] Line 145, /home/groups/sourcemod/upload_tmp/phpRYtiXm.sp::OnClientAuthorized
L 02/16/2021 - 20:13:11: [SM] Exception reported: Language phrase "Player_Connected_From" not found (arg 3)
L 02/16/2021 - 20:13:11: [SM] Blaming: advadmin.smx
L 02/16/2021 - 20:13:11: [SM] Call stack trace:
L 02/16/2021 - 20:13:11: [SM]   [0] VFormat
L 02/16/2021 - 20:13:11: [SM]   [1] Line 386, /groups/sourcemod/compiler-1.10/include/halflife.inc::PrintToChatAll
L 02/16/2021 - 20:13:11: [SM]   [2] Line 141, /home/groups/sourcemod/upload_tmp/phpRYtiXm.sp::OnClientAuthorized
L 02/16/2021 - 20:15:20: [SM] Exception reported: Array index out-of-bounds (index 64, limit 55)
L 02/16/2021 - 20:15:20: [SM] Blaming: weapon_restrict.smx
L 02/16/2021 - 20:15:20: [SM] Call stack trace:
L 02/16/2021 - 20:15:20: [SM]   [1] Line 202, restrictinc/events.sp::CS_OnBuyCommand
L 02/16/2021 - 20:17:07: [SM] Exception reported: Language phrase "Player_Connected_From" not found (arg 3)
L 02/16/2021 - 20:17:07: [SM] Blaming: advadmin.smx
L 02/16/2021 - 20:17:07: [SM] Call stack trace:
L 02/16/2021 - 20:17:07: [SM]   [0] VFormat
L 02/16/2021 - 20:17:07: [SM]   [1] Line 386, /groups/sourcemod/compiler-1.10/include/halflife.inc::PrintToChatAll
L 02/16/2021 - 20:17:07: [SM]   [2] Line 141, /home/groups/sourcemod/upload_tmp/phpRYtiXm.sp::OnClientAuthorized
L 02/16/2021 - 20:21:33: Error log file session closed.
L 02/16/2021 - 20:21:33: SourceMod error session started
L 02/16/2021 - 20:21:33: Info (map "de_vertigo") (file "/home/tcagame/jackm1/599/csgo/addons/sourcemod/logs/errors_20210216.log")
L 02/16/2021 - 20:21:33: [SM] Fatal error encountered parsing translation file "advadmin.phrases.txt"
L 02/16/2021 - 20:21:33: [SM] Error (line 0, column 0): Stream failed to open
L 02/16/2021 - 20:21:48: [SM] Exception reported: Language phrase "Player_Connected" not found (arg 3)
L 02/16/2021 - 20:21:48: [SM] Blaming: advadmin.smx
L 02/16/2021 - 20:21:48: [SM] Call stack trace:
L 02/16/2021 - 20:21:48: [SM]   [0] VFormat
L 02/16/2021 - 20:21:48: [SM]   [1] Line 386, /groups/sourcemod/compiler-1.10/include/halflife.inc::PrintToChatAll
L 02/16/2021 - 20:21:48: [SM]   [2] Line 145, /home/groups/sourcemod/upload_tmp/phpRYtiXm.sp::OnClientAuthorized
L 02/16/2021 - 20:21:48: [SM] Exception reported: Language phrase "Player_Connected" not found (arg 3)
L 02/16/2021 - 20:21:48: [SM] Blaming: advadmin.smx
L 02/16/2021 - 20:21:48: [SM] Call stack trace:
L 02/16/2021 - 20:21:48: [SM]   [0] VFormat
L 02/16/2021 - 20:21:48: [SM]   [1] Line 386, /groups/sourcemod/compiler-1.10/include/halflife.inc::PrintToChatAll
L 02/16/2021 - 20:21:48: [SM]   [2] Line 145, /home/groups/sourcemod/upload_tmp/phpRYtiXm.sp::OnClientAuthorized
L 02/16/2021 - 20:24:17: [SM] Exception reported: Array index out-of-bounds (index 64, limit 55)
L 02/16/2021 - 20:24:17: [SM] Blaming: weapon_restrict.smx
L 02/16/2021 - 20:24:17: [SM] Call stack trace:
L 02/16/2021 - 20:24:17: [SM]   [1] Line 202, restrictinc/events.sp::CS_OnBuyCommand
L 02/16/2021 - 20:24:22: [SM] Exception reported: Array index out-of-bounds (index 64, limit 55)
L 02/16/2021 - 20:24:22: [SM] Blaming: weapon_restrict.smx
L 02/16/2021 - 20:24:22: [SM] Call stack trace:
L 02/16/2021 - 20:24:22: [SM]   [1] Line 202, restrictinc/events.sp::CS_OnBuyCommand
L 02/16/2021 - 20:24:23: [SM] Exception reported: Array index out-of-bounds (index 64, limit 55)
L 02/16/2021 - 20:24:23: [SM] Blaming: weapon_restrict.smx
L 02/16/2021 - 20:24:23: [SM] Call stack trace:
L 02/16/2021 - 20:24:23: [SM]   [1] Line 202, restrictinc/events.sp::CS_OnBuyCommand
L 02/16/2021 - 20:25:08: [SM] Exception reported: Array index out-of-bounds (index 64, limit 55)
L 02/16/2021 - 20:25:08: [SM] Blaming: weapon_restrict.smx
L 02/16/2021 - 20:25:08: [SM] Call stack trace:
L 02/16/2021 - 20:25:08: [SM]   [1] Line 202, restrictinc/events.sp::CS_OnBuyCommand
L 02/16/2021 - 20:27:56: [SM] Exception reported: Array index out-of-bounds (index 64, limit 55)
L 02/16/2021 - 20:27:56: [SM] Blaming: weapon_restrict.smx
L 02/16/2021 - 20:27:56: [SM] Call stack trace:
L 02/16/2021 - 20:27:56: [SM]   [1] Line 202, restrictinc/events.sp::CS_OnBuyCommand
L 02/16/2021 - 20:30:03: [SM] Exception reported: Array index out-of-bounds (index 64, limit 55)
L 02/16/2021 - 20:30:03: [SM] Blaming: weapon_restrict.smx
L 02/16/2021 - 20:30:03: [SM] Call stack trace:
L 02/16/2021 - 20:30:03: [SM]   [1] Line 202, restrictinc/events.sp::CS_OnBuyCommand
L 02/16/2021 - 20:30:40: [SM] Exception reported: Array index out-of-bounds (index 64, limit 55)
L 02/16/2021 - 20:30:40: [SM] Blaming: weapon_restrict.smx
L 02/16/2021 - 20:30:40: [SM] Call stack trace:
L 02/16/2021 - 20:30:40: [SM]   [1] Line 202, restrictinc/events.sp::CS_OnBuyCommand
L 02/16/2021 - 20:30:46: [SM] Exception reported: Array index out-of-bounds (index 64, limit 55)
L 02/16/2021 - 20:30:46: [SM] Blaming: weapon_restrict.smx
L 02/16/2021 - 20:30:46: [SM] Call stack trace:
L 02/16/2021 - 20:30:46: [SM]   [1] Line 202, restrictinc/events.sp::CS_OnBuyCommand
L 02/16/2021 - 20:32:13: [SM] Exception reported: Array index out-of-bounds (index 64, limit 55)
L 02/16/2021 - 20:32:13: [SM] Blaming: weapon_restrict.smx
L 02/16/2021 - 20:32:13: [SM] Call stack trace:
L 02/16/2021 - 20:32:13: [SM]   [1] Line 202, restrictinc/events.sp::CS_OnBuyCommand
L 02/16/2021 - 21:34:25: Error log file session closed.
L 02/16/2021 - 21:34:25: SourceMod error session started
L 02/16/2021 - 21:34:25: Info (map "de_vertigo") (file "/home/tcagame/jackm1/599/csgo/addons/sourcemod/logs/errors_20210216.log")
L 02/16/2021 - 21:34:25: [SM] Fatal error encountered parsing translation file "advadmin.phrases.txt"
L 02/16/2021 - 21:34:25: [SM] Error (line 0, column 0): Stream failed to open
L 02/17/2021 - 06:44:21: Error log file session closed.
