L 02/21/2021 - 08:10:26: SourceMod error session started
L 02/21/2021 - 08:10:26: Info (map "de_overpass") (file "/home/tcagame/jackm1/599/csgo/addons/sourcemod/logs/errors_20210221.log")
L 02/21/2021 - 08:10:26: [SM] Fatal error encountered parsing translation file "advadmin.phrases.txt"
L 02/21/2021 - 08:10:26: [SM] Error (line 0, column 0): Stream failed to open
L 02/21/2021 - 12:39:52: Error log file session closed.
L 02/21/2021 - 12:39:52: SourceMod error session started
L 02/21/2021 - 12:39:52: Info (map "de_overpass") (file "/home/tcagame/jackm1/599/csgo/addons/sourcemod/logs/errors_20210221.log")
L 02/21/2021 - 12:39:52: [SM] Fatal error encountered parsing translation file "advadmin.phrases.txt"
L 02/21/2021 - 12:39:52: [SM] Error (line 0, column 0): Stream failed to open
L 02/21/2021 - 12:46:15: [SM] Exception reported: Language phrase "Player_Connected_From" not found (arg 3)
L 02/21/2021 - 12:46:15: [SM] Blaming: advadmin.smx
L 02/21/2021 - 12:46:15: [SM] Call stack trace:
L 02/21/2021 - 12:46:15: [SM]   [0] VFormat
L 02/21/2021 - 12:46:15: [SM]   [1] Line 386, /groups/sourcemod/compiler-1.10/include/halflife.inc::PrintToChatAll
L 02/21/2021 - 12:46:15: [SM]   [2] Line 141, /home/groups/sourcemod/upload_tmp/phpRYtiXm.sp::OnClientAuthorized
L 02/21/2021 - 16:47:31: Error log file session closed.
L 02/21/2021 - 16:47:31: SourceMod error session started
L 02/21/2021 - 16:47:31: Info (map "de_overpass") (file "/home/tcagame/jackm1/599/csgo/addons/sourcemod/logs/errors_20210221.log")
L 02/21/2021 - 16:47:31: [SM] Fatal error encountered parsing translation file "advadmin.phrases.txt"
L 02/21/2021 - 16:47:31: [SM] Error (line 0, column 0): Stream failed to open
L 02/21/2021 - 16:47:56: [SM] Exception reported: Array index out-of-bounds (index 64, limit 55)
L 02/21/2021 - 16:47:56: [SM] Blaming: weapon_restrict.smx
L 02/21/2021 - 16:47:56: [SM] Call stack trace:
L 02/21/2021 - 16:47:56: [SM]   [1] Line 202, restrictinc/events.sp::CS_OnBuyCommand
L 02/21/2021 - 16:48:31: [SM] Exception reported: Language phrase "Player_Connected_From" not found (arg 3)
L 02/21/2021 - 16:48:31: [SM] Blaming: advadmin.smx
L 02/21/2021 - 16:48:31: [SM] Call stack trace:
L 02/21/2021 - 16:48:31: [SM]   [0] VFormat
L 02/21/2021 - 16:48:31: [SM]   [1] Line 386, /groups/sourcemod/compiler-1.10/include/halflife.inc::PrintToChatAll
L 02/21/2021 - 16:48:31: [SM]   [2] Line 141, /home/groups/sourcemod/upload_tmp/phpRYtiXm.sp::OnClientAuthorized
L 02/21/2021 - 16:52:37: [SM] Exception reported: Array index out-of-bounds (index 64, limit 55)
L 02/21/2021 - 16:52:37: [SM] Blaming: weapon_restrict.smx
L 02/21/2021 - 16:52:37: [SM] Call stack trace:
L 02/21/2021 - 16:52:37: [SM]   [1] Line 202, restrictinc/events.sp::CS_OnBuyCommand
L 02/21/2021 - 16:57:05: [SM] Exception reported: Language phrase "Player_Connected_From" not found (arg 3)
L 02/21/2021 - 16:57:05: [SM] Blaming: advadmin.smx
L 02/21/2021 - 16:57:05: [SM] Call stack trace:
L 02/21/2021 - 16:57:05: [SM]   [0] VFormat
L 02/21/2021 - 16:57:05: [SM]   [1] Line 386, /groups/sourcemod/compiler-1.10/include/halflife.inc::PrintToChatAll
L 02/21/2021 - 16:57:05: [SM]   [2] Line 141, /home/groups/sourcemod/upload_tmp/phpRYtiXm.sp::OnClientAuthorized
L 02/21/2021 - 16:59:02: [SM] Exception reported: Language phrase "Player_Connected_From" not found (arg 3)
L 02/21/2021 - 16:59:02: [SM] Blaming: advadmin.smx
L 02/21/2021 - 16:59:02: [SM] Call stack trace:
L 02/21/2021 - 16:59:02: [SM]   [0] VFormat
L 02/21/2021 - 16:59:02: [SM]   [1] Line 386, /groups/sourcemod/compiler-1.10/include/halflife.inc::PrintToChatAll
L 02/21/2021 - 16:59:02: [SM]   [2] Line 141, /home/groups/sourcemod/upload_tmp/phpRYtiXm.sp::OnClientAuthorized
L 02/21/2021 - 17:00:02: [SM] Exception reported: Language phrase "Player_Connected_From" not found (arg 3)
L 02/21/2021 - 17:00:02: [SM] Blaming: advadmin.smx
L 02/21/2021 - 17:00:02: [SM] Call stack trace:
L 02/21/2021 - 17:00:02: [SM]   [0] VFormat
L 02/21/2021 - 17:00:02: [SM]   [1] Line 386, /groups/sourcemod/compiler-1.10/include/halflife.inc::PrintToChatAll
L 02/21/2021 - 17:00:02: [SM]   [2] Line 141, /home/groups/sourcemod/upload_tmp/phpRYtiXm.sp::OnClientAuthorized
L 02/21/2021 - 17:00:16: [SM] Exception reported: Language phrase "Player_Connected_From" not found (arg 3)
L 02/21/2021 - 17:00:16: [SM] Blaming: advadmin.smx
L 02/21/2021 - 17:00:16: [SM] Call stack trace:
L 02/21/2021 - 17:00:16: [SM]   [0] VFormat
L 02/21/2021 - 17:00:16: [SM]   [1] Line 386, /groups/sourcemod/compiler-1.10/include/halflife.inc::PrintToChatAll
L 02/21/2021 - 17:00:16: [SM]   [2] Line 141, /home/groups/sourcemod/upload_tmp/phpRYtiXm.sp::OnClientAuthorized
L 02/21/2021 - 17:02:24: [SM] Exception reported: Language phrase "Player_Connected_From" not found (arg 3)
L 02/21/2021 - 17:02:24: [SM] Blaming: advadmin.smx
L 02/21/2021 - 17:02:24: [SM] Call stack trace:
L 02/21/2021 - 17:02:24: [SM]   [0] VFormat
L 02/21/2021 - 17:02:24: [SM]   [1] Line 386, /groups/sourcemod/compiler-1.10/include/halflife.inc::PrintToChatAll
L 02/21/2021 - 17:02:24: [SM]   [2] Line 141, /home/groups/sourcemod/upload_tmp/phpRYtiXm.sp::OnClientAuthorized
L 02/21/2021 - 17:03:36: Error log file session closed.
L 02/21/2021 - 17:03:36: SourceMod error session started
L 02/21/2021 - 17:03:36: Info (map "de_dust2") (file "/home/tcagame/jackm1/599/csgo/addons/sourcemod/logs/errors_20210221.log")
L 02/21/2021 - 17:03:36: [SM] Fatal error encountered parsing translation file "advadmin.phrases.txt"
L 02/21/2021 - 17:03:36: [SM] Error (line 0, column 0): Stream failed to open
L 02/21/2021 - 17:10:11: [SM] Exception reported: Array index out-of-bounds (index 64, limit 55)
L 02/21/2021 - 17:10:11: [SM] Blaming: weapon_restrict.smx
L 02/21/2021 - 17:10:11: [SM] Call stack trace:
L 02/21/2021 - 17:10:11: [SM]   [1] Line 202, restrictinc/events.sp::CS_OnBuyCommand
L 02/21/2021 - 19:29:51: Error log file session closed.
L 02/21/2021 - 19:29:51: SourceMod error session started
L 02/21/2021 - 19:29:51: Info (map "de_dust2") (file "/home/tcagame/jackm1/599/csgo/addons/sourcemod/logs/errors_20210221.log")
L 02/21/2021 - 19:29:51: [SM] Fatal error encountered parsing translation file "advadmin.phrases.txt"
L 02/21/2021 - 19:29:51: [SM] Error (line 0, column 0): Stream failed to open
L 02/21/2021 - 19:30:32: [SM] Exception reported: Language phrase "Player_Connected_From" not found (arg 3)
L 02/21/2021 - 19:30:32: [SM] Blaming: advadmin.smx
L 02/21/2021 - 19:30:32: [SM] Call stack trace:
L 02/21/2021 - 19:30:32: [SM]   [0] VFormat
L 02/21/2021 - 19:30:32: [SM]   [1] Line 386, /groups/sourcemod/compiler-1.10/include/halflife.inc::PrintToChatAll
L 02/21/2021 - 19:30:32: [SM]   [2] Line 141, /home/groups/sourcemod/upload_tmp/phpRYtiXm.sp::OnClientAuthorized
L 02/21/2021 - 19:36:47: Error log file session closed.
L 02/21/2021 - 19:36:47: SourceMod error session started
L 02/21/2021 - 19:36:47: Info (map "de_inferno") (file "/home/tcagame/jackm1/599/csgo/addons/sourcemod/logs/errors_20210221.log")
L 02/21/2021 - 19:36:47: [SM] Fatal error encountered parsing translation file "advadmin.phrases.txt"
L 02/21/2021 - 19:36:47: [SM] Error (line 0, column 0): Stream failed to open
L 02/21/2021 - 19:37:21: [SM] Exception reported: Language phrase "Player_Connected" not found (arg 3)
L 02/21/2021 - 19:37:21: [SM] Blaming: advadmin.smx
L 02/21/2021 - 19:37:21: [SM] Call stack trace:
L 02/21/2021 - 19:37:21: [SM]   [0] VFormat
L 02/21/2021 - 19:37:21: [SM]   [1] Line 386, /groups/sourcemod/compiler-1.10/include/halflife.inc::PrintToChatAll
L 02/21/2021 - 19:37:21: [SM]   [2] Line 145, /home/groups/sourcemod/upload_tmp/phpRYtiXm.sp::OnClientAuthorized
L 02/21/2021 - 19:38:15: [SM] Exception reported: Array index out-of-bounds (index 64, limit 55)
L 02/21/2021 - 19:38:15: [SM] Blaming: weapon_restrict.smx
L 02/21/2021 - 19:38:15: [SM] Call stack trace:
L 02/21/2021 - 19:38:15: [SM]   [1] Line 202, restrictinc/events.sp::CS_OnBuyCommand
L 02/21/2021 - 19:38:23: [SM] Exception reported: Array index out-of-bounds (index 64, limit 55)
L 02/21/2021 - 19:38:23: [SM] Blaming: weapon_restrict.smx
L 02/21/2021 - 19:38:23: [SM] Call stack trace:
L 02/21/2021 - 19:38:23: [SM]   [1] Line 202, restrictinc/events.sp::CS_OnBuyCommand
L 02/21/2021 - 19:38:57: [SM] Exception reported: Array index out-of-bounds (index 64, limit 55)
L 02/21/2021 - 19:38:57: [SM] Blaming: weapon_restrict.smx
L 02/21/2021 - 19:38:57: [SM] Call stack trace:
L 02/21/2021 - 19:38:57: [SM]   [1] Line 202, restrictinc/events.sp::CS_OnBuyCommand
L 02/21/2021 - 19:44:13: [SM] Exception reported: Array index out-of-bounds (index 64, limit 55)
L 02/21/2021 - 19:44:13: [SM] Blaming: weapon_restrict.smx
L 02/21/2021 - 19:44:13: [SM] Call stack trace:
L 02/21/2021 - 19:44:13: [SM]   [1] Line 202, restrictinc/events.sp::CS_OnBuyCommand
L 02/21/2021 - 19:46:00: [SM] Exception reported: Array index out-of-bounds (index 64, limit 55)
L 02/21/2021 - 19:46:00: [SM] Blaming: weapon_restrict.smx
L 02/21/2021 - 19:46:00: [SM] Call stack trace:
L 02/21/2021 - 19:46:00: [SM]   [1] Line 202, restrictinc/events.sp::CS_OnBuyCommand
L 02/21/2021 - 19:47:06: [SM] Exception reported: Array index out-of-bounds (index 64, limit 55)
L 02/21/2021 - 19:47:06: [SM] Blaming: weapon_restrict.smx
L 02/21/2021 - 19:47:06: [SM] Call stack trace:
L 02/21/2021 - 19:47:06: [SM]   [1] Line 202, restrictinc/events.sp::CS_OnBuyCommand
L 02/21/2021 - 19:51:39: [SM] Exception reported: Language phrase "Player_Connected_From" not found (arg 3)
L 02/21/2021 - 19:51:39: [SM] Blaming: advadmin.smx
L 02/21/2021 - 19:51:39: [SM] Call stack trace:
L 02/21/2021 - 19:51:39: [SM]   [0] VFormat
L 02/21/2021 - 19:51:39: [SM]   [1] Line 386, /groups/sourcemod/compiler-1.10/include/halflife.inc::PrintToChatAll
L 02/21/2021 - 19:51:39: [SM]   [2] Line 141, /home/groups/sourcemod/upload_tmp/phpRYtiXm.sp::OnClientAuthorized
L 02/21/2021 - 19:53:45: Error log file session closed.
L 02/21/2021 - 19:53:45: SourceMod error session started
L 02/21/2021 - 19:53:45: Info (map "de_train") (file "/home/tcagame/jackm1/599/csgo/addons/sourcemod/logs/errors_20210221.log")
L 02/21/2021 - 19:53:45: [SM] Fatal error encountered parsing translation file "advadmin.phrases.txt"
L 02/21/2021 - 19:53:45: [SM] Error (line 0, column 0): Stream failed to open
L 02/21/2021 - 19:55:12: [SM] Exception reported: Language phrase "CMD_Swap_Usage" not found (arg 4)
L 02/21/2021 - 19:55:12: [SM] Blaming: advadmin.smx
L 02/21/2021 - 19:55:12: [SM] Call stack trace:
L 02/21/2021 - 19:55:12: [SM]   [0] ReplyToCommand
L 02/21/2021 - 19:55:12: [SM]   [1] Line 659, /home/groups/sourcemod/upload_tmp/phpRYtiXm.sp::CMD_Swap
L 02/21/2021 - 19:55:12: [SM]   [3] FakeClientCommand
L 02/21/2021 - 19:55:12: [SM]   [4] Line 1054, ./scripting/pugsetup.sp::CheckChatAlias
L 02/21/2021 - 19:55:12: [SM]   [5] Line 1082, ./scripting/pugsetup.sp::OnClientSayCommand_Post
L 02/21/2021 - 19:55:33: [SM] Exception reported: Array index out-of-bounds (index 64, limit 55)
L 02/21/2021 - 19:55:33: [SM] Blaming: weapon_restrict.smx
L 02/21/2021 - 19:55:33: [SM] Call stack trace:
L 02/21/2021 - 19:55:33: [SM]   [1] Line 202, restrictinc/events.sp::CS_OnBuyCommand
L 02/21/2021 - 19:56:38: [SM] Exception reported: Array index out-of-bounds (index 64, limit 55)
L 02/21/2021 - 19:56:38: [SM] Blaming: weapon_restrict.smx
L 02/21/2021 - 19:56:38: [SM] Call stack trace:
L 02/21/2021 - 19:56:38: [SM]   [1] Line 202, restrictinc/events.sp::CS_OnBuyCommand
L 02/21/2021 - 20:01:24: [SM] Exception reported: Array index out-of-bounds (index 64, limit 55)
L 02/21/2021 - 20:01:24: [SM] Blaming: weapon_restrict.smx
L 02/21/2021 - 20:01:24: [SM] Call stack trace:
L 02/21/2021 - 20:01:24: [SM]   [1] Line 202, restrictinc/events.sp::CS_OnBuyCommand
L 02/21/2021 - 20:02:37: [SM] Exception reported: Array index out-of-bounds (index 64, limit 55)
L 02/21/2021 - 20:02:37: [SM] Blaming: weapon_restrict.smx
L 02/21/2021 - 20:02:37: [SM] Call stack trace:
L 02/21/2021 - 20:02:37: [SM]   [1] Line 202, restrictinc/events.sp::CS_OnBuyCommand
L 02/21/2021 - 20:05:11: [SM] Exception reported: Array index out-of-bounds (index 64, limit 55)
L 02/21/2021 - 20:05:11: [SM] Blaming: weapon_restrict.smx
L 02/21/2021 - 20:05:11: [SM] Call stack trace:
L 02/21/2021 - 20:05:11: [SM]   [1] Line 202, restrictinc/events.sp::CS_OnBuyCommand
L 02/21/2021 - 20:05:47: [SM] Exception reported: Array index out-of-bounds (index 64, limit 55)
L 02/21/2021 - 20:05:47: [SM] Blaming: weapon_restrict.smx
L 02/21/2021 - 20:05:47: [SM] Call stack trace:
L 02/21/2021 - 20:05:47: [SM]   [1] Line 202, restrictinc/events.sp::CS_OnBuyCommand
L 02/21/2021 - 20:12:09: [SM] Exception reported: Language phrase "Player_Connected_From" not found (arg 3)
L 02/21/2021 - 20:12:09: [SM] Blaming: advadmin.smx
L 02/21/2021 - 20:12:09: [SM] Call stack trace:
L 02/21/2021 - 20:12:09: [SM]   [0] VFormat
L 02/21/2021 - 20:12:09: [SM]   [1] Line 386, /groups/sourcemod/compiler-1.10/include/halflife.inc::PrintToChatAll
L 02/21/2021 - 20:12:09: [SM]   [2] Line 141, /home/groups/sourcemod/upload_tmp/phpRYtiXm.sp::OnClientAuthorized
L 02/21/2021 - 20:13:37: [SM] Exception reported: Array index out-of-bounds (index 64, limit 55)
L 02/21/2021 - 20:13:37: [SM] Blaming: weapon_restrict.smx
L 02/21/2021 - 20:13:37: [SM] Call stack trace:
L 02/21/2021 - 20:13:37: [SM]   [1] Line 202, restrictinc/events.sp::CS_OnBuyCommand
L 02/21/2021 - 20:14:19: [SM] Exception reported: Translation failed: invalid client index -1 (arg 5)
L 02/21/2021 - 20:14:19: [SM] Blaming: pugsetup.smx
L 02/21/2021 - 20:14:19: [SM] Call stack trace:
L 02/21/2021 - 20:14:19: [SM]   [0] Menu.SetTitle
L 02/21/2021 - 20:14:19: [SM]   [1] Line 20, ./scripting/pugsetup/mapveto.sp::GiveVetoMenu
L 02/21/2021 - 20:14:19: [SM]   [2] Line 63, ./scripting/pugsetup/mapveto.sp::VetoHandler
L 02/21/2021 - 20:17:59: Error log file session closed.
L 02/21/2021 - 20:17:59: SourceMod error session started
L 02/21/2021 - 20:17:59: Info (map "de_bank") (file "/home/tcagame/jackm1/599/csgo/addons/sourcemod/logs/errors_20210221.log")
L 02/21/2021 - 20:17:59: [SM] Fatal error encountered parsing translation file "advadmin.phrases.txt"
L 02/21/2021 - 20:17:59: [SM] Error (line 0, column 0): Stream failed to open
L 02/21/2021 - 20:18:48: [SM] Exception reported: Array index out-of-bounds (index 64, limit 55)
L 02/21/2021 - 20:18:48: [SM] Blaming: weapon_restrict.smx
L 02/21/2021 - 20:18:48: [SM] Call stack trace:
L 02/21/2021 - 20:18:48: [SM]   [1] Line 202, restrictinc/events.sp::CS_OnBuyCommand
L 02/21/2021 - 20:19:46: [SM] Exception reported: Array index out-of-bounds (index 64, limit 55)
L 02/21/2021 - 20:19:46: [SM] Blaming: weapon_restrict.smx
L 02/21/2021 - 20:19:46: [SM] Call stack trace:
L 02/21/2021 - 20:19:46: [SM]   [1] Line 202, restrictinc/events.sp::CS_OnBuyCommand
L 02/21/2021 - 20:19:56: [SM] Exception reported: Array index out-of-bounds (index 64, limit 55)
L 02/21/2021 - 20:19:56: [SM] Blaming: weapon_restrict.smx
L 02/21/2021 - 20:19:56: [SM] Call stack trace:
L 02/21/2021 - 20:19:56: [SM]   [1] Line 202, restrictinc/events.sp::CS_OnBuyCommand
L 02/21/2021 - 20:20:23: [SM] Exception reported: Array index out-of-bounds (index 64, limit 55)
L 02/21/2021 - 20:20:23: [SM] Blaming: weapon_restrict.smx
L 02/21/2021 - 20:20:23: [SM] Call stack trace:
L 02/21/2021 - 20:20:23: [SM]   [1] Line 202, restrictinc/events.sp::CS_OnBuyCommand
L 02/21/2021 - 20:22:30: [SM] Exception reported: Array index out-of-bounds (index 64, limit 55)
L 02/21/2021 - 20:22:30: [SM] Blaming: weapon_restrict.smx
L 02/21/2021 - 20:22:30: [SM] Call stack trace:
L 02/21/2021 - 20:22:30: [SM]   [1] Line 202, restrictinc/events.sp::CS_OnBuyCommand
L 02/21/2021 - 20:23:34: [SM] Exception reported: Array index out-of-bounds (index 64, limit 55)
L 02/21/2021 - 20:23:34: [SM] Blaming: weapon_restrict.smx
L 02/21/2021 - 20:23:34: [SM] Call stack trace:
L 02/21/2021 - 20:23:34: [SM]   [1] Line 202, restrictinc/events.sp::CS_OnBuyCommand
L 02/21/2021 - 20:26:30: [SM] Exception reported: Array index out-of-bounds (index 64, limit 55)
L 02/21/2021 - 20:26:30: [SM] Blaming: weapon_restrict.smx
L 02/21/2021 - 20:26:30: [SM] Call stack trace:
L 02/21/2021 - 20:26:30: [SM]   [1] Line 202, restrictinc/events.sp::CS_OnBuyCommand
L 02/21/2021 - 20:26:32: [SM] Exception reported: Array index out-of-bounds (index 64, limit 55)
L 02/21/2021 - 20:26:32: [SM] Blaming: weapon_restrict.smx
L 02/21/2021 - 20:26:32: [SM] Call stack trace:
L 02/21/2021 - 20:26:32: [SM]   [1] Line 202, restrictinc/events.sp::CS_OnBuyCommand
L 02/21/2021 - 23:10:56: Error log file session closed.
L 02/21/2021 - 23:10:56: SourceMod error session started
L 02/21/2021 - 23:10:56: Info (map "de_bank") (file "/home/tcagame/jackm1/599/csgo/addons/sourcemod/logs/errors_20210221.log")
L 02/21/2021 - 23:10:56: [SM] Fatal error encountered parsing translation file "advadmin.phrases.txt"
L 02/21/2021 - 23:10:56: [SM] Error (line 0, column 0): Stream failed to open
L 02/21/2021 - 23:11:13: [SM] Exception reported: Array index out-of-bounds (index 64, limit 55)
L 02/21/2021 - 23:11:13: [SM] Blaming: weapon_restrict.smx
L 02/21/2021 - 23:11:13: [SM] Call stack trace:
L 02/21/2021 - 23:11:13: [SM]   [1] Line 202, restrictinc/events.sp::CS_OnBuyCommand
L 02/21/2021 - 23:11:13: [SM] Exception reported: Array index out-of-bounds (index 64, limit 55)
L 02/21/2021 - 23:11:13: [SM] Blaming: weapon_restrict.smx
L 02/21/2021 - 23:11:13: [SM] Call stack trace:
L 02/21/2021 - 23:11:13: [SM]   [1] Line 202, restrictinc/events.sp::CS_OnBuyCommand
L 02/21/2021 - 23:11:21: [SM] Exception reported: Array index out-of-bounds (index 64, limit 55)
L 02/21/2021 - 23:11:21: [SM] Blaming: weapon_restrict.smx
L 02/21/2021 - 23:11:21: [SM] Call stack trace:
L 02/21/2021 - 23:11:21: [SM]   [1] Line 202, restrictinc/events.sp::CS_OnBuyCommand
L 02/21/2021 - 23:12:36: [SM] Exception reported: Language phrase "Player_Connected_From" not found (arg 3)
L 02/21/2021 - 23:12:36: [SM] Blaming: advadmin.smx
L 02/21/2021 - 23:12:36: [SM] Call stack trace:
L 02/21/2021 - 23:12:36: [SM]   [0] VFormat
L 02/21/2021 - 23:12:36: [SM]   [1] Line 386, /groups/sourcemod/compiler-1.10/include/halflife.inc::PrintToChatAll
L 02/21/2021 - 23:12:36: [SM]   [2] Line 141, /home/groups/sourcemod/upload_tmp/phpRYtiXm.sp::OnClientAuthorized
L 02/21/2021 - 23:13:25: [SM] Exception reported: Array index out-of-bounds (index 64, limit 55)
L 02/21/2021 - 23:13:25: [SM] Blaming: weapon_restrict.smx
L 02/21/2021 - 23:13:25: [SM] Call stack trace:
L 02/21/2021 - 23:13:25: [SM]   [1] Line 202, restrictinc/events.sp::CS_OnBuyCommand
L 02/21/2021 - 23:13:29: [SM] Exception reported: Array index out-of-bounds (index 64, limit 55)
L 02/21/2021 - 23:13:29: [SM] Blaming: weapon_restrict.smx
L 02/21/2021 - 23:13:29: [SM] Call stack trace:
L 02/21/2021 - 23:13:29: [SM]   [1] Line 202, restrictinc/events.sp::CS_OnBuyCommand
L 02/21/2021 - 23:16:35: [SM] Exception reported: Array index out-of-bounds (index 64, limit 55)
L 02/21/2021 - 23:16:35: [SM] Blaming: weapon_restrict.smx
L 02/21/2021 - 23:16:35: [SM] Call stack trace:
L 02/21/2021 - 23:16:35: [SM]   [1] Line 202, restrictinc/events.sp::CS_OnBuyCommand
L 02/21/2021 - 23:33:56: [SM] Exception reported: Array index out-of-bounds (index 64, limit 55)
L 02/21/2021 - 23:33:56: [SM] Blaming: weapon_restrict.smx
L 02/21/2021 - 23:33:56: [SM] Call stack trace:
L 02/21/2021 - 23:33:56: [SM]   [1] Line 202, restrictinc/events.sp::CS_OnBuyCommand
L 02/21/2021 - 23:37:48: [SM] Exception reported: Language phrase "Player_Connected" not found (arg 3)
L 02/21/2021 - 23:37:48: [SM] Blaming: advadmin.smx
L 02/21/2021 - 23:37:48: [SM] Call stack trace:
L 02/21/2021 - 23:37:48: [SM]   [0] VFormat
L 02/21/2021 - 23:37:48: [SM]   [1] Line 386, /groups/sourcemod/compiler-1.10/include/halflife.inc::PrintToChatAll
L 02/21/2021 - 23:37:48: [SM]   [2] Line 145, /home/groups/sourcemod/upload_tmp/phpRYtiXm.sp::OnClientAuthorized
L 02/21/2021 - 23:37:55: [SM] Exception reported: Array index out-of-bounds (index 64, limit 55)
L 02/21/2021 - 23:37:55: [SM] Blaming: weapon_restrict.smx
L 02/21/2021 - 23:37:55: [SM] Call stack trace:
L 02/21/2021 - 23:37:55: [SM]   [1] Line 202, restrictinc/events.sp::CS_OnBuyCommand
L 02/21/2021 - 23:41:53: [SM] Exception reported: Language phrase "Player_Connected" not found (arg 3)
L 02/21/2021 - 23:41:53: [SM] Blaming: advadmin.smx
L 02/21/2021 - 23:41:53: [SM] Call stack trace:
L 02/21/2021 - 23:41:53: [SM]   [0] VFormat
L 02/21/2021 - 23:41:53: [SM]   [1] Line 386, /groups/sourcemod/compiler-1.10/include/halflife.inc::PrintToChatAll
L 02/21/2021 - 23:41:53: [SM]   [2] Line 145, /home/groups/sourcemod/upload_tmp/phpRYtiXm.sp::OnClientAuthorized
L 02/22/2021 - 08:15:10: Error log file session closed.
