L 02/13/2021 - 00:07:39: SourceMod error session started
L 02/13/2021 - 00:07:39: Info (map "de_stmarc") (file "/home/tcagame/jackm1/599/csgo/addons/sourcemod/logs/errors_20210213.log")
L 02/13/2021 - 00:07:39: [SM] Fatal error encountered parsing translation file "advadmin.phrases.txt"
L 02/13/2021 - 00:07:39: [SM] Error (line 0, column 0): Stream failed to open
L 02/13/2021 - 00:10:46: [SM] Exception reported: Array index out-of-bounds (index 64, limit 55)
L 02/13/2021 - 00:10:46: [SM] Blaming: weapon_restrict.smx
L 02/13/2021 - 00:10:46: [SM] Call stack trace:
L 02/13/2021 - 00:10:46: [SM]   [1] Line 202, restrictinc/events.sp::CS_OnBuyCommand
L 02/13/2021 - 00:11:19: [SM] Exception reported: Array index out-of-bounds (index 64, limit 55)
L 02/13/2021 - 00:11:19: [SM] Blaming: weapon_restrict.smx
L 02/13/2021 - 00:11:19: [SM] Call stack trace:
L 02/13/2021 - 00:11:19: [SM]   [1] Line 202, restrictinc/events.sp::CS_OnBuyCommand
L 02/13/2021 - 00:16:12: [SM] Exception reported: Array index out-of-bounds (index 64, limit 55)
L 02/13/2021 - 00:16:12: [SM] Blaming: weapon_restrict.smx
L 02/13/2021 - 00:16:12: [SM] Call stack trace:
L 02/13/2021 - 00:16:12: [SM]   [1] Line 202, restrictinc/events.sp::CS_OnBuyCommand
L 02/13/2021 - 00:16:12: [SM] Exception reported: Array index out-of-bounds (index 64, limit 55)
L 02/13/2021 - 00:16:12: [SM] Blaming: weapon_restrict.smx
L 02/13/2021 - 00:16:12: [SM] Call stack trace:
L 02/13/2021 - 00:16:12: [SM]   [1] Line 202, restrictinc/events.sp::CS_OnBuyCommand
L 02/13/2021 - 00:17:44: [SM] Exception reported: Array index out-of-bounds (index 64, limit 55)
L 02/13/2021 - 00:17:44: [SM] Blaming: weapon_restrict.smx
L 02/13/2021 - 00:17:44: [SM] Call stack trace:
L 02/13/2021 - 00:17:44: [SM]   [1] Line 202, restrictinc/events.sp::CS_OnBuyCommand
L 02/13/2021 - 07:13:21: Error log file session closed.
L 02/13/2021 - 07:13:21: SourceMod error session started
L 02/13/2021 - 07:13:21: Info (map "de_stmarc") (file "/home/tcagame/jackm1/599/csgo/addons/sourcemod/logs/errors_20210213.log")
L 02/13/2021 - 07:13:21: [SM] Fatal error encountered parsing translation file "advadmin.phrases.txt"
L 02/13/2021 - 07:13:21: [SM] Error (line 0, column 0): Stream failed to open
L 02/13/2021 - 07:16:47: [SM] Exception reported: Language phrase "Player_Connected_From" not found (arg 3)
L 02/13/2021 - 07:16:47: [SM] Blaming: advadmin.smx
L 02/13/2021 - 07:16:47: [SM] Call stack trace:
L 02/13/2021 - 07:16:47: [SM]   [0] VFormat
L 02/13/2021 - 07:16:47: [SM]   [1] Line 386, /groups/sourcemod/compiler-1.10/include/halflife.inc::PrintToChatAll
L 02/13/2021 - 07:16:47: [SM]   [2] Line 141, /home/groups/sourcemod/upload_tmp/phpRYtiXm.sp::OnClientAuthorized
L 02/13/2021 - 07:20:54: [SM] Exception reported: Language phrase "Player_Connected_From" not found (arg 3)
L 02/13/2021 - 07:20:54: [SM] Blaming: advadmin.smx
L 02/13/2021 - 07:20:54: [SM] Call stack trace:
L 02/13/2021 - 07:20:54: [SM]   [0] VFormat
L 02/13/2021 - 07:20:54: [SM]   [1] Line 386, /groups/sourcemod/compiler-1.10/include/halflife.inc::PrintToChatAll
L 02/13/2021 - 07:20:54: [SM]   [2] Line 141, /home/groups/sourcemod/upload_tmp/phpRYtiXm.sp::OnClientAuthorized
L 02/13/2021 - 10:57:24: Error log file session closed.
L 02/13/2021 - 10:57:24: SourceMod error session started
L 02/13/2021 - 10:57:24: Info (map "de_stmarc") (file "/home/tcagame/jackm1/599/csgo/addons/sourcemod/logs/errors_20210213.log")
L 02/13/2021 - 10:57:24: [SM] Fatal error encountered parsing translation file "advadmin.phrases.txt"
L 02/13/2021 - 10:57:24: [SM] Error (line 0, column 0): Stream failed to open
L 02/13/2021 - 11:01:20: [SM] Exception reported: Language phrase "Player_Connected_From" not found (arg 3)
L 02/13/2021 - 11:01:20: [SM] Blaming: advadmin.smx
L 02/13/2021 - 11:01:20: [SM] Call stack trace:
L 02/13/2021 - 11:01:20: [SM]   [0] VFormat
L 02/13/2021 - 11:01:20: [SM]   [1] Line 386, /groups/sourcemod/compiler-1.10/include/halflife.inc::PrintToChatAll
L 02/13/2021 - 11:01:20: [SM]   [2] Line 141, /home/groups/sourcemod/upload_tmp/phpRYtiXm.sp::OnClientAuthorized
L 02/13/2021 - 11:02:04: Error log file session closed.
L 02/13/2021 - 11:02:04: SourceMod error session started
L 02/13/2021 - 11:02:04: Info (map "de_overpass") (file "/home/tcagame/jackm1/599/csgo/addons/sourcemod/logs/errors_20210213.log")
L 02/13/2021 - 11:02:04: [SM] Fatal error encountered parsing translation file "advadmin.phrases.txt"
L 02/13/2021 - 11:02:04: [SM] Error (line 0, column 0): Stream failed to open
L 02/13/2021 - 11:15:23: [SM] Exception reported: Array index out-of-bounds (index 64, limit 55)
L 02/13/2021 - 11:15:23: [SM] Blaming: weapon_restrict.smx
L 02/13/2021 - 11:15:23: [SM] Call stack trace:
L 02/13/2021 - 11:15:23: [SM]   [1] Line 202, restrictinc/events.sp::CS_OnBuyCommand
L 02/13/2021 - 16:40:36: Error log file session closed.
L 02/13/2021 - 16:40:36: SourceMod error session started
L 02/13/2021 - 16:40:36: Info (map "de_overpass") (file "/home/tcagame/jackm1/599/csgo/addons/sourcemod/logs/errors_20210213.log")
L 02/13/2021 - 16:40:36: [SM] Fatal error encountered parsing translation file "advadmin.phrases.txt"
L 02/13/2021 - 16:40:36: [SM] Error (line 0, column 0): Stream failed to open
L 02/13/2021 - 16:41:39: [SM] Exception reported: Language phrase "Player_Connected_From" not found (arg 3)
L 02/13/2021 - 16:41:39: [SM] Blaming: advadmin.smx
L 02/13/2021 - 16:41:39: [SM] Call stack trace:
L 02/13/2021 - 16:41:39: [SM]   [0] VFormat
L 02/13/2021 - 16:41:39: [SM]   [1] Line 386, /groups/sourcemod/compiler-1.10/include/halflife.inc::PrintToChatAll
L 02/13/2021 - 16:41:39: [SM]   [2] Line 141, /home/groups/sourcemod/upload_tmp/phpRYtiXm.sp::OnClientAuthorized
L 02/13/2021 - 16:42:14: [SM] Exception reported: Language phrase "Player_Connected_From" not found (arg 3)
L 02/13/2021 - 16:42:14: [SM] Blaming: advadmin.smx
L 02/13/2021 - 16:42:14: [SM] Call stack trace:
L 02/13/2021 - 16:42:14: [SM]   [0] VFormat
L 02/13/2021 - 16:42:14: [SM]   [1] Line 386, /groups/sourcemod/compiler-1.10/include/halflife.inc::PrintToChatAll
L 02/13/2021 - 16:42:14: [SM]   [2] Line 141, /home/groups/sourcemod/upload_tmp/phpRYtiXm.sp::OnClientAuthorized
L 02/13/2021 - 16:43:48: Error log file session closed.
L 02/13/2021 - 16:43:48: SourceMod error session started
L 02/13/2021 - 16:43:48: Info (map "de_stmarc") (file "/home/tcagame/jackm1/599/csgo/addons/sourcemod/logs/errors_20210213.log")
L 02/13/2021 - 16:43:48: [SM] Fatal error encountered parsing translation file "advadmin.phrases.txt"
L 02/13/2021 - 16:43:48: [SM] Error (line 0, column 0): Stream failed to open
L 02/13/2021 - 16:45:22: [SM] Exception reported: Array index out-of-bounds (index 64, limit 55)
L 02/13/2021 - 16:45:22: [SM] Blaming: weapon_restrict.smx
L 02/13/2021 - 16:45:22: [SM] Call stack trace:
L 02/13/2021 - 16:45:22: [SM]   [1] Line 202, restrictinc/events.sp::CS_OnBuyCommand
L 02/13/2021 - 16:50:26: [SM] Exception reported: Array index out-of-bounds (index 64, limit 55)
L 02/13/2021 - 16:50:26: [SM] Blaming: weapon_restrict.smx
L 02/13/2021 - 16:50:26: [SM] Call stack trace:
L 02/13/2021 - 16:50:26: [SM]   [1] Line 202, restrictinc/events.sp::CS_OnBuyCommand
L 02/13/2021 - 18:09:19: Error log file session closed.
L 02/13/2021 - 18:09:19: SourceMod error session started
L 02/13/2021 - 18:09:19: Info (map "de_stmarc") (file "/home/tcagame/jackm1/599/csgo/addons/sourcemod/logs/errors_20210213.log")
L 02/13/2021 - 18:09:19: [SM] Fatal error encountered parsing translation file "advadmin.phrases.txt"
L 02/13/2021 - 18:09:19: [SM] Error (line 0, column 0): Stream failed to open
L 02/13/2021 - 18:10:54: [SM] Exception reported: Language phrase "Player_Connected_From" not found (arg 3)
L 02/13/2021 - 18:10:54: [SM] Blaming: advadmin.smx
L 02/13/2021 - 18:10:54: [SM] Call stack trace:
L 02/13/2021 - 18:10:54: [SM]   [0] VFormat
L 02/13/2021 - 18:10:54: [SM]   [1] Line 386, /groups/sourcemod/compiler-1.10/include/halflife.inc::PrintToChatAll
L 02/13/2021 - 18:10:54: [SM]   [2] Line 141, /home/groups/sourcemod/upload_tmp/phpRYtiXm.sp::OnClientAuthorized
L 02/13/2021 - 18:16:46: Error log file session closed.
L 02/13/2021 - 18:16:46: SourceMod error session started
L 02/13/2021 - 18:16:46: Info (map "de_train") (file "/home/tcagame/jackm1/599/csgo/addons/sourcemod/logs/errors_20210213.log")
L 02/13/2021 - 18:16:46: [SM] Fatal error encountered parsing translation file "advadmin.phrases.txt"
L 02/13/2021 - 18:16:46: [SM] Error (line 0, column 0): Stream failed to open
L 02/13/2021 - 18:17:58: [SM] Exception reported: Array index out-of-bounds (index 64, limit 55)
L 02/13/2021 - 18:17:58: [SM] Blaming: weapon_restrict.smx
L 02/13/2021 - 18:17:58: [SM] Call stack trace:
L 02/13/2021 - 18:17:58: [SM]   [1] Line 202, restrictinc/events.sp::CS_OnBuyCommand
L 02/13/2021 - 18:18:52: [SM] Exception reported: Array index out-of-bounds (index 64, limit 55)
L 02/13/2021 - 18:18:52: [SM] Blaming: weapon_restrict.smx
L 02/13/2021 - 18:18:52: [SM] Call stack trace:
L 02/13/2021 - 18:18:52: [SM]   [1] Line 202, restrictinc/events.sp::CS_OnBuyCommand
L 02/13/2021 - 18:24:39: [SM] Exception reported: Array index out-of-bounds (index 64, limit 55)
L 02/13/2021 - 18:24:39: [SM] Blaming: weapon_restrict.smx
L 02/13/2021 - 18:24:39: [SM] Call stack trace:
L 02/13/2021 - 18:24:39: [SM]   [1] Line 202, restrictinc/events.sp::CS_OnBuyCommand
L 02/13/2021 - 18:25:18: [SM] Exception reported: Array index out-of-bounds (index 64, limit 55)
L 02/13/2021 - 18:25:18: [SM] Blaming: weapon_restrict.smx
L 02/13/2021 - 18:25:18: [SM] Call stack trace:
L 02/13/2021 - 18:25:18: [SM]   [1] Line 202, restrictinc/events.sp::CS_OnBuyCommand
L 02/13/2021 - 18:28:49: [SM] Exception reported: Array index out-of-bounds (index 64, limit 55)
L 02/13/2021 - 18:28:49: [SM] Blaming: weapon_restrict.smx
L 02/13/2021 - 18:28:49: [SM] Call stack trace:
L 02/13/2021 - 18:28:49: [SM]   [1] Line 202, restrictinc/events.sp::CS_OnBuyCommand
L 02/13/2021 - 18:30:53: [SM] Exception reported: Language phrase "Player_Connected_From" not found (arg 3)
L 02/13/2021 - 18:30:53: [SM] Blaming: advadmin.smx
L 02/13/2021 - 18:30:53: [SM] Call stack trace:
L 02/13/2021 - 18:30:53: [SM]   [0] VFormat
L 02/13/2021 - 18:30:53: [SM]   [1] Line 386, /groups/sourcemod/compiler-1.10/include/halflife.inc::PrintToChatAll
L 02/13/2021 - 18:30:53: [SM]   [2] Line 141, /home/groups/sourcemod/upload_tmp/phpRYtiXm.sp::OnClientAuthorized
L 02/13/2021 - 18:30:57: [SM] Exception reported: Language phrase "Player_Connected_From" not found (arg 3)
L 02/13/2021 - 18:30:57: [SM] Blaming: advadmin.smx
L 02/13/2021 - 18:30:57: [SM] Call stack trace:
L 02/13/2021 - 18:30:57: [SM]   [0] VFormat
L 02/13/2021 - 18:30:57: [SM]   [1] Line 386, /groups/sourcemod/compiler-1.10/include/halflife.inc::PrintToChatAll
L 02/13/2021 - 18:30:57: [SM]   [2] Line 141, /home/groups/sourcemod/upload_tmp/phpRYtiXm.sp::OnClientAuthorized
L 02/13/2021 - 18:31:38: [SM] Exception reported: Array index out-of-bounds (index 64, limit 55)
L 02/13/2021 - 18:31:38: [SM] Blaming: weapon_restrict.smx
L 02/13/2021 - 18:31:38: [SM] Call stack trace:
L 02/13/2021 - 18:31:38: [SM]   [1] Line 202, restrictinc/events.sp::CS_OnBuyCommand
L 02/13/2021 - 18:32:08: [SM] Exception reported: Language phrase "Player_Connected_From" not found (arg 3)
L 02/13/2021 - 18:32:08: [SM] Blaming: advadmin.smx
L 02/13/2021 - 18:32:08: [SM] Call stack trace:
L 02/13/2021 - 18:32:08: [SM]   [0] VFormat
L 02/13/2021 - 18:32:08: [SM]   [1] Line 386, /groups/sourcemod/compiler-1.10/include/halflife.inc::PrintToChatAll
L 02/13/2021 - 18:32:08: [SM]   [2] Line 141, /home/groups/sourcemod/upload_tmp/phpRYtiXm.sp::OnClientAuthorized
L 02/13/2021 - 18:34:26: Error log file session closed.
L 02/13/2021 - 18:34:26: SourceMod error session started
L 02/13/2021 - 18:34:26: Info (map "de_overpass") (file "/home/tcagame/jackm1/599/csgo/addons/sourcemod/logs/errors_20210213.log")
L 02/13/2021 - 18:34:26: [SM] Fatal error encountered parsing translation file "advadmin.phrases.txt"
L 02/13/2021 - 18:34:26: [SM] Error (line 0, column 0): Stream failed to open
L 02/13/2021 - 18:35:16: [SM] Exception reported: Language phrase "Player_Connected_From" not found (arg 3)
L 02/13/2021 - 18:35:16: [SM] Blaming: advadmin.smx
L 02/13/2021 - 18:35:16: [SM] Call stack trace:
L 02/13/2021 - 18:35:16: [SM]   [0] VFormat
L 02/13/2021 - 18:35:16: [SM]   [1] Line 386, /groups/sourcemod/compiler-1.10/include/halflife.inc::PrintToChatAll
L 02/13/2021 - 18:35:16: [SM]   [2] Line 141, /home/groups/sourcemod/upload_tmp/phpRYtiXm.sp::OnClientAuthorized
L 02/13/2021 - 18:36:00: [SM] Exception reported: Language phrase "CMD_Swap_Usage" not found (arg 4)
L 02/13/2021 - 18:36:00: [SM] Blaming: advadmin.smx
L 02/13/2021 - 18:36:00: [SM] Call stack trace:
L 02/13/2021 - 18:36:00: [SM]   [0] ReplyToCommand
L 02/13/2021 - 18:36:00: [SM]   [1] Line 659, /home/groups/sourcemod/upload_tmp/phpRYtiXm.sp::CMD_Swap
L 02/13/2021 - 18:36:00: [SM]   [3] FakeClientCommand
L 02/13/2021 - 18:36:00: [SM]   [4] Line 1054, ./scripting/pugsetup.sp::CheckChatAlias
L 02/13/2021 - 18:36:00: [SM]   [5] Line 1082, ./scripting/pugsetup.sp::OnClientSayCommand_Post
L 02/13/2021 - 18:37:16: [SM] Exception reported: Array index out-of-bounds (index 64, limit 55)
L 02/13/2021 - 18:37:16: [SM] Blaming: weapon_restrict.smx
L 02/13/2021 - 18:37:16: [SM] Call stack trace:
L 02/13/2021 - 18:37:16: [SM]   [1] Line 202, restrictinc/events.sp::CS_OnBuyCommand
L 02/13/2021 - 18:43:55: [SM] Exception reported: Array index out-of-bounds (index 64, limit 55)
L 02/13/2021 - 18:43:55: [SM] Blaming: weapon_restrict.smx
L 02/13/2021 - 18:43:55: [SM] Call stack trace:
L 02/13/2021 - 18:43:55: [SM]   [1] Line 202, restrictinc/events.sp::CS_OnBuyCommand
L 02/13/2021 - 18:45:01: [SM] Exception reported: Language phrase "Player_Connected_From" not found (arg 3)
L 02/13/2021 - 18:45:01: [SM] Blaming: advadmin.smx
L 02/13/2021 - 18:45:01: [SM] Call stack trace:
L 02/13/2021 - 18:45:01: [SM]   [0] VFormat
L 02/13/2021 - 18:45:01: [SM]   [1] Line 386, /groups/sourcemod/compiler-1.10/include/halflife.inc::PrintToChatAll
L 02/13/2021 - 18:45:01: [SM]   [2] Line 141, /home/groups/sourcemod/upload_tmp/phpRYtiXm.sp::OnClientAuthorized
L 02/13/2021 - 21:42:04: Error log file session closed.
L 02/13/2021 - 21:42:04: SourceMod error session started
L 02/13/2021 - 21:42:04: Info (map "de_overpass") (file "/home/tcagame/jackm1/599/csgo/addons/sourcemod/logs/errors_20210213.log")
L 02/13/2021 - 21:42:04: [SM] Fatal error encountered parsing translation file "advadmin.phrases.txt"
L 02/13/2021 - 21:42:04: [SM] Error (line 0, column 0): Stream failed to open
L 02/13/2021 - 21:42:44: Error log file session closed.
L 02/13/2021 - 21:42:44: SourceMod error session started
L 02/13/2021 - 21:42:44: Info (map "de_overpass") (file "/home/tcagame/jackm1/599/csgo/addons/sourcemod/logs/errors_20210213.log")
L 02/13/2021 - 21:42:44: [SM] Fatal error encountered parsing translation file "advadmin.phrases.txt"
L 02/13/2021 - 21:42:44: [SM] Error (line 0, column 0): Stream failed to open
L 02/13/2021 - 21:43:18: [SM] Exception reported: Language phrase "Player_Connected_From" not found (arg 3)
L 02/13/2021 - 21:43:18: [SM] Blaming: advadmin.smx
L 02/13/2021 - 21:43:18: [SM] Call stack trace:
L 02/13/2021 - 21:43:18: [SM]   [0] VFormat
L 02/13/2021 - 21:43:18: [SM]   [1] Line 386, /groups/sourcemod/compiler-1.10/include/halflife.inc::PrintToChatAll
L 02/13/2021 - 21:43:18: [SM]   [2] Line 141, /home/groups/sourcemod/upload_tmp/phpRYtiXm.sp::OnClientAuthorized
L 02/13/2021 - 21:43:44: [SM] Exception reported: Language phrase "Player_Connected_From" not found (arg 3)
L 02/13/2021 - 21:43:44: [SM] Blaming: advadmin.smx
L 02/13/2021 - 21:43:44: [SM] Call stack trace:
L 02/13/2021 - 21:43:44: [SM]   [0] VFormat
L 02/13/2021 - 21:43:44: [SM]   [1] Line 386, /groups/sourcemod/compiler-1.10/include/halflife.inc::PrintToChatAll
L 02/13/2021 - 21:43:44: [SM]   [2] Line 141, /home/groups/sourcemod/upload_tmp/phpRYtiXm.sp::OnClientAuthorized
L 02/13/2021 - 21:43:48: [SM] Exception reported: Array index out-of-bounds (index 64, limit 55)
L 02/13/2021 - 21:43:48: [SM] Blaming: weapon_restrict.smx
L 02/13/2021 - 21:43:48: [SM] Call stack trace:
L 02/13/2021 - 21:43:48: [SM]   [1] Line 202, restrictinc/events.sp::CS_OnBuyCommand
L 02/13/2021 - 21:43:52: [SM] Exception reported: Array index out-of-bounds (index 64, limit 55)
L 02/13/2021 - 21:43:52: [SM] Blaming: weapon_restrict.smx
L 02/13/2021 - 21:43:52: [SM] Call stack trace:
L 02/13/2021 - 21:43:52: [SM]   [1] Line 202, restrictinc/events.sp::CS_OnBuyCommand
L 02/13/2021 - 21:47:50: [SM] Exception reported: Array index out-of-bounds (index 64, limit 55)
L 02/13/2021 - 21:47:50: [SM] Blaming: weapon_restrict.smx
L 02/13/2021 - 21:47:50: [SM] Call stack trace:
L 02/13/2021 - 21:47:50: [SM]   [1] Line 202, restrictinc/events.sp::CS_OnBuyCommand
L 02/13/2021 - 21:47:57: [SM] Exception reported: Array index out-of-bounds (index 64, limit 55)
L 02/13/2021 - 21:47:57: [SM] Blaming: weapon_restrict.smx
L 02/13/2021 - 21:47:57: [SM] Call stack trace:
L 02/13/2021 - 21:47:57: [SM]   [1] Line 202, restrictinc/events.sp::CS_OnBuyCommand
L 02/13/2021 - 21:48:22: [SM] Exception reported: Array index out-of-bounds (index 64, limit 55)
L 02/13/2021 - 21:48:22: [SM] Blaming: weapon_restrict.smx
L 02/13/2021 - 21:48:22: [SM] Call stack trace:
L 02/13/2021 - 21:48:22: [SM]   [1] Line 202, restrictinc/events.sp::CS_OnBuyCommand
L 02/13/2021 - 21:51:27: [SM] Exception reported: Array index out-of-bounds (index 64, limit 55)
L 02/13/2021 - 21:51:27: [SM] Blaming: weapon_restrict.smx
L 02/13/2021 - 21:51:27: [SM] Call stack trace:
L 02/13/2021 - 21:51:27: [SM]   [1] Line 202, restrictinc/events.sp::CS_OnBuyCommand
L 02/13/2021 - 21:52:48: [SM] Exception reported: Array index out-of-bounds (index 64, limit 55)
L 02/13/2021 - 21:52:48: [SM] Blaming: weapon_restrict.smx
L 02/13/2021 - 21:52:48: [SM] Call stack trace:
L 02/13/2021 - 21:52:48: [SM]   [1] Line 202, restrictinc/events.sp::CS_OnBuyCommand
L 02/13/2021 - 21:52:50: [SM] Exception reported: Array index out-of-bounds (index 64, limit 55)
L 02/13/2021 - 21:52:50: [SM] Blaming: weapon_restrict.smx
L 02/13/2021 - 21:52:50: [SM] Call stack trace:
L 02/13/2021 - 21:52:50: [SM]   [1] Line 202, restrictinc/events.sp::CS_OnBuyCommand
L 02/13/2021 - 21:53:49: [SM] Exception reported: Array index out-of-bounds (index 64, limit 55)
L 02/13/2021 - 21:53:49: [SM] Blaming: weapon_restrict.smx
L 02/13/2021 - 21:53:49: [SM] Call stack trace:
L 02/13/2021 - 21:53:49: [SM]   [1] Line 202, restrictinc/events.sp::CS_OnBuyCommand
L 02/13/2021 - 22:28:22: Error log file session closed.
L 02/13/2021 - 22:28:22: SourceMod error session started
L 02/13/2021 - 22:28:22: Info (map "de_overpass") (file "/home/tcagame/jackm1/599/csgo/addons/sourcemod/logs/errors_20210213.log")
L 02/13/2021 - 22:28:22: [SM] Fatal error encountered parsing translation file "advadmin.phrases.txt"
L 02/13/2021 - 22:28:22: [SM] Error (line 0, column 0): Stream failed to open
L 02/13/2021 - 22:35:18: Error log file session closed.
L 02/13/2021 - 22:35:18: SourceMod error session started
L 02/13/2021 - 22:35:18: Info (map "de_overpass") (file "/home/tcagame/jackm1/599/csgo/addons/sourcemod/logs/errors_20210213.log")
L 02/13/2021 - 22:35:18: [SM] Fatal error encountered parsing translation file "advadmin.phrases.txt"
L 02/13/2021 - 22:35:18: [SM] Error (line 0, column 0): Stream failed to open
L 02/13/2021 - 22:37:40: Error log file session closed.
L 02/13/2021 - 22:37:40: SourceMod error session started
L 02/13/2021 - 22:37:40: Info (map "de_cache") (file "/home/tcagame/jackm1/599/csgo/addons/sourcemod/logs/errors_20210213.log")
L 02/13/2021 - 22:37:40: [SM] Fatal error encountered parsing translation file "advadmin.phrases.txt"
L 02/13/2021 - 22:37:40: [SM] Error (line 0, column 0): Stream failed to open
L 02/13/2021 - 22:38:27: [SM] Exception reported: Array index out-of-bounds (index 64, limit 55)
L 02/13/2021 - 22:38:27: [SM] Blaming: weapon_restrict.smx
L 02/13/2021 - 22:38:27: [SM] Call stack trace:
L 02/13/2021 - 22:38:27: [SM]   [1] Line 202, restrictinc/events.sp::CS_OnBuyCommand
L 02/13/2021 - 22:38:51: [SM] Exception reported: Language phrase "Player_Connected_From" not found (arg 3)
L 02/13/2021 - 22:38:51: [SM] Blaming: advadmin.smx
L 02/13/2021 - 22:38:51: [SM] Call stack trace:
L 02/13/2021 - 22:38:51: [SM]   [0] VFormat
L 02/13/2021 - 22:38:51: [SM]   [1] Line 386, /groups/sourcemod/compiler-1.10/include/halflife.inc::PrintToChatAll
L 02/13/2021 - 22:38:51: [SM]   [2] Line 141, /home/groups/sourcemod/upload_tmp/phpRYtiXm.sp::OnClientAuthorized
L 02/13/2021 - 22:38:55: [SM] Exception reported: Language phrase "Player_Connected_From" not found (arg 3)
L 02/13/2021 - 22:38:55: [SM] Blaming: advadmin.smx
L 02/13/2021 - 22:38:55: [SM] Call stack trace:
L 02/13/2021 - 22:38:55: [SM]   [0] VFormat
L 02/13/2021 - 22:38:55: [SM]   [1] Line 386, /groups/sourcemod/compiler-1.10/include/halflife.inc::PrintToChatAll
L 02/13/2021 - 22:38:55: [SM]   [2] Line 141, /home/groups/sourcemod/upload_tmp/phpRYtiXm.sp::OnClientAuthorized
L 02/13/2021 - 22:39:57: [SM] Exception reported: Array index out-of-bounds (index 64, limit 55)
L 02/13/2021 - 22:39:57: [SM] Blaming: weapon_restrict.smx
L 02/13/2021 - 22:39:57: [SM] Call stack trace:
L 02/13/2021 - 22:39:57: [SM]   [1] Line 202, restrictinc/events.sp::CS_OnBuyCommand
L 02/13/2021 - 22:44:56: [SM] Exception reported: Array index out-of-bounds (index 64, limit 55)
L 02/13/2021 - 22:44:56: [SM] Blaming: weapon_restrict.smx
L 02/13/2021 - 22:44:56: [SM] Call stack trace:
L 02/13/2021 - 22:44:56: [SM]   [1] Line 202, restrictinc/events.sp::CS_OnBuyCommand
L 02/13/2021 - 22:46:53: [SM] Exception reported: Array index out-of-bounds (index 64, limit 55)
L 02/13/2021 - 22:46:53: [SM] Blaming: weapon_restrict.smx
L 02/13/2021 - 22:46:53: [SM] Call stack trace:
L 02/13/2021 - 22:46:53: [SM]   [1] Line 202, restrictinc/events.sp::CS_OnBuyCommand
L 02/13/2021 - 22:52:25: [SM] Exception reported: Language phrase "Player_Connected_From" not found (arg 3)
L 02/13/2021 - 22:52:25: [SM] Blaming: advadmin.smx
L 02/13/2021 - 22:52:25: [SM] Call stack trace:
L 02/13/2021 - 22:52:25: [SM]   [0] VFormat
L 02/13/2021 - 22:52:25: [SM]   [1] Line 386, /groups/sourcemod/compiler-1.10/include/halflife.inc::PrintToChatAll
L 02/13/2021 - 22:52:25: [SM]   [2] Line 141, /home/groups/sourcemod/upload_tmp/phpRYtiXm.sp::OnClientAuthorized
L 02/13/2021 - 22:53:24: Error log file session closed.
L 02/13/2021 - 22:53:24: SourceMod error session started
L 02/13/2021 - 22:53:24: Info (map "de_canals") (file "/home/tcagame/jackm1/599/csgo/addons/sourcemod/logs/errors_20210213.log")
L 02/13/2021 - 22:53:24: [SM] Fatal error encountered parsing translation file "advadmin.phrases.txt"
L 02/13/2021 - 22:53:24: [SM] Error (line 0, column 0): Stream failed to open
L 02/13/2021 - 22:55:13: [SM] Exception reported: Array index out-of-bounds (index 64, limit 55)
L 02/13/2021 - 22:55:13: [SM] Blaming: weapon_restrict.smx
L 02/13/2021 - 22:55:13: [SM] Call stack trace:
L 02/13/2021 - 22:55:13: [SM]   [1] Line 202, restrictinc/events.sp::CS_OnBuyCommand
L 02/13/2021 - 23:00:06: [SM] Exception reported: Language phrase "Player_Connected_From" not found (arg 3)
L 02/13/2021 - 23:00:06: [SM] Blaming: advadmin.smx
L 02/13/2021 - 23:00:06: [SM] Call stack trace:
L 02/13/2021 - 23:00:06: [SM]   [0] VFormat
L 02/13/2021 - 23:00:06: [SM]   [1] Line 386, /groups/sourcemod/compiler-1.10/include/halflife.inc::PrintToChatAll
L 02/13/2021 - 23:00:06: [SM]   [2] Line 141, /home/groups/sourcemod/upload_tmp/phpRYtiXm.sp::OnClientAuthorized
L 02/13/2021 - 23:00:06: [SM] Exception reported: Language phrase "Player_Connected_From" not found (arg 3)
L 02/13/2021 - 23:00:06: [SM] Blaming: advadmin.smx
L 02/13/2021 - 23:00:06: [SM] Call stack trace:
L 02/13/2021 - 23:00:06: [SM]   [0] VFormat
L 02/13/2021 - 23:00:06: [SM]   [1] Line 386, /groups/sourcemod/compiler-1.10/include/halflife.inc::PrintToChatAll
L 02/13/2021 - 23:00:06: [SM]   [2] Line 141, /home/groups/sourcemod/upload_tmp/phpRYtiXm.sp::OnClientAuthorized
L 02/13/2021 - 23:01:21: [SM] Exception reported: Array index out-of-bounds (index 64, limit 55)
L 02/13/2021 - 23:01:21: [SM] Blaming: weapon_restrict.smx
L 02/13/2021 - 23:01:21: [SM] Call stack trace:
L 02/13/2021 - 23:01:21: [SM]   [1] Line 202, restrictinc/events.sp::CS_OnBuyCommand
L 02/13/2021 - 23:01:49: [SM] Exception reported: Array index out-of-bounds (index 64, limit 55)
L 02/13/2021 - 23:01:49: [SM] Blaming: weapon_restrict.smx
L 02/13/2021 - 23:01:49: [SM] Call stack trace:
L 02/13/2021 - 23:01:49: [SM]   [1] Line 202, restrictinc/events.sp::CS_OnBuyCommand
L 02/13/2021 - 23:04:59: Error log file session closed.
L 02/13/2021 - 23:04:59: SourceMod error session started
L 02/13/2021 - 23:04:59: Info (map "de_dust2") (file "/home/tcagame/jackm1/599/csgo/addons/sourcemod/logs/errors_20210213.log")
L 02/13/2021 - 23:04:59: [SM] Fatal error encountered parsing translation file "advadmin.phrases.txt"
L 02/13/2021 - 23:04:59: [SM] Error (line 0, column 0): Stream failed to open
L 02/13/2021 - 23:06:18: Error log file session closed.
L 02/13/2021 - 23:06:18: SourceMod error session started
L 02/13/2021 - 23:06:18: Info (map "de_stmarc") (file "/home/tcagame/jackm1/599/csgo/addons/sourcemod/logs/errors_20210213.log")
L 02/13/2021 - 23:06:18: [SM] Fatal error encountered parsing translation file "advadmin.phrases.txt"
L 02/13/2021 - 23:06:18: [SM] Error (line 0, column 0): Stream failed to open
L 02/13/2021 - 23:08:29: [SM] Exception reported: Array index out-of-bounds (index 64, limit 55)
L 02/13/2021 - 23:08:29: [SM] Blaming: weapon_restrict.smx
L 02/13/2021 - 23:08:29: [SM] Call stack trace:
L 02/13/2021 - 23:08:29: [SM]   [1] Line 202, restrictinc/events.sp::CS_OnBuyCommand
L 02/13/2021 - 23:08:39: [SM] Exception reported: Array index out-of-bounds (index 64, limit 55)
L 02/13/2021 - 23:08:39: [SM] Blaming: weapon_restrict.smx
L 02/13/2021 - 23:08:39: [SM] Call stack trace:
L 02/13/2021 - 23:08:39: [SM]   [1] Line 202, restrictinc/events.sp::CS_OnBuyCommand
L 02/13/2021 - 23:09:40: [SM] Exception reported: Array index out-of-bounds (index 64, limit 55)
L 02/13/2021 - 23:09:40: [SM] Blaming: weapon_restrict.smx
L 02/13/2021 - 23:09:40: [SM] Call stack trace:
L 02/13/2021 - 23:09:40: [SM]   [1] Line 202, restrictinc/events.sp::CS_OnBuyCommand
L 02/13/2021 - 23:14:43: [SM] Exception reported: Array index out-of-bounds (index 64, limit 55)
L 02/13/2021 - 23:14:43: [SM] Blaming: weapon_restrict.smx
L 02/13/2021 - 23:14:43: [SM] Call stack trace:
L 02/13/2021 - 23:14:43: [SM]   [1] Line 202, restrictinc/events.sp::CS_OnBuyCommand
L 02/13/2021 - 23:14:48: [SM] Exception reported: Array index out-of-bounds (index 64, limit 55)
L 02/13/2021 - 23:14:48: [SM] Blaming: weapon_restrict.smx
L 02/13/2021 - 23:14:48: [SM] Call stack trace:
L 02/13/2021 - 23:14:48: [SM]   [1] Line 202, restrictinc/events.sp::CS_OnBuyCommand
L 02/13/2021 - 23:17:09: [SM] Exception reported: Language phrase "Player_Connected_From" not found (arg 3)
L 02/13/2021 - 23:17:09: [SM] Blaming: advadmin.smx
L 02/13/2021 - 23:17:09: [SM] Call stack trace:
L 02/13/2021 - 23:17:09: [SM]   [0] VFormat
L 02/13/2021 - 23:17:09: [SM]   [1] Line 386, /groups/sourcemod/compiler-1.10/include/halflife.inc::PrintToChatAll
L 02/13/2021 - 23:17:09: [SM]   [2] Line 141, /home/groups/sourcemod/upload_tmp/phpRYtiXm.sp::OnClientAuthorized
L 02/13/2021 - 23:17:32: [SM] Exception reported: Language phrase "Player_Connected_From" not found (arg 3)
L 02/13/2021 - 23:17:32: [SM] Blaming: advadmin.smx
L 02/13/2021 - 23:17:32: [SM] Call stack trace:
L 02/13/2021 - 23:17:32: [SM]   [0] VFormat
L 02/13/2021 - 23:17:32: [SM]   [1] Line 386, /groups/sourcemod/compiler-1.10/include/halflife.inc::PrintToChatAll
L 02/13/2021 - 23:17:32: [SM]   [2] Line 141, /home/groups/sourcemod/upload_tmp/phpRYtiXm.sp::OnClientAuthorized
L 02/13/2021 - 23:17:40: [SM] Exception reported: Language phrase "Player_Connected_From" not found (arg 3)
L 02/13/2021 - 23:17:40: [SM] Blaming: advadmin.smx
L 02/13/2021 - 23:17:40: [SM] Call stack trace:
L 02/13/2021 - 23:17:40: [SM]   [0] VFormat
L 02/13/2021 - 23:17:40: [SM]   [1] Line 386, /groups/sourcemod/compiler-1.10/include/halflife.inc::PrintToChatAll
L 02/13/2021 - 23:17:40: [SM]   [2] Line 141, /home/groups/sourcemod/upload_tmp/phpRYtiXm.sp::OnClientAuthorized
L 02/13/2021 - 23:17:40: [SM] Exception reported: Array index out-of-bounds (index 64, limit 55)
L 02/13/2021 - 23:17:40: [SM] Blaming: weapon_restrict.smx
L 02/13/2021 - 23:17:40: [SM] Call stack trace:
L 02/13/2021 - 23:17:40: [SM]   [1] Line 202, restrictinc/events.sp::CS_OnBuyCommand
L 02/13/2021 - 23:17:52: [SM] Exception reported: Language phrase "Player_Connected" not found (arg 3)
L 02/13/2021 - 23:17:52: [SM] Blaming: advadmin.smx
L 02/13/2021 - 23:17:52: [SM] Call stack trace:
L 02/13/2021 - 23:17:52: [SM]   [0] VFormat
L 02/13/2021 - 23:17:52: [SM]   [1] Line 386, /groups/sourcemod/compiler-1.10/include/halflife.inc::PrintToChatAll
L 02/13/2021 - 23:17:52: [SM]   [2] Line 145, /home/groups/sourcemod/upload_tmp/phpRYtiXm.sp::OnClientAuthorized
L 02/13/2021 - 23:18:40: [SM] Exception reported: Language phrase "Player_Connected" not found (arg 3)
L 02/13/2021 - 23:18:40: [SM] Blaming: advadmin.smx
L 02/13/2021 - 23:18:40: [SM] Call stack trace:
L 02/13/2021 - 23:18:40: [SM]   [0] VFormat
L 02/13/2021 - 23:18:40: [SM]   [1] Line 386, /groups/sourcemod/compiler-1.10/include/halflife.inc::PrintToChatAll
L 02/13/2021 - 23:18:40: [SM]   [2] Line 145, /home/groups/sourcemod/upload_tmp/phpRYtiXm.sp::OnClientAuthorized
L 02/13/2021 - 23:20:17: Error log file session closed.
L 02/13/2021 - 23:20:17: SourceMod error session started
L 02/13/2021 - 23:20:17: Info (map "de_cache") (file "/home/tcagame/jackm1/599/csgo/addons/sourcemod/logs/errors_20210213.log")
L 02/13/2021 - 23:20:17: [SM] Fatal error encountered parsing translation file "advadmin.phrases.txt"
L 02/13/2021 - 23:20:17: [SM] Error (line 0, column 0): Stream failed to open
L 02/13/2021 - 23:20:58: [SM] Exception reported: Array index out-of-bounds (index 64, limit 55)
L 02/13/2021 - 23:20:58: [SM] Blaming: weapon_restrict.smx
L 02/13/2021 - 23:20:58: [SM] Call stack trace:
L 02/13/2021 - 23:20:58: [SM]   [1] Line 202, restrictinc/events.sp::CS_OnBuyCommand
L 02/13/2021 - 23:21:13: [SM] Exception reported: Language phrase "Player_Connected" not found (arg 3)
L 02/13/2021 - 23:21:13: [SM] Blaming: advadmin.smx
L 02/13/2021 - 23:21:13: [SM] Call stack trace:
L 02/13/2021 - 23:21:13: [SM]   [0] VFormat
L 02/13/2021 - 23:21:13: [SM]   [1] Line 386, /groups/sourcemod/compiler-1.10/include/halflife.inc::PrintToChatAll
L 02/13/2021 - 23:21:13: [SM]   [2] Line 145, /home/groups/sourcemod/upload_tmp/phpRYtiXm.sp::OnClientAuthorized
L 02/13/2021 - 23:21:22: [SM] Exception reported: Language phrase "Player_Connected" not found (arg 3)
L 02/13/2021 - 23:21:22: [SM] Blaming: advadmin.smx
L 02/13/2021 - 23:21:22: [SM] Call stack trace:
L 02/13/2021 - 23:21:22: [SM]   [0] VFormat
L 02/13/2021 - 23:21:22: [SM]   [1] Line 386, /groups/sourcemod/compiler-1.10/include/halflife.inc::PrintToChatAll
L 02/13/2021 - 23:21:22: [SM]   [2] Line 145, /home/groups/sourcemod/upload_tmp/phpRYtiXm.sp::OnClientAuthorized
L 02/13/2021 - 23:21:53: [SM] Exception reported: Language phrase "Player_Connected_From" not found (arg 3)
L 02/13/2021 - 23:21:53: [SM] Blaming: advadmin.smx
L 02/13/2021 - 23:21:53: [SM] Call stack trace:
L 02/13/2021 - 23:21:53: [SM]   [0] VFormat
L 02/13/2021 - 23:21:53: [SM]   [1] Line 386, /groups/sourcemod/compiler-1.10/include/halflife.inc::PrintToChatAll
L 02/13/2021 - 23:21:53: [SM]   [2] Line 141, /home/groups/sourcemod/upload_tmp/phpRYtiXm.sp::OnClientAuthorized
L 02/14/2021 - 11:00:54: Error log file session closed.
