L 01/27/2021 - 14:29:15: SourceMod error session started
L 01/27/2021 - 14:29:15: Info (map "de_overpass") (file "/home/tcagame/jackm1/599/csgo/addons/sourcemod/logs/errors_20210127.log")
L 01/27/2021 - 14:29:15: [SM] Fatal error encountered parsing translation file "advadmin.phrases.txt"
L 01/27/2021 - 14:29:15: [SM] Error (line 0, column 0): Stream failed to open
L 01/27/2021 - 14:29:39: [SM] Exception reported: Language phrase "Player_Connected" not found (arg 3)
L 01/27/2021 - 14:29:39: [SM] Blaming: advadmin.smx
L 01/27/2021 - 14:29:39: [SM] Call stack trace:
L 01/27/2021 - 14:29:39: [SM]   [0] VFormat
L 01/27/2021 - 14:29:39: [SM]   [1] Line 386, /groups/sourcemod/compiler-1.10/include/halflife.inc::PrintToChatAll
L 01/27/2021 - 14:29:39: [SM]   [2] Line 145, /home/groups/sourcemod/upload_tmp/phpRYtiXm.sp::OnClientAuthorized
L 01/27/2021 - 14:29:48: [SM] Exception reported: Language phrase "Player_Connected" not found (arg 3)
L 01/27/2021 - 14:29:48: [SM] Blaming: advadmin.smx
L 01/27/2021 - 14:29:48: [SM] Call stack trace:
L 01/27/2021 - 14:29:48: [SM]   [0] VFormat
L 01/27/2021 - 14:29:48: [SM]   [1] Line 386, /groups/sourcemod/compiler-1.10/include/halflife.inc::PrintToChatAll
L 01/27/2021 - 14:29:48: [SM]   [2] Line 145, /home/groups/sourcemod/upload_tmp/phpRYtiXm.sp::OnClientAuthorized
L 01/27/2021 - 14:32:30: [SM] Exception reported: Language phrase "Player_Connected_From" not found (arg 3)
L 01/27/2021 - 14:32:30: [SM] Blaming: advadmin.smx
L 01/27/2021 - 14:32:30: [SM] Call stack trace:
L 01/27/2021 - 14:32:30: [SM]   [0] VFormat
L 01/27/2021 - 14:32:30: [SM]   [1] Line 386, /groups/sourcemod/compiler-1.10/include/halflife.inc::PrintToChatAll
L 01/27/2021 - 14:32:30: [SM]   [2] Line 141, /home/groups/sourcemod/upload_tmp/phpRYtiXm.sp::OnClientAuthorized
L 01/27/2021 - 14:33:26: [SM] Exception reported: Array index out-of-bounds (index 64, limit 55)
L 01/27/2021 - 14:33:26: [SM] Blaming: weapon_restrict.smx
L 01/27/2021 - 14:33:26: [SM] Call stack trace:
L 01/27/2021 - 14:33:26: [SM]   [1] Line 202, restrictinc/events.sp::CS_OnBuyCommand
L 01/27/2021 - 14:34:48: Error log file session closed.
L 01/27/2021 - 14:34:48: SourceMod error session started
L 01/27/2021 - 14:34:48: Info (map "de_stmarc") (file "/home/tcagame/jackm1/599/csgo/addons/sourcemod/logs/errors_20210127.log")
L 01/27/2021 - 14:34:48: [SM] Fatal error encountered parsing translation file "advadmin.phrases.txt"
L 01/27/2021 - 14:34:48: [SM] Error (line 0, column 0): Stream failed to open
L 01/27/2021 - 14:35:13: [SM] Exception reported: Array index out-of-bounds (index 64, limit 55)
L 01/27/2021 - 14:35:13: [SM] Blaming: weapon_restrict.smx
L 01/27/2021 - 14:35:13: [SM] Call stack trace:
L 01/27/2021 - 14:35:13: [SM]   [1] Line 202, restrictinc/events.sp::CS_OnBuyCommand
L 01/27/2021 - 14:35:24: [SM] Exception reported: Array index out-of-bounds (index 64, limit 55)
L 01/27/2021 - 14:35:24: [SM] Blaming: weapon_restrict.smx
L 01/27/2021 - 14:35:24: [SM] Call stack trace:
L 01/27/2021 - 14:35:24: [SM]   [1] Line 202, restrictinc/events.sp::CS_OnBuyCommand
L 01/27/2021 - 14:36:31: [SM] Exception reported: Array index out-of-bounds (index 64, limit 55)
L 01/27/2021 - 14:36:31: [SM] Blaming: weapon_restrict.smx
L 01/27/2021 - 14:36:31: [SM] Call stack trace:
L 01/27/2021 - 14:36:31: [SM]   [1] Line 202, restrictinc/events.sp::CS_OnBuyCommand
L 01/27/2021 - 14:37:00: [SM] Exception reported: Array index out-of-bounds (index 64, limit 55)
L 01/27/2021 - 14:37:00: [SM] Blaming: weapon_restrict.smx
L 01/27/2021 - 14:37:00: [SM] Call stack trace:
L 01/27/2021 - 14:37:00: [SM]   [1] Line 202, restrictinc/events.sp::CS_OnBuyCommand
L 01/27/2021 - 14:37:33: [SM] Exception reported: Array index out-of-bounds (index 64, limit 55)
L 01/27/2021 - 14:37:33: [SM] Blaming: weapon_restrict.smx
L 01/27/2021 - 14:37:33: [SM] Call stack trace:
L 01/27/2021 - 14:37:33: [SM]   [1] Line 202, restrictinc/events.sp::CS_OnBuyCommand
L 01/27/2021 - 14:40:24: [SM] Exception reported: Array index out-of-bounds (index 64, limit 55)
L 01/27/2021 - 14:40:24: [SM] Blaming: weapon_restrict.smx
L 01/27/2021 - 14:40:24: [SM] Call stack trace:
L 01/27/2021 - 14:40:24: [SM]   [1] Line 202, restrictinc/events.sp::CS_OnBuyCommand
L 01/27/2021 - 14:41:53: [SM] Exception reported: Array index out-of-bounds (index 64, limit 55)
L 01/27/2021 - 14:41:53: [SM] Blaming: weapon_restrict.smx
L 01/27/2021 - 14:41:53: [SM] Call stack trace:
L 01/27/2021 - 14:41:53: [SM]   [1] Line 202, restrictinc/events.sp::CS_OnBuyCommand
L 01/27/2021 - 14:41:55: [SM] Exception reported: Array index out-of-bounds (index 64, limit 55)
L 01/27/2021 - 14:41:55: [SM] Blaming: weapon_restrict.smx
L 01/27/2021 - 14:41:55: [SM] Call stack trace:
L 01/27/2021 - 14:41:55: [SM]   [1] Line 202, restrictinc/events.sp::CS_OnBuyCommand
L 01/27/2021 - 14:42:37: [SM] Exception reported: Array index out-of-bounds (index 64, limit 55)
L 01/27/2021 - 14:42:37: [SM] Blaming: weapon_restrict.smx
L 01/27/2021 - 14:42:37: [SM] Call stack trace:
L 01/27/2021 - 14:42:37: [SM]   [1] Line 202, restrictinc/events.sp::CS_OnBuyCommand
L 01/27/2021 - 14:46:01: [SM] Exception reported: Array index out-of-bounds (index 64, limit 55)
L 01/27/2021 - 14:46:01: [SM] Blaming: weapon_restrict.smx
L 01/27/2021 - 14:46:01: [SM] Call stack trace:
L 01/27/2021 - 14:46:01: [SM]   [1] Line 202, restrictinc/events.sp::CS_OnBuyCommand
L 01/27/2021 - 14:46:07: [SM] Exception reported: Array index out-of-bounds (index 64, limit 55)
L 01/27/2021 - 14:46:07: [SM] Blaming: weapon_restrict.smx
L 01/27/2021 - 14:46:07: [SM] Call stack trace:
L 01/27/2021 - 14:46:07: [SM]   [1] Line 202, restrictinc/events.sp::CS_OnBuyCommand
L 01/27/2021 - 14:46:49: [SM] Exception reported: Array index out-of-bounds (index 64, limit 55)
L 01/27/2021 - 14:46:49: [SM] Blaming: weapon_restrict.smx
L 01/27/2021 - 14:46:49: [SM] Call stack trace:
L 01/27/2021 - 14:46:49: [SM]   [1] Line 202, restrictinc/events.sp::CS_OnBuyCommand
L 01/27/2021 - 14:51:31: [SM] Exception reported: Array index out-of-bounds (index 64, limit 55)
L 01/27/2021 - 14:51:31: [SM] Blaming: weapon_restrict.smx
L 01/27/2021 - 14:51:31: [SM] Call stack trace:
L 01/27/2021 - 14:51:31: [SM]   [1] Line 202, restrictinc/events.sp::CS_OnBuyCommand
L 01/27/2021 - 14:51:32: [SM] Exception reported: Array index out-of-bounds (index 64, limit 55)
L 01/27/2021 - 14:51:32: [SM] Blaming: weapon_restrict.smx
L 01/27/2021 - 14:51:32: [SM] Call stack trace:
L 01/27/2021 - 14:51:32: [SM]   [1] Line 202, restrictinc/events.sp::CS_OnBuyCommand
L 01/27/2021 - 14:52:33: [SM] Exception reported: Array index out-of-bounds (index 64, limit 55)
L 01/27/2021 - 14:52:33: [SM] Blaming: weapon_restrict.smx
L 01/27/2021 - 14:52:33: [SM] Call stack trace:
L 01/27/2021 - 14:52:33: [SM]   [1] Line 202, restrictinc/events.sp::CS_OnBuyCommand
L 01/27/2021 - 17:25:53: Error log file session closed.
L 01/27/2021 - 17:25:53: SourceMod error session started
L 01/27/2021 - 17:25:53: Info (map "de_stmarc") (file "/home/tcagame/jackm1/599/csgo/addons/sourcemod/logs/errors_20210127.log")
L 01/27/2021 - 17:25:53: [SM] Fatal error encountered parsing translation file "advadmin.phrases.txt"
L 01/27/2021 - 17:25:53: [SM] Error (line 0, column 0): Stream failed to open
L 01/27/2021 - 17:30:45: Error log file session closed.
L 01/27/2021 - 17:30:45: SourceMod error session started
L 01/27/2021 - 17:30:45: Info (map "de_shortdust") (file "/home/tcagame/jackm1/599/csgo/addons/sourcemod/logs/errors_20210127.log")
L 01/27/2021 - 17:30:45: [SM] Fatal error encountered parsing translation file "advadmin.phrases.txt"
L 01/27/2021 - 17:30:45: [SM] Error (line 0, column 0): Stream failed to open
L 01/27/2021 - 17:32:50: [SM] Exception reported: Array index out-of-bounds (index 64, limit 55)
L 01/27/2021 - 17:32:50: [SM] Blaming: weapon_restrict.smx
L 01/27/2021 - 17:32:50: [SM] Call stack trace:
L 01/27/2021 - 17:32:50: [SM]   [1] Line 202, restrictinc/events.sp::CS_OnBuyCommand
L 01/27/2021 - 17:32:51: [SM] Exception reported: Array index out-of-bounds (index 64, limit 55)
L 01/27/2021 - 17:32:51: [SM] Blaming: weapon_restrict.smx
L 01/27/2021 - 17:32:51: [SM] Call stack trace:
L 01/27/2021 - 17:32:51: [SM]   [1] Line 202, restrictinc/events.sp::CS_OnBuyCommand
L 01/27/2021 - 17:33:56: [SM] Exception reported: Array index out-of-bounds (index 64, limit 55)
L 01/27/2021 - 17:33:56: [SM] Blaming: weapon_restrict.smx
L 01/27/2021 - 17:33:56: [SM] Call stack trace:
L 01/27/2021 - 17:33:56: [SM]   [1] Line 202, restrictinc/events.sp::CS_OnBuyCommand
L 01/27/2021 - 17:33:56: [SM] Exception reported: Array index out-of-bounds (index 64, limit 55)
L 01/27/2021 - 17:33:56: [SM] Blaming: weapon_restrict.smx
L 01/27/2021 - 17:33:56: [SM] Call stack trace:
L 01/27/2021 - 17:33:56: [SM]   [1] Line 202, restrictinc/events.sp::CS_OnBuyCommand
L 01/27/2021 - 17:34:34: [SM] Exception reported: Array index out-of-bounds (index 64, limit 55)
L 01/27/2021 - 17:34:34: [SM] Blaming: weapon_restrict.smx
L 01/27/2021 - 17:34:34: [SM] Call stack trace:
L 01/27/2021 - 17:34:34: [SM]   [1] Line 202, restrictinc/events.sp::CS_OnBuyCommand
L 01/27/2021 - 17:39:11: [SM] Exception reported: Array index out-of-bounds (index 64, limit 55)
L 01/27/2021 - 17:39:11: [SM] Blaming: weapon_restrict.smx
L 01/27/2021 - 17:39:11: [SM] Call stack trace:
L 01/27/2021 - 17:39:11: [SM]   [1] Line 202, restrictinc/events.sp::CS_OnBuyCommand
L 01/27/2021 - 17:39:14: [SM] Exception reported: Array index out-of-bounds (index 64, limit 55)
L 01/27/2021 - 17:39:14: [SM] Blaming: weapon_restrict.smx
L 01/27/2021 - 17:39:14: [SM] Call stack trace:
L 01/27/2021 - 17:39:14: [SM]   [1] Line 202, restrictinc/events.sp::CS_OnBuyCommand
L 01/27/2021 - 17:39:49: [SM] Exception reported: Array index out-of-bounds (index 64, limit 55)
L 01/27/2021 - 17:39:49: [SM] Blaming: weapon_restrict.smx
L 01/27/2021 - 17:39:49: [SM] Call stack trace:
L 01/27/2021 - 17:39:49: [SM]   [1] Line 202, restrictinc/events.sp::CS_OnBuyCommand
L 01/27/2021 - 17:41:12: [SM] Exception reported: Array index out-of-bounds (index 64, limit 55)
L 01/27/2021 - 17:41:12: [SM] Blaming: weapon_restrict.smx
L 01/27/2021 - 17:41:12: [SM] Call stack trace:
L 01/27/2021 - 17:41:12: [SM]   [1] Line 202, restrictinc/events.sp::CS_OnBuyCommand
L 01/27/2021 - 19:14:24: Error log file session closed.
L 01/27/2021 - 19:14:24: SourceMod error session started
L 01/27/2021 - 19:14:24: Info (map "de_shortdust") (file "/home/tcagame/jackm1/599/csgo/addons/sourcemod/logs/errors_20210127.log")
L 01/27/2021 - 19:14:24: [SM] Fatal error encountered parsing translation file "advadmin.phrases.txt"
L 01/27/2021 - 19:14:24: [SM] Error (line 0, column 0): Stream failed to open
L 01/27/2021 - 19:14:47: Error log file session closed.
L 01/27/2021 - 19:14:47: SourceMod error session started
L 01/27/2021 - 19:14:47: Info (map "de_shortdust") (file "/home/tcagame/jackm1/599/csgo/addons/sourcemod/logs/errors_20210127.log")
L 01/27/2021 - 19:14:47: [SM] Fatal error encountered parsing translation file "advadmin.phrases.txt"
L 01/27/2021 - 19:14:47: [SM] Error (line 0, column 0): Stream failed to open
L 01/27/2021 - 19:23:27: SourceMod error session started
L 01/27/2021 - 19:23:27: Info (map "de_inferno") (file "/home/tcagame/jackm1/599/csgo/addons/sourcemod/logs/errors_20210127.log")
L 01/27/2021 - 19:23:27: [SM] Fatal error encountered parsing translation file "advadmin.phrases.txt"
L 01/27/2021 - 19:23:27: [SM] Error (line 0, column 0): Stream failed to open
L 01/27/2021 - 20:38:26: Error log file session closed.
L 01/27/2021 - 20:38:26: SourceMod error session started
L 01/27/2021 - 20:38:26: Info (map "de_inferno") (file "/home/tcagame/jackm1/599/csgo/addons/sourcemod/logs/errors_20210127.log")
L 01/27/2021 - 20:38:26: [SM] Fatal error encountered parsing translation file "advadmin.phrases.txt"
L 01/27/2021 - 20:38:26: [SM] Error (line 0, column 0): Stream failed to open
L 01/27/2021 - 21:00:25: Error log file session closed.
L 01/27/2021 - 21:00:25: SourceMod error session started
L 01/27/2021 - 21:00:25: Info (map "de_inferno") (file "/home/tcagame/jackm1/599/csgo/addons/sourcemod/logs/errors_20210127.log")
L 01/27/2021 - 21:00:25: [SM] Fatal error encountered parsing translation file "advadmin.phrases.txt"
L 01/27/2021 - 21:00:25: [SM] Error (line 0, column 0): Stream failed to open
L 01/27/2021 - 21:03:28: [SM] Exception reported: Language phrase "Player_Connected_From" not found (arg 3)
L 01/27/2021 - 21:03:28: [SM] Blaming: advadmin.smx
L 01/27/2021 - 21:03:28: [SM] Call stack trace:
L 01/27/2021 - 21:03:28: [SM]   [0] VFormat
L 01/27/2021 - 21:03:28: [SM]   [1] Line 386, /groups/sourcemod/compiler-1.10/include/halflife.inc::PrintToChatAll
L 01/27/2021 - 21:03:28: [SM]   [2] Line 141, /home/groups/sourcemod/upload_tmp/phpRYtiXm.sp::OnClientAuthorized
L 01/27/2021 - 21:06:43: [SM] Exception reported: Language phrase "Player_Connected" not found (arg 3)
L 01/27/2021 - 21:06:43: [SM] Blaming: advadmin.smx
L 01/27/2021 - 21:06:43: [SM] Call stack trace:
L 01/27/2021 - 21:06:43: [SM]   [0] VFormat
L 01/27/2021 - 21:06:43: [SM]   [1] Line 386, /groups/sourcemod/compiler-1.10/include/halflife.inc::PrintToChatAll
L 01/27/2021 - 21:06:43: [SM]   [2] Line 145, /home/groups/sourcemod/upload_tmp/phpRYtiXm.sp::OnClientAuthorized
L 01/27/2021 - 21:07:14: [SM] Exception reported: Array index out-of-bounds (index 64, limit 55)
L 01/27/2021 - 21:07:14: [SM] Blaming: weapon_restrict.smx
L 01/27/2021 - 21:07:14: [SM] Call stack trace:
L 01/27/2021 - 21:07:14: [SM]   [1] Line 202, restrictinc/events.sp::CS_OnBuyCommand
L 01/27/2021 - 21:08:02: [SM] Exception reported: Language phrase "Player_Connected_From" not found (arg 3)
L 01/27/2021 - 21:08:02: [SM] Blaming: advadmin.smx
L 01/27/2021 - 21:08:02: [SM] Call stack trace:
L 01/27/2021 - 21:08:02: [SM]   [0] VFormat
L 01/27/2021 - 21:08:02: [SM]   [1] Line 386, /groups/sourcemod/compiler-1.10/include/halflife.inc::PrintToChatAll
L 01/27/2021 - 21:08:02: [SM]   [2] Line 141, /home/groups/sourcemod/upload_tmp/phpRYtiXm.sp::OnClientAuthorized
L 01/27/2021 - 21:09:35: [SM] Exception reported: Array index out-of-bounds (index 64, limit 55)
L 01/27/2021 - 21:09:35: [SM] Blaming: weapon_restrict.smx
L 01/27/2021 - 21:09:35: [SM] Call stack trace:
L 01/27/2021 - 21:09:35: [SM]   [1] Line 202, restrictinc/events.sp::CS_OnBuyCommand
L 01/27/2021 - 21:12:17: [SM] Exception reported: Array index out-of-bounds (index 64, limit 55)
L 01/27/2021 - 21:12:17: [SM] Blaming: weapon_restrict.smx
L 01/27/2021 - 21:12:17: [SM] Call stack trace:
L 01/27/2021 - 21:12:17: [SM]   [1] Line 202, restrictinc/events.sp::CS_OnBuyCommand
L 01/27/2021 - 21:13:30: [SM] Exception reported: Array index out-of-bounds (index 64, limit 55)
L 01/27/2021 - 21:13:30: [SM] Blaming: weapon_restrict.smx
L 01/27/2021 - 21:13:30: [SM] Call stack trace:
L 01/27/2021 - 21:13:30: [SM]   [1] Line 202, restrictinc/events.sp::CS_OnBuyCommand
L 01/27/2021 - 21:14:13: [SM] Exception reported: Array index out-of-bounds (index 64, limit 55)
L 01/27/2021 - 21:14:13: [SM] Blaming: weapon_restrict.smx
L 01/27/2021 - 21:14:13: [SM] Call stack trace:
L 01/27/2021 - 21:14:13: [SM]   [1] Line 202, restrictinc/events.sp::CS_OnBuyCommand
L 01/27/2021 - 21:15:58: [SM] Exception reported: Array index out-of-bounds (index 64, limit 55)
L 01/27/2021 - 21:15:58: [SM] Blaming: weapon_restrict.smx
L 01/27/2021 - 21:15:58: [SM] Call stack trace:
L 01/27/2021 - 21:15:58: [SM]   [1] Line 202, restrictinc/events.sp::CS_OnBuyCommand
L 01/27/2021 - 21:20:46: [SM] Exception reported: Array index out-of-bounds (index 64, limit 55)
L 01/27/2021 - 21:20:46: [SM] Blaming: weapon_restrict.smx
L 01/27/2021 - 21:20:46: [SM] Call stack trace:
L 01/27/2021 - 21:20:46: [SM]   [1] Line 202, restrictinc/events.sp::CS_OnBuyCommand
L 01/27/2021 - 21:22:41: [SM] Exception reported: Array index out-of-bounds (index 64, limit 55)
L 01/27/2021 - 21:22:41: [SM] Blaming: weapon_restrict.smx
L 01/27/2021 - 21:22:41: [SM] Call stack trace:
L 01/27/2021 - 21:22:41: [SM]   [1] Line 202, restrictinc/events.sp::CS_OnBuyCommand
L 01/27/2021 - 21:25:23: [SM] Exception reported: Array index out-of-bounds (index 64, limit 55)
L 01/27/2021 - 21:25:23: [SM] Blaming: weapon_restrict.smx
L 01/27/2021 - 21:25:23: [SM] Call stack trace:
L 01/27/2021 - 21:25:23: [SM]   [1] Line 202, restrictinc/events.sp::CS_OnBuyCommand
L 01/27/2021 - 21:28:51: [SM] Exception reported: Language phrase "Player_Connected_From" not found (arg 3)
L 01/27/2021 - 21:28:51: [SM] Blaming: advadmin.smx
L 01/27/2021 - 21:28:51: [SM] Call stack trace:
L 01/27/2021 - 21:28:51: [SM]   [0] VFormat
L 01/27/2021 - 21:28:51: [SM]   [1] Line 386, /groups/sourcemod/compiler-1.10/include/halflife.inc::PrintToChatAll
L 01/27/2021 - 21:28:51: [SM]   [2] Line 141, /home/groups/sourcemod/upload_tmp/phpRYtiXm.sp::OnClientAuthorized
L 01/27/2021 - 21:31:02: [SM] Exception reported: Language phrase "Player_Connected_From" not found (arg 3)
L 01/27/2021 - 21:31:02: [SM] Blaming: advadmin.smx
L 01/27/2021 - 21:31:02: [SM] Call stack trace:
L 01/27/2021 - 21:31:02: [SM]   [0] VFormat
L 01/27/2021 - 21:31:02: [SM]   [1] Line 386, /groups/sourcemod/compiler-1.10/include/halflife.inc::PrintToChatAll
L 01/27/2021 - 21:31:02: [SM]   [2] Line 141, /home/groups/sourcemod/upload_tmp/phpRYtiXm.sp::OnClientAuthorized
L 01/27/2021 - 21:34:21: [SM] Exception reported: Array index out-of-bounds (index 64, limit 55)
L 01/27/2021 - 21:34:21: [SM] Blaming: weapon_restrict.smx
L 01/27/2021 - 21:34:21: [SM] Call stack trace:
L 01/27/2021 - 21:34:21: [SM]   [1] Line 202, restrictinc/events.sp::CS_OnBuyCommand
L 01/27/2021 - 21:34:21: [SM] Exception reported: Array index out-of-bounds (index 64, limit 55)
L 01/27/2021 - 21:34:21: [SM] Blaming: weapon_restrict.smx
L 01/27/2021 - 21:34:21: [SM] Call stack trace:
L 01/27/2021 - 21:34:21: [SM]   [1] Line 202, restrictinc/events.sp::CS_OnBuyCommand
L 01/27/2021 - 21:35:21: [SM] Exception reported: Language phrase "Player_Connected_From" not found (arg 3)
L 01/27/2021 - 21:35:21: [SM] Blaming: advadmin.smx
L 01/27/2021 - 21:35:21: [SM] Call stack trace:
L 01/27/2021 - 21:35:21: [SM]   [0] VFormat
L 01/27/2021 - 21:35:21: [SM]   [1] Line 386, /groups/sourcemod/compiler-1.10/include/halflife.inc::PrintToChatAll
L 01/27/2021 - 21:35:21: [SM]   [2] Line 141, /home/groups/sourcemod/upload_tmp/phpRYtiXm.sp::OnClientAuthorized
L 01/27/2021 - 21:36:10: [SM] Exception reported: Array index out-of-bounds (index 64, limit 55)
L 01/27/2021 - 21:36:10: [SM] Blaming: weapon_restrict.smx
L 01/27/2021 - 21:36:10: [SM] Call stack trace:
L 01/27/2021 - 21:36:10: [SM]   [1] Line 202, restrictinc/events.sp::CS_OnBuyCommand
L 01/27/2021 - 21:39:06: [SM] Exception reported: Language phrase "Player_Connected" not found (arg 3)
L 01/27/2021 - 21:39:06: [SM] Blaming: advadmin.smx
L 01/27/2021 - 21:39:06: [SM] Call stack trace:
L 01/27/2021 - 21:39:06: [SM]   [0] VFormat
L 01/27/2021 - 21:39:06: [SM]   [1] Line 386, /groups/sourcemod/compiler-1.10/include/halflife.inc::PrintToChatAll
L 01/27/2021 - 21:39:06: [SM]   [2] Line 145, /home/groups/sourcemod/upload_tmp/phpRYtiXm.sp::OnClientAuthorized
L 01/27/2021 - 21:39:10: [SM] Exception reported: Language phrase "Player_Connected" not found (arg 3)
L 01/27/2021 - 21:39:10: [SM] Blaming: advadmin.smx
L 01/27/2021 - 21:39:10: [SM] Call stack trace:
L 01/27/2021 - 21:39:10: [SM]   [0] VFormat
L 01/27/2021 - 21:39:10: [SM]   [1] Line 386, /groups/sourcemod/compiler-1.10/include/halflife.inc::PrintToChatAll
L 01/27/2021 - 21:39:10: [SM]   [2] Line 145, /home/groups/sourcemod/upload_tmp/phpRYtiXm.sp::OnClientAuthorized
L 01/27/2021 - 21:39:21: [SM] Exception reported: Array index out-of-bounds (index 64, limit 55)
L 01/27/2021 - 21:39:21: [SM] Blaming: weapon_restrict.smx
L 01/27/2021 - 21:39:21: [SM] Call stack trace:
L 01/27/2021 - 21:39:21: [SM]   [1] Line 202, restrictinc/events.sp::CS_OnBuyCommand
L 01/27/2021 - 21:39:22: [SM] Exception reported: Array index out-of-bounds (index 64, limit 55)
L 01/27/2021 - 21:39:22: [SM] Blaming: weapon_restrict.smx
L 01/27/2021 - 21:39:22: [SM] Call stack trace:
L 01/27/2021 - 21:39:22: [SM]   [1] Line 202, restrictinc/events.sp::CS_OnBuyCommand
L 01/27/2021 - 21:39:29: [SM] Exception reported: Array index out-of-bounds (index 64, limit 55)
L 01/27/2021 - 21:39:29: [SM] Blaming: weapon_restrict.smx
L 01/27/2021 - 21:39:29: [SM] Call stack trace:
L 01/27/2021 - 21:39:29: [SM]   [1] Line 202, restrictinc/events.sp::CS_OnBuyCommand
L 01/27/2021 - 21:40:43: [SM] Exception reported: Array index out-of-bounds (index 64, limit 55)
L 01/27/2021 - 21:40:43: [SM] Blaming: weapon_restrict.smx
L 01/27/2021 - 21:40:43: [SM] Call stack trace:
L 01/27/2021 - 21:40:43: [SM]   [1] Line 202, restrictinc/events.sp::CS_OnBuyCommand
L 01/27/2021 - 21:40:45: [SM] Exception reported: Array index out-of-bounds (index 64, limit 55)
L 01/27/2021 - 21:40:45: [SM] Blaming: weapon_restrict.smx
L 01/27/2021 - 21:40:45: [SM] Call stack trace:
L 01/27/2021 - 21:40:45: [SM]   [1] Line 202, restrictinc/events.sp::CS_OnBuyCommand
L 01/27/2021 - 21:40:56: [SM] Exception reported: Array index out-of-bounds (index 64, limit 55)
L 01/27/2021 - 21:40:56: [SM] Blaming: weapon_restrict.smx
L 01/27/2021 - 21:40:56: [SM] Call stack trace:
L 01/27/2021 - 21:40:56: [SM]   [1] Line 202, restrictinc/events.sp::CS_OnBuyCommand
L 01/27/2021 - 21:41:37: Error log file session closed.
L 01/27/2021 - 21:41:37: SourceMod error session started
L 01/27/2021 - 21:41:37: Info (map "de_stmarc") (file "/home/tcagame/jackm1/599/csgo/addons/sourcemod/logs/errors_20210127.log")
L 01/27/2021 - 21:41:37: [SM] Fatal error encountered parsing translation file "advadmin.phrases.txt"
L 01/27/2021 - 21:41:37: [SM] Error (line 0, column 0): Stream failed to open
L 01/27/2021 - 21:42:34: [SM] Exception reported: Array index out-of-bounds (index 64, limit 55)
L 01/27/2021 - 21:42:34: [SM] Blaming: weapon_restrict.smx
L 01/27/2021 - 21:42:34: [SM] Call stack trace:
L 01/27/2021 - 21:42:34: [SM]   [1] Line 202, restrictinc/events.sp::CS_OnBuyCommand
L 01/27/2021 - 21:43:44: [SM] Exception reported: Array index out-of-bounds (index 64, limit 55)
L 01/27/2021 - 21:43:44: [SM] Blaming: weapon_restrict.smx
L 01/27/2021 - 21:43:44: [SM] Call stack trace:
L 01/27/2021 - 21:43:44: [SM]   [1] Line 202, restrictinc/events.sp::CS_OnBuyCommand
L 01/27/2021 - 21:43:55: [SM] Exception reported: Array index out-of-bounds (index 64, limit 55)
L 01/27/2021 - 21:43:55: [SM] Blaming: weapon_restrict.smx
L 01/27/2021 - 21:43:55: [SM] Call stack trace:
L 01/27/2021 - 21:43:55: [SM]   [1] Line 202, restrictinc/events.sp::CS_OnBuyCommand
L 01/27/2021 - 21:44:09: [SM] Exception reported: Array index out-of-bounds (index 64, limit 55)
L 01/27/2021 - 21:44:09: [SM] Blaming: weapon_restrict.smx
L 01/27/2021 - 21:44:09: [SM] Call stack trace:
L 01/27/2021 - 21:44:09: [SM]   [1] Line 202, restrictinc/events.sp::CS_OnBuyCommand
L 01/27/2021 - 21:48:37: [SM] Exception reported: Array index out-of-bounds (index 64, limit 55)
L 01/27/2021 - 21:48:37: [SM] Blaming: weapon_restrict.smx
L 01/27/2021 - 21:48:37: [SM] Call stack trace:
L 01/27/2021 - 21:48:37: [SM]   [1] Line 202, restrictinc/events.sp::CS_OnBuyCommand
L 01/27/2021 - 21:49:39: [SM] Exception reported: Array index out-of-bounds (index 64, limit 55)
L 01/27/2021 - 21:49:39: [SM] Blaming: weapon_restrict.smx
L 01/27/2021 - 21:49:39: [SM] Call stack trace:
L 01/27/2021 - 21:49:39: [SM]   [1] Line 202, restrictinc/events.sp::CS_OnBuyCommand
L 01/27/2021 - 21:49:42: [SM] Exception reported: Array index out-of-bounds (index 64, limit 55)
L 01/27/2021 - 21:49:42: [SM] Blaming: weapon_restrict.smx
L 01/27/2021 - 21:49:42: [SM] Call stack trace:
L 01/27/2021 - 21:49:42: [SM]   [1] Line 202, restrictinc/events.sp::CS_OnBuyCommand
L 01/27/2021 - 21:50:07: [SM] Exception reported: Array index out-of-bounds (index 64, limit 55)
L 01/27/2021 - 21:50:07: [SM] Blaming: weapon_restrict.smx
L 01/27/2021 - 21:50:07: [SM] Call stack trace:
L 01/27/2021 - 21:50:07: [SM]   [1] Line 202, restrictinc/events.sp::CS_OnBuyCommand
L 01/27/2021 - 21:54:26: [SM] Exception reported: Language phrase "Player_Connected" not found (arg 3)
L 01/27/2021 - 21:54:26: [SM] Blaming: advadmin.smx
L 01/27/2021 - 21:54:26: [SM] Call stack trace:
L 01/27/2021 - 21:54:26: [SM]   [0] VFormat
L 01/27/2021 - 21:54:26: [SM]   [1] Line 386, /groups/sourcemod/compiler-1.10/include/halflife.inc::PrintToChatAll
L 01/27/2021 - 21:54:26: [SM]   [2] Line 145, /home/groups/sourcemod/upload_tmp/phpRYtiXm.sp::OnClientAuthorized
L 01/27/2021 - 21:55:09: [SM] Exception reported: Array index out-of-bounds (index 64, limit 55)
L 01/27/2021 - 21:55:09: [SM] Blaming: weapon_restrict.smx
L 01/27/2021 - 21:55:09: [SM] Call stack trace:
L 01/27/2021 - 21:55:09: [SM]   [1] Line 202, restrictinc/events.sp::CS_OnBuyCommand
L 01/27/2021 - 21:55:52: [SM] Exception reported: Array index out-of-bounds (index 64, limit 55)
L 01/27/2021 - 21:55:52: [SM] Blaming: weapon_restrict.smx
L 01/27/2021 - 21:55:52: [SM] Call stack trace:
L 01/27/2021 - 21:55:52: [SM]   [1] Line 202, restrictinc/events.sp::CS_OnBuyCommand
L 01/27/2021 - 21:55:59: [SM] Exception reported: Array index out-of-bounds (index 64, limit 55)
L 01/27/2021 - 21:55:59: [SM] Blaming: weapon_restrict.smx
L 01/27/2021 - 21:55:59: [SM] Call stack trace:
L 01/27/2021 - 21:55:59: [SM]   [1] Line 202, restrictinc/events.sp::CS_OnBuyCommand
L 01/27/2021 - 22:01:07: [SM] Exception reported: Array index out-of-bounds (index 64, limit 55)
L 01/27/2021 - 22:01:07: [SM] Blaming: weapon_restrict.smx
L 01/27/2021 - 22:01:07: [SM] Call stack trace:
L 01/27/2021 - 22:01:07: [SM]   [1] Line 202, restrictinc/events.sp::CS_OnBuyCommand
L 01/27/2021 - 22:01:10: [SM] Exception reported: Array index out-of-bounds (index 64, limit 55)
L 01/27/2021 - 22:01:10: [SM] Blaming: weapon_restrict.smx
L 01/27/2021 - 22:01:10: [SM] Call stack trace:
L 01/27/2021 - 22:01:10: [SM]   [1] Line 202, restrictinc/events.sp::CS_OnBuyCommand
L 01/27/2021 - 22:02:09: [SM] Exception reported: Array index out-of-bounds (index 64, limit 55)
L 01/27/2021 - 22:02:09: [SM] Blaming: weapon_restrict.smx
L 01/27/2021 - 22:02:09: [SM] Call stack trace:
L 01/27/2021 - 22:02:09: [SM]   [1] Line 202, restrictinc/events.sp::CS_OnBuyCommand
L 01/27/2021 - 22:05:04: [SM] Exception reported: Array index out-of-bounds (index 64, limit 55)
L 01/27/2021 - 22:05:04: [SM] Blaming: weapon_restrict.smx
L 01/27/2021 - 22:05:04: [SM] Call stack trace:
L 01/27/2021 - 22:05:04: [SM]   [1] Line 202, restrictinc/events.sp::CS_OnBuyCommand
L 01/27/2021 - 22:17:13: [SM] Exception reported: Array index out-of-bounds (index 64, limit 55)
L 01/27/2021 - 22:17:13: [SM] Blaming: weapon_restrict.smx
L 01/27/2021 - 22:17:13: [SM] Call stack trace:
L 01/27/2021 - 22:17:13: [SM]   [1] Line 202, restrictinc/events.sp::CS_OnBuyCommand
L 01/27/2021 - 22:18:10: [SM] Exception reported: Array index out-of-bounds (index 64, limit 55)
L 01/27/2021 - 22:18:10: [SM] Blaming: weapon_restrict.smx
L 01/27/2021 - 22:18:10: [SM] Call stack trace:
L 01/27/2021 - 22:18:10: [SM]   [1] Line 202, restrictinc/events.sp::CS_OnBuyCommand
L 01/27/2021 - 22:22:24: [SM] Exception reported: Array index out-of-bounds (index 64, limit 55)
L 01/27/2021 - 22:22:24: [SM] Blaming: weapon_restrict.smx
L 01/27/2021 - 22:22:24: [SM] Call stack trace:
L 01/27/2021 - 22:22:24: [SM]   [1] Line 202, restrictinc/events.sp::CS_OnBuyCommand
L 01/27/2021 - 22:22:31: [SM] Exception reported: Array index out-of-bounds (index 64, limit 55)
L 01/27/2021 - 22:22:31: [SM] Blaming: weapon_restrict.smx
L 01/27/2021 - 22:22:31: [SM] Call stack trace:
L 01/27/2021 - 22:22:31: [SM]   [1] Line 202, restrictinc/events.sp::CS_OnBuyCommand
L 01/27/2021 - 22:22:49: [SM] Exception reported: Array index out-of-bounds (index 64, limit 55)
L 01/27/2021 - 22:22:49: [SM] Blaming: weapon_restrict.smx
L 01/27/2021 - 22:22:49: [SM] Call stack trace:
L 01/27/2021 - 22:22:49: [SM]   [1] Line 202, restrictinc/events.sp::CS_OnBuyCommand
L 01/28/2021 - 10:07:16: Error log file session closed.
