L 12/01/2020 - 07:21:03: SourceMod error session started
L 12/01/2020 - 07:21:03: Info (map "de_inferno") (file "/home/tcagame/jackm1/527/csgo/addons/sourcemod/logs/errors_20201201.log")
L 12/01/2020 - 07:21:03: [SM] Fatal error encountered parsing translation file "advadmin.phrases.txt"
L 12/01/2020 - 07:21:03: [SM] Error (line 0, column 0): Stream failed to open
L 12/01/2020 - 07:21:58: [SM] Exception reported: Language phrase "Player_Connected_From" not found (arg 3)
L 12/01/2020 - 07:21:58: [SM] Blaming: advadmin.smx
L 12/01/2020 - 07:21:58: [SM] Call stack trace:
L 12/01/2020 - 07:21:58: [SM]   [0] VFormat
L 12/01/2020 - 07:21:58: [SM]   [1] Line 386, /groups/sourcemod/compiler-1.10/include/halflife.inc::PrintToChatAll
L 12/01/2020 - 07:21:58: [SM]   [2] Line 141, /home/groups/sourcemod/upload_tmp/phpRYtiXm.sp::OnClientAuthorized
L 12/01/2020 - 10:33:07: Error log file session closed.
L 12/01/2020 - 10:33:07: SourceMod error session started
L 12/01/2020 - 10:33:07: Info (map "de_inferno") (file "/home/tcagame/jackm1/527/csgo/addons/sourcemod/logs/errors_20201201.log")
L 12/01/2020 - 10:33:07: [SM] Fatal error encountered parsing translation file "advadmin.phrases.txt"
L 12/01/2020 - 10:33:07: [SM] Error (line 0, column 0): Stream failed to open
L 12/01/2020 - 10:35:02: Error log file session closed.
L 12/01/2020 - 10:35:02: SourceMod error session started
L 12/01/2020 - 10:35:02: Info (map "de_mirage") (file "/home/tcagame/jackm1/527/csgo/addons/sourcemod/logs/errors_20201201.log")
L 12/01/2020 - 10:35:02: [SM] Fatal error encountered parsing translation file "advadmin.phrases.txt"
L 12/01/2020 - 10:35:02: [SM] Error (line 0, column 0): Stream failed to open
L 12/01/2020 - 10:36:57: [SM] Exception reported: Array index out-of-bounds (index 64, limit 55)
L 12/01/2020 - 10:36:57: [SM] Blaming: weapon_restrict.smx
L 12/01/2020 - 10:36:57: [SM] Call stack trace:
L 12/01/2020 - 10:36:57: [SM]   [1] Line 202, restrictinc/events.sp::CS_OnBuyCommand
L 12/01/2020 - 10:45:55: [SM] Exception reported: Array index out-of-bounds (index 64, limit 55)
L 12/01/2020 - 10:45:55: [SM] Blaming: weapon_restrict.smx
L 12/01/2020 - 10:45:55: [SM] Call stack trace:
L 12/01/2020 - 10:45:55: [SM]   [1] Line 202, restrictinc/events.sp::CS_OnBuyCommand
L 12/01/2020 - 10:48:10: [SM] Exception reported: Array index out-of-bounds (index 64, limit 55)
L 12/01/2020 - 10:48:10: [SM] Blaming: weapon_restrict.smx
L 12/01/2020 - 10:48:10: [SM] Call stack trace:
L 12/01/2020 - 10:48:10: [SM]   [1] Line 202, restrictinc/events.sp::CS_OnBuyCommand
L 12/01/2020 - 10:55:11: [SM] Exception reported: Array index out-of-bounds (index 64, limit 55)
L 12/01/2020 - 10:55:11: [SM] Blaming: weapon_restrict.smx
L 12/01/2020 - 10:55:11: [SM] Call stack trace:
L 12/01/2020 - 10:55:11: [SM]   [1] Line 202, restrictinc/events.sp::CS_OnBuyCommand
L 12/01/2020 - 10:56:49: [SM] Exception reported: Array index out-of-bounds (index 64, limit 55)
L 12/01/2020 - 10:56:49: [SM] Blaming: weapon_restrict.smx
L 12/01/2020 - 10:56:49: [SM] Call stack trace:
L 12/01/2020 - 10:56:49: [SM]   [1] Line 202, restrictinc/events.sp::CS_OnBuyCommand
L 12/01/2020 - 10:58:08: [SM] Exception reported: Array index out-of-bounds (index 64, limit 55)
L 12/01/2020 - 10:58:08: [SM] Blaming: weapon_restrict.smx
L 12/01/2020 - 10:58:08: [SM] Call stack trace:
L 12/01/2020 - 10:58:08: [SM]   [1] Line 202, restrictinc/events.sp::CS_OnBuyCommand
L 12/01/2020 - 13:58:15: Error log file session closed.
L 12/01/2020 - 13:58:15: SourceMod error session started
L 12/01/2020 - 13:58:15: Info (map "de_mirage") (file "/home/tcagame/jackm1/527/csgo/addons/sourcemod/logs/errors_20201201.log")
L 12/01/2020 - 13:58:15: [SM] Fatal error encountered parsing translation file "advadmin.phrases.txt"
L 12/01/2020 - 13:58:15: [SM] Error (line 0, column 0): Stream failed to open
L 12/01/2020 - 13:58:36: [SM] Exception reported: Language phrase "Player_Connected_From" not found (arg 3)
L 12/01/2020 - 13:58:36: [SM] Blaming: advadmin.smx
L 12/01/2020 - 13:58:36: [SM] Call stack trace:
L 12/01/2020 - 13:58:36: [SM]   [0] VFormat
L 12/01/2020 - 13:58:36: [SM]   [1] Line 386, /groups/sourcemod/compiler-1.10/include/halflife.inc::PrintToChatAll
L 12/01/2020 - 13:58:36: [SM]   [2] Line 141, /home/groups/sourcemod/upload_tmp/phpRYtiXm.sp::OnClientAuthorized
L 12/01/2020 - 14:01:29: Error log file session closed.
L 12/01/2020 - 14:01:29: SourceMod error session started
L 12/01/2020 - 14:01:29: Info (map "de_inferno") (file "/home/tcagame/jackm1/527/csgo/addons/sourcemod/logs/errors_20201201.log")
L 12/01/2020 - 14:01:29: [SM] Fatal error encountered parsing translation file "advadmin.phrases.txt"
L 12/01/2020 - 14:01:29: [SM] Error (line 0, column 0): Stream failed to open
L 12/01/2020 - 14:06:49: [SM] Exception reported: Array index out-of-bounds (index 64, limit 55)
L 12/01/2020 - 14:06:49: [SM] Blaming: weapon_restrict.smx
L 12/01/2020 - 14:06:49: [SM] Call stack trace:
L 12/01/2020 - 14:06:49: [SM]   [1] Line 202, restrictinc/events.sp::CS_OnBuyCommand
L 12/01/2020 - 14:17:31: [SM] Exception reported: Array index out-of-bounds (index 64, limit 55)
L 12/01/2020 - 14:17:31: [SM] Blaming: weapon_restrict.smx
L 12/01/2020 - 14:17:31: [SM] Call stack trace:
L 12/01/2020 - 14:17:31: [SM]   [1] Line 202, restrictinc/events.sp::CS_OnBuyCommand
L 12/01/2020 - 14:19:02: [SM] Exception reported: Array index out-of-bounds (index 64, limit 55)
L 12/01/2020 - 14:19:02: [SM] Blaming: weapon_restrict.smx
L 12/01/2020 - 14:19:02: [SM] Call stack trace:
L 12/01/2020 - 14:19:02: [SM]   [1] Line 202, restrictinc/events.sp::CS_OnBuyCommand
L 12/01/2020 - 14:26:20: [SM] Exception reported: Array index out-of-bounds (index 64, limit 55)
L 12/01/2020 - 14:26:20: [SM] Blaming: weapon_restrict.smx
L 12/01/2020 - 14:26:20: [SM] Call stack trace:
L 12/01/2020 - 14:26:20: [SM]   [1] Line 202, restrictinc/events.sp::CS_OnBuyCommand
L 12/01/2020 - 15:22:13: Error log file session closed.
L 12/01/2020 - 15:22:13: SourceMod error session started
L 12/01/2020 - 15:22:13: Info (map "de_inferno") (file "/home/tcagame/jackm1/527/csgo/addons/sourcemod/logs/errors_20201201.log")
L 12/01/2020 - 15:22:13: [SM] Fatal error encountered parsing translation file "advadmin.phrases.txt"
L 12/01/2020 - 15:22:13: [SM] Error (line 0, column 0): Stream failed to open
L 12/01/2020 - 15:22:27: [SM] Exception reported: Language phrase "Player_Connected_From" not found (arg 3)
L 12/01/2020 - 15:22:27: [SM] Blaming: advadmin.smx
L 12/01/2020 - 15:22:27: [SM] Call stack trace:
L 12/01/2020 - 15:22:27: [SM]   [0] VFormat
L 12/01/2020 - 15:22:27: [SM]   [1] Line 386, /groups/sourcemod/compiler-1.10/include/halflife.inc::PrintToChatAll
L 12/01/2020 - 15:22:27: [SM]   [2] Line 141, /home/groups/sourcemod/upload_tmp/phpRYtiXm.sp::OnClientAuthorized
L 12/01/2020 - 15:22:38: [SM] Exception reported: Array index out-of-bounds (index 64, limit 55)
L 12/01/2020 - 15:22:38: [SM] Blaming: weapon_restrict.smx
L 12/01/2020 - 15:22:38: [SM] Call stack trace:
L 12/01/2020 - 15:22:38: [SM]   [1] Line 202, restrictinc/events.sp::CS_OnBuyCommand
L 12/01/2020 - 15:23:16: [SM] Exception reported: Language phrase "Player_Connected_From" not found (arg 3)
L 12/01/2020 - 15:23:16: [SM] Blaming: advadmin.smx
L 12/01/2020 - 15:23:16: [SM] Call stack trace:
L 12/01/2020 - 15:23:16: [SM]   [0] VFormat
L 12/01/2020 - 15:23:16: [SM]   [1] Line 386, /groups/sourcemod/compiler-1.10/include/halflife.inc::PrintToChatAll
L 12/01/2020 - 15:23:16: [SM]   [2] Line 141, /home/groups/sourcemod/upload_tmp/phpRYtiXm.sp::OnClientAuthorized
L 12/01/2020 - 15:23:23: [SM] Exception reported: Language phrase "Player_Connected_From" not found (arg 3)
L 12/01/2020 - 15:23:23: [SM] Blaming: advadmin.smx
L 12/01/2020 - 15:23:23: [SM] Call stack trace:
L 12/01/2020 - 15:23:23: [SM]   [0] VFormat
L 12/01/2020 - 15:23:23: [SM]   [1] Line 386, /groups/sourcemod/compiler-1.10/include/halflife.inc::PrintToChatAll
L 12/01/2020 - 15:23:23: [SM]   [2] Line 141, /home/groups/sourcemod/upload_tmp/phpRYtiXm.sp::OnClientAuthorized
L 12/01/2020 - 15:23:44: [SM] Exception reported: Array index out-of-bounds (index 64, limit 55)
L 12/01/2020 - 15:23:44: [SM] Blaming: weapon_restrict.smx
L 12/01/2020 - 15:23:44: [SM] Call stack trace:
L 12/01/2020 - 15:23:44: [SM]   [1] Line 202, restrictinc/events.sp::CS_OnBuyCommand
L 12/01/2020 - 15:27:06: [SM] Exception reported: Array index out-of-bounds (index 64, limit 55)
L 12/01/2020 - 15:27:06: [SM] Blaming: weapon_restrict.smx
L 12/01/2020 - 15:27:06: [SM] Call stack trace:
L 12/01/2020 - 15:27:06: [SM]   [1] Line 202, restrictinc/events.sp::CS_OnBuyCommand
L 12/01/2020 - 15:27:26: [SM] Exception reported: Array index out-of-bounds (index 64, limit 55)
L 12/01/2020 - 15:27:26: [SM] Blaming: weapon_restrict.smx
L 12/01/2020 - 15:27:26: [SM] Call stack trace:
L 12/01/2020 - 15:27:26: [SM]   [1] Line 202, restrictinc/events.sp::CS_OnBuyCommand
L 12/01/2020 - 15:27:51: [SM] Exception reported: Array index out-of-bounds (index 64, limit 55)
L 12/01/2020 - 15:27:51: [SM] Blaming: weapon_restrict.smx
L 12/01/2020 - 15:27:51: [SM] Call stack trace:
L 12/01/2020 - 15:27:51: [SM]   [1] Line 202, restrictinc/events.sp::CS_OnBuyCommand
L 12/01/2020 - 15:32:36: [SM] Exception reported: Array index out-of-bounds (index 64, limit 55)
L 12/01/2020 - 15:32:36: [SM] Blaming: weapon_restrict.smx
L 12/01/2020 - 15:32:36: [SM] Call stack trace:
L 12/01/2020 - 15:32:36: [SM]   [1] Line 202, restrictinc/events.sp::CS_OnBuyCommand
L 12/01/2020 - 15:34:29: [SM] Exception reported: Array index out-of-bounds (index 64, limit 55)
L 12/01/2020 - 15:34:29: [SM] Blaming: weapon_restrict.smx
L 12/01/2020 - 15:34:29: [SM] Call stack trace:
L 12/01/2020 - 15:34:29: [SM]   [1] Line 202, restrictinc/events.sp::CS_OnBuyCommand
L 12/01/2020 - 15:34:48: [SM] Exception reported: Array index out-of-bounds (index 64, limit 55)
L 12/01/2020 - 15:34:48: [SM] Blaming: weapon_restrict.smx
L 12/01/2020 - 15:34:48: [SM] Call stack trace:
L 12/01/2020 - 15:34:48: [SM]   [1] Line 202, restrictinc/events.sp::CS_OnBuyCommand
L 12/01/2020 - 15:35:07: [SM] Exception reported: Array index out-of-bounds (index 64, limit 55)
L 12/01/2020 - 15:35:07: [SM] Blaming: weapon_restrict.smx
L 12/01/2020 - 15:35:07: [SM] Call stack trace:
L 12/01/2020 - 15:35:07: [SM]   [1] Line 202, restrictinc/events.sp::CS_OnBuyCommand
L 12/01/2020 - 15:35:19: [SM] Exception reported: Language phrase "Player_Connected_From" not found (arg 3)
L 12/01/2020 - 15:35:19: [SM] Blaming: advadmin.smx
L 12/01/2020 - 15:35:19: [SM] Call stack trace:
L 12/01/2020 - 15:35:19: [SM]   [0] VFormat
L 12/01/2020 - 15:35:19: [SM]   [1] Line 386, /groups/sourcemod/compiler-1.10/include/halflife.inc::PrintToChatAll
L 12/01/2020 - 15:35:19: [SM]   [2] Line 141, /home/groups/sourcemod/upload_tmp/phpRYtiXm.sp::OnClientAuthorized
L 12/01/2020 - 15:36:02: [SM] Exception reported: Array index out-of-bounds (index 64, limit 55)
L 12/01/2020 - 15:36:02: [SM] Blaming: weapon_restrict.smx
L 12/01/2020 - 15:36:02: [SM] Call stack trace:
L 12/01/2020 - 15:36:02: [SM]   [1] Line 202, restrictinc/events.sp::CS_OnBuyCommand
L 12/01/2020 - 15:38:40: Error log file session closed.
L 12/01/2020 - 15:38:40: SourceMod error session started
L 12/01/2020 - 15:38:40: Info (map "de_overpass") (file "/home/tcagame/jackm1/527/csgo/addons/sourcemod/logs/errors_20201201.log")
L 12/01/2020 - 15:38:40: [SM] Fatal error encountered parsing translation file "advadmin.phrases.txt"
L 12/01/2020 - 15:38:40: [SM] Error (line 0, column 0): Stream failed to open
L 12/01/2020 - 15:40:43: [SM] Exception reported: Language phrase "Player_Connected_From" not found (arg 3)
L 12/01/2020 - 15:40:43: [SM] Blaming: advadmin.smx
L 12/01/2020 - 15:40:43: [SM] Call stack trace:
L 12/01/2020 - 15:40:43: [SM]   [0] VFormat
L 12/01/2020 - 15:40:43: [SM]   [1] Line 386, /groups/sourcemod/compiler-1.10/include/halflife.inc::PrintToChatAll
L 12/01/2020 - 15:40:43: [SM]   [2] Line 141, /home/groups/sourcemod/upload_tmp/phpRYtiXm.sp::OnClientAuthorized
L 12/01/2020 - 15:41:41: [SM] Exception reported: Language phrase "Player_Connected_From" not found (arg 3)
L 12/01/2020 - 15:41:41: [SM] Blaming: advadmin.smx
L 12/01/2020 - 15:41:41: [SM] Call stack trace:
L 12/01/2020 - 15:41:41: [SM]   [0] VFormat
L 12/01/2020 - 15:41:41: [SM]   [1] Line 386, /groups/sourcemod/compiler-1.10/include/halflife.inc::PrintToChatAll
L 12/01/2020 - 15:41:41: [SM]   [2] Line 141, /home/groups/sourcemod/upload_tmp/phpRYtiXm.sp::OnClientAuthorized
L 12/01/2020 - 15:42:11: [SM] Exception reported: Array index out-of-bounds (index 64, limit 55)
L 12/01/2020 - 15:42:11: [SM] Blaming: weapon_restrict.smx
L 12/01/2020 - 15:42:11: [SM] Call stack trace:
L 12/01/2020 - 15:42:11: [SM]   [1] Line 202, restrictinc/events.sp::CS_OnBuyCommand
L 12/01/2020 - 15:43:31: [SM] Exception reported: Array index out-of-bounds (index 64, limit 55)
L 12/01/2020 - 15:43:31: [SM] Blaming: weapon_restrict.smx
L 12/01/2020 - 15:43:31: [SM] Call stack trace:
L 12/01/2020 - 15:43:31: [SM]   [1] Line 202, restrictinc/events.sp::CS_OnBuyCommand
L 12/01/2020 - 15:45:42: [SM] Exception reported: Language phrase "Player_Connected_From" not found (arg 3)
L 12/01/2020 - 15:45:42: [SM] Blaming: advadmin.smx
L 12/01/2020 - 15:45:42: [SM] Call stack trace:
L 12/01/2020 - 15:45:42: [SM]   [0] VFormat
L 12/01/2020 - 15:45:42: [SM]   [1] Line 386, /groups/sourcemod/compiler-1.10/include/halflife.inc::PrintToChatAll
L 12/01/2020 - 15:45:42: [SM]   [2] Line 141, /home/groups/sourcemod/upload_tmp/phpRYtiXm.sp::OnClientAuthorized
L 12/01/2020 - 15:51:44: [SM] Exception reported: Array index out-of-bounds (index 64, limit 55)
L 12/01/2020 - 15:51:44: [SM] Blaming: weapon_restrict.smx
L 12/01/2020 - 15:51:44: [SM] Call stack trace:
L 12/01/2020 - 15:51:44: [SM]   [1] Line 202, restrictinc/events.sp::CS_OnBuyCommand
L 12/01/2020 - 15:51:55: [SM] Exception reported: Array index out-of-bounds (index 64, limit 55)
L 12/01/2020 - 15:51:55: [SM] Blaming: weapon_restrict.smx
L 12/01/2020 - 15:51:55: [SM] Call stack trace:
L 12/01/2020 - 15:51:55: [SM]   [1] Line 202, restrictinc/events.sp::CS_OnBuyCommand
L 12/01/2020 - 15:53:53: [SM] Exception reported: Array index out-of-bounds (index 64, limit 55)
L 12/01/2020 - 15:53:53: [SM] Blaming: weapon_restrict.smx
L 12/01/2020 - 15:53:53: [SM] Call stack trace:
L 12/01/2020 - 15:53:53: [SM]   [1] Line 202, restrictinc/events.sp::CS_OnBuyCommand
L 12/01/2020 - 15:55:21: [SM] Exception reported: Array index out-of-bounds (index 64, limit 55)
L 12/01/2020 - 15:55:21: [SM] Blaming: weapon_restrict.smx
L 12/01/2020 - 15:55:21: [SM] Call stack trace:
L 12/01/2020 - 15:55:21: [SM]   [1] Line 202, restrictinc/events.sp::CS_OnBuyCommand
L 12/01/2020 - 15:55:22: [SM] Exception reported: Array index out-of-bounds (index 64, limit 55)
L 12/01/2020 - 15:55:22: [SM] Blaming: weapon_restrict.smx
L 12/01/2020 - 15:55:22: [SM] Call stack trace:
L 12/01/2020 - 15:55:22: [SM]   [1] Line 202, restrictinc/events.sp::CS_OnBuyCommand
L 12/01/2020 - 16:03:05: [SM] Exception reported: Array index out-of-bounds (index 64, limit 55)
L 12/01/2020 - 16:03:05: [SM] Blaming: weapon_restrict.smx
L 12/01/2020 - 16:03:05: [SM] Call stack trace:
L 12/01/2020 - 16:03:05: [SM]   [1] Line 202, restrictinc/events.sp::CS_OnBuyCommand
L 12/01/2020 - 16:09:05: [SM] Exception reported: Array index out-of-bounds (index 64, limit 55)
L 12/01/2020 - 16:09:05: [SM] Blaming: weapon_restrict.smx
L 12/01/2020 - 16:09:05: [SM] Call stack trace:
L 12/01/2020 - 16:09:05: [SM]   [1] Line 202, restrictinc/events.sp::CS_OnBuyCommand
L 12/01/2020 - 16:09:58: [SM] Exception reported: Array index out-of-bounds (index 64, limit 55)
L 12/01/2020 - 16:09:58: [SM] Blaming: weapon_restrict.smx
L 12/01/2020 - 16:09:58: [SM] Call stack trace:
L 12/01/2020 - 16:09:58: [SM]   [1] Line 202, restrictinc/events.sp::CS_OnBuyCommand
L 12/01/2020 - 16:10:02: [SM] Exception reported: Array index out-of-bounds (index 64, limit 55)
L 12/01/2020 - 16:10:02: [SM] Blaming: weapon_restrict.smx
L 12/01/2020 - 16:10:02: [SM] Call stack trace:
L 12/01/2020 - 16:10:02: [SM]   [1] Line 202, restrictinc/events.sp::CS_OnBuyCommand
L 12/01/2020 - 16:10:08: [SM] Exception reported: Array index out-of-bounds (index 64, limit 55)
L 12/01/2020 - 16:10:08: [SM] Blaming: weapon_restrict.smx
L 12/01/2020 - 16:10:08: [SM] Call stack trace:
L 12/01/2020 - 16:10:08: [SM]   [1] Line 202, restrictinc/events.sp::CS_OnBuyCommand
L 12/01/2020 - 16:12:22: [SM] Exception reported: Array index out-of-bounds (index 64, limit 55)
L 12/01/2020 - 16:12:22: [SM] Blaming: weapon_restrict.smx
L 12/01/2020 - 16:12:22: [SM] Call stack trace:
L 12/01/2020 - 16:12:22: [SM]   [1] Line 202, restrictinc/events.sp::CS_OnBuyCommand
L 12/01/2020 - 16:14:27: [SM] Exception reported: Array index out-of-bounds (index 64, limit 55)
L 12/01/2020 - 16:14:27: [SM] Blaming: weapon_restrict.smx
L 12/01/2020 - 16:14:27: [SM] Call stack trace:
L 12/01/2020 - 16:14:27: [SM]   [1] Line 202, restrictinc/events.sp::CS_OnBuyCommand
L 12/01/2020 - 16:15:34: [SM] Exception reported: Array index out-of-bounds (index 64, limit 55)
L 12/01/2020 - 16:15:34: [SM] Blaming: weapon_restrict.smx
L 12/01/2020 - 16:15:34: [SM] Call stack trace:
L 12/01/2020 - 16:15:34: [SM]   [1] Line 202, restrictinc/events.sp::CS_OnBuyCommand
L 12/01/2020 - 16:33:43: Error log file session closed.
L 12/01/2020 - 16:33:43: SourceMod error session started
L 12/01/2020 - 16:33:43: Info (map "de_overpass") (file "/home/tcagame/jackm1/527/csgo/addons/sourcemod/logs/errors_20201201.log")
L 12/01/2020 - 16:33:43: [SM] Fatal error encountered parsing translation file "advadmin.phrases.txt"
L 12/01/2020 - 16:33:43: [SM] Error (line 0, column 0): Stream failed to open
L 12/01/2020 - 18:00:22: Error log file session closed.
L 12/01/2020 - 18:00:22: SourceMod error session started
L 12/01/2020 - 18:00:22: Info (map "de_overpass") (file "/home/tcagame/jackm1/527/csgo/addons/sourcemod/logs/errors_20201201.log")
L 12/01/2020 - 18:00:22: [SM] Fatal error encountered parsing translation file "advadmin.phrases.txt"
L 12/01/2020 - 18:00:22: [SM] Error (line 0, column 0): Stream failed to open
L 12/01/2020 - 18:01:04: [SM] Exception reported: Language phrase "Player_Connected_From" not found (arg 3)
L 12/01/2020 - 18:01:04: [SM] Blaming: advadmin.smx
L 12/01/2020 - 18:01:04: [SM] Call stack trace:
L 12/01/2020 - 18:01:04: [SM]   [0] VFormat
L 12/01/2020 - 18:01:04: [SM]   [1] Line 386, /groups/sourcemod/compiler-1.10/include/halflife.inc::PrintToChatAll
L 12/01/2020 - 18:01:04: [SM]   [2] Line 141, /home/groups/sourcemod/upload_tmp/phpRYtiXm.sp::OnClientAuthorized
L 12/01/2020 - 18:01:22: [SM] Exception reported: Language phrase "Player_Connected_From" not found (arg 3)
L 12/01/2020 - 18:01:22: [SM] Blaming: advadmin.smx
L 12/01/2020 - 18:01:22: [SM] Call stack trace:
L 12/01/2020 - 18:01:22: [SM]   [0] VFormat
L 12/01/2020 - 18:01:22: [SM]   [1] Line 386, /groups/sourcemod/compiler-1.10/include/halflife.inc::PrintToChatAll
L 12/01/2020 - 18:01:22: [SM]   [2] Line 141, /home/groups/sourcemod/upload_tmp/phpRYtiXm.sp::OnClientAuthorized
L 12/01/2020 - 18:02:41: [SM] Exception reported: Language phrase "Player_Connected_From" not found (arg 3)
L 12/01/2020 - 18:02:41: [SM] Blaming: advadmin.smx
L 12/01/2020 - 18:02:41: [SM] Call stack trace:
L 12/01/2020 - 18:02:41: [SM]   [0] VFormat
L 12/01/2020 - 18:02:41: [SM]   [1] Line 386, /groups/sourcemod/compiler-1.10/include/halflife.inc::PrintToChatAll
L 12/01/2020 - 18:02:41: [SM]   [2] Line 141, /home/groups/sourcemod/upload_tmp/phpRYtiXm.sp::OnClientAuthorized
L 12/01/2020 - 18:03:20: [SM] Exception reported: Array index out-of-bounds (index 64, limit 55)
L 12/01/2020 - 18:03:20: [SM] Blaming: weapon_restrict.smx
L 12/01/2020 - 18:03:20: [SM] Call stack trace:
L 12/01/2020 - 18:03:20: [SM]   [1] Line 202, restrictinc/events.sp::CS_OnBuyCommand
L 12/01/2020 - 18:03:33: [SM] Exception reported: Array index out-of-bounds (index 64, limit 55)
L 12/01/2020 - 18:03:33: [SM] Blaming: weapon_restrict.smx
L 12/01/2020 - 18:03:33: [SM] Call stack trace:
L 12/01/2020 - 18:03:33: [SM]   [1] Line 202, restrictinc/events.sp::CS_OnBuyCommand
L 12/01/2020 - 18:04:52: [SM] Exception reported: Array index out-of-bounds (index 64, limit 55)
L 12/01/2020 - 18:04:52: [SM] Blaming: weapon_restrict.smx
L 12/01/2020 - 18:04:52: [SM] Call stack trace:
L 12/01/2020 - 18:04:52: [SM]   [1] Line 202, restrictinc/events.sp::CS_OnBuyCommand
L 12/01/2020 - 18:08:30: [SM] Exception reported: Array index out-of-bounds (index 64, limit 55)
L 12/01/2020 - 18:08:30: [SM] Blaming: weapon_restrict.smx
L 12/01/2020 - 18:08:30: [SM] Call stack trace:
L 12/01/2020 - 18:08:30: [SM]   [1] Line 202, restrictinc/events.sp::CS_OnBuyCommand
L 12/01/2020 - 18:15:58: [SM] Exception reported: Language phrase "Player_Connected_From" not found (arg 3)
L 12/01/2020 - 18:15:58: [SM] Blaming: advadmin.smx
L 12/01/2020 - 18:15:58: [SM] Call stack trace:
L 12/01/2020 - 18:15:58: [SM]   [0] VFormat
L 12/01/2020 - 18:15:58: [SM]   [1] Line 386, /groups/sourcemod/compiler-1.10/include/halflife.inc::PrintToChatAll
L 12/01/2020 - 18:15:58: [SM]   [2] Line 141, /home/groups/sourcemod/upload_tmp/phpRYtiXm.sp::OnClientAuthorized
L 12/01/2020 - 18:16:22: [SM] Exception reported: Array index out-of-bounds (index 64, limit 55)
L 12/01/2020 - 18:16:22: [SM] Blaming: weapon_restrict.smx
L 12/01/2020 - 18:16:22: [SM] Call stack trace:
L 12/01/2020 - 18:16:22: [SM]   [1] Line 202, restrictinc/events.sp::CS_OnBuyCommand
L 12/01/2020 - 18:16:39: [SM] Exception reported: Array index out-of-bounds (index 64, limit 55)
L 12/01/2020 - 18:16:39: [SM] Blaming: weapon_restrict.smx
L 12/01/2020 - 18:16:39: [SM] Call stack trace:
L 12/01/2020 - 18:16:39: [SM]   [1] Line 202, restrictinc/events.sp::CS_OnBuyCommand
L 12/01/2020 - 18:17:39: [SM] Exception reported: Array index out-of-bounds (index 64, limit 55)
L 12/01/2020 - 18:17:39: [SM] Blaming: weapon_restrict.smx
L 12/01/2020 - 18:17:39: [SM] Call stack trace:
L 12/01/2020 - 18:17:39: [SM]   [1] Line 202, restrictinc/events.sp::CS_OnBuyCommand
L 12/01/2020 - 18:18:29: [SM] Exception reported: Array index out-of-bounds (index 64, limit 55)
L 12/01/2020 - 18:18:29: [SM] Blaming: weapon_restrict.smx
L 12/01/2020 - 18:18:29: [SM] Call stack trace:
L 12/01/2020 - 18:18:29: [SM]   [1] Line 202, restrictinc/events.sp::CS_OnBuyCommand
L 12/01/2020 - 18:19:18: [SM] Exception reported: Array index out-of-bounds (index 64, limit 55)
L 12/01/2020 - 18:19:18: [SM] Blaming: weapon_restrict.smx
L 12/01/2020 - 18:19:18: [SM] Call stack trace:
L 12/01/2020 - 18:19:18: [SM]   [1] Line 202, restrictinc/events.sp::CS_OnBuyCommand
L 12/01/2020 - 18:28:15: [SM] Exception reported: Array index out-of-bounds (index 64, limit 55)
L 12/01/2020 - 18:28:15: [SM] Blaming: weapon_restrict.smx
L 12/01/2020 - 18:28:15: [SM] Call stack trace:
L 12/01/2020 - 18:28:15: [SM]   [1] Line 202, restrictinc/events.sp::CS_OnBuyCommand
L 12/01/2020 - 18:29:30: [SM] Exception reported: Array index out-of-bounds (index 64, limit 55)
L 12/01/2020 - 18:29:30: [SM] Blaming: weapon_restrict.smx
L 12/01/2020 - 18:29:30: [SM] Call stack trace:
L 12/01/2020 - 18:29:30: [SM]   [1] Line 202, restrictinc/events.sp::CS_OnBuyCommand
L 12/01/2020 - 18:31:02: [SM] Exception reported: Array index out-of-bounds (index 64, limit 55)
L 12/01/2020 - 18:31:02: [SM] Blaming: weapon_restrict.smx
L 12/01/2020 - 18:31:02: [SM] Call stack trace:
L 12/01/2020 - 18:31:02: [SM]   [1] Line 202, restrictinc/events.sp::CS_OnBuyCommand
L 12/01/2020 - 18:31:50: [SM] Exception reported: Array index out-of-bounds (index 64, limit 55)
L 12/01/2020 - 18:31:50: [SM] Blaming: weapon_restrict.smx
L 12/01/2020 - 18:31:50: [SM] Call stack trace:
L 12/01/2020 - 18:31:50: [SM]   [1] Line 202, restrictinc/events.sp::CS_OnBuyCommand
L 12/01/2020 - 18:33:17: [SM] Exception reported: Array index out-of-bounds (index 64, limit 55)
L 12/01/2020 - 18:33:17: [SM] Blaming: weapon_restrict.smx
L 12/01/2020 - 18:33:17: [SM] Call stack trace:
L 12/01/2020 - 18:33:17: [SM]   [1] Line 202, restrictinc/events.sp::CS_OnBuyCommand
L 12/01/2020 - 20:33:40: Error log file session closed.
L 12/01/2020 - 20:33:40: SourceMod error session started
L 12/01/2020 - 20:33:40: Info (map "de_overpass") (file "/home/tcagame/jackm1/527/csgo/addons/sourcemod/logs/errors_20201201.log")
L 12/01/2020 - 20:33:40: [SM] Fatal error encountered parsing translation file "advadmin.phrases.txt"
L 12/01/2020 - 20:33:40: [SM] Error (line 0, column 0): Stream failed to open
L 12/01/2020 - 20:33:55: [SM] Exception reported: Array index out-of-bounds (index 64, limit 55)
L 12/01/2020 - 20:33:55: [SM] Blaming: weapon_restrict.smx
L 12/01/2020 - 20:33:55: [SM] Call stack trace:
L 12/01/2020 - 20:33:55: [SM]   [1] Line 202, restrictinc/events.sp::CS_OnBuyCommand
L 12/01/2020 - 20:34:57: [SM] Exception reported: Language phrase "Player_Connected_From" not found (arg 3)
L 12/01/2020 - 20:34:57: [SM] Blaming: advadmin.smx
L 12/01/2020 - 20:34:57: [SM] Call stack trace:
L 12/01/2020 - 20:34:57: [SM]   [0] VFormat
L 12/01/2020 - 20:34:57: [SM]   [1] Line 386, /groups/sourcemod/compiler-1.10/include/halflife.inc::PrintToChatAll
L 12/01/2020 - 20:34:57: [SM]   [2] Line 141, /home/groups/sourcemod/upload_tmp/phpRYtiXm.sp::OnClientAuthorized
L 12/01/2020 - 20:35:35: [SM] Exception reported: Array index out-of-bounds (index 64, limit 55)
L 12/01/2020 - 20:35:35: [SM] Blaming: weapon_restrict.smx
L 12/01/2020 - 20:35:35: [SM] Call stack trace:
L 12/01/2020 - 20:35:35: [SM]   [1] Line 202, restrictinc/events.sp::CS_OnBuyCommand
L 12/01/2020 - 20:35:50: [SM] Exception reported: Array index out-of-bounds (index 64, limit 55)
L 12/01/2020 - 20:35:50: [SM] Blaming: weapon_restrict.smx
L 12/01/2020 - 20:35:50: [SM] Call stack trace:
L 12/01/2020 - 20:35:50: [SM]   [1] Line 202, restrictinc/events.sp::CS_OnBuyCommand
L 12/01/2020 - 20:37:28: Error log file session closed.
L 12/01/2020 - 20:37:28: SourceMod error session started
L 12/01/2020 - 20:37:28: Info (map "de_dust2") (file "/home/tcagame/jackm1/527/csgo/addons/sourcemod/logs/errors_20201201.log")
L 12/01/2020 - 20:37:28: [SM] Fatal error encountered parsing translation file "advadmin.phrases.txt"
L 12/01/2020 - 20:37:28: [SM] Error (line 0, column 0): Stream failed to open
L 12/01/2020 - 20:37:51: [SM] Exception reported: Array index out-of-bounds (index 64, limit 55)
L 12/01/2020 - 20:37:51: [SM] Blaming: weapon_restrict.smx
L 12/01/2020 - 20:37:51: [SM] Call stack trace:
L 12/01/2020 - 20:37:51: [SM]   [1] Line 202, restrictinc/events.sp::CS_OnBuyCommand
L 12/01/2020 - 20:38:31: [SM] Exception reported: Array index out-of-bounds (index 64, limit 55)
L 12/01/2020 - 20:38:31: [SM] Blaming: weapon_restrict.smx
L 12/01/2020 - 20:38:31: [SM] Call stack trace:
L 12/01/2020 - 20:38:31: [SM]   [1] Line 202, restrictinc/events.sp::CS_OnBuyCommand
L 12/01/2020 - 20:38:38: [SM] Exception reported: Array index out-of-bounds (index 64, limit 55)
L 12/01/2020 - 20:38:38: [SM] Blaming: weapon_restrict.smx
L 12/01/2020 - 20:38:38: [SM] Call stack trace:
L 12/01/2020 - 20:38:38: [SM]   [1] Line 202, restrictinc/events.sp::CS_OnBuyCommand
L 12/01/2020 - 20:39:11: [SM] Exception reported: Array index out-of-bounds (index 64, limit 55)
L 12/01/2020 - 20:39:11: [SM] Blaming: weapon_restrict.smx
L 12/01/2020 - 20:39:11: [SM] Call stack trace:
L 12/01/2020 - 20:39:11: [SM]   [1] Line 202, restrictinc/events.sp::CS_OnBuyCommand
L 12/01/2020 - 20:39:17: [SM] Exception reported: Array index out-of-bounds (index 64, limit 55)
L 12/01/2020 - 20:39:17: [SM] Blaming: weapon_restrict.smx
L 12/01/2020 - 20:39:17: [SM] Call stack trace:
L 12/01/2020 - 20:39:17: [SM]   [1] Line 202, restrictinc/events.sp::CS_OnBuyCommand
L 12/01/2020 - 20:39:20: [SM] Exception reported: Array index out-of-bounds (index 64, limit 55)
L 12/01/2020 - 20:39:20: [SM] Blaming: weapon_restrict.smx
L 12/01/2020 - 20:39:20: [SM] Call stack trace:
L 12/01/2020 - 20:39:20: [SM]   [1] Line 202, restrictinc/events.sp::CS_OnBuyCommand
L 12/01/2020 - 20:39:28: [SM] Exception reported: Array index out-of-bounds (index 64, limit 55)
L 12/01/2020 - 20:39:28: [SM] Blaming: weapon_restrict.smx
L 12/01/2020 - 20:39:28: [SM] Call stack trace:
L 12/01/2020 - 20:39:28: [SM]   [1] Line 202, restrictinc/events.sp::CS_OnBuyCommand
L 12/01/2020 - 20:39:30: [SM] Exception reported: Array index out-of-bounds (index 64, limit 55)
L 12/01/2020 - 20:39:30: [SM] Blaming: weapon_restrict.smx
L 12/01/2020 - 20:39:30: [SM] Call stack trace:
L 12/01/2020 - 20:39:30: [SM]   [1] Line 202, restrictinc/events.sp::CS_OnBuyCommand
L 12/01/2020 - 20:40:28: [SM] Exception reported: Array index out-of-bounds (index 64, limit 55)
L 12/01/2020 - 20:40:28: [SM] Blaming: weapon_restrict.smx
L 12/01/2020 - 20:40:28: [SM] Call stack trace:
L 12/01/2020 - 20:40:28: [SM]   [1] Line 202, restrictinc/events.sp::CS_OnBuyCommand
L 12/01/2020 - 20:41:03: [SM] Exception reported: Array index out-of-bounds (index 64, limit 55)
L 12/01/2020 - 20:41:03: [SM] Blaming: weapon_restrict.smx
L 12/01/2020 - 20:41:03: [SM] Call stack trace:
L 12/01/2020 - 20:41:03: [SM]   [1] Line 202, restrictinc/events.sp::CS_OnBuyCommand
L 12/01/2020 - 20:41:45: [SM] Exception reported: Array index out-of-bounds (index 64, limit 55)
L 12/01/2020 - 20:41:45: [SM] Blaming: weapon_restrict.smx
L 12/01/2020 - 20:41:45: [SM] Call stack trace:
L 12/01/2020 - 20:41:45: [SM]   [1] Line 202, restrictinc/events.sp::CS_OnBuyCommand
L 12/01/2020 - 20:42:34: [SM] Exception reported: Array index out-of-bounds (index 64, limit 55)
L 12/01/2020 - 20:42:34: [SM] Blaming: weapon_restrict.smx
L 12/01/2020 - 20:42:34: [SM] Call stack trace:
L 12/01/2020 - 20:42:34: [SM]   [1] Line 202, restrictinc/events.sp::CS_OnBuyCommand
L 12/01/2020 - 20:43:47: [SM] Exception reported: Array index out-of-bounds (index 64, limit 55)
L 12/01/2020 - 20:43:47: [SM] Blaming: weapon_restrict.smx
L 12/01/2020 - 20:43:47: [SM] Call stack trace:
L 12/01/2020 - 20:43:47: [SM]   [1] Line 202, restrictinc/events.sp::CS_OnBuyCommand
L 12/01/2020 - 20:44:26: [SM] Exception reported: Array index out-of-bounds (index 64, limit 55)
L 12/01/2020 - 20:44:26: [SM] Blaming: weapon_restrict.smx
L 12/01/2020 - 20:44:26: [SM] Call stack trace:
L 12/01/2020 - 20:44:26: [SM]   [1] Line 202, restrictinc/events.sp::CS_OnBuyCommand
L 12/01/2020 - 20:45:03: [SM] Exception reported: Array index out-of-bounds (index 64, limit 55)
L 12/01/2020 - 20:45:03: [SM] Blaming: weapon_restrict.smx
L 12/01/2020 - 20:45:03: [SM] Call stack trace:
L 12/01/2020 - 20:45:03: [SM]   [1] Line 202, restrictinc/events.sp::CS_OnBuyCommand
L 12/01/2020 - 20:45:15: [SM] Exception reported: Array index out-of-bounds (index 64, limit 55)
L 12/01/2020 - 20:45:15: [SM] Blaming: weapon_restrict.smx
L 12/01/2020 - 20:45:15: [SM] Call stack trace:
L 12/01/2020 - 20:45:15: [SM]   [1] Line 202, restrictinc/events.sp::CS_OnBuyCommand
L 12/01/2020 - 20:45:55: [SM] Exception reported: Array index out-of-bounds (index 64, limit 55)
L 12/01/2020 - 20:45:55: [SM] Blaming: weapon_restrict.smx
L 12/01/2020 - 20:45:55: [SM] Call stack trace:
L 12/01/2020 - 20:45:55: [SM]   [1] Line 202, restrictinc/events.sp::CS_OnBuyCommand
L 12/01/2020 - 20:46:28: [SM] Exception reported: Array index out-of-bounds (index 64, limit 55)
L 12/01/2020 - 20:46:28: [SM] Blaming: weapon_restrict.smx
L 12/01/2020 - 20:46:28: [SM] Call stack trace:
L 12/01/2020 - 20:46:28: [SM]   [1] Line 202, restrictinc/events.sp::CS_OnBuyCommand
L 12/01/2020 - 20:47:05: [SM] Exception reported: Array index out-of-bounds (index 64, limit 55)
L 12/01/2020 - 20:47:05: [SM] Blaming: weapon_restrict.smx
L 12/01/2020 - 20:47:05: [SM] Call stack trace:
L 12/01/2020 - 20:47:05: [SM]   [1] Line 202, restrictinc/events.sp::CS_OnBuyCommand
L 12/01/2020 - 20:47:38: [SM] Exception reported: Array index out-of-bounds (index 64, limit 55)
L 12/01/2020 - 20:47:38: [SM] Blaming: weapon_restrict.smx
L 12/01/2020 - 20:47:38: [SM] Call stack trace:
L 12/01/2020 - 20:47:38: [SM]   [1] Line 202, restrictinc/events.sp::CS_OnBuyCommand
L 12/01/2020 - 20:48:24: [SM] Exception reported: Array index out-of-bounds (index 64, limit 55)
L 12/01/2020 - 20:48:24: [SM] Blaming: weapon_restrict.smx
L 12/01/2020 - 20:48:24: [SM] Call stack trace:
L 12/01/2020 - 20:48:24: [SM]   [1] Line 202, restrictinc/events.sp::CS_OnBuyCommand
L 12/01/2020 - 20:49:01: [SM] Exception reported: Array index out-of-bounds (index 64, limit 55)
L 12/01/2020 - 20:49:01: [SM] Blaming: weapon_restrict.smx
L 12/01/2020 - 20:49:01: [SM] Call stack trace:
L 12/01/2020 - 20:49:01: [SM]   [1] Line 202, restrictinc/events.sp::CS_OnBuyCommand
L 12/01/2020 - 20:49:10: [SM] Exception reported: Array index out-of-bounds (index 64, limit 55)
L 12/01/2020 - 20:49:10: [SM] Blaming: weapon_restrict.smx
L 12/01/2020 - 20:49:10: [SM] Call stack trace:
L 12/01/2020 - 20:49:10: [SM]   [1] Line 202, restrictinc/events.sp::CS_OnBuyCommand
L 12/01/2020 - 20:49:44: [SM] Exception reported: Array index out-of-bounds (index 64, limit 55)
L 12/01/2020 - 20:49:44: [SM] Blaming: weapon_restrict.smx
L 12/01/2020 - 20:49:44: [SM] Call stack trace:
L 12/01/2020 - 20:49:44: [SM]   [1] Line 202, restrictinc/events.sp::CS_OnBuyCommand
L 12/01/2020 - 20:49:46: [SM] Exception reported: Array index out-of-bounds (index 64, limit 55)
L 12/01/2020 - 20:49:46: [SM] Blaming: weapon_restrict.smx
L 12/01/2020 - 20:49:46: [SM] Call stack trace:
L 12/01/2020 - 20:49:46: [SM]   [1] Line 202, restrictinc/events.sp::CS_OnBuyCommand
L 12/01/2020 - 20:50:20: [SM] Exception reported: Array index out-of-bounds (index 64, limit 55)
L 12/01/2020 - 20:50:20: [SM] Blaming: weapon_restrict.smx
L 12/01/2020 - 20:50:20: [SM] Call stack trace:
L 12/01/2020 - 20:50:20: [SM]   [1] Line 202, restrictinc/events.sp::CS_OnBuyCommand
L 12/01/2020 - 20:51:40: [SM] Exception reported: Array index out-of-bounds (index 64, limit 55)
L 12/01/2020 - 20:51:40: [SM] Blaming: weapon_restrict.smx
L 12/01/2020 - 20:51:40: [SM] Call stack trace:
L 12/01/2020 - 20:51:40: [SM]   [1] Line 202, restrictinc/events.sp::CS_OnBuyCommand
L 12/01/2020 - 20:52:18: [SM] Exception reported: Array index out-of-bounds (index 64, limit 55)
L 12/01/2020 - 20:52:18: [SM] Blaming: weapon_restrict.smx
L 12/01/2020 - 20:52:18: [SM] Call stack trace:
L 12/01/2020 - 20:52:18: [SM]   [1] Line 202, restrictinc/events.sp::CS_OnBuyCommand
L 12/01/2020 - 20:53:18: [SM] Exception reported: Array index out-of-bounds (index 64, limit 55)
L 12/01/2020 - 20:53:18: [SM] Blaming: weapon_restrict.smx
L 12/01/2020 - 20:53:18: [SM] Call stack trace:
L 12/01/2020 - 20:53:18: [SM]   [1] Line 202, restrictinc/events.sp::CS_OnBuyCommand
L 12/01/2020 - 20:53:54: [SM] Exception reported: Array index out-of-bounds (index 64, limit 55)
L 12/01/2020 - 20:53:54: [SM] Blaming: weapon_restrict.smx
L 12/01/2020 - 20:53:54: [SM] Call stack trace:
L 12/01/2020 - 20:53:54: [SM]   [1] Line 202, restrictinc/events.sp::CS_OnBuyCommand
L 12/01/2020 - 20:55:14: [SM] Exception reported: Array index out-of-bounds (index 64, limit 55)
L 12/01/2020 - 20:55:14: [SM] Blaming: weapon_restrict.smx
L 12/01/2020 - 20:55:14: [SM] Call stack trace:
L 12/01/2020 - 20:55:14: [SM]   [1] Line 202, restrictinc/events.sp::CS_OnBuyCommand
L 12/01/2020 - 20:55:27: [SM] Exception reported: Array index out-of-bounds (index 64, limit 55)
L 12/01/2020 - 20:55:27: [SM] Blaming: weapon_restrict.smx
L 12/01/2020 - 20:55:27: [SM] Call stack trace:
L 12/01/2020 - 20:55:27: [SM]   [1] Line 202, restrictinc/events.sp::CS_OnBuyCommand
L 12/01/2020 - 20:55:44: [SM] Exception reported: Array index out-of-bounds (index 64, limit 55)
L 12/01/2020 - 20:55:44: [SM] Blaming: weapon_restrict.smx
L 12/01/2020 - 20:55:44: [SM] Call stack trace:
L 12/01/2020 - 20:55:44: [SM]   [1] Line 202, restrictinc/events.sp::CS_OnBuyCommand
L 12/01/2020 - 20:55:45: [SM] Exception reported: Array index out-of-bounds (index 64, limit 55)
L 12/01/2020 - 20:55:45: [SM] Blaming: weapon_restrict.smx
L 12/01/2020 - 20:55:45: [SM] Call stack trace:
L 12/01/2020 - 20:55:45: [SM]   [1] Line 202, restrictinc/events.sp::CS_OnBuyCommand
L 12/01/2020 - 20:55:50: [SM] Exception reported: Array index out-of-bounds (index 64, limit 55)
L 12/01/2020 - 20:55:50: [SM] Blaming: weapon_restrict.smx
L 12/01/2020 - 20:55:50: [SM] Call stack trace:
L 12/01/2020 - 20:55:50: [SM]   [1] Line 202, restrictinc/events.sp::CS_OnBuyCommand
L 12/01/2020 - 20:56:01: Error log file session closed.
L 12/01/2020 - 20:56:01: SourceMod error session started
L 12/01/2020 - 20:56:01: Info (map "de_mirage") (file "/home/tcagame/jackm1/527/csgo/addons/sourcemod/logs/errors_20201201.log")
L 12/01/2020 - 20:56:01: [SM] Fatal error encountered parsing translation file "advadmin.phrases.txt"
L 12/01/2020 - 20:56:01: [SM] Error (line 0, column 0): Stream failed to open
L 12/01/2020 - 20:56:18: [SM] Exception reported: Array index out-of-bounds (index 64, limit 55)
L 12/01/2020 - 20:56:18: [SM] Blaming: weapon_restrict.smx
L 12/01/2020 - 20:56:18: [SM] Call stack trace:
L 12/01/2020 - 20:56:18: [SM]   [1] Line 202, restrictinc/events.sp::CS_OnBuyCommand
L 12/01/2020 - 20:56:44: [SM] Exception reported: Array index out-of-bounds (index 64, limit 55)
L 12/01/2020 - 20:56:44: [SM] Blaming: weapon_restrict.smx
L 12/01/2020 - 20:56:44: [SM] Call stack trace:
L 12/01/2020 - 20:56:44: [SM]   [1] Line 202, restrictinc/events.sp::CS_OnBuyCommand
L 12/01/2020 - 20:57:22: [SM] Exception reported: Array index out-of-bounds (index 64, limit 55)
L 12/01/2020 - 20:57:22: [SM] Blaming: weapon_restrict.smx
L 12/01/2020 - 20:57:22: [SM] Call stack trace:
L 12/01/2020 - 20:57:22: [SM]   [1] Line 202, restrictinc/events.sp::CS_OnBuyCommand
L 12/01/2020 - 20:57:29: [SM] Exception reported: Array index out-of-bounds (index 64, limit 55)
L 12/01/2020 - 20:57:29: [SM] Blaming: weapon_restrict.smx
L 12/01/2020 - 20:57:29: [SM] Call stack trace:
L 12/01/2020 - 20:57:29: [SM]   [1] Line 202, restrictinc/events.sp::CS_OnBuyCommand
L 12/01/2020 - 20:58:07: [SM] Exception reported: Array index out-of-bounds (index 64, limit 55)
L 12/01/2020 - 20:58:07: [SM] Blaming: weapon_restrict.smx
L 12/01/2020 - 20:58:07: [SM] Call stack trace:
L 12/01/2020 - 20:58:07: [SM]   [1] Line 202, restrictinc/events.sp::CS_OnBuyCommand
L 12/01/2020 - 20:58:30: [SM] Exception reported: Array index out-of-bounds (index 64, limit 55)
L 12/01/2020 - 20:58:30: [SM] Blaming: weapon_restrict.smx
L 12/01/2020 - 20:58:30: [SM] Call stack trace:
L 12/01/2020 - 20:58:30: [SM]   [1] Line 202, restrictinc/events.sp::CS_OnBuyCommand
L 12/01/2020 - 20:58:33: [SM] Exception reported: Array index out-of-bounds (index 64, limit 55)
L 12/01/2020 - 20:58:33: [SM] Blaming: weapon_restrict.smx
L 12/01/2020 - 20:58:33: [SM] Call stack trace:
L 12/01/2020 - 20:58:33: [SM]   [1] Line 202, restrictinc/events.sp::CS_OnBuyCommand
L 12/01/2020 - 20:58:41: [SM] Exception reported: Array index out-of-bounds (index 64, limit 55)
L 12/01/2020 - 20:58:41: [SM] Blaming: weapon_restrict.smx
L 12/01/2020 - 20:58:41: [SM] Call stack trace:
L 12/01/2020 - 20:58:41: [SM]   [1] Line 202, restrictinc/events.sp::CS_OnBuyCommand
L 12/01/2020 - 20:58:46: [SM] Exception reported: Array index out-of-bounds (index 64, limit 55)
L 12/01/2020 - 20:58:46: [SM] Blaming: weapon_restrict.smx
L 12/01/2020 - 20:58:46: [SM] Call stack trace:
L 12/01/2020 - 20:58:46: [SM]   [1] Line 202, restrictinc/events.sp::CS_OnBuyCommand
L 12/01/2020 - 20:59:52: [SM] Exception reported: Array index out-of-bounds (index 64, limit 55)
L 12/01/2020 - 20:59:52: [SM] Blaming: weapon_restrict.smx
L 12/01/2020 - 20:59:52: [SM] Call stack trace:
L 12/01/2020 - 20:59:52: [SM]   [1] Line 202, restrictinc/events.sp::CS_OnBuyCommand
L 12/01/2020 - 21:00:43: [SM] Exception reported: Array index out-of-bounds (index 64, limit 55)
L 12/01/2020 - 21:00:43: [SM] Blaming: weapon_restrict.smx
L 12/01/2020 - 21:00:43: [SM] Call stack trace:
L 12/01/2020 - 21:00:43: [SM]   [1] Line 202, restrictinc/events.sp::CS_OnBuyCommand
L 12/01/2020 - 21:01:21: [SM] Exception reported: Array index out-of-bounds (index 64, limit 55)
L 12/01/2020 - 21:01:21: [SM] Blaming: weapon_restrict.smx
L 12/01/2020 - 21:01:21: [SM] Call stack trace:
L 12/01/2020 - 21:01:21: [SM]   [1] Line 202, restrictinc/events.sp::CS_OnBuyCommand
L 12/01/2020 - 21:02:43: [SM] Exception reported: Array index out-of-bounds (index 64, limit 55)
L 12/01/2020 - 21:02:43: [SM] Blaming: weapon_restrict.smx
L 12/01/2020 - 21:02:43: [SM] Call stack trace:
L 12/01/2020 - 21:02:43: [SM]   [1] Line 202, restrictinc/events.sp::CS_OnBuyCommand
L 12/01/2020 - 21:03:28: [SM] Exception reported: Array index out-of-bounds (index 64, limit 55)
L 12/01/2020 - 21:03:28: [SM] Blaming: weapon_restrict.smx
L 12/01/2020 - 21:03:28: [SM] Call stack trace:
L 12/01/2020 - 21:03:28: [SM]   [1] Line 202, restrictinc/events.sp::CS_OnBuyCommand
L 12/01/2020 - 21:09:15: [SM] Exception reported: Array index out-of-bounds (index 64, limit 55)
L 12/01/2020 - 21:09:15: [SM] Blaming: weapon_restrict.smx
L 12/01/2020 - 21:09:15: [SM] Call stack trace:
L 12/01/2020 - 21:09:15: [SM]   [1] Line 202, restrictinc/events.sp::CS_OnBuyCommand
L 12/01/2020 - 21:09:48: [SM] Exception reported: Array index out-of-bounds (index 64, limit 55)
L 12/01/2020 - 21:09:48: [SM] Blaming: weapon_restrict.smx
L 12/01/2020 - 21:09:48: [SM] Call stack trace:
L 12/01/2020 - 21:09:48: [SM]   [1] Line 202, restrictinc/events.sp::CS_OnBuyCommand
L 12/01/2020 - 21:10:59: [SM] Exception reported: Array index out-of-bounds (index 64, limit 55)
L 12/01/2020 - 21:10:59: [SM] Blaming: weapon_restrict.smx
L 12/01/2020 - 21:10:59: [SM] Call stack trace:
L 12/01/2020 - 21:10:59: [SM]   [1] Line 202, restrictinc/events.sp::CS_OnBuyCommand
L 12/01/2020 - 21:11:02: [SM] Exception reported: Array index out-of-bounds (index 64, limit 55)
L 12/01/2020 - 21:11:02: [SM] Blaming: weapon_restrict.smx
L 12/01/2020 - 21:11:02: [SM] Call stack trace:
L 12/01/2020 - 21:11:02: [SM]   [1] Line 202, restrictinc/events.sp::CS_OnBuyCommand
L 12/01/2020 - 21:11:43: [SM] Exception reported: Array index out-of-bounds (index 64, limit 55)
L 12/01/2020 - 21:11:43: [SM] Blaming: weapon_restrict.smx
L 12/01/2020 - 21:11:43: [SM] Call stack trace:
L 12/01/2020 - 21:11:43: [SM]   [1] Line 202, restrictinc/events.sp::CS_OnBuyCommand
L 12/01/2020 - 21:12:15: [SM] Exception reported: Array index out-of-bounds (index 64, limit 55)
L 12/01/2020 - 21:12:15: [SM] Blaming: weapon_restrict.smx
L 12/01/2020 - 21:12:15: [SM] Call stack trace:
L 12/01/2020 - 21:12:15: [SM]   [1] Line 202, restrictinc/events.sp::CS_OnBuyCommand
L 12/01/2020 - 21:13:11: Error log file session closed.
L 12/01/2020 - 21:13:11: SourceMod error session started
L 12/01/2020 - 21:13:11: Info (map "de_inferno") (file "/home/tcagame/jackm1/527/csgo/addons/sourcemod/logs/errors_20201201.log")
L 12/01/2020 - 21:13:11: [SM] Fatal error encountered parsing translation file "advadmin.phrases.txt"
L 12/01/2020 - 21:13:11: [SM] Error (line 0, column 0): Stream failed to open
L 12/01/2020 - 21:13:34: [SM] Exception reported: Array index out-of-bounds (index 64, limit 55)
L 12/01/2020 - 21:13:34: [SM] Blaming: weapon_restrict.smx
L 12/01/2020 - 21:13:34: [SM] Call stack trace:
L 12/01/2020 - 21:13:34: [SM]   [1] Line 202, restrictinc/events.sp::CS_OnBuyCommand
L 12/01/2020 - 21:13:56: [SM] Exception reported: Array index out-of-bounds (index 64, limit 55)
L 12/01/2020 - 21:13:56: [SM] Blaming: weapon_restrict.smx
L 12/01/2020 - 21:13:56: [SM] Call stack trace:
L 12/01/2020 - 21:13:56: [SM]   [1] Line 202, restrictinc/events.sp::CS_OnBuyCommand
L 12/01/2020 - 21:14:08: [SM] Exception reported: Array index out-of-bounds (index 64, limit 55)
L 12/01/2020 - 21:14:08: [SM] Blaming: weapon_restrict.smx
L 12/01/2020 - 21:14:08: [SM] Call stack trace:
L 12/01/2020 - 21:14:08: [SM]   [1] Line 202, restrictinc/events.sp::CS_OnBuyCommand
L 12/01/2020 - 21:14:15: [SM] Exception reported: Array index out-of-bounds (index 64, limit 55)
L 12/01/2020 - 21:14:15: [SM] Blaming: weapon_restrict.smx
L 12/01/2020 - 21:14:15: [SM] Call stack trace:
L 12/01/2020 - 21:14:15: [SM]   [1] Line 202, restrictinc/events.sp::CS_OnBuyCommand
L 12/01/2020 - 21:14:49: [SM] Exception reported: Array index out-of-bounds (index 64, limit 55)
L 12/01/2020 - 21:14:49: [SM] Blaming: weapon_restrict.smx
L 12/01/2020 - 21:14:49: [SM] Call stack trace:
L 12/01/2020 - 21:14:49: [SM]   [1] Line 202, restrictinc/events.sp::CS_OnBuyCommand
L 12/01/2020 - 21:15:08: [SM] Exception reported: Array index out-of-bounds (index 64, limit 55)
L 12/01/2020 - 21:15:08: [SM] Blaming: weapon_restrict.smx
L 12/01/2020 - 21:15:08: [SM] Call stack trace:
L 12/01/2020 - 21:15:08: [SM]   [1] Line 202, restrictinc/events.sp::CS_OnBuyCommand
L 12/01/2020 - 21:15:11: [SM] Exception reported: Array index out-of-bounds (index 64, limit 55)
L 12/01/2020 - 21:15:11: [SM] Blaming: weapon_restrict.smx
L 12/01/2020 - 21:15:11: [SM] Call stack trace:
L 12/01/2020 - 21:15:11: [SM]   [1] Line 202, restrictinc/events.sp::CS_OnBuyCommand
L 12/01/2020 - 21:15:19: [SM] Exception reported: Array index out-of-bounds (index 64, limit 55)
L 12/01/2020 - 21:15:19: [SM] Blaming: weapon_restrict.smx
L 12/01/2020 - 21:15:19: [SM] Call stack trace:
L 12/01/2020 - 21:15:19: [SM]   [1] Line 202, restrictinc/events.sp::CS_OnBuyCommand
L 12/01/2020 - 21:15:32: [SM] Exception reported: Array index out-of-bounds (index 64, limit 55)
L 12/01/2020 - 21:15:32: [SM] Blaming: weapon_restrict.smx
L 12/01/2020 - 21:15:32: [SM] Call stack trace:
L 12/01/2020 - 21:15:32: [SM]   [1] Line 202, restrictinc/events.sp::CS_OnBuyCommand
L 12/01/2020 - 21:16:15: [SM] Exception reported: Array index out-of-bounds (index 64, limit 55)
L 12/01/2020 - 21:16:15: [SM] Blaming: weapon_restrict.smx
L 12/01/2020 - 21:16:15: [SM] Call stack trace:
L 12/01/2020 - 21:16:15: [SM]   [1] Line 202, restrictinc/events.sp::CS_OnBuyCommand
L 12/01/2020 - 21:17:21: [SM] Exception reported: Array index out-of-bounds (index 64, limit 55)
L 12/01/2020 - 21:17:21: [SM] Blaming: weapon_restrict.smx
L 12/01/2020 - 21:17:21: [SM] Call stack trace:
L 12/01/2020 - 21:17:21: [SM]   [1] Line 202, restrictinc/events.sp::CS_OnBuyCommand
L 12/01/2020 - 21:18:17: [SM] Exception reported: Array index out-of-bounds (index 64, limit 55)
L 12/01/2020 - 21:18:17: [SM] Blaming: weapon_restrict.smx
L 12/01/2020 - 21:18:17: [SM] Call stack trace:
L 12/01/2020 - 21:18:17: [SM]   [1] Line 202, restrictinc/events.sp::CS_OnBuyCommand
L 12/01/2020 - 21:19:01: [SM] Exception reported: Array index out-of-bounds (index 64, limit 55)
L 12/01/2020 - 21:19:01: [SM] Blaming: weapon_restrict.smx
L 12/01/2020 - 21:19:01: [SM] Call stack trace:
L 12/01/2020 - 21:19:01: [SM]   [1] Line 202, restrictinc/events.sp::CS_OnBuyCommand
L 12/01/2020 - 21:19:49: [SM] Exception reported: Array index out-of-bounds (index 64, limit 55)
L 12/01/2020 - 21:19:49: [SM] Blaming: weapon_restrict.smx
L 12/01/2020 - 21:19:49: [SM] Call stack trace:
L 12/01/2020 - 21:19:49: [SM]   [1] Line 202, restrictinc/events.sp::CS_OnBuyCommand
L 12/01/2020 - 21:20:20: [SM] Exception reported: Array index out-of-bounds (index 64, limit 55)
L 12/01/2020 - 21:20:20: [SM] Blaming: weapon_restrict.smx
L 12/01/2020 - 21:20:20: [SM] Call stack trace:
L 12/01/2020 - 21:20:20: [SM]   [1] Line 202, restrictinc/events.sp::CS_OnBuyCommand
L 12/01/2020 - 21:20:53: [SM] Exception reported: Array index out-of-bounds (index 64, limit 55)
L 12/01/2020 - 21:20:53: [SM] Blaming: weapon_restrict.smx
L 12/01/2020 - 21:20:53: [SM] Call stack trace:
L 12/01/2020 - 21:20:53: [SM]   [1] Line 202, restrictinc/events.sp::CS_OnBuyCommand
L 12/01/2020 - 21:21:28: [SM] Exception reported: Array index out-of-bounds (index 64, limit 55)
L 12/01/2020 - 21:21:28: [SM] Blaming: weapon_restrict.smx
L 12/01/2020 - 21:21:28: [SM] Call stack trace:
L 12/01/2020 - 21:21:28: [SM]   [1] Line 202, restrictinc/events.sp::CS_OnBuyCommand
L 12/01/2020 - 21:22:18: [SM] Exception reported: Array index out-of-bounds (index 64, limit 55)
L 12/01/2020 - 21:22:18: [SM] Blaming: weapon_restrict.smx
L 12/01/2020 - 21:22:18: [SM] Call stack trace:
L 12/01/2020 - 21:22:18: [SM]   [1] Line 202, restrictinc/events.sp::CS_OnBuyCommand
L 12/01/2020 - 21:22:52: [SM] Exception reported: Array index out-of-bounds (index 64, limit 55)
L 12/01/2020 - 21:22:52: [SM] Blaming: weapon_restrict.smx
L 12/01/2020 - 21:22:52: [SM] Call stack trace:
L 12/01/2020 - 21:22:52: [SM]   [1] Line 202, restrictinc/events.sp::CS_OnBuyCommand
L 12/01/2020 - 21:23:55: [SM] Exception reported: Array index out-of-bounds (index 64, limit 55)
L 12/01/2020 - 21:23:55: [SM] Blaming: weapon_restrict.smx
L 12/01/2020 - 21:23:55: [SM] Call stack trace:
L 12/01/2020 - 21:23:55: [SM]   [1] Line 202, restrictinc/events.sp::CS_OnBuyCommand
L 12/01/2020 - 21:24:44: [SM] Exception reported: Array index out-of-bounds (index 64, limit 55)
L 12/01/2020 - 21:24:44: [SM] Blaming: weapon_restrict.smx
L 12/01/2020 - 21:24:44: [SM] Call stack trace:
L 12/01/2020 - 21:24:44: [SM]   [1] Line 202, restrictinc/events.sp::CS_OnBuyCommand
L 12/01/2020 - 21:25:22: [SM] Exception reported: Array index out-of-bounds (index 64, limit 55)
L 12/01/2020 - 21:25:22: [SM] Blaming: weapon_restrict.smx
L 12/01/2020 - 21:25:22: [SM] Call stack trace:
L 12/01/2020 - 21:25:22: [SM]   [1] Line 202, restrictinc/events.sp::CS_OnBuyCommand
L 12/01/2020 - 21:26:07: [SM] Exception reported: Array index out-of-bounds (index 64, limit 55)
L 12/01/2020 - 21:26:07: [SM] Blaming: weapon_restrict.smx
L 12/01/2020 - 21:26:07: [SM] Call stack trace:
L 12/01/2020 - 21:26:07: [SM]   [1] Line 202, restrictinc/events.sp::CS_OnBuyCommand
L 12/01/2020 - 21:27:24: [SM] Exception reported: Array index out-of-bounds (index 64, limit 55)
L 12/01/2020 - 21:27:24: [SM] Blaming: weapon_restrict.smx
L 12/01/2020 - 21:27:24: [SM] Call stack trace:
L 12/01/2020 - 21:27:24: [SM]   [1] Line 202, restrictinc/events.sp::CS_OnBuyCommand
L 12/01/2020 - 21:27:27: [SM] Exception reported: Array index out-of-bounds (index 64, limit 55)
L 12/01/2020 - 21:27:27: [SM] Blaming: weapon_restrict.smx
L 12/01/2020 - 21:27:27: [SM] Call stack trace:
L 12/01/2020 - 21:27:27: [SM]   [1] Line 202, restrictinc/events.sp::CS_OnBuyCommand
L 12/01/2020 - 21:28:53: [SM] Exception reported: Language phrase "Player_Connected_From" not found (arg 3)
L 12/01/2020 - 21:28:53: [SM] Blaming: advadmin.smx
L 12/01/2020 - 21:28:53: [SM] Call stack trace:
L 12/01/2020 - 21:28:53: [SM]   [0] VFormat
L 12/01/2020 - 21:28:53: [SM]   [1] Line 386, /groups/sourcemod/compiler-1.10/include/halflife.inc::PrintToChatAll
L 12/01/2020 - 21:28:53: [SM]   [2] Line 141, /home/groups/sourcemod/upload_tmp/phpRYtiXm.sp::OnClientAuthorized
L 12/01/2020 - 21:29:32: Error log file session closed.
L 12/01/2020 - 21:29:32: SourceMod error session started
L 12/01/2020 - 21:29:32: Info (map "de_overpass") (file "/home/tcagame/jackm1/527/csgo/addons/sourcemod/logs/errors_20201201.log")
L 12/01/2020 - 21:29:32: [SM] Fatal error encountered parsing translation file "advadmin.phrases.txt"
L 12/01/2020 - 21:29:32: [SM] Error (line 0, column 0): Stream failed to open
L 12/01/2020 - 21:29:52: [SM] Exception reported: Array index out-of-bounds (index 64, limit 55)
L 12/01/2020 - 21:29:52: [SM] Blaming: weapon_restrict.smx
L 12/01/2020 - 21:29:52: [SM] Call stack trace:
L 12/01/2020 - 21:29:52: [SM]   [1] Line 202, restrictinc/events.sp::CS_OnBuyCommand
L 12/01/2020 - 21:31:10: [SM] Exception reported: Array index out-of-bounds (index 64, limit 55)
L 12/01/2020 - 21:31:10: [SM] Blaming: weapon_restrict.smx
L 12/01/2020 - 21:31:10: [SM] Call stack trace:
L 12/01/2020 - 21:31:10: [SM]   [1] Line 202, restrictinc/events.sp::CS_OnBuyCommand
L 12/01/2020 - 21:34:47: [SM] Exception reported: Array index out-of-bounds (index 64, limit 55)
L 12/01/2020 - 21:34:47: [SM] Blaming: weapon_restrict.smx
L 12/01/2020 - 21:34:47: [SM] Call stack trace:
L 12/01/2020 - 21:34:47: [SM]   [1] Line 202, restrictinc/events.sp::CS_OnBuyCommand
L 12/01/2020 - 21:35:36: [SM] Exception reported: Array index out-of-bounds (index 64, limit 55)
L 12/01/2020 - 21:35:36: [SM] Blaming: weapon_restrict.smx
L 12/01/2020 - 21:35:36: [SM] Call stack trace:
L 12/01/2020 - 21:35:36: [SM]   [1] Line 202, restrictinc/events.sp::CS_OnBuyCommand
L 12/01/2020 - 21:36:08: [SM] Exception reported: Array index out-of-bounds (index 64, limit 55)
L 12/01/2020 - 21:36:08: [SM] Blaming: weapon_restrict.smx
L 12/01/2020 - 21:36:08: [SM] Call stack trace:
L 12/01/2020 - 21:36:08: [SM]   [1] Line 202, restrictinc/events.sp::CS_OnBuyCommand
L 12/01/2020 - 21:37:23: [SM] Exception reported: Array index out-of-bounds (index 64, limit 55)
L 12/01/2020 - 21:37:23: [SM] Blaming: weapon_restrict.smx
L 12/01/2020 - 21:37:23: [SM] Call stack trace:
L 12/01/2020 - 21:37:23: [SM]   [1] Line 202, restrictinc/events.sp::CS_OnBuyCommand
L 12/01/2020 - 21:38:42: [SM] Exception reported: Array index out-of-bounds (index 64, limit 55)
L 12/01/2020 - 21:38:42: [SM] Blaming: weapon_restrict.smx
L 12/01/2020 - 21:38:42: [SM] Call stack trace:
L 12/01/2020 - 21:38:42: [SM]   [1] Line 202, restrictinc/events.sp::CS_OnBuyCommand
L 12/01/2020 - 21:39:59: [SM] Exception reported: Array index out-of-bounds (index 64, limit 55)
L 12/01/2020 - 21:39:59: [SM] Blaming: weapon_restrict.smx
L 12/01/2020 - 21:39:59: [SM] Call stack trace:
L 12/01/2020 - 21:39:59: [SM]   [1] Line 202, restrictinc/events.sp::CS_OnBuyCommand
L 12/01/2020 - 21:40:27: [SM] Exception reported: Array index out-of-bounds (index 64, limit 55)
L 12/01/2020 - 21:40:27: [SM] Blaming: weapon_restrict.smx
L 12/01/2020 - 21:40:27: [SM] Call stack trace:
L 12/01/2020 - 21:40:27: [SM]   [1] Line 202, restrictinc/events.sp::CS_OnBuyCommand
L 12/01/2020 - 21:41:25: [SM] Exception reported: Array index out-of-bounds (index 64, limit 55)
L 12/01/2020 - 21:41:25: [SM] Blaming: weapon_restrict.smx
L 12/01/2020 - 21:41:25: [SM] Call stack trace:
L 12/01/2020 - 21:41:25: [SM]   [1] Line 202, restrictinc/events.sp::CS_OnBuyCommand
L 12/01/2020 - 21:41:55: [SM] Exception reported: Array index out-of-bounds (index 64, limit 55)
L 12/01/2020 - 21:41:55: [SM] Blaming: weapon_restrict.smx
L 12/01/2020 - 21:41:55: [SM] Call stack trace:
L 12/01/2020 - 21:41:55: [SM]   [1] Line 202, restrictinc/events.sp::CS_OnBuyCommand
L 12/01/2020 - 21:43:00: [SM] Exception reported: Array index out-of-bounds (index 64, limit 55)
L 12/01/2020 - 21:43:00: [SM] Blaming: weapon_restrict.smx
L 12/01/2020 - 21:43:00: [SM] Call stack trace:
L 12/01/2020 - 21:43:00: [SM]   [1] Line 202, restrictinc/events.sp::CS_OnBuyCommand
L 12/01/2020 - 21:43:03: [SM] Exception reported: Array index out-of-bounds (index 64, limit 55)
L 12/01/2020 - 21:43:03: [SM] Blaming: weapon_restrict.smx
L 12/01/2020 - 21:43:03: [SM] Call stack trace:
L 12/01/2020 - 21:43:03: [SM]   [1] Line 202, restrictinc/events.sp::CS_OnBuyCommand
L 12/01/2020 - 21:45:39: [SM] Exception reported: Language phrase "Player_Connected_From" not found (arg 3)
L 12/01/2020 - 21:45:39: [SM] Blaming: advadmin.smx
L 12/01/2020 - 21:45:39: [SM] Call stack trace:
L 12/01/2020 - 21:45:39: [SM]   [0] VFormat
L 12/01/2020 - 21:45:39: [SM]   [1] Line 386, /groups/sourcemod/compiler-1.10/include/halflife.inc::PrintToChatAll
L 12/01/2020 - 21:45:39: [SM]   [2] Line 141, /home/groups/sourcemod/upload_tmp/phpRYtiXm.sp::OnClientAuthorized
L 12/01/2020 - 21:45:48: [SM] Exception reported: Array index out-of-bounds (index 64, limit 55)
L 12/01/2020 - 21:45:48: [SM] Blaming: weapon_restrict.smx
L 12/01/2020 - 21:45:48: [SM] Call stack trace:
L 12/01/2020 - 21:45:48: [SM]   [1] Line 202, restrictinc/events.sp::CS_OnBuyCommand
L 12/01/2020 - 21:49:36: [SM] Exception reported: Array index out-of-bounds (index 64, limit 55)
L 12/01/2020 - 21:49:36: [SM] Blaming: weapon_restrict.smx
L 12/01/2020 - 21:49:36: [SM] Call stack trace:
L 12/01/2020 - 21:49:36: [SM]   [1] Line 202, restrictinc/events.sp::CS_OnBuyCommand
L 12/01/2020 - 21:50:41: [SM] Exception reported: Array index out-of-bounds (index 64, limit 55)
L 12/01/2020 - 21:50:41: [SM] Blaming: weapon_restrict.smx
L 12/01/2020 - 21:50:41: [SM] Call stack trace:
L 12/01/2020 - 21:50:41: [SM]   [1] Line 202, restrictinc/events.sp::CS_OnBuyCommand
L 12/01/2020 - 21:51:34: [SM] Exception reported: Array index out-of-bounds (index 64, limit 55)
L 12/01/2020 - 21:51:34: [SM] Blaming: weapon_restrict.smx
L 12/01/2020 - 21:51:34: [SM] Call stack trace:
L 12/01/2020 - 21:51:34: [SM]   [1] Line 202, restrictinc/events.sp::CS_OnBuyCommand
L 12/01/2020 - 21:51:44: [SM] Exception reported: Array index out-of-bounds (index 64, limit 55)
L 12/01/2020 - 21:51:44: [SM] Blaming: weapon_restrict.smx
L 12/01/2020 - 21:51:44: [SM] Call stack trace:
L 12/01/2020 - 21:51:44: [SM]   [1] Line 202, restrictinc/events.sp::CS_OnBuyCommand
L 12/01/2020 - 21:51:50: [SM] Exception reported: Array index out-of-bounds (index 64, limit 55)
L 12/01/2020 - 21:51:50: [SM] Blaming: weapon_restrict.smx
L 12/01/2020 - 21:51:50: [SM] Call stack trace:
L 12/01/2020 - 21:51:50: [SM]   [1] Line 202, restrictinc/events.sp::CS_OnBuyCommand
L 12/01/2020 - 21:53:12: [SM] Exception reported: Array index out-of-bounds (index 64, limit 55)
L 12/01/2020 - 21:53:12: [SM] Blaming: weapon_restrict.smx
L 12/01/2020 - 21:53:12: [SM] Call stack trace:
L 12/01/2020 - 21:53:12: [SM]   [1] Line 202, restrictinc/events.sp::CS_OnBuyCommand
L 12/01/2020 - 21:53:13: [SM] Exception reported: Array index out-of-bounds (index 64, limit 55)
L 12/01/2020 - 21:53:13: [SM] Blaming: weapon_restrict.smx
L 12/01/2020 - 21:53:13: [SM] Call stack trace:
L 12/01/2020 - 21:53:13: [SM]   [1] Line 202, restrictinc/events.sp::CS_OnBuyCommand
L 12/01/2020 - 21:53:34: [SM] Exception reported: Array index out-of-bounds (index 64, limit 55)
L 12/01/2020 - 21:53:34: [SM] Blaming: weapon_restrict.smx
L 12/01/2020 - 21:53:34: [SM] Call stack trace:
L 12/01/2020 - 21:53:34: [SM]   [1] Line 202, restrictinc/events.sp::CS_OnBuyCommand
L 12/01/2020 - 21:53:53: [SM] Exception reported: Array index out-of-bounds (index 64, limit 55)
L 12/01/2020 - 21:53:53: [SM] Blaming: weapon_restrict.smx
L 12/01/2020 - 21:53:53: [SM] Call stack trace:
L 12/01/2020 - 21:53:53: [SM]   [1] Line 202, restrictinc/events.sp::CS_OnBuyCommand
L 12/01/2020 - 21:54:48: [SM] Exception reported: Array index out-of-bounds (index 64, limit 55)
L 12/01/2020 - 21:54:48: [SM] Blaming: weapon_restrict.smx
L 12/01/2020 - 21:54:48: [SM] Call stack trace:
L 12/01/2020 - 21:54:48: [SM]   [1] Line 202, restrictinc/events.sp::CS_OnBuyCommand
L 12/01/2020 - 22:07:55: [SM] Exception reported: Array index out-of-bounds (index 64, limit 55)
L 12/01/2020 - 22:07:55: [SM] Blaming: weapon_restrict.smx
L 12/01/2020 - 22:07:55: [SM] Call stack trace:
L 12/01/2020 - 22:07:55: [SM]   [1] Line 202, restrictinc/events.sp::CS_OnBuyCommand
L 12/01/2020 - 22:08:01: [SM] Exception reported: Array index out-of-bounds (index 64, limit 55)
L 12/01/2020 - 22:08:01: [SM] Blaming: weapon_restrict.smx
L 12/01/2020 - 22:08:01: [SM] Call stack trace:
L 12/01/2020 - 22:08:01: [SM]   [1] Line 202, restrictinc/events.sp::CS_OnBuyCommand
L 12/01/2020 - 22:08:59: [SM] Exception reported: Array index out-of-bounds (index 64, limit 55)
L 12/01/2020 - 22:08:59: [SM] Blaming: weapon_restrict.smx
L 12/01/2020 - 22:08:59: [SM] Call stack trace:
L 12/01/2020 - 22:08:59: [SM]   [1] Line 202, restrictinc/events.sp::CS_OnBuyCommand
L 12/01/2020 - 22:11:19: [SM] Exception reported: Array index out-of-bounds (index 64, limit 55)
L 12/01/2020 - 22:11:19: [SM] Blaming: weapon_restrict.smx
L 12/01/2020 - 22:11:19: [SM] Call stack trace:
L 12/01/2020 - 22:11:19: [SM]   [1] Line 202, restrictinc/events.sp::CS_OnBuyCommand
L 12/01/2020 - 22:21:01: [SM] Exception reported: Array index out-of-bounds (index 64, limit 55)
L 12/01/2020 - 22:21:01: [SM] Blaming: weapon_restrict.smx
L 12/01/2020 - 22:21:01: [SM] Call stack trace:
L 12/01/2020 - 22:21:01: [SM]   [1] Line 202, restrictinc/events.sp::CS_OnBuyCommand
L 12/01/2020 - 23:43:06: Error log file session closed.
L 12/01/2020 - 23:43:06: SourceMod error session started
L 12/01/2020 - 23:43:06: Info (map "de_overpass") (file "/home/tcagame/jackm1/527/csgo/addons/sourcemod/logs/errors_20201201.log")
L 12/01/2020 - 23:43:06: [SM] Fatal error encountered parsing translation file "advadmin.phrases.txt"
L 12/01/2020 - 23:43:06: [SM] Error (line 0, column 0): Stream failed to open
L 12/01/2020 - 23:43:37: [SM] Exception reported: Array index out-of-bounds (index 64, limit 55)
L 12/01/2020 - 23:43:37: [SM] Blaming: weapon_restrict.smx
L 12/01/2020 - 23:43:37: [SM] Call stack trace:
L 12/01/2020 - 23:43:37: [SM]   [1] Line 202, restrictinc/events.sp::CS_OnBuyCommand
L 12/01/2020 - 23:43:37: [SM] Exception reported: Array index out-of-bounds (index 64, limit 55)
L 12/01/2020 - 23:43:37: [SM] Blaming: weapon_restrict.smx
L 12/01/2020 - 23:43:37: [SM] Call stack trace:
L 12/01/2020 - 23:43:37: [SM]   [1] Line 202, restrictinc/events.sp::CS_OnBuyCommand
L 12/01/2020 - 23:44:56: [SM] Exception reported: Array index out-of-bounds (index 64, limit 55)
L 12/01/2020 - 23:44:56: [SM] Blaming: weapon_restrict.smx
L 12/01/2020 - 23:44:56: [SM] Call stack trace:
L 12/01/2020 - 23:44:56: [SM]   [1] Line 202, restrictinc/events.sp::CS_OnBuyCommand
L 12/01/2020 - 23:44:56: [SM] Exception reported: Array index out-of-bounds (index 64, limit 55)
L 12/01/2020 - 23:44:56: [SM] Blaming: weapon_restrict.smx
L 12/01/2020 - 23:44:56: [SM] Call stack trace:
L 12/01/2020 - 23:44:56: [SM]   [1] Line 202, restrictinc/events.sp::CS_OnBuyCommand
L 12/02/2020 - 14:34:10: Error log file session closed.
