L 11/22/2020 - 10:49:18: SourceMod error session started
L 11/22/2020 - 10:49:18: Info (map "de_dust2") (file "/home/tcagame/jackm1/527/csgo/addons/sourcemod/logs/errors_20201122.log")
L 11/22/2020 - 10:49:18: [SM] Fatal error encountered parsing translation file "advadmin.phrases.txt"
L 11/22/2020 - 10:49:18: [SM] Error (line 0, column 0): Stream failed to open
L 11/22/2020 - 10:49:53: Error log file session closed.
L 11/22/2020 - 10:49:53: SourceMod error session started
L 11/22/2020 - 10:49:53: Info (map "de_dust2") (file "/home/tcagame/jackm1/527/csgo/addons/sourcemod/logs/errors_20201122.log")
L 11/22/2020 - 10:49:53: [SM] Fatal error encountered parsing translation file "advadmin.phrases.txt"
L 11/22/2020 - 10:49:53: [SM] Error (line 0, column 0): Stream failed to open
L 11/22/2020 - 10:49:58: Error log file session closed.
L 11/22/2020 - 10:49:58: SourceMod error session started
L 11/22/2020 - 10:49:58: Info (map "de_mirage") (file "/home/tcagame/jackm1/527/csgo/addons/sourcemod/logs/errors_20201122.log")
L 11/22/2020 - 10:49:58: [SM] Fatal error encountered parsing translation file "advadmin.phrases.txt"
L 11/22/2020 - 10:49:58: [SM] Error (line 0, column 0): Stream failed to open
L 11/22/2020 - 10:50:50: [SM] Exception reported: Array index out-of-bounds (index 64, limit 55)
L 11/22/2020 - 10:50:50: [SM] Blaming: weapon_restrict.smx
L 11/22/2020 - 10:50:50: [SM] Call stack trace:
L 11/22/2020 - 10:50:50: [SM]   [1] Line 202, restrictinc/events.sp::CS_OnBuyCommand
L 11/22/2020 - 10:52:32: [SM] Exception reported: Language phrase "CMD_Cash" not found (arg 5)
L 11/22/2020 - 10:52:32: [SM] Blaming: advadmin.smx
L 11/22/2020 - 10:52:32: [SM] Call stack trace:
L 11/22/2020 - 10:52:32: [SM]   [0] ShowActivity2
L 11/22/2020 - 10:52:32: [SM]   [1] Line 1427, /home/groups/sourcemod/upload_tmp/phpRYtiXm.sp::CMD_Cash
L 11/22/2020 - 10:52:58: [SM] Exception reported: Language phrase "CMD_Cash" not found (arg 5)
L 11/22/2020 - 10:52:58: [SM] Blaming: advadmin.smx
L 11/22/2020 - 10:52:58: [SM] Call stack trace:
L 11/22/2020 - 10:52:58: [SM]   [0] ShowActivity2
L 11/22/2020 - 10:52:58: [SM]   [1] Line 1427, /home/groups/sourcemod/upload_tmp/phpRYtiXm.sp::CMD_Cash
L 11/22/2020 - 10:54:17: [SM] Exception reported: Array index out-of-bounds (index 64, limit 55)
L 11/22/2020 - 10:54:17: [SM] Blaming: weapon_restrict.smx
L 11/22/2020 - 10:54:17: [SM] Call stack trace:
L 11/22/2020 - 10:54:17: [SM]   [1] Line 202, restrictinc/events.sp::CS_OnBuyCommand
L 11/22/2020 - 10:54:23: [SM] Exception reported: Language phrase "CMD_Cash" not found (arg 5)
L 11/22/2020 - 10:54:23: [SM] Blaming: advadmin.smx
L 11/22/2020 - 10:54:23: [SM] Call stack trace:
L 11/22/2020 - 10:54:23: [SM]   [0] ShowActivity2
L 11/22/2020 - 10:54:23: [SM]   [1] Line 1427, /home/groups/sourcemod/upload_tmp/phpRYtiXm.sp::CMD_Cash
L 11/22/2020 - 10:55:03: [SM] Exception reported: Array index out-of-bounds (index 64, limit 55)
L 11/22/2020 - 10:55:03: [SM] Blaming: weapon_restrict.smx
L 11/22/2020 - 10:55:03: [SM] Call stack trace:
L 11/22/2020 - 10:55:03: [SM]   [1] Line 202, restrictinc/events.sp::CS_OnBuyCommand
L 11/22/2020 - 10:55:26: [SM] Exception reported: Language phrase "CMD_Cash" not found (arg 5)
L 11/22/2020 - 10:55:26: [SM] Blaming: advadmin.smx
L 11/22/2020 - 10:55:26: [SM] Call stack trace:
L 11/22/2020 - 10:55:26: [SM]   [0] ShowActivity2
L 11/22/2020 - 10:55:26: [SM]   [1] Line 1427, /home/groups/sourcemod/upload_tmp/phpRYtiXm.sp::CMD_Cash
L 11/22/2020 - 10:55:31: [SM] Exception reported: Array index out-of-bounds (index 64, limit 55)
L 11/22/2020 - 10:55:31: [SM] Blaming: weapon_restrict.smx
L 11/22/2020 - 10:55:31: [SM] Call stack trace:
L 11/22/2020 - 10:55:31: [SM]   [1] Line 202, restrictinc/events.sp::CS_OnBuyCommand
L 11/22/2020 - 10:56:36: [SM] Exception reported: Language phrase "CMD_Cash" not found (arg 5)
L 11/22/2020 - 10:56:36: [SM] Blaming: advadmin.smx
L 11/22/2020 - 10:56:36: [SM] Call stack trace:
L 11/22/2020 - 10:56:36: [SM]   [0] ShowActivity2
L 11/22/2020 - 10:56:36: [SM]   [1] Line 1427, /home/groups/sourcemod/upload_tmp/phpRYtiXm.sp::CMD_Cash
L 11/22/2020 - 10:57:09: [SM] Exception reported: Language phrase "CMD_Cash" not found (arg 5)
L 11/22/2020 - 10:57:09: [SM] Blaming: advadmin.smx
L 11/22/2020 - 10:57:09: [SM] Call stack trace:
L 11/22/2020 - 10:57:09: [SM]   [0] ShowActivity2
L 11/22/2020 - 10:57:09: [SM]   [1] Line 1427, /home/groups/sourcemod/upload_tmp/phpRYtiXm.sp::CMD_Cash
L 11/22/2020 - 10:57:15: [SM] Exception reported: Array index out-of-bounds (index 64, limit 55)
L 11/22/2020 - 10:57:15: [SM] Blaming: weapon_restrict.smx
L 11/22/2020 - 10:57:15: [SM] Call stack trace:
L 11/22/2020 - 10:57:15: [SM]   [1] Line 202, restrictinc/events.sp::CS_OnBuyCommand
L 11/22/2020 - 10:59:26: [SM] Exception reported: Language phrase "CMD_Cash" not found (arg 5)
L 11/22/2020 - 10:59:26: [SM] Blaming: advadmin.smx
L 11/22/2020 - 10:59:26: [SM] Call stack trace:
L 11/22/2020 - 10:59:26: [SM]   [0] ShowActivity2
L 11/22/2020 - 10:59:26: [SM]   [1] Line 1427, /home/groups/sourcemod/upload_tmp/phpRYtiXm.sp::CMD_Cash
L 11/22/2020 - 10:59:27: [SM] Exception reported: Array index out-of-bounds (index 64, limit 55)
L 11/22/2020 - 10:59:27: [SM] Blaming: weapon_restrict.smx
L 11/22/2020 - 10:59:27: [SM] Call stack trace:
L 11/22/2020 - 10:59:27: [SM]   [1] Line 202, restrictinc/events.sp::CS_OnBuyCommand
L 11/22/2020 - 10:59:29: [SM] Exception reported: Language phrase "CMD_Cash" not found (arg 5)
L 11/22/2020 - 10:59:29: [SM] Blaming: advadmin.smx
L 11/22/2020 - 10:59:29: [SM] Call stack trace:
L 11/22/2020 - 10:59:29: [SM]   [0] ShowActivity2
L 11/22/2020 - 10:59:29: [SM]   [1] Line 1427, /home/groups/sourcemod/upload_tmp/phpRYtiXm.sp::CMD_Cash
L 11/22/2020 - 11:00:36: [SM] Exception reported: Language phrase "CMD_Cash" not found (arg 5)
L 11/22/2020 - 11:00:36: [SM] Blaming: advadmin.smx
L 11/22/2020 - 11:00:36: [SM] Call stack trace:
L 11/22/2020 - 11:00:36: [SM]   [0] ShowActivity2
L 11/22/2020 - 11:00:36: [SM]   [1] Line 1427, /home/groups/sourcemod/upload_tmp/phpRYtiXm.sp::CMD_Cash
L 11/22/2020 - 11:01:59: [SM] Exception reported: Array index out-of-bounds (index 64, limit 55)
L 11/22/2020 - 11:01:59: [SM] Blaming: weapon_restrict.smx
L 11/22/2020 - 11:01:59: [SM] Call stack trace:
L 11/22/2020 - 11:01:59: [SM]   [1] Line 202, restrictinc/events.sp::CS_OnBuyCommand
L 11/22/2020 - 11:02:54: [SM] Exception reported: Array index out-of-bounds (index 64, limit 55)
L 11/22/2020 - 11:02:54: [SM] Blaming: weapon_restrict.smx
L 11/22/2020 - 11:02:54: [SM] Call stack trace:
L 11/22/2020 - 11:02:54: [SM]   [1] Line 202, restrictinc/events.sp::CS_OnBuyCommand
L 11/22/2020 - 11:04:17: [SM] Exception reported: Language phrase "CMD_Cash" not found (arg 5)
L 11/22/2020 - 11:04:17: [SM] Blaming: advadmin.smx
L 11/22/2020 - 11:04:17: [SM] Call stack trace:
L 11/22/2020 - 11:04:17: [SM]   [0] ShowActivity2
L 11/22/2020 - 11:04:17: [SM]   [1] Line 1427, /home/groups/sourcemod/upload_tmp/phpRYtiXm.sp::CMD_Cash
L 11/22/2020 - 11:04:25: [SM] Exception reported: Array index out-of-bounds (index 64, limit 55)
L 11/22/2020 - 11:04:25: [SM] Blaming: weapon_restrict.smx
L 11/22/2020 - 11:04:25: [SM] Call stack trace:
L 11/22/2020 - 11:04:25: [SM]   [1] Line 202, restrictinc/events.sp::CS_OnBuyCommand
L 11/22/2020 - 11:05:03: [SM] Exception reported: Language phrase "CMD_Cash" not found (arg 5)
L 11/22/2020 - 11:05:03: [SM] Blaming: advadmin.smx
L 11/22/2020 - 11:05:03: [SM] Call stack trace:
L 11/22/2020 - 11:05:03: [SM]   [0] ShowActivity2
L 11/22/2020 - 11:05:03: [SM]   [1] Line 1427, /home/groups/sourcemod/upload_tmp/phpRYtiXm.sp::CMD_Cash
L 11/22/2020 - 11:05:05: [SM] Exception reported: Array index out-of-bounds (index 64, limit 55)
L 11/22/2020 - 11:05:05: [SM] Blaming: weapon_restrict.smx
L 11/22/2020 - 11:05:05: [SM] Call stack trace:
L 11/22/2020 - 11:05:05: [SM]   [1] Line 202, restrictinc/events.sp::CS_OnBuyCommand
L 11/22/2020 - 11:06:06: [SM] Exception reported: Language phrase "CMD_Cash" not found (arg 5)
L 11/22/2020 - 11:06:06: [SM] Blaming: advadmin.smx
L 11/22/2020 - 11:06:06: [SM] Call stack trace:
L 11/22/2020 - 11:06:06: [SM]   [0] ShowActivity2
L 11/22/2020 - 11:06:06: [SM]   [1] Line 1427, /home/groups/sourcemod/upload_tmp/phpRYtiXm.sp::CMD_Cash
L 11/22/2020 - 11:06:13: [SM] Exception reported: Array index out-of-bounds (index 64, limit 55)
L 11/22/2020 - 11:06:13: [SM] Blaming: weapon_restrict.smx
L 11/22/2020 - 11:06:13: [SM] Call stack trace:
L 11/22/2020 - 11:06:13: [SM]   [1] Line 202, restrictinc/events.sp::CS_OnBuyCommand
L 11/22/2020 - 11:08:55: [SM] Exception reported: Language phrase "CMD_Cash" not found (arg 5)
L 11/22/2020 - 11:08:55: [SM] Blaming: advadmin.smx
L 11/22/2020 - 11:08:55: [SM] Call stack trace:
L 11/22/2020 - 11:08:55: [SM]   [0] ShowActivity2
L 11/22/2020 - 11:08:55: [SM]   [1] Line 1427, /home/groups/sourcemod/upload_tmp/phpRYtiXm.sp::CMD_Cash
L 11/22/2020 - 11:09:49: [SM] Exception reported: Language phrase "CMD_Cash" not found (arg 5)
L 11/22/2020 - 11:09:49: [SM] Blaming: advadmin.smx
L 11/22/2020 - 11:09:49: [SM] Call stack trace:
L 11/22/2020 - 11:09:49: [SM]   [0] ShowActivity2
L 11/22/2020 - 11:09:49: [SM]   [1] Line 1427, /home/groups/sourcemod/upload_tmp/phpRYtiXm.sp::CMD_Cash
L 11/22/2020 - 11:12:19: [SM] Exception reported: Array index out-of-bounds (index 64, limit 55)
L 11/22/2020 - 11:12:19: [SM] Blaming: weapon_restrict.smx
L 11/22/2020 - 11:12:19: [SM] Call stack trace:
L 11/22/2020 - 11:12:19: [SM]   [1] Line 202, restrictinc/events.sp::CS_OnBuyCommand
L 11/22/2020 - 11:14:39: [SM] Exception reported: Language phrase "CMD_Cash" not found (arg 5)
L 11/22/2020 - 11:14:39: [SM] Blaming: advadmin.smx
L 11/22/2020 - 11:14:39: [SM] Call stack trace:
L 11/22/2020 - 11:14:39: [SM]   [0] ShowActivity2
L 11/22/2020 - 11:14:39: [SM]   [1] Line 1427, /home/groups/sourcemod/upload_tmp/phpRYtiXm.sp::CMD_Cash
L 11/22/2020 - 11:14:46: [SM] Exception reported: Array index out-of-bounds (index 64, limit 55)
L 11/22/2020 - 11:14:46: [SM] Blaming: weapon_restrict.smx
L 11/22/2020 - 11:14:46: [SM] Call stack trace:
L 11/22/2020 - 11:14:46: [SM]   [1] Line 202, restrictinc/events.sp::CS_OnBuyCommand
L 11/22/2020 - 15:54:28: Error log file session closed.
L 11/22/2020 - 15:54:28: SourceMod error session started
L 11/22/2020 - 15:54:28: Info (map "de_mirage") (file "/home/tcagame/jackm1/527/csgo/addons/sourcemod/logs/errors_20201122.log")
L 11/22/2020 - 15:54:28: [SM] Fatal error encountered parsing translation file "advadmin.phrases.txt"
L 11/22/2020 - 15:54:28: [SM] Error (line 0, column 0): Stream failed to open
L 11/22/2020 - 15:55:14: [SM] Exception reported: Array index out-of-bounds (index 64, limit 55)
L 11/22/2020 - 15:55:14: [SM] Blaming: weapon_restrict.smx
L 11/22/2020 - 15:55:14: [SM] Call stack trace:
L 11/22/2020 - 15:55:14: [SM]   [1] Line 202, restrictinc/events.sp::CS_OnBuyCommand
L 11/22/2020 - 16:06:37: [SM] Exception reported: Language phrase "Player_Connected_From" not found (arg 3)
L 11/22/2020 - 16:06:37: [SM] Blaming: advadmin.smx
L 11/22/2020 - 16:06:37: [SM] Call stack trace:
L 11/22/2020 - 16:06:37: [SM]   [0] VFormat
L 11/22/2020 - 16:06:37: [SM]   [1] Line 386, /groups/sourcemod/compiler-1.10/include/halflife.inc::PrintToChatAll
L 11/22/2020 - 16:06:37: [SM]   [2] Line 141, /home/groups/sourcemod/upload_tmp/phpRYtiXm.sp::OnClientAuthorized
L 11/22/2020 - 16:11:07: [SM] Exception reported: Language phrase "Player_Connected_From" not found (arg 3)
L 11/22/2020 - 16:11:07: [SM] Blaming: advadmin.smx
L 11/22/2020 - 16:11:07: [SM] Call stack trace:
L 11/22/2020 - 16:11:07: [SM]   [0] VFormat
L 11/22/2020 - 16:11:07: [SM]   [1] Line 386, /groups/sourcemod/compiler-1.10/include/halflife.inc::PrintToChatAll
L 11/22/2020 - 16:11:07: [SM]   [2] Line 141, /home/groups/sourcemod/upload_tmp/phpRYtiXm.sp::OnClientAuthorized
L 11/22/2020 - 16:18:06: [SM] Exception reported: Array index out-of-bounds (index 64, limit 55)
L 11/22/2020 - 16:18:06: [SM] Blaming: weapon_restrict.smx
L 11/22/2020 - 16:18:06: [SM] Call stack trace:
L 11/22/2020 - 16:18:06: [SM]   [1] Line 202, restrictinc/events.sp::CS_OnBuyCommand
L 11/22/2020 - 16:18:59: Error log file session closed.
L 11/22/2020 - 16:18:59: SourceMod error session started
L 11/22/2020 - 16:18:59: Info (map "cs_office") (file "/home/tcagame/jackm1/527/csgo/addons/sourcemod/logs/errors_20201122.log")
L 11/22/2020 - 16:18:59: [SM] Fatal error encountered parsing translation file "advadmin.phrases.txt"
L 11/22/2020 - 16:18:59: [SM] Error (line 0, column 0): Stream failed to open
L 11/22/2020 - 16:21:14: [SM] Exception reported: Array index out-of-bounds (index 64, limit 55)
L 11/22/2020 - 16:21:14: [SM] Blaming: weapon_restrict.smx
L 11/22/2020 - 16:21:14: [SM] Call stack trace:
L 11/22/2020 - 16:21:14: [SM]   [1] Line 202, restrictinc/events.sp::CS_OnBuyCommand
L 11/22/2020 - 16:22:13: [SM] Exception reported: Array index out-of-bounds (index 64, limit 55)
L 11/22/2020 - 16:22:13: [SM] Blaming: weapon_restrict.smx
L 11/22/2020 - 16:22:13: [SM] Call stack trace:
L 11/22/2020 - 16:22:13: [SM]   [1] Line 202, restrictinc/events.sp::CS_OnBuyCommand
L 11/22/2020 - 16:23:16: [SM] Exception reported: Array index out-of-bounds (index 64, limit 55)
L 11/22/2020 - 16:23:16: [SM] Blaming: weapon_restrict.smx
L 11/22/2020 - 16:23:16: [SM] Call stack trace:
L 11/22/2020 - 16:23:16: [SM]   [1] Line 202, restrictinc/events.sp::CS_OnBuyCommand
L 11/22/2020 - 16:23:47: [SM] Exception reported: Array index out-of-bounds (index 64, limit 55)
L 11/22/2020 - 16:23:47: [SM] Blaming: weapon_restrict.smx
L 11/22/2020 - 16:23:47: [SM] Call stack trace:
L 11/22/2020 - 16:23:47: [SM]   [1] Line 202, restrictinc/events.sp::CS_OnBuyCommand
L 11/22/2020 - 16:24:36: [SM] Exception reported: Array index out-of-bounds (index 64, limit 55)
L 11/22/2020 - 16:24:36: [SM] Blaming: weapon_restrict.smx
L 11/22/2020 - 16:24:36: [SM] Call stack trace:
L 11/22/2020 - 16:24:36: [SM]   [1] Line 202, restrictinc/events.sp::CS_OnBuyCommand
L 11/22/2020 - 16:24:44: Error log file session closed.
L 11/22/2020 - 16:24:44: SourceMod error session started
L 11/22/2020 - 16:24:44: Info (map "de_overpass") (file "/home/tcagame/jackm1/527/csgo/addons/sourcemod/logs/errors_20201122.log")
L 11/22/2020 - 16:24:44: [SM] Fatal error encountered parsing translation file "advadmin.phrases.txt"
L 11/22/2020 - 16:24:44: [SM] Error (line 0, column 0): Stream failed to open
L 11/22/2020 - 16:25:10: [SM] Exception reported: Array index out-of-bounds (index 64, limit 55)
L 11/22/2020 - 16:25:10: [SM] Blaming: weapon_restrict.smx
L 11/22/2020 - 16:25:10: [SM] Call stack trace:
L 11/22/2020 - 16:25:10: [SM]   [1] Line 202, restrictinc/events.sp::CS_OnBuyCommand
L 11/22/2020 - 16:25:37: [SM] Exception reported: Array index out-of-bounds (index 64, limit 55)
L 11/22/2020 - 16:25:37: [SM] Blaming: weapon_restrict.smx
L 11/22/2020 - 16:25:37: [SM] Call stack trace:
L 11/22/2020 - 16:25:37: [SM]   [1] Line 202, restrictinc/events.sp::CS_OnBuyCommand
L 11/22/2020 - 16:25:59: [SM] Exception reported: Array index out-of-bounds (index 64, limit 55)
L 11/22/2020 - 16:25:59: [SM] Blaming: weapon_restrict.smx
L 11/22/2020 - 16:25:59: [SM] Call stack trace:
L 11/22/2020 - 16:25:59: [SM]   [1] Line 202, restrictinc/events.sp::CS_OnBuyCommand
L 11/22/2020 - 16:28:30: [SM] Exception reported: Array index out-of-bounds (index 64, limit 55)
L 11/22/2020 - 16:28:30: [SM] Blaming: weapon_restrict.smx
L 11/22/2020 - 16:28:30: [SM] Call stack trace:
L 11/22/2020 - 16:28:30: [SM]   [1] Line 202, restrictinc/events.sp::CS_OnBuyCommand
L 11/22/2020 - 16:30:17: [SM] Exception reported: Language phrase "Player_Connected_From" not found (arg 3)
L 11/22/2020 - 16:30:17: [SM] Blaming: advadmin.smx
L 11/22/2020 - 16:30:17: [SM] Call stack trace:
L 11/22/2020 - 16:30:17: [SM]   [0] VFormat
L 11/22/2020 - 16:30:17: [SM]   [1] Line 386, /groups/sourcemod/compiler-1.10/include/halflife.inc::PrintToChatAll
L 11/22/2020 - 16:30:17: [SM]   [2] Line 141, /home/groups/sourcemod/upload_tmp/phpRYtiXm.sp::OnClientAuthorized
L 11/22/2020 - 16:33:07: [SM] Exception reported: Array index out-of-bounds (index 64, limit 55)
L 11/22/2020 - 16:33:07: [SM] Blaming: weapon_restrict.smx
L 11/22/2020 - 16:33:07: [SM] Call stack trace:
L 11/22/2020 - 16:33:07: [SM]   [1] Line 202, restrictinc/events.sp::CS_OnBuyCommand
L 11/22/2020 - 16:33:53: [SM] Exception reported: Array index out-of-bounds (index 64, limit 55)
L 11/22/2020 - 16:33:53: [SM] Blaming: weapon_restrict.smx
L 11/22/2020 - 16:33:53: [SM] Call stack trace:
L 11/22/2020 - 16:33:53: [SM]   [1] Line 202, restrictinc/events.sp::CS_OnBuyCommand
L 11/22/2020 - 16:39:11: [SM] Exception reported: Array index out-of-bounds (index 64, limit 55)
L 11/22/2020 - 16:39:11: [SM] Blaming: weapon_restrict.smx
L 11/22/2020 - 16:39:11: [SM] Call stack trace:
L 11/22/2020 - 16:39:11: [SM]   [1] Line 202, restrictinc/events.sp::CS_OnBuyCommand
L 11/22/2020 - 16:40:42: [SM] Exception reported: Array index out-of-bounds (index 64, limit 55)
L 11/22/2020 - 16:40:42: [SM] Blaming: weapon_restrict.smx
L 11/22/2020 - 16:40:42: [SM] Call stack trace:
L 11/22/2020 - 16:40:42: [SM]   [1] Line 202, restrictinc/events.sp::CS_OnBuyCommand
L 11/22/2020 - 16:42:47: [SM] Exception reported: Array index out-of-bounds (index 64, limit 55)
L 11/22/2020 - 16:42:47: [SM] Blaming: weapon_restrict.smx
L 11/22/2020 - 16:42:47: [SM] Call stack trace:
L 11/22/2020 - 16:42:47: [SM]   [1] Line 202, restrictinc/events.sp::CS_OnBuyCommand
L 11/22/2020 - 16:44:50: [SM] Exception reported: Array index out-of-bounds (index 64, limit 55)
L 11/22/2020 - 16:44:50: [SM] Blaming: weapon_restrict.smx
L 11/22/2020 - 16:44:50: [SM] Call stack trace:
L 11/22/2020 - 16:44:50: [SM]   [1] Line 202, restrictinc/events.sp::CS_OnBuyCommand
L 11/22/2020 - 16:46:50: [SM] Exception reported: Array index out-of-bounds (index 64, limit 55)
L 11/22/2020 - 16:46:50: [SM] Blaming: weapon_restrict.smx
L 11/22/2020 - 16:46:50: [SM] Call stack trace:
L 11/22/2020 - 16:46:50: [SM]   [1] Line 202, restrictinc/events.sp::CS_OnBuyCommand
L 11/22/2020 - 16:46:51: [SM] Exception reported: Array index out-of-bounds (index 64, limit 55)
L 11/22/2020 - 16:46:51: [SM] Blaming: weapon_restrict.smx
L 11/22/2020 - 16:46:51: [SM] Call stack trace:
L 11/22/2020 - 16:46:51: [SM]   [1] Line 202, restrictinc/events.sp::CS_OnBuyCommand
L 11/22/2020 - 16:47:25: [SM] Exception reported: Array index out-of-bounds (index 64, limit 55)
L 11/22/2020 - 16:47:25: [SM] Blaming: weapon_restrict.smx
L 11/22/2020 - 16:47:25: [SM] Call stack trace:
L 11/22/2020 - 16:47:25: [SM]   [1] Line 202, restrictinc/events.sp::CS_OnBuyCommand
L 11/22/2020 - 16:47:59: [SM] Exception reported: Array index out-of-bounds (index 64, limit 55)
L 11/22/2020 - 16:47:59: [SM] Blaming: weapon_restrict.smx
L 11/22/2020 - 16:47:59: [SM] Call stack trace:
L 11/22/2020 - 16:47:59: [SM]   [1] Line 202, restrictinc/events.sp::CS_OnBuyCommand
L 11/22/2020 - 16:56:48: [SM] Exception reported: Language phrase "Player_Connected_From" not found (arg 3)
L 11/22/2020 - 16:56:48: [SM] Blaming: advadmin.smx
L 11/22/2020 - 16:56:48: [SM] Call stack trace:
L 11/22/2020 - 16:56:48: [SM]   [0] VFormat
L 11/22/2020 - 16:56:48: [SM]   [1] Line 386, /groups/sourcemod/compiler-1.10/include/halflife.inc::PrintToChatAll
L 11/22/2020 - 16:56:48: [SM]   [2] Line 141, /home/groups/sourcemod/upload_tmp/phpRYtiXm.sp::OnClientAuthorized
L 11/22/2020 - 18:10:28: Error log file session closed.
L 11/22/2020 - 18:10:28: SourceMod error session started
L 11/22/2020 - 18:10:28: Info (map "de_overpass") (file "/home/tcagame/jackm1/527/csgo/addons/sourcemod/logs/errors_20201122.log")
L 11/22/2020 - 18:10:28: [SM] Fatal error encountered parsing translation file "advadmin.phrases.txt"
L 11/22/2020 - 18:10:28: [SM] Error (line 0, column 0): Stream failed to open
L 11/22/2020 - 18:11:46: [SM] Exception reported: Language phrase "Player_Connected_From" not found (arg 3)
L 11/22/2020 - 18:11:46: [SM] Blaming: advadmin.smx
L 11/22/2020 - 18:11:46: [SM] Call stack trace:
L 11/22/2020 - 18:11:46: [SM]   [0] VFormat
L 11/22/2020 - 18:11:46: [SM]   [1] Line 386, /groups/sourcemod/compiler-1.10/include/halflife.inc::PrintToChatAll
L 11/22/2020 - 18:11:46: [SM]   [2] Line 141, /home/groups/sourcemod/upload_tmp/phpRYtiXm.sp::OnClientAuthorized
L 11/22/2020 - 18:17:47: [SM] Exception reported: Array index out-of-bounds (index 64, limit 55)
L 11/22/2020 - 18:17:47: [SM] Blaming: weapon_restrict.smx
L 11/22/2020 - 18:17:47: [SM] Call stack trace:
L 11/22/2020 - 18:17:47: [SM]   [1] Line 202, restrictinc/events.sp::CS_OnBuyCommand
L 11/22/2020 - 18:18:27: [SM] Exception reported: Array index out-of-bounds (index 64, limit 55)
L 11/22/2020 - 18:18:27: [SM] Blaming: weapon_restrict.smx
L 11/22/2020 - 18:18:27: [SM] Call stack trace:
L 11/22/2020 - 18:18:27: [SM]   [1] Line 202, restrictinc/events.sp::CS_OnBuyCommand
L 11/22/2020 - 18:18:58: [SM] Exception reported: Array index out-of-bounds (index 64, limit 55)
L 11/22/2020 - 18:18:58: [SM] Blaming: weapon_restrict.smx
L 11/22/2020 - 18:18:58: [SM] Call stack trace:
L 11/22/2020 - 18:18:58: [SM]   [1] Line 202, restrictinc/events.sp::CS_OnBuyCommand
L 11/22/2020 - 18:20:30: [SM] Exception reported: Array index out-of-bounds (index 64, limit 55)
L 11/22/2020 - 18:20:30: [SM] Blaming: weapon_restrict.smx
L 11/22/2020 - 18:20:30: [SM] Call stack trace:
L 11/22/2020 - 18:20:30: [SM]   [1] Line 202, restrictinc/events.sp::CS_OnBuyCommand
L 11/22/2020 - 18:22:16: [SM] Exception reported: Array index out-of-bounds (index 64, limit 55)
L 11/22/2020 - 18:22:16: [SM] Blaming: weapon_restrict.smx
L 11/22/2020 - 18:22:16: [SM] Call stack trace:
L 11/22/2020 - 18:22:16: [SM]   [1] Line 202, restrictinc/events.sp::CS_OnBuyCommand
L 11/22/2020 - 18:28:12: [SM] Exception reported: Array index out-of-bounds (index 64, limit 55)
L 11/22/2020 - 18:28:12: [SM] Blaming: weapon_restrict.smx
L 11/22/2020 - 18:28:12: [SM] Call stack trace:
L 11/22/2020 - 18:28:12: [SM]   [1] Line 202, restrictinc/events.sp::CS_OnBuyCommand
L 11/22/2020 - 18:29:09: [SM] Exception reported: Array index out-of-bounds (index 64, limit 55)
L 11/22/2020 - 18:29:09: [SM] Blaming: weapon_restrict.smx
L 11/22/2020 - 18:29:09: [SM] Call stack trace:
L 11/22/2020 - 18:29:09: [SM]   [1] Line 202, restrictinc/events.sp::CS_OnBuyCommand
L 11/22/2020 - 18:33:59: [SM] Exception reported: Array index out-of-bounds (index 64, limit 55)
L 11/22/2020 - 18:33:59: [SM] Blaming: weapon_restrict.smx
L 11/22/2020 - 18:33:59: [SM] Call stack trace:
L 11/22/2020 - 18:33:59: [SM]   [1] Line 202, restrictinc/events.sp::CS_OnBuyCommand
L 11/22/2020 - 18:34:31: [SM] Exception reported: Array index out-of-bounds (index 64, limit 55)
L 11/22/2020 - 18:34:31: [SM] Blaming: weapon_restrict.smx
L 11/22/2020 - 18:34:31: [SM] Call stack trace:
L 11/22/2020 - 18:34:31: [SM]   [1] Line 202, restrictinc/events.sp::CS_OnBuyCommand
L 11/22/2020 - 18:35:26: [SM] Exception reported: Array index out-of-bounds (index 64, limit 55)
L 11/22/2020 - 18:35:26: [SM] Blaming: weapon_restrict.smx
L 11/22/2020 - 18:35:26: [SM] Call stack trace:
L 11/22/2020 - 18:35:26: [SM]   [1] Line 202, restrictinc/events.sp::CS_OnBuyCommand
L 11/22/2020 - 18:38:33: [SM] Exception reported: Array index out-of-bounds (index 64, limit 55)
L 11/22/2020 - 18:38:33: [SM] Blaming: weapon_restrict.smx
L 11/22/2020 - 18:38:33: [SM] Call stack trace:
L 11/22/2020 - 18:38:33: [SM]   [1] Line 202, restrictinc/events.sp::CS_OnBuyCommand
L 11/22/2020 - 20:54:15: Error log file session closed.
L 11/22/2020 - 20:54:15: SourceMod error session started
L 11/22/2020 - 20:54:15: Info (map "de_overpass") (file "/home/tcagame/jackm1/527/csgo/addons/sourcemod/logs/errors_20201122.log")
L 11/22/2020 - 20:54:15: [SM] Fatal error encountered parsing translation file "advadmin.phrases.txt"
L 11/22/2020 - 20:54:15: [SM] Error (line 0, column 0): Stream failed to open
L 11/22/2020 - 20:54:31: [SM] Exception reported: Array index out-of-bounds (index 64, limit 55)
L 11/22/2020 - 20:54:31: [SM] Blaming: weapon_restrict.smx
L 11/22/2020 - 20:54:31: [SM] Call stack trace:
L 11/22/2020 - 20:54:31: [SM]   [1] Line 202, restrictinc/events.sp::CS_OnBuyCommand
L 11/22/2020 - 20:55:30: [SM] Exception reported: Language phrase "Player_Connected_From" not found (arg 3)
L 11/22/2020 - 20:55:30: [SM] Blaming: advadmin.smx
L 11/22/2020 - 20:55:30: [SM] Call stack trace:
L 11/22/2020 - 20:55:30: [SM]   [0] VFormat
L 11/22/2020 - 20:55:30: [SM]   [1] Line 386, /groups/sourcemod/compiler-1.10/include/halflife.inc::PrintToChatAll
L 11/22/2020 - 20:55:30: [SM]   [2] Line 141, /home/groups/sourcemod/upload_tmp/phpRYtiXm.sp::OnClientAuthorized
L 11/22/2020 - 20:56:00: [SM] Exception reported: Array index out-of-bounds (index 64, limit 55)
L 11/22/2020 - 20:56:00: [SM] Blaming: weapon_restrict.smx
L 11/22/2020 - 20:56:00: [SM] Call stack trace:
L 11/22/2020 - 20:56:00: [SM]   [1] Line 202, restrictinc/events.sp::CS_OnBuyCommand
L 11/22/2020 - 20:56:59: [SM] Exception reported: Array index out-of-bounds (index 64, limit 55)
L 11/22/2020 - 20:56:59: [SM] Blaming: weapon_restrict.smx
L 11/22/2020 - 20:56:59: [SM] Call stack trace:
L 11/22/2020 - 20:56:59: [SM]   [1] Line 202, restrictinc/events.sp::CS_OnBuyCommand
L 11/22/2020 - 20:57:48: [SM] Exception reported: Array index out-of-bounds (index 64, limit 55)
L 11/22/2020 - 20:57:48: [SM] Blaming: weapon_restrict.smx
L 11/22/2020 - 20:57:48: [SM] Call stack trace:
L 11/22/2020 - 20:57:48: [SM]   [1] Line 202, restrictinc/events.sp::CS_OnBuyCommand
L 11/22/2020 - 20:59:54: [SM] Exception reported: Array index out-of-bounds (index 63, limit 55)
L 11/22/2020 - 20:59:54: [SM] Blaming: weapon_restrict.smx
L 11/22/2020 - 20:59:54: [SM] Call stack trace:
L 11/22/2020 - 20:59:54: [SM]   [1] Line 202, restrictinc/events.sp::CS_OnBuyCommand
L 11/22/2020 - 21:04:40: [SM] Exception reported: Array index out-of-bounds (index 64, limit 55)
L 11/22/2020 - 21:04:40: [SM] Blaming: weapon_restrict.smx
L 11/22/2020 - 21:04:40: [SM] Call stack trace:
L 11/22/2020 - 21:04:40: [SM]   [1] Line 202, restrictinc/events.sp::CS_OnBuyCommand
L 11/22/2020 - 21:08:29: [SM] Exception reported: Array index out-of-bounds (index 64, limit 55)
L 11/22/2020 - 21:08:29: [SM] Blaming: weapon_restrict.smx
L 11/22/2020 - 21:08:29: [SM] Call stack trace:
L 11/22/2020 - 21:08:29: [SM]   [1] Line 202, restrictinc/events.sp::CS_OnBuyCommand
L 11/22/2020 - 22:16:05: Error log file session closed.
L 11/22/2020 - 22:16:05: SourceMod error session started
L 11/22/2020 - 22:16:05: Info (map "de_overpass") (file "/home/tcagame/jackm1/527/csgo/addons/sourcemod/logs/errors_20201122.log")
L 11/22/2020 - 22:16:05: [SM] Fatal error encountered parsing translation file "advadmin.phrases.txt"
L 11/22/2020 - 22:16:05: [SM] Error (line 0, column 0): Stream failed to open
L 11/22/2020 - 22:16:32: Error log file session closed.
L 11/22/2020 - 22:16:32: SourceMod error session started
L 11/22/2020 - 22:16:32: Info (map "de_overpass") (file "/home/tcagame/jackm1/527/csgo/addons/sourcemod/logs/errors_20201122.log")
L 11/22/2020 - 22:16:32: [SM] Fatal error encountered parsing translation file "advadmin.phrases.txt"
L 11/22/2020 - 22:16:32: [SM] Error (line 0, column 0): Stream failed to open
L 11/22/2020 - 22:17:19: [SM] Exception reported: Language phrase "Player_Connected_From" not found (arg 3)
L 11/22/2020 - 22:17:19: [SM] Blaming: advadmin.smx
L 11/22/2020 - 22:17:19: [SM] Call stack trace:
L 11/22/2020 - 22:17:19: [SM]   [0] VFormat
L 11/22/2020 - 22:17:19: [SM]   [1] Line 386, /groups/sourcemod/compiler-1.10/include/halflife.inc::PrintToChatAll
L 11/22/2020 - 22:17:19: [SM]   [2] Line 141, /home/groups/sourcemod/upload_tmp/phpRYtiXm.sp::OnClientAuthorized
L 11/22/2020 - 22:17:56: Error log file session closed.
L 11/22/2020 - 22:17:56: SourceMod error session started
L 11/22/2020 - 22:17:56: Info (map "de_dust2") (file "/home/tcagame/jackm1/527/csgo/addons/sourcemod/logs/errors_20201122.log")
L 11/22/2020 - 22:17:56: [SM] Fatal error encountered parsing translation file "advadmin.phrases.txt"
L 11/22/2020 - 22:17:56: [SM] Error (line 0, column 0): Stream failed to open
L 11/22/2020 - 22:18:29: Error log file session closed.
L 11/22/2020 - 22:18:29: SourceMod error session started
L 11/22/2020 - 22:18:29: Info (map "de_train") (file "/home/tcagame/jackm1/527/csgo/addons/sourcemod/logs/errors_20201122.log")
L 11/22/2020 - 22:18:29: [SM] Fatal error encountered parsing translation file "advadmin.phrases.txt"
L 11/22/2020 - 22:18:29: [SM] Error (line 0, column 0): Stream failed to open
L 11/22/2020 - 22:19:04: Error log file session closed.
L 11/22/2020 - 22:19:04: SourceMod error session started
L 11/22/2020 - 22:19:04: Info (map "de_inferno") (file "/home/tcagame/jackm1/527/csgo/addons/sourcemod/logs/errors_20201122.log")
L 11/22/2020 - 22:19:04: [SM] Fatal error encountered parsing translation file "advadmin.phrases.txt"
L 11/22/2020 - 22:19:04: [SM] Error (line 0, column 0): Stream failed to open
L 11/22/2020 - 22:22:18: Error log file session closed.
L 11/22/2020 - 22:22:18: SourceMod error session started
L 11/22/2020 - 22:22:18: Info (map "de_mirage") (file "/home/tcagame/jackm1/527/csgo/addons/sourcemod/logs/errors_20201122.log")
L 11/22/2020 - 22:22:18: [SM] Fatal error encountered parsing translation file "advadmin.phrases.txt"
L 11/22/2020 - 22:22:18: [SM] Error (line 0, column 0): Stream failed to open
L 11/22/2020 - 22:46:57: Error log file session closed.
L 11/22/2020 - 22:46:57: SourceMod error session started
L 11/22/2020 - 22:46:57: Info (map "de_overpass") (file "/home/tcagame/jackm1/527/csgo/addons/sourcemod/logs/errors_20201122.log")
L 11/22/2020 - 22:46:57: [SM] Fatal error encountered parsing translation file "advadmin.phrases.txt"
L 11/22/2020 - 22:46:57: [SM] Error (line 0, column 0): Stream failed to open
L 11/22/2020 - 22:50:57: [SM] Exception reported: Array index out-of-bounds (index 64, limit 55)
L 11/22/2020 - 22:50:57: [SM] Blaming: weapon_restrict.smx
L 11/22/2020 - 22:50:57: [SM] Call stack trace:
L 11/22/2020 - 22:50:57: [SM]   [1] Line 202, restrictinc/events.sp::CS_OnBuyCommand
L 11/22/2020 - 23:00:56: [SM] Exception reported: Array index out-of-bounds (index 64, limit 55)
L 11/22/2020 - 23:00:56: [SM] Blaming: weapon_restrict.smx
L 11/22/2020 - 23:00:56: [SM] Call stack trace:
L 11/22/2020 - 23:00:56: [SM]   [1] Line 202, restrictinc/events.sp::CS_OnBuyCommand
L 11/22/2020 - 23:02:53: [SM] Exception reported: Array index out-of-bounds (index 64, limit 55)
L 11/22/2020 - 23:02:53: [SM] Blaming: weapon_restrict.smx
L 11/22/2020 - 23:02:53: [SM] Call stack trace:
L 11/22/2020 - 23:02:53: [SM]   [1] Line 202, restrictinc/events.sp::CS_OnBuyCommand
L 11/22/2020 - 23:25:56: Error log file session closed.
L 11/22/2020 - 23:25:56: SourceMod error session started
L 11/22/2020 - 23:25:56: Info (map "de_overpass") (file "/home/tcagame/jackm1/527/csgo/addons/sourcemod/logs/errors_20201122.log")
L 11/22/2020 - 23:25:56: [SM] Fatal error encountered parsing translation file "advadmin.phrases.txt"
L 11/22/2020 - 23:25:56: [SM] Error (line 0, column 0): Stream failed to open
L 11/22/2020 - 23:27:09: Error log file session closed.
L 11/22/2020 - 23:27:09: SourceMod error session started
L 11/22/2020 - 23:27:09: Info (map "de_mirage") (file "/home/tcagame/jackm1/527/csgo/addons/sourcemod/logs/errors_20201122.log")
L 11/22/2020 - 23:27:09: [SM] Fatal error encountered parsing translation file "advadmin.phrases.txt"
L 11/22/2020 - 23:27:09: [SM] Error (line 0, column 0): Stream failed to open
L 11/22/2020 - 23:28:17: [SM] Exception reported: Language phrase "Player_Connected_From" not found (arg 3)
L 11/22/2020 - 23:28:17: [SM] Blaming: advadmin.smx
L 11/22/2020 - 23:28:17: [SM] Call stack trace:
L 11/22/2020 - 23:28:17: [SM]   [0] VFormat
L 11/22/2020 - 23:28:17: [SM]   [1] Line 386, /groups/sourcemod/compiler-1.10/include/halflife.inc::PrintToChatAll
L 11/22/2020 - 23:28:17: [SM]   [2] Line 141, /home/groups/sourcemod/upload_tmp/phpRYtiXm.sp::OnClientAuthorized
L 11/22/2020 - 23:28:31: [SM] Exception reported: Array index out-of-bounds (index 64, limit 55)
L 11/22/2020 - 23:28:31: [SM] Blaming: weapon_restrict.smx
L 11/22/2020 - 23:28:31: [SM] Call stack trace:
L 11/22/2020 - 23:28:31: [SM]   [1] Line 202, restrictinc/events.sp::CS_OnBuyCommand
L 11/22/2020 - 23:29:31: [SM] Exception reported: Language phrase "CMD_Cash" not found (arg 5)
L 11/22/2020 - 23:29:31: [SM] Blaming: advadmin.smx
L 11/22/2020 - 23:29:31: [SM] Call stack trace:
L 11/22/2020 - 23:29:31: [SM]   [0] ShowActivity2
L 11/22/2020 - 23:29:31: [SM]   [1] Line 1427, /home/groups/sourcemod/upload_tmp/phpRYtiXm.sp::CMD_Cash
L 11/22/2020 - 23:30:02: [SM] Exception reported: Array index out-of-bounds (index 64, limit 55)
L 11/22/2020 - 23:30:02: [SM] Blaming: weapon_restrict.smx
L 11/22/2020 - 23:30:02: [SM] Call stack trace:
L 11/22/2020 - 23:30:02: [SM]   [1] Line 202, restrictinc/events.sp::CS_OnBuyCommand
L 11/22/2020 - 23:30:15: [SM] Exception reported: Array index out-of-bounds (index 64, limit 55)
L 11/22/2020 - 23:30:15: [SM] Blaming: weapon_restrict.smx
L 11/22/2020 - 23:30:15: [SM] Call stack trace:
L 11/22/2020 - 23:30:15: [SM]   [1] Line 202, restrictinc/events.sp::CS_OnBuyCommand
L 11/22/2020 - 23:30:53: [SM] Exception reported: Language phrase "CMD_Cash" not found (arg 5)
L 11/22/2020 - 23:30:53: [SM] Blaming: advadmin.smx
L 11/22/2020 - 23:30:53: [SM] Call stack trace:
L 11/22/2020 - 23:30:53: [SM]   [0] ShowActivity2
L 11/22/2020 - 23:30:53: [SM]   [1] Line 1427, /home/groups/sourcemod/upload_tmp/phpRYtiXm.sp::CMD_Cash
L 11/22/2020 - 23:31:30: [SM] Exception reported: Language phrase "CMD_Cash" not found (arg 5)
L 11/22/2020 - 23:31:30: [SM] Blaming: advadmin.smx
L 11/22/2020 - 23:31:30: [SM] Call stack trace:
L 11/22/2020 - 23:31:30: [SM]   [0] ShowActivity2
L 11/22/2020 - 23:31:30: [SM]   [1] Line 1427, /home/groups/sourcemod/upload_tmp/phpRYtiXm.sp::CMD_Cash
L 11/22/2020 - 23:31:34: [SM] Exception reported: Array index out-of-bounds (index 64, limit 55)
L 11/22/2020 - 23:31:34: [SM] Blaming: weapon_restrict.smx
L 11/22/2020 - 23:31:34: [SM] Call stack trace:
L 11/22/2020 - 23:31:34: [SM]   [1] Line 202, restrictinc/events.sp::CS_OnBuyCommand
L 11/22/2020 - 23:32:41: [SM] Exception reported: Language phrase "CMD_Cash" not found (arg 5)
L 11/22/2020 - 23:32:41: [SM] Blaming: advadmin.smx
L 11/22/2020 - 23:32:41: [SM] Call stack trace:
L 11/22/2020 - 23:32:41: [SM]   [0] ShowActivity2
L 11/22/2020 - 23:32:41: [SM]   [1] Line 1427, /home/groups/sourcemod/upload_tmp/phpRYtiXm.sp::CMD_Cash
L 11/22/2020 - 23:34:54: [SM] Exception reported: Language phrase "CMD_Cash" not found (arg 5)
L 11/22/2020 - 23:34:54: [SM] Blaming: advadmin.smx
L 11/22/2020 - 23:34:54: [SM] Call stack trace:
L 11/22/2020 - 23:34:54: [SM]   [0] ShowActivity2
L 11/22/2020 - 23:34:54: [SM]   [1] Line 1427, /home/groups/sourcemod/upload_tmp/phpRYtiXm.sp::CMD_Cash
L 11/22/2020 - 23:34:56: [SM] Exception reported: Language phrase "CMD_Cash" not found (arg 5)
L 11/22/2020 - 23:34:56: [SM] Blaming: advadmin.smx
L 11/22/2020 - 23:34:56: [SM] Call stack trace:
L 11/22/2020 - 23:34:56: [SM]   [0] ShowActivity2
L 11/22/2020 - 23:34:56: [SM]   [1] Line 1427, /home/groups/sourcemod/upload_tmp/phpRYtiXm.sp::CMD_Cash
L 11/22/2020 - 23:35:00: [SM] Exception reported: Array index out-of-bounds (index 64, limit 55)
L 11/22/2020 - 23:35:00: [SM] Blaming: weapon_restrict.smx
L 11/22/2020 - 23:35:00: [SM] Call stack trace:
L 11/22/2020 - 23:35:00: [SM]   [1] Line 202, restrictinc/events.sp::CS_OnBuyCommand
L 11/22/2020 - 23:35:36: [SM] Exception reported: Language phrase "CMD_Cash" not found (arg 5)
L 11/22/2020 - 23:35:36: [SM] Blaming: advadmin.smx
L 11/22/2020 - 23:35:36: [SM] Call stack trace:
L 11/22/2020 - 23:35:36: [SM]   [0] ShowActivity2
L 11/22/2020 - 23:35:36: [SM]   [1] Line 1427, /home/groups/sourcemod/upload_tmp/phpRYtiXm.sp::CMD_Cash
L 11/22/2020 - 23:35:44: [SM] Exception reported: Array index out-of-bounds (index 64, limit 55)
L 11/22/2020 - 23:35:44: [SM] Blaming: weapon_restrict.smx
L 11/22/2020 - 23:35:44: [SM] Call stack trace:
L 11/22/2020 - 23:35:44: [SM]   [1] Line 202, restrictinc/events.sp::CS_OnBuyCommand
L 11/22/2020 - 23:36:12: [SM] Exception reported: Array index out-of-bounds (index 64, limit 55)
L 11/22/2020 - 23:36:12: [SM] Blaming: weapon_restrict.smx
L 11/22/2020 - 23:36:12: [SM] Call stack trace:
L 11/22/2020 - 23:36:12: [SM]   [1] Line 202, restrictinc/events.sp::CS_OnBuyCommand
L 11/22/2020 - 23:37:15: [SM] Exception reported: Language phrase "CMD_Cash" not found (arg 5)
L 11/22/2020 - 23:37:15: [SM] Blaming: advadmin.smx
L 11/22/2020 - 23:37:15: [SM] Call stack trace:
L 11/22/2020 - 23:37:15: [SM]   [0] ShowActivity2
L 11/22/2020 - 23:37:15: [SM]   [1] Line 1427, /home/groups/sourcemod/upload_tmp/phpRYtiXm.sp::CMD_Cash
L 11/22/2020 - 23:37:57: [SM] Exception reported: Array index out-of-bounds (index 64, limit 55)
L 11/22/2020 - 23:37:57: [SM] Blaming: weapon_restrict.smx
L 11/22/2020 - 23:37:57: [SM] Call stack trace:
L 11/22/2020 - 23:37:57: [SM]   [1] Line 202, restrictinc/events.sp::CS_OnBuyCommand
L 11/22/2020 - 23:39:53: [SM] Exception reported: Array index out-of-bounds (index 64, limit 55)
L 11/22/2020 - 23:39:53: [SM] Blaming: weapon_restrict.smx
L 11/22/2020 - 23:39:53: [SM] Call stack trace:
L 11/22/2020 - 23:39:53: [SM]   [1] Line 202, restrictinc/events.sp::CS_OnBuyCommand
L 11/22/2020 - 23:39:56: [SM] Exception reported: Language phrase "CMD_Cash" not found (arg 5)
L 11/22/2020 - 23:39:56: [SM] Blaming: advadmin.smx
L 11/22/2020 - 23:39:56: [SM] Call stack trace:
L 11/22/2020 - 23:39:56: [SM]   [0] ShowActivity2
L 11/22/2020 - 23:39:56: [SM]   [1] Line 1427, /home/groups/sourcemod/upload_tmp/phpRYtiXm.sp::CMD_Cash
L 11/22/2020 - 23:41:17: [SM] Exception reported: Array index out-of-bounds (index 64, limit 55)
L 11/22/2020 - 23:41:17: [SM] Blaming: weapon_restrict.smx
L 11/22/2020 - 23:41:17: [SM] Call stack trace:
L 11/22/2020 - 23:41:17: [SM]   [1] Line 202, restrictinc/events.sp::CS_OnBuyCommand
L 11/22/2020 - 23:41:20: [SM] Exception reported: Language phrase "Player_Connected_From" not found (arg 3)
L 11/22/2020 - 23:41:20: [SM] Blaming: advadmin.smx
L 11/22/2020 - 23:41:20: [SM] Call stack trace:
L 11/22/2020 - 23:41:20: [SM]   [0] VFormat
L 11/22/2020 - 23:41:20: [SM]   [1] Line 386, /groups/sourcemod/compiler-1.10/include/halflife.inc::PrintToChatAll
L 11/22/2020 - 23:41:20: [SM]   [2] Line 141, /home/groups/sourcemod/upload_tmp/phpRYtiXm.sp::OnClientAuthorized
L 11/22/2020 - 23:42:23: [SM] Exception reported: Language phrase "CMD_Team_Spec" not found (arg 5)
L 11/22/2020 - 23:42:23: [SM] Blaming: advadmin.smx
L 11/22/2020 - 23:42:23: [SM] Call stack trace:
L 11/22/2020 - 23:42:23: [SM]   [0] ShowActivity2
L 11/22/2020 - 23:42:23: [SM]   [1] Line 790, /home/groups/sourcemod/upload_tmp/phpRYtiXm.sp::CMD_Spec
L 11/22/2020 - 23:42:29: [SM] Exception reported: Array index out-of-bounds (index 64, limit 55)
L 11/22/2020 - 23:42:29: [SM] Blaming: weapon_restrict.smx
L 11/22/2020 - 23:42:29: [SM] Call stack trace:
L 11/22/2020 - 23:42:29: [SM]   [1] Line 202, restrictinc/events.sp::CS_OnBuyCommand
L 11/22/2020 - 23:42:57: [SM] Exception reported: Language phrase "CMD_Team_Spec" not found (arg 5)
L 11/22/2020 - 23:42:57: [SM] Blaming: advadmin.smx
L 11/22/2020 - 23:42:57: [SM] Call stack trace:
L 11/22/2020 - 23:42:57: [SM]   [0] ShowActivity2
L 11/22/2020 - 23:42:57: [SM]   [1] Line 790, /home/groups/sourcemod/upload_tmp/phpRYtiXm.sp::CMD_Spec
L 11/22/2020 - 23:42:59: [SM] Exception reported: Language phrase "CMD_Cash" not found (arg 5)
L 11/22/2020 - 23:42:59: [SM] Blaming: advadmin.smx
L 11/22/2020 - 23:42:59: [SM] Call stack trace:
L 11/22/2020 - 23:42:59: [SM]   [0] ShowActivity2
L 11/22/2020 - 23:42:59: [SM]   [1] Line 1427, /home/groups/sourcemod/upload_tmp/phpRYtiXm.sp::CMD_Cash
L 11/22/2020 - 23:43:04: [SM] Exception reported: Array index out-of-bounds (index 64, limit 55)
L 11/22/2020 - 23:43:04: [SM] Blaming: weapon_restrict.smx
L 11/22/2020 - 23:43:04: [SM] Call stack trace:
L 11/22/2020 - 23:43:04: [SM]   [1] Line 202, restrictinc/events.sp::CS_OnBuyCommand
L 11/22/2020 - 23:44:28: [SM] Exception reported: Language phrase "CMD_Cash" not found (arg 5)
L 11/22/2020 - 23:44:28: [SM] Blaming: advadmin.smx
L 11/22/2020 - 23:44:28: [SM] Call stack trace:
L 11/22/2020 - 23:44:28: [SM]   [0] ShowActivity2
L 11/22/2020 - 23:44:28: [SM]   [1] Line 1427, /home/groups/sourcemod/upload_tmp/phpRYtiXm.sp::CMD_Cash
L 11/22/2020 - 23:46:12: [SM] Exception reported: Array index out-of-bounds (index 64, limit 55)
L 11/22/2020 - 23:46:12: [SM] Blaming: weapon_restrict.smx
L 11/22/2020 - 23:46:12: [SM] Call stack trace:
L 11/22/2020 - 23:46:12: [SM]   [1] Line 202, restrictinc/events.sp::CS_OnBuyCommand
L 11/22/2020 - 23:46:16: [SM] Exception reported: Language phrase "CMD_Cash" not found (arg 5)
L 11/22/2020 - 23:46:16: [SM] Blaming: advadmin.smx
L 11/22/2020 - 23:46:16: [SM] Call stack trace:
L 11/22/2020 - 23:46:16: [SM]   [0] ShowActivity2
L 11/22/2020 - 23:46:16: [SM]   [1] Line 1427, /home/groups/sourcemod/upload_tmp/phpRYtiXm.sp::CMD_Cash
L 11/22/2020 - 23:49:16: [SM] Exception reported: Array index out-of-bounds (index 64, limit 55)
L 11/22/2020 - 23:49:16: [SM] Blaming: weapon_restrict.smx
L 11/22/2020 - 23:49:16: [SM] Call stack trace:
L 11/22/2020 - 23:49:16: [SM]   [1] Line 202, restrictinc/events.sp::CS_OnBuyCommand
L 11/22/2020 - 23:50:17: [SM] Exception reported: Language phrase "CMD_Cash" not found (arg 5)
L 11/22/2020 - 23:50:17: [SM] Blaming: advadmin.smx
L 11/22/2020 - 23:50:17: [SM] Call stack trace:
L 11/22/2020 - 23:50:17: [SM]   [0] ShowActivity2
L 11/22/2020 - 23:50:17: [SM]   [1] Line 1427, /home/groups/sourcemod/upload_tmp/phpRYtiXm.sp::CMD_Cash
L 11/22/2020 - 23:51:23: [SM] Exception reported: Array index out-of-bounds (index 64, limit 55)
L 11/22/2020 - 23:51:23: [SM] Blaming: weapon_restrict.smx
L 11/22/2020 - 23:51:23: [SM] Call stack trace:
L 11/22/2020 - 23:51:23: [SM]   [1] Line 202, restrictinc/events.sp::CS_OnBuyCommand
L 11/23/2020 - 12:07:00: Error log file session closed.
