L 08/16/2020 - 16:35:02: SourceMod error session started
L 08/16/2020 - 16:35:02: Info (map "de_mirage") (file "/home/tcagame/jackm1/488/csgo/addons/sourcemod/logs/errors_20200816.log")
L 08/16/2020 - 16:35:02: [SM] Fatal error encountered parsing translation file "advadmin.phrases.txt"
L 08/16/2020 - 16:35:02: [SM] Error (line 0, column 0): Stream failed to open
L 08/16/2020 - 16:35:13: [SM] Exception reported: Array index out-of-bounds (index 64, limit 55)
L 08/16/2020 - 16:35:13: [SM] Blaming: weapon_restrict.smx
L 08/16/2020 - 16:35:13: [SM] Call stack trace:
L 08/16/2020 - 16:35:13: [SM]   [1] Line 202, restrictinc/events.sp::CS_OnBuyCommand
L 08/16/2020 - 16:38:48: [SM] Exception reported: Language phrase "Player_Connected_From" not found (arg 3)
L 08/16/2020 - 16:38:48: [SM] Blaming: advadmin.smx
L 08/16/2020 - 16:38:48: [SM] Call stack trace:
L 08/16/2020 - 16:38:48: [SM]   [0] VFormat
L 08/16/2020 - 16:38:48: [SM]   [1] Line 386, /groups/sourcemod/compiler-1.10/include/halflife.inc::PrintToChatAll
L 08/16/2020 - 16:38:48: [SM]   [2] Line 141, /home/groups/sourcemod/upload_tmp/phpRYtiXm.sp::OnClientAuthorized
L 08/16/2020 - 16:39:46: [SM] Exception reported: Array index out-of-bounds (index 64, limit 55)
L 08/16/2020 - 16:39:46: [SM] Blaming: weapon_restrict.smx
L 08/16/2020 - 16:39:46: [SM] Call stack trace:
L 08/16/2020 - 16:39:46: [SM]   [1] Line 202, restrictinc/events.sp::CS_OnBuyCommand
L 08/16/2020 - 16:40:03: [SM] Exception reported: Array index out-of-bounds (index 64, limit 55)
L 08/16/2020 - 16:40:03: [SM] Blaming: weapon_restrict.smx
L 08/16/2020 - 16:40:03: [SM] Call stack trace:
L 08/16/2020 - 16:40:03: [SM]   [1] Line 202, restrictinc/events.sp::CS_OnBuyCommand
L 08/16/2020 - 16:41:40: [SM] Exception reported: Array index out-of-bounds (index 64, limit 55)
L 08/16/2020 - 16:41:40: [SM] Blaming: weapon_restrict.smx
L 08/16/2020 - 16:41:40: [SM] Call stack trace:
L 08/16/2020 - 16:41:40: [SM]   [1] Line 202, restrictinc/events.sp::CS_OnBuyCommand
L 08/16/2020 - 16:46:31: [SM] Exception reported: Array index out-of-bounds (index 64, limit 55)
L 08/16/2020 - 16:46:31: [SM] Blaming: weapon_restrict.smx
L 08/16/2020 - 16:46:31: [SM] Call stack trace:
L 08/16/2020 - 16:46:31: [SM]   [1] Line 202, restrictinc/events.sp::CS_OnBuyCommand
L 08/16/2020 - 16:48:28: [SM] Exception reported: Array index out-of-bounds (index 64, limit 55)
L 08/16/2020 - 16:48:28: [SM] Blaming: weapon_restrict.smx
L 08/16/2020 - 16:48:28: [SM] Call stack trace:
L 08/16/2020 - 16:48:28: [SM]   [1] Line 202, restrictinc/events.sp::CS_OnBuyCommand
L 08/16/2020 - 16:49:26: [SM] Exception reported: Array index out-of-bounds (index 64, limit 55)
L 08/16/2020 - 16:49:26: [SM] Blaming: weapon_restrict.smx
L 08/16/2020 - 16:49:26: [SM] Call stack trace:
L 08/16/2020 - 16:49:26: [SM]   [1] Line 202, restrictinc/events.sp::CS_OnBuyCommand
L 08/16/2020 - 16:50:08: [SM] Exception reported: Array index out-of-bounds (index 64, limit 55)
L 08/16/2020 - 16:50:08: [SM] Blaming: weapon_restrict.smx
L 08/16/2020 - 16:50:08: [SM] Call stack trace:
L 08/16/2020 - 16:50:08: [SM]   [1] Line 202, restrictinc/events.sp::CS_OnBuyCommand
L 08/16/2020 - 16:50:12: [SM] Exception reported: Array index out-of-bounds (index 64, limit 55)
L 08/16/2020 - 16:50:12: [SM] Blaming: weapon_restrict.smx
L 08/16/2020 - 16:50:12: [SM] Call stack trace:
L 08/16/2020 - 16:50:12: [SM]   [1] Line 202, restrictinc/events.sp::CS_OnBuyCommand
L 08/16/2020 - 16:51:15: [SM] Exception reported: Array index out-of-bounds (index 64, limit 55)
L 08/16/2020 - 16:51:15: [SM] Blaming: weapon_restrict.smx
L 08/16/2020 - 16:51:15: [SM] Call stack trace:
L 08/16/2020 - 16:51:15: [SM]   [1] Line 202, restrictinc/events.sp::CS_OnBuyCommand
L 08/16/2020 - 16:51:19: [SM] Exception reported: Array index out-of-bounds (index 64, limit 55)
L 08/16/2020 - 16:51:19: [SM] Blaming: weapon_restrict.smx
L 08/16/2020 - 16:51:19: [SM] Call stack trace:
L 08/16/2020 - 16:51:19: [SM]   [1] Line 202, restrictinc/events.sp::CS_OnBuyCommand
L 08/16/2020 - 16:51:56: [SM] Exception reported: Array index out-of-bounds (index 64, limit 55)
L 08/16/2020 - 16:51:56: [SM] Blaming: weapon_restrict.smx
L 08/16/2020 - 16:51:56: [SM] Call stack trace:
L 08/16/2020 - 16:51:56: [SM]   [1] Line 202, restrictinc/events.sp::CS_OnBuyCommand
L 08/16/2020 - 16:54:49: [SM] Exception reported: Array index out-of-bounds (index 64, limit 55)
L 08/16/2020 - 16:54:49: [SM] Blaming: weapon_restrict.smx
L 08/16/2020 - 16:54:49: [SM] Call stack trace:
L 08/16/2020 - 16:54:49: [SM]   [1] Line 202, restrictinc/events.sp::CS_OnBuyCommand
L 08/16/2020 - 16:55:29: [SM] Exception reported: Array index out-of-bounds (index 64, limit 55)
L 08/16/2020 - 16:55:29: [SM] Blaming: weapon_restrict.smx
L 08/16/2020 - 16:55:29: [SM] Call stack trace:
L 08/16/2020 - 16:55:29: [SM]   [1] Line 202, restrictinc/events.sp::CS_OnBuyCommand
L 08/16/2020 - 16:59:54: [SM] Exception reported: Array index out-of-bounds (index 64, limit 55)
L 08/16/2020 - 16:59:54: [SM] Blaming: weapon_restrict.smx
L 08/16/2020 - 16:59:54: [SM] Call stack trace:
L 08/16/2020 - 16:59:54: [SM]   [1] Line 202, restrictinc/events.sp::CS_OnBuyCommand
L 08/16/2020 - 17:04:44: [SM] Exception reported: Array index out-of-bounds (index 64, limit 55)
L 08/16/2020 - 17:04:44: [SM] Blaming: weapon_restrict.smx
L 08/16/2020 - 17:04:44: [SM] Call stack trace:
L 08/16/2020 - 17:04:44: [SM]   [1] Line 202, restrictinc/events.sp::CS_OnBuyCommand
L 08/16/2020 - 20:55:54: Error log file session closed.
L 08/16/2020 - 20:55:54: SourceMod error session started
L 08/16/2020 - 20:55:54: Info (map "de_mirage") (file "/home/tcagame/jackm1/488/csgo/addons/sourcemod/logs/errors_20200816.log")
L 08/16/2020 - 20:55:54: [SM] Fatal error encountered parsing translation file "advadmin.phrases.txt"
L 08/16/2020 - 20:55:54: [SM] Error (line 0, column 0): Stream failed to open
L 08/16/2020 - 22:28:22: Error log file session closed.
L 08/16/2020 - 22:28:22: SourceMod error session started
L 08/16/2020 - 22:28:22: Info (map "de_mirage") (file "/home/tcagame/jackm1/488/csgo/addons/sourcemod/logs/errors_20200816.log")
L 08/16/2020 - 22:28:22: [SM] Fatal error encountered parsing translation file "advadmin.phrases.txt"
L 08/16/2020 - 22:28:22: [SM] Error (line 0, column 0): Stream failed to open
L 08/16/2020 - 22:28:46: [SM] Exception reported: Array index out-of-bounds (index 64, limit 55)
L 08/16/2020 - 22:28:46: [SM] Blaming: weapon_restrict.smx
L 08/16/2020 - 22:28:46: [SM] Call stack trace:
L 08/16/2020 - 22:28:46: [SM]   [1] Line 202, restrictinc/events.sp::CS_OnBuyCommand
L 08/16/2020 - 22:28:54: [SM] Exception reported: Language phrase "Player_Connected_From" not found (arg 3)
L 08/16/2020 - 22:28:54: [SM] Blaming: advadmin.smx
L 08/16/2020 - 22:28:54: [SM] Call stack trace:
L 08/16/2020 - 22:28:54: [SM]   [0] VFormat
L 08/16/2020 - 22:28:54: [SM]   [1] Line 386, /groups/sourcemod/compiler-1.10/include/halflife.inc::PrintToChatAll
L 08/16/2020 - 22:28:54: [SM]   [2] Line 141, /home/groups/sourcemod/upload_tmp/phpRYtiXm.sp::OnClientAuthorized
L 08/16/2020 - 22:34:30: [SM] Exception reported: Array index out-of-bounds (index 64, limit 55)
L 08/16/2020 - 22:34:30: [SM] Blaming: weapon_restrict.smx
L 08/16/2020 - 22:34:30: [SM] Call stack trace:
L 08/16/2020 - 22:34:30: [SM]   [1] Line 202, restrictinc/events.sp::CS_OnBuyCommand
L 08/16/2020 - 22:37:06: [SM] Exception reported: Language phrase "Player_Connected_From" not found (arg 3)
L 08/16/2020 - 22:37:06: [SM] Blaming: advadmin.smx
L 08/16/2020 - 22:37:06: [SM] Call stack trace:
L 08/16/2020 - 22:37:06: [SM]   [0] VFormat
L 08/16/2020 - 22:37:06: [SM]   [1] Line 386, /groups/sourcemod/compiler-1.10/include/halflife.inc::PrintToChatAll
L 08/16/2020 - 22:37:06: [SM]   [2] Line 141, /home/groups/sourcemod/upload_tmp/phpRYtiXm.sp::OnClientAuthorized
L 08/16/2020 - 22:40:45: [SM] Exception reported: Array index out-of-bounds (index 64, limit 55)
L 08/16/2020 - 22:40:45: [SM] Blaming: weapon_restrict.smx
L 08/16/2020 - 22:40:45: [SM] Call stack trace:
L 08/16/2020 - 22:40:45: [SM]   [1] Line 202, restrictinc/events.sp::CS_OnBuyCommand
L 08/16/2020 - 22:40:47: [SM] Exception reported: Array index out-of-bounds (index 64, limit 55)
L 08/16/2020 - 22:40:47: [SM] Blaming: weapon_restrict.smx
L 08/16/2020 - 22:40:47: [SM] Call stack trace:
L 08/16/2020 - 22:40:47: [SM]   [1] Line 202, restrictinc/events.sp::CS_OnBuyCommand
L 08/16/2020 - 22:40:49: [SM] Exception reported: Array index out-of-bounds (index 64, limit 55)
L 08/16/2020 - 22:40:49: [SM] Blaming: weapon_restrict.smx
L 08/16/2020 - 22:40:49: [SM] Call stack trace:
L 08/16/2020 - 22:40:49: [SM]   [1] Line 202, restrictinc/events.sp::CS_OnBuyCommand
L 08/16/2020 - 22:41:28: [SM] Exception reported: Array index out-of-bounds (index 64, limit 55)
L 08/16/2020 - 22:41:28: [SM] Blaming: weapon_restrict.smx
L 08/16/2020 - 22:41:28: [SM] Call stack trace:
L 08/16/2020 - 22:41:28: [SM]   [1] Line 202, restrictinc/events.sp::CS_OnBuyCommand
L 08/16/2020 - 22:42:14: [SM] Exception reported: Array index out-of-bounds (index 64, limit 55)
L 08/16/2020 - 22:42:14: [SM] Blaming: weapon_restrict.smx
L 08/16/2020 - 22:42:14: [SM] Call stack trace:
L 08/16/2020 - 22:42:14: [SM]   [1] Line 202, restrictinc/events.sp::CS_OnBuyCommand
L 08/16/2020 - 22:45:54: [SM] Exception reported: Language phrase "CMD_Disarm" not found (arg 5)
L 08/16/2020 - 22:45:54: [SM] Blaming: advadmin.smx
L 08/16/2020 - 22:45:54: [SM] Call stack trace:
L 08/16/2020 - 22:45:54: [SM]   [0] ShowActivity2
L 08/16/2020 - 22:45:54: [SM]   [1] Line 994, /home/groups/sourcemod/upload_tmp/phpRYtiXm.sp::CMD_Disarm
L 08/16/2020 - 22:46:51: [SM] Exception reported: Language phrase "CMD_Give" not found (arg 5)
L 08/16/2020 - 22:46:51: [SM] Blaming: advadmin.smx
L 08/16/2020 - 22:46:51: [SM] Call stack trace:
L 08/16/2020 - 22:46:51: [SM]   [0] ShowActivity2
L 08/16/2020 - 22:46:51: [SM]   [1] Line 883, /home/groups/sourcemod/upload_tmp/phpRYtiXm.sp::CMD_Give
L 08/16/2020 - 22:48:08: [SM] Exception reported: Array index out-of-bounds (index 64, limit 55)
L 08/16/2020 - 22:48:08: [SM] Blaming: weapon_restrict.smx
L 08/16/2020 - 22:48:08: [SM] Call stack trace:
L 08/16/2020 - 22:48:08: [SM]   [1] Line 202, restrictinc/events.sp::CS_OnBuyCommand
L 08/16/2020 - 22:48:19: [SM] Exception reported: Array index out-of-bounds (index 64, limit 55)
L 08/16/2020 - 22:48:19: [SM] Blaming: weapon_restrict.smx
L 08/16/2020 - 22:48:19: [SM] Call stack trace:
L 08/16/2020 - 22:48:19: [SM]   [1] Line 202, restrictinc/events.sp::CS_OnBuyCommand
L 08/16/2020 - 22:49:24: [SM] Exception reported: Array index out-of-bounds (index 64, limit 55)
L 08/16/2020 - 22:49:24: [SM] Blaming: weapon_restrict.smx
L 08/16/2020 - 22:49:24: [SM] Call stack trace:
L 08/16/2020 - 22:49:24: [SM]   [1] Line 202, restrictinc/events.sp::CS_OnBuyCommand
L 08/16/2020 - 22:49:28: [SM] Exception reported: Array index out-of-bounds (index 64, limit 55)
L 08/16/2020 - 22:49:28: [SM] Blaming: weapon_restrict.smx
L 08/16/2020 - 22:49:28: [SM] Call stack trace:
L 08/16/2020 - 22:49:28: [SM]   [1] Line 202, restrictinc/events.sp::CS_OnBuyCommand
L 08/16/2020 - 22:54:11: [SM] Exception reported: Language phrase "Player_Connected_From" not found (arg 3)
L 08/16/2020 - 22:54:11: [SM] Blaming: advadmin.smx
L 08/16/2020 - 22:54:11: [SM] Call stack trace:
L 08/16/2020 - 22:54:11: [SM]   [0] VFormat
L 08/16/2020 - 22:54:11: [SM]   [1] Line 386, /groups/sourcemod/compiler-1.10/include/halflife.inc::PrintToChatAll
L 08/16/2020 - 22:54:11: [SM]   [2] Line 141, /home/groups/sourcemod/upload_tmp/phpRYtiXm.sp::OnClientAuthorized
L 08/16/2020 - 22:54:52: [SM] Exception reported: Array index out-of-bounds (index 64, limit 55)
L 08/16/2020 - 22:54:52: [SM] Blaming: weapon_restrict.smx
L 08/16/2020 - 22:54:52: [SM] Call stack trace:
L 08/16/2020 - 22:54:52: [SM]   [1] Line 202, restrictinc/events.sp::CS_OnBuyCommand
L 08/16/2020 - 22:55:02: [SM] Exception reported: Array index out-of-bounds (index 64, limit 55)
L 08/16/2020 - 22:55:02: [SM] Blaming: weapon_restrict.smx
L 08/16/2020 - 22:55:02: [SM] Call stack trace:
L 08/16/2020 - 22:55:02: [SM]   [1] Line 202, restrictinc/events.sp::CS_OnBuyCommand
L 08/16/2020 - 22:55:10: [SM] Exception reported: Language phrase "Player_Connected_From" not found (arg 3)
L 08/16/2020 - 22:55:10: [SM] Blaming: advadmin.smx
L 08/16/2020 - 22:55:10: [SM] Call stack trace:
L 08/16/2020 - 22:55:10: [SM]   [0] VFormat
L 08/16/2020 - 22:55:10: [SM]   [1] Line 386, /groups/sourcemod/compiler-1.10/include/halflife.inc::PrintToChatAll
L 08/16/2020 - 22:55:10: [SM]   [2] Line 141, /home/groups/sourcemod/upload_tmp/phpRYtiXm.sp::OnClientAuthorized
L 08/16/2020 - 22:55:20: [SM] Exception reported: Language phrase "Player_Connected_From" not found (arg 3)
L 08/16/2020 - 22:55:20: [SM] Blaming: advadmin.smx
L 08/16/2020 - 22:55:20: [SM] Call stack trace:
L 08/16/2020 - 22:55:20: [SM]   [0] VFormat
L 08/16/2020 - 22:55:20: [SM]   [1] Line 386, /groups/sourcemod/compiler-1.10/include/halflife.inc::PrintToChatAll
L 08/16/2020 - 22:55:20: [SM]   [2] Line 141, /home/groups/sourcemod/upload_tmp/phpRYtiXm.sp::OnClientAuthorized
L 08/16/2020 - 22:55:22: [SM] Exception reported: Language phrase "Player_Connected_From" not found (arg 3)
L 08/16/2020 - 22:55:22: [SM] Blaming: advadmin.smx
L 08/16/2020 - 22:55:22: [SM] Call stack trace:
L 08/16/2020 - 22:55:22: [SM]   [0] VFormat
L 08/16/2020 - 22:55:22: [SM]   [1] Line 386, /groups/sourcemod/compiler-1.10/include/halflife.inc::PrintToChatAll
L 08/16/2020 - 22:55:22: [SM]   [2] Line 141, /home/groups/sourcemod/upload_tmp/phpRYtiXm.sp::OnClientAuthorized
L 08/16/2020 - 22:55:31: [SM] Exception reported: Language phrase "Player_Connected_From" not found (arg 3)
L 08/16/2020 - 22:55:31: [SM] Blaming: advadmin.smx
L 08/16/2020 - 22:55:31: [SM] Call stack trace:
L 08/16/2020 - 22:55:31: [SM]   [0] VFormat
L 08/16/2020 - 22:55:31: [SM]   [1] Line 386, /groups/sourcemod/compiler-1.10/include/halflife.inc::PrintToChatAll
L 08/16/2020 - 22:55:31: [SM]   [2] Line 141, /home/groups/sourcemod/upload_tmp/phpRYtiXm.sp::OnClientAuthorized
L 08/16/2020 - 22:55:37: [SM] Exception reported: Array index out-of-bounds (index 64, limit 55)
L 08/16/2020 - 22:55:37: [SM] Blaming: weapon_restrict.smx
L 08/16/2020 - 22:55:37: [SM] Call stack trace:
L 08/16/2020 - 22:55:37: [SM]   [1] Line 202, restrictinc/events.sp::CS_OnBuyCommand
L 08/16/2020 - 22:55:43: [SM] Exception reported: Array index out-of-bounds (index 64, limit 55)
L 08/16/2020 - 22:55:43: [SM] Blaming: weapon_restrict.smx
L 08/16/2020 - 22:55:43: [SM] Call stack trace:
L 08/16/2020 - 22:55:43: [SM]   [1] Line 202, restrictinc/events.sp::CS_OnBuyCommand
L 08/16/2020 - 22:55:46: [SM] Exception reported: Language phrase "Player_Connected_From" not found (arg 3)
L 08/16/2020 - 22:55:46: [SM] Blaming: advadmin.smx
L 08/16/2020 - 22:55:46: [SM] Call stack trace:
L 08/16/2020 - 22:55:46: [SM]   [0] VFormat
L 08/16/2020 - 22:55:46: [SM]   [1] Line 386, /groups/sourcemod/compiler-1.10/include/halflife.inc::PrintToChatAll
L 08/16/2020 - 22:55:46: [SM]   [2] Line 141, /home/groups/sourcemod/upload_tmp/phpRYtiXm.sp::OnClientAuthorized
L 08/16/2020 - 22:56:57: [SM] Exception reported: Language phrase "Player_Connected_From" not found (arg 3)
L 08/16/2020 - 22:56:57: [SM] Blaming: advadmin.smx
L 08/16/2020 - 22:56:57: [SM] Call stack trace:
L 08/16/2020 - 22:56:57: [SM]   [0] VFormat
L 08/16/2020 - 22:56:57: [SM]   [1] Line 386, /groups/sourcemod/compiler-1.10/include/halflife.inc::PrintToChatAll
L 08/16/2020 - 22:56:57: [SM]   [2] Line 141, /home/groups/sourcemod/upload_tmp/phpRYtiXm.sp::OnClientAuthorized
L 08/16/2020 - 22:57:24: [SM] Exception reported: Language phrase "Player_Connected_From" not found (arg 3)
L 08/16/2020 - 22:57:24: [SM] Blaming: advadmin.smx
L 08/16/2020 - 22:57:24: [SM] Call stack trace:
L 08/16/2020 - 22:57:24: [SM]   [0] VFormat
L 08/16/2020 - 22:57:24: [SM]   [1] Line 386, /groups/sourcemod/compiler-1.10/include/halflife.inc::PrintToChatAll
L 08/16/2020 - 22:57:24: [SM]   [2] Line 141, /home/groups/sourcemod/upload_tmp/phpRYtiXm.sp::OnClientAuthorized
L 08/16/2020 - 22:57:45: [SM] Exception reported: Array index out-of-bounds (index 64, limit 55)
L 08/16/2020 - 22:57:45: [SM] Blaming: weapon_restrict.smx
L 08/16/2020 - 22:57:45: [SM] Call stack trace:
L 08/16/2020 - 22:57:45: [SM]   [1] Line 202, restrictinc/events.sp::CS_OnBuyCommand
L 08/16/2020 - 22:57:46: [SM] Exception reported: Array index out-of-bounds (index 64, limit 55)
L 08/16/2020 - 22:57:46: [SM] Blaming: weapon_restrict.smx
L 08/16/2020 - 22:57:46: [SM] Call stack trace:
L 08/16/2020 - 22:57:46: [SM]   [1] Line 202, restrictinc/events.sp::CS_OnBuyCommand
L 08/16/2020 - 22:58:15: [SM] Exception reported: Language phrase "Player_Connected" not found (arg 3)
L 08/16/2020 - 22:58:15: [SM] Blaming: advadmin.smx
L 08/16/2020 - 22:58:15: [SM] Call stack trace:
L 08/16/2020 - 22:58:15: [SM]   [0] VFormat
L 08/16/2020 - 22:58:15: [SM]   [1] Line 386, /groups/sourcemod/compiler-1.10/include/halflife.inc::PrintToChatAll
L 08/16/2020 - 22:58:15: [SM]   [2] Line 145, /home/groups/sourcemod/upload_tmp/phpRYtiXm.sp::OnClientAuthorized
L 08/16/2020 - 22:58:15: [SM] Exception reported: Language phrase "Player_Connected" not found (arg 3)
L 08/16/2020 - 22:58:15: [SM] Blaming: advadmin.smx
L 08/16/2020 - 22:58:15: [SM] Call stack trace:
L 08/16/2020 - 22:58:15: [SM]   [0] VFormat
L 08/16/2020 - 22:58:15: [SM]   [1] Line 386, /groups/sourcemod/compiler-1.10/include/halflife.inc::PrintToChatAll
L 08/16/2020 - 22:58:15: [SM]   [2] Line 145, /home/groups/sourcemod/upload_tmp/phpRYtiXm.sp::OnClientAuthorized
L 08/16/2020 - 22:58:25: [SM] Exception reported: Language phrase "Player_Connected_From" not found (arg 3)
L 08/16/2020 - 22:58:25: [SM] Blaming: advadmin.smx
L 08/16/2020 - 22:58:25: [SM] Call stack trace:
L 08/16/2020 - 22:58:25: [SM]   [0] VFormat
L 08/16/2020 - 22:58:25: [SM]   [1] Line 386, /groups/sourcemod/compiler-1.10/include/halflife.inc::PrintToChatAll
L 08/16/2020 - 22:58:25: [SM]   [2] Line 141, /home/groups/sourcemod/upload_tmp/phpRYtiXm.sp::OnClientAuthorized
L 08/16/2020 - 23:00:44: [SM] Exception reported: Array index out-of-bounds (index 64, limit 55)
L 08/16/2020 - 23:00:44: [SM] Blaming: weapon_restrict.smx
L 08/16/2020 - 23:00:44: [SM] Call stack trace:
L 08/16/2020 - 23:00:44: [SM]   [1] Line 202, restrictinc/events.sp::CS_OnBuyCommand
L 08/16/2020 - 23:01:07: [SM] Exception reported: Array index out-of-bounds (index 64, limit 55)
L 08/16/2020 - 23:01:07: [SM] Blaming: weapon_restrict.smx
L 08/16/2020 - 23:01:07: [SM] Call stack trace:
L 08/16/2020 - 23:01:07: [SM]   [1] Line 202, restrictinc/events.sp::CS_OnBuyCommand
L 08/16/2020 - 23:01:41: [SM] Exception reported: Array index out-of-bounds (index 64, limit 55)
L 08/16/2020 - 23:01:41: [SM] Blaming: weapon_restrict.smx
L 08/16/2020 - 23:01:41: [SM] Call stack trace:
L 08/16/2020 - 23:01:41: [SM]   [1] Line 202, restrictinc/events.sp::CS_OnBuyCommand
L 08/16/2020 - 23:02:02: [SM] Exception reported: Array index out-of-bounds (index 64, limit 55)
L 08/16/2020 - 23:02:02: [SM] Blaming: weapon_restrict.smx
L 08/16/2020 - 23:02:02: [SM] Call stack trace:
L 08/16/2020 - 23:02:02: [SM]   [1] Line 202, restrictinc/events.sp::CS_OnBuyCommand
L 08/16/2020 - 23:02:34: [SM] Exception reported: Array index out-of-bounds (index 64, limit 55)
L 08/16/2020 - 23:02:34: [SM] Blaming: weapon_restrict.smx
L 08/16/2020 - 23:02:34: [SM] Call stack trace:
L 08/16/2020 - 23:02:34: [SM]   [1] Line 202, restrictinc/events.sp::CS_OnBuyCommand
L 08/16/2020 - 23:04:29: Error log file session closed.
L 08/16/2020 - 23:04:29: SourceMod error session started
L 08/16/2020 - 23:04:29: Info (map "de_overpass") (file "/home/tcagame/jackm1/488/csgo/addons/sourcemod/logs/errors_20200816.log")
L 08/16/2020 - 23:04:29: [SM] Fatal error encountered parsing translation file "advadmin.phrases.txt"
L 08/16/2020 - 23:04:29: [SM] Error (line 0, column 0): Stream failed to open
L 08/16/2020 - 23:04:50: [SM] Exception reported: Array index out-of-bounds (index 64, limit 55)
L 08/16/2020 - 23:04:50: [SM] Blaming: weapon_restrict.smx
L 08/16/2020 - 23:04:50: [SM] Call stack trace:
L 08/16/2020 - 23:04:50: [SM]   [1] Line 202, restrictinc/events.sp::CS_OnBuyCommand
L 08/16/2020 - 23:04:57: [SM] Exception reported: Language phrase "Player_Connected" not found (arg 3)
L 08/16/2020 - 23:04:57: [SM] Blaming: advadmin.smx
L 08/16/2020 - 23:04:57: [SM] Call stack trace:
L 08/16/2020 - 23:04:57: [SM]   [0] VFormat
L 08/16/2020 - 23:04:57: [SM]   [1] Line 386, /groups/sourcemod/compiler-1.10/include/halflife.inc::PrintToChatAll
L 08/16/2020 - 23:04:57: [SM]   [2] Line 145, /home/groups/sourcemod/upload_tmp/phpRYtiXm.sp::OnClientAuthorized
L 08/16/2020 - 23:04:59: [SM] Exception reported: Array index out-of-bounds (index 64, limit 55)
L 08/16/2020 - 23:04:59: [SM] Blaming: weapon_restrict.smx
L 08/16/2020 - 23:04:59: [SM] Call stack trace:
L 08/16/2020 - 23:04:59: [SM]   [1] Line 202, restrictinc/events.sp::CS_OnBuyCommand
L 08/16/2020 - 23:05:26: [SM] Exception reported: Language phrase "Player_Connected" not found (arg 3)
L 08/16/2020 - 23:05:26: [SM] Blaming: advadmin.smx
L 08/16/2020 - 23:05:26: [SM] Call stack trace:
L 08/16/2020 - 23:05:26: [SM]   [0] VFormat
L 08/16/2020 - 23:05:26: [SM]   [1] Line 386, /groups/sourcemod/compiler-1.10/include/halflife.inc::PrintToChatAll
L 08/16/2020 - 23:05:26: [SM]   [2] Line 145, /home/groups/sourcemod/upload_tmp/phpRYtiXm.sp::OnClientAuthorized
L 08/16/2020 - 23:05:54: [SM] Exception reported: Array index out-of-bounds (index 64, limit 55)
L 08/16/2020 - 23:05:54: [SM] Blaming: weapon_restrict.smx
L 08/16/2020 - 23:05:54: [SM] Call stack trace:
L 08/16/2020 - 23:05:54: [SM]   [1] Line 202, restrictinc/events.sp::CS_OnBuyCommand
L 08/16/2020 - 23:07:23: [SM] Exception reported: Array index out-of-bounds (index 64, limit 55)
L 08/16/2020 - 23:07:23: [SM] Blaming: weapon_restrict.smx
L 08/16/2020 - 23:07:23: [SM] Call stack trace:
L 08/16/2020 - 23:07:23: [SM]   [1] Line 202, restrictinc/events.sp::CS_OnBuyCommand
L 08/16/2020 - 23:07:23: [SM] Exception reported: Array index out-of-bounds (index 64, limit 55)
L 08/16/2020 - 23:07:23: [SM] Blaming: weapon_restrict.smx
L 08/16/2020 - 23:07:23: [SM] Call stack trace:
L 08/16/2020 - 23:07:23: [SM]   [1] Line 202, restrictinc/events.sp::CS_OnBuyCommand
L 08/16/2020 - 23:07:26: [SM] Exception reported: Array index out-of-bounds (index 64, limit 55)
L 08/16/2020 - 23:07:26: [SM] Blaming: weapon_restrict.smx
L 08/16/2020 - 23:07:26: [SM] Call stack trace:
L 08/16/2020 - 23:07:26: [SM]   [1] Line 202, restrictinc/events.sp::CS_OnBuyCommand
L 08/16/2020 - 23:07:32: [SM] Exception reported: Array index out-of-bounds (index 64, limit 55)
L 08/16/2020 - 23:07:32: [SM] Blaming: weapon_restrict.smx
L 08/16/2020 - 23:07:32: [SM] Call stack trace:
L 08/16/2020 - 23:07:32: [SM]   [1] Line 202, restrictinc/events.sp::CS_OnBuyCommand
L 08/16/2020 - 23:07:34: [SM] Exception reported: Array index out-of-bounds (index 64, limit 55)
L 08/16/2020 - 23:07:34: [SM] Blaming: weapon_restrict.smx
L 08/16/2020 - 23:07:34: [SM] Call stack trace:
L 08/16/2020 - 23:07:34: [SM]   [1] Line 202, restrictinc/events.sp::CS_OnBuyCommand
L 08/16/2020 - 23:07:34: [SM] Exception reported: Array index out-of-bounds (index 64, limit 55)
L 08/16/2020 - 23:07:34: [SM] Blaming: weapon_restrict.smx
L 08/16/2020 - 23:07:34: [SM] Call stack trace:
L 08/16/2020 - 23:07:34: [SM]   [1] Line 202, restrictinc/events.sp::CS_OnBuyCommand
L 08/16/2020 - 23:07:35: [SM] Exception reported: Array index out-of-bounds (index 64, limit 55)
L 08/16/2020 - 23:07:35: [SM] Blaming: weapon_restrict.smx
L 08/16/2020 - 23:07:35: [SM] Call stack trace:
L 08/16/2020 - 23:07:35: [SM]   [1] Line 202, restrictinc/events.sp::CS_OnBuyCommand
L 08/16/2020 - 23:07:35: [SM] Exception reported: Array index out-of-bounds (index 64, limit 55)
L 08/16/2020 - 23:07:35: [SM] Blaming: weapon_restrict.smx
L 08/16/2020 - 23:07:35: [SM] Call stack trace:
L 08/16/2020 - 23:07:35: [SM]   [1] Line 202, restrictinc/events.sp::CS_OnBuyCommand
L 08/16/2020 - 23:07:36: [SM] Exception reported: Array index out-of-bounds (index 64, limit 55)
L 08/16/2020 - 23:07:36: [SM] Blaming: weapon_restrict.smx
L 08/16/2020 - 23:07:36: [SM] Call stack trace:
L 08/16/2020 - 23:07:36: [SM]   [1] Line 202, restrictinc/events.sp::CS_OnBuyCommand
L 08/16/2020 - 23:07:47: [SM] Exception reported: Array index out-of-bounds (index 64, limit 55)
L 08/16/2020 - 23:07:47: [SM] Blaming: weapon_restrict.smx
L 08/16/2020 - 23:07:47: [SM] Call stack trace:
L 08/16/2020 - 23:07:47: [SM]   [1] Line 202, restrictinc/events.sp::CS_OnBuyCommand
L 08/16/2020 - 23:09:28: [SM] Exception reported: Array index out-of-bounds (index 64, limit 55)
L 08/16/2020 - 23:09:28: [SM] Blaming: weapon_restrict.smx
L 08/16/2020 - 23:09:28: [SM] Call stack trace:
L 08/16/2020 - 23:09:28: [SM]   [1] Line 202, restrictinc/events.sp::CS_OnBuyCommand
L 08/16/2020 - 23:09:28: [SM] Exception reported: Array index out-of-bounds (index 64, limit 55)
L 08/16/2020 - 23:09:28: [SM] Blaming: weapon_restrict.smx
L 08/16/2020 - 23:09:28: [SM] Call stack trace:
L 08/16/2020 - 23:09:28: [SM]   [1] Line 202, restrictinc/events.sp::CS_OnBuyCommand
L 08/16/2020 - 23:09:30: [SM] Exception reported: Array index out-of-bounds (index 64, limit 55)
L 08/16/2020 - 23:09:30: [SM] Blaming: weapon_restrict.smx
L 08/16/2020 - 23:09:30: [SM] Call stack trace:
L 08/16/2020 - 23:09:30: [SM]   [1] Line 202, restrictinc/events.sp::CS_OnBuyCommand
L 08/16/2020 - 23:09:35: [SM] Exception reported: Array index out-of-bounds (index 64, limit 55)
L 08/16/2020 - 23:09:35: [SM] Blaming: weapon_restrict.smx
L 08/16/2020 - 23:09:35: [SM] Call stack trace:
L 08/16/2020 - 23:09:35: [SM]   [1] Line 202, restrictinc/events.sp::CS_OnBuyCommand
L 08/16/2020 - 23:09:37: [SM] Exception reported: Array index out-of-bounds (index 64, limit 55)
L 08/16/2020 - 23:09:37: [SM] Blaming: weapon_restrict.smx
L 08/16/2020 - 23:09:37: [SM] Call stack trace:
L 08/16/2020 - 23:09:37: [SM]   [1] Line 202, restrictinc/events.sp::CS_OnBuyCommand
L 08/16/2020 - 23:09:41: [SM] Exception reported: Array index out-of-bounds (index 64, limit 55)
L 08/16/2020 - 23:09:41: [SM] Blaming: weapon_restrict.smx
L 08/16/2020 - 23:09:41: [SM] Call stack trace:
L 08/16/2020 - 23:09:41: [SM]   [1] Line 202, restrictinc/events.sp::CS_OnBuyCommand
L 08/16/2020 - 23:10:25: [SM] Exception reported: Array index out-of-bounds (index 64, limit 55)
L 08/16/2020 - 23:10:25: [SM] Blaming: weapon_restrict.smx
L 08/16/2020 - 23:10:25: [SM] Call stack trace:
L 08/16/2020 - 23:10:25: [SM]   [1] Line 202, restrictinc/events.sp::CS_OnBuyCommand
L 08/16/2020 - 23:10:26: [SM] Exception reported: Array index out-of-bounds (index 64, limit 55)
L 08/16/2020 - 23:10:26: [SM] Blaming: weapon_restrict.smx
L 08/16/2020 - 23:10:26: [SM] Call stack trace:
L 08/16/2020 - 23:10:26: [SM]   [1] Line 202, restrictinc/events.sp::CS_OnBuyCommand
L 08/16/2020 - 23:10:31: [SM] Exception reported: Array index out-of-bounds (index 64, limit 55)
L 08/16/2020 - 23:10:31: [SM] Blaming: weapon_restrict.smx
L 08/16/2020 - 23:10:31: [SM] Call stack trace:
L 08/16/2020 - 23:10:31: [SM]   [1] Line 202, restrictinc/events.sp::CS_OnBuyCommand
L 08/16/2020 - 23:10:33: [SM] Exception reported: Array index out-of-bounds (index 64, limit 55)
L 08/16/2020 - 23:10:33: [SM] Blaming: weapon_restrict.smx
L 08/16/2020 - 23:10:33: [SM] Call stack trace:
L 08/16/2020 - 23:10:33: [SM]   [1] Line 202, restrictinc/events.sp::CS_OnBuyCommand
L 08/16/2020 - 23:10:35: [SM] Exception reported: Array index out-of-bounds (index 64, limit 55)
L 08/16/2020 - 23:10:35: [SM] Blaming: weapon_restrict.smx
L 08/16/2020 - 23:10:35: [SM] Call stack trace:
L 08/16/2020 - 23:10:35: [SM]   [1] Line 202, restrictinc/events.sp::CS_OnBuyCommand
L 08/16/2020 - 23:12:19: [SM] Exception reported: Array index out-of-bounds (index 64, limit 55)
L 08/16/2020 - 23:12:19: [SM] Blaming: weapon_restrict.smx
L 08/16/2020 - 23:12:19: [SM] Call stack trace:
L 08/16/2020 - 23:12:19: [SM]   [1] Line 202, restrictinc/events.sp::CS_OnBuyCommand
L 08/16/2020 - 23:12:35: [SM] Exception reported: Array index out-of-bounds (index 64, limit 55)
L 08/16/2020 - 23:12:35: [SM] Blaming: weapon_restrict.smx
L 08/16/2020 - 23:12:35: [SM] Call stack trace:
L 08/16/2020 - 23:12:35: [SM]   [1] Line 202, restrictinc/events.sp::CS_OnBuyCommand
L 08/16/2020 - 23:12:39: [SM] Exception reported: Array index out-of-bounds (index 64, limit 55)
L 08/16/2020 - 23:12:39: [SM] Blaming: weapon_restrict.smx
L 08/16/2020 - 23:12:39: [SM] Call stack trace:
L 08/16/2020 - 23:12:39: [SM]   [1] Line 202, restrictinc/events.sp::CS_OnBuyCommand
L 08/16/2020 - 23:12:44: [SM] Exception reported: Array index out-of-bounds (index 64, limit 55)
L 08/16/2020 - 23:12:44: [SM] Blaming: weapon_restrict.smx
L 08/16/2020 - 23:12:44: [SM] Call stack trace:
L 08/16/2020 - 23:12:44: [SM]   [1] Line 202, restrictinc/events.sp::CS_OnBuyCommand
L 08/16/2020 - 23:15:41: [SM] Exception reported: Language phrase "Player_Connected_From" not found (arg 3)
L 08/16/2020 - 23:15:41: [SM] Blaming: advadmin.smx
L 08/16/2020 - 23:15:41: [SM] Call stack trace:
L 08/16/2020 - 23:15:41: [SM]   [0] VFormat
L 08/16/2020 - 23:15:41: [SM]   [1] Line 386, /groups/sourcemod/compiler-1.10/include/halflife.inc::PrintToChatAll
L 08/16/2020 - 23:15:41: [SM]   [2] Line 141, /home/groups/sourcemod/upload_tmp/phpRYtiXm.sp::OnClientAuthorized
L 08/16/2020 - 23:17:51: [SM] Exception reported: Array index out-of-bounds (index 64, limit 55)
L 08/16/2020 - 23:17:51: [SM] Blaming: weapon_restrict.smx
L 08/16/2020 - 23:17:51: [SM] Call stack trace:
L 08/16/2020 - 23:17:51: [SM]   [1] Line 202, restrictinc/events.sp::CS_OnBuyCommand
L 08/16/2020 - 23:18:07: [SM] Exception reported: Language phrase "Player_Connected_From" not found (arg 3)
L 08/16/2020 - 23:18:07: [SM] Blaming: advadmin.smx
L 08/16/2020 - 23:18:07: [SM] Call stack trace:
L 08/16/2020 - 23:18:07: [SM]   [0] VFormat
L 08/16/2020 - 23:18:07: [SM]   [1] Line 386, /groups/sourcemod/compiler-1.10/include/halflife.inc::PrintToChatAll
L 08/16/2020 - 23:18:07: [SM]   [2] Line 141, /home/groups/sourcemod/upload_tmp/phpRYtiXm.sp::OnClientAuthorized
L 08/16/2020 - 23:18:56: [SM] Exception reported: Array index out-of-bounds (index 64, limit 55)
L 08/16/2020 - 23:18:56: [SM] Blaming: weapon_restrict.smx
L 08/16/2020 - 23:18:56: [SM] Call stack trace:
L 08/16/2020 - 23:18:56: [SM]   [1] Line 202, restrictinc/events.sp::CS_OnBuyCommand
L 08/16/2020 - 23:20:54: [SM] Exception reported: Language phrase "Player_Connected_From" not found (arg 3)
L 08/16/2020 - 23:20:54: [SM] Blaming: advadmin.smx
L 08/16/2020 - 23:20:54: [SM] Call stack trace:
L 08/16/2020 - 23:20:54: [SM]   [0] VFormat
L 08/16/2020 - 23:20:54: [SM]   [1] Line 386, /groups/sourcemod/compiler-1.10/include/halflife.inc::PrintToChatAll
L 08/16/2020 - 23:20:54: [SM]   [2] Line 141, /home/groups/sourcemod/upload_tmp/phpRYtiXm.sp::OnClientAuthorized
L 08/16/2020 - 23:21:49: [SM] Exception reported: Language phrase "Player_Connected_From" not found (arg 3)
L 08/16/2020 - 23:21:49: [SM] Blaming: advadmin.smx
L 08/16/2020 - 23:21:49: [SM] Call stack trace:
L 08/16/2020 - 23:21:49: [SM]   [0] VFormat
L 08/16/2020 - 23:21:49: [SM]   [1] Line 386, /groups/sourcemod/compiler-1.10/include/halflife.inc::PrintToChatAll
L 08/16/2020 - 23:21:49: [SM]   [2] Line 141, /home/groups/sourcemod/upload_tmp/phpRYtiXm.sp::OnClientAuthorized
L 08/16/2020 - 23:22:05: [SM] Exception reported: Language phrase "Player_Connected_From" not found (arg 3)
L 08/16/2020 - 23:22:05: [SM] Blaming: advadmin.smx
L 08/16/2020 - 23:22:05: [SM] Call stack trace:
L 08/16/2020 - 23:22:05: [SM]   [0] VFormat
L 08/16/2020 - 23:22:05: [SM]   [1] Line 386, /groups/sourcemod/compiler-1.10/include/halflife.inc::PrintToChatAll
L 08/16/2020 - 23:22:05: [SM]   [2] Line 141, /home/groups/sourcemod/upload_tmp/phpRYtiXm.sp::OnClientAuthorized
L 08/16/2020 - 23:22:23: [SM] Exception reported: Language phrase "Player_Connected_From" not found (arg 3)
L 08/16/2020 - 23:22:23: [SM] Blaming: advadmin.smx
L 08/16/2020 - 23:22:23: [SM] Call stack trace:
L 08/16/2020 - 23:22:23: [SM]   [0] VFormat
L 08/16/2020 - 23:22:23: [SM]   [1] Line 386, /groups/sourcemod/compiler-1.10/include/halflife.inc::PrintToChatAll
L 08/16/2020 - 23:22:23: [SM]   [2] Line 141, /home/groups/sourcemod/upload_tmp/phpRYtiXm.sp::OnClientAuthorized
L 08/16/2020 - 23:22:38: [SM] Exception reported: Language phrase "Player_Connected_From" not found (arg 3)
L 08/16/2020 - 23:22:38: [SM] Blaming: advadmin.smx
L 08/16/2020 - 23:22:38: [SM] Call stack trace:
L 08/16/2020 - 23:22:38: [SM]   [0] VFormat
L 08/16/2020 - 23:22:38: [SM]   [1] Line 386, /groups/sourcemod/compiler-1.10/include/halflife.inc::PrintToChatAll
L 08/16/2020 - 23:22:38: [SM]   [2] Line 141, /home/groups/sourcemod/upload_tmp/phpRYtiXm.sp::OnClientAuthorized
L 08/16/2020 - 23:23:23: [SM] Exception reported: Language phrase "Player_Connected_From" not found (arg 3)
L 08/16/2020 - 23:23:23: [SM] Blaming: advadmin.smx
L 08/16/2020 - 23:23:23: [SM] Call stack trace:
L 08/16/2020 - 23:23:23: [SM]   [0] VFormat
L 08/16/2020 - 23:23:23: [SM]   [1] Line 386, /groups/sourcemod/compiler-1.10/include/halflife.inc::PrintToChatAll
L 08/16/2020 - 23:23:23: [SM]   [2] Line 141, /home/groups/sourcemod/upload_tmp/phpRYtiXm.sp::OnClientAuthorized
L 08/16/2020 - 23:25:50: [SM] Exception reported: Array index out-of-bounds (index 64, limit 55)
L 08/16/2020 - 23:25:50: [SM] Blaming: weapon_restrict.smx
L 08/16/2020 - 23:25:50: [SM] Call stack trace:
L 08/16/2020 - 23:25:50: [SM]   [1] Line 202, restrictinc/events.sp::CS_OnBuyCommand
L 08/16/2020 - 23:25:55: [SM] Exception reported: Array index out-of-bounds (index 64, limit 55)
L 08/16/2020 - 23:25:55: [SM] Blaming: weapon_restrict.smx
L 08/16/2020 - 23:25:55: [SM] Call stack trace:
L 08/16/2020 - 23:25:55: [SM]   [1] Line 202, restrictinc/events.sp::CS_OnBuyCommand
L 08/16/2020 - 23:26:09: [SM] Exception reported: Array index out-of-bounds (index 64, limit 55)
L 08/16/2020 - 23:26:09: [SM] Blaming: weapon_restrict.smx
L 08/16/2020 - 23:26:09: [SM] Call stack trace:
L 08/16/2020 - 23:26:09: [SM]   [1] Line 202, restrictinc/events.sp::CS_OnBuyCommand
L 08/16/2020 - 23:26:56: [SM] Exception reported: Array index out-of-bounds (index 64, limit 55)
L 08/16/2020 - 23:26:56: [SM] Blaming: weapon_restrict.smx
L 08/16/2020 - 23:26:56: [SM] Call stack trace:
L 08/16/2020 - 23:26:56: [SM]   [1] Line 202, restrictinc/events.sp::CS_OnBuyCommand
L 08/16/2020 - 23:26:57: [SM] Exception reported: Array index out-of-bounds (index 64, limit 55)
L 08/16/2020 - 23:26:57: [SM] Blaming: weapon_restrict.smx
L 08/16/2020 - 23:26:57: [SM] Call stack trace:
L 08/16/2020 - 23:26:57: [SM]   [1] Line 202, restrictinc/events.sp::CS_OnBuyCommand
L 08/16/2020 - 23:26:58: [SM] Exception reported: Array index out-of-bounds (index 64, limit 55)
L 08/16/2020 - 23:26:58: [SM] Blaming: weapon_restrict.smx
L 08/16/2020 - 23:26:58: [SM] Call stack trace:
L 08/16/2020 - 23:26:58: [SM]   [1] Line 202, restrictinc/events.sp::CS_OnBuyCommand
L 08/16/2020 - 23:26:58: [SM] Exception reported: Array index out-of-bounds (index 64, limit 55)
L 08/16/2020 - 23:26:58: [SM] Blaming: weapon_restrict.smx
L 08/16/2020 - 23:26:58: [SM] Call stack trace:
L 08/16/2020 - 23:26:58: [SM]   [1] Line 202, restrictinc/events.sp::CS_OnBuyCommand
L 08/16/2020 - 23:27:52: [SM] Exception reported: Array index out-of-bounds (index 64, limit 55)
L 08/16/2020 - 23:27:52: [SM] Blaming: weapon_restrict.smx
L 08/16/2020 - 23:27:52: [SM] Call stack trace:
L 08/16/2020 - 23:27:52: [SM]   [1] Line 202, restrictinc/events.sp::CS_OnBuyCommand
L 08/16/2020 - 23:27:55: [SM] Exception reported: Array index out-of-bounds (index 64, limit 55)
L 08/16/2020 - 23:27:55: [SM] Blaming: weapon_restrict.smx
L 08/16/2020 - 23:27:55: [SM] Call stack trace:
L 08/16/2020 - 23:27:55: [SM]   [1] Line 202, restrictinc/events.sp::CS_OnBuyCommand
L 08/16/2020 - 23:27:56: [SM] Exception reported: Array index out-of-bounds (index 64, limit 55)
L 08/16/2020 - 23:27:56: [SM] Blaming: weapon_restrict.smx
L 08/16/2020 - 23:27:56: [SM] Call stack trace:
L 08/16/2020 - 23:27:56: [SM]   [1] Line 202, restrictinc/events.sp::CS_OnBuyCommand
L 08/16/2020 - 23:30:03: [SM] Exception reported: Array index out-of-bounds (index 63, limit 55)
L 08/16/2020 - 23:30:03: [SM] Blaming: weapon_restrict.smx
L 08/16/2020 - 23:30:03: [SM] Call stack trace:
L 08/16/2020 - 23:30:03: [SM]   [1] Line 202, restrictinc/events.sp::CS_OnBuyCommand
L 08/16/2020 - 23:31:18: [SM] Exception reported: Array index out-of-bounds (index 64, limit 55)
L 08/16/2020 - 23:31:18: [SM] Blaming: weapon_restrict.smx
L 08/16/2020 - 23:31:18: [SM] Call stack trace:
L 08/16/2020 - 23:31:18: [SM]   [1] Line 202, restrictinc/events.sp::CS_OnBuyCommand
L 08/16/2020 - 23:31:22: [SM] Exception reported: Array index out-of-bounds (index 64, limit 55)
L 08/16/2020 - 23:31:22: [SM] Blaming: weapon_restrict.smx
L 08/16/2020 - 23:31:22: [SM] Call stack trace:
L 08/16/2020 - 23:31:22: [SM]   [1] Line 202, restrictinc/events.sp::CS_OnBuyCommand
L 08/16/2020 - 23:32:28: [SM] Exception reported: Array index out-of-bounds (index 64, limit 55)
L 08/16/2020 - 23:32:28: [SM] Blaming: weapon_restrict.smx
L 08/16/2020 - 23:32:28: [SM] Call stack trace:
L 08/16/2020 - 23:32:28: [SM]   [1] Line 202, restrictinc/events.sp::CS_OnBuyCommand
L 08/16/2020 - 23:32:36: [SM] Exception reported: Array index out-of-bounds (index 64, limit 55)
L 08/16/2020 - 23:32:36: [SM] Blaming: weapon_restrict.smx
L 08/16/2020 - 23:32:36: [SM] Call stack trace:
L 08/16/2020 - 23:32:36: [SM]   [1] Line 202, restrictinc/events.sp::CS_OnBuyCommand
L 08/16/2020 - 23:32:37: [SM] Exception reported: Array index out-of-bounds (index 64, limit 55)
L 08/16/2020 - 23:32:37: [SM] Blaming: weapon_restrict.smx
L 08/16/2020 - 23:32:37: [SM] Call stack trace:
L 08/16/2020 - 23:32:37: [SM]   [1] Line 202, restrictinc/events.sp::CS_OnBuyCommand
L 08/16/2020 - 23:32:39: [SM] Exception reported: Array index out-of-bounds (index 64, limit 55)
L 08/16/2020 - 23:32:39: [SM] Blaming: weapon_restrict.smx
L 08/16/2020 - 23:32:39: [SM] Call stack trace:
L 08/16/2020 - 23:32:39: [SM]   [1] Line 202, restrictinc/events.sp::CS_OnBuyCommand
L 08/16/2020 - 23:32:41: [SM] Exception reported: Array index out-of-bounds (index 64, limit 55)
L 08/16/2020 - 23:32:41: [SM] Blaming: weapon_restrict.smx
L 08/16/2020 - 23:32:41: [SM] Call stack trace:
L 08/16/2020 - 23:32:41: [SM]   [1] Line 202, restrictinc/events.sp::CS_OnBuyCommand
L 08/16/2020 - 23:34:23: [SM] Exception reported: Array index out-of-bounds (index 64, limit 55)
L 08/16/2020 - 23:34:23: [SM] Blaming: weapon_restrict.smx
L 08/16/2020 - 23:34:23: [SM] Call stack trace:
L 08/16/2020 - 23:34:23: [SM]   [1] Line 202, restrictinc/events.sp::CS_OnBuyCommand
L 08/16/2020 - 23:34:29: [SM] Exception reported: Array index out-of-bounds (index 64, limit 55)
L 08/16/2020 - 23:34:29: [SM] Blaming: weapon_restrict.smx
L 08/16/2020 - 23:34:29: [SM] Call stack trace:
L 08/16/2020 - 23:34:29: [SM]   [1] Line 202, restrictinc/events.sp::CS_OnBuyCommand
L 08/16/2020 - 23:34:30: [SM] Exception reported: Array index out-of-bounds (index 64, limit 55)
L 08/16/2020 - 23:34:30: [SM] Blaming: weapon_restrict.smx
L 08/16/2020 - 23:34:30: [SM] Call stack trace:
L 08/16/2020 - 23:34:30: [SM]   [1] Line 202, restrictinc/events.sp::CS_OnBuyCommand
L 08/16/2020 - 23:34:33: [SM] Exception reported: Array index out-of-bounds (index 64, limit 55)
L 08/16/2020 - 23:34:33: [SM] Blaming: weapon_restrict.smx
L 08/16/2020 - 23:34:33: [SM] Call stack trace:
L 08/16/2020 - 23:34:33: [SM]   [1] Line 202, restrictinc/events.sp::CS_OnBuyCommand
L 08/16/2020 - 23:34:35: [SM] Exception reported: Array index out-of-bounds (index 64, limit 55)
L 08/16/2020 - 23:34:35: [SM] Blaming: weapon_restrict.smx
L 08/16/2020 - 23:34:35: [SM] Call stack trace:
L 08/16/2020 - 23:34:35: [SM]   [1] Line 202, restrictinc/events.sp::CS_OnBuyCommand
L 08/16/2020 - 23:34:37: [SM] Exception reported: Array index out-of-bounds (index 64, limit 55)
L 08/16/2020 - 23:34:37: [SM] Blaming: weapon_restrict.smx
L 08/16/2020 - 23:34:37: [SM] Call stack trace:
L 08/16/2020 - 23:34:37: [SM]   [1] Line 202, restrictinc/events.sp::CS_OnBuyCommand
L 08/16/2020 - 23:35:27: [SM] Exception reported: Array index out-of-bounds (index 64, limit 55)
L 08/16/2020 - 23:35:27: [SM] Blaming: weapon_restrict.smx
L 08/16/2020 - 23:35:27: [SM] Call stack trace:
L 08/16/2020 - 23:35:27: [SM]   [1] Line 202, restrictinc/events.sp::CS_OnBuyCommand
L 08/16/2020 - 23:35:30: [SM] Exception reported: Array index out-of-bounds (index 64, limit 55)
L 08/16/2020 - 23:35:30: [SM] Blaming: weapon_restrict.smx
L 08/16/2020 - 23:35:30: [SM] Call stack trace:
L 08/16/2020 - 23:35:30: [SM]   [1] Line 202, restrictinc/events.sp::CS_OnBuyCommand
L 08/16/2020 - 23:35:30: [SM] Exception reported: Array index out-of-bounds (index 64, limit 55)
L 08/16/2020 - 23:35:30: [SM] Blaming: weapon_restrict.smx
L 08/16/2020 - 23:35:30: [SM] Call stack trace:
L 08/16/2020 - 23:35:30: [SM]   [1] Line 202, restrictinc/events.sp::CS_OnBuyCommand
L 08/16/2020 - 23:35:32: [SM] Exception reported: Array index out-of-bounds (index 64, limit 55)
L 08/16/2020 - 23:35:32: [SM] Blaming: weapon_restrict.smx
L 08/16/2020 - 23:35:32: [SM] Call stack trace:
L 08/16/2020 - 23:35:32: [SM]   [1] Line 202, restrictinc/events.sp::CS_OnBuyCommand
L 08/16/2020 - 23:35:37: [SM] Exception reported: Array index out-of-bounds (index 64, limit 55)
L 08/16/2020 - 23:35:37: [SM] Blaming: weapon_restrict.smx
L 08/16/2020 - 23:35:37: [SM] Call stack trace:
L 08/16/2020 - 23:35:37: [SM]   [1] Line 202, restrictinc/events.sp::CS_OnBuyCommand
L 08/16/2020 - 23:36:12: [SM] Exception reported: Array index out-of-bounds (index 64, limit 55)
L 08/16/2020 - 23:36:12: [SM] Blaming: weapon_restrict.smx
L 08/16/2020 - 23:36:12: [SM] Call stack trace:
L 08/16/2020 - 23:36:12: [SM]   [1] Line 202, restrictinc/events.sp::CS_OnBuyCommand
L 08/16/2020 - 23:36:22: [SM] Exception reported: Array index out-of-bounds (index 64, limit 55)
L 08/16/2020 - 23:36:22: [SM] Blaming: weapon_restrict.smx
L 08/16/2020 - 23:36:22: [SM] Call stack trace:
L 08/16/2020 - 23:36:22: [SM]   [1] Line 202, restrictinc/events.sp::CS_OnBuyCommand
L 08/16/2020 - 23:36:25: [SM] Exception reported: Array index out-of-bounds (index 64, limit 55)
L 08/16/2020 - 23:36:25: [SM] Blaming: weapon_restrict.smx
L 08/16/2020 - 23:36:25: [SM] Call stack trace:
L 08/16/2020 - 23:36:25: [SM]   [1] Line 202, restrictinc/events.sp::CS_OnBuyCommand
L 08/16/2020 - 23:37:21: [SM] Exception reported: Array index out-of-bounds (index 64, limit 55)
L 08/16/2020 - 23:37:21: [SM] Blaming: weapon_restrict.smx
L 08/16/2020 - 23:37:21: [SM] Call stack trace:
L 08/16/2020 - 23:37:21: [SM]   [1] Line 202, restrictinc/events.sp::CS_OnBuyCommand
L 08/16/2020 - 23:37:30: [SM] Exception reported: Array index out-of-bounds (index 64, limit 55)
L 08/16/2020 - 23:37:30: [SM] Blaming: weapon_restrict.smx
L 08/16/2020 - 23:37:30: [SM] Call stack trace:
L 08/16/2020 - 23:37:30: [SM]   [1] Line 202, restrictinc/events.sp::CS_OnBuyCommand
L 08/16/2020 - 23:40:01: [SM] Exception reported: Array index out-of-bounds (index 64, limit 55)
L 08/16/2020 - 23:40:01: [SM] Blaming: weapon_restrict.smx
L 08/16/2020 - 23:40:01: [SM] Call stack trace:
L 08/16/2020 - 23:40:01: [SM]   [1] Line 202, restrictinc/events.sp::CS_OnBuyCommand
L 08/16/2020 - 23:40:16: [SM] Exception reported: Array index out-of-bounds (index 64, limit 55)
L 08/16/2020 - 23:40:16: [SM] Blaming: weapon_restrict.smx
L 08/16/2020 - 23:40:16: [SM] Call stack trace:
L 08/16/2020 - 23:40:16: [SM]   [1] Line 202, restrictinc/events.sp::CS_OnBuyCommand
L 08/16/2020 - 23:40:41: [SM] Exception reported: Language phrase "CMD_Admins_Offline" not found (arg 4)
L 08/16/2020 - 23:40:41: [SM] Blaming: advadmin.smx
L 08/16/2020 - 23:40:41: [SM] Call stack trace:
L 08/16/2020 - 23:40:41: [SM]   [0] ReplyToCommand
L 08/16/2020 - 23:40:41: [SM]   [1] Line 203, /home/groups/sourcemod/upload_tmp/phpRYtiXm.sp::CMD_Admins
L 08/16/2020 - 23:40:46: [SM] Exception reported: Language phrase "CMD_Admins_Offline" not found (arg 4)
L 08/16/2020 - 23:40:46: [SM] Blaming: advadmin.smx
L 08/16/2020 - 23:40:46: [SM] Call stack trace:
L 08/16/2020 - 23:40:46: [SM]   [0] ReplyToCommand
L 08/16/2020 - 23:40:46: [SM]   [1] Line 203, /home/groups/sourcemod/upload_tmp/phpRYtiXm.sp::CMD_Admins
L 08/16/2020 - 23:40:47: [SM] Exception reported: Language phrase "Player_Connected_From" not found (arg 3)
L 08/16/2020 - 23:40:47: [SM] Blaming: advadmin.smx
L 08/16/2020 - 23:40:47: [SM] Call stack trace:
L 08/16/2020 - 23:40:47: [SM]   [0] VFormat
L 08/16/2020 - 23:40:47: [SM]   [1] Line 386, /groups/sourcemod/compiler-1.10/include/halflife.inc::PrintToChatAll
L 08/16/2020 - 23:40:47: [SM]   [2] Line 141, /home/groups/sourcemod/upload_tmp/phpRYtiXm.sp::OnClientAuthorized
L 08/16/2020 - 23:40:49: [SM] Exception reported: Language phrase "Player_Connected_From" not found (arg 3)
L 08/16/2020 - 23:40:49: [SM] Blaming: advadmin.smx
L 08/16/2020 - 23:40:49: [SM] Call stack trace:
L 08/16/2020 - 23:40:49: [SM]   [0] VFormat
L 08/16/2020 - 23:40:49: [SM]   [1] Line 386, /groups/sourcemod/compiler-1.10/include/halflife.inc::PrintToChatAll
L 08/16/2020 - 23:40:49: [SM]   [2] Line 141, /home/groups/sourcemod/upload_tmp/phpRYtiXm.sp::OnClientAuthorized
L 08/16/2020 - 23:42:01: [SM] Exception reported: Array index out-of-bounds (index 64, limit 55)
L 08/16/2020 - 23:42:01: [SM] Blaming: weapon_restrict.smx
L 08/16/2020 - 23:42:01: [SM] Call stack trace:
L 08/16/2020 - 23:42:01: [SM]   [1] Line 202, restrictinc/events.sp::CS_OnBuyCommand
L 08/16/2020 - 23:43:27: [SM] Exception reported: Array index out-of-bounds (index 64, limit 55)
L 08/16/2020 - 23:43:27: [SM] Blaming: weapon_restrict.smx
L 08/16/2020 - 23:43:27: [SM] Call stack trace:
L 08/16/2020 - 23:43:27: [SM]   [1] Line 202, restrictinc/events.sp::CS_OnBuyCommand
L 08/16/2020 - 23:43:38: [SM] Exception reported: Array index out-of-bounds (index 64, limit 55)
L 08/16/2020 - 23:43:38: [SM] Blaming: weapon_restrict.smx
L 08/16/2020 - 23:43:38: [SM] Call stack trace:
L 08/16/2020 - 23:43:38: [SM]   [1] Line 202, restrictinc/events.sp::CS_OnBuyCommand
L 08/16/2020 - 23:43:41: [SM] Exception reported: Array index out-of-bounds (index 64, limit 55)
L 08/16/2020 - 23:43:41: [SM] Blaming: weapon_restrict.smx
L 08/16/2020 - 23:43:41: [SM] Call stack trace:
L 08/16/2020 - 23:43:41: [SM]   [1] Line 202, restrictinc/events.sp::CS_OnBuyCommand
L 08/16/2020 - 23:43:55: [SM] Exception reported: Array index out-of-bounds (index 64, limit 55)
L 08/16/2020 - 23:43:55: [SM] Blaming: weapon_restrict.smx
L 08/16/2020 - 23:43:55: [SM] Call stack trace:
L 08/16/2020 - 23:43:55: [SM]   [1] Line 202, restrictinc/events.sp::CS_OnBuyCommand
L 08/16/2020 - 23:44:45: [SM] Exception reported: Array index out-of-bounds (index 64, limit 55)
L 08/16/2020 - 23:44:45: [SM] Blaming: weapon_restrict.smx
L 08/16/2020 - 23:44:45: [SM] Call stack trace:
L 08/16/2020 - 23:44:45: [SM]   [1] Line 202, restrictinc/events.sp::CS_OnBuyCommand
L 08/17/2020 - 02:52:34: Error log file session closed.
