L 08/19/2020 - 09:42:48: SourceMod error session started
L 08/19/2020 - 09:42:48: Info (map "de_bank") (file "/home/tcagame/jackm1/488/csgo/addons/sourcemod/logs/errors_20200819.log")
L 08/19/2020 - 09:42:48: [SM] Fatal error encountered parsing translation file "advadmin.phrases.txt"
L 08/19/2020 - 09:42:48: [SM] Error (line 0, column 0): Stream failed to open
L 08/19/2020 - 09:43:04: [SM] Exception reported: Array index out-of-bounds (index 55, limit 55)
L 08/19/2020 - 09:43:04: [SM] Blaming: weapon_restrict.smx
L 08/19/2020 - 09:43:04: [SM] Call stack trace:
L 08/19/2020 - 09:43:04: [SM]   [1] Line 202, restrictinc/events.sp::CS_OnBuyCommand
L 08/19/2020 - 09:50:21: Error log file session closed.
L 08/19/2020 - 09:50:21: SourceMod error session started
L 08/19/2020 - 09:50:21: Info (map "de_bank") (file "/home/tcagame/jackm1/488/csgo/addons/sourcemod/logs/errors_20200819.log")
L 08/19/2020 - 09:50:21: [SM] Fatal error encountered parsing translation file "advadmin.phrases.txt"
L 08/19/2020 - 09:50:21: [SM] Error (line 0, column 0): Stream failed to open
L 08/19/2020 - 10:46:57: Error log file session closed.
L 08/19/2020 - 10:46:57: SourceMod error session started
L 08/19/2020 - 10:46:57: Info (map "de_bank") (file "/home/tcagame/jackm1/488/csgo/addons/sourcemod/logs/errors_20200819.log")
L 08/19/2020 - 10:46:57: [SM] Fatal error encountered parsing translation file "advadmin.phrases.txt"
L 08/19/2020 - 10:46:57: [SM] Error (line 0, column 0): Stream failed to open
L 08/19/2020 - 10:49:10: [SM] Exception reported: Language phrase "Player_Connected_From" not found (arg 3)
L 08/19/2020 - 10:49:10: [SM] Blaming: advadmin.smx
L 08/19/2020 - 10:49:10: [SM] Call stack trace:
L 08/19/2020 - 10:49:10: [SM]   [0] VFormat
L 08/19/2020 - 10:49:10: [SM]   [1] Line 386, /groups/sourcemod/compiler-1.10/include/halflife.inc::PrintToChatAll
L 08/19/2020 - 10:49:10: [SM]   [2] Line 141, /home/groups/sourcemod/upload_tmp/phpRYtiXm.sp::OnClientAuthorized
L 08/19/2020 - 10:50:11: [SM] Exception reported: Array index out-of-bounds (index 64, limit 55)
L 08/19/2020 - 10:50:11: [SM] Blaming: weapon_restrict.smx
L 08/19/2020 - 10:50:11: [SM] Call stack trace:
L 08/19/2020 - 10:50:11: [SM]   [1] Line 202, restrictinc/events.sp::CS_OnBuyCommand
L 08/19/2020 - 10:51:03: Error log file session closed.
L 08/19/2020 - 10:51:03: SourceMod error session started
L 08/19/2020 - 10:51:03: Info (map "de_overpass") (file "/home/tcagame/jackm1/488/csgo/addons/sourcemod/logs/errors_20200819.log")
L 08/19/2020 - 10:51:03: [SM] Fatal error encountered parsing translation file "advadmin.phrases.txt"
L 08/19/2020 - 10:51:03: [SM] Error (line 0, column 0): Stream failed to open
L 08/19/2020 - 10:51:54: [SM] Exception reported: Array index out-of-bounds (index 64, limit 55)
L 08/19/2020 - 10:51:54: [SM] Blaming: weapon_restrict.smx
L 08/19/2020 - 10:51:54: [SM] Call stack trace:
L 08/19/2020 - 10:51:54: [SM]   [1] Line 202, restrictinc/events.sp::CS_OnBuyCommand
L 08/19/2020 - 10:56:13: [SM] Exception reported: Array index out-of-bounds (index 64, limit 55)
L 08/19/2020 - 10:56:13: [SM] Blaming: weapon_restrict.smx
L 08/19/2020 - 10:56:13: [SM] Call stack trace:
L 08/19/2020 - 10:56:13: [SM]   [1] Line 202, restrictinc/events.sp::CS_OnBuyCommand
L 08/19/2020 - 10:56:21: [SM] Exception reported: Array index out-of-bounds (index 64, limit 55)
L 08/19/2020 - 10:56:21: [SM] Blaming: weapon_restrict.smx
L 08/19/2020 - 10:56:21: [SM] Call stack trace:
L 08/19/2020 - 10:56:21: [SM]   [1] Line 202, restrictinc/events.sp::CS_OnBuyCommand
L 08/19/2020 - 10:59:49: [SM] Exception reported: Array index out-of-bounds (index 64, limit 55)
L 08/19/2020 - 10:59:49: [SM] Blaming: weapon_restrict.smx
L 08/19/2020 - 10:59:49: [SM] Call stack trace:
L 08/19/2020 - 10:59:49: [SM]   [1] Line 202, restrictinc/events.sp::CS_OnBuyCommand
L 08/19/2020 - 11:04:16: [SM] Exception reported: Array index out-of-bounds (index 64, limit 55)
L 08/19/2020 - 11:04:16: [SM] Blaming: weapon_restrict.smx
L 08/19/2020 - 11:04:16: [SM] Call stack trace:
L 08/19/2020 - 11:04:16: [SM]   [1] Line 202, restrictinc/events.sp::CS_OnBuyCommand
L 08/19/2020 - 11:05:29: [SM] Exception reported: Array index out-of-bounds (index 64, limit 55)
L 08/19/2020 - 11:05:29: [SM] Blaming: weapon_restrict.smx
L 08/19/2020 - 11:05:29: [SM] Call stack trace:
L 08/19/2020 - 11:05:29: [SM]   [1] Line 202, restrictinc/events.sp::CS_OnBuyCommand
L 08/19/2020 - 11:06:20: [SM] Exception reported: Array index out-of-bounds (index 64, limit 55)
L 08/19/2020 - 11:06:20: [SM] Blaming: weapon_restrict.smx
L 08/19/2020 - 11:06:20: [SM] Call stack trace:
L 08/19/2020 - 11:06:20: [SM]   [1] Line 202, restrictinc/events.sp::CS_OnBuyCommand
L 08/19/2020 - 11:06:21: [SM] Exception reported: Array index out-of-bounds (index 64, limit 55)
L 08/19/2020 - 11:06:21: [SM] Blaming: weapon_restrict.smx
L 08/19/2020 - 11:06:21: [SM] Call stack trace:
L 08/19/2020 - 11:06:21: [SM]   [1] Line 202, restrictinc/events.sp::CS_OnBuyCommand
L 08/19/2020 - 11:06:55: [SM] Exception reported: Array index out-of-bounds (index 64, limit 55)
L 08/19/2020 - 11:06:55: [SM] Blaming: weapon_restrict.smx
L 08/19/2020 - 11:06:55: [SM] Call stack trace:
L 08/19/2020 - 11:06:55: [SM]   [1] Line 202, restrictinc/events.sp::CS_OnBuyCommand
L 08/19/2020 - 11:11:05: Error log file session closed.
L 08/19/2020 - 11:11:05: SourceMod error session started
L 08/19/2020 - 11:11:05: Info (map "de_inferno") (file "/home/tcagame/jackm1/488/csgo/addons/sourcemod/logs/errors_20200819.log")
L 08/19/2020 - 11:11:05: [SM] Fatal error encountered parsing translation file "advadmin.phrases.txt"
L 08/19/2020 - 11:11:05: [SM] Error (line 0, column 0): Stream failed to open
L 08/19/2020 - 11:11:45: [SM] Exception reported: Array index out-of-bounds (index 64, limit 55)
L 08/19/2020 - 11:11:45: [SM] Blaming: weapon_restrict.smx
L 08/19/2020 - 11:11:45: [SM] Call stack trace:
L 08/19/2020 - 11:11:45: [SM]   [1] Line 202, restrictinc/events.sp::CS_OnBuyCommand
L 08/19/2020 - 11:12:28: [SM] Exception reported: Array index out-of-bounds (index 64, limit 55)
L 08/19/2020 - 11:12:28: [SM] Blaming: weapon_restrict.smx
L 08/19/2020 - 11:12:28: [SM] Call stack trace:
L 08/19/2020 - 11:12:28: [SM]   [1] Line 202, restrictinc/events.sp::CS_OnBuyCommand
L 08/19/2020 - 11:12:31: [SM] Exception reported: Language phrase "CMD_Give" not found (arg 5)
L 08/19/2020 - 11:12:31: [SM] Blaming: advadmin.smx
L 08/19/2020 - 11:12:31: [SM] Call stack trace:
L 08/19/2020 - 11:12:31: [SM]   [0] ShowActivity2
L 08/19/2020 - 11:12:31: [SM]   [1] Line 883, /home/groups/sourcemod/upload_tmp/phpRYtiXm.sp::CMD_Give
L 08/19/2020 - 11:12:35: [SM] Exception reported: Language phrase "CMD_Give" not found (arg 5)
L 08/19/2020 - 11:12:35: [SM] Blaming: advadmin.smx
L 08/19/2020 - 11:12:35: [SM] Call stack trace:
L 08/19/2020 - 11:12:35: [SM]   [0] ShowActivity2
L 08/19/2020 - 11:12:35: [SM]   [1] Line 883, /home/groups/sourcemod/upload_tmp/phpRYtiXm.sp::CMD_Give
L 08/19/2020 - 11:13:49: [SM] Exception reported: Array index out-of-bounds (index 64, limit 55)
L 08/19/2020 - 11:13:49: [SM] Blaming: weapon_restrict.smx
L 08/19/2020 - 11:13:49: [SM] Call stack trace:
L 08/19/2020 - 11:13:49: [SM]   [1] Line 202, restrictinc/events.sp::CS_OnBuyCommand
L 08/19/2020 - 11:13:57: [SM] Exception reported: Array index out-of-bounds (index 64, limit 55)
L 08/19/2020 - 11:13:57: [SM] Blaming: weapon_restrict.smx
L 08/19/2020 - 11:13:57: [SM] Call stack trace:
L 08/19/2020 - 11:13:57: [SM]   [1] Line 202, restrictinc/events.sp::CS_OnBuyCommand
L 08/19/2020 - 11:18:36: [SM] Exception reported: Array index out-of-bounds (index 64, limit 55)
L 08/19/2020 - 11:18:36: [SM] Blaming: weapon_restrict.smx
L 08/19/2020 - 11:18:36: [SM] Call stack trace:
L 08/19/2020 - 11:18:36: [SM]   [1] Line 202, restrictinc/events.sp::CS_OnBuyCommand
L 08/19/2020 - 11:21:01: [SM] Exception reported: Array index out-of-bounds (index 64, limit 55)
L 08/19/2020 - 11:21:01: [SM] Blaming: weapon_restrict.smx
L 08/19/2020 - 11:21:01: [SM] Call stack trace:
L 08/19/2020 - 11:21:01: [SM]   [1] Line 202, restrictinc/events.sp::CS_OnBuyCommand
L 08/19/2020 - 11:26:29: [SM] Exception reported: Array index out-of-bounds (index 64, limit 55)
L 08/19/2020 - 11:26:29: [SM] Blaming: weapon_restrict.smx
L 08/19/2020 - 11:26:29: [SM] Call stack trace:
L 08/19/2020 - 11:26:29: [SM]   [1] Line 202, restrictinc/events.sp::CS_OnBuyCommand
L 08/19/2020 - 12:00:39: Error log file session closed.
L 08/19/2020 - 12:00:39: SourceMod error session started
L 08/19/2020 - 12:00:39: Info (map "de_inferno") (file "/home/tcagame/jackm1/488/csgo/addons/sourcemod/logs/errors_20200819.log")
L 08/19/2020 - 12:00:39: [SM] Fatal error encountered parsing translation file "advadmin.phrases.txt"
L 08/19/2020 - 12:00:39: [SM] Error (line 0, column 0): Stream failed to open
L 08/19/2020 - 12:04:15: [SM] Exception reported: Array index out-of-bounds (index 64, limit 55)
L 08/19/2020 - 12:04:15: [SM] Blaming: weapon_restrict.smx
L 08/19/2020 - 12:04:15: [SM] Call stack trace:
L 08/19/2020 - 12:04:15: [SM]   [1] Line 202, restrictinc/events.sp::CS_OnBuyCommand
L 08/19/2020 - 12:22:04: [SM] Exception reported: Array index out-of-bounds (index 64, limit 55)
L 08/19/2020 - 12:22:04: [SM] Blaming: weapon_restrict.smx
L 08/19/2020 - 12:22:04: [SM] Call stack trace:
L 08/19/2020 - 12:22:04: [SM]   [1] Line 202, restrictinc/events.sp::CS_OnBuyCommand
L 08/19/2020 - 16:25:34: Error log file session closed.
L 08/19/2020 - 16:25:34: SourceMod error session started
L 08/19/2020 - 16:25:34: Info (map "de_inferno") (file "/home/tcagame/jackm1/488/csgo/addons/sourcemod/logs/errors_20200819.log")
L 08/19/2020 - 16:25:34: [SM] Fatal error encountered parsing translation file "advadmin.phrases.txt"
L 08/19/2020 - 16:25:34: [SM] Error (line 0, column 0): Stream failed to open
L 08/19/2020 - 16:27:20: Error log file session closed.
L 08/19/2020 - 16:27:20: SourceMod error session started
L 08/19/2020 - 16:27:20: Info (map "de_inferno") (file "/home/tcagame/jackm1/488/csgo/addons/sourcemod/logs/errors_20200819.log")
L 08/19/2020 - 16:27:20: [SM] Fatal error encountered parsing translation file "advadmin.phrases.txt"
L 08/19/2020 - 16:27:20: [SM] Error (line 0, column 0): Stream failed to open
L 08/19/2020 - 16:27:41: [SM] Exception reported: Language phrase "Player_Connected_From" not found (arg 3)
L 08/19/2020 - 16:27:41: [SM] Blaming: advadmin.smx
L 08/19/2020 - 16:27:41: [SM] Call stack trace:
L 08/19/2020 - 16:27:41: [SM]   [0] VFormat
L 08/19/2020 - 16:27:41: [SM]   [1] Line 386, /groups/sourcemod/compiler-1.10/include/halflife.inc::PrintToChatAll
L 08/19/2020 - 16:27:41: [SM]   [2] Line 141, /home/groups/sourcemod/upload_tmp/phpRYtiXm.sp::OnClientAuthorized
L 08/19/2020 - 16:28:10: [SM] Exception reported: Language phrase "Player_Connected_From" not found (arg 3)
L 08/19/2020 - 16:28:10: [SM] Blaming: advadmin.smx
L 08/19/2020 - 16:28:10: [SM] Call stack trace:
L 08/19/2020 - 16:28:10: [SM]   [0] VFormat
L 08/19/2020 - 16:28:10: [SM]   [1] Line 386, /groups/sourcemod/compiler-1.10/include/halflife.inc::PrintToChatAll
L 08/19/2020 - 16:28:10: [SM]   [2] Line 141, /home/groups/sourcemod/upload_tmp/phpRYtiXm.sp::OnClientAuthorized
L 08/19/2020 - 16:28:11: [SM] Exception reported: Language phrase "Player_Connected_From" not found (arg 3)
L 08/19/2020 - 16:28:11: [SM] Blaming: advadmin.smx
L 08/19/2020 - 16:28:11: [SM] Call stack trace:
L 08/19/2020 - 16:28:11: [SM]   [0] VFormat
L 08/19/2020 - 16:28:11: [SM]   [1] Line 386, /groups/sourcemod/compiler-1.10/include/halflife.inc::PrintToChatAll
L 08/19/2020 - 16:28:11: [SM]   [2] Line 141, /home/groups/sourcemod/upload_tmp/phpRYtiXm.sp::OnClientAuthorized
L 08/19/2020 - 16:28:13: [SM] Exception reported: Language phrase "Player_Connected_From" not found (arg 3)
L 08/19/2020 - 16:28:13: [SM] Blaming: advadmin.smx
L 08/19/2020 - 16:28:13: [SM] Call stack trace:
L 08/19/2020 - 16:28:13: [SM]   [0] VFormat
L 08/19/2020 - 16:28:13: [SM]   [1] Line 386, /groups/sourcemod/compiler-1.10/include/halflife.inc::PrintToChatAll
L 08/19/2020 - 16:28:13: [SM]   [2] Line 141, /home/groups/sourcemod/upload_tmp/phpRYtiXm.sp::OnClientAuthorized
L 08/19/2020 - 16:28:58: [SM] Exception reported: Array index out-of-bounds (index 64, limit 55)
L 08/19/2020 - 16:28:58: [SM] Blaming: weapon_restrict.smx
L 08/19/2020 - 16:28:58: [SM] Call stack trace:
L 08/19/2020 - 16:28:58: [SM]   [1] Line 202, restrictinc/events.sp::CS_OnBuyCommand
L 08/19/2020 - 16:28:58: [SM] Exception reported: Array index out-of-bounds (index 64, limit 55)
L 08/19/2020 - 16:28:58: [SM] Blaming: weapon_restrict.smx
L 08/19/2020 - 16:28:58: [SM] Call stack trace:
L 08/19/2020 - 16:28:58: [SM]   [1] Line 202, restrictinc/events.sp::CS_OnBuyCommand
L 08/19/2020 - 16:29:47: [SM] Exception reported: Array index out-of-bounds (index 64, limit 55)
L 08/19/2020 - 16:29:47: [SM] Blaming: weapon_restrict.smx
L 08/19/2020 - 16:29:47: [SM] Call stack trace:
L 08/19/2020 - 16:29:47: [SM]   [1] Line 202, restrictinc/events.sp::CS_OnBuyCommand
L 08/19/2020 - 16:30:35: [SM] Exception reported: Array index out-of-bounds (index 64, limit 55)
L 08/19/2020 - 16:30:35: [SM] Blaming: weapon_restrict.smx
L 08/19/2020 - 16:30:35: [SM] Call stack trace:
L 08/19/2020 - 16:30:35: [SM]   [1] Line 202, restrictinc/events.sp::CS_OnBuyCommand
L 08/19/2020 - 16:31:46: [SM] Exception reported: Array index out-of-bounds (index 64, limit 55)
L 08/19/2020 - 16:31:46: [SM] Blaming: weapon_restrict.smx
L 08/19/2020 - 16:31:46: [SM] Call stack trace:
L 08/19/2020 - 16:31:46: [SM]   [1] Line 202, restrictinc/events.sp::CS_OnBuyCommand
L 08/19/2020 - 16:31:51: [SM] Exception reported: Array index out-of-bounds (index 64, limit 55)
L 08/19/2020 - 16:31:51: [SM] Blaming: weapon_restrict.smx
L 08/19/2020 - 16:31:51: [SM] Call stack trace:
L 08/19/2020 - 16:31:51: [SM]   [1] Line 202, restrictinc/events.sp::CS_OnBuyCommand
L 08/19/2020 - 16:34:46: [SM] Exception reported: Array index out-of-bounds (index 64, limit 55)
L 08/19/2020 - 16:34:46: [SM] Blaming: weapon_restrict.smx
L 08/19/2020 - 16:34:46: [SM] Call stack trace:
L 08/19/2020 - 16:34:46: [SM]   [1] Line 202, restrictinc/events.sp::CS_OnBuyCommand
L 08/19/2020 - 16:35:19: [SM] Exception reported: Array index out-of-bounds (index 64, limit 55)
L 08/19/2020 - 16:35:19: [SM] Blaming: weapon_restrict.smx
L 08/19/2020 - 16:35:19: [SM] Call stack trace:
L 08/19/2020 - 16:35:19: [SM]   [1] Line 202, restrictinc/events.sp::CS_OnBuyCommand
L 08/19/2020 - 16:36:14: [SM] Exception reported: Array index out-of-bounds (index 64, limit 55)
L 08/19/2020 - 16:36:14: [SM] Blaming: weapon_restrict.smx
L 08/19/2020 - 16:36:14: [SM] Call stack trace:
L 08/19/2020 - 16:36:14: [SM]   [1] Line 202, restrictinc/events.sp::CS_OnBuyCommand
L 08/19/2020 - 16:36:46: [SM] Exception reported: Array index out-of-bounds (index 64, limit 55)
L 08/19/2020 - 16:36:46: [SM] Blaming: weapon_restrict.smx
L 08/19/2020 - 16:36:46: [SM] Call stack trace:
L 08/19/2020 - 16:36:46: [SM]   [1] Line 202, restrictinc/events.sp::CS_OnBuyCommand
L 08/19/2020 - 16:37:07: [SM] Exception reported: Array index out-of-bounds (index 64, limit 55)
L 08/19/2020 - 16:37:07: [SM] Blaming: weapon_restrict.smx
L 08/19/2020 - 16:37:07: [SM] Call stack trace:
L 08/19/2020 - 16:37:07: [SM]   [1] Line 202, restrictinc/events.sp::CS_OnBuyCommand
L 08/19/2020 - 16:42:48: [SM] Exception reported: Language phrase "Player_Connected_From" not found (arg 3)
L 08/19/2020 - 16:42:48: [SM] Blaming: advadmin.smx
L 08/19/2020 - 16:42:48: [SM] Call stack trace:
L 08/19/2020 - 16:42:48: [SM]   [0] VFormat
L 08/19/2020 - 16:42:48: [SM]   [1] Line 386, /groups/sourcemod/compiler-1.10/include/halflife.inc::PrintToChatAll
L 08/19/2020 - 16:42:48: [SM]   [2] Line 141, /home/groups/sourcemod/upload_tmp/phpRYtiXm.sp::OnClientAuthorized
L 08/19/2020 - 16:43:19: [SM] Exception reported: Language phrase "Player_Connected" not found (arg 3)
L 08/19/2020 - 16:43:19: [SM] Blaming: advadmin.smx
L 08/19/2020 - 16:43:19: [SM] Call stack trace:
L 08/19/2020 - 16:43:19: [SM]   [0] VFormat
L 08/19/2020 - 16:43:19: [SM]   [1] Line 386, /groups/sourcemod/compiler-1.10/include/halflife.inc::PrintToChatAll
L 08/19/2020 - 16:43:19: [SM]   [2] Line 145, /home/groups/sourcemod/upload_tmp/phpRYtiXm.sp::OnClientAuthorized
L 08/19/2020 - 16:44:16: [SM] Exception reported: Array index out-of-bounds (index 64, limit 55)
L 08/19/2020 - 16:44:16: [SM] Blaming: weapon_restrict.smx
L 08/19/2020 - 16:44:16: [SM] Call stack trace:
L 08/19/2020 - 16:44:16: [SM]   [1] Line 202, restrictinc/events.sp::CS_OnBuyCommand
L 08/19/2020 - 16:44:48: [SM] Exception reported: Array index out-of-bounds (index 64, limit 55)
L 08/19/2020 - 16:44:48: [SM] Blaming: weapon_restrict.smx
L 08/19/2020 - 16:44:48: [SM] Call stack trace:
L 08/19/2020 - 16:44:48: [SM]   [1] Line 202, restrictinc/events.sp::CS_OnBuyCommand
L 08/19/2020 - 16:46:35: [SM] Exception reported: Language phrase "Player_Connected" not found (arg 3)
L 08/19/2020 - 16:46:35: [SM] Blaming: advadmin.smx
L 08/19/2020 - 16:46:35: [SM] Call stack trace:
L 08/19/2020 - 16:46:35: [SM]   [0] VFormat
L 08/19/2020 - 16:46:35: [SM]   [1] Line 386, /groups/sourcemod/compiler-1.10/include/halflife.inc::PrintToChatAll
L 08/19/2020 - 16:46:35: [SM]   [2] Line 145, /home/groups/sourcemod/upload_tmp/phpRYtiXm.sp::OnClientAuthorized
L 08/19/2020 - 16:46:47: [SM] Exception reported: Language phrase "Player_Connected" not found (arg 3)
L 08/19/2020 - 16:46:47: [SM] Blaming: advadmin.smx
L 08/19/2020 - 16:46:47: [SM] Call stack trace:
L 08/19/2020 - 16:46:47: [SM]   [0] VFormat
L 08/19/2020 - 16:46:47: [SM]   [1] Line 386, /groups/sourcemod/compiler-1.10/include/halflife.inc::PrintToChatAll
L 08/19/2020 - 16:46:47: [SM]   [2] Line 145, /home/groups/sourcemod/upload_tmp/phpRYtiXm.sp::OnClientAuthorized
L 08/19/2020 - 16:46:52: [SM] Exception reported: Array index out-of-bounds (index 64, limit 55)
L 08/19/2020 - 16:46:52: [SM] Blaming: weapon_restrict.smx
L 08/19/2020 - 16:46:52: [SM] Call stack trace:
L 08/19/2020 - 16:46:52: [SM]   [1] Line 202, restrictinc/events.sp::CS_OnBuyCommand
L 08/19/2020 - 16:46:53: [SM] Exception reported: Array index out-of-bounds (index 64, limit 55)
L 08/19/2020 - 16:46:53: [SM] Blaming: weapon_restrict.smx
L 08/19/2020 - 16:46:53: [SM] Call stack trace:
L 08/19/2020 - 16:46:53: [SM]   [1] Line 202, restrictinc/events.sp::CS_OnBuyCommand
L 08/19/2020 - 16:48:33: [SM] Exception reported: Array index out-of-bounds (index 64, limit 55)
L 08/19/2020 - 16:48:33: [SM] Blaming: weapon_restrict.smx
L 08/19/2020 - 16:48:33: [SM] Call stack trace:
L 08/19/2020 - 16:48:33: [SM]   [1] Line 202, restrictinc/events.sp::CS_OnBuyCommand
L 08/19/2020 - 16:48:42: [SM] Exception reported: Array index out-of-bounds (index 64, limit 55)
L 08/19/2020 - 16:48:42: [SM] Blaming: weapon_restrict.smx
L 08/19/2020 - 16:48:42: [SM] Call stack trace:
L 08/19/2020 - 16:48:42: [SM]   [1] Line 202, restrictinc/events.sp::CS_OnBuyCommand
L 08/19/2020 - 16:55:00: [SM] Exception reported: Language phrase "Player_Connected_From" not found (arg 3)
L 08/19/2020 - 16:55:00: [SM] Blaming: advadmin.smx
L 08/19/2020 - 16:55:00: [SM] Call stack trace:
L 08/19/2020 - 16:55:00: [SM]   [0] VFormat
L 08/19/2020 - 16:55:00: [SM]   [1] Line 386, /groups/sourcemod/compiler-1.10/include/halflife.inc::PrintToChatAll
L 08/19/2020 - 16:55:00: [SM]   [2] Line 141, /home/groups/sourcemod/upload_tmp/phpRYtiXm.sp::OnClientAuthorized
L 08/19/2020 - 16:57:26: Error log file session closed.
L 08/19/2020 - 16:57:26: SourceMod error session started
L 08/19/2020 - 16:57:26: Info (map "de_mirage") (file "/home/tcagame/jackm1/488/csgo/addons/sourcemod/logs/errors_20200819.log")
L 08/19/2020 - 16:57:26: [SM] Fatal error encountered parsing translation file "advadmin.phrases.txt"
L 08/19/2020 - 16:57:26: [SM] Error (line 0, column 0): Stream failed to open
L 08/19/2020 - 16:58:34: [SM] Exception reported: Language phrase "Player_Connected_From" not found (arg 3)
L 08/19/2020 - 16:58:34: [SM] Blaming: advadmin.smx
L 08/19/2020 - 16:58:34: [SM] Call stack trace:
L 08/19/2020 - 16:58:34: [SM]   [0] VFormat
L 08/19/2020 - 16:58:34: [SM]   [1] Line 386, /groups/sourcemod/compiler-1.10/include/halflife.inc::PrintToChatAll
L 08/19/2020 - 16:58:34: [SM]   [2] Line 141, /home/groups/sourcemod/upload_tmp/phpRYtiXm.sp::OnClientAuthorized
L 08/19/2020 - 16:59:31: [SM] Exception reported: Array index out-of-bounds (index 64, limit 55)
L 08/19/2020 - 16:59:31: [SM] Blaming: weapon_restrict.smx
L 08/19/2020 - 16:59:31: [SM] Call stack trace:
L 08/19/2020 - 16:59:31: [SM]   [1] Line 202, restrictinc/events.sp::CS_OnBuyCommand
L 08/19/2020 - 16:59:34: [SM] Exception reported: Array index out-of-bounds (index 64, limit 55)
L 08/19/2020 - 16:59:34: [SM] Blaming: weapon_restrict.smx
L 08/19/2020 - 16:59:34: [SM] Call stack trace:
L 08/19/2020 - 16:59:34: [SM]   [1] Line 202, restrictinc/events.sp::CS_OnBuyCommand
L 08/19/2020 - 16:59:37: [SM] Exception reported: Array index out-of-bounds (index 64, limit 55)
L 08/19/2020 - 16:59:37: [SM] Blaming: weapon_restrict.smx
L 08/19/2020 - 16:59:37: [SM] Call stack trace:
L 08/19/2020 - 16:59:37: [SM]   [1] Line 202, restrictinc/events.sp::CS_OnBuyCommand
L 08/19/2020 - 17:00:50: [SM] Exception reported: Array index out-of-bounds (index 64, limit 55)
L 08/19/2020 - 17:00:50: [SM] Blaming: weapon_restrict.smx
L 08/19/2020 - 17:00:50: [SM] Call stack trace:
L 08/19/2020 - 17:00:50: [SM]   [1] Line 202, restrictinc/events.sp::CS_OnBuyCommand
L 08/19/2020 - 17:01:30: [SM] Exception reported: Array index out-of-bounds (index 64, limit 55)
L 08/19/2020 - 17:01:30: [SM] Blaming: weapon_restrict.smx
L 08/19/2020 - 17:01:30: [SM] Call stack trace:
L 08/19/2020 - 17:01:30: [SM]   [1] Line 202, restrictinc/events.sp::CS_OnBuyCommand
L 08/19/2020 - 17:02:51: [SM] Exception reported: Array index out-of-bounds (index 64, limit 55)
L 08/19/2020 - 17:02:51: [SM] Blaming: weapon_restrict.smx
L 08/19/2020 - 17:02:51: [SM] Call stack trace:
L 08/19/2020 - 17:02:51: [SM]   [1] Line 202, restrictinc/events.sp::CS_OnBuyCommand
L 08/19/2020 - 17:06:34: [SM] Exception reported: Array index out-of-bounds (index 64, limit 55)
L 08/19/2020 - 17:06:34: [SM] Blaming: weapon_restrict.smx
L 08/19/2020 - 17:06:34: [SM] Call stack trace:
L 08/19/2020 - 17:06:34: [SM]   [1] Line 202, restrictinc/events.sp::CS_OnBuyCommand
L 08/19/2020 - 17:11:24: [SM] Exception reported: Array index out-of-bounds (index 64, limit 55)
L 08/19/2020 - 17:11:24: [SM] Blaming: weapon_restrict.smx
L 08/19/2020 - 17:11:24: [SM] Call stack trace:
L 08/19/2020 - 17:11:24: [SM]   [1] Line 202, restrictinc/events.sp::CS_OnBuyCommand
L 08/19/2020 - 17:11:25: [SM] Exception reported: Array index out-of-bounds (index 64, limit 55)
L 08/19/2020 - 17:11:25: [SM] Blaming: weapon_restrict.smx
L 08/19/2020 - 17:11:25: [SM] Call stack trace:
L 08/19/2020 - 17:11:25: [SM]   [1] Line 202, restrictinc/events.sp::CS_OnBuyCommand
L 08/19/2020 - 17:12:32: [SM] Exception reported: Array index out-of-bounds (index 64, limit 55)
L 08/19/2020 - 17:12:32: [SM] Blaming: weapon_restrict.smx
L 08/19/2020 - 17:12:32: [SM] Call stack trace:
L 08/19/2020 - 17:12:32: [SM]   [1] Line 202, restrictinc/events.sp::CS_OnBuyCommand
L 08/19/2020 - 17:16:19: [SM] Exception reported: Array index out-of-bounds (index 64, limit 55)
L 08/19/2020 - 17:16:19: [SM] Blaming: weapon_restrict.smx
L 08/19/2020 - 17:16:19: [SM] Call stack trace:
L 08/19/2020 - 17:16:19: [SM]   [1] Line 202, restrictinc/events.sp::CS_OnBuyCommand
L 08/19/2020 - 17:17:06: [SM] Exception reported: Array index out-of-bounds (index 64, limit 55)
L 08/19/2020 - 17:17:06: [SM] Blaming: weapon_restrict.smx
L 08/19/2020 - 17:17:06: [SM] Call stack trace:
L 08/19/2020 - 17:17:06: [SM]   [1] Line 202, restrictinc/events.sp::CS_OnBuyCommand
L 08/19/2020 - 23:48:21: Error log file session closed.
L 08/19/2020 - 23:48:21: SourceMod error session started
L 08/19/2020 - 23:48:21: Info (map "de_mirage") (file "/home/tcagame/jackm1/488/csgo/addons/sourcemod/logs/errors_20200819.log")
L 08/19/2020 - 23:48:21: [SM] Fatal error encountered parsing translation file "advadmin.phrases.txt"
L 08/19/2020 - 23:48:21: [SM] Error (line 0, column 0): Stream failed to open
L 08/20/2020 - 13:56:09: Error log file session closed.
