L 07/17/2020 - 00:09:33: SourceMod error session started
L 07/17/2020 - 00:09:33: Info (map "de_dust2") (file "/home/tcagame/jackm1/488/csgo/addons/sourcemod/logs/errors_20200717.log")
L 07/17/2020 - 00:09:33: [SM] Fatal error encountered parsing translation file "advadmin.phrases.txt"
L 07/17/2020 - 00:09:33: [SM] Error (line 0, column 0): Stream failed to open
L 07/17/2020 - 00:09:59: [SM] Exception reported: Array index out-of-bounds (index 64, limit 55)
L 07/17/2020 - 00:09:59: [SM] Blaming: weapon_restrict.smx
L 07/17/2020 - 00:09:59: [SM] Call stack trace:
L 07/17/2020 - 00:09:59: [SM]   [1] Line 202, restrictinc/events.sp::CS_OnBuyCommand
L 07/17/2020 - 00:16:36: [SM] Exception reported: Language phrase "Player_Connected_From" not found (arg 3)
L 07/17/2020 - 00:16:36: [SM] Blaming: advadmin.smx
L 07/17/2020 - 00:16:36: [SM] Call stack trace:
L 07/17/2020 - 00:16:36: [SM]   [0] VFormat
L 07/17/2020 - 00:16:36: [SM]   [1] Line 386, /groups/sourcemod/compiler-1.10/include/halflife.inc::PrintToChatAll
L 07/17/2020 - 00:16:36: [SM]   [2] Line 141, /home/groups/sourcemod/upload_tmp/phpRYtiXm.sp::OnClientAuthorized
L 07/17/2020 - 00:17:23: [SM] Exception reported: Array index out-of-bounds (index 64, limit 55)
L 07/17/2020 - 00:17:23: [SM] Blaming: weapon_restrict.smx
L 07/17/2020 - 00:17:23: [SM] Call stack trace:
L 07/17/2020 - 00:17:23: [SM]   [1] Line 202, restrictinc/events.sp::CS_OnBuyCommand
L 07/17/2020 - 00:17:32: [SM] Exception reported: Array index out-of-bounds (index 64, limit 55)
L 07/17/2020 - 00:17:32: [SM] Blaming: weapon_restrict.smx
L 07/17/2020 - 00:17:32: [SM] Call stack trace:
L 07/17/2020 - 00:17:32: [SM]   [1] Line 202, restrictinc/events.sp::CS_OnBuyCommand
L 07/17/2020 - 00:26:59: [SM] Exception reported: Array index out-of-bounds (index 64, limit 55)
L 07/17/2020 - 00:26:59: [SM] Blaming: weapon_restrict.smx
L 07/17/2020 - 00:26:59: [SM] Call stack trace:
L 07/17/2020 - 00:26:59: [SM]   [1] Line 202, restrictinc/events.sp::CS_OnBuyCommand
L 07/17/2020 - 13:43:44: Error log file session closed.
L 07/17/2020 - 13:43:44: SourceMod error session started
L 07/17/2020 - 13:43:44: Info (map "de_dust2") (file "/home/tcagame/jackm1/488/csgo/addons/sourcemod/logs/errors_20200717.log")
L 07/17/2020 - 13:43:44: [SM] Fatal error encountered parsing translation file "advadmin.phrases.txt"
L 07/17/2020 - 13:43:44: [SM] Error (line 0, column 0): Stream failed to open
L 07/17/2020 - 13:45:11: [SM] Exception reported: Language phrase "Player_Connected_From" not found (arg 3)
L 07/17/2020 - 13:45:11: [SM] Blaming: advadmin.smx
L 07/17/2020 - 13:45:11: [SM] Call stack trace:
L 07/17/2020 - 13:45:11: [SM]   [0] VFormat
L 07/17/2020 - 13:45:11: [SM]   [1] Line 386, /groups/sourcemod/compiler-1.10/include/halflife.inc::PrintToChatAll
L 07/17/2020 - 13:45:11: [SM]   [2] Line 141, /home/groups/sourcemod/upload_tmp/phpRYtiXm.sp::OnClientAuthorized
L 07/17/2020 - 13:48:08: [SM] Exception reported: Language phrase "Player_Connected_From" not found (arg 3)
L 07/17/2020 - 13:48:08: [SM] Blaming: advadmin.smx
L 07/17/2020 - 13:48:08: [SM] Call stack trace:
L 07/17/2020 - 13:48:08: [SM]   [0] VFormat
L 07/17/2020 - 13:48:08: [SM]   [1] Line 386, /groups/sourcemod/compiler-1.10/include/halflife.inc::PrintToChatAll
L 07/17/2020 - 13:48:08: [SM]   [2] Line 141, /home/groups/sourcemod/upload_tmp/phpRYtiXm.sp::OnClientAuthorized
L 07/17/2020 - 13:48:31: [SM] Exception reported: Array index out-of-bounds (index 64, limit 55)
L 07/17/2020 - 13:48:31: [SM] Blaming: weapon_restrict.smx
L 07/17/2020 - 13:48:31: [SM] Call stack trace:
L 07/17/2020 - 13:48:31: [SM]   [1] Line 202, restrictinc/events.sp::CS_OnBuyCommand
L 07/17/2020 - 13:51:24: [SM] Exception reported: Language phrase "Player_Connected_From" not found (arg 3)
L 07/17/2020 - 13:51:24: [SM] Blaming: advadmin.smx
L 07/17/2020 - 13:51:24: [SM] Call stack trace:
L 07/17/2020 - 13:51:24: [SM]   [0] VFormat
L 07/17/2020 - 13:51:24: [SM]   [1] Line 386, /groups/sourcemod/compiler-1.10/include/halflife.inc::PrintToChatAll
L 07/17/2020 - 13:51:24: [SM]   [2] Line 141, /home/groups/sourcemod/upload_tmp/phpRYtiXm.sp::OnClientAuthorized
L 07/17/2020 - 13:51:24: [SM] Exception reported: Language phrase "Player_Connected_From" not found (arg 3)
L 07/17/2020 - 13:51:24: [SM] Blaming: advadmin.smx
L 07/17/2020 - 13:51:24: [SM] Call stack trace:
L 07/17/2020 - 13:51:24: [SM]   [0] VFormat
L 07/17/2020 - 13:51:24: [SM]   [1] Line 386, /groups/sourcemod/compiler-1.10/include/halflife.inc::PrintToChatAll
L 07/17/2020 - 13:51:24: [SM]   [2] Line 141, /home/groups/sourcemod/upload_tmp/phpRYtiXm.sp::OnClientAuthorized
L 07/17/2020 - 13:53:44: [SM] Exception reported: Language phrase "Player_Connected_From" not found (arg 3)
L 07/17/2020 - 13:53:44: [SM] Blaming: advadmin.smx
L 07/17/2020 - 13:53:44: [SM] Call stack trace:
L 07/17/2020 - 13:53:44: [SM]   [0] VFormat
L 07/17/2020 - 13:53:44: [SM]   [1] Line 386, /groups/sourcemod/compiler-1.10/include/halflife.inc::PrintToChatAll
L 07/17/2020 - 13:53:44: [SM]   [2] Line 141, /home/groups/sourcemod/upload_tmp/phpRYtiXm.sp::OnClientAuthorized
L 07/17/2020 - 13:55:41: [SM] Exception reported: Language phrase "Player_Connected_From" not found (arg 3)
L 07/17/2020 - 13:55:41: [SM] Blaming: advadmin.smx
L 07/17/2020 - 13:55:41: [SM] Call stack trace:
L 07/17/2020 - 13:55:41: [SM]   [0] VFormat
L 07/17/2020 - 13:55:41: [SM]   [1] Line 386, /groups/sourcemod/compiler-1.10/include/halflife.inc::PrintToChatAll
L 07/17/2020 - 13:55:41: [SM]   [2] Line 141, /home/groups/sourcemod/upload_tmp/phpRYtiXm.sp::OnClientAuthorized
L 07/17/2020 - 13:56:00: [SM] Exception reported: Array index out-of-bounds (index 64, limit 55)
L 07/17/2020 - 13:56:00: [SM] Blaming: weapon_restrict.smx
L 07/17/2020 - 13:56:00: [SM] Call stack trace:
L 07/17/2020 - 13:56:00: [SM]   [1] Line 202, restrictinc/events.sp::CS_OnBuyCommand
L 07/17/2020 - 13:56:28: [SM] Exception reported: Language phrase "Player_Connected" not found (arg 3)
L 07/17/2020 - 13:56:28: [SM] Blaming: advadmin.smx
L 07/17/2020 - 13:56:28: [SM] Call stack trace:
L 07/17/2020 - 13:56:28: [SM]   [0] VFormat
L 07/17/2020 - 13:56:28: [SM]   [1] Line 386, /groups/sourcemod/compiler-1.10/include/halflife.inc::PrintToChatAll
L 07/17/2020 - 13:56:28: [SM]   [2] Line 145, /home/groups/sourcemod/upload_tmp/phpRYtiXm.sp::OnClientAuthorized
L 07/17/2020 - 13:56:40: [SM] Exception reported: Language phrase "Player_Connected" not found (arg 3)
L 07/17/2020 - 13:56:40: [SM] Blaming: advadmin.smx
L 07/17/2020 - 13:56:40: [SM] Call stack trace:
L 07/17/2020 - 13:56:40: [SM]   [0] VFormat
L 07/17/2020 - 13:56:40: [SM]   [1] Line 386, /groups/sourcemod/compiler-1.10/include/halflife.inc::PrintToChatAll
L 07/17/2020 - 13:56:40: [SM]   [2] Line 145, /home/groups/sourcemod/upload_tmp/phpRYtiXm.sp::OnClientAuthorized
L 07/17/2020 - 13:56:52: [SM] Exception reported: Language phrase "Player_Connected" not found (arg 3)
L 07/17/2020 - 13:56:52: [SM] Blaming: advadmin.smx
L 07/17/2020 - 13:56:52: [SM] Call stack trace:
L 07/17/2020 - 13:56:52: [SM]   [0] VFormat
L 07/17/2020 - 13:56:52: [SM]   [1] Line 386, /groups/sourcemod/compiler-1.10/include/halflife.inc::PrintToChatAll
L 07/17/2020 - 13:56:52: [SM]   [2] Line 145, /home/groups/sourcemod/upload_tmp/phpRYtiXm.sp::OnClientAuthorized
L 07/17/2020 - 13:57:09: [SM] Exception reported: Language phrase "CMD_Swap" not found (arg 5)
L 07/17/2020 - 13:57:09: [SM] Blaming: advadmin.smx
L 07/17/2020 - 13:57:09: [SM] Call stack trace:
L 07/17/2020 - 13:57:09: [SM]   [0] ShowActivity2
L 07/17/2020 - 13:57:09: [SM]   [1] Line 735, /home/groups/sourcemod/upload_tmp/phpRYtiXm.sp::CMD_Swap
L 07/17/2020 - 13:58:03: [SM] Exception reported: Array index out-of-bounds (index 64, limit 55)
L 07/17/2020 - 13:58:03: [SM] Blaming: weapon_restrict.smx
L 07/17/2020 - 13:58:03: [SM] Call stack trace:
L 07/17/2020 - 13:58:03: [SM]   [1] Line 202, restrictinc/events.sp::CS_OnBuyCommand
L 07/17/2020 - 13:58:49: [SM] Exception reported: Array index out-of-bounds (index 64, limit 55)
L 07/17/2020 - 13:58:49: [SM] Blaming: weapon_restrict.smx
L 07/17/2020 - 13:58:49: [SM] Call stack trace:
L 07/17/2020 - 13:58:49: [SM]   [1] Line 202, restrictinc/events.sp::CS_OnBuyCommand
L 07/17/2020 - 13:59:29: [SM] Exception reported: Array index out-of-bounds (index 64, limit 55)
L 07/17/2020 - 13:59:29: [SM] Blaming: weapon_restrict.smx
L 07/17/2020 - 13:59:29: [SM] Call stack trace:
L 07/17/2020 - 13:59:29: [SM]   [1] Line 202, restrictinc/events.sp::CS_OnBuyCommand
L 07/17/2020 - 14:00:44: [SM] Exception reported: Array index out-of-bounds (index 64, limit 55)
L 07/17/2020 - 14:00:44: [SM] Blaming: weapon_restrict.smx
L 07/17/2020 - 14:00:44: [SM] Call stack trace:
L 07/17/2020 - 14:00:44: [SM]   [1] Line 202, restrictinc/events.sp::CS_OnBuyCommand
L 07/17/2020 - 14:01:54: [SM] Exception reported: Array index out-of-bounds (index 64, limit 55)
L 07/17/2020 - 14:01:54: [SM] Blaming: weapon_restrict.smx
L 07/17/2020 - 14:01:54: [SM] Call stack trace:
L 07/17/2020 - 14:01:54: [SM]   [1] Line 202, restrictinc/events.sp::CS_OnBuyCommand
L 07/17/2020 - 14:02:49: [SM] Exception reported: Array index out-of-bounds (index 64, limit 55)
L 07/17/2020 - 14:02:49: [SM] Blaming: weapon_restrict.smx
L 07/17/2020 - 14:02:49: [SM] Call stack trace:
L 07/17/2020 - 14:02:49: [SM]   [1] Line 202, restrictinc/events.sp::CS_OnBuyCommand
L 07/17/2020 - 14:03:02: Error log file session closed.
L 07/17/2020 - 14:03:02: SourceMod error session started
L 07/17/2020 - 14:03:02: Info (map "cs_office") (file "/home/tcagame/jackm1/488/csgo/addons/sourcemod/logs/errors_20200717.log")
L 07/17/2020 - 14:03:02: [SM] Fatal error encountered parsing translation file "advadmin.phrases.txt"
L 07/17/2020 - 14:03:02: [SM] Error (line 0, column 0): Stream failed to open
L 07/17/2020 - 14:03:20: [SM] Exception reported: Language phrase "Player_Connected" not found (arg 3)
L 07/17/2020 - 14:03:20: [SM] Blaming: advadmin.smx
L 07/17/2020 - 14:03:20: [SM] Call stack trace:
L 07/17/2020 - 14:03:20: [SM]   [0] VFormat
L 07/17/2020 - 14:03:20: [SM]   [1] Line 386, /groups/sourcemod/compiler-1.10/include/halflife.inc::PrintToChatAll
L 07/17/2020 - 14:03:20: [SM]   [2] Line 145, /home/groups/sourcemod/upload_tmp/phpRYtiXm.sp::OnClientAuthorized
L 07/17/2020 - 14:03:23: [SM] Exception reported: Language phrase "Player_Connected" not found (arg 3)
L 07/17/2020 - 14:03:23: [SM] Blaming: advadmin.smx
L 07/17/2020 - 14:03:23: [SM] Call stack trace:
L 07/17/2020 - 14:03:23: [SM]   [0] VFormat
L 07/17/2020 - 14:03:23: [SM]   [1] Line 386, /groups/sourcemod/compiler-1.10/include/halflife.inc::PrintToChatAll
L 07/17/2020 - 14:03:23: [SM]   [2] Line 145, /home/groups/sourcemod/upload_tmp/phpRYtiXm.sp::OnClientAuthorized
L 07/17/2020 - 14:04:17: [SM] Exception reported: Array index out-of-bounds (index 64, limit 55)
L 07/17/2020 - 14:04:17: [SM] Blaming: weapon_restrict.smx
L 07/17/2020 - 14:04:17: [SM] Call stack trace:
L 07/17/2020 - 14:04:17: [SM]   [1] Line 202, restrictinc/events.sp::CS_OnBuyCommand
L 07/17/2020 - 14:04:47: [SM] Exception reported: Array index out-of-bounds (index 64, limit 55)
L 07/17/2020 - 14:04:47: [SM] Blaming: weapon_restrict.smx
L 07/17/2020 - 14:04:47: [SM] Call stack trace:
L 07/17/2020 - 14:04:47: [SM]   [1] Line 202, restrictinc/events.sp::CS_OnBuyCommand
L 07/17/2020 - 14:05:14: [SM] Exception reported: Array index out-of-bounds (index 64, limit 55)
L 07/17/2020 - 14:05:14: [SM] Blaming: weapon_restrict.smx
L 07/17/2020 - 14:05:14: [SM] Call stack trace:
L 07/17/2020 - 14:05:14: [SM]   [1] Line 202, restrictinc/events.sp::CS_OnBuyCommand
L 07/17/2020 - 14:05:35: [SM] Exception reported: Array index out-of-bounds (index 64, limit 55)
L 07/17/2020 - 14:05:35: [SM] Blaming: weapon_restrict.smx
L 07/17/2020 - 14:05:35: [SM] Call stack trace:
L 07/17/2020 - 14:05:35: [SM]   [1] Line 202, restrictinc/events.sp::CS_OnBuyCommand
L 07/17/2020 - 14:06:14: [SM] Exception reported: Array index out-of-bounds (index 64, limit 55)
L 07/17/2020 - 14:06:14: [SM] Blaming: weapon_restrict.smx
L 07/17/2020 - 14:06:14: [SM] Call stack trace:
L 07/17/2020 - 14:06:14: [SM]   [1] Line 202, restrictinc/events.sp::CS_OnBuyCommand
L 07/17/2020 - 14:06:31: [SM] Exception reported: Array index out-of-bounds (index 64, limit 55)
L 07/17/2020 - 14:06:31: [SM] Blaming: weapon_restrict.smx
L 07/17/2020 - 14:06:31: [SM] Call stack trace:
L 07/17/2020 - 14:06:31: [SM]   [1] Line 202, restrictinc/events.sp::CS_OnBuyCommand
L 07/17/2020 - 14:06:46: [SM] Exception reported: Array index out-of-bounds (index 64, limit 55)
L 07/17/2020 - 14:06:46: [SM] Blaming: weapon_restrict.smx
L 07/17/2020 - 14:06:46: [SM] Call stack trace:
L 07/17/2020 - 14:06:46: [SM]   [1] Line 202, restrictinc/events.sp::CS_OnBuyCommand
L 07/17/2020 - 14:07:01: [SM] Exception reported: Array index out-of-bounds (index 64, limit 55)
L 07/17/2020 - 14:07:01: [SM] Blaming: weapon_restrict.smx
L 07/17/2020 - 14:07:01: [SM] Call stack trace:
L 07/17/2020 - 14:07:01: [SM]   [1] Line 202, restrictinc/events.sp::CS_OnBuyCommand
L 07/17/2020 - 14:07:37: [SM] Exception reported: Array index out-of-bounds (index 64, limit 55)
L 07/17/2020 - 14:07:37: [SM] Blaming: weapon_restrict.smx
L 07/17/2020 - 14:07:37: [SM] Call stack trace:
L 07/17/2020 - 14:07:37: [SM]   [1] Line 202, restrictinc/events.sp::CS_OnBuyCommand
L 07/17/2020 - 14:07:54: [SM] Exception reported: Array index out-of-bounds (index 64, limit 55)
L 07/17/2020 - 14:07:54: [SM] Blaming: weapon_restrict.smx
L 07/17/2020 - 14:07:54: [SM] Call stack trace:
L 07/17/2020 - 14:07:54: [SM]   [1] Line 202, restrictinc/events.sp::CS_OnBuyCommand
L 07/17/2020 - 14:08:34: [SM] Exception reported: Language phrase "Player_Connected_From" not found (arg 3)
L 07/17/2020 - 14:08:34: [SM] Blaming: advadmin.smx
L 07/17/2020 - 14:08:34: [SM] Call stack trace:
L 07/17/2020 - 14:08:34: [SM]   [0] VFormat
L 07/17/2020 - 14:08:34: [SM]   [1] Line 386, /groups/sourcemod/compiler-1.10/include/halflife.inc::PrintToChatAll
L 07/17/2020 - 14:08:34: [SM]   [2] Line 141, /home/groups/sourcemod/upload_tmp/phpRYtiXm.sp::OnClientAuthorized
L 07/17/2020 - 14:09:16: [SM] Exception reported: Array index out-of-bounds (index 64, limit 55)
L 07/17/2020 - 14:09:16: [SM] Blaming: weapon_restrict.smx
L 07/17/2020 - 14:09:16: [SM] Call stack trace:
L 07/17/2020 - 14:09:16: [SM]   [1] Line 202, restrictinc/events.sp::CS_OnBuyCommand
L 07/17/2020 - 14:10:45: [SM] Exception reported: Array index out-of-bounds (index 64, limit 55)
L 07/17/2020 - 14:10:45: [SM] Blaming: weapon_restrict.smx
L 07/17/2020 - 14:10:45: [SM] Call stack trace:
L 07/17/2020 - 14:10:45: [SM]   [1] Line 202, restrictinc/events.sp::CS_OnBuyCommand
L 07/17/2020 - 14:10:46: [SM] Exception reported: Array index out-of-bounds (index 64, limit 55)
L 07/17/2020 - 14:10:46: [SM] Blaming: weapon_restrict.smx
L 07/17/2020 - 14:10:46: [SM] Call stack trace:
L 07/17/2020 - 14:10:46: [SM]   [1] Line 202, restrictinc/events.sp::CS_OnBuyCommand
L 07/17/2020 - 14:10:48: [SM] Exception reported: Array index out-of-bounds (index 64, limit 55)
L 07/17/2020 - 14:10:48: [SM] Blaming: weapon_restrict.smx
L 07/17/2020 - 14:10:48: [SM] Call stack trace:
L 07/17/2020 - 14:10:48: [SM]   [1] Line 202, restrictinc/events.sp::CS_OnBuyCommand
L 07/17/2020 - 14:10:51: [SM] Exception reported: Array index out-of-bounds (index 64, limit 55)
L 07/17/2020 - 14:10:51: [SM] Blaming: weapon_restrict.smx
L 07/17/2020 - 14:10:51: [SM] Call stack trace:
L 07/17/2020 - 14:10:51: [SM]   [1] Line 202, restrictinc/events.sp::CS_OnBuyCommand
L 07/17/2020 - 14:10:51: [SM] Exception reported: Array index out-of-bounds (index 64, limit 55)
L 07/17/2020 - 14:10:51: [SM] Blaming: weapon_restrict.smx
L 07/17/2020 - 14:10:51: [SM] Call stack trace:
L 07/17/2020 - 14:10:51: [SM]   [1] Line 202, restrictinc/events.sp::CS_OnBuyCommand
L 07/17/2020 - 14:10:51: [SM] Exception reported: Array index out-of-bounds (index 64, limit 55)
L 07/17/2020 - 14:10:51: [SM] Blaming: weapon_restrict.smx
L 07/17/2020 - 14:10:51: [SM] Call stack trace:
L 07/17/2020 - 14:10:51: [SM]   [1] Line 202, restrictinc/events.sp::CS_OnBuyCommand
L 07/17/2020 - 14:10:52: [SM] Exception reported: Array index out-of-bounds (index 64, limit 55)
L 07/17/2020 - 14:10:52: [SM] Blaming: weapon_restrict.smx
L 07/17/2020 - 14:10:52: [SM] Call stack trace:
L 07/17/2020 - 14:10:52: [SM]   [1] Line 202, restrictinc/events.sp::CS_OnBuyCommand
L 07/17/2020 - 14:10:52: [SM] Exception reported: Array index out-of-bounds (index 64, limit 55)
L 07/17/2020 - 14:10:52: [SM] Blaming: weapon_restrict.smx
L 07/17/2020 - 14:10:52: [SM] Call stack trace:
L 07/17/2020 - 14:10:52: [SM]   [1] Line 202, restrictinc/events.sp::CS_OnBuyCommand
L 07/17/2020 - 14:11:50: [SM] Exception reported: Language phrase "Player_Connected_From" not found (arg 3)
L 07/17/2020 - 14:11:50: [SM] Blaming: advadmin.smx
L 07/17/2020 - 14:11:50: [SM] Call stack trace:
L 07/17/2020 - 14:11:50: [SM]   [0] VFormat
L 07/17/2020 - 14:11:50: [SM]   [1] Line 386, /groups/sourcemod/compiler-1.10/include/halflife.inc::PrintToChatAll
L 07/17/2020 - 14:11:50: [SM]   [2] Line 141, /home/groups/sourcemod/upload_tmp/phpRYtiXm.sp::OnClientAuthorized
L 07/17/2020 - 14:12:51: [SM] Exception reported: Array index out-of-bounds (index 64, limit 55)
L 07/17/2020 - 14:12:51: [SM] Blaming: weapon_restrict.smx
L 07/17/2020 - 14:12:51: [SM] Call stack trace:
L 07/17/2020 - 14:12:51: [SM]   [1] Line 202, restrictinc/events.sp::CS_OnBuyCommand
L 07/17/2020 - 14:13:55: [SM] Exception reported: Array index out-of-bounds (index 64, limit 55)
L 07/17/2020 - 14:13:55: [SM] Blaming: weapon_restrict.smx
L 07/17/2020 - 14:13:55: [SM] Call stack trace:
L 07/17/2020 - 14:13:55: [SM]   [1] Line 202, restrictinc/events.sp::CS_OnBuyCommand
L 07/17/2020 - 14:14:20: [SM] Exception reported: Array index out-of-bounds (index 64, limit 55)
L 07/17/2020 - 14:14:20: [SM] Blaming: weapon_restrict.smx
L 07/17/2020 - 14:14:20: [SM] Call stack trace:
L 07/17/2020 - 14:14:20: [SM]   [1] Line 202, restrictinc/events.sp::CS_OnBuyCommand
L 07/17/2020 - 14:15:45: [SM] Exception reported: Array index out-of-bounds (index 64, limit 55)
L 07/17/2020 - 14:15:45: [SM] Blaming: weapon_restrict.smx
L 07/17/2020 - 14:15:45: [SM] Call stack trace:
L 07/17/2020 - 14:15:45: [SM]   [1] Line 202, restrictinc/events.sp::CS_OnBuyCommand
L 07/17/2020 - 14:16:10: [SM] Exception reported: Array index out-of-bounds (index 64, limit 55)
L 07/17/2020 - 14:16:10: [SM] Blaming: weapon_restrict.smx
L 07/17/2020 - 14:16:10: [SM] Call stack trace:
L 07/17/2020 - 14:16:10: [SM]   [1] Line 202, restrictinc/events.sp::CS_OnBuyCommand
L 07/17/2020 - 14:17:48: [SM] Exception reported: Array index out-of-bounds (index 64, limit 55)
L 07/17/2020 - 14:17:48: [SM] Blaming: weapon_restrict.smx
L 07/17/2020 - 14:17:48: [SM] Call stack trace:
L 07/17/2020 - 14:17:48: [SM]   [1] Line 202, restrictinc/events.sp::CS_OnBuyCommand
L 07/17/2020 - 14:17:49: [SM] Exception reported: Array index out-of-bounds (index 64, limit 55)
L 07/17/2020 - 14:17:49: [SM] Blaming: weapon_restrict.smx
L 07/17/2020 - 14:17:49: [SM] Call stack trace:
L 07/17/2020 - 14:17:49: [SM]   [1] Line 202, restrictinc/events.sp::CS_OnBuyCommand
L 07/17/2020 - 14:17:51: [SM] Exception reported: Array index out-of-bounds (index 64, limit 55)
L 07/17/2020 - 14:17:51: [SM] Blaming: weapon_restrict.smx
L 07/17/2020 - 14:17:51: [SM] Call stack trace:
L 07/17/2020 - 14:17:51: [SM]   [1] Line 202, restrictinc/events.sp::CS_OnBuyCommand
L 07/17/2020 - 14:17:56: [SM] Exception reported: Array index out-of-bounds (index 64, limit 55)
L 07/17/2020 - 14:17:56: [SM] Blaming: weapon_restrict.smx
L 07/17/2020 - 14:17:56: [SM] Call stack trace:
L 07/17/2020 - 14:17:56: [SM]   [1] Line 202, restrictinc/events.sp::CS_OnBuyCommand
L 07/17/2020 - 14:17:57: [SM] Exception reported: Array index out-of-bounds (index 64, limit 55)
L 07/17/2020 - 14:17:57: [SM] Blaming: weapon_restrict.smx
L 07/17/2020 - 14:17:57: [SM] Call stack trace:
L 07/17/2020 - 14:17:57: [SM]   [1] Line 202, restrictinc/events.sp::CS_OnBuyCommand
L 07/17/2020 - 14:21:23: [SM] Exception reported: Array index out-of-bounds (index 64, limit 55)
L 07/17/2020 - 14:21:23: [SM] Blaming: weapon_restrict.smx
L 07/17/2020 - 14:21:23: [SM] Call stack trace:
L 07/17/2020 - 14:21:23: [SM]   [1] Line 202, restrictinc/events.sp::CS_OnBuyCommand
L 07/17/2020 - 14:21:24: [SM] Exception reported: Array index out-of-bounds (index 64, limit 55)
L 07/17/2020 - 14:21:24: [SM] Blaming: weapon_restrict.smx
L 07/17/2020 - 14:21:24: [SM] Call stack trace:
L 07/17/2020 - 14:21:24: [SM]   [1] Line 202, restrictinc/events.sp::CS_OnBuyCommand
L 07/17/2020 - 14:21:30: [SM] Exception reported: Array index out-of-bounds (index 64, limit 55)
L 07/17/2020 - 14:21:30: [SM] Blaming: weapon_restrict.smx
L 07/17/2020 - 14:21:30: [SM] Call stack trace:
L 07/17/2020 - 14:21:30: [SM]   [1] Line 202, restrictinc/events.sp::CS_OnBuyCommand
L 07/17/2020 - 14:23:23: [SM] Exception reported: Array index out-of-bounds (index 64, limit 55)
L 07/17/2020 - 14:23:23: [SM] Blaming: weapon_restrict.smx
L 07/17/2020 - 14:23:23: [SM] Call stack trace:
L 07/17/2020 - 14:23:23: [SM]   [1] Line 202, restrictinc/events.sp::CS_OnBuyCommand
L 07/17/2020 - 14:23:24: [SM] Exception reported: Array index out-of-bounds (index 64, limit 55)
L 07/17/2020 - 14:23:24: [SM] Blaming: weapon_restrict.smx
L 07/17/2020 - 14:23:24: [SM] Call stack trace:
L 07/17/2020 - 14:23:24: [SM]   [1] Line 202, restrictinc/events.sp::CS_OnBuyCommand
L 07/17/2020 - 14:23:26: [SM] Exception reported: Array index out-of-bounds (index 64, limit 55)
L 07/17/2020 - 14:23:26: [SM] Blaming: weapon_restrict.smx
L 07/17/2020 - 14:23:26: [SM] Call stack trace:
L 07/17/2020 - 14:23:26: [SM]   [1] Line 202, restrictinc/events.sp::CS_OnBuyCommand
L 07/17/2020 - 14:24:32: [SM] Exception reported: Array index out-of-bounds (index 64, limit 55)
L 07/17/2020 - 14:24:32: [SM] Blaming: weapon_restrict.smx
L 07/17/2020 - 14:24:32: [SM] Call stack trace:
L 07/17/2020 - 14:24:32: [SM]   [1] Line 202, restrictinc/events.sp::CS_OnBuyCommand
L 07/17/2020 - 14:26:27: [SM] Exception reported: Language phrase "Player_Connected_From" not found (arg 3)
L 07/17/2020 - 14:26:27: [SM] Blaming: advadmin.smx
L 07/17/2020 - 14:26:27: [SM] Call stack trace:
L 07/17/2020 - 14:26:27: [SM]   [0] VFormat
L 07/17/2020 - 14:26:27: [SM]   [1] Line 386, /groups/sourcemod/compiler-1.10/include/halflife.inc::PrintToChatAll
L 07/17/2020 - 14:26:27: [SM]   [2] Line 141, /home/groups/sourcemod/upload_tmp/phpRYtiXm.sp::OnClientAuthorized
L 07/17/2020 - 14:26:36: [SM] Exception reported: Array index out-of-bounds (index 64, limit 55)
L 07/17/2020 - 14:26:36: [SM] Blaming: weapon_restrict.smx
L 07/17/2020 - 14:26:36: [SM] Call stack trace:
L 07/17/2020 - 14:26:36: [SM]   [1] Line 202, restrictinc/events.sp::CS_OnBuyCommand
L 07/17/2020 - 14:26:40: [SM] Exception reported: Array index out-of-bounds (index 64, limit 55)
L 07/17/2020 - 14:26:40: [SM] Blaming: weapon_restrict.smx
L 07/17/2020 - 14:26:40: [SM] Call stack trace:
L 07/17/2020 - 14:26:40: [SM]   [1] Line 202, restrictinc/events.sp::CS_OnBuyCommand
L 07/17/2020 - 14:27:47: [SM] Exception reported: Array index out-of-bounds (index 64, limit 55)
L 07/17/2020 - 14:27:47: [SM] Blaming: weapon_restrict.smx
L 07/17/2020 - 14:27:47: [SM] Call stack trace:
L 07/17/2020 - 14:27:47: [SM]   [1] Line 202, restrictinc/events.sp::CS_OnBuyCommand
L 07/17/2020 - 14:29:29: [SM] Exception reported: Array index out-of-bounds (index 64, limit 55)
L 07/17/2020 - 14:29:29: [SM] Blaming: weapon_restrict.smx
L 07/17/2020 - 14:29:29: [SM] Call stack trace:
L 07/17/2020 - 14:29:29: [SM]   [1] Line 202, restrictinc/events.sp::CS_OnBuyCommand
L 07/17/2020 - 14:30:21: [SM] Exception reported: Array index out-of-bounds (index 64, limit 55)
L 07/17/2020 - 14:30:21: [SM] Blaming: weapon_restrict.smx
L 07/17/2020 - 14:30:21: [SM] Call stack trace:
L 07/17/2020 - 14:30:21: [SM]   [1] Line 202, restrictinc/events.sp::CS_OnBuyCommand
L 07/17/2020 - 14:30:28: [SM] Exception reported: Array index out-of-bounds (index 64, limit 55)
L 07/17/2020 - 14:30:28: [SM] Blaming: weapon_restrict.smx
L 07/17/2020 - 14:30:28: [SM] Call stack trace:
L 07/17/2020 - 14:30:28: [SM]   [1] Line 202, restrictinc/events.sp::CS_OnBuyCommand
L 07/17/2020 - 14:35:42: [SM] Exception reported: Array index out-of-bounds (index 64, limit 55)
L 07/17/2020 - 14:35:42: [SM] Blaming: weapon_restrict.smx
L 07/17/2020 - 14:35:42: [SM] Call stack trace:
L 07/17/2020 - 14:35:42: [SM]   [1] Line 202, restrictinc/events.sp::CS_OnBuyCommand
L 07/17/2020 - 14:36:53: [SM] Exception reported: Array index out-of-bounds (index 64, limit 55)
L 07/17/2020 - 14:36:53: [SM] Blaming: weapon_restrict.smx
L 07/17/2020 - 14:36:53: [SM] Call stack trace:
L 07/17/2020 - 14:36:53: [SM]   [1] Line 202, restrictinc/events.sp::CS_OnBuyCommand
L 07/17/2020 - 14:38:08: [SM] Exception reported: Array index out-of-bounds (index 64, limit 55)
L 07/17/2020 - 14:38:08: [SM] Blaming: weapon_restrict.smx
L 07/17/2020 - 14:38:08: [SM] Call stack trace:
L 07/17/2020 - 14:38:08: [SM]   [1] Line 202, restrictinc/events.sp::CS_OnBuyCommand
L 07/17/2020 - 14:38:10: [SM] Exception reported: Array index out-of-bounds (index 64, limit 55)
L 07/17/2020 - 14:38:10: [SM] Blaming: weapon_restrict.smx
L 07/17/2020 - 14:38:10: [SM] Call stack trace:
L 07/17/2020 - 14:38:10: [SM]   [1] Line 202, restrictinc/events.sp::CS_OnBuyCommand
L 07/17/2020 - 14:38:13: [SM] Exception reported: Array index out-of-bounds (index 64, limit 55)
L 07/17/2020 - 14:38:13: [SM] Blaming: weapon_restrict.smx
L 07/17/2020 - 14:38:13: [SM] Call stack trace:
L 07/17/2020 - 14:38:13: [SM]   [1] Line 202, restrictinc/events.sp::CS_OnBuyCommand
L 07/17/2020 - 14:39:23: [SM] Exception reported: Array index out-of-bounds (index 64, limit 55)
L 07/17/2020 - 14:39:23: [SM] Blaming: weapon_restrict.smx
L 07/17/2020 - 14:39:23: [SM] Call stack trace:
L 07/17/2020 - 14:39:23: [SM]   [1] Line 202, restrictinc/events.sp::CS_OnBuyCommand
L 07/17/2020 - 14:39:23: [SM] Exception reported: Array index out-of-bounds (index 64, limit 55)
L 07/17/2020 - 14:39:23: [SM] Blaming: weapon_restrict.smx
L 07/17/2020 - 14:39:23: [SM] Call stack trace:
L 07/17/2020 - 14:39:23: [SM]   [1] Line 202, restrictinc/events.sp::CS_OnBuyCommand
L 07/17/2020 - 14:39:25: [SM] Exception reported: Array index out-of-bounds (index 64, limit 55)
L 07/17/2020 - 14:39:25: [SM] Blaming: weapon_restrict.smx
L 07/17/2020 - 14:39:25: [SM] Call stack trace:
L 07/17/2020 - 14:39:25: [SM]   [1] Line 202, restrictinc/events.sp::CS_OnBuyCommand
L 07/17/2020 - 14:39:30: [SM] Exception reported: Array index out-of-bounds (index 64, limit 55)
L 07/17/2020 - 14:39:30: [SM] Blaming: weapon_restrict.smx
L 07/17/2020 - 14:39:30: [SM] Call stack trace:
L 07/17/2020 - 14:39:30: [SM]   [1] Line 202, restrictinc/events.sp::CS_OnBuyCommand
L 07/17/2020 - 14:39:31: [SM] Exception reported: Array index out-of-bounds (index 64, limit 55)
L 07/17/2020 - 14:39:31: [SM] Blaming: weapon_restrict.smx
L 07/17/2020 - 14:39:31: [SM] Call stack trace:
L 07/17/2020 - 14:39:31: [SM]   [1] Line 202, restrictinc/events.sp::CS_OnBuyCommand
L 07/17/2020 - 14:40:16: [SM] Exception reported: Array index out-of-bounds (index 64, limit 55)
L 07/17/2020 - 14:40:16: [SM] Blaming: weapon_restrict.smx
L 07/17/2020 - 14:40:16: [SM] Call stack trace:
L 07/17/2020 - 14:40:16: [SM]   [1] Line 202, restrictinc/events.sp::CS_OnBuyCommand
L 07/17/2020 - 14:40:17: [SM] Exception reported: Array index out-of-bounds (index 64, limit 55)
L 07/17/2020 - 14:40:17: [SM] Blaming: weapon_restrict.smx
L 07/17/2020 - 14:40:17: [SM] Call stack trace:
L 07/17/2020 - 14:40:17: [SM]   [1] Line 202, restrictinc/events.sp::CS_OnBuyCommand
L 07/17/2020 - 14:40:25: [SM] Exception reported: Array index out-of-bounds (index 64, limit 55)
L 07/17/2020 - 14:40:25: [SM] Blaming: weapon_restrict.smx
L 07/17/2020 - 14:40:25: [SM] Call stack trace:
L 07/17/2020 - 14:40:25: [SM]   [1] Line 202, restrictinc/events.sp::CS_OnBuyCommand
L 07/17/2020 - 14:42:27: [SM] Exception reported: Array index out-of-bounds (index 64, limit 55)
L 07/17/2020 - 14:42:27: [SM] Blaming: weapon_restrict.smx
L 07/17/2020 - 14:42:27: [SM] Call stack trace:
L 07/17/2020 - 14:42:27: [SM]   [1] Line 202, restrictinc/events.sp::CS_OnBuyCommand
L 07/17/2020 - 14:43:46: [SM] Exception reported: Array index out-of-bounds (index 64, limit 55)
L 07/17/2020 - 14:43:46: [SM] Blaming: weapon_restrict.smx
L 07/17/2020 - 14:43:46: [SM] Call stack trace:
L 07/17/2020 - 14:43:46: [SM]   [1] Line 202, restrictinc/events.sp::CS_OnBuyCommand
L 07/17/2020 - 14:43:58: [SM] Exception reported: Array index out-of-bounds (index 64, limit 55)
L 07/17/2020 - 14:43:58: [SM] Blaming: weapon_restrict.smx
L 07/17/2020 - 14:43:58: [SM] Call stack trace:
L 07/17/2020 - 14:43:58: [SM]   [1] Line 202, restrictinc/events.sp::CS_OnBuyCommand
L 07/17/2020 - 14:44:07: [SM] Exception reported: Array index out-of-bounds (index 64, limit 55)
L 07/17/2020 - 14:44:07: [SM] Blaming: weapon_restrict.smx
L 07/17/2020 - 14:44:07: [SM] Call stack trace:
L 07/17/2020 - 14:44:07: [SM]   [1] Line 202, restrictinc/events.sp::CS_OnBuyCommand
L 07/17/2020 - 14:45:29: [SM] Exception reported: Array index out-of-bounds (index 64, limit 55)
L 07/17/2020 - 14:45:29: [SM] Blaming: weapon_restrict.smx
L 07/17/2020 - 14:45:29: [SM] Call stack trace:
L 07/17/2020 - 14:45:29: [SM]   [1] Line 202, restrictinc/events.sp::CS_OnBuyCommand
L 07/17/2020 - 14:46:50: [SM] Exception reported: Array index out-of-bounds (index 64, limit 55)
L 07/17/2020 - 14:46:50: [SM] Blaming: weapon_restrict.smx
L 07/17/2020 - 14:46:50: [SM] Call stack trace:
L 07/17/2020 - 14:46:50: [SM]   [1] Line 202, restrictinc/events.sp::CS_OnBuyCommand
L 07/17/2020 - 14:48:35: [SM] Exception reported: Array index out-of-bounds (index 64, limit 55)
L 07/17/2020 - 14:48:35: [SM] Blaming: weapon_restrict.smx
L 07/17/2020 - 14:48:35: [SM] Call stack trace:
L 07/17/2020 - 14:48:35: [SM]   [1] Line 202, restrictinc/events.sp::CS_OnBuyCommand
L 07/17/2020 - 14:48:44: [SM] Exception reported: Array index out-of-bounds (index 64, limit 55)
L 07/17/2020 - 14:48:44: [SM] Blaming: weapon_restrict.smx
L 07/17/2020 - 14:48:44: [SM] Call stack trace:
L 07/17/2020 - 14:48:44: [SM]   [1] Line 202, restrictinc/events.sp::CS_OnBuyCommand
L 07/17/2020 - 14:48:52: [SM] Exception reported: Array index out-of-bounds (index 64, limit 55)
L 07/17/2020 - 14:48:52: [SM] Blaming: weapon_restrict.smx
L 07/17/2020 - 14:48:52: [SM] Call stack trace:
L 07/17/2020 - 14:48:52: [SM]   [1] Line 202, restrictinc/events.sp::CS_OnBuyCommand
L 07/17/2020 - 14:49:01: [SM] Exception reported: Array index out-of-bounds (index 64, limit 55)
L 07/17/2020 - 14:49:01: [SM] Blaming: weapon_restrict.smx
L 07/17/2020 - 14:49:01: [SM] Call stack trace:
L 07/17/2020 - 14:49:01: [SM]   [1] Line 202, restrictinc/events.sp::CS_OnBuyCommand
L 07/17/2020 - 14:50:00: [SM] Exception reported: Array index out-of-bounds (index 64, limit 55)
L 07/17/2020 - 14:50:00: [SM] Blaming: weapon_restrict.smx
L 07/17/2020 - 14:50:00: [SM] Call stack trace:
L 07/17/2020 - 14:50:00: [SM]   [1] Line 202, restrictinc/events.sp::CS_OnBuyCommand
L 07/17/2020 - 14:50:18: [SM] Exception reported: Array index out-of-bounds (index 64, limit 55)
L 07/17/2020 - 14:50:18: [SM] Blaming: weapon_restrict.smx
L 07/17/2020 - 14:50:18: [SM] Call stack trace:
L 07/17/2020 - 14:50:18: [SM]   [1] Line 202, restrictinc/events.sp::CS_OnBuyCommand
L 07/17/2020 - 14:50:48: [SM] Exception reported: Array index out-of-bounds (index 64, limit 55)
L 07/17/2020 - 14:50:48: [SM] Blaming: weapon_restrict.smx
L 07/17/2020 - 14:50:48: [SM] Call stack trace:
L 07/17/2020 - 14:50:48: [SM]   [1] Line 202, restrictinc/events.sp::CS_OnBuyCommand
L 07/17/2020 - 14:51:17: [SM] Exception reported: Array index out-of-bounds (index 64, limit 55)
L 07/17/2020 - 14:51:17: [SM] Blaming: weapon_restrict.smx
L 07/17/2020 - 14:51:17: [SM] Call stack trace:
L 07/17/2020 - 14:51:17: [SM]   [1] Line 202, restrictinc/events.sp::CS_OnBuyCommand
L 07/17/2020 - 14:51:34: [SM] Exception reported: Array index out-of-bounds (index 64, limit 55)
L 07/17/2020 - 14:51:34: [SM] Blaming: weapon_restrict.smx
L 07/17/2020 - 14:51:34: [SM] Call stack trace:
L 07/17/2020 - 14:51:34: [SM]   [1] Line 202, restrictinc/events.sp::CS_OnBuyCommand
L 07/17/2020 - 15:02:57: [SM] Exception reported: Array index out-of-bounds (index 64, limit 55)
L 07/17/2020 - 15:02:57: [SM] Blaming: weapon_restrict.smx
L 07/17/2020 - 15:02:57: [SM] Call stack trace:
L 07/17/2020 - 15:02:57: [SM]   [1] Line 202, restrictinc/events.sp::CS_OnBuyCommand
L 07/17/2020 - 15:03:46: [SM] Exception reported: Array index out-of-bounds (index 64, limit 55)
L 07/17/2020 - 15:03:46: [SM] Blaming: weapon_restrict.smx
L 07/17/2020 - 15:03:46: [SM] Call stack trace:
L 07/17/2020 - 15:03:46: [SM]   [1] Line 202, restrictinc/events.sp::CS_OnBuyCommand
L 07/17/2020 - 15:04:06: [SM] Exception reported: Array index out-of-bounds (index 64, limit 55)
L 07/17/2020 - 15:04:06: [SM] Blaming: weapon_restrict.smx
L 07/17/2020 - 15:04:06: [SM] Call stack trace:
L 07/17/2020 - 15:04:06: [SM]   [1] Line 202, restrictinc/events.sp::CS_OnBuyCommand
L 07/17/2020 - 15:04:36: [SM] Exception reported: Array index out-of-bounds (index 64, limit 55)
L 07/17/2020 - 15:04:36: [SM] Blaming: weapon_restrict.smx
L 07/17/2020 - 15:04:36: [SM] Call stack trace:
L 07/17/2020 - 15:04:36: [SM]   [1] Line 202, restrictinc/events.sp::CS_OnBuyCommand
L 07/17/2020 - 15:05:13: [SM] Exception reported: Array index out-of-bounds (index 64, limit 55)
L 07/17/2020 - 15:05:13: [SM] Blaming: weapon_restrict.smx
L 07/17/2020 - 15:05:13: [SM] Call stack trace:
L 07/17/2020 - 15:05:13: [SM]   [1] Line 202, restrictinc/events.sp::CS_OnBuyCommand
L 07/17/2020 - 15:05:47: [SM] Exception reported: Array index out-of-bounds (index 64, limit 55)
L 07/17/2020 - 15:05:47: [SM] Blaming: weapon_restrict.smx
L 07/17/2020 - 15:05:47: [SM] Call stack trace:
L 07/17/2020 - 15:05:47: [SM]   [1] Line 202, restrictinc/events.sp::CS_OnBuyCommand
L 07/17/2020 - 17:03:09: Error log file session closed.
L 07/17/2020 - 17:03:09: SourceMod error session started
L 07/17/2020 - 17:03:09: Info (map "cs_office") (file "/home/tcagame/jackm1/488/csgo/addons/sourcemod/logs/errors_20200717.log")
L 07/17/2020 - 17:03:09: [SM] Fatal error encountered parsing translation file "advadmin.phrases.txt"
L 07/17/2020 - 17:03:09: [SM] Error (line 0, column 0): Stream failed to open
L 07/17/2020 - 17:03:20: [SM] Exception reported: Language phrase "Player_Connected_From" not found (arg 3)
L 07/17/2020 - 17:03:20: [SM] Blaming: advadmin.smx
L 07/17/2020 - 17:03:20: [SM] Call stack trace:
L 07/17/2020 - 17:03:20: [SM]   [0] VFormat
L 07/17/2020 - 17:03:20: [SM]   [1] Line 386, /groups/sourcemod/compiler-1.10/include/halflife.inc::PrintToChatAll
L 07/17/2020 - 17:03:20: [SM]   [2] Line 141, /home/groups/sourcemod/upload_tmp/phpRYtiXm.sp::OnClientAuthorized
L 07/17/2020 - 17:03:21: [SM] Exception reported: Language phrase "Player_Connected_From" not found (arg 3)
L 07/17/2020 - 17:03:21: [SM] Blaming: advadmin.smx
L 07/17/2020 - 17:03:21: [SM] Call stack trace:
L 07/17/2020 - 17:03:21: [SM]   [0] VFormat
L 07/17/2020 - 17:03:21: [SM]   [1] Line 386, /groups/sourcemod/compiler-1.10/include/halflife.inc::PrintToChatAll
L 07/17/2020 - 17:03:21: [SM]   [2] Line 141, /home/groups/sourcemod/upload_tmp/phpRYtiXm.sp::OnClientAuthorized
L 07/17/2020 - 17:03:48: [SM] Exception reported: Language phrase "Player_Connected_From" not found (arg 3)
L 07/17/2020 - 17:03:48: [SM] Blaming: advadmin.smx
L 07/17/2020 - 17:03:48: [SM] Call stack trace:
L 07/17/2020 - 17:03:48: [SM]   [0] VFormat
L 07/17/2020 - 17:03:48: [SM]   [1] Line 386, /groups/sourcemod/compiler-1.10/include/halflife.inc::PrintToChatAll
L 07/17/2020 - 17:03:48: [SM]   [2] Line 141, /home/groups/sourcemod/upload_tmp/phpRYtiXm.sp::OnClientAuthorized
L 07/17/2020 - 17:18:27: [SM] Exception reported: Array index out-of-bounds (index 64, limit 55)
L 07/17/2020 - 17:18:27: [SM] Blaming: weapon_restrict.smx
L 07/17/2020 - 17:18:27: [SM] Call stack trace:
L 07/17/2020 - 17:18:27: [SM]   [1] Line 202, restrictinc/events.sp::CS_OnBuyCommand
L 07/17/2020 - 20:58:31: Error log file session closed.
L 07/17/2020 - 20:58:31: SourceMod error session started
L 07/17/2020 - 20:58:31: Info (map "cs_office") (file "/home/tcagame/jackm1/488/csgo/addons/sourcemod/logs/errors_20200717.log")
L 07/17/2020 - 20:58:31: [SM] Fatal error encountered parsing translation file "advadmin.phrases.txt"
L 07/17/2020 - 20:58:31: [SM] Error (line 0, column 0): Stream failed to open
L 07/17/2020 - 20:59:34: [SM] Exception reported: Language phrase "Player_Connected_From" not found (arg 3)
L 07/17/2020 - 20:59:34: [SM] Blaming: advadmin.smx
L 07/17/2020 - 20:59:34: [SM] Call stack trace:
L 07/17/2020 - 20:59:34: [SM]   [0] VFormat
L 07/17/2020 - 20:59:34: [SM]   [1] Line 386, /groups/sourcemod/compiler-1.10/include/halflife.inc::PrintToChatAll
L 07/17/2020 - 20:59:34: [SM]   [2] Line 141, /home/groups/sourcemod/upload_tmp/phpRYtiXm.sp::OnClientAuthorized
L 07/17/2020 - 21:00:08: [SM] Exception reported: Language phrase "Player_Connected_From" not found (arg 3)
L 07/17/2020 - 21:00:08: [SM] Blaming: advadmin.smx
L 07/17/2020 - 21:00:08: [SM] Call stack trace:
L 07/17/2020 - 21:00:08: [SM]   [0] VFormat
L 07/17/2020 - 21:00:08: [SM]   [1] Line 386, /groups/sourcemod/compiler-1.10/include/halflife.inc::PrintToChatAll
L 07/17/2020 - 21:00:08: [SM]   [2] Line 141, /home/groups/sourcemod/upload_tmp/phpRYtiXm.sp::OnClientAuthorized
L 07/17/2020 - 21:00:14: [SM] Exception reported: Array index out-of-bounds (index 64, limit 55)
L 07/17/2020 - 21:00:14: [SM] Blaming: weapon_restrict.smx
L 07/17/2020 - 21:00:14: [SM] Call stack trace:
L 07/17/2020 - 21:00:14: [SM]   [1] Line 202, restrictinc/events.sp::CS_OnBuyCommand
L 07/17/2020 - 21:03:36: [SM] Exception reported: Language phrase "Player_Connected_From" not found (arg 3)
L 07/17/2020 - 21:03:36: [SM] Blaming: advadmin.smx
L 07/17/2020 - 21:03:36: [SM] Call stack trace:
L 07/17/2020 - 21:03:36: [SM]   [0] VFormat
L 07/17/2020 - 21:03:36: [SM]   [1] Line 386, /groups/sourcemod/compiler-1.10/include/halflife.inc::PrintToChatAll
L 07/17/2020 - 21:03:36: [SM]   [2] Line 141, /home/groups/sourcemod/upload_tmp/phpRYtiXm.sp::OnClientAuthorized
L 07/17/2020 - 21:03:52: [SM] Exception reported: Array index out-of-bounds (index 64, limit 55)
L 07/17/2020 - 21:03:52: [SM] Blaming: weapon_restrict.smx
L 07/17/2020 - 21:03:52: [SM] Call stack trace:
L 07/17/2020 - 21:03:52: [SM]   [1] Line 202, restrictinc/events.sp::CS_OnBuyCommand
L 07/17/2020 - 21:04:17: [SM] Exception reported: Array index out-of-bounds (index 64, limit 55)
L 07/17/2020 - 21:04:17: [SM] Blaming: weapon_restrict.smx
L 07/17/2020 - 21:04:17: [SM] Call stack trace:
L 07/17/2020 - 21:04:17: [SM]   [1] Line 202, restrictinc/events.sp::CS_OnBuyCommand
L 07/17/2020 - 21:04:49: [SM] Exception reported: Array index out-of-bounds (index 64, limit 55)
L 07/17/2020 - 21:04:49: [SM] Blaming: weapon_restrict.smx
L 07/17/2020 - 21:04:49: [SM] Call stack trace:
L 07/17/2020 - 21:04:49: [SM]   [1] Line 202, restrictinc/events.sp::CS_OnBuyCommand
L 07/17/2020 - 21:05:32: [SM] Exception reported: Array index out-of-bounds (index 64, limit 55)
L 07/17/2020 - 21:05:32: [SM] Blaming: weapon_restrict.smx
L 07/17/2020 - 21:05:32: [SM] Call stack trace:
L 07/17/2020 - 21:05:32: [SM]   [1] Line 202, restrictinc/events.sp::CS_OnBuyCommand
L 07/17/2020 - 21:06:11: [SM] Exception reported: Array index out-of-bounds (index 64, limit 55)
L 07/17/2020 - 21:06:11: [SM] Blaming: weapon_restrict.smx
L 07/17/2020 - 21:06:11: [SM] Call stack trace:
L 07/17/2020 - 21:06:11: [SM]   [1] Line 202, restrictinc/events.sp::CS_OnBuyCommand
L 07/17/2020 - 21:08:00: [SM] Exception reported: Language phrase "Player_Connected_From" not found (arg 3)
L 07/17/2020 - 21:08:00: [SM] Blaming: advadmin.smx
L 07/17/2020 - 21:08:00: [SM] Call stack trace:
L 07/17/2020 - 21:08:00: [SM]   [0] VFormat
L 07/17/2020 - 21:08:00: [SM]   [1] Line 386, /groups/sourcemod/compiler-1.10/include/halflife.inc::PrintToChatAll
L 07/17/2020 - 21:08:00: [SM]   [2] Line 141, /home/groups/sourcemod/upload_tmp/phpRYtiXm.sp::OnClientAuthorized
L 07/17/2020 - 21:09:02: [SM] Exception reported: Array index out-of-bounds (index 64, limit 55)
L 07/17/2020 - 21:09:02: [SM] Blaming: weapon_restrict.smx
L 07/17/2020 - 21:09:02: [SM] Call stack trace:
L 07/17/2020 - 21:09:02: [SM]   [1] Line 202, restrictinc/events.sp::CS_OnBuyCommand
L 07/17/2020 - 21:13:34: [SM] Exception reported: Language phrase "Player_Connected_From" not found (arg 3)
L 07/17/2020 - 21:13:34: [SM] Blaming: advadmin.smx
L 07/17/2020 - 21:13:34: [SM] Call stack trace:
L 07/17/2020 - 21:13:34: [SM]   [0] VFormat
L 07/17/2020 - 21:13:34: [SM]   [1] Line 386, /groups/sourcemod/compiler-1.10/include/halflife.inc::PrintToChatAll
L 07/17/2020 - 21:13:34: [SM]   [2] Line 141, /home/groups/sourcemod/upload_tmp/phpRYtiXm.sp::OnClientAuthorized
L 07/17/2020 - 21:18:20: [SM] Exception reported: Language phrase "Player_Connected_From" not found (arg 3)
L 07/17/2020 - 21:18:20: [SM] Blaming: advadmin.smx
L 07/17/2020 - 21:18:20: [SM] Call stack trace:
L 07/17/2020 - 21:18:20: [SM]   [0] VFormat
L 07/17/2020 - 21:18:20: [SM]   [1] Line 386, /groups/sourcemod/compiler-1.10/include/halflife.inc::PrintToChatAll
L 07/17/2020 - 21:18:20: [SM]   [2] Line 141, /home/groups/sourcemod/upload_tmp/phpRYtiXm.sp::OnClientAuthorized
L 07/17/2020 - 21:18:33: [SM] Exception reported: Array index out-of-bounds (index 64, limit 55)
L 07/17/2020 - 21:18:33: [SM] Blaming: weapon_restrict.smx
L 07/17/2020 - 21:18:33: [SM] Call stack trace:
L 07/17/2020 - 21:18:33: [SM]   [1] Line 202, restrictinc/events.sp::CS_OnBuyCommand
L 07/17/2020 - 21:19:13: [SM] Exception reported: Array index out-of-bounds (index 64, limit 55)
L 07/17/2020 - 21:19:13: [SM] Blaming: weapon_restrict.smx
L 07/17/2020 - 21:19:13: [SM] Call stack trace:
L 07/17/2020 - 21:19:13: [SM]   [1] Line 202, restrictinc/events.sp::CS_OnBuyCommand
L 07/17/2020 - 21:19:39: [SM] Exception reported: Array index out-of-bounds (index 64, limit 55)
L 07/17/2020 - 21:19:39: [SM] Blaming: weapon_restrict.smx
L 07/17/2020 - 21:19:39: [SM] Call stack trace:
L 07/17/2020 - 21:19:39: [SM]   [1] Line 202, restrictinc/events.sp::CS_OnBuyCommand
L 07/17/2020 - 21:19:53: [SM] Exception reported: Array index out-of-bounds (index 64, limit 55)
L 07/17/2020 - 21:19:53: [SM] Blaming: weapon_restrict.smx
L 07/17/2020 - 21:19:53: [SM] Call stack trace:
L 07/17/2020 - 21:19:53: [SM]   [1] Line 202, restrictinc/events.sp::CS_OnBuyCommand
L 07/17/2020 - 21:20:23: [SM] Exception reported: Array index out-of-bounds (index 64, limit 55)
L 07/17/2020 - 21:20:23: [SM] Blaming: weapon_restrict.smx
L 07/17/2020 - 21:20:23: [SM] Call stack trace:
L 07/17/2020 - 21:20:23: [SM]   [1] Line 202, restrictinc/events.sp::CS_OnBuyCommand
L 07/17/2020 - 21:21:58: [SM] Exception reported: Array index out-of-bounds (index 64, limit 55)
L 07/17/2020 - 21:21:58: [SM] Blaming: weapon_restrict.smx
L 07/17/2020 - 21:21:58: [SM] Call stack trace:
L 07/17/2020 - 21:21:58: [SM]   [1] Line 202, restrictinc/events.sp::CS_OnBuyCommand
L 07/17/2020 - 21:24:41: [SM] Exception reported: Array index out-of-bounds (index 64, limit 55)
L 07/17/2020 - 21:24:41: [SM] Blaming: weapon_restrict.smx
L 07/17/2020 - 21:24:41: [SM] Call stack trace:
L 07/17/2020 - 21:24:41: [SM]   [1] Line 202, restrictinc/events.sp::CS_OnBuyCommand
L 07/17/2020 - 21:25:04: [SM] Exception reported: Array index out-of-bounds (index 64, limit 55)
L 07/17/2020 - 21:25:04: [SM] Blaming: weapon_restrict.smx
L 07/17/2020 - 21:25:04: [SM] Call stack trace:
L 07/17/2020 - 21:25:04: [SM]   [1] Line 202, restrictinc/events.sp::CS_OnBuyCommand
L 07/17/2020 - 21:25:59: [SM] Exception reported: Language phrase "Player_Connected_From" not found (arg 3)
L 07/17/2020 - 21:25:59: [SM] Blaming: advadmin.smx
L 07/17/2020 - 21:25:59: [SM] Call stack trace:
L 07/17/2020 - 21:25:59: [SM]   [0] VFormat
L 07/17/2020 - 21:25:59: [SM]   [1] Line 386, /groups/sourcemod/compiler-1.10/include/halflife.inc::PrintToChatAll
L 07/17/2020 - 21:25:59: [SM]   [2] Line 141, /home/groups/sourcemod/upload_tmp/phpRYtiXm.sp::OnClientAuthorized
L 07/17/2020 - 21:25:59: [SM] Exception reported: Language phrase "Player_Connected_From" not found (arg 3)
L 07/17/2020 - 21:25:59: [SM] Blaming: advadmin.smx
L 07/17/2020 - 21:25:59: [SM] Call stack trace:
L 07/17/2020 - 21:25:59: [SM]   [0] VFormat
L 07/17/2020 - 21:25:59: [SM]   [1] Line 386, /groups/sourcemod/compiler-1.10/include/halflife.inc::PrintToChatAll
L 07/17/2020 - 21:25:59: [SM]   [2] Line 141, /home/groups/sourcemod/upload_tmp/phpRYtiXm.sp::OnClientAuthorized
L 07/17/2020 - 21:26:03: [SM] Exception reported: Array index out-of-bounds (index 64, limit 55)
L 07/17/2020 - 21:26:03: [SM] Blaming: weapon_restrict.smx
L 07/17/2020 - 21:26:03: [SM] Call stack trace:
L 07/17/2020 - 21:26:03: [SM]   [1] Line 202, restrictinc/events.sp::CS_OnBuyCommand
L 07/17/2020 - 21:33:45: [SM] Exception reported: Array index out-of-bounds (index 64, limit 55)
L 07/17/2020 - 21:33:45: [SM] Blaming: weapon_restrict.smx
L 07/17/2020 - 21:33:45: [SM] Call stack trace:
L 07/17/2020 - 21:33:45: [SM]   [1] Line 202, restrictinc/events.sp::CS_OnBuyCommand
L 07/17/2020 - 21:35:47: [SM] Exception reported: Language phrase "Player_Connected_From" not found (arg 3)
L 07/17/2020 - 21:35:47: [SM] Blaming: advadmin.smx
L 07/17/2020 - 21:35:47: [SM] Call stack trace:
L 07/17/2020 - 21:35:47: [SM]   [0] VFormat
L 07/17/2020 - 21:35:47: [SM]   [1] Line 386, /groups/sourcemod/compiler-1.10/include/halflife.inc::PrintToChatAll
L 07/17/2020 - 21:35:47: [SM]   [2] Line 141, /home/groups/sourcemod/upload_tmp/phpRYtiXm.sp::OnClientAuthorized
L 07/17/2020 - 21:36:42: [SM] Exception reported: Language phrase "Player_Connected_From" not found (arg 3)
L 07/17/2020 - 21:36:42: [SM] Blaming: advadmin.smx
L 07/17/2020 - 21:36:42: [SM] Call stack trace:
L 07/17/2020 - 21:36:42: [SM]   [0] VFormat
L 07/17/2020 - 21:36:42: [SM]   [1] Line 386, /groups/sourcemod/compiler-1.10/include/halflife.inc::PrintToChatAll
L 07/17/2020 - 21:36:42: [SM]   [2] Line 141, /home/groups/sourcemod/upload_tmp/phpRYtiXm.sp::OnClientAuthorized
L 07/17/2020 - 21:38:43: [SM] Exception reported: Language phrase "Player_Connected_From" not found (arg 3)
L 07/17/2020 - 21:38:43: [SM] Blaming: advadmin.smx
L 07/17/2020 - 21:38:43: [SM] Call stack trace:
L 07/17/2020 - 21:38:43: [SM]   [0] VFormat
L 07/17/2020 - 21:38:43: [SM]   [1] Line 386, /groups/sourcemod/compiler-1.10/include/halflife.inc::PrintToChatAll
L 07/17/2020 - 21:38:43: [SM]   [2] Line 141, /home/groups/sourcemod/upload_tmp/phpRYtiXm.sp::OnClientAuthorized
L 07/17/2020 - 21:39:08: [SM] Exception reported: Language phrase "Player_Connected_From" not found (arg 3)
L 07/17/2020 - 21:39:08: [SM] Blaming: advadmin.smx
L 07/17/2020 - 21:39:08: [SM] Call stack trace:
L 07/17/2020 - 21:39:08: [SM]   [0] VFormat
L 07/17/2020 - 21:39:08: [SM]   [1] Line 386, /groups/sourcemod/compiler-1.10/include/halflife.inc::PrintToChatAll
L 07/17/2020 - 21:39:08: [SM]   [2] Line 141, /home/groups/sourcemod/upload_tmp/phpRYtiXm.sp::OnClientAuthorized
L 07/17/2020 - 21:40:52: [SM] Exception reported: Array index out-of-bounds (index 64, limit 55)
L 07/17/2020 - 21:40:52: [SM] Blaming: weapon_restrict.smx
L 07/17/2020 - 21:40:52: [SM] Call stack trace:
L 07/17/2020 - 21:40:52: [SM]   [1] Line 202, restrictinc/events.sp::CS_OnBuyCommand
L 07/17/2020 - 21:41:27: [SM] Exception reported: Language phrase "Player_Connected_From" not found (arg 3)
L 07/17/2020 - 21:41:27: [SM] Blaming: advadmin.smx
L 07/17/2020 - 21:41:27: [SM] Call stack trace:
L 07/17/2020 - 21:41:27: [SM]   [0] VFormat
L 07/17/2020 - 21:41:27: [SM]   [1] Line 386, /groups/sourcemod/compiler-1.10/include/halflife.inc::PrintToChatAll
L 07/17/2020 - 21:41:27: [SM]   [2] Line 141, /home/groups/sourcemod/upload_tmp/phpRYtiXm.sp::OnClientAuthorized
L 07/17/2020 - 21:41:34: [SM] Exception reported: Array index out-of-bounds (index 64, limit 55)
L 07/17/2020 - 21:41:34: [SM] Blaming: weapon_restrict.smx
L 07/17/2020 - 21:41:34: [SM] Call stack trace:
L 07/17/2020 - 21:41:34: [SM]   [1] Line 202, restrictinc/events.sp::CS_OnBuyCommand
L 07/17/2020 - 21:42:46: [SM] Exception reported: Language phrase "Player_Connected_From" not found (arg 3)
L 07/17/2020 - 21:42:46: [SM] Blaming: advadmin.smx
L 07/17/2020 - 21:42:46: [SM] Call stack trace:
L 07/17/2020 - 21:42:46: [SM]   [0] VFormat
L 07/17/2020 - 21:42:46: [SM]   [1] Line 386, /groups/sourcemod/compiler-1.10/include/halflife.inc::PrintToChatAll
L 07/17/2020 - 21:42:46: [SM]   [2] Line 141, /home/groups/sourcemod/upload_tmp/phpRYtiXm.sp::OnClientAuthorized
L 07/17/2020 - 21:43:31: [SM] Exception reported: Array index out-of-bounds (index 64, limit 55)
L 07/17/2020 - 21:43:31: [SM] Blaming: weapon_restrict.smx
L 07/17/2020 - 21:43:31: [SM] Call stack trace:
L 07/17/2020 - 21:43:31: [SM]   [1] Line 202, restrictinc/events.sp::CS_OnBuyCommand
L 07/17/2020 - 21:44:38: [SM] Exception reported: Array index out-of-bounds (index 64, limit 55)
L 07/17/2020 - 21:44:38: [SM] Blaming: weapon_restrict.smx
L 07/17/2020 - 21:44:38: [SM] Call stack trace:
L 07/17/2020 - 21:44:38: [SM]   [1] Line 202, restrictinc/events.sp::CS_OnBuyCommand
L 07/17/2020 - 21:45:02: [SM] Exception reported: Language phrase "Player_Connected_From" not found (arg 3)
L 07/17/2020 - 21:45:02: [SM] Blaming: advadmin.smx
L 07/17/2020 - 21:45:02: [SM] Call stack trace:
L 07/17/2020 - 21:45:02: [SM]   [0] VFormat
L 07/17/2020 - 21:45:02: [SM]   [1] Line 386, /groups/sourcemod/compiler-1.10/include/halflife.inc::PrintToChatAll
L 07/17/2020 - 21:45:02: [SM]   [2] Line 141, /home/groups/sourcemod/upload_tmp/phpRYtiXm.sp::OnClientAuthorized
L 07/17/2020 - 21:45:17: [SM] Exception reported: Array index out-of-bounds (index 64, limit 55)
L 07/17/2020 - 21:45:17: [SM] Blaming: weapon_restrict.smx
L 07/17/2020 - 21:45:17: [SM] Call stack trace:
L 07/17/2020 - 21:45:17: [SM]   [1] Line 202, restrictinc/events.sp::CS_OnBuyCommand
L 07/17/2020 - 21:45:57: [SM] Exception reported: Array index out-of-bounds (index 64, limit 55)
L 07/17/2020 - 21:45:57: [SM] Blaming: weapon_restrict.smx
L 07/17/2020 - 21:45:57: [SM] Call stack trace:
L 07/17/2020 - 21:45:57: [SM]   [1] Line 202, restrictinc/events.sp::CS_OnBuyCommand
L 07/17/2020 - 21:45:58: [SM] Exception reported: Array index out-of-bounds (index 64, limit 55)
L 07/17/2020 - 21:45:58: [SM] Blaming: weapon_restrict.smx
L 07/17/2020 - 21:45:58: [SM] Call stack trace:
L 07/17/2020 - 21:45:58: [SM]   [1] Line 202, restrictinc/events.sp::CS_OnBuyCommand
L 07/17/2020 - 21:46:14: [SM] Exception reported: Array index out-of-bounds (index 64, limit 55)
L 07/17/2020 - 21:46:14: [SM] Blaming: weapon_restrict.smx
L 07/17/2020 - 21:46:14: [SM] Call stack trace:
L 07/17/2020 - 21:46:14: [SM]   [1] Line 202, restrictinc/events.sp::CS_OnBuyCommand
L 07/17/2020 - 21:46:30: [SM] Exception reported: Array index out-of-bounds (index 64, limit 55)
L 07/17/2020 - 21:46:30: [SM] Blaming: weapon_restrict.smx
L 07/17/2020 - 21:46:30: [SM] Call stack trace:
L 07/17/2020 - 21:46:30: [SM]   [1] Line 202, restrictinc/events.sp::CS_OnBuyCommand
L 07/17/2020 - 21:46:45: [SM] Exception reported: Array index out-of-bounds (index 64, limit 55)
L 07/17/2020 - 21:46:45: [SM] Blaming: weapon_restrict.smx
L 07/17/2020 - 21:46:45: [SM] Call stack trace:
L 07/17/2020 - 21:46:45: [SM]   [1] Line 202, restrictinc/events.sp::CS_OnBuyCommand
L 07/17/2020 - 21:47:24: Error log file session closed.
L 07/17/2020 - 21:47:24: SourceMod error session started
L 07/17/2020 - 21:47:24: Info (map "de_inferno") (file "/home/tcagame/jackm1/488/csgo/addons/sourcemod/logs/errors_20200717.log")
L 07/17/2020 - 21:47:24: [SM] Fatal error encountered parsing translation file "advadmin.phrases.txt"
L 07/17/2020 - 21:47:24: [SM] Error (line 0, column 0): Stream failed to open
L 07/17/2020 - 21:47:50: [SM] Exception reported: Array index out-of-bounds (index 64, limit 55)
L 07/17/2020 - 21:47:50: [SM] Blaming: weapon_restrict.smx
L 07/17/2020 - 21:47:50: [SM] Call stack trace:
L 07/17/2020 - 21:47:50: [SM]   [1] Line 202, restrictinc/events.sp::CS_OnBuyCommand
L 07/17/2020 - 21:47:56: [SM] Exception reported: Array index out-of-bounds (index 64, limit 55)
L 07/17/2020 - 21:47:56: [SM] Blaming: weapon_restrict.smx
L 07/17/2020 - 21:47:56: [SM] Call stack trace:
L 07/17/2020 - 21:47:56: [SM]   [1] Line 202, restrictinc/events.sp::CS_OnBuyCommand
L 07/17/2020 - 21:47:57: [SM] Exception reported: Language phrase "Player_Connected" not found (arg 3)
L 07/17/2020 - 21:47:57: [SM] Blaming: advadmin.smx
L 07/17/2020 - 21:47:57: [SM] Call stack trace:
L 07/17/2020 - 21:47:57: [SM]   [0] VFormat
L 07/17/2020 - 21:47:57: [SM]   [1] Line 386, /groups/sourcemod/compiler-1.10/include/halflife.inc::PrintToChatAll
L 07/17/2020 - 21:47:57: [SM]   [2] Line 145, /home/groups/sourcemod/upload_tmp/phpRYtiXm.sp::OnClientAuthorized
L 07/17/2020 - 21:48:00: [SM] Exception reported: Language phrase "Player_Connected_From" not found (arg 3)
L 07/17/2020 - 21:48:00: [SM] Blaming: advadmin.smx
L 07/17/2020 - 21:48:00: [SM] Call stack trace:
L 07/17/2020 - 21:48:00: [SM]   [0] VFormat
L 07/17/2020 - 21:48:00: [SM]   [1] Line 386, /groups/sourcemod/compiler-1.10/include/halflife.inc::PrintToChatAll
L 07/17/2020 - 21:48:00: [SM]   [2] Line 141, /home/groups/sourcemod/upload_tmp/phpRYtiXm.sp::OnClientAuthorized
L 07/17/2020 - 21:48:09: [SM] Exception reported: Language phrase "Player_Connected" not found (arg 3)
L 07/17/2020 - 21:48:09: [SM] Blaming: advadmin.smx
L 07/17/2020 - 21:48:09: [SM] Call stack trace:
L 07/17/2020 - 21:48:09: [SM]   [0] VFormat
L 07/17/2020 - 21:48:09: [SM]   [1] Line 386, /groups/sourcemod/compiler-1.10/include/halflife.inc::PrintToChatAll
L 07/17/2020 - 21:48:09: [SM]   [2] Line 145, /home/groups/sourcemod/upload_tmp/phpRYtiXm.sp::OnClientAuthorized
L 07/17/2020 - 21:48:14: [SM] Exception reported: Array index out-of-bounds (index 64, limit 55)
L 07/17/2020 - 21:48:14: [SM] Blaming: weapon_restrict.smx
L 07/17/2020 - 21:48:14: [SM] Call stack trace:
L 07/17/2020 - 21:48:14: [SM]   [1] Line 202, restrictinc/events.sp::CS_OnBuyCommand
L 07/17/2020 - 21:48:33: [SM] Exception reported: Array index out-of-bounds (index 64, limit 55)
L 07/17/2020 - 21:48:33: [SM] Blaming: weapon_restrict.smx
L 07/17/2020 - 21:48:33: [SM] Call stack trace:
L 07/17/2020 - 21:48:33: [SM]   [1] Line 202, restrictinc/events.sp::CS_OnBuyCommand
L 07/17/2020 - 21:48:43: [SM] Exception reported: Array index out-of-bounds (index 64, limit 55)
L 07/17/2020 - 21:48:43: [SM] Blaming: weapon_restrict.smx
L 07/17/2020 - 21:48:43: [SM] Call stack trace:
L 07/17/2020 - 21:48:43: [SM]   [1] Line 202, restrictinc/events.sp::CS_OnBuyCommand
L 07/17/2020 - 21:49:01: [SM] Exception reported: Array index out-of-bounds (index 64, limit 55)
L 07/17/2020 - 21:49:01: [SM] Blaming: weapon_restrict.smx
L 07/17/2020 - 21:49:01: [SM] Call stack trace:
L 07/17/2020 - 21:49:01: [SM]   [1] Line 202, restrictinc/events.sp::CS_OnBuyCommand
L 07/17/2020 - 21:49:15: [SM] Exception reported: Array index out-of-bounds (index 64, limit 55)
L 07/17/2020 - 21:49:15: [SM] Blaming: weapon_restrict.smx
L 07/17/2020 - 21:49:15: [SM] Call stack trace:
L 07/17/2020 - 21:49:15: [SM]   [1] Line 202, restrictinc/events.sp::CS_OnBuyCommand
L 07/17/2020 - 21:49:16: [SM] Exception reported: Language phrase "Player_Connected_From" not found (arg 3)
L 07/17/2020 - 21:49:16: [SM] Blaming: advadmin.smx
L 07/17/2020 - 21:49:16: [SM] Call stack trace:
L 07/17/2020 - 21:49:16: [SM]   [0] VFormat
L 07/17/2020 - 21:49:16: [SM]   [1] Line 386, /groups/sourcemod/compiler-1.10/include/halflife.inc::PrintToChatAll
L 07/17/2020 - 21:49:16: [SM]   [2] Line 141, /home/groups/sourcemod/upload_tmp/phpRYtiXm.sp::OnClientAuthorized
L 07/17/2020 - 21:49:31: [SM] Exception reported: Array index out-of-bounds (index 64, limit 55)
L 07/17/2020 - 21:49:31: [SM] Blaming: weapon_restrict.smx
L 07/17/2020 - 21:49:31: [SM] Call stack trace:
L 07/17/2020 - 21:49:31: [SM]   [1] Line 202, restrictinc/events.sp::CS_OnBuyCommand
L 07/17/2020 - 21:49:47: [SM] Exception reported: Language phrase "Player_Connected_From" not found (arg 3)
L 07/17/2020 - 21:49:47: [SM] Blaming: advadmin.smx
L 07/17/2020 - 21:49:47: [SM] Call stack trace:
L 07/17/2020 - 21:49:47: [SM]   [0] VFormat
L 07/17/2020 - 21:49:47: [SM]   [1] Line 386, /groups/sourcemod/compiler-1.10/include/halflife.inc::PrintToChatAll
L 07/17/2020 - 21:49:47: [SM]   [2] Line 141, /home/groups/sourcemod/upload_tmp/phpRYtiXm.sp::OnClientAuthorized
L 07/17/2020 - 21:50:17: [SM] Exception reported: Array index out-of-bounds (index 64, limit 55)
L 07/17/2020 - 21:50:17: [SM] Blaming: weapon_restrict.smx
L 07/17/2020 - 21:50:17: [SM] Call stack trace:
L 07/17/2020 - 21:50:17: [SM]   [1] Line 202, restrictinc/events.sp::CS_OnBuyCommand
L 07/17/2020 - 21:50:32: [SM] Exception reported: Array index out-of-bounds (index 64, limit 55)
L 07/17/2020 - 21:50:32: [SM] Blaming: weapon_restrict.smx
L 07/17/2020 - 21:50:32: [SM] Call stack trace:
L 07/17/2020 - 21:50:32: [SM]   [1] Line 202, restrictinc/events.sp::CS_OnBuyCommand
L 07/17/2020 - 21:51:30: [SM] Exception reported: Array index out-of-bounds (index 64, limit 55)
L 07/17/2020 - 21:51:30: [SM] Blaming: weapon_restrict.smx
L 07/17/2020 - 21:51:30: [SM] Call stack trace:
L 07/17/2020 - 21:51:30: [SM]   [1] Line 202, restrictinc/events.sp::CS_OnBuyCommand
L 07/17/2020 - 21:51:59: [SM] Exception reported: Array index out-of-bounds (index 64, limit 55)
L 07/17/2020 - 21:51:59: [SM] Blaming: weapon_restrict.smx
L 07/17/2020 - 21:51:59: [SM] Call stack trace:
L 07/17/2020 - 21:51:59: [SM]   [1] Line 202, restrictinc/events.sp::CS_OnBuyCommand
L 07/17/2020 - 21:52:04: [SM] Exception reported: Array index out-of-bounds (index 64, limit 55)
L 07/17/2020 - 21:52:04: [SM] Blaming: weapon_restrict.smx
L 07/17/2020 - 21:52:04: [SM] Call stack trace:
L 07/17/2020 - 21:52:04: [SM]   [1] Line 202, restrictinc/events.sp::CS_OnBuyCommand
L 07/17/2020 - 21:52:24: [SM] Exception reported: Array index out-of-bounds (index 64, limit 55)
L 07/17/2020 - 21:52:24: [SM] Blaming: weapon_restrict.smx
L 07/17/2020 - 21:52:24: [SM] Call stack trace:
L 07/17/2020 - 21:52:24: [SM]   [1] Line 202, restrictinc/events.sp::CS_OnBuyCommand
L 07/17/2020 - 21:52:45: [SM] Exception reported: Array index out-of-bounds (index 64, limit 55)
L 07/17/2020 - 21:52:45: [SM] Blaming: weapon_restrict.smx
L 07/17/2020 - 21:52:45: [SM] Call stack trace:
L 07/17/2020 - 21:52:45: [SM]   [1] Line 202, restrictinc/events.sp::CS_OnBuyCommand
L 07/17/2020 - 21:53:13: [SM] Exception reported: Array index out-of-bounds (index 64, limit 55)
L 07/17/2020 - 21:53:13: [SM] Blaming: weapon_restrict.smx
L 07/17/2020 - 21:53:13: [SM] Call stack trace:
L 07/17/2020 - 21:53:13: [SM]   [1] Line 202, restrictinc/events.sp::CS_OnBuyCommand
L 07/17/2020 - 21:53:13: [SM] Exception reported: Array index out-of-bounds (index 64, limit 55)
L 07/17/2020 - 21:53:13: [SM] Blaming: weapon_restrict.smx
L 07/17/2020 - 21:53:13: [SM] Call stack trace:
L 07/17/2020 - 21:53:13: [SM]   [1] Line 202, restrictinc/events.sp::CS_OnBuyCommand
L 07/17/2020 - 21:53:37: [SM] Exception reported: Array index out-of-bounds (index 64, limit 55)
L 07/17/2020 - 21:53:37: [SM] Blaming: weapon_restrict.smx
L 07/17/2020 - 21:53:37: [SM] Call stack trace:
L 07/17/2020 - 21:53:37: [SM]   [1] Line 202, restrictinc/events.sp::CS_OnBuyCommand
L 07/17/2020 - 21:53:58: [SM] Exception reported: Array index out-of-bounds (index 64, limit 55)
L 07/17/2020 - 21:53:58: [SM] Blaming: weapon_restrict.smx
L 07/17/2020 - 21:53:58: [SM] Call stack trace:
L 07/17/2020 - 21:53:58: [SM]   [1] Line 202, restrictinc/events.sp::CS_OnBuyCommand
L 07/17/2020 - 21:54:12: [SM] Exception reported: Array index out-of-bounds (index 64, limit 55)
L 07/17/2020 - 21:54:12: [SM] Blaming: weapon_restrict.smx
L 07/17/2020 - 21:54:12: [SM] Call stack trace:
L 07/17/2020 - 21:54:12: [SM]   [1] Line 202, restrictinc/events.sp::CS_OnBuyCommand
L 07/17/2020 - 21:54:35: [SM] Exception reported: Array index out-of-bounds (index 64, limit 55)
L 07/17/2020 - 21:54:35: [SM] Blaming: weapon_restrict.smx
L 07/17/2020 - 21:54:35: [SM] Call stack trace:
L 07/17/2020 - 21:54:35: [SM]   [1] Line 202, restrictinc/events.sp::CS_OnBuyCommand
L 07/17/2020 - 21:54:35: [SM] Exception reported: Array index out-of-bounds (index 64, limit 55)
L 07/17/2020 - 21:54:35: [SM] Blaming: weapon_restrict.smx
L 07/17/2020 - 21:54:35: [SM] Call stack trace:
L 07/17/2020 - 21:54:35: [SM]   [1] Line 202, restrictinc/events.sp::CS_OnBuyCommand
L 07/17/2020 - 21:54:43: [SM] Exception reported: Array index out-of-bounds (index 64, limit 55)
L 07/17/2020 - 21:54:43: [SM] Blaming: weapon_restrict.smx
L 07/17/2020 - 21:54:43: [SM] Call stack trace:
L 07/17/2020 - 21:54:43: [SM]   [1] Line 202, restrictinc/events.sp::CS_OnBuyCommand
L 07/17/2020 - 21:54:53: [SM] Exception reported: Array index out-of-bounds (index 64, limit 55)
L 07/17/2020 - 21:54:53: [SM] Blaming: weapon_restrict.smx
L 07/17/2020 - 21:54:53: [SM] Call stack trace:
L 07/17/2020 - 21:54:53: [SM]   [1] Line 202, restrictinc/events.sp::CS_OnBuyCommand
L 07/17/2020 - 21:55:32: [SM] Exception reported: Array index out-of-bounds (index 64, limit 55)
L 07/17/2020 - 21:55:32: [SM] Blaming: weapon_restrict.smx
L 07/17/2020 - 21:55:32: [SM] Call stack trace:
L 07/17/2020 - 21:55:32: [SM]   [1] Line 202, restrictinc/events.sp::CS_OnBuyCommand
L 07/17/2020 - 21:56:41: [SM] Exception reported: Array index out-of-bounds (index 64, limit 55)
L 07/17/2020 - 21:56:41: [SM] Blaming: weapon_restrict.smx
L 07/17/2020 - 21:56:41: [SM] Call stack trace:
L 07/17/2020 - 21:56:41: [SM]   [1] Line 202, restrictinc/events.sp::CS_OnBuyCommand
L 07/17/2020 - 21:56:49: [SM] Exception reported: Array index out-of-bounds (index 64, limit 55)
L 07/17/2020 - 21:56:49: [SM] Blaming: weapon_restrict.smx
L 07/17/2020 - 21:56:49: [SM] Call stack trace:
L 07/17/2020 - 21:56:49: [SM]   [1] Line 202, restrictinc/events.sp::CS_OnBuyCommand
L 07/17/2020 - 21:57:29: [SM] Exception reported: Array index out-of-bounds (index 64, limit 55)
L 07/17/2020 - 21:57:29: [SM] Blaming: weapon_restrict.smx
L 07/17/2020 - 21:57:29: [SM] Call stack trace:
L 07/17/2020 - 21:57:29: [SM]   [1] Line 202, restrictinc/events.sp::CS_OnBuyCommand
L 07/17/2020 - 21:57:48: [SM] Exception reported: Array index out-of-bounds (index 64, limit 55)
L 07/17/2020 - 21:57:48: [SM] Blaming: weapon_restrict.smx
L 07/17/2020 - 21:57:48: [SM] Call stack trace:
L 07/17/2020 - 21:57:48: [SM]   [1] Line 202, restrictinc/events.sp::CS_OnBuyCommand
L 07/17/2020 - 21:57:53: [SM] Exception reported: Array index out-of-bounds (index 64, limit 55)
L 07/17/2020 - 21:57:53: [SM] Blaming: weapon_restrict.smx
L 07/17/2020 - 21:57:53: [SM] Call stack trace:
L 07/17/2020 - 21:57:53: [SM]   [1] Line 202, restrictinc/events.sp::CS_OnBuyCommand
L 07/17/2020 - 21:59:03: [SM] Exception reported: Array index out-of-bounds (index 64, limit 55)
L 07/17/2020 - 21:59:03: [SM] Blaming: weapon_restrict.smx
L 07/17/2020 - 21:59:03: [SM] Call stack trace:
L 07/17/2020 - 21:59:03: [SM]   [1] Line 202, restrictinc/events.sp::CS_OnBuyCommand
L 07/17/2020 - 21:59:33: [SM] Exception reported: Array index out-of-bounds (index 64, limit 55)
L 07/17/2020 - 21:59:33: [SM] Blaming: weapon_restrict.smx
L 07/17/2020 - 21:59:33: [SM] Call stack trace:
L 07/17/2020 - 21:59:33: [SM]   [1] Line 202, restrictinc/events.sp::CS_OnBuyCommand
L 07/17/2020 - 22:00:46: [SM] Exception reported: Array index out-of-bounds (index 64, limit 55)
L 07/17/2020 - 22:00:46: [SM] Blaming: weapon_restrict.smx
L 07/17/2020 - 22:00:46: [SM] Call stack trace:
L 07/17/2020 - 22:00:46: [SM]   [1] Line 202, restrictinc/events.sp::CS_OnBuyCommand
L 07/17/2020 - 22:01:12: [SM] Exception reported: Array index out-of-bounds (index 64, limit 55)
L 07/17/2020 - 22:01:12: [SM] Blaming: weapon_restrict.smx
L 07/17/2020 - 22:01:12: [SM] Call stack trace:
L 07/17/2020 - 22:01:12: [SM]   [1] Line 202, restrictinc/events.sp::CS_OnBuyCommand
L 07/17/2020 - 22:01:23: [SM] Exception reported: Array index out-of-bounds (index 64, limit 55)
L 07/17/2020 - 22:01:23: [SM] Blaming: weapon_restrict.smx
L 07/17/2020 - 22:01:23: [SM] Call stack trace:
L 07/17/2020 - 22:01:23: [SM]   [1] Line 202, restrictinc/events.sp::CS_OnBuyCommand
L 07/17/2020 - 22:01:37: [SM] Exception reported: Array index out-of-bounds (index 64, limit 55)
L 07/17/2020 - 22:01:37: [SM] Blaming: weapon_restrict.smx
L 07/17/2020 - 22:01:37: [SM] Call stack trace:
L 07/17/2020 - 22:01:37: [SM]   [1] Line 202, restrictinc/events.sp::CS_OnBuyCommand
L 07/17/2020 - 22:01:38: [SM] Exception reported: Array index out-of-bounds (index 64, limit 55)
L 07/17/2020 - 22:01:38: [SM] Blaming: weapon_restrict.smx
L 07/17/2020 - 22:01:38: [SM] Call stack trace:
L 07/17/2020 - 22:01:38: [SM]   [1] Line 202, restrictinc/events.sp::CS_OnBuyCommand
L 07/17/2020 - 22:01:40: [SM] Exception reported: Array index out-of-bounds (index 64, limit 55)
L 07/17/2020 - 22:01:40: [SM] Blaming: weapon_restrict.smx
L 07/17/2020 - 22:01:40: [SM] Call stack trace:
L 07/17/2020 - 22:01:40: [SM]   [1] Line 202, restrictinc/events.sp::CS_OnBuyCommand
L 07/17/2020 - 22:01:41: [SM] Exception reported: Language phrase "CMD_Swap" not found (arg 5)
L 07/17/2020 - 22:01:41: [SM] Blaming: advadmin.smx
L 07/17/2020 - 22:01:41: [SM] Call stack trace:
L 07/17/2020 - 22:01:41: [SM]   [0] ShowActivity2
L 07/17/2020 - 22:01:41: [SM]   [1] Line 735, /home/groups/sourcemod/upload_tmp/phpRYtiXm.sp::CMD_Swap
L 07/17/2020 - 22:01:48: [SM] Exception reported: Language phrase "Player_Connected_From" not found (arg 3)
L 07/17/2020 - 22:01:48: [SM] Blaming: advadmin.smx
L 07/17/2020 - 22:01:48: [SM] Call stack trace:
L 07/17/2020 - 22:01:48: [SM]   [0] VFormat
L 07/17/2020 - 22:01:48: [SM]   [1] Line 386, /groups/sourcemod/compiler-1.10/include/halflife.inc::PrintToChatAll
L 07/17/2020 - 22:01:48: [SM]   [2] Line 141, /home/groups/sourcemod/upload_tmp/phpRYtiXm.sp::OnClientAuthorized
L 07/17/2020 - 22:01:50: [SM] Exception reported: Language phrase "CMD_Swap" not found (arg 5)
L 07/17/2020 - 22:01:50: [SM] Blaming: advadmin.smx
L 07/17/2020 - 22:01:50: [SM] Call stack trace:
L 07/17/2020 - 22:01:50: [SM]   [0] ShowActivity2
L 07/17/2020 - 22:01:50: [SM]   [1] Line 735, /home/groups/sourcemod/upload_tmp/phpRYtiXm.sp::CMD_Swap
L 07/17/2020 - 22:01:59: [SM] Exception reported: Language phrase "CMD_Respawn" not found (arg 5)
L 07/17/2020 - 22:01:59: [SM] Blaming: advadmin.smx
L 07/17/2020 - 22:01:59: [SM] Call stack trace:
L 07/17/2020 - 22:01:59: [SM]   [0] ShowActivity2
L 07/17/2020 - 22:01:59: [SM]   [1] Line 1060, /home/groups/sourcemod/upload_tmp/phpRYtiXm.sp::CMD_Respawn
L 07/17/2020 - 22:02:15: [SM] Exception reported: Language phrase "CMD_Respawn" not found (arg 5)
L 07/17/2020 - 22:02:15: [SM] Blaming: advadmin.smx
L 07/17/2020 - 22:02:15: [SM] Call stack trace:
L 07/17/2020 - 22:02:15: [SM]   [0] ShowActivity2
L 07/17/2020 - 22:02:15: [SM]   [1] Line 1060, /home/groups/sourcemod/upload_tmp/phpRYtiXm.sp::CMD_Respawn
L 07/17/2020 - 22:02:18: [SM] Exception reported: Language phrase "CMD_Respawn" not found (arg 5)
L 07/17/2020 - 22:02:18: [SM] Blaming: advadmin.smx
L 07/17/2020 - 22:02:18: [SM] Call stack trace:
L 07/17/2020 - 22:02:18: [SM]   [0] ShowActivity2
L 07/17/2020 - 22:02:18: [SM]   [1] Line 1060, /home/groups/sourcemod/upload_tmp/phpRYtiXm.sp::CMD_Respawn
L 07/17/2020 - 22:04:03: [SM] Exception reported: Language phrase "Player_Connected_From" not found (arg 3)
L 07/17/2020 - 22:04:03: [SM] Blaming: advadmin.smx
L 07/17/2020 - 22:04:03: [SM] Call stack trace:
L 07/17/2020 - 22:04:03: [SM]   [0] VFormat
L 07/17/2020 - 22:04:03: [SM]   [1] Line 386, /groups/sourcemod/compiler-1.10/include/halflife.inc::PrintToChatAll
L 07/17/2020 - 22:04:03: [SM]   [2] Line 141, /home/groups/sourcemod/upload_tmp/phpRYtiXm.sp::OnClientAuthorized
L 07/17/2020 - 22:04:48: [SM] Exception reported: Language phrase "CMD_Respawn" not found (arg 5)
L 07/17/2020 - 22:04:48: [SM] Blaming: advadmin.smx
L 07/17/2020 - 22:04:48: [SM] Call stack trace:
L 07/17/2020 - 22:04:48: [SM]   [0] ShowActivity2
L 07/17/2020 - 22:04:48: [SM]   [1] Line 1060, /home/groups/sourcemod/upload_tmp/phpRYtiXm.sp::CMD_Respawn
L 07/17/2020 - 22:06:54: [SM] Exception reported: Array index out-of-bounds (index 64, limit 55)
L 07/17/2020 - 22:06:54: [SM] Blaming: weapon_restrict.smx
L 07/17/2020 - 22:06:54: [SM] Call stack trace:
L 07/17/2020 - 22:06:54: [SM]   [1] Line 202, restrictinc/events.sp::CS_OnBuyCommand
L 07/17/2020 - 22:06:57: [SM] Exception reported: Array index out-of-bounds (index 64, limit 55)
L 07/17/2020 - 22:06:57: [SM] Blaming: weapon_restrict.smx
L 07/17/2020 - 22:06:57: [SM] Call stack trace:
L 07/17/2020 - 22:06:57: [SM]   [1] Line 202, restrictinc/events.sp::CS_OnBuyCommand
L 07/17/2020 - 22:06:57: [SM] Exception reported: Array index out-of-bounds (index 64, limit 55)
L 07/17/2020 - 22:06:57: [SM] Blaming: weapon_restrict.smx
L 07/17/2020 - 22:06:57: [SM] Call stack trace:
L 07/17/2020 - 22:06:57: [SM]   [1] Line 202, restrictinc/events.sp::CS_OnBuyCommand
L 07/17/2020 - 22:06:57: [SM] Exception reported: Array index out-of-bounds (index 64, limit 55)
L 07/17/2020 - 22:06:57: [SM] Blaming: weapon_restrict.smx
L 07/17/2020 - 22:06:57: [SM] Call stack trace:
L 07/17/2020 - 22:06:57: [SM]   [1] Line 202, restrictinc/events.sp::CS_OnBuyCommand
L 07/17/2020 - 22:07:02: [SM] Exception reported: Array index out-of-bounds (index 64, limit 55)
L 07/17/2020 - 22:07:02: [SM] Blaming: weapon_restrict.smx
L 07/17/2020 - 22:07:02: [SM] Call stack trace:
L 07/17/2020 - 22:07:02: [SM]   [1] Line 202, restrictinc/events.sp::CS_OnBuyCommand
L 07/17/2020 - 22:07:02: [SM] Exception reported: Array index out-of-bounds (index 64, limit 55)
L 07/17/2020 - 22:07:02: [SM] Blaming: weapon_restrict.smx
L 07/17/2020 - 22:07:02: [SM] Call stack trace:
L 07/17/2020 - 22:07:02: [SM]   [1] Line 202, restrictinc/events.sp::CS_OnBuyCommand
L 07/17/2020 - 22:07:03: [SM] Exception reported: Array index out-of-bounds (index 64, limit 55)
L 07/17/2020 - 22:07:03: [SM] Blaming: weapon_restrict.smx
L 07/17/2020 - 22:07:03: [SM] Call stack trace:
L 07/17/2020 - 22:07:03: [SM]   [1] Line 202, restrictinc/events.sp::CS_OnBuyCommand
L 07/17/2020 - 22:07:03: [SM] Exception reported: Array index out-of-bounds (index 64, limit 55)
L 07/17/2020 - 22:07:03: [SM] Blaming: weapon_restrict.smx
L 07/17/2020 - 22:07:03: [SM] Call stack trace:
L 07/17/2020 - 22:07:03: [SM]   [1] Line 202, restrictinc/events.sp::CS_OnBuyCommand
L 07/17/2020 - 22:07:03: [SM] Exception reported: Array index out-of-bounds (index 64, limit 55)
L 07/17/2020 - 22:07:03: [SM] Blaming: weapon_restrict.smx
L 07/17/2020 - 22:07:03: [SM] Call stack trace:
L 07/17/2020 - 22:07:03: [SM]   [1] Line 202, restrictinc/events.sp::CS_OnBuyCommand
L 07/17/2020 - 22:07:04: [SM] Exception reported: Array index out-of-bounds (index 64, limit 55)
L 07/17/2020 - 22:07:04: [SM] Blaming: weapon_restrict.smx
L 07/17/2020 - 22:07:04: [SM] Call stack trace:
L 07/17/2020 - 22:07:04: [SM]   [1] Line 202, restrictinc/events.sp::CS_OnBuyCommand
L 07/17/2020 - 22:07:17: [SM] Exception reported: Array index out-of-bounds (index 64, limit 55)
L 07/17/2020 - 22:07:17: [SM] Blaming: weapon_restrict.smx
L 07/17/2020 - 22:07:17: [SM] Call stack trace:
L 07/17/2020 - 22:07:17: [SM]   [1] Line 202, restrictinc/events.sp::CS_OnBuyCommand
L 07/17/2020 - 22:08:54: [SM] Exception reported: Array index out-of-bounds (index 64, limit 55)
L 07/17/2020 - 22:08:54: [SM] Blaming: weapon_restrict.smx
L 07/17/2020 - 22:08:54: [SM] Call stack trace:
L 07/17/2020 - 22:08:54: [SM]   [1] Line 202, restrictinc/events.sp::CS_OnBuyCommand
L 07/17/2020 - 22:08:55: [SM] Exception reported: Array index out-of-bounds (index 64, limit 55)
L 07/17/2020 - 22:08:55: [SM] Blaming: weapon_restrict.smx
L 07/17/2020 - 22:08:55: [SM] Call stack trace:
L 07/17/2020 - 22:08:55: [SM]   [1] Line 202, restrictinc/events.sp::CS_OnBuyCommand
L 07/17/2020 - 22:08:58: [SM] Exception reported: Array index out-of-bounds (index 64, limit 55)
L 07/17/2020 - 22:08:58: [SM] Blaming: weapon_restrict.smx
L 07/17/2020 - 22:08:58: [SM] Call stack trace:
L 07/17/2020 - 22:08:58: [SM]   [1] Line 202, restrictinc/events.sp::CS_OnBuyCommand
L 07/17/2020 - 22:09:02: [SM] Exception reported: Array index out-of-bounds (index 64, limit 55)
L 07/17/2020 - 22:09:02: [SM] Blaming: weapon_restrict.smx
L 07/17/2020 - 22:09:02: [SM] Call stack trace:
L 07/17/2020 - 22:09:02: [SM]   [1] Line 202, restrictinc/events.sp::CS_OnBuyCommand
L 07/17/2020 - 22:09:03: [SM] Exception reported: Array index out-of-bounds (index 64, limit 55)
L 07/17/2020 - 22:09:03: [SM] Blaming: weapon_restrict.smx
L 07/17/2020 - 22:09:03: [SM] Call stack trace:
L 07/17/2020 - 22:09:03: [SM]   [1] Line 202, restrictinc/events.sp::CS_OnBuyCommand
L 07/17/2020 - 22:10:53: [SM] Exception reported: Array index out-of-bounds (index 64, limit 55)
L 07/17/2020 - 22:10:53: [SM] Blaming: weapon_restrict.smx
L 07/17/2020 - 22:10:53: [SM] Call stack trace:
L 07/17/2020 - 22:10:53: [SM]   [1] Line 202, restrictinc/events.sp::CS_OnBuyCommand
L 07/17/2020 - 22:10:54: [SM] Exception reported: Array index out-of-bounds (index 64, limit 55)
L 07/17/2020 - 22:10:54: [SM] Blaming: weapon_restrict.smx
L 07/17/2020 - 22:10:54: [SM] Call stack trace:
L 07/17/2020 - 22:10:54: [SM]   [1] Line 202, restrictinc/events.sp::CS_OnBuyCommand
L 07/17/2020 - 22:10:54: [SM] Exception reported: Array index out-of-bounds (index 64, limit 55)
L 07/17/2020 - 22:10:54: [SM] Blaming: weapon_restrict.smx
L 07/17/2020 - 22:10:54: [SM] Call stack trace:
L 07/17/2020 - 22:10:54: [SM]   [1] Line 202, restrictinc/events.sp::CS_OnBuyCommand
L 07/17/2020 - 22:10:58: [SM] Exception reported: Array index out-of-bounds (index 64, limit 55)
L 07/17/2020 - 22:10:58: [SM] Blaming: weapon_restrict.smx
L 07/17/2020 - 22:10:58: [SM] Call stack trace:
L 07/17/2020 - 22:10:58: [SM]   [1] Line 202, restrictinc/events.sp::CS_OnBuyCommand
L 07/17/2020 - 22:11:01: [SM] Exception reported: Array index out-of-bounds (index 64, limit 55)
L 07/17/2020 - 22:11:01: [SM] Blaming: weapon_restrict.smx
L 07/17/2020 - 22:11:01: [SM] Call stack trace:
L 07/17/2020 - 22:11:01: [SM]   [1] Line 202, restrictinc/events.sp::CS_OnBuyCommand
L 07/17/2020 - 22:11:03: [SM] Exception reported: Array index out-of-bounds (index 64, limit 55)
L 07/17/2020 - 22:11:03: [SM] Blaming: weapon_restrict.smx
L 07/17/2020 - 22:11:03: [SM] Call stack trace:
L 07/17/2020 - 22:11:03: [SM]   [1] Line 202, restrictinc/events.sp::CS_OnBuyCommand
L 07/17/2020 - 22:13:03: [SM] Exception reported: Array index out-of-bounds (index 64, limit 55)
L 07/17/2020 - 22:13:03: [SM] Blaming: weapon_restrict.smx
L 07/17/2020 - 22:13:03: [SM] Call stack trace:
L 07/17/2020 - 22:13:03: [SM]   [1] Line 202, restrictinc/events.sp::CS_OnBuyCommand
L 07/17/2020 - 22:13:04: [SM] Exception reported: Array index out-of-bounds (index 64, limit 55)
L 07/17/2020 - 22:13:04: [SM] Blaming: weapon_restrict.smx
L 07/17/2020 - 22:13:04: [SM] Call stack trace:
L 07/17/2020 - 22:13:04: [SM]   [1] Line 202, restrictinc/events.sp::CS_OnBuyCommand
L 07/17/2020 - 22:15:18: [SM] Exception reported: Array index out-of-bounds (index 64, limit 55)
L 07/17/2020 - 22:15:18: [SM] Blaming: weapon_restrict.smx
L 07/17/2020 - 22:15:18: [SM] Call stack trace:
L 07/17/2020 - 22:15:18: [SM]   [1] Line 202, restrictinc/events.sp::CS_OnBuyCommand
L 07/17/2020 - 22:15:31: [SM] Exception reported: Array index out-of-bounds (index 64, limit 55)
L 07/17/2020 - 22:15:31: [SM] Blaming: weapon_restrict.smx
L 07/17/2020 - 22:15:31: [SM] Call stack trace:
L 07/17/2020 - 22:15:31: [SM]   [1] Line 202, restrictinc/events.sp::CS_OnBuyCommand
L 07/17/2020 - 22:17:38: [SM] Exception reported: Array index out-of-bounds (index 64, limit 55)
L 07/17/2020 - 22:17:38: [SM] Blaming: weapon_restrict.smx
L 07/17/2020 - 22:17:38: [SM] Call stack trace:
L 07/17/2020 - 22:17:38: [SM]   [1] Line 202, restrictinc/events.sp::CS_OnBuyCommand
L 07/17/2020 - 22:17:44: [SM] Exception reported: Array index out-of-bounds (index 64, limit 55)
L 07/17/2020 - 22:17:44: [SM] Blaming: weapon_restrict.smx
L 07/17/2020 - 22:17:44: [SM] Call stack trace:
L 07/17/2020 - 22:17:44: [SM]   [1] Line 202, restrictinc/events.sp::CS_OnBuyCommand
L 07/17/2020 - 22:18:11: [SM] Exception reported: Language phrase "Player_Connected_From" not found (arg 3)
L 07/17/2020 - 22:18:11: [SM] Blaming: advadmin.smx
L 07/17/2020 - 22:18:11: [SM] Call stack trace:
L 07/17/2020 - 22:18:11: [SM]   [0] VFormat
L 07/17/2020 - 22:18:11: [SM]   [1] Line 386, /groups/sourcemod/compiler-1.10/include/halflife.inc::PrintToChatAll
L 07/17/2020 - 22:18:11: [SM]   [2] Line 141, /home/groups/sourcemod/upload_tmp/phpRYtiXm.sp::OnClientAuthorized
L 07/17/2020 - 22:18:24: [SM] Exception reported: Array index out-of-bounds (index 64, limit 55)
L 07/17/2020 - 22:18:24: [SM] Blaming: weapon_restrict.smx
L 07/17/2020 - 22:18:24: [SM] Call stack trace:
L 07/17/2020 - 22:18:24: [SM]   [1] Line 202, restrictinc/events.sp::CS_OnBuyCommand
L 07/17/2020 - 22:18:34: [SM] Exception reported: Language phrase "Player_Connected_From" not found (arg 3)
L 07/17/2020 - 22:18:34: [SM] Blaming: advadmin.smx
L 07/17/2020 - 22:18:34: [SM] Call stack trace:
L 07/17/2020 - 22:18:34: [SM]   [0] VFormat
L 07/17/2020 - 22:18:34: [SM]   [1] Line 386, /groups/sourcemod/compiler-1.10/include/halflife.inc::PrintToChatAll
L 07/17/2020 - 22:18:34: [SM]   [2] Line 141, /home/groups/sourcemod/upload_tmp/phpRYtiXm.sp::OnClientAuthorized
L 07/17/2020 - 22:21:10: [SM] Exception reported: Array index out-of-bounds (index 64, limit 55)
L 07/17/2020 - 22:21:10: [SM] Blaming: weapon_restrict.smx
L 07/17/2020 - 22:21:10: [SM] Call stack trace:
L 07/17/2020 - 22:21:10: [SM]   [1] Line 202, restrictinc/events.sp::CS_OnBuyCommand
L 07/17/2020 - 22:21:11: [SM] Exception reported: Array index out-of-bounds (index 64, limit 55)
L 07/17/2020 - 22:21:11: [SM] Blaming: weapon_restrict.smx
L 07/17/2020 - 22:21:11: [SM] Call stack trace:
L 07/17/2020 - 22:21:11: [SM]   [1] Line 202, restrictinc/events.sp::CS_OnBuyCommand
L 07/17/2020 - 22:21:13: [SM] Exception reported: Array index out-of-bounds (index 64, limit 55)
L 07/17/2020 - 22:21:13: [SM] Blaming: weapon_restrict.smx
L 07/17/2020 - 22:21:13: [SM] Call stack trace:
L 07/17/2020 - 22:21:13: [SM]   [1] Line 202, restrictinc/events.sp::CS_OnBuyCommand
L 07/17/2020 - 22:21:14: [SM] Exception reported: Array index out-of-bounds (index 64, limit 55)
L 07/17/2020 - 22:21:14: [SM] Blaming: weapon_restrict.smx
L 07/17/2020 - 22:21:14: [SM] Call stack trace:
L 07/17/2020 - 22:21:14: [SM]   [1] Line 202, restrictinc/events.sp::CS_OnBuyCommand
L 07/17/2020 - 22:23:27: [SM] Exception reported: Array index out-of-bounds (index 64, limit 55)
L 07/17/2020 - 22:23:27: [SM] Blaming: weapon_restrict.smx
L 07/17/2020 - 22:23:27: [SM] Call stack trace:
L 07/17/2020 - 22:23:27: [SM]   [1] Line 202, restrictinc/events.sp::CS_OnBuyCommand
L 07/17/2020 - 22:23:33: [SM] Exception reported: Array index out-of-bounds (index 64, limit 55)
L 07/17/2020 - 22:23:33: [SM] Blaming: weapon_restrict.smx
L 07/17/2020 - 22:23:33: [SM] Call stack trace:
L 07/17/2020 - 22:23:33: [SM]   [1] Line 202, restrictinc/events.sp::CS_OnBuyCommand
L 07/17/2020 - 22:25:16: [SM] Exception reported: Array index out-of-bounds (index 64, limit 55)
L 07/17/2020 - 22:25:16: [SM] Blaming: weapon_restrict.smx
L 07/17/2020 - 22:25:16: [SM] Call stack trace:
L 07/17/2020 - 22:25:16: [SM]   [1] Line 202, restrictinc/events.sp::CS_OnBuyCommand
L 07/17/2020 - 22:25:20: [SM] Exception reported: Array index out-of-bounds (index 64, limit 55)
L 07/17/2020 - 22:25:20: [SM] Blaming: weapon_restrict.smx
L 07/17/2020 - 22:25:20: [SM] Call stack trace:
L 07/17/2020 - 22:25:20: [SM]   [1] Line 202, restrictinc/events.sp::CS_OnBuyCommand
L 07/17/2020 - 22:27:57: [SM] Exception reported: Array index out-of-bounds (index 64, limit 55)
L 07/17/2020 - 22:27:57: [SM] Blaming: weapon_restrict.smx
L 07/17/2020 - 22:27:57: [SM] Call stack trace:
L 07/17/2020 - 22:27:57: [SM]   [1] Line 202, restrictinc/events.sp::CS_OnBuyCommand
L 07/17/2020 - 22:28:00: [SM] Exception reported: Array index out-of-bounds (index 64, limit 55)
L 07/17/2020 - 22:28:00: [SM] Blaming: weapon_restrict.smx
L 07/17/2020 - 22:28:00: [SM] Call stack trace:
L 07/17/2020 - 22:28:00: [SM]   [1] Line 202, restrictinc/events.sp::CS_OnBuyCommand
L 07/17/2020 - 22:28:04: [SM] Exception reported: Array index out-of-bounds (index 64, limit 55)
L 07/17/2020 - 22:28:04: [SM] Blaming: weapon_restrict.smx
L 07/17/2020 - 22:28:04: [SM] Call stack trace:
L 07/17/2020 - 22:28:04: [SM]   [1] Line 202, restrictinc/events.sp::CS_OnBuyCommand
L 07/17/2020 - 22:28:06: [SM] Exception reported: Array index out-of-bounds (index 64, limit 55)
L 07/17/2020 - 22:28:06: [SM] Blaming: weapon_restrict.smx
L 07/17/2020 - 22:28:06: [SM] Call stack trace:
L 07/17/2020 - 22:28:06: [SM]   [1] Line 202, restrictinc/events.sp::CS_OnBuyCommand
L 07/17/2020 - 22:28:09: [SM] Exception reported: Array index out-of-bounds (index 64, limit 55)
L 07/17/2020 - 22:28:09: [SM] Blaming: weapon_restrict.smx
L 07/17/2020 - 22:28:09: [SM] Call stack trace:
L 07/17/2020 - 22:28:09: [SM]   [1] Line 202, restrictinc/events.sp::CS_OnBuyCommand
L 07/17/2020 - 22:29:49: [SM] Exception reported: Array index out-of-bounds (index 64, limit 55)
L 07/17/2020 - 22:29:49: [SM] Blaming: weapon_restrict.smx
L 07/17/2020 - 22:29:49: [SM] Call stack trace:
L 07/17/2020 - 22:29:49: [SM]   [1] Line 202, restrictinc/events.sp::CS_OnBuyCommand
L 07/17/2020 - 22:30:02: [SM] Exception reported: Array index out-of-bounds (index 64, limit 55)
L 07/17/2020 - 22:30:02: [SM] Blaming: weapon_restrict.smx
L 07/17/2020 - 22:30:02: [SM] Call stack trace:
L 07/17/2020 - 22:30:02: [SM]   [1] Line 202, restrictinc/events.sp::CS_OnBuyCommand
L 07/17/2020 - 22:30:04: [SM] Exception reported: Array index out-of-bounds (index 64, limit 55)
L 07/17/2020 - 22:30:04: [SM] Blaming: weapon_restrict.smx
L 07/17/2020 - 22:30:04: [SM] Call stack trace:
L 07/17/2020 - 22:30:04: [SM]   [1] Line 202, restrictinc/events.sp::CS_OnBuyCommand
L 07/17/2020 - 22:30:43: [SM] Exception reported: Language phrase "Player_Connected_From" not found (arg 3)
L 07/17/2020 - 22:30:43: [SM] Blaming: advadmin.smx
L 07/17/2020 - 22:30:43: [SM] Call stack trace:
L 07/17/2020 - 22:30:43: [SM]   [0] VFormat
L 07/17/2020 - 22:30:43: [SM]   [1] Line 386, /groups/sourcemod/compiler-1.10/include/halflife.inc::PrintToChatAll
L 07/17/2020 - 22:30:43: [SM]   [2] Line 141, /home/groups/sourcemod/upload_tmp/phpRYtiXm.sp::OnClientAuthorized
L 07/17/2020 - 22:32:21: [SM] Exception reported: Array index out-of-bounds (index 64, limit 55)
L 07/17/2020 - 22:32:21: [SM] Blaming: weapon_restrict.smx
L 07/17/2020 - 22:32:21: [SM] Call stack trace:
L 07/17/2020 - 22:32:21: [SM]   [1] Line 202, restrictinc/events.sp::CS_OnBuyCommand
L 07/17/2020 - 22:32:23: [SM] Exception reported: Array index out-of-bounds (index 64, limit 55)
L 07/17/2020 - 22:32:23: [SM] Blaming: weapon_restrict.smx
L 07/17/2020 - 22:32:23: [SM] Call stack trace:
L 07/17/2020 - 22:32:23: [SM]   [1] Line 202, restrictinc/events.sp::CS_OnBuyCommand
L 07/17/2020 - 22:32:28: [SM] Exception reported: Array index out-of-bounds (index 64, limit 55)
L 07/17/2020 - 22:32:28: [SM] Blaming: weapon_restrict.smx
L 07/17/2020 - 22:32:28: [SM] Call stack trace:
L 07/17/2020 - 22:32:28: [SM]   [1] Line 202, restrictinc/events.sp::CS_OnBuyCommand
L 07/17/2020 - 22:33:50: [SM] Exception reported: Language phrase "Player_Connected_From" not found (arg 3)
L 07/17/2020 - 22:33:50: [SM] Blaming: advadmin.smx
L 07/17/2020 - 22:33:50: [SM] Call stack trace:
L 07/17/2020 - 22:33:50: [SM]   [0] VFormat
L 07/17/2020 - 22:33:50: [SM]   [1] Line 386, /groups/sourcemod/compiler-1.10/include/halflife.inc::PrintToChatAll
L 07/17/2020 - 22:33:50: [SM]   [2] Line 141, /home/groups/sourcemod/upload_tmp/phpRYtiXm.sp::OnClientAuthorized
L 07/17/2020 - 22:34:24: [SM] Exception reported: Array index out-of-bounds (index 64, limit 55)
L 07/17/2020 - 22:34:24: [SM] Blaming: weapon_restrict.smx
L 07/17/2020 - 22:34:24: [SM] Call stack trace:
L 07/17/2020 - 22:34:24: [SM]   [1] Line 202, restrictinc/events.sp::CS_OnBuyCommand
L 07/17/2020 - 22:34:24: [SM] Exception reported: Array index out-of-bounds (index 64, limit 55)
L 07/17/2020 - 22:34:24: [SM] Blaming: weapon_restrict.smx
L 07/17/2020 - 22:34:24: [SM] Call stack trace:
L 07/17/2020 - 22:34:24: [SM]   [1] Line 202, restrictinc/events.sp::CS_OnBuyCommand
L 07/17/2020 - 22:34:30: [SM] Exception reported: Array index out-of-bounds (index 64, limit 55)
L 07/17/2020 - 22:34:30: [SM] Blaming: weapon_restrict.smx
L 07/17/2020 - 22:34:30: [SM] Call stack trace:
L 07/17/2020 - 22:34:30: [SM]   [1] Line 202, restrictinc/events.sp::CS_OnBuyCommand
L 07/17/2020 - 22:34:36: [SM] Exception reported: Array index out-of-bounds (index 64, limit 55)
L 07/17/2020 - 22:34:36: [SM] Blaming: weapon_restrict.smx
L 07/17/2020 - 22:34:36: [SM] Call stack trace:
L 07/17/2020 - 22:34:36: [SM]   [1] Line 202, restrictinc/events.sp::CS_OnBuyCommand
L 07/17/2020 - 22:36:21: [SM] Exception reported: Array index out-of-bounds (index 64, limit 55)
L 07/17/2020 - 22:36:21: [SM] Blaming: weapon_restrict.smx
L 07/17/2020 - 22:36:21: [SM] Call stack trace:
L 07/17/2020 - 22:36:21: [SM]   [1] Line 202, restrictinc/events.sp::CS_OnBuyCommand
L 07/17/2020 - 22:36:23: [SM] Exception reported: Array index out-of-bounds (index 64, limit 55)
L 07/17/2020 - 22:36:23: [SM] Blaming: weapon_restrict.smx
L 07/17/2020 - 22:36:23: [SM] Call stack trace:
L 07/17/2020 - 22:36:23: [SM]   [1] Line 202, restrictinc/events.sp::CS_OnBuyCommand
L 07/17/2020 - 22:36:29: [SM] Exception reported: Array index out-of-bounds (index 64, limit 55)
L 07/17/2020 - 22:36:29: [SM] Blaming: weapon_restrict.smx
L 07/17/2020 - 22:36:29: [SM] Call stack trace:
L 07/17/2020 - 22:36:29: [SM]   [1] Line 202, restrictinc/events.sp::CS_OnBuyCommand
L 07/17/2020 - 22:36:31: [SM] Exception reported: Array index out-of-bounds (index 64, limit 55)
L 07/17/2020 - 22:36:31: [SM] Blaming: weapon_restrict.smx
L 07/17/2020 - 22:36:31: [SM] Call stack trace:
L 07/17/2020 - 22:36:31: [SM]   [1] Line 202, restrictinc/events.sp::CS_OnBuyCommand
L 07/17/2020 - 22:38:15: [SM] Exception reported: Array index out-of-bounds (index 64, limit 55)
L 07/17/2020 - 22:38:15: [SM] Blaming: weapon_restrict.smx
L 07/17/2020 - 22:38:15: [SM] Call stack trace:
L 07/17/2020 - 22:38:15: [SM]   [1] Line 202, restrictinc/events.sp::CS_OnBuyCommand
L 07/17/2020 - 22:39:24: [SM] Exception reported: Array index out-of-bounds (index 64, limit 55)
L 07/17/2020 - 22:39:24: [SM] Blaming: weapon_restrict.smx
L 07/17/2020 - 22:39:24: [SM] Call stack trace:
L 07/17/2020 - 22:39:24: [SM]   [1] Line 202, restrictinc/events.sp::CS_OnBuyCommand
L 07/17/2020 - 22:39:41: [SM] Exception reported: Array index out-of-bounds (index 64, limit 55)
L 07/17/2020 - 22:39:41: [SM] Blaming: weapon_restrict.smx
L 07/17/2020 - 22:39:41: [SM] Call stack trace:
L 07/17/2020 - 22:39:41: [SM]   [1] Line 202, restrictinc/events.sp::CS_OnBuyCommand
L 07/17/2020 - 22:39:49: [SM] Exception reported: Array index out-of-bounds (index 64, limit 55)
L 07/17/2020 - 22:39:49: [SM] Blaming: weapon_restrict.smx
L 07/17/2020 - 22:39:49: [SM] Call stack trace:
L 07/17/2020 - 22:39:49: [SM]   [1] Line 202, restrictinc/events.sp::CS_OnBuyCommand
L 07/17/2020 - 22:39:57: [SM] Exception reported: Array index out-of-bounds (index 64, limit 55)
L 07/17/2020 - 22:39:57: [SM] Blaming: weapon_restrict.smx
L 07/17/2020 - 22:39:57: [SM] Call stack trace:
L 07/17/2020 - 22:39:57: [SM]   [1] Line 202, restrictinc/events.sp::CS_OnBuyCommand
L 07/17/2020 - 22:40:25: [SM] Exception reported: Array index out-of-bounds (index 64, limit 55)
L 07/17/2020 - 22:40:25: [SM] Blaming: weapon_restrict.smx
L 07/17/2020 - 22:40:25: [SM] Call stack trace:
L 07/17/2020 - 22:40:25: [SM]   [1] Line 202, restrictinc/events.sp::CS_OnBuyCommand
L 07/17/2020 - 22:41:37: [SM] Exception reported: Array index out-of-bounds (index 64, limit 55)
L 07/17/2020 - 22:41:37: [SM] Blaming: weapon_restrict.smx
L 07/17/2020 - 22:41:37: [SM] Call stack trace:
L 07/17/2020 - 22:41:37: [SM]   [1] Line 202, restrictinc/events.sp::CS_OnBuyCommand
L 07/17/2020 - 22:41:46: [SM] Exception reported: Array index out-of-bounds (index 64, limit 55)
L 07/17/2020 - 22:41:46: [SM] Blaming: weapon_restrict.smx
L 07/17/2020 - 22:41:46: [SM] Call stack trace:
L 07/17/2020 - 22:41:46: [SM]   [1] Line 202, restrictinc/events.sp::CS_OnBuyCommand
L 07/17/2020 - 22:42:54: [SM] Exception reported: Array index out-of-bounds (index 64, limit 55)
L 07/17/2020 - 22:42:54: [SM] Blaming: weapon_restrict.smx
L 07/17/2020 - 22:42:54: [SM] Call stack trace:
L 07/17/2020 - 22:42:54: [SM]   [1] Line 202, restrictinc/events.sp::CS_OnBuyCommand
L 07/17/2020 - 22:43:06: [SM] Exception reported: Array index out-of-bounds (index 64, limit 55)
L 07/17/2020 - 22:43:06: [SM] Blaming: weapon_restrict.smx
L 07/17/2020 - 22:43:06: [SM] Call stack trace:
L 07/17/2020 - 22:43:06: [SM]   [1] Line 202, restrictinc/events.sp::CS_OnBuyCommand
L 07/17/2020 - 22:43:51: [SM] Exception reported: Array index out-of-bounds (index 64, limit 55)
L 07/17/2020 - 22:43:51: [SM] Blaming: weapon_restrict.smx
L 07/17/2020 - 22:43:51: [SM] Call stack trace:
L 07/17/2020 - 22:43:51: [SM]   [1] Line 202, restrictinc/events.sp::CS_OnBuyCommand
L 07/17/2020 - 22:44:13: [SM] Exception reported: Array index out-of-bounds (index 64, limit 55)
L 07/17/2020 - 22:44:13: [SM] Blaming: weapon_restrict.smx
L 07/17/2020 - 22:44:13: [SM] Call stack trace:
L 07/17/2020 - 22:44:13: [SM]   [1] Line 202, restrictinc/events.sp::CS_OnBuyCommand
L 07/17/2020 - 22:44:27: [SM] Exception reported: Array index out-of-bounds (index 64, limit 55)
L 07/17/2020 - 22:44:27: [SM] Blaming: weapon_restrict.smx
L 07/17/2020 - 22:44:27: [SM] Call stack trace:
L 07/17/2020 - 22:44:27: [SM]   [1] Line 202, restrictinc/events.sp::CS_OnBuyCommand
L 07/17/2020 - 22:44:31: [SM] Exception reported: Array index out-of-bounds (index 64, limit 55)
L 07/17/2020 - 22:44:31: [SM] Blaming: weapon_restrict.smx
L 07/17/2020 - 22:44:31: [SM] Call stack trace:
L 07/17/2020 - 22:44:31: [SM]   [1] Line 202, restrictinc/events.sp::CS_OnBuyCommand
L 07/17/2020 - 22:44:54: [SM] Exception reported: Array index out-of-bounds (index 64, limit 55)
L 07/17/2020 - 22:44:54: [SM] Blaming: weapon_restrict.smx
L 07/17/2020 - 22:44:54: [SM] Call stack trace:
L 07/17/2020 - 22:44:54: [SM]   [1] Line 202, restrictinc/events.sp::CS_OnBuyCommand
L 07/17/2020 - 22:46:09: [SM] Exception reported: Array index out-of-bounds (index 64, limit 55)
L 07/17/2020 - 22:46:09: [SM] Blaming: weapon_restrict.smx
L 07/17/2020 - 22:46:09: [SM] Call stack trace:
L 07/17/2020 - 22:46:09: [SM]   [1] Line 202, restrictinc/events.sp::CS_OnBuyCommand
L 07/17/2020 - 22:47:05: [SM] Exception reported: Array index out-of-bounds (index 63, limit 55)
L 07/17/2020 - 22:47:05: [SM] Blaming: weapon_restrict.smx
L 07/17/2020 - 22:47:05: [SM] Call stack trace:
L 07/17/2020 - 22:47:05: [SM]   [1] Line 202, restrictinc/events.sp::CS_OnBuyCommand
L 07/17/2020 - 22:47:45: [SM] Exception reported: Array index out-of-bounds (index 63, limit 55)
L 07/17/2020 - 22:47:45: [SM] Blaming: weapon_restrict.smx
L 07/17/2020 - 22:47:45: [SM] Call stack trace:
L 07/17/2020 - 22:47:45: [SM]   [1] Line 202, restrictinc/events.sp::CS_OnBuyCommand
L 07/17/2020 - 22:48:14: [SM] Exception reported: Array index out-of-bounds (index 64, limit 55)
L 07/17/2020 - 22:48:14: [SM] Blaming: weapon_restrict.smx
L 07/17/2020 - 22:48:14: [SM] Call stack trace:
L 07/17/2020 - 22:48:14: [SM]   [1] Line 202, restrictinc/events.sp::CS_OnBuyCommand
L 07/17/2020 - 22:50:00: [SM] Exception reported: Array index out-of-bounds (index 64, limit 55)
L 07/17/2020 - 22:50:00: [SM] Blaming: weapon_restrict.smx
L 07/17/2020 - 22:50:00: [SM] Call stack trace:
L 07/17/2020 - 22:50:00: [SM]   [1] Line 202, restrictinc/events.sp::CS_OnBuyCommand
L 07/17/2020 - 22:50:20: [SM] Exception reported: Array index out-of-bounds (index 64, limit 55)
L 07/17/2020 - 22:50:20: [SM] Blaming: weapon_restrict.smx
L 07/17/2020 - 22:50:20: [SM] Call stack trace:
L 07/17/2020 - 22:50:20: [SM]   [1] Line 202, restrictinc/events.sp::CS_OnBuyCommand
L 07/17/2020 - 22:54:23: [SM] Exception reported: Array index out-of-bounds (index 64, limit 55)
L 07/17/2020 - 22:54:23: [SM] Blaming: weapon_restrict.smx
L 07/17/2020 - 22:54:23: [SM] Call stack trace:
L 07/17/2020 - 22:54:23: [SM]   [1] Line 202, restrictinc/events.sp::CS_OnBuyCommand
L 07/18/2020 - 15:16:09: Error log file session closed.
