L 11/06/2020 - 00:07:31: SourceMod error session started
L 11/06/2020 - 00:07:31: Info (map "de_inferno") (file "/home/tcagame/jackm1/527/csgo/addons/sourcemod/logs/errors_20201106.log")
L 11/06/2020 - 00:07:31: [SM] Exception reported: Language phrase "Player_Connected_From" not found (arg 3)
L 11/06/2020 - 00:07:31: [SM] Blaming: advadmin.smx
L 11/06/2020 - 00:07:31: [SM] Call stack trace:
L 11/06/2020 - 00:07:31: [SM]   [0] VFormat
L 11/06/2020 - 00:07:31: [SM]   [1] Line 386, /groups/sourcemod/compiler-1.10/include/halflife.inc::PrintToChatAll
L 11/06/2020 - 00:07:31: [SM]   [2] Line 141, /home/groups/sourcemod/upload_tmp/phpRYtiXm.sp::OnClientAuthorized
L 11/06/2020 - 00:19:25: [SM] Exception reported: Language phrase "Player_Connected_From" not found (arg 3)
L 11/06/2020 - 00:19:25: [SM] Blaming: advadmin.smx
L 11/06/2020 - 00:19:25: [SM] Call stack trace:
L 11/06/2020 - 00:19:25: [SM]   [0] VFormat
L 11/06/2020 - 00:19:25: [SM]   [1] Line 386, /groups/sourcemod/compiler-1.10/include/halflife.inc::PrintToChatAll
L 11/06/2020 - 00:19:25: [SM]   [2] Line 141, /home/groups/sourcemod/upload_tmp/phpRYtiXm.sp::OnClientAuthorized
L 11/06/2020 - 00:25:00: [SM] Exception reported: Language phrase "Player_Connected_From" not found (arg 3)
L 11/06/2020 - 00:25:00: [SM] Blaming: advadmin.smx
L 11/06/2020 - 00:25:00: [SM] Call stack trace:
L 11/06/2020 - 00:25:00: [SM]   [0] VFormat
L 11/06/2020 - 00:25:00: [SM]   [1] Line 386, /groups/sourcemod/compiler-1.10/include/halflife.inc::PrintToChatAll
L 11/06/2020 - 00:25:00: [SM]   [2] Line 141, /home/groups/sourcemod/upload_tmp/phpRYtiXm.sp::OnClientAuthorized
L 11/06/2020 - 00:28:58: [SM] Exception reported: Language phrase "Player_Connected_From" not found (arg 3)
L 11/06/2020 - 00:28:58: [SM] Blaming: advadmin.smx
L 11/06/2020 - 00:28:58: [SM] Call stack trace:
L 11/06/2020 - 00:28:58: [SM]   [0] VFormat
L 11/06/2020 - 00:28:58: [SM]   [1] Line 386, /groups/sourcemod/compiler-1.10/include/halflife.inc::PrintToChatAll
L 11/06/2020 - 00:28:58: [SM]   [2] Line 141, /home/groups/sourcemod/upload_tmp/phpRYtiXm.sp::OnClientAuthorized
L 11/06/2020 - 00:34:16: [SM] Exception reported: Language phrase "Player_Connected_From" not found (arg 3)
L 11/06/2020 - 00:34:16: [SM] Blaming: advadmin.smx
L 11/06/2020 - 00:34:16: [SM] Call stack trace:
L 11/06/2020 - 00:34:16: [SM]   [0] VFormat
L 11/06/2020 - 00:34:16: [SM]   [1] Line 386, /groups/sourcemod/compiler-1.10/include/halflife.inc::PrintToChatAll
L 11/06/2020 - 00:34:16: [SM]   [2] Line 141, /home/groups/sourcemod/upload_tmp/phpRYtiXm.sp::OnClientAuthorized
L 11/06/2020 - 01:02:40: Error log file session closed.
L 11/06/2020 - 01:02:41: SourceMod error session started
L 11/06/2020 - 01:02:41: Info (map "de_inferno") (file "/home/tcagame/jackm1/527/csgo/addons/sourcemod/logs/errors_20201106.log")
L 11/06/2020 - 01:02:41: [SM] Fatal error encountered parsing translation file "advadmin.phrases.txt"
L 11/06/2020 - 01:02:41: [SM] Error (line 0, column 0): Stream failed to open
L 11/06/2020 - 09:43:30: Error log file session closed.
L 11/06/2020 - 09:43:30: SourceMod error session started
L 11/06/2020 - 09:43:30: Info (map "de_inferno") (file "/home/tcagame/jackm1/527/csgo/addons/sourcemod/logs/errors_20201106.log")
L 11/06/2020 - 09:43:30: [SM] Fatal error encountered parsing translation file "advadmin.phrases.txt"
L 11/06/2020 - 09:43:30: [SM] Error (line 0, column 0): Stream failed to open
L 11/06/2020 - 10:29:09: Error log file session closed.
L 11/06/2020 - 10:29:09: SourceMod error session started
L 11/06/2020 - 10:29:09: Info (map "de_inferno") (file "/home/tcagame/jackm1/527/csgo/addons/sourcemod/logs/errors_20201106.log")
L 11/06/2020 - 10:29:09: [SM] Fatal error encountered parsing translation file "advadmin.phrases.txt"
L 11/06/2020 - 10:29:09: [SM] Error (line 0, column 0): Stream failed to open
L 11/06/2020 - 12:48:38: Error log file session closed.
L 11/06/2020 - 12:48:38: SourceMod error session started
L 11/06/2020 - 12:48:38: Info (map "de_inferno") (file "/home/tcagame/jackm1/527/csgo/addons/sourcemod/logs/errors_20201106.log")
L 11/06/2020 - 12:48:38: [SM] Fatal error encountered parsing translation file "advadmin.phrases.txt"
L 11/06/2020 - 12:48:38: [SM] Error (line 0, column 0): Stream failed to open
L 11/06/2020 - 12:53:00: [SM] Exception reported: Language phrase "Player_Connected_From" not found (arg 3)
L 11/06/2020 - 12:53:00: [SM] Blaming: advadmin.smx
L 11/06/2020 - 12:53:00: [SM] Call stack trace:
L 11/06/2020 - 12:53:00: [SM]   [0] VFormat
L 11/06/2020 - 12:53:00: [SM]   [1] Line 386, /groups/sourcemod/compiler-1.10/include/halflife.inc::PrintToChatAll
L 11/06/2020 - 12:53:00: [SM]   [2] Line 141, /home/groups/sourcemod/upload_tmp/phpRYtiXm.sp::OnClientAuthorized
L 11/06/2020 - 12:53:47: [SM] Exception reported: Array index out-of-bounds (index 64, limit 55)
L 11/06/2020 - 12:53:47: [SM] Blaming: weapon_restrict.smx
L 11/06/2020 - 12:53:47: [SM] Call stack trace:
L 11/06/2020 - 12:53:47: [SM]   [1] Line 202, restrictinc/events.sp::CS_OnBuyCommand
L 11/06/2020 - 12:54:05: [SM] Exception reported: Array index out-of-bounds (index 64, limit 55)
L 11/06/2020 - 12:54:05: [SM] Blaming: weapon_restrict.smx
L 11/06/2020 - 12:54:05: [SM] Call stack trace:
L 11/06/2020 - 12:54:05: [SM]   [1] Line 202, restrictinc/events.sp::CS_OnBuyCommand
L 11/06/2020 - 12:54:58: [SM] Exception reported: Array index out-of-bounds (index 63, limit 55)
L 11/06/2020 - 12:54:58: [SM] Blaming: weapon_restrict.smx
L 11/06/2020 - 12:54:58: [SM] Call stack trace:
L 11/06/2020 - 12:54:58: [SM]   [1] Line 202, restrictinc/events.sp::CS_OnBuyCommand
L 11/06/2020 - 13:44:10: Error log file session closed.
L 11/06/2020 - 13:44:10: SourceMod error session started
L 11/06/2020 - 13:44:10: Info (map "de_inferno") (file "/home/tcagame/jackm1/527/csgo/addons/sourcemod/logs/errors_20201106.log")
L 11/06/2020 - 13:44:10: [SM] Fatal error encountered parsing translation file "advadmin.phrases.txt"
L 11/06/2020 - 13:44:10: [SM] Error (line 0, column 0): Stream failed to open
L 11/06/2020 - 13:44:24: [SM] Exception reported: Language phrase "Player_Connected_From" not found (arg 3)
L 11/06/2020 - 13:44:24: [SM] Blaming: advadmin.smx
L 11/06/2020 - 13:44:24: [SM] Call stack trace:
L 11/06/2020 - 13:44:24: [SM]   [0] VFormat
L 11/06/2020 - 13:44:24: [SM]   [1] Line 386, /groups/sourcemod/compiler-1.10/include/halflife.inc::PrintToChatAll
L 11/06/2020 - 13:44:24: [SM]   [2] Line 141, /home/groups/sourcemod/upload_tmp/phpRYtiXm.sp::OnClientAuthorized
L 11/06/2020 - 13:44:39: [SM] Exception reported: Language phrase "Player_Connected_From" not found (arg 3)
L 11/06/2020 - 13:44:39: [SM] Blaming: advadmin.smx
L 11/06/2020 - 13:44:39: [SM] Call stack trace:
L 11/06/2020 - 13:44:39: [SM]   [0] VFormat
L 11/06/2020 - 13:44:39: [SM]   [1] Line 386, /groups/sourcemod/compiler-1.10/include/halflife.inc::PrintToChatAll
L 11/06/2020 - 13:44:39: [SM]   [2] Line 141, /home/groups/sourcemod/upload_tmp/phpRYtiXm.sp::OnClientAuthorized
L 11/06/2020 - 13:45:15: [SM] Exception reported: Array index out-of-bounds (index 64, limit 55)
L 11/06/2020 - 13:45:15: [SM] Blaming: weapon_restrict.smx
L 11/06/2020 - 13:45:15: [SM] Call stack trace:
L 11/06/2020 - 13:45:15: [SM]   [1] Line 202, restrictinc/events.sp::CS_OnBuyCommand
L 11/06/2020 - 13:45:38: [SM] Exception reported: Array index out-of-bounds (index 64, limit 55)
L 11/06/2020 - 13:45:38: [SM] Blaming: weapon_restrict.smx
L 11/06/2020 - 13:45:38: [SM] Call stack trace:
L 11/06/2020 - 13:45:38: [SM]   [1] Line 202, restrictinc/events.sp::CS_OnBuyCommand
L 11/06/2020 - 13:47:29: Error log file session closed.
L 11/06/2020 - 13:47:29: SourceMod error session started
L 11/06/2020 - 13:47:29: Info (map "de_overpass") (file "/home/tcagame/jackm1/527/csgo/addons/sourcemod/logs/errors_20201106.log")
L 11/06/2020 - 13:47:29: [SM] Fatal error encountered parsing translation file "advadmin.phrases.txt"
L 11/06/2020 - 13:47:29: [SM] Error (line 0, column 0): Stream failed to open
L 11/06/2020 - 13:49:52: [SM] Exception reported: Array index out-of-bounds (index 64, limit 55)
L 11/06/2020 - 13:49:52: [SM] Blaming: weapon_restrict.smx
L 11/06/2020 - 13:49:52: [SM] Call stack trace:
L 11/06/2020 - 13:49:52: [SM]   [1] Line 202, restrictinc/events.sp::CS_OnBuyCommand
L 11/06/2020 - 13:50:50: [SM] Exception reported: Array index out-of-bounds (index 64, limit 55)
L 11/06/2020 - 13:50:50: [SM] Blaming: weapon_restrict.smx
L 11/06/2020 - 13:50:50: [SM] Call stack trace:
L 11/06/2020 - 13:50:50: [SM]   [1] Line 202, restrictinc/events.sp::CS_OnBuyCommand
L 11/06/2020 - 13:51:11: [SM] Exception reported: Array index out-of-bounds (index 64, limit 55)
L 11/06/2020 - 13:51:11: [SM] Blaming: weapon_restrict.smx
L 11/06/2020 - 13:51:11: [SM] Call stack trace:
L 11/06/2020 - 13:51:11: [SM]   [1] Line 202, restrictinc/events.sp::CS_OnBuyCommand
L 11/06/2020 - 13:51:56: [SM] Exception reported: Array index out-of-bounds (index 64, limit 55)
L 11/06/2020 - 13:51:56: [SM] Blaming: weapon_restrict.smx
L 11/06/2020 - 13:51:56: [SM] Call stack trace:
L 11/06/2020 - 13:51:56: [SM]   [1] Line 202, restrictinc/events.sp::CS_OnBuyCommand
L 11/06/2020 - 13:52:58: [SM] Exception reported: Array index out-of-bounds (index 64, limit 55)
L 11/06/2020 - 13:52:58: [SM] Blaming: weapon_restrict.smx
L 11/06/2020 - 13:52:58: [SM] Call stack trace:
L 11/06/2020 - 13:52:58: [SM]   [1] Line 202, restrictinc/events.sp::CS_OnBuyCommand
L 11/06/2020 - 13:55:26: [SM] Exception reported: Array index out-of-bounds (index 64, limit 55)
L 11/06/2020 - 13:55:26: [SM] Blaming: weapon_restrict.smx
L 11/06/2020 - 13:55:26: [SM] Call stack trace:
L 11/06/2020 - 13:55:26: [SM]   [1] Line 202, restrictinc/events.sp::CS_OnBuyCommand
L 11/06/2020 - 14:01:29: [SM] Exception reported: Array index out-of-bounds (index 64, limit 55)
L 11/06/2020 - 14:01:29: [SM] Blaming: weapon_restrict.smx
L 11/06/2020 - 14:01:29: [SM] Call stack trace:
L 11/06/2020 - 14:01:29: [SM]   [1] Line 202, restrictinc/events.sp::CS_OnBuyCommand
L 11/06/2020 - 14:03:00: [SM] Exception reported: Array index out-of-bounds (index 64, limit 55)
L 11/06/2020 - 14:03:00: [SM] Blaming: weapon_restrict.smx
L 11/06/2020 - 14:03:00: [SM] Call stack trace:
L 11/06/2020 - 14:03:00: [SM]   [1] Line 202, restrictinc/events.sp::CS_OnBuyCommand
L 11/06/2020 - 14:04:47: [SM] Exception reported: Array index out-of-bounds (index 64, limit 55)
L 11/06/2020 - 14:04:47: [SM] Blaming: weapon_restrict.smx
L 11/06/2020 - 14:04:47: [SM] Call stack trace:
L 11/06/2020 - 14:04:47: [SM]   [1] Line 202, restrictinc/events.sp::CS_OnBuyCommand
L 11/06/2020 - 14:05:44: [SM] Exception reported: Array index out-of-bounds (index 64, limit 55)
L 11/06/2020 - 14:05:44: [SM] Blaming: weapon_restrict.smx
L 11/06/2020 - 14:05:44: [SM] Call stack trace:
L 11/06/2020 - 14:05:44: [SM]   [1] Line 202, restrictinc/events.sp::CS_OnBuyCommand
L 11/06/2020 - 14:06:44: [SM] Exception reported: Array index out-of-bounds (index 64, limit 55)
L 11/06/2020 - 14:06:44: [SM] Blaming: weapon_restrict.smx
L 11/06/2020 - 14:06:44: [SM] Call stack trace:
L 11/06/2020 - 14:06:44: [SM]   [1] Line 202, restrictinc/events.sp::CS_OnBuyCommand
L 11/06/2020 - 14:07:38: [SM] Exception reported: Array index out-of-bounds (index 64, limit 55)
L 11/06/2020 - 14:07:38: [SM] Blaming: weapon_restrict.smx
L 11/06/2020 - 14:07:38: [SM] Call stack trace:
L 11/06/2020 - 14:07:38: [SM]   [1] Line 202, restrictinc/events.sp::CS_OnBuyCommand
L 11/06/2020 - 14:08:32: [SM] Exception reported: Array index out-of-bounds (index 64, limit 55)
L 11/06/2020 - 14:08:32: [SM] Blaming: weapon_restrict.smx
L 11/06/2020 - 14:08:32: [SM] Call stack trace:
L 11/06/2020 - 14:08:32: [SM]   [1] Line 202, restrictinc/events.sp::CS_OnBuyCommand
L 11/06/2020 - 14:09:33: [SM] Exception reported: Array index out-of-bounds (index 64, limit 55)
L 11/06/2020 - 14:09:33: [SM] Blaming: weapon_restrict.smx
L 11/06/2020 - 14:09:33: [SM] Call stack trace:
L 11/06/2020 - 14:09:33: [SM]   [1] Line 202, restrictinc/events.sp::CS_OnBuyCommand
L 11/06/2020 - 14:10:23: [SM] Exception reported: Array index out-of-bounds (index 64, limit 55)
L 11/06/2020 - 14:10:23: [SM] Blaming: weapon_restrict.smx
L 11/06/2020 - 14:10:23: [SM] Call stack trace:
L 11/06/2020 - 14:10:23: [SM]   [1] Line 202, restrictinc/events.sp::CS_OnBuyCommand
L 11/06/2020 - 14:12:23: [SM] Exception reported: Array index out-of-bounds (index 64, limit 55)
L 11/06/2020 - 14:12:23: [SM] Blaming: weapon_restrict.smx
L 11/06/2020 - 14:12:23: [SM] Call stack trace:
L 11/06/2020 - 14:12:23: [SM]   [1] Line 202, restrictinc/events.sp::CS_OnBuyCommand
L 11/06/2020 - 14:12:59: [SM] Exception reported: Array index out-of-bounds (index 64, limit 55)
L 11/06/2020 - 14:12:59: [SM] Blaming: weapon_restrict.smx
L 11/06/2020 - 14:12:59: [SM] Call stack trace:
L 11/06/2020 - 14:12:59: [SM]   [1] Line 202, restrictinc/events.sp::CS_OnBuyCommand
L 11/06/2020 - 14:14:05: [SM] Exception reported: Array index out-of-bounds (index 64, limit 55)
L 11/06/2020 - 14:14:05: [SM] Blaming: weapon_restrict.smx
L 11/06/2020 - 14:14:05: [SM] Call stack trace:
L 11/06/2020 - 14:14:05: [SM]   [1] Line 202, restrictinc/events.sp::CS_OnBuyCommand
L 11/06/2020 - 19:30:05: Error log file session closed.
L 11/06/2020 - 19:30:05: SourceMod error session started
L 11/06/2020 - 19:30:05: Info (map "de_overpass") (file "/home/tcagame/jackm1/527/csgo/addons/sourcemod/logs/errors_20201106.log")
L 11/06/2020 - 19:30:05: [SM] Fatal error encountered parsing translation file "advadmin.phrases.txt"
L 11/06/2020 - 19:30:05: [SM] Error (line 0, column 0): Stream failed to open
L 11/06/2020 - 19:30:25: [SM] Exception reported: Array index out-of-bounds (index 64, limit 55)
L 11/06/2020 - 19:30:25: [SM] Blaming: weapon_restrict.smx
L 11/06/2020 - 19:30:25: [SM] Call stack trace:
L 11/06/2020 - 19:30:25: [SM]   [1] Line 202, restrictinc/events.sp::CS_OnBuyCommand
L 11/06/2020 - 23:31:32: Error log file session closed.
L 11/06/2020 - 23:31:32: SourceMod error session started
L 11/06/2020 - 23:31:32: Info (map "de_overpass") (file "/home/tcagame/jackm1/527/csgo/addons/sourcemod/logs/errors_20201106.log")
L 11/06/2020 - 23:31:32: [SM] Fatal error encountered parsing translation file "advadmin.phrases.txt"
L 11/06/2020 - 23:31:32: [SM] Error (line 0, column 0): Stream failed to open
L 11/06/2020 - 23:32:10: [SM] Exception reported: Language phrase "Player_Connected_From" not found (arg 3)
L 11/06/2020 - 23:32:10: [SM] Blaming: advadmin.smx
L 11/06/2020 - 23:32:10: [SM] Call stack trace:
L 11/06/2020 - 23:32:10: [SM]   [0] VFormat
L 11/06/2020 - 23:32:10: [SM]   [1] Line 386, /groups/sourcemod/compiler-1.10/include/halflife.inc::PrintToChatAll
L 11/06/2020 - 23:32:10: [SM]   [2] Line 141, /home/groups/sourcemod/upload_tmp/phpRYtiXm.sp::OnClientAuthorized
L 11/06/2020 - 23:32:25: [SM] Exception reported: Array index out-of-bounds (index 64, limit 55)
L 11/06/2020 - 23:32:25: [SM] Blaming: weapon_restrict.smx
L 11/06/2020 - 23:32:25: [SM] Call stack trace:
L 11/06/2020 - 23:32:25: [SM]   [1] Line 202, restrictinc/events.sp::CS_OnBuyCommand
L 11/06/2020 - 23:33:04: [SM] Exception reported: Array index out-of-bounds (index 64, limit 55)
L 11/06/2020 - 23:33:04: [SM] Blaming: weapon_restrict.smx
L 11/06/2020 - 23:33:04: [SM] Call stack trace:
L 11/06/2020 - 23:33:04: [SM]   [1] Line 202, restrictinc/events.sp::CS_OnBuyCommand
L 11/06/2020 - 23:33:56: [SM] Exception reported: Language phrase "Player_Connected_From" not found (arg 3)
L 11/06/2020 - 23:33:56: [SM] Blaming: advadmin.smx
L 11/06/2020 - 23:33:56: [SM] Call stack trace:
L 11/06/2020 - 23:33:56: [SM]   [0] VFormat
L 11/06/2020 - 23:33:56: [SM]   [1] Line 386, /groups/sourcemod/compiler-1.10/include/halflife.inc::PrintToChatAll
L 11/06/2020 - 23:33:56: [SM]   [2] Line 141, /home/groups/sourcemod/upload_tmp/phpRYtiXm.sp::OnClientAuthorized
L 11/06/2020 - 23:34:00: [SM] Exception reported: Language phrase "Player_Connected_From" not found (arg 3)
L 11/06/2020 - 23:34:00: [SM] Blaming: advadmin.smx
L 11/06/2020 - 23:34:00: [SM] Call stack trace:
L 11/06/2020 - 23:34:00: [SM]   [0] VFormat
L 11/06/2020 - 23:34:00: [SM]   [1] Line 386, /groups/sourcemod/compiler-1.10/include/halflife.inc::PrintToChatAll
L 11/06/2020 - 23:34:00: [SM]   [2] Line 141, /home/groups/sourcemod/upload_tmp/phpRYtiXm.sp::OnClientAuthorized
L 11/06/2020 - 23:34:22: [SM] Exception reported: Array index out-of-bounds (index 64, limit 55)
L 11/06/2020 - 23:34:22: [SM] Blaming: weapon_restrict.smx
L 11/06/2020 - 23:34:22: [SM] Call stack trace:
L 11/06/2020 - 23:34:22: [SM]   [1] Line 202, restrictinc/events.sp::CS_OnBuyCommand
L 11/06/2020 - 23:34:26: [SM] Exception reported: Language phrase "Player_Connected" not found (arg 3)
L 11/06/2020 - 23:34:26: [SM] Blaming: advadmin.smx
L 11/06/2020 - 23:34:26: [SM] Call stack trace:
L 11/06/2020 - 23:34:26: [SM]   [0] VFormat
L 11/06/2020 - 23:34:26: [SM]   [1] Line 386, /groups/sourcemod/compiler-1.10/include/halflife.inc::PrintToChatAll
L 11/06/2020 - 23:34:26: [SM]   [2] Line 145, /home/groups/sourcemod/upload_tmp/phpRYtiXm.sp::OnClientAuthorized
L 11/06/2020 - 23:35:44: [SM] Exception reported: Array index out-of-bounds (index 64, limit 55)
L 11/06/2020 - 23:35:44: [SM] Blaming: weapon_restrict.smx
L 11/06/2020 - 23:35:44: [SM] Call stack trace:
L 11/06/2020 - 23:35:44: [SM]   [1] Line 202, restrictinc/events.sp::CS_OnBuyCommand
L 11/06/2020 - 23:35:51: [SM] Exception reported: Array index out-of-bounds (index 64, limit 55)
L 11/06/2020 - 23:35:51: [SM] Blaming: weapon_restrict.smx
L 11/06/2020 - 23:35:51: [SM] Call stack trace:
L 11/06/2020 - 23:35:51: [SM]   [1] Line 202, restrictinc/events.sp::CS_OnBuyCommand
L 11/06/2020 - 23:37:57: Error log file session closed.
L 11/06/2020 - 23:37:57: SourceMod error session started
L 11/06/2020 - 23:37:57: Info (map "de_overpass") (file "/home/tcagame/jackm1/527/csgo/addons/sourcemod/logs/errors_20201106.log")
L 11/06/2020 - 23:37:57: [SM] Fatal error encountered parsing translation file "advadmin.phrases.txt"
L 11/06/2020 - 23:37:57: [SM] Error (line 0, column 0): Stream failed to open
L 11/06/2020 - 23:41:08: [SM] Exception reported: Array index out-of-bounds (index 64, limit 55)
L 11/06/2020 - 23:41:08: [SM] Blaming: weapon_restrict.smx
L 11/06/2020 - 23:41:08: [SM] Call stack trace:
L 11/06/2020 - 23:41:08: [SM]   [1] Line 202, restrictinc/events.sp::CS_OnBuyCommand
L 11/06/2020 - 23:41:36: [SM] Exception reported: Array index out-of-bounds (index 64, limit 55)
L 11/06/2020 - 23:41:36: [SM] Blaming: weapon_restrict.smx
L 11/06/2020 - 23:41:36: [SM] Call stack trace:
L 11/06/2020 - 23:41:36: [SM]   [1] Line 202, restrictinc/events.sp::CS_OnBuyCommand
L 11/06/2020 - 23:41:43: [SM] Exception reported: Array index out-of-bounds (index 64, limit 55)
L 11/06/2020 - 23:41:43: [SM] Blaming: weapon_restrict.smx
L 11/06/2020 - 23:41:43: [SM] Call stack trace:
L 11/06/2020 - 23:41:43: [SM]   [1] Line 202, restrictinc/events.sp::CS_OnBuyCommand
L 11/06/2020 - 23:41:49: [SM] Exception reported: Array index out-of-bounds (index 64, limit 55)
L 11/06/2020 - 23:41:49: [SM] Blaming: weapon_restrict.smx
L 11/06/2020 - 23:41:49: [SM] Call stack trace:
L 11/06/2020 - 23:41:49: [SM]   [1] Line 202, restrictinc/events.sp::CS_OnBuyCommand
L 11/06/2020 - 23:42:42: [SM] Exception reported: Array index out-of-bounds (index 64, limit 55)
L 11/06/2020 - 23:42:42: [SM] Blaming: weapon_restrict.smx
L 11/06/2020 - 23:42:42: [SM] Call stack trace:
L 11/06/2020 - 23:42:42: [SM]   [1] Line 202, restrictinc/events.sp::CS_OnBuyCommand
L 11/06/2020 - 23:42:50: [SM] Exception reported: Array index out-of-bounds (index 64, limit 55)
L 11/06/2020 - 23:42:50: [SM] Blaming: weapon_restrict.smx
L 11/06/2020 - 23:42:50: [SM] Call stack trace:
L 11/06/2020 - 23:42:50: [SM]   [1] Line 202, restrictinc/events.sp::CS_OnBuyCommand
L 11/06/2020 - 23:44:18: [SM] Exception reported: Array index out-of-bounds (index 64, limit 55)
L 11/06/2020 - 23:44:18: [SM] Blaming: weapon_restrict.smx
L 11/06/2020 - 23:44:18: [SM] Call stack trace:
L 11/06/2020 - 23:44:18: [SM]   [1] Line 202, restrictinc/events.sp::CS_OnBuyCommand
L 11/06/2020 - 23:44:20: [SM] Exception reported: Array index out-of-bounds (index 64, limit 55)
L 11/06/2020 - 23:44:20: [SM] Blaming: weapon_restrict.smx
L 11/06/2020 - 23:44:20: [SM] Call stack trace:
L 11/06/2020 - 23:44:20: [SM]   [1] Line 202, restrictinc/events.sp::CS_OnBuyCommand
L 11/06/2020 - 23:45:31: [SM] Exception reported: Array index out-of-bounds (index 64, limit 55)
L 11/06/2020 - 23:45:31: [SM] Blaming: weapon_restrict.smx
L 11/06/2020 - 23:45:31: [SM] Call stack trace:
L 11/06/2020 - 23:45:31: [SM]   [1] Line 202, restrictinc/events.sp::CS_OnBuyCommand
L 11/06/2020 - 23:47:08: [SM] Exception reported: Array index out-of-bounds (index 64, limit 55)
L 11/06/2020 - 23:47:08: [SM] Blaming: weapon_restrict.smx
L 11/06/2020 - 23:47:08: [SM] Call stack trace:
L 11/06/2020 - 23:47:08: [SM]   [1] Line 202, restrictinc/events.sp::CS_OnBuyCommand
L 11/06/2020 - 23:47:12: [SM] Exception reported: Array index out-of-bounds (index 64, limit 55)
L 11/06/2020 - 23:47:12: [SM] Blaming: weapon_restrict.smx
L 11/06/2020 - 23:47:12: [SM] Call stack trace:
L 11/06/2020 - 23:47:12: [SM]   [1] Line 202, restrictinc/events.sp::CS_OnBuyCommand
L 11/06/2020 - 23:48:44: [SM] Exception reported: Array index out-of-bounds (index 64, limit 55)
L 11/06/2020 - 23:48:44: [SM] Blaming: weapon_restrict.smx
L 11/06/2020 - 23:48:44: [SM] Call stack trace:
L 11/06/2020 - 23:48:44: [SM]   [1] Line 202, restrictinc/events.sp::CS_OnBuyCommand
L 11/06/2020 - 23:50:26: [SM] Exception reported: Array index out-of-bounds (index 64, limit 55)
L 11/06/2020 - 23:50:26: [SM] Blaming: weapon_restrict.smx
L 11/06/2020 - 23:50:26: [SM] Call stack trace:
L 11/06/2020 - 23:50:26: [SM]   [1] Line 202, restrictinc/events.sp::CS_OnBuyCommand
L 11/06/2020 - 23:50:39: [SM] Exception reported: Array index out-of-bounds (index 64, limit 55)
L 11/06/2020 - 23:50:39: [SM] Blaming: weapon_restrict.smx
L 11/06/2020 - 23:50:39: [SM] Call stack trace:
L 11/06/2020 - 23:50:39: [SM]   [1] Line 202, restrictinc/events.sp::CS_OnBuyCommand
L 11/06/2020 - 23:52:32: [SM] Exception reported: Array index out-of-bounds (index 64, limit 55)
L 11/06/2020 - 23:52:32: [SM] Blaming: weapon_restrict.smx
L 11/06/2020 - 23:52:32: [SM] Call stack trace:
L 11/06/2020 - 23:52:32: [SM]   [1] Line 202, restrictinc/events.sp::CS_OnBuyCommand
L 11/06/2020 - 23:52:35: [SM] Exception reported: Array index out-of-bounds (index 64, limit 55)
L 11/06/2020 - 23:52:35: [SM] Blaming: weapon_restrict.smx
L 11/06/2020 - 23:52:35: [SM] Call stack trace:
L 11/06/2020 - 23:52:35: [SM]   [1] Line 202, restrictinc/events.sp::CS_OnBuyCommand
L 11/06/2020 - 23:53:34: [SM] Exception reported: Array index out-of-bounds (index 64, limit 55)
L 11/06/2020 - 23:53:34: [SM] Blaming: weapon_restrict.smx
L 11/06/2020 - 23:53:34: [SM] Call stack trace:
L 11/06/2020 - 23:53:34: [SM]   [1] Line 202, restrictinc/events.sp::CS_OnBuyCommand
L 11/06/2020 - 23:54:09: [SM] Exception reported: Array index out-of-bounds (index 64, limit 55)
L 11/06/2020 - 23:54:09: [SM] Blaming: weapon_restrict.smx
L 11/06/2020 - 23:54:09: [SM] Call stack trace:
L 11/06/2020 - 23:54:09: [SM]   [1] Line 202, restrictinc/events.sp::CS_OnBuyCommand
L 11/06/2020 - 23:55:30: [SM] Exception reported: Array index out-of-bounds (index 64, limit 55)
L 11/06/2020 - 23:55:30: [SM] Blaming: weapon_restrict.smx
L 11/06/2020 - 23:55:30: [SM] Call stack trace:
L 11/06/2020 - 23:55:30: [SM]   [1] Line 202, restrictinc/events.sp::CS_OnBuyCommand
L 11/06/2020 - 23:57:18: [SM] Exception reported: Array index out-of-bounds (index 64, limit 55)
L 11/06/2020 - 23:57:18: [SM] Blaming: weapon_restrict.smx
L 11/06/2020 - 23:57:18: [SM] Call stack trace:
L 11/06/2020 - 23:57:18: [SM]   [1] Line 202, restrictinc/events.sp::CS_OnBuyCommand
L 11/06/2020 - 23:58:14: [SM] Exception reported: Array index out-of-bounds (index 64, limit 55)
L 11/06/2020 - 23:58:14: [SM] Blaming: weapon_restrict.smx
L 11/06/2020 - 23:58:14: [SM] Call stack trace:
L 11/06/2020 - 23:58:14: [SM]   [1] Line 202, restrictinc/events.sp::CS_OnBuyCommand
L 11/06/2020 - 23:58:48: [SM] Exception reported: Array index out-of-bounds (index 64, limit 55)
L 11/06/2020 - 23:58:48: [SM] Blaming: weapon_restrict.smx
L 11/06/2020 - 23:58:48: [SM] Call stack trace:
L 11/06/2020 - 23:58:48: [SM]   [1] Line 202, restrictinc/events.sp::CS_OnBuyCommand
L 11/06/2020 - 23:58:55: [SM] Exception reported: Array index out-of-bounds (index 64, limit 55)
L 11/06/2020 - 23:58:55: [SM] Blaming: weapon_restrict.smx
L 11/06/2020 - 23:58:55: [SM] Call stack trace:
L 11/06/2020 - 23:58:55: [SM]   [1] Line 202, restrictinc/events.sp::CS_OnBuyCommand
L 11/06/2020 - 23:59:34: [SM] Exception reported: Array index out-of-bounds (index 64, limit 55)
L 11/06/2020 - 23:59:34: [SM] Blaming: weapon_restrict.smx
L 11/06/2020 - 23:59:34: [SM] Call stack trace:
L 11/06/2020 - 23:59:34: [SM]   [1] Line 202, restrictinc/events.sp::CS_OnBuyCommand
L 11/06/2020 - 23:59:36: [SM] Exception reported: Array index out-of-bounds (index 64, limit 55)
L 11/06/2020 - 23:59:36: [SM] Blaming: weapon_restrict.smx
L 11/06/2020 - 23:59:36: [SM] Call stack trace:
L 11/06/2020 - 23:59:36: [SM]   [1] Line 202, restrictinc/events.sp::CS_OnBuyCommand
L 11/07/2020 - 00:01:29: Error log file session closed.
