L 12/26/2020 - 01:53:12: SourceMod error session started
L 12/26/2020 - 01:53:12: Info (map "de_safehouse") (file "/home/tcagame/jackm1/527/csgo/addons/sourcemod/logs/errors_20201226.log")
L 12/26/2020 - 01:53:12: [SM] Fatal error encountered parsing translation file "advadmin.phrases.txt"
L 12/26/2020 - 01:53:12: [SM] Error (line 0, column 0): Stream failed to open
L 12/26/2020 - 01:53:42: [SM] Exception reported: Language phrase "Player_Connected" not found (arg 3)
L 12/26/2020 - 01:53:42: [SM] Blaming: advadmin.smx
L 12/26/2020 - 01:53:42: [SM] Call stack trace:
L 12/26/2020 - 01:53:42: [SM]   [0] VFormat
L 12/26/2020 - 01:53:42: [SM]   [1] Line 386, /groups/sourcemod/compiler-1.10/include/halflife.inc::PrintToChatAll
L 12/26/2020 - 01:53:42: [SM]   [2] Line 145, /home/groups/sourcemod/upload_tmp/phpRYtiXm.sp::OnClientAuthorized
L 12/26/2020 - 01:54:05: [SM] Exception reported: Array index out-of-bounds (index 64, limit 55)
L 12/26/2020 - 01:54:05: [SM] Blaming: weapon_restrict.smx
L 12/26/2020 - 01:54:05: [SM] Call stack trace:
L 12/26/2020 - 01:54:05: [SM]   [1] Line 202, restrictinc/events.sp::CS_OnBuyCommand
L 12/26/2020 - 01:57:03: Error log file session closed.
L 12/26/2020 - 01:57:03: SourceMod error session started
L 12/26/2020 - 01:57:03: Info (map "de_dust2") (file "/home/tcagame/jackm1/527/csgo/addons/sourcemod/logs/errors_20201226.log")
L 12/26/2020 - 01:57:03: [SM] Fatal error encountered parsing translation file "advadmin.phrases.txt"
L 12/26/2020 - 01:57:03: [SM] Error (line 0, column 0): Stream failed to open
L 12/26/2020 - 01:59:10: Error log file session closed.
L 12/26/2020 - 01:59:10: SourceMod error session started
L 12/26/2020 - 01:59:10: Info (map "de_safehouse") (file "/home/tcagame/jackm1/527/csgo/addons/sourcemod/logs/errors_20201226.log")
L 12/26/2020 - 01:59:10: [SM] Fatal error encountered parsing translation file "advadmin.phrases.txt"
L 12/26/2020 - 01:59:10: [SM] Error (line 0, column 0): Stream failed to open
L 12/26/2020 - 01:59:43: [SM] Exception reported: Language phrase "Player_Connected" not found (arg 3)
L 12/26/2020 - 01:59:43: [SM] Blaming: advadmin.smx
L 12/26/2020 - 01:59:43: [SM] Call stack trace:
L 12/26/2020 - 01:59:43: [SM]   [0] VFormat
L 12/26/2020 - 01:59:43: [SM]   [1] Line 386, /groups/sourcemod/compiler-1.10/include/halflife.inc::PrintToChatAll
L 12/26/2020 - 01:59:43: [SM]   [2] Line 145, /home/groups/sourcemod/upload_tmp/phpRYtiXm.sp::OnClientAuthorized
L 12/26/2020 - 02:00:41: [SM] Exception reported: Array index out-of-bounds (index 64, limit 55)
L 12/26/2020 - 02:00:41: [SM] Blaming: weapon_restrict.smx
L 12/26/2020 - 02:00:41: [SM] Call stack trace:
L 12/26/2020 - 02:00:41: [SM]   [1] Line 202, restrictinc/events.sp::CS_OnBuyCommand
L 12/26/2020 - 02:00:57: [SM] Exception reported: Array index out-of-bounds (index 64, limit 55)
L 12/26/2020 - 02:00:57: [SM] Blaming: weapon_restrict.smx
L 12/26/2020 - 02:00:57: [SM] Call stack trace:
L 12/26/2020 - 02:00:57: [SM]   [1] Line 202, restrictinc/events.sp::CS_OnBuyCommand
L 12/26/2020 - 02:00:58: [SM] Exception reported: Array index out-of-bounds (index 64, limit 55)
L 12/26/2020 - 02:00:58: [SM] Blaming: weapon_restrict.smx
L 12/26/2020 - 02:00:58: [SM] Call stack trace:
L 12/26/2020 - 02:00:58: [SM]   [1] Line 202, restrictinc/events.sp::CS_OnBuyCommand
L 12/26/2020 - 02:02:17: [SM] Exception reported: Array index out-of-bounds (index 64, limit 55)
L 12/26/2020 - 02:02:17: [SM] Blaming: weapon_restrict.smx
L 12/26/2020 - 02:02:17: [SM] Call stack trace:
L 12/26/2020 - 02:02:17: [SM]   [1] Line 202, restrictinc/events.sp::CS_OnBuyCommand
L 12/26/2020 - 02:03:31: [SM] Exception reported: Array index out-of-bounds (index 64, limit 55)
L 12/26/2020 - 02:03:31: [SM] Blaming: weapon_restrict.smx
L 12/26/2020 - 02:03:31: [SM] Call stack trace:
L 12/26/2020 - 02:03:31: [SM]   [1] Line 202, restrictinc/events.sp::CS_OnBuyCommand
L 12/26/2020 - 02:06:46: [SM] Exception reported: Array index out-of-bounds (index 64, limit 55)
L 12/26/2020 - 02:06:46: [SM] Blaming: weapon_restrict.smx
L 12/26/2020 - 02:06:46: [SM] Call stack trace:
L 12/26/2020 - 02:06:46: [SM]   [1] Line 202, restrictinc/events.sp::CS_OnBuyCommand
L 12/26/2020 - 02:06:47: [SM] Exception reported: Array index out-of-bounds (index 64, limit 55)
L 12/26/2020 - 02:06:47: [SM] Blaming: weapon_restrict.smx
L 12/26/2020 - 02:06:47: [SM] Call stack trace:
L 12/26/2020 - 02:06:47: [SM]   [1] Line 202, restrictinc/events.sp::CS_OnBuyCommand
L 12/26/2020 - 02:08:22: [SM] Exception reported: Array index out-of-bounds (index 64, limit 55)
L 12/26/2020 - 02:08:22: [SM] Blaming: weapon_restrict.smx
L 12/26/2020 - 02:08:22: [SM] Call stack trace:
L 12/26/2020 - 02:08:22: [SM]   [1] Line 202, restrictinc/events.sp::CS_OnBuyCommand
L 12/26/2020 - 02:12:21: [SM] Exception reported: Array index out-of-bounds (index 64, limit 55)
L 12/26/2020 - 02:12:21: [SM] Blaming: weapon_restrict.smx
L 12/26/2020 - 02:12:21: [SM] Call stack trace:
L 12/26/2020 - 02:12:21: [SM]   [1] Line 202, restrictinc/events.sp::CS_OnBuyCommand
L 12/26/2020 - 02:13:36: [SM] Exception reported: Array index out-of-bounds (index 64, limit 55)
L 12/26/2020 - 02:13:36: [SM] Blaming: weapon_restrict.smx
L 12/26/2020 - 02:13:36: [SM] Call stack trace:
L 12/26/2020 - 02:13:36: [SM]   [1] Line 202, restrictinc/events.sp::CS_OnBuyCommand
L 12/26/2020 - 02:13:39: [SM] Exception reported: Array index out-of-bounds (index 64, limit 55)
L 12/26/2020 - 02:13:39: [SM] Blaming: weapon_restrict.smx
L 12/26/2020 - 02:13:39: [SM] Call stack trace:
L 12/26/2020 - 02:13:39: [SM]   [1] Line 202, restrictinc/events.sp::CS_OnBuyCommand
L 12/26/2020 - 02:19:26: [SM] Exception reported: Array index out-of-bounds (index 64, limit 55)
L 12/26/2020 - 02:19:26: [SM] Blaming: weapon_restrict.smx
L 12/26/2020 - 02:19:26: [SM] Call stack trace:
L 12/26/2020 - 02:19:26: [SM]   [1] Line 202, restrictinc/events.sp::CS_OnBuyCommand
L 12/26/2020 - 02:22:43: [SM] Exception reported: Array index out-of-bounds (index 64, limit 55)
L 12/26/2020 - 02:22:43: [SM] Blaming: weapon_restrict.smx
L 12/26/2020 - 02:22:43: [SM] Call stack trace:
L 12/26/2020 - 02:22:43: [SM]   [1] Line 202, restrictinc/events.sp::CS_OnBuyCommand
L 12/26/2020 - 02:22:47: [SM] Exception reported: Array index out-of-bounds (index 64, limit 55)
L 12/26/2020 - 02:22:47: [SM] Blaming: weapon_restrict.smx
L 12/26/2020 - 02:22:47: [SM] Call stack trace:
L 12/26/2020 - 02:22:47: [SM]   [1] Line 202, restrictinc/events.sp::CS_OnBuyCommand
L 12/26/2020 - 02:24:23: Error log file session closed.
L 12/26/2020 - 02:24:23: SourceMod error session started
L 12/26/2020 - 02:24:23: Info (map "de_safehouse") (file "/home/tcagame/jackm1/527/csgo/addons/sourcemod/logs/errors_20201226.log")
L 12/26/2020 - 02:24:23: [SM] Fatal error encountered parsing translation file "advadmin.phrases.txt"
L 12/26/2020 - 02:24:23: [SM] Error (line 0, column 0): Stream failed to open
L 12/26/2020 - 16:40:43: Error log file session closed.
L 12/26/2020 - 16:40:43: SourceMod error session started
L 12/26/2020 - 16:40:43: Info (map "de_safehouse") (file "/home/tcagame/jackm1/527/csgo/addons/sourcemod/logs/errors_20201226.log")
L 12/26/2020 - 16:40:43: [SM] Fatal error encountered parsing translation file "advadmin.phrases.txt"
L 12/26/2020 - 16:40:43: [SM] Error (line 0, column 0): Stream failed to open
L 12/26/2020 - 16:43:55: Error log file session closed.
L 12/26/2020 - 16:43:55: SourceMod error session started
L 12/26/2020 - 16:43:55: Info (map "de_lake") (file "/home/tcagame/jackm1/527/csgo/addons/sourcemod/logs/errors_20201226.log")
L 12/26/2020 - 16:43:55: [SM] Fatal error encountered parsing translation file "advadmin.phrases.txt"
L 12/26/2020 - 16:43:55: [SM] Error (line 0, column 0): Stream failed to open
L 12/26/2020 - 16:44:27: Error log file session closed.
L 12/26/2020 - 16:44:27: SourceMod error session started
L 12/26/2020 - 16:44:27: Info (map "de_inferno") (file "/home/tcagame/jackm1/527/csgo/addons/sourcemod/logs/errors_20201226.log")
L 12/26/2020 - 16:44:27: [SM] Fatal error encountered parsing translation file "advadmin.phrases.txt"
L 12/26/2020 - 16:44:27: [SM] Error (line 0, column 0): Stream failed to open
L 12/26/2020 - 16:51:07: Error log file session closed.
L 12/26/2020 - 16:51:07: SourceMod error session started
L 12/26/2020 - 16:51:07: Info (map "de_overpass") (file "/home/tcagame/jackm1/527/csgo/addons/sourcemod/logs/errors_20201226.log")
L 12/26/2020 - 16:51:07: [SM] Fatal error encountered parsing translation file "advadmin.phrases.txt"
L 12/26/2020 - 16:51:07: [SM] Error (line 0, column 0): Stream failed to open
L 12/26/2020 - 19:08:09: Error log file session closed.
L 12/26/2020 - 19:08:09: SourceMod error session started
L 12/26/2020 - 19:08:09: Info (map "de_overpass") (file "/home/tcagame/jackm1/527/csgo/addons/sourcemod/logs/errors_20201226.log")
L 12/26/2020 - 19:08:09: [SM] Fatal error encountered parsing translation file "advadmin.phrases.txt"
L 12/26/2020 - 19:08:09: [SM] Error (line 0, column 0): Stream failed to open
L 12/26/2020 - 19:09:15: [SM] Exception reported: Language phrase "CMD_Swap" not found (arg 5)
L 12/26/2020 - 19:09:15: [SM] Blaming: advadmin.smx
L 12/26/2020 - 19:09:15: [SM] Call stack trace:
L 12/26/2020 - 19:09:15: [SM]   [0] ShowActivity2
L 12/26/2020 - 19:09:15: [SM]   [1] Line 735, /home/groups/sourcemod/upload_tmp/phpRYtiXm.sp::CMD_Swap
L 12/26/2020 - 19:09:16: [SM] Exception reported: Language phrase "Player_Connected_From" not found (arg 3)
L 12/26/2020 - 19:09:16: [SM] Blaming: advadmin.smx
L 12/26/2020 - 19:09:16: [SM] Call stack trace:
L 12/26/2020 - 19:09:16: [SM]   [0] VFormat
L 12/26/2020 - 19:09:16: [SM]   [1] Line 386, /groups/sourcemod/compiler-1.10/include/halflife.inc::PrintToChatAll
L 12/26/2020 - 19:09:16: [SM]   [2] Line 141, /home/groups/sourcemod/upload_tmp/phpRYtiXm.sp::OnClientAuthorized
L 12/26/2020 - 19:09:44: [SM] Exception reported: Array index out-of-bounds (index 64, limit 55)
L 12/26/2020 - 19:09:44: [SM] Blaming: weapon_restrict.smx
L 12/26/2020 - 19:09:44: [SM] Call stack trace:
L 12/26/2020 - 19:09:44: [SM]   [1] Line 202, restrictinc/events.sp::CS_OnBuyCommand
L 12/26/2020 - 19:10:11: [SM] Exception reported: Array index out-of-bounds (index 64, limit 55)
L 12/26/2020 - 19:10:11: [SM] Blaming: weapon_restrict.smx
L 12/26/2020 - 19:10:11: [SM] Call stack trace:
L 12/26/2020 - 19:10:11: [SM]   [1] Line 202, restrictinc/events.sp::CS_OnBuyCommand
L 12/26/2020 - 19:11:00: [SM] Exception reported: Array index out-of-bounds (index 64, limit 55)
L 12/26/2020 - 19:11:00: [SM] Blaming: weapon_restrict.smx
L 12/26/2020 - 19:11:00: [SM] Call stack trace:
L 12/26/2020 - 19:11:00: [SM]   [1] Line 202, restrictinc/events.sp::CS_OnBuyCommand
L 12/26/2020 - 19:11:10: [SM] Exception reported: Array index out-of-bounds (index 64, limit 55)
L 12/26/2020 - 19:11:10: [SM] Blaming: weapon_restrict.smx
L 12/26/2020 - 19:11:10: [SM] Call stack trace:
L 12/26/2020 - 19:11:10: [SM]   [1] Line 202, restrictinc/events.sp::CS_OnBuyCommand
L 12/26/2020 - 19:11:46: [SM] Exception reported: Language phrase "Player_Connected_From" not found (arg 3)
L 12/26/2020 - 19:11:46: [SM] Blaming: advadmin.smx
L 12/26/2020 - 19:11:46: [SM] Call stack trace:
L 12/26/2020 - 19:11:46: [SM]   [0] VFormat
L 12/26/2020 - 19:11:46: [SM]   [1] Line 386, /groups/sourcemod/compiler-1.10/include/halflife.inc::PrintToChatAll
L 12/26/2020 - 19:11:46: [SM]   [2] Line 141, /home/groups/sourcemod/upload_tmp/phpRYtiXm.sp::OnClientAuthorized
L 12/26/2020 - 19:12:04: [SM] Exception reported: Language phrase "Player_Connected_From" not found (arg 3)
L 12/26/2020 - 19:12:04: [SM] Blaming: advadmin.smx
L 12/26/2020 - 19:12:04: [SM] Call stack trace:
L 12/26/2020 - 19:12:04: [SM]   [0] VFormat
L 12/26/2020 - 19:12:04: [SM]   [1] Line 386, /groups/sourcemod/compiler-1.10/include/halflife.inc::PrintToChatAll
L 12/26/2020 - 19:12:04: [SM]   [2] Line 141, /home/groups/sourcemod/upload_tmp/phpRYtiXm.sp::OnClientAuthorized
L 12/26/2020 - 19:13:45: [SM] Exception reported: Array index out-of-bounds (index 64, limit 55)
L 12/26/2020 - 19:13:45: [SM] Blaming: weapon_restrict.smx
L 12/26/2020 - 19:13:45: [SM] Call stack trace:
L 12/26/2020 - 19:13:45: [SM]   [1] Line 202, restrictinc/events.sp::CS_OnBuyCommand
L 12/26/2020 - 19:14:03: [SM] Exception reported: Array index out-of-bounds (index 64, limit 55)
L 12/26/2020 - 19:14:03: [SM] Blaming: weapon_restrict.smx
L 12/26/2020 - 19:14:03: [SM] Call stack trace:
L 12/26/2020 - 19:14:03: [SM]   [1] Line 202, restrictinc/events.sp::CS_OnBuyCommand
L 12/26/2020 - 19:14:20: [SM] Exception reported: Array index out-of-bounds (index 64, limit 55)
L 12/26/2020 - 19:14:20: [SM] Blaming: weapon_restrict.smx
L 12/26/2020 - 19:14:20: [SM] Call stack trace:
L 12/26/2020 - 19:14:20: [SM]   [1] Line 202, restrictinc/events.sp::CS_OnBuyCommand
L 12/26/2020 - 19:14:25: [SM] Exception reported: Array index out-of-bounds (index 64, limit 55)
L 12/26/2020 - 19:14:25: [SM] Blaming: weapon_restrict.smx
L 12/26/2020 - 19:14:25: [SM] Call stack trace:
L 12/26/2020 - 19:14:25: [SM]   [1] Line 202, restrictinc/events.sp::CS_OnBuyCommand
L 12/26/2020 - 19:14:28: [SM] Exception reported: Array index out-of-bounds (index 64, limit 55)
L 12/26/2020 - 19:14:28: [SM] Blaming: weapon_restrict.smx
L 12/26/2020 - 19:14:28: [SM] Call stack trace:
L 12/26/2020 - 19:14:28: [SM]   [1] Line 202, restrictinc/events.sp::CS_OnBuyCommand
L 12/26/2020 - 19:15:22: [SM] Exception reported: Translation failed: invalid client index -1 (arg 5)
L 12/26/2020 - 19:15:22: [SM] Blaming: pugsetup.smx
L 12/26/2020 - 19:15:22: [SM] Call stack trace:
L 12/26/2020 - 19:15:22: [SM]   [0] Menu.SetTitle
L 12/26/2020 - 19:15:22: [SM]   [1] Line 20, ./scripting/pugsetup/mapveto.sp::GiveVetoMenu
L 12/26/2020 - 19:15:22: [SM]   [2] Line 63, ./scripting/pugsetup/mapveto.sp::VetoHandler
L 12/26/2020 - 19:15:28: [SM] Exception reported: Array index out-of-bounds (index 64, limit 55)
L 12/26/2020 - 19:15:28: [SM] Blaming: weapon_restrict.smx
L 12/26/2020 - 19:15:28: [SM] Call stack trace:
L 12/26/2020 - 19:15:28: [SM]   [1] Line 202, restrictinc/events.sp::CS_OnBuyCommand
L 12/26/2020 - 19:16:06: [SM] Exception reported: Array index out-of-bounds (index 64, limit 55)
L 12/26/2020 - 19:16:06: [SM] Blaming: weapon_restrict.smx
L 12/26/2020 - 19:16:06: [SM] Call stack trace:
L 12/26/2020 - 19:16:06: [SM]   [1] Line 202, restrictinc/events.sp::CS_OnBuyCommand
L 12/26/2020 - 19:16:50: [SM] Exception reported: Array index out-of-bounds (index 64, limit 55)
L 12/26/2020 - 19:16:50: [SM] Blaming: weapon_restrict.smx
L 12/26/2020 - 19:16:50: [SM] Call stack trace:
L 12/26/2020 - 19:16:50: [SM]   [1] Line 202, restrictinc/events.sp::CS_OnBuyCommand
L 12/26/2020 - 19:18:41: [SM] Exception reported: Array index out-of-bounds (index 64, limit 55)
L 12/26/2020 - 19:18:41: [SM] Blaming: weapon_restrict.smx
L 12/26/2020 - 19:18:41: [SM] Call stack trace:
L 12/26/2020 - 19:18:41: [SM]   [1] Line 202, restrictinc/events.sp::CS_OnBuyCommand
L 12/26/2020 - 19:20:01: [SM] Exception reported: Array index out-of-bounds (index 64, limit 55)
L 12/26/2020 - 19:20:01: [SM] Blaming: weapon_restrict.smx
L 12/26/2020 - 19:20:01: [SM] Call stack trace:
L 12/26/2020 - 19:20:01: [SM]   [1] Line 202, restrictinc/events.sp::CS_OnBuyCommand
L 12/26/2020 - 19:20:13: [SM] Exception reported: Array index out-of-bounds (index 64, limit 55)
L 12/26/2020 - 19:20:13: [SM] Blaming: weapon_restrict.smx
L 12/26/2020 - 19:20:13: [SM] Call stack trace:
L 12/26/2020 - 19:20:13: [SM]   [1] Line 202, restrictinc/events.sp::CS_OnBuyCommand
L 12/26/2020 - 19:21:40: [SM] Exception reported: Array index out-of-bounds (index 64, limit 55)
L 12/26/2020 - 19:21:40: [SM] Blaming: weapon_restrict.smx
L 12/26/2020 - 19:21:40: [SM] Call stack trace:
L 12/26/2020 - 19:21:40: [SM]   [1] Line 202, restrictinc/events.sp::CS_OnBuyCommand
L 12/26/2020 - 19:21:42: [SM] Exception reported: Array index out-of-bounds (index 64, limit 55)
L 12/26/2020 - 19:21:42: [SM] Blaming: weapon_restrict.smx
L 12/26/2020 - 19:21:42: [SM] Call stack trace:
L 12/26/2020 - 19:21:42: [SM]   [1] Line 202, restrictinc/events.sp::CS_OnBuyCommand
L 12/26/2020 - 19:22:51: [SM] Exception reported: Array index out-of-bounds (index 64, limit 55)
L 12/26/2020 - 19:22:51: [SM] Blaming: weapon_restrict.smx
L 12/26/2020 - 19:22:51: [SM] Call stack trace:
L 12/26/2020 - 19:22:51: [SM]   [1] Line 202, restrictinc/events.sp::CS_OnBuyCommand
L 12/26/2020 - 19:22:54: [SM] Exception reported: Array index out-of-bounds (index 64, limit 55)
L 12/26/2020 - 19:22:54: [SM] Blaming: weapon_restrict.smx
L 12/26/2020 - 19:22:54: [SM] Call stack trace:
L 12/26/2020 - 19:22:54: [SM]   [1] Line 202, restrictinc/events.sp::CS_OnBuyCommand
L 12/26/2020 - 19:22:55: [SM] Exception reported: Array index out-of-bounds (index 64, limit 55)
L 12/26/2020 - 19:22:55: [SM] Blaming: weapon_restrict.smx
L 12/26/2020 - 19:22:55: [SM] Call stack trace:
L 12/26/2020 - 19:22:55: [SM]   [1] Line 202, restrictinc/events.sp::CS_OnBuyCommand
L 12/26/2020 - 19:24:54: [SM] Exception reported: Array index out-of-bounds (index 64, limit 55)
L 12/26/2020 - 19:24:54: [SM] Blaming: weapon_restrict.smx
L 12/26/2020 - 19:24:54: [SM] Call stack trace:
L 12/26/2020 - 19:24:54: [SM]   [1] Line 202, restrictinc/events.sp::CS_OnBuyCommand
L 12/26/2020 - 19:25:19: [SM] Exception reported: Array index out-of-bounds (index 64, limit 55)
L 12/26/2020 - 19:25:19: [SM] Blaming: weapon_restrict.smx
L 12/26/2020 - 19:25:19: [SM] Call stack trace:
L 12/26/2020 - 19:25:19: [SM]   [1] Line 202, restrictinc/events.sp::CS_OnBuyCommand
L 12/26/2020 - 19:26:51: [SM] Exception reported: Array index out-of-bounds (index 64, limit 55)
L 12/26/2020 - 19:26:51: [SM] Blaming: weapon_restrict.smx
L 12/26/2020 - 19:26:51: [SM] Call stack trace:
L 12/26/2020 - 19:26:51: [SM]   [1] Line 202, restrictinc/events.sp::CS_OnBuyCommand
L 12/26/2020 - 19:26:57: [SM] Exception reported: Array index out-of-bounds (index 64, limit 55)
L 12/26/2020 - 19:26:57: [SM] Blaming: weapon_restrict.smx
L 12/26/2020 - 19:26:57: [SM] Call stack trace:
L 12/26/2020 - 19:26:57: [SM]   [1] Line 202, restrictinc/events.sp::CS_OnBuyCommand
L 12/26/2020 - 19:30:31: [SM] Exception reported: Array index out-of-bounds (index 64, limit 55)
L 12/26/2020 - 19:30:31: [SM] Blaming: weapon_restrict.smx
L 12/26/2020 - 19:30:31: [SM] Call stack trace:
L 12/26/2020 - 19:30:31: [SM]   [1] Line 202, restrictinc/events.sp::CS_OnBuyCommand
L 12/26/2020 - 19:30:33: [SM] Exception reported: Array index out-of-bounds (index 64, limit 55)
L 12/26/2020 - 19:30:33: [SM] Blaming: weapon_restrict.smx
L 12/26/2020 - 19:30:33: [SM] Call stack trace:
L 12/26/2020 - 19:30:33: [SM]   [1] Line 202, restrictinc/events.sp::CS_OnBuyCommand
L 12/26/2020 - 19:32:18: [SM] Exception reported: Array index out-of-bounds (index 64, limit 55)
L 12/26/2020 - 19:32:18: [SM] Blaming: weapon_restrict.smx
L 12/26/2020 - 19:32:18: [SM] Call stack trace:
L 12/26/2020 - 19:32:18: [SM]   [1] Line 202, restrictinc/events.sp::CS_OnBuyCommand
L 12/26/2020 - 19:33:51: [SM] Exception reported: Array index out-of-bounds (index 64, limit 55)
L 12/26/2020 - 19:33:51: [SM] Blaming: weapon_restrict.smx
L 12/26/2020 - 19:33:51: [SM] Call stack trace:
L 12/26/2020 - 19:33:51: [SM]   [1] Line 202, restrictinc/events.sp::CS_OnBuyCommand
L 12/26/2020 - 19:35:03: [SM] Exception reported: Array index out-of-bounds (index 64, limit 55)
L 12/26/2020 - 19:35:03: [SM] Blaming: weapon_restrict.smx
L 12/26/2020 - 19:35:03: [SM] Call stack trace:
L 12/26/2020 - 19:35:03: [SM]   [1] Line 202, restrictinc/events.sp::CS_OnBuyCommand
L 12/26/2020 - 19:37:48: [SM] Exception reported: Language phrase "Player_Connected_From" not found (arg 3)
L 12/26/2020 - 19:37:48: [SM] Blaming: advadmin.smx
L 12/26/2020 - 19:37:48: [SM] Call stack trace:
L 12/26/2020 - 19:37:48: [SM]   [0] VFormat
L 12/26/2020 - 19:37:48: [SM]   [1] Line 386, /groups/sourcemod/compiler-1.10/include/halflife.inc::PrintToChatAll
L 12/26/2020 - 19:37:48: [SM]   [2] Line 141, /home/groups/sourcemod/upload_tmp/phpRYtiXm.sp::OnClientAuthorized
L 12/26/2020 - 19:39:37: [SM] Exception reported: Array index out-of-bounds (index 64, limit 55)
L 12/26/2020 - 19:39:37: [SM] Blaming: weapon_restrict.smx
L 12/26/2020 - 19:39:37: [SM] Call stack trace:
L 12/26/2020 - 19:39:37: [SM]   [1] Line 202, restrictinc/events.sp::CS_OnBuyCommand
L 12/26/2020 - 19:40:16: [SM] Exception reported: Array index out-of-bounds (index 64, limit 55)
L 12/26/2020 - 19:40:16: [SM] Blaming: weapon_restrict.smx
L 12/26/2020 - 19:40:16: [SM] Call stack trace:
L 12/26/2020 - 19:40:16: [SM]   [1] Line 202, restrictinc/events.sp::CS_OnBuyCommand
L 12/26/2020 - 19:40:21: [SM] Exception reported: Array index out-of-bounds (index 64, limit 55)
L 12/26/2020 - 19:40:21: [SM] Blaming: weapon_restrict.smx
L 12/26/2020 - 19:40:21: [SM] Call stack trace:
L 12/26/2020 - 19:40:21: [SM]   [1] Line 202, restrictinc/events.sp::CS_OnBuyCommand
L 12/26/2020 - 19:40:27: [SM] Exception reported: Array index out-of-bounds (index 64, limit 55)
L 12/26/2020 - 19:40:27: [SM] Blaming: weapon_restrict.smx
L 12/26/2020 - 19:40:27: [SM] Call stack trace:
L 12/26/2020 - 19:40:27: [SM]   [1] Line 202, restrictinc/events.sp::CS_OnBuyCommand
L 12/26/2020 - 19:41:37: [SM] Exception reported: Array index out-of-bounds (index 64, limit 55)
L 12/26/2020 - 19:41:37: [SM] Blaming: weapon_restrict.smx
L 12/26/2020 - 19:41:37: [SM] Call stack trace:
L 12/26/2020 - 19:41:37: [SM]   [1] Line 202, restrictinc/events.sp::CS_OnBuyCommand
L 12/26/2020 - 19:41:40: [SM] Exception reported: Array index out-of-bounds (index 64, limit 55)
L 12/26/2020 - 19:41:40: [SM] Blaming: weapon_restrict.smx
L 12/26/2020 - 19:41:40: [SM] Call stack trace:
L 12/26/2020 - 19:41:40: [SM]   [1] Line 202, restrictinc/events.sp::CS_OnBuyCommand
L 12/26/2020 - 19:43:23: [SM] Exception reported: Array index out-of-bounds (index 64, limit 55)
L 12/26/2020 - 19:43:23: [SM] Blaming: weapon_restrict.smx
L 12/26/2020 - 19:43:23: [SM] Call stack trace:
L 12/26/2020 - 19:43:23: [SM]   [1] Line 202, restrictinc/events.sp::CS_OnBuyCommand
L 12/26/2020 - 19:43:25: [SM] Exception reported: Array index out-of-bounds (index 64, limit 55)
L 12/26/2020 - 19:43:25: [SM] Blaming: weapon_restrict.smx
L 12/26/2020 - 19:43:25: [SM] Call stack trace:
L 12/26/2020 - 19:43:25: [SM]   [1] Line 202, restrictinc/events.sp::CS_OnBuyCommand
L 12/26/2020 - 19:44:11: [SM] Exception reported: Array index out-of-bounds (index 64, limit 55)
L 12/26/2020 - 19:44:11: [SM] Blaming: weapon_restrict.smx
L 12/26/2020 - 19:44:11: [SM] Call stack trace:
L 12/26/2020 - 19:44:11: [SM]   [1] Line 202, restrictinc/events.sp::CS_OnBuyCommand
L 12/26/2020 - 19:44:15: [SM] Exception reported: Array index out-of-bounds (index 64, limit 55)
L 12/26/2020 - 19:44:15: [SM] Blaming: weapon_restrict.smx
L 12/26/2020 - 19:44:15: [SM] Call stack trace:
L 12/26/2020 - 19:44:15: [SM]   [1] Line 202, restrictinc/events.sp::CS_OnBuyCommand
L 12/26/2020 - 19:45:11: [SM] Exception reported: Array index out-of-bounds (index 63, limit 55)
L 12/26/2020 - 19:45:11: [SM] Blaming: weapon_restrict.smx
L 12/26/2020 - 19:45:11: [SM] Call stack trace:
L 12/26/2020 - 19:45:11: [SM]   [1] Line 202, restrictinc/events.sp::CS_OnBuyCommand
L 12/26/2020 - 19:45:12: [SM] Exception reported: Array index out-of-bounds (index 64, limit 55)
L 12/26/2020 - 19:45:12: [SM] Blaming: weapon_restrict.smx
L 12/26/2020 - 19:45:12: [SM] Call stack trace:
L 12/26/2020 - 19:45:12: [SM]   [1] Line 202, restrictinc/events.sp::CS_OnBuyCommand
L 12/26/2020 - 19:45:23: [SM] Exception reported: Array index out-of-bounds (index 64, limit 55)
L 12/26/2020 - 19:45:23: [SM] Blaming: weapon_restrict.smx
L 12/26/2020 - 19:45:23: [SM] Call stack trace:
L 12/26/2020 - 19:45:23: [SM]   [1] Line 202, restrictinc/events.sp::CS_OnBuyCommand
L 12/26/2020 - 19:48:33: [SM] Exception reported: Array index out-of-bounds (index 64, limit 55)
L 12/26/2020 - 19:48:33: [SM] Blaming: weapon_restrict.smx
L 12/26/2020 - 19:48:33: [SM] Call stack trace:
L 12/26/2020 - 19:48:33: [SM]   [1] Line 202, restrictinc/events.sp::CS_OnBuyCommand
L 12/26/2020 - 19:50:47: [SM] Exception reported: Array index out-of-bounds (index 64, limit 55)
L 12/26/2020 - 19:50:47: [SM] Blaming: weapon_restrict.smx
L 12/26/2020 - 19:50:47: [SM] Call stack trace:
L 12/26/2020 - 19:50:47: [SM]   [1] Line 202, restrictinc/events.sp::CS_OnBuyCommand
L 12/26/2020 - 22:51:41: Error log file session closed.
L 12/26/2020 - 22:51:41: SourceMod error session started
L 12/26/2020 - 22:51:41: Info (map "de_overpass") (file "/home/tcagame/jackm1/527/csgo/addons/sourcemod/logs/errors_20201226.log")
L 12/26/2020 - 22:51:41: [SM] Fatal error encountered parsing translation file "advadmin.phrases.txt"
L 12/26/2020 - 22:51:41: [SM] Error (line 0, column 0): Stream failed to open
L 12/27/2020 - 02:47:43: Error log file session closed.
