L 10/19/2020 - 06:43:09: SourceMod error session started
L 10/19/2020 - 06:43:09: Info (map "de_bank") (file "/home/tcagame/jackm1/527/csgo/addons/sourcemod/logs/errors_20201019.log")
L 10/19/2020 - 06:43:09: [SM] Fatal error encountered parsing translation file "advadmin.phrases.txt"
L 10/19/2020 - 06:43:09: [SM] Error (line 0, column 0): Stream failed to open
L 10/19/2020 - 06:43:25: [SM] Exception reported: Language phrase "Player_Connected" not found (arg 3)
L 10/19/2020 - 06:43:25: [SM] Blaming: advadmin.smx
L 10/19/2020 - 06:43:25: [SM] Call stack trace:
L 10/19/2020 - 06:43:25: [SM]   [0] VFormat
L 10/19/2020 - 06:43:25: [SM]   [1] Line 386, /groups/sourcemod/compiler-1.10/include/halflife.inc::PrintToChatAll
L 10/19/2020 - 06:43:25: [SM]   [2] Line 145, /home/groups/sourcemod/upload_tmp/phpRYtiXm.sp::OnClientAuthorized
L 10/19/2020 - 06:45:46: Error log file session closed.
L 10/19/2020 - 06:45:46: SourceMod error session started
L 10/19/2020 - 06:45:46: Info (map "de_inferno") (file "/home/tcagame/jackm1/527/csgo/addons/sourcemod/logs/errors_20201019.log")
L 10/19/2020 - 06:45:46: [SM] Fatal error encountered parsing translation file "advadmin.phrases.txt"
L 10/19/2020 - 06:45:46: [SM] Error (line 0, column 0): Stream failed to open
L 10/19/2020 - 06:48:41: Error log file session closed.
L 10/19/2020 - 06:48:41: SourceMod error session started
L 10/19/2020 - 06:48:41: Info (map "de_bank") (file "/home/tcagame/jackm1/527/csgo/addons/sourcemod/logs/errors_20201019.log")
L 10/19/2020 - 06:48:41: [SM] Fatal error encountered parsing translation file "advadmin.phrases.txt"
L 10/19/2020 - 06:48:41: [SM] Error (line 0, column 0): Stream failed to open
L 10/19/2020 - 06:49:26: [SM] Exception reported: Array index out-of-bounds (index 64, limit 55)
L 10/19/2020 - 06:49:26: [SM] Blaming: weapon_restrict.smx
L 10/19/2020 - 06:49:26: [SM] Call stack trace:
L 10/19/2020 - 06:49:26: [SM]   [1] Line 202, restrictinc/events.sp::CS_OnBuyCommand
L 10/19/2020 - 06:50:45: [SM] Exception reported: Array index out-of-bounds (index 64, limit 55)
L 10/19/2020 - 06:50:45: [SM] Blaming: weapon_restrict.smx
L 10/19/2020 - 06:50:45: [SM] Call stack trace:
L 10/19/2020 - 06:50:45: [SM]   [1] Line 202, restrictinc/events.sp::CS_OnBuyCommand
L 10/19/2020 - 06:50:48: [SM] Exception reported: Array index out-of-bounds (index 64, limit 55)
L 10/19/2020 - 06:50:48: [SM] Blaming: weapon_restrict.smx
L 10/19/2020 - 06:50:48: [SM] Call stack trace:
L 10/19/2020 - 06:50:48: [SM]   [1] Line 202, restrictinc/events.sp::CS_OnBuyCommand
L 10/19/2020 - 06:50:56: [SM] Exception reported: Array index out-of-bounds (index 64, limit 55)
L 10/19/2020 - 06:50:56: [SM] Blaming: weapon_restrict.smx
L 10/19/2020 - 06:50:56: [SM] Call stack trace:
L 10/19/2020 - 06:50:56: [SM]   [1] Line 202, restrictinc/events.sp::CS_OnBuyCommand
L 10/19/2020 - 06:52:10: [SM] Exception reported: Array index out-of-bounds (index 64, limit 55)
L 10/19/2020 - 06:52:10: [SM] Blaming: weapon_restrict.smx
L 10/19/2020 - 06:52:10: [SM] Call stack trace:
L 10/19/2020 - 06:52:10: [SM]   [1] Line 202, restrictinc/events.sp::CS_OnBuyCommand
L 10/19/2020 - 06:55:35: [SM] Exception reported: Array index out-of-bounds (index 64, limit 55)
L 10/19/2020 - 06:55:35: [SM] Blaming: weapon_restrict.smx
L 10/19/2020 - 06:55:35: [SM] Call stack trace:
L 10/19/2020 - 06:55:35: [SM]   [1] Line 202, restrictinc/events.sp::CS_OnBuyCommand
L 10/19/2020 - 07:03:09: [SM] Exception reported: Array index out-of-bounds (index 64, limit 55)
L 10/19/2020 - 07:03:09: [SM] Blaming: weapon_restrict.smx
L 10/19/2020 - 07:03:09: [SM] Call stack trace:
L 10/19/2020 - 07:03:09: [SM]   [1] Line 202, restrictinc/events.sp::CS_OnBuyCommand
L 10/19/2020 - 07:03:12: [SM] Exception reported: Array index out-of-bounds (index 64, limit 55)
L 10/19/2020 - 07:03:12: [SM] Blaming: weapon_restrict.smx
L 10/19/2020 - 07:03:12: [SM] Call stack trace:
L 10/19/2020 - 07:03:12: [SM]   [1] Line 202, restrictinc/events.sp::CS_OnBuyCommand
L 10/19/2020 - 07:12:05: Error log file session closed.
L 10/19/2020 - 07:12:05: SourceMod error session started
L 10/19/2020 - 07:12:05: Info (map "de_inferno") (file "/home/tcagame/jackm1/527/csgo/addons/sourcemod/logs/errors_20201019.log")
L 10/19/2020 - 07:12:05: [SM] Fatal error encountered parsing translation file "advadmin.phrases.txt"
L 10/19/2020 - 07:12:05: [SM] Error (line 0, column 0): Stream failed to open
L 10/19/2020 - 16:24:48: Error log file session closed.
L 10/19/2020 - 16:24:48: SourceMod error session started
L 10/19/2020 - 16:24:48: Info (map "de_inferno") (file "/home/tcagame/jackm1/527/csgo/addons/sourcemod/logs/errors_20201019.log")
L 10/19/2020 - 16:24:48: [SM] Fatal error encountered parsing translation file "advadmin.phrases.txt"
L 10/19/2020 - 16:24:48: [SM] Error (line 0, column 0): Stream failed to open
L 10/19/2020 - 16:25:14: [SM] Exception reported: Array index out-of-bounds (index 64, limit 55)
L 10/19/2020 - 16:25:14: [SM] Blaming: weapon_restrict.smx
L 10/19/2020 - 16:25:14: [SM] Call stack trace:
L 10/19/2020 - 16:25:14: [SM]   [1] Line 202, restrictinc/events.sp::CS_OnBuyCommand
L 10/19/2020 - 16:25:26: [SM] Exception reported: Array index out-of-bounds (index 64, limit 55)
L 10/19/2020 - 16:25:26: [SM] Blaming: weapon_restrict.smx
L 10/19/2020 - 16:25:26: [SM] Call stack trace:
L 10/19/2020 - 16:25:26: [SM]   [1] Line 202, restrictinc/events.sp::CS_OnBuyCommand
L 10/19/2020 - 16:25:33: [SM] Exception reported: Array index out-of-bounds (index 64, limit 55)
L 10/19/2020 - 16:25:33: [SM] Blaming: weapon_restrict.smx
L 10/19/2020 - 16:25:33: [SM] Call stack trace:
L 10/19/2020 - 16:25:33: [SM]   [1] Line 202, restrictinc/events.sp::CS_OnBuyCommand
L 10/19/2020 - 16:25:33: [SM] Exception reported: Array index out-of-bounds (index 64, limit 55)
L 10/19/2020 - 16:25:33: [SM] Blaming: weapon_restrict.smx
L 10/19/2020 - 16:25:33: [SM] Call stack trace:
L 10/19/2020 - 16:25:33: [SM]   [1] Line 202, restrictinc/events.sp::CS_OnBuyCommand
L 10/19/2020 - 16:25:35: [SM] Exception reported: Language phrase "Player_Connected" not found (arg 3)
L 10/19/2020 - 16:25:35: [SM] Blaming: advadmin.smx
L 10/19/2020 - 16:25:35: [SM] Call stack trace:
L 10/19/2020 - 16:25:35: [SM]   [0] VFormat
L 10/19/2020 - 16:25:35: [SM]   [1] Line 386, /groups/sourcemod/compiler-1.10/include/halflife.inc::PrintToChatAll
L 10/19/2020 - 16:25:35: [SM]   [2] Line 145, /home/groups/sourcemod/upload_tmp/phpRYtiXm.sp::OnClientAuthorized
L 10/19/2020 - 16:31:31: [SM] Exception reported: Language phrase "Player_Connected_From" not found (arg 3)
L 10/19/2020 - 16:31:31: [SM] Blaming: advadmin.smx
L 10/19/2020 - 16:31:31: [SM] Call stack trace:
L 10/19/2020 - 16:31:31: [SM]   [0] VFormat
L 10/19/2020 - 16:31:31: [SM]   [1] Line 386, /groups/sourcemod/compiler-1.10/include/halflife.inc::PrintToChatAll
L 10/19/2020 - 16:31:31: [SM]   [2] Line 141, /home/groups/sourcemod/upload_tmp/phpRYtiXm.sp::OnClientAuthorized
L 10/19/2020 - 16:33:31: [SM] Exception reported: Array index out-of-bounds (index 64, limit 55)
L 10/19/2020 - 16:33:31: [SM] Blaming: weapon_restrict.smx
L 10/19/2020 - 16:33:31: [SM] Call stack trace:
L 10/19/2020 - 16:33:31: [SM]   [1] Line 202, restrictinc/events.sp::CS_OnBuyCommand
L 10/19/2020 - 16:33:31: [SM] Exception reported: Array index out-of-bounds (index 64, limit 55)
L 10/19/2020 - 16:33:31: [SM] Blaming: weapon_restrict.smx
L 10/19/2020 - 16:33:31: [SM] Call stack trace:
L 10/19/2020 - 16:33:31: [SM]   [1] Line 202, restrictinc/events.sp::CS_OnBuyCommand
L 10/19/2020 - 16:33:33: [SM] Exception reported: Array index out-of-bounds (index 64, limit 55)
L 10/19/2020 - 16:33:33: [SM] Blaming: weapon_restrict.smx
L 10/19/2020 - 16:33:33: [SM] Call stack trace:
L 10/19/2020 - 16:33:33: [SM]   [1] Line 202, restrictinc/events.sp::CS_OnBuyCommand
L 10/19/2020 - 16:33:33: [SM] Exception reported: Array index out-of-bounds (index 64, limit 55)
L 10/19/2020 - 16:33:33: [SM] Blaming: weapon_restrict.smx
L 10/19/2020 - 16:33:33: [SM] Call stack trace:
L 10/19/2020 - 16:33:33: [SM]   [1] Line 202, restrictinc/events.sp::CS_OnBuyCommand
L 10/19/2020 - 16:35:22: [SM] Exception reported: Array index out-of-bounds (index 64, limit 55)
L 10/19/2020 - 16:35:22: [SM] Blaming: weapon_restrict.smx
L 10/19/2020 - 16:35:22: [SM] Call stack trace:
L 10/19/2020 - 16:35:22: [SM]   [1] Line 202, restrictinc/events.sp::CS_OnBuyCommand
L 10/19/2020 - 16:37:11: [SM] Exception reported: Array index out-of-bounds (index 64, limit 55)
L 10/19/2020 - 16:37:11: [SM] Blaming: weapon_restrict.smx
L 10/19/2020 - 16:37:11: [SM] Call stack trace:
L 10/19/2020 - 16:37:11: [SM]   [1] Line 202, restrictinc/events.sp::CS_OnBuyCommand
L 10/19/2020 - 16:39:00: [SM] Exception reported: Array index out-of-bounds (index 64, limit 55)
L 10/19/2020 - 16:39:00: [SM] Blaming: weapon_restrict.smx
L 10/19/2020 - 16:39:00: [SM] Call stack trace:
L 10/19/2020 - 16:39:00: [SM]   [1] Line 202, restrictinc/events.sp::CS_OnBuyCommand
L 10/19/2020 - 16:39:16: [SM] Exception reported: Language phrase "Player_Connected_From" not found (arg 3)
L 10/19/2020 - 16:39:16: [SM] Blaming: advadmin.smx
L 10/19/2020 - 16:39:16: [SM] Call stack trace:
L 10/19/2020 - 16:39:16: [SM]   [0] VFormat
L 10/19/2020 - 16:39:16: [SM]   [1] Line 386, /groups/sourcemod/compiler-1.10/include/halflife.inc::PrintToChatAll
L 10/19/2020 - 16:39:16: [SM]   [2] Line 141, /home/groups/sourcemod/upload_tmp/phpRYtiXm.sp::OnClientAuthorized
L 10/19/2020 - 16:39:16: [SM] Exception reported: Language phrase "Player_Connected_From" not found (arg 3)
L 10/19/2020 - 16:39:16: [SM] Blaming: advadmin.smx
L 10/19/2020 - 16:39:16: [SM] Call stack trace:
L 10/19/2020 - 16:39:16: [SM]   [0] VFormat
L 10/19/2020 - 16:39:16: [SM]   [1] Line 386, /groups/sourcemod/compiler-1.10/include/halflife.inc::PrintToChatAll
L 10/19/2020 - 16:39:16: [SM]   [2] Line 141, /home/groups/sourcemod/upload_tmp/phpRYtiXm.sp::OnClientAuthorized
L 10/19/2020 - 16:40:49: [SM] Exception reported: Array index out-of-bounds (index 64, limit 55)
L 10/19/2020 - 16:40:49: [SM] Blaming: weapon_restrict.smx
L 10/19/2020 - 16:40:49: [SM] Call stack trace:
L 10/19/2020 - 16:40:49: [SM]   [1] Line 202, restrictinc/events.sp::CS_OnBuyCommand
L 10/19/2020 - 16:40:49: [SM] Exception reported: Array index out-of-bounds (index 64, limit 55)
L 10/19/2020 - 16:40:49: [SM] Blaming: weapon_restrict.smx
L 10/19/2020 - 16:40:49: [SM] Call stack trace:
L 10/19/2020 - 16:40:49: [SM]   [1] Line 202, restrictinc/events.sp::CS_OnBuyCommand
L 10/19/2020 - 16:42:38: [SM] Exception reported: Array index out-of-bounds (index 64, limit 55)
L 10/19/2020 - 16:42:38: [SM] Blaming: weapon_restrict.smx
L 10/19/2020 - 16:42:38: [SM] Call stack trace:
L 10/19/2020 - 16:42:38: [SM]   [1] Line 202, restrictinc/events.sp::CS_OnBuyCommand
L 10/19/2020 - 16:42:38: [SM] Exception reported: Array index out-of-bounds (index 64, limit 55)
L 10/19/2020 - 16:42:38: [SM] Blaming: weapon_restrict.smx
L 10/19/2020 - 16:42:38: [SM] Call stack trace:
L 10/19/2020 - 16:42:38: [SM]   [1] Line 202, restrictinc/events.sp::CS_OnBuyCommand
L 10/19/2020 - 16:44:27: [SM] Exception reported: Array index out-of-bounds (index 64, limit 55)
L 10/19/2020 - 16:44:27: [SM] Blaming: weapon_restrict.smx
L 10/19/2020 - 16:44:27: [SM] Call stack trace:
L 10/19/2020 - 16:44:27: [SM]   [1] Line 202, restrictinc/events.sp::CS_OnBuyCommand
L 10/19/2020 - 16:48:23: [SM] Exception reported: Language phrase "Player_Connected_From" not found (arg 3)
L 10/19/2020 - 16:48:23: [SM] Blaming: advadmin.smx
L 10/19/2020 - 16:48:23: [SM] Call stack trace:
L 10/19/2020 - 16:48:23: [SM]   [0] VFormat
L 10/19/2020 - 16:48:23: [SM]   [1] Line 386, /groups/sourcemod/compiler-1.10/include/halflife.inc::PrintToChatAll
L 10/19/2020 - 16:48:23: [SM]   [2] Line 141, /home/groups/sourcemod/upload_tmp/phpRYtiXm.sp::OnClientAuthorized
L 10/19/2020 - 16:50:37: [SM] Exception reported: Language phrase "Player_Connected_From" not found (arg 3)
L 10/19/2020 - 16:50:37: [SM] Blaming: advadmin.smx
L 10/19/2020 - 16:50:37: [SM] Call stack trace:
L 10/19/2020 - 16:50:37: [SM]   [0] VFormat
L 10/19/2020 - 16:50:37: [SM]   [1] Line 386, /groups/sourcemod/compiler-1.10/include/halflife.inc::PrintToChatAll
L 10/19/2020 - 16:50:37: [SM]   [2] Line 141, /home/groups/sourcemod/upload_tmp/phpRYtiXm.sp::OnClientAuthorized
L 10/19/2020 - 16:51:42: [SM] Exception reported: Language phrase "Player_Connected_From" not found (arg 3)
L 10/19/2020 - 16:51:42: [SM] Blaming: advadmin.smx
L 10/19/2020 - 16:51:42: [SM] Call stack trace:
L 10/19/2020 - 16:51:42: [SM]   [0] VFormat
L 10/19/2020 - 16:51:42: [SM]   [1] Line 386, /groups/sourcemod/compiler-1.10/include/halflife.inc::PrintToChatAll
L 10/19/2020 - 16:51:42: [SM]   [2] Line 141, /home/groups/sourcemod/upload_tmp/phpRYtiXm.sp::OnClientAuthorized
L 10/19/2020 - 16:52:58: [SM] Exception reported: Array index out-of-bounds (index 64, limit 55)
L 10/19/2020 - 16:52:58: [SM] Blaming: weapon_restrict.smx
L 10/19/2020 - 16:52:58: [SM] Call stack trace:
L 10/19/2020 - 16:52:58: [SM]   [1] Line 202, restrictinc/events.sp::CS_OnBuyCommand
L 10/19/2020 - 16:54:47: [SM] Exception reported: Array index out-of-bounds (index 64, limit 55)
L 10/19/2020 - 16:54:47: [SM] Blaming: weapon_restrict.smx
L 10/19/2020 - 16:54:47: [SM] Call stack trace:
L 10/19/2020 - 16:54:47: [SM]   [1] Line 202, restrictinc/events.sp::CS_OnBuyCommand
L 10/19/2020 - 16:55:16: [SM] Exception reported: Array index out-of-bounds (index 64, limit 55)
L 10/19/2020 - 16:55:16: [SM] Blaming: weapon_restrict.smx
L 10/19/2020 - 16:55:16: [SM] Call stack trace:
L 10/19/2020 - 16:55:16: [SM]   [1] Line 202, restrictinc/events.sp::CS_OnBuyCommand
L 10/19/2020 - 16:56:28: [SM] Exception reported: Array index out-of-bounds (index 64, limit 55)
L 10/19/2020 - 16:56:28: [SM] Blaming: weapon_restrict.smx
L 10/19/2020 - 16:56:28: [SM] Call stack trace:
L 10/19/2020 - 16:56:28: [SM]   [1] Line 202, restrictinc/events.sp::CS_OnBuyCommand
L 10/19/2020 - 16:56:36: [SM] Exception reported: Array index out-of-bounds (index 64, limit 55)
L 10/19/2020 - 16:56:36: [SM] Blaming: weapon_restrict.smx
L 10/19/2020 - 16:56:36: [SM] Call stack trace:
L 10/19/2020 - 16:56:36: [SM]   [1] Line 202, restrictinc/events.sp::CS_OnBuyCommand
L 10/20/2020 - 10:32:51: Error log file session closed.
