L 08/03/2020 - 05:00:15: SourceMod error session started
L 08/03/2020 - 05:00:15: Info (map "de_overpass") (file "/home/tcagame/jackm1/488/csgo/addons/sourcemod/logs/errors_20200803.log")
L 08/03/2020 - 05:00:15: [SM] Fatal error encountered parsing translation file "advadmin.phrases.txt"
L 08/03/2020 - 05:00:15: [SM] Error (line 0, column 0): Stream failed to open
L 08/03/2020 - 13:29:26: Error log file session closed.
L 08/03/2020 - 13:29:26: SourceMod error session started
L 08/03/2020 - 13:29:26: Info (map "de_overpass") (file "/home/tcagame/jackm1/488/csgo/addons/sourcemod/logs/errors_20200803.log")
L 08/03/2020 - 13:29:26: [SM] Fatal error encountered parsing translation file "advadmin.phrases.txt"
L 08/03/2020 - 13:29:26: [SM] Error (line 0, column 0): Stream failed to open
L 08/03/2020 - 13:29:59: [SM] Exception reported: Language phrase "Player_Connected_From" not found (arg 3)
L 08/03/2020 - 13:29:59: [SM] Blaming: advadmin.smx
L 08/03/2020 - 13:29:59: [SM] Call stack trace:
L 08/03/2020 - 13:29:59: [SM]   [0] VFormat
L 08/03/2020 - 13:29:59: [SM]   [1] Line 386, /groups/sourcemod/compiler-1.10/include/halflife.inc::PrintToChatAll
L 08/03/2020 - 13:29:59: [SM]   [2] Line 141, /home/groups/sourcemod/upload_tmp/phpRYtiXm.sp::OnClientAuthorized
L 08/03/2020 - 13:30:27: [SM] Exception reported: Array index out-of-bounds (index 64, limit 55)
L 08/03/2020 - 13:30:27: [SM] Blaming: weapon_restrict.smx
L 08/03/2020 - 13:30:27: [SM] Call stack trace:
L 08/03/2020 - 13:30:27: [SM]   [1] Line 202, restrictinc/events.sp::CS_OnBuyCommand
L 08/03/2020 - 13:30:59: [SM] Exception reported: Array index out-of-bounds (index 64, limit 55)
L 08/03/2020 - 13:30:59: [SM] Blaming: weapon_restrict.smx
L 08/03/2020 - 13:30:59: [SM] Call stack trace:
L 08/03/2020 - 13:30:59: [SM]   [1] Line 202, restrictinc/events.sp::CS_OnBuyCommand
L 08/03/2020 - 13:31:32: [SM] Exception reported: Array index out-of-bounds (index 64, limit 55)
L 08/03/2020 - 13:31:32: [SM] Blaming: weapon_restrict.smx
L 08/03/2020 - 13:31:32: [SM] Call stack trace:
L 08/03/2020 - 13:31:32: [SM]   [1] Line 202, restrictinc/events.sp::CS_OnBuyCommand
L 08/03/2020 - 13:32:44: [SM] Exception reported: Array index out-of-bounds (index 64, limit 55)
L 08/03/2020 - 13:32:44: [SM] Blaming: weapon_restrict.smx
L 08/03/2020 - 13:32:44: [SM] Call stack trace:
L 08/03/2020 - 13:32:44: [SM]   [1] Line 202, restrictinc/events.sp::CS_OnBuyCommand
L 08/03/2020 - 13:33:28: [SM] Exception reported: Array index out-of-bounds (index 64, limit 55)
L 08/03/2020 - 13:33:28: [SM] Blaming: weapon_restrict.smx
L 08/03/2020 - 13:33:28: [SM] Call stack trace:
L 08/03/2020 - 13:33:28: [SM]   [1] Line 202, restrictinc/events.sp::CS_OnBuyCommand
L 08/03/2020 - 13:33:32: [SM] Exception reported: Array index out-of-bounds (index 64, limit 55)
L 08/03/2020 - 13:33:32: [SM] Blaming: weapon_restrict.smx
L 08/03/2020 - 13:33:32: [SM] Call stack trace:
L 08/03/2020 - 13:33:32: [SM]   [1] Line 202, restrictinc/events.sp::CS_OnBuyCommand
L 08/03/2020 - 13:33:33: [SM] Exception reported: Language phrase "Player_Connected_From" not found (arg 3)
L 08/03/2020 - 13:33:33: [SM] Blaming: advadmin.smx
L 08/03/2020 - 13:33:33: [SM] Call stack trace:
L 08/03/2020 - 13:33:33: [SM]   [0] VFormat
L 08/03/2020 - 13:33:33: [SM]   [1] Line 386, /groups/sourcemod/compiler-1.10/include/halflife.inc::PrintToChatAll
L 08/03/2020 - 13:33:33: [SM]   [2] Line 141, /home/groups/sourcemod/upload_tmp/phpRYtiXm.sp::OnClientAuthorized
L 08/03/2020 - 13:33:58: [SM] Exception reported: Array index out-of-bounds (index 64, limit 55)
L 08/03/2020 - 13:33:58: [SM] Blaming: weapon_restrict.smx
L 08/03/2020 - 13:33:58: [SM] Call stack trace:
L 08/03/2020 - 13:33:58: [SM]   [1] Line 202, restrictinc/events.sp::CS_OnBuyCommand
L 08/03/2020 - 13:38:12: [SM] Exception reported: Array index out-of-bounds (index 64, limit 55)
L 08/03/2020 - 13:38:12: [SM] Blaming: weapon_restrict.smx
L 08/03/2020 - 13:38:12: [SM] Call stack trace:
L 08/03/2020 - 13:38:12: [SM]   [1] Line 202, restrictinc/events.sp::CS_OnBuyCommand
L 08/03/2020 - 13:40:35: [SM] Exception reported: Array index out-of-bounds (index 64, limit 55)
L 08/03/2020 - 13:40:35: [SM] Blaming: weapon_restrict.smx
L 08/03/2020 - 13:40:35: [SM] Call stack trace:
L 08/03/2020 - 13:40:35: [SM]   [1] Line 202, restrictinc/events.sp::CS_OnBuyCommand
L 08/03/2020 - 13:44:12: [SM] Exception reported: Array index out-of-bounds (index 64, limit 55)
L 08/03/2020 - 13:44:12: [SM] Blaming: weapon_restrict.smx
L 08/03/2020 - 13:44:12: [SM] Call stack trace:
L 08/03/2020 - 13:44:12: [SM]   [1] Line 202, restrictinc/events.sp::CS_OnBuyCommand
L 08/03/2020 - 13:45:35: [SM] Exception reported: Array index out-of-bounds (index 64, limit 55)
L 08/03/2020 - 13:45:35: [SM] Blaming: weapon_restrict.smx
L 08/03/2020 - 13:45:35: [SM] Call stack trace:
L 08/03/2020 - 13:45:35: [SM]   [1] Line 202, restrictinc/events.sp::CS_OnBuyCommand
L 08/03/2020 - 16:05:42: Error log file session closed.
L 08/03/2020 - 16:05:42: SourceMod error session started
L 08/03/2020 - 16:05:42: Info (map "de_overpass") (file "/home/tcagame/jackm1/488/csgo/addons/sourcemod/logs/errors_20200803.log")
L 08/03/2020 - 16:05:42: [SM] Fatal error encountered parsing translation file "advadmin.phrases.txt"
L 08/03/2020 - 16:05:42: [SM] Error (line 0, column 0): Stream failed to open
L 08/03/2020 - 16:19:13: Error log file session closed.
L 08/03/2020 - 16:19:13: SourceMod error session started
L 08/03/2020 - 16:19:13: Info (map "de_overpass") (file "/home/tcagame/jackm1/488/csgo/addons/sourcemod/logs/errors_20200803.log")
L 08/03/2020 - 16:19:13: [SM] Fatal error encountered parsing translation file "advadmin.phrases.txt"
L 08/03/2020 - 16:19:13: [SM] Error (line 0, column 0): Stream failed to open
L 08/03/2020 - 16:22:43: Error log file session closed.
L 08/03/2020 - 16:22:43: SourceMod error session started
L 08/03/2020 - 16:22:43: Info (map "de_overpass") (file "/home/tcagame/jackm1/488/csgo/addons/sourcemod/logs/errors_20200803.log")
L 08/03/2020 - 16:22:43: [SM] Fatal error encountered parsing translation file "advadmin.phrases.txt"
L 08/03/2020 - 16:22:43: [SM] Error (line 0, column 0): Stream failed to open
L 08/03/2020 - 16:23:21: [SM] Exception reported: Array index out-of-bounds (index 64, limit 55)
L 08/03/2020 - 16:23:21: [SM] Blaming: weapon_restrict.smx
L 08/03/2020 - 16:23:21: [SM] Call stack trace:
L 08/03/2020 - 16:23:21: [SM]   [1] Line 202, restrictinc/events.sp::CS_OnBuyCommand
L 08/03/2020 - 16:24:01: [SM] Exception reported: Language phrase "Player_Connected_From" not found (arg 3)
L 08/03/2020 - 16:24:01: [SM] Blaming: advadmin.smx
L 08/03/2020 - 16:24:01: [SM] Call stack trace:
L 08/03/2020 - 16:24:01: [SM]   [0] VFormat
L 08/03/2020 - 16:24:01: [SM]   [1] Line 386, /groups/sourcemod/compiler-1.10/include/halflife.inc::PrintToChatAll
L 08/03/2020 - 16:24:01: [SM]   [2] Line 141, /home/groups/sourcemod/upload_tmp/phpRYtiXm.sp::OnClientAuthorized
L 08/03/2020 - 16:27:41: [SM] Exception reported: Array index out-of-bounds (index 64, limit 55)
L 08/03/2020 - 16:27:41: [SM] Blaming: weapon_restrict.smx
L 08/03/2020 - 16:27:41: [SM] Call stack trace:
L 08/03/2020 - 16:27:41: [SM]   [1] Line 202, restrictinc/events.sp::CS_OnBuyCommand
L 08/03/2020 - 16:27:42: [SM] Exception reported: Array index out-of-bounds (index 64, limit 55)
L 08/03/2020 - 16:27:42: [SM] Blaming: weapon_restrict.smx
L 08/03/2020 - 16:27:42: [SM] Call stack trace:
L 08/03/2020 - 16:27:42: [SM]   [1] Line 202, restrictinc/events.sp::CS_OnBuyCommand
L 08/03/2020 - 16:28:59: Error log file session closed.
L 08/03/2020 - 16:28:59: SourceMod error session started
L 08/03/2020 - 16:28:59: Info (map "cs_office") (file "/home/tcagame/jackm1/488/csgo/addons/sourcemod/logs/errors_20200803.log")
L 08/03/2020 - 16:28:59: [SM] Fatal error encountered parsing translation file "advadmin.phrases.txt"
L 08/03/2020 - 16:28:59: [SM] Error (line 0, column 0): Stream failed to open
L 08/03/2020 - 16:32:41: [SM] Exception reported: Array index out-of-bounds (index 64, limit 55)
L 08/03/2020 - 16:32:41: [SM] Blaming: weapon_restrict.smx
L 08/03/2020 - 16:32:41: [SM] Call stack trace:
L 08/03/2020 - 16:32:41: [SM]   [1] Line 202, restrictinc/events.sp::CS_OnBuyCommand
L 08/03/2020 - 16:33:20: [SM] Exception reported: Language phrase "CMD_Swap_Usage" not found (arg 4)
L 08/03/2020 - 16:33:20: [SM] Blaming: advadmin.smx
L 08/03/2020 - 16:33:20: [SM] Call stack trace:
L 08/03/2020 - 16:33:20: [SM]   [0] ReplyToCommand
L 08/03/2020 - 16:33:20: [SM]   [1] Line 659, /home/groups/sourcemod/upload_tmp/phpRYtiXm.sp::CMD_Swap
L 08/03/2020 - 16:33:20: [SM]   [3] FakeClientCommand
L 08/03/2020 - 16:33:20: [SM]   [4] Line 1054, ./scripting/pugsetup.sp::CheckChatAlias
L 08/03/2020 - 16:33:20: [SM]   [5] Line 1082, ./scripting/pugsetup.sp::OnClientSayCommand_Post
L 08/03/2020 - 16:33:26: [SM] Exception reported: Array index out-of-bounds (index 64, limit 55)
L 08/03/2020 - 16:33:26: [SM] Blaming: weapon_restrict.smx
L 08/03/2020 - 16:33:26: [SM] Call stack trace:
L 08/03/2020 - 16:33:26: [SM]   [1] Line 202, restrictinc/events.sp::CS_OnBuyCommand
L 08/03/2020 - 16:33:40: [SM] Exception reported: Array index out-of-bounds (index 64, limit 55)
L 08/03/2020 - 16:33:40: [SM] Blaming: weapon_restrict.smx
L 08/03/2020 - 16:33:40: [SM] Call stack trace:
L 08/03/2020 - 16:33:40: [SM]   [1] Line 202, restrictinc/events.sp::CS_OnBuyCommand
L 08/03/2020 - 16:34:11: [SM] Exception reported: Array index out-of-bounds (index 64, limit 55)
L 08/03/2020 - 16:34:11: [SM] Blaming: weapon_restrict.smx
L 08/03/2020 - 16:34:11: [SM] Call stack trace:
L 08/03/2020 - 16:34:11: [SM]   [1] Line 202, restrictinc/events.sp::CS_OnBuyCommand
L 08/03/2020 - 16:36:38: [SM] Exception reported: Array index out-of-bounds (index 64, limit 55)
L 08/03/2020 - 16:36:38: [SM] Blaming: weapon_restrict.smx
L 08/03/2020 - 16:36:38: [SM] Call stack trace:
L 08/03/2020 - 16:36:38: [SM]   [1] Line 202, restrictinc/events.sp::CS_OnBuyCommand
L 08/03/2020 - 16:37:07: [SM] Exception reported: Array index out-of-bounds (index 64, limit 55)
L 08/03/2020 - 16:37:07: [SM] Blaming: weapon_restrict.smx
L 08/03/2020 - 16:37:07: [SM] Call stack trace:
L 08/03/2020 - 16:37:07: [SM]   [1] Line 202, restrictinc/events.sp::CS_OnBuyCommand
L 08/03/2020 - 16:37:39: [SM] Exception reported: Array index out-of-bounds (index 64, limit 55)
L 08/03/2020 - 16:37:39: [SM] Blaming: weapon_restrict.smx
L 08/03/2020 - 16:37:39: [SM] Call stack trace:
L 08/03/2020 - 16:37:39: [SM]   [1] Line 202, restrictinc/events.sp::CS_OnBuyCommand
L 08/03/2020 - 16:40:46: [SM] Exception reported: Array index out-of-bounds (index 64, limit 55)
L 08/03/2020 - 16:40:46: [SM] Blaming: weapon_restrict.smx
L 08/03/2020 - 16:40:46: [SM] Call stack trace:
L 08/03/2020 - 16:40:46: [SM]   [1] Line 202, restrictinc/events.sp::CS_OnBuyCommand
L 08/03/2020 - 16:43:30: [SM] Exception reported: Array index out-of-bounds (index 64, limit 55)
L 08/03/2020 - 16:43:30: [SM] Blaming: weapon_restrict.smx
L 08/03/2020 - 16:43:30: [SM] Call stack trace:
L 08/03/2020 - 16:43:30: [SM]   [1] Line 202, restrictinc/events.sp::CS_OnBuyCommand
L 08/03/2020 - 16:45:22: [SM] Exception reported: Array index out-of-bounds (index 64, limit 55)
L 08/03/2020 - 16:45:22: [SM] Blaming: weapon_restrict.smx
L 08/03/2020 - 16:45:22: [SM] Call stack trace:
L 08/03/2020 - 16:45:22: [SM]   [1] Line 202, restrictinc/events.sp::CS_OnBuyCommand
L 08/03/2020 - 16:46:00: [SM] Exception reported: Array index out-of-bounds (index 64, limit 55)
L 08/03/2020 - 16:46:00: [SM] Blaming: weapon_restrict.smx
L 08/03/2020 - 16:46:00: [SM] Call stack trace:
L 08/03/2020 - 16:46:00: [SM]   [1] Line 202, restrictinc/events.sp::CS_OnBuyCommand
L 08/03/2020 - 16:46:36: [SM] Exception reported: Array index out-of-bounds (index 64, limit 55)
L 08/03/2020 - 16:46:36: [SM] Blaming: weapon_restrict.smx
L 08/03/2020 - 16:46:36: [SM] Call stack trace:
L 08/03/2020 - 16:46:36: [SM]   [1] Line 202, restrictinc/events.sp::CS_OnBuyCommand
L 08/03/2020 - 19:09:33: Error log file session closed.
L 08/03/2020 - 19:09:33: SourceMod error session started
L 08/03/2020 - 19:09:33: Info (map "cs_office") (file "/home/tcagame/jackm1/488/csgo/addons/sourcemod/logs/errors_20200803.log")
L 08/03/2020 - 19:09:33: [SM] Fatal error encountered parsing translation file "advadmin.phrases.txt"
L 08/03/2020 - 19:09:33: [SM] Error (line 0, column 0): Stream failed to open
L 08/03/2020 - 19:10:01: [SM] Exception reported: Language phrase "Player_Connected_From" not found (arg 3)
L 08/03/2020 - 19:10:01: [SM] Blaming: advadmin.smx
L 08/03/2020 - 19:10:01: [SM] Call stack trace:
L 08/03/2020 - 19:10:01: [SM]   [0] VFormat
L 08/03/2020 - 19:10:01: [SM]   [1] Line 386, /groups/sourcemod/compiler-1.10/include/halflife.inc::PrintToChatAll
L 08/03/2020 - 19:10:01: [SM]   [2] Line 141, /home/groups/sourcemod/upload_tmp/phpRYtiXm.sp::OnClientAuthorized
L 08/03/2020 - 19:12:21: Error log file session closed.
L 08/03/2020 - 19:12:21: SourceMod error session started
L 08/03/2020 - 19:12:21: Info (map "de_mirage") (file "/home/tcagame/jackm1/488/csgo/addons/sourcemod/logs/errors_20200803.log")
L 08/03/2020 - 19:12:21: [SM] Fatal error encountered parsing translation file "advadmin.phrases.txt"
L 08/03/2020 - 19:12:21: [SM] Error (line 0, column 0): Stream failed to open
L 08/03/2020 - 19:13:16: [SM] Exception reported: Array index out-of-bounds (index 64, limit 55)
L 08/03/2020 - 19:13:16: [SM] Blaming: weapon_restrict.smx
L 08/03/2020 - 19:13:16: [SM] Call stack trace:
L 08/03/2020 - 19:13:16: [SM]   [1] Line 202, restrictinc/events.sp::CS_OnBuyCommand
L 08/03/2020 - 19:14:24: [SM] Exception reported: Array index out-of-bounds (index 64, limit 55)
L 08/03/2020 - 19:14:24: [SM] Blaming: weapon_restrict.smx
L 08/03/2020 - 19:14:24: [SM] Call stack trace:
L 08/03/2020 - 19:14:24: [SM]   [1] Line 202, restrictinc/events.sp::CS_OnBuyCommand
L 08/03/2020 - 19:14:34: [SM] Exception reported: Array index out-of-bounds (index 64, limit 55)
L 08/03/2020 - 19:14:34: [SM] Blaming: weapon_restrict.smx
L 08/03/2020 - 19:14:34: [SM] Call stack trace:
L 08/03/2020 - 19:14:34: [SM]   [1] Line 202, restrictinc/events.sp::CS_OnBuyCommand
L 08/03/2020 - 19:29:46: [SM] Exception reported: Array index out-of-bounds (index 64, limit 55)
L 08/03/2020 - 19:29:46: [SM] Blaming: weapon_restrict.smx
L 08/03/2020 - 19:29:46: [SM] Call stack trace:
L 08/03/2020 - 19:29:46: [SM]   [1] Line 202, restrictinc/events.sp::CS_OnBuyCommand
L 08/03/2020 - 19:30:44: [SM] Exception reported: Array index out-of-bounds (index 64, limit 55)
L 08/03/2020 - 19:30:44: [SM] Blaming: weapon_restrict.smx
L 08/03/2020 - 19:30:44: [SM] Call stack trace:
L 08/03/2020 - 19:30:44: [SM]   [1] Line 202, restrictinc/events.sp::CS_OnBuyCommand
L 08/03/2020 - 19:31:38: [SM] Exception reported: Array index out-of-bounds (index 64, limit 55)
L 08/03/2020 - 19:31:38: [SM] Blaming: weapon_restrict.smx
L 08/03/2020 - 19:31:38: [SM] Call stack trace:
L 08/03/2020 - 19:31:38: [SM]   [1] Line 202, restrictinc/events.sp::CS_OnBuyCommand
L 08/03/2020 - 19:50:39: Error log file session closed.
L 08/03/2020 - 19:50:39: SourceMod error session started
L 08/03/2020 - 19:50:39: Info (map "de_mirage") (file "/home/tcagame/jackm1/488/csgo/addons/sourcemod/logs/errors_20200803.log")
L 08/03/2020 - 19:50:39: [SM] Fatal error encountered parsing translation file "advadmin.phrases.txt"
L 08/03/2020 - 19:50:39: [SM] Error (line 0, column 0): Stream failed to open
L 08/03/2020 - 19:51:02: [SM] Exception reported: Array index out-of-bounds (index 64, limit 55)
L 08/03/2020 - 19:51:02: [SM] Blaming: weapon_restrict.smx
L 08/03/2020 - 19:51:02: [SM] Call stack trace:
L 08/03/2020 - 19:51:02: [SM]   [1] Line 202, restrictinc/events.sp::CS_OnBuyCommand
L 08/03/2020 - 19:51:56: [SM] Exception reported: Language phrase "Player_Connected_From" not found (arg 3)
L 08/03/2020 - 19:51:56: [SM] Blaming: advadmin.smx
L 08/03/2020 - 19:51:56: [SM] Call stack trace:
L 08/03/2020 - 19:51:56: [SM]   [0] VFormat
L 08/03/2020 - 19:51:56: [SM]   [1] Line 386, /groups/sourcemod/compiler-1.10/include/halflife.inc::PrintToChatAll
L 08/03/2020 - 19:51:56: [SM]   [2] Line 141, /home/groups/sourcemod/upload_tmp/phpRYtiXm.sp::OnClientAuthorized
L 08/03/2020 - 19:52:12: [SM] Exception reported: Language phrase "Player_Connected_From" not found (arg 3)
L 08/03/2020 - 19:52:12: [SM] Blaming: advadmin.smx
L 08/03/2020 - 19:52:12: [SM] Call stack trace:
L 08/03/2020 - 19:52:12: [SM]   [0] VFormat
L 08/03/2020 - 19:52:12: [SM]   [1] Line 386, /groups/sourcemod/compiler-1.10/include/halflife.inc::PrintToChatAll
L 08/03/2020 - 19:52:12: [SM]   [2] Line 141, /home/groups/sourcemod/upload_tmp/phpRYtiXm.sp::OnClientAuthorized
L 08/03/2020 - 19:52:34: [SM] Exception reported: Language phrase "Player_Connected_From" not found (arg 3)
L 08/03/2020 - 19:52:34: [SM] Blaming: advadmin.smx
L 08/03/2020 - 19:52:34: [SM] Call stack trace:
L 08/03/2020 - 19:52:34: [SM]   [0] VFormat
L 08/03/2020 - 19:52:34: [SM]   [1] Line 386, /groups/sourcemod/compiler-1.10/include/halflife.inc::PrintToChatAll
L 08/03/2020 - 19:52:34: [SM]   [2] Line 141, /home/groups/sourcemod/upload_tmp/phpRYtiXm.sp::OnClientAuthorized
L 08/03/2020 - 19:52:45: [SM] Exception reported: Array index out-of-bounds (index 64, limit 55)
L 08/03/2020 - 19:52:45: [SM] Blaming: weapon_restrict.smx
L 08/03/2020 - 19:52:45: [SM] Call stack trace:
L 08/03/2020 - 19:52:45: [SM]   [1] Line 202, restrictinc/events.sp::CS_OnBuyCommand
L 08/03/2020 - 19:53:18: [SM] Exception reported: Language phrase "Player_Connected_From" not found (arg 3)
L 08/03/2020 - 19:53:18: [SM] Blaming: advadmin.smx
L 08/03/2020 - 19:53:18: [SM] Call stack trace:
L 08/03/2020 - 19:53:18: [SM]   [0] VFormat
L 08/03/2020 - 19:53:18: [SM]   [1] Line 386, /groups/sourcemod/compiler-1.10/include/halflife.inc::PrintToChatAll
L 08/03/2020 - 19:53:18: [SM]   [2] Line 141, /home/groups/sourcemod/upload_tmp/phpRYtiXm.sp::OnClientAuthorized
L 08/03/2020 - 19:53:21: [SM] Exception reported: Language phrase "Player_Connected_From" not found (arg 3)
L 08/03/2020 - 19:53:21: [SM] Blaming: advadmin.smx
L 08/03/2020 - 19:53:21: [SM] Call stack trace:
L 08/03/2020 - 19:53:21: [SM]   [0] VFormat
L 08/03/2020 - 19:53:21: [SM]   [1] Line 386, /groups/sourcemod/compiler-1.10/include/halflife.inc::PrintToChatAll
L 08/03/2020 - 19:53:21: [SM]   [2] Line 141, /home/groups/sourcemod/upload_tmp/phpRYtiXm.sp::OnClientAuthorized
L 08/03/2020 - 19:53:23: [SM] Exception reported: Language phrase "Player_Connected" not found (arg 3)
L 08/03/2020 - 19:53:23: [SM] Blaming: advadmin.smx
L 08/03/2020 - 19:53:23: [SM] Call stack trace:
L 08/03/2020 - 19:53:23: [SM]   [0] VFormat
L 08/03/2020 - 19:53:23: [SM]   [1] Line 386, /groups/sourcemod/compiler-1.10/include/halflife.inc::PrintToChatAll
L 08/03/2020 - 19:53:23: [SM]   [2] Line 145, /home/groups/sourcemod/upload_tmp/phpRYtiXm.sp::OnClientAuthorized
L 08/03/2020 - 19:53:30: [SM] Exception reported: Language phrase "Player_Connected_From" not found (arg 3)
L 08/03/2020 - 19:53:30: [SM] Blaming: advadmin.smx
L 08/03/2020 - 19:53:30: [SM] Call stack trace:
L 08/03/2020 - 19:53:30: [SM]   [0] VFormat
L 08/03/2020 - 19:53:30: [SM]   [1] Line 386, /groups/sourcemod/compiler-1.10/include/halflife.inc::PrintToChatAll
L 08/03/2020 - 19:53:30: [SM]   [2] Line 141, /home/groups/sourcemod/upload_tmp/phpRYtiXm.sp::OnClientAuthorized
L 08/03/2020 - 19:53:39: [SM] Exception reported: Array index out-of-bounds (index 64, limit 55)
L 08/03/2020 - 19:53:39: [SM] Blaming: weapon_restrict.smx
L 08/03/2020 - 19:53:39: [SM] Call stack trace:
L 08/03/2020 - 19:53:39: [SM]   [1] Line 202, restrictinc/events.sp::CS_OnBuyCommand
L 08/03/2020 - 19:53:39: [SM] Exception reported: Language phrase "Player_Connected" not found (arg 3)
L 08/03/2020 - 19:53:39: [SM] Blaming: advadmin.smx
L 08/03/2020 - 19:53:39: [SM] Call stack trace:
L 08/03/2020 - 19:53:39: [SM]   [0] VFormat
L 08/03/2020 - 19:53:39: [SM]   [1] Line 386, /groups/sourcemod/compiler-1.10/include/halflife.inc::PrintToChatAll
L 08/03/2020 - 19:53:39: [SM]   [2] Line 145, /home/groups/sourcemod/upload_tmp/phpRYtiXm.sp::OnClientAuthorized
L 08/03/2020 - 19:53:47: [SM] Exception reported: Language phrase "Player_Connected_From" not found (arg 3)
L 08/03/2020 - 19:53:47: [SM] Blaming: advadmin.smx
L 08/03/2020 - 19:53:47: [SM] Call stack trace:
L 08/03/2020 - 19:53:47: [SM]   [0] VFormat
L 08/03/2020 - 19:53:47: [SM]   [1] Line 386, /groups/sourcemod/compiler-1.10/include/halflife.inc::PrintToChatAll
L 08/03/2020 - 19:53:47: [SM]   [2] Line 141, /home/groups/sourcemod/upload_tmp/phpRYtiXm.sp::OnClientAuthorized
L 08/03/2020 - 19:53:54: [SM] Exception reported: Language phrase "Player_Connected_From" not found (arg 3)
L 08/03/2020 - 19:53:54: [SM] Blaming: advadmin.smx
L 08/03/2020 - 19:53:54: [SM] Call stack trace:
L 08/03/2020 - 19:53:54: [SM]   [0] VFormat
L 08/03/2020 - 19:53:54: [SM]   [1] Line 386, /groups/sourcemod/compiler-1.10/include/halflife.inc::PrintToChatAll
L 08/03/2020 - 19:53:54: [SM]   [2] Line 141, /home/groups/sourcemod/upload_tmp/phpRYtiXm.sp::OnClientAuthorized
L 08/03/2020 - 19:54:39: [SM] Exception reported: Language phrase "Player_Connected_From" not found (arg 3)
L 08/03/2020 - 19:54:39: [SM] Blaming: advadmin.smx
L 08/03/2020 - 19:54:39: [SM] Call stack trace:
L 08/03/2020 - 19:54:39: [SM]   [0] VFormat
L 08/03/2020 - 19:54:39: [SM]   [1] Line 386, /groups/sourcemod/compiler-1.10/include/halflife.inc::PrintToChatAll
L 08/03/2020 - 19:54:39: [SM]   [2] Line 141, /home/groups/sourcemod/upload_tmp/phpRYtiXm.sp::OnClientAuthorized
L 08/03/2020 - 19:55:32: [SM] Exception reported: Language phrase "Player_Connected_From" not found (arg 3)
L 08/03/2020 - 19:55:32: [SM] Blaming: advadmin.smx
L 08/03/2020 - 19:55:32: [SM] Call stack trace:
L 08/03/2020 - 19:55:32: [SM]   [0] VFormat
L 08/03/2020 - 19:55:32: [SM]   [1] Line 386, /groups/sourcemod/compiler-1.10/include/halflife.inc::PrintToChatAll
L 08/03/2020 - 19:55:32: [SM]   [2] Line 141, /home/groups/sourcemod/upload_tmp/phpRYtiXm.sp::OnClientAuthorized
L 08/03/2020 - 19:55:32: [SM] Exception reported: Language phrase "Player_Connected" not found (arg 3)
L 08/03/2020 - 19:55:32: [SM] Blaming: advadmin.smx
L 08/03/2020 - 19:55:32: [SM] Call stack trace:
L 08/03/2020 - 19:55:32: [SM]   [0] VFormat
L 08/03/2020 - 19:55:32: [SM]   [1] Line 386, /groups/sourcemod/compiler-1.10/include/halflife.inc::PrintToChatAll
L 08/03/2020 - 19:55:32: [SM]   [2] Line 145, /home/groups/sourcemod/upload_tmp/phpRYtiXm.sp::OnClientAuthorized
L 08/03/2020 - 19:55:46: [SM] Exception reported: Language phrase "Player_Connected" not found (arg 3)
L 08/03/2020 - 19:55:46: [SM] Blaming: advadmin.smx
L 08/03/2020 - 19:55:46: [SM] Call stack trace:
L 08/03/2020 - 19:55:46: [SM]   [0] VFormat
L 08/03/2020 - 19:55:46: [SM]   [1] Line 386, /groups/sourcemod/compiler-1.10/include/halflife.inc::PrintToChatAll
L 08/03/2020 - 19:55:46: [SM]   [2] Line 145, /home/groups/sourcemod/upload_tmp/phpRYtiXm.sp::OnClientAuthorized
L 08/03/2020 - 19:55:50: [SM] Exception reported: Array index out-of-bounds (index 64, limit 55)
L 08/03/2020 - 19:55:50: [SM] Blaming: weapon_restrict.smx
L 08/03/2020 - 19:55:50: [SM] Call stack trace:
L 08/03/2020 - 19:55:50: [SM]   [1] Line 202, restrictinc/events.sp::CS_OnBuyCommand
L 08/03/2020 - 19:55:54: [SM] Exception reported: Language phrase "CMD_Swap" not found (arg 5)
L 08/03/2020 - 19:55:54: [SM] Blaming: advadmin.smx
L 08/03/2020 - 19:55:54: [SM] Call stack trace:
L 08/03/2020 - 19:55:54: [SM]   [0] ShowActivity2
L 08/03/2020 - 19:55:54: [SM]   [1] Line 735, /home/groups/sourcemod/upload_tmp/phpRYtiXm.sp::CMD_Swap
L 08/03/2020 - 19:55:54: [SM]   [3] FakeClientCommand
L 08/03/2020 - 19:55:54: [SM]   [4] Line 1054, ./scripting/pugsetup.sp::CheckChatAlias
L 08/03/2020 - 19:55:54: [SM]   [5] Line 1082, ./scripting/pugsetup.sp::OnClientSayCommand_Post
L 08/03/2020 - 19:56:03: [SM] Exception reported: Language phrase "Player_Connected" not found (arg 3)
L 08/03/2020 - 19:56:03: [SM] Blaming: advadmin.smx
L 08/03/2020 - 19:56:03: [SM] Call stack trace:
L 08/03/2020 - 19:56:03: [SM]   [0] VFormat
L 08/03/2020 - 19:56:03: [SM]   [1] Line 386, /groups/sourcemod/compiler-1.10/include/halflife.inc::PrintToChatAll
L 08/03/2020 - 19:56:03: [SM]   [2] Line 145, /home/groups/sourcemod/upload_tmp/phpRYtiXm.sp::OnClientAuthorized
L 08/03/2020 - 19:56:20: [SM] Exception reported: Array index out-of-bounds (index 64, limit 55)
L 08/03/2020 - 19:56:20: [SM] Blaming: weapon_restrict.smx
L 08/03/2020 - 19:56:20: [SM] Call stack trace:
L 08/03/2020 - 19:56:20: [SM]   [1] Line 202, restrictinc/events.sp::CS_OnBuyCommand
L 08/03/2020 - 19:56:49: [SM] Exception reported: Array index out-of-bounds (index 64, limit 55)
L 08/03/2020 - 19:56:49: [SM] Blaming: weapon_restrict.smx
L 08/03/2020 - 19:56:49: [SM] Call stack trace:
L 08/03/2020 - 19:56:49: [SM]   [1] Line 202, restrictinc/events.sp::CS_OnBuyCommand
L 08/03/2020 - 19:57:18: [SM] Exception reported: Array index out-of-bounds (index 64, limit 55)
L 08/03/2020 - 19:57:18: [SM] Blaming: weapon_restrict.smx
L 08/03/2020 - 19:57:18: [SM] Call stack trace:
L 08/03/2020 - 19:57:18: [SM]   [1] Line 202, restrictinc/events.sp::CS_OnBuyCommand
L 08/03/2020 - 19:57:44: [SM] Exception reported: Array index out-of-bounds (index 64, limit 55)
L 08/03/2020 - 19:57:44: [SM] Blaming: weapon_restrict.smx
L 08/03/2020 - 19:57:44: [SM] Call stack trace:
L 08/03/2020 - 19:57:44: [SM]   [1] Line 202, restrictinc/events.sp::CS_OnBuyCommand
L 08/03/2020 - 19:58:07: [SM] Exception reported: Array index out-of-bounds (index 64, limit 55)
L 08/03/2020 - 19:58:07: [SM] Blaming: weapon_restrict.smx
L 08/03/2020 - 19:58:07: [SM] Call stack trace:
L 08/03/2020 - 19:58:07: [SM]   [1] Line 202, restrictinc/events.sp::CS_OnBuyCommand
L 08/03/2020 - 19:58:22: [SM] Exception reported: Array index out-of-bounds (index 64, limit 55)
L 08/03/2020 - 19:58:22: [SM] Blaming: weapon_restrict.smx
L 08/03/2020 - 19:58:22: [SM] Call stack trace:
L 08/03/2020 - 19:58:22: [SM]   [1] Line 202, restrictinc/events.sp::CS_OnBuyCommand
L 08/03/2020 - 19:58:53: [SM] Exception reported: Array index out-of-bounds (index 64, limit 55)
L 08/03/2020 - 19:58:53: [SM] Blaming: weapon_restrict.smx
L 08/03/2020 - 19:58:53: [SM] Call stack trace:
L 08/03/2020 - 19:58:53: [SM]   [1] Line 202, restrictinc/events.sp::CS_OnBuyCommand
L 08/03/2020 - 19:58:54: [SM] Exception reported: Array index out-of-bounds (index 64, limit 55)
L 08/03/2020 - 19:58:54: [SM] Blaming: weapon_restrict.smx
L 08/03/2020 - 19:58:54: [SM] Call stack trace:
L 08/03/2020 - 19:58:54: [SM]   [1] Line 202, restrictinc/events.sp::CS_OnBuyCommand
L 08/03/2020 - 19:59:23: [SM] Exception reported: Array index out-of-bounds (index 64, limit 55)
L 08/03/2020 - 19:59:23: [SM] Blaming: weapon_restrict.smx
L 08/03/2020 - 19:59:23: [SM] Call stack trace:
L 08/03/2020 - 19:59:23: [SM]   [1] Line 202, restrictinc/events.sp::CS_OnBuyCommand
L 08/03/2020 - 19:59:37: Error log file session closed.
L 08/03/2020 - 19:59:37: SourceMod error session started
L 08/03/2020 - 19:59:37: Info (map "de_inferno") (file "/home/tcagame/jackm1/488/csgo/addons/sourcemod/logs/errors_20200803.log")
L 08/03/2020 - 19:59:37: [SM] Fatal error encountered parsing translation file "advadmin.phrases.txt"
L 08/03/2020 - 19:59:37: [SM] Error (line 0, column 0): Stream failed to open
L 08/03/2020 - 20:00:08: [SM] Exception reported: Array index out-of-bounds (index 64, limit 55)
L 08/03/2020 - 20:00:08: [SM] Blaming: weapon_restrict.smx
L 08/03/2020 - 20:00:08: [SM] Call stack trace:
L 08/03/2020 - 20:00:08: [SM]   [1] Line 202, restrictinc/events.sp::CS_OnBuyCommand
L 08/03/2020 - 20:00:13: [SM] Exception reported: Array index out-of-bounds (index 64, limit 55)
L 08/03/2020 - 20:00:13: [SM] Blaming: weapon_restrict.smx
L 08/03/2020 - 20:00:13: [SM] Call stack trace:
L 08/03/2020 - 20:00:13: [SM]   [1] Line 202, restrictinc/events.sp::CS_OnBuyCommand
L 08/03/2020 - 20:00:48: [SM] Exception reported: Array index out-of-bounds (index 64, limit 55)
L 08/03/2020 - 20:00:48: [SM] Blaming: weapon_restrict.smx
L 08/03/2020 - 20:00:48: [SM] Call stack trace:
L 08/03/2020 - 20:00:48: [SM]   [1] Line 202, restrictinc/events.sp::CS_OnBuyCommand
L 08/03/2020 - 20:00:57: [SM] Exception reported: Array index out-of-bounds (index 64, limit 55)
L 08/03/2020 - 20:00:57: [SM] Blaming: weapon_restrict.smx
L 08/03/2020 - 20:00:57: [SM] Call stack trace:
L 08/03/2020 - 20:00:57: [SM]   [1] Line 202, restrictinc/events.sp::CS_OnBuyCommand
L 08/03/2020 - 20:00:58: [SM] Exception reported: Language phrase "Player_Connected" not found (arg 3)
L 08/03/2020 - 20:00:58: [SM] Blaming: advadmin.smx
L 08/03/2020 - 20:00:58: [SM] Call stack trace:
L 08/03/2020 - 20:00:58: [SM]   [0] VFormat
L 08/03/2020 - 20:00:58: [SM]   [1] Line 386, /groups/sourcemod/compiler-1.10/include/halflife.inc::PrintToChatAll
L 08/03/2020 - 20:00:58: [SM]   [2] Line 145, /home/groups/sourcemod/upload_tmp/phpRYtiXm.sp::OnClientAuthorized
L 08/03/2020 - 20:01:46: [SM] Exception reported: Array index out-of-bounds (index 64, limit 55)
L 08/03/2020 - 20:01:46: [SM] Blaming: weapon_restrict.smx
L 08/03/2020 - 20:01:46: [SM] Call stack trace:
L 08/03/2020 - 20:01:46: [SM]   [1] Line 202, restrictinc/events.sp::CS_OnBuyCommand
L 08/03/2020 - 20:02:04: [SM] Exception reported: Language phrase "Player_Connected_From" not found (arg 3)
L 08/03/2020 - 20:02:04: [SM] Blaming: advadmin.smx
L 08/03/2020 - 20:02:04: [SM] Call stack trace:
L 08/03/2020 - 20:02:04: [SM]   [0] VFormat
L 08/03/2020 - 20:02:04: [SM]   [1] Line 386, /groups/sourcemod/compiler-1.10/include/halflife.inc::PrintToChatAll
L 08/03/2020 - 20:02:04: [SM]   [2] Line 141, /home/groups/sourcemod/upload_tmp/phpRYtiXm.sp::OnClientAuthorized
L 08/03/2020 - 20:04:54: [SM] Exception reported: Array index out-of-bounds (index 64, limit 55)
L 08/03/2020 - 20:04:54: [SM] Blaming: weapon_restrict.smx
L 08/03/2020 - 20:04:54: [SM] Call stack trace:
L 08/03/2020 - 20:04:54: [SM]   [1] Line 202, restrictinc/events.sp::CS_OnBuyCommand
L 08/03/2020 - 20:04:55: [SM] Exception reported: Array index out-of-bounds (index 64, limit 55)
L 08/03/2020 - 20:04:55: [SM] Blaming: weapon_restrict.smx
L 08/03/2020 - 20:04:55: [SM] Call stack trace:
L 08/03/2020 - 20:04:55: [SM]   [1] Line 202, restrictinc/events.sp::CS_OnBuyCommand
L 08/03/2020 - 20:04:55: [SM] Exception reported: Array index out-of-bounds (index 64, limit 55)
L 08/03/2020 - 20:04:55: [SM] Blaming: weapon_restrict.smx
L 08/03/2020 - 20:04:55: [SM] Call stack trace:
L 08/03/2020 - 20:04:55: [SM]   [1] Line 202, restrictinc/events.sp::CS_OnBuyCommand
L 08/03/2020 - 20:04:56: [SM] Exception reported: Array index out-of-bounds (index 64, limit 55)
L 08/03/2020 - 20:04:56: [SM] Blaming: weapon_restrict.smx
L 08/03/2020 - 20:04:56: [SM] Call stack trace:
L 08/03/2020 - 20:04:56: [SM]   [1] Line 202, restrictinc/events.sp::CS_OnBuyCommand
L 08/03/2020 - 20:04:56: [SM] Exception reported: Array index out-of-bounds (index 64, limit 55)
L 08/03/2020 - 20:04:56: [SM] Blaming: weapon_restrict.smx
L 08/03/2020 - 20:04:56: [SM] Call stack trace:
L 08/03/2020 - 20:04:56: [SM]   [1] Line 202, restrictinc/events.sp::CS_OnBuyCommand
L 08/03/2020 - 20:05:03: [SM] Exception reported: Array index out-of-bounds (index 64, limit 55)
L 08/03/2020 - 20:05:03: [SM] Blaming: weapon_restrict.smx
L 08/03/2020 - 20:05:03: [SM] Call stack trace:
L 08/03/2020 - 20:05:03: [SM]   [1] Line 202, restrictinc/events.sp::CS_OnBuyCommand
L 08/03/2020 - 20:05:03: [SM] Exception reported: Array index out-of-bounds (index 64, limit 55)
L 08/03/2020 - 20:05:03: [SM] Blaming: weapon_restrict.smx
L 08/03/2020 - 20:05:03: [SM] Call stack trace:
L 08/03/2020 - 20:05:03: [SM]   [1] Line 202, restrictinc/events.sp::CS_OnBuyCommand
L 08/03/2020 - 20:05:03: [SM] Exception reported: Array index out-of-bounds (index 64, limit 55)
L 08/03/2020 - 20:05:03: [SM] Blaming: weapon_restrict.smx
L 08/03/2020 - 20:05:03: [SM] Call stack trace:
L 08/03/2020 - 20:05:03: [SM]   [1] Line 202, restrictinc/events.sp::CS_OnBuyCommand
L 08/03/2020 - 20:05:04: [SM] Exception reported: Array index out-of-bounds (index 64, limit 55)
L 08/03/2020 - 20:05:04: [SM] Blaming: weapon_restrict.smx
L 08/03/2020 - 20:05:04: [SM] Call stack trace:
L 08/03/2020 - 20:05:04: [SM]   [1] Line 202, restrictinc/events.sp::CS_OnBuyCommand
L 08/03/2020 - 20:05:04: [SM] Exception reported: Array index out-of-bounds (index 64, limit 55)
L 08/03/2020 - 20:05:04: [SM] Blaming: weapon_restrict.smx
L 08/03/2020 - 20:05:04: [SM] Call stack trace:
L 08/03/2020 - 20:05:04: [SM]   [1] Line 202, restrictinc/events.sp::CS_OnBuyCommand
L 08/03/2020 - 20:05:06: [SM] Exception reported: Array index out-of-bounds (index 64, limit 55)
L 08/03/2020 - 20:05:06: [SM] Blaming: weapon_restrict.smx
L 08/03/2020 - 20:05:06: [SM] Call stack trace:
L 08/03/2020 - 20:05:06: [SM]   [1] Line 202, restrictinc/events.sp::CS_OnBuyCommand
L 08/03/2020 - 20:05:07: [SM] Exception reported: Array index out-of-bounds (index 64, limit 55)
L 08/03/2020 - 20:05:07: [SM] Blaming: weapon_restrict.smx
L 08/03/2020 - 20:05:07: [SM] Call stack trace:
L 08/03/2020 - 20:05:07: [SM]   [1] Line 202, restrictinc/events.sp::CS_OnBuyCommand
L 08/03/2020 - 20:05:08: [SM] Exception reported: Array index out-of-bounds (index 64, limit 55)
L 08/03/2020 - 20:05:08: [SM] Blaming: weapon_restrict.smx
L 08/03/2020 - 20:05:08: [SM] Call stack trace:
L 08/03/2020 - 20:05:08: [SM]   [1] Line 202, restrictinc/events.sp::CS_OnBuyCommand
L 08/03/2020 - 20:05:08: [SM] Exception reported: Array index out-of-bounds (index 64, limit 55)
L 08/03/2020 - 20:05:08: [SM] Blaming: weapon_restrict.smx
L 08/03/2020 - 20:05:08: [SM] Call stack trace:
L 08/03/2020 - 20:05:08: [SM]   [1] Line 202, restrictinc/events.sp::CS_OnBuyCommand
L 08/03/2020 - 20:06:11: [SM] Exception reported: Array index out-of-bounds (index 64, limit 55)
L 08/03/2020 - 20:06:11: [SM] Blaming: weapon_restrict.smx
L 08/03/2020 - 20:06:11: [SM] Call stack trace:
L 08/03/2020 - 20:06:11: [SM]   [1] Line 202, restrictinc/events.sp::CS_OnBuyCommand
L 08/03/2020 - 20:06:13: [SM] Exception reported: Array index out-of-bounds (index 64, limit 55)
L 08/03/2020 - 20:06:13: [SM] Blaming: weapon_restrict.smx
L 08/03/2020 - 20:06:13: [SM] Call stack trace:
L 08/03/2020 - 20:06:13: [SM]   [1] Line 202, restrictinc/events.sp::CS_OnBuyCommand
L 08/03/2020 - 20:06:13: [SM] Exception reported: Array index out-of-bounds (index 64, limit 55)
L 08/03/2020 - 20:06:13: [SM] Blaming: weapon_restrict.smx
L 08/03/2020 - 20:06:13: [SM] Call stack trace:
L 08/03/2020 - 20:06:13: [SM]   [1] Line 202, restrictinc/events.sp::CS_OnBuyCommand
L 08/03/2020 - 20:06:13: [SM] Exception reported: Array index out-of-bounds (index 64, limit 55)
L 08/03/2020 - 20:06:13: [SM] Blaming: weapon_restrict.smx
L 08/03/2020 - 20:06:13: [SM] Call stack trace:
L 08/03/2020 - 20:06:13: [SM]   [1] Line 202, restrictinc/events.sp::CS_OnBuyCommand
L 08/03/2020 - 20:06:15: [SM] Exception reported: Array index out-of-bounds (index 64, limit 55)
L 08/03/2020 - 20:06:15: [SM] Blaming: weapon_restrict.smx
L 08/03/2020 - 20:06:15: [SM] Call stack trace:
L 08/03/2020 - 20:06:15: [SM]   [1] Line 202, restrictinc/events.sp::CS_OnBuyCommand
L 08/03/2020 - 20:06:18: [SM] Exception reported: Array index out-of-bounds (index 64, limit 55)
L 08/03/2020 - 20:06:18: [SM] Blaming: weapon_restrict.smx
L 08/03/2020 - 20:06:18: [SM] Call stack trace:
L 08/03/2020 - 20:06:18: [SM]   [1] Line 202, restrictinc/events.sp::CS_OnBuyCommand
L 08/03/2020 - 20:06:26: [SM] Exception reported: Array index out-of-bounds (index 64, limit 55)
L 08/03/2020 - 20:06:26: [SM] Blaming: weapon_restrict.smx
L 08/03/2020 - 20:06:26: [SM] Call stack trace:
L 08/03/2020 - 20:06:26: [SM]   [1] Line 202, restrictinc/events.sp::CS_OnBuyCommand
L 08/03/2020 - 20:07:24: [SM] Exception reported: Array index out-of-bounds (index 64, limit 55)
L 08/03/2020 - 20:07:24: [SM] Blaming: weapon_restrict.smx
L 08/03/2020 - 20:07:24: [SM] Call stack trace:
L 08/03/2020 - 20:07:24: [SM]   [1] Line 202, restrictinc/events.sp::CS_OnBuyCommand
L 08/03/2020 - 20:07:25: [SM] Exception reported: Array index out-of-bounds (index 64, limit 55)
L 08/03/2020 - 20:07:25: [SM] Blaming: weapon_restrict.smx
L 08/03/2020 - 20:07:25: [SM] Call stack trace:
L 08/03/2020 - 20:07:25: [SM]   [1] Line 202, restrictinc/events.sp::CS_OnBuyCommand
L 08/03/2020 - 20:07:28: [SM] Exception reported: Array index out-of-bounds (index 64, limit 55)
L 08/03/2020 - 20:07:28: [SM] Blaming: weapon_restrict.smx
L 08/03/2020 - 20:07:28: [SM] Call stack trace:
L 08/03/2020 - 20:07:28: [SM]   [1] Line 202, restrictinc/events.sp::CS_OnBuyCommand
L 08/03/2020 - 20:07:35: [SM] Exception reported: Array index out-of-bounds (index 64, limit 55)
L 08/03/2020 - 20:07:35: [SM] Blaming: weapon_restrict.smx
L 08/03/2020 - 20:07:35: [SM] Call stack trace:
L 08/03/2020 - 20:07:35: [SM]   [1] Line 202, restrictinc/events.sp::CS_OnBuyCommand
L 08/03/2020 - 20:08:44: [SM] Exception reported: Array index out-of-bounds (index 64, limit 55)
L 08/03/2020 - 20:08:44: [SM] Blaming: weapon_restrict.smx
L 08/03/2020 - 20:08:44: [SM] Call stack trace:
L 08/03/2020 - 20:08:44: [SM]   [1] Line 202, restrictinc/events.sp::CS_OnBuyCommand
L 08/03/2020 - 20:08:45: [SM] Exception reported: Array index out-of-bounds (index 64, limit 55)
L 08/03/2020 - 20:08:45: [SM] Blaming: weapon_restrict.smx
L 08/03/2020 - 20:08:45: [SM] Call stack trace:
L 08/03/2020 - 20:08:45: [SM]   [1] Line 202, restrictinc/events.sp::CS_OnBuyCommand
L 08/03/2020 - 20:08:47: [SM] Exception reported: Array index out-of-bounds (index 64, limit 55)
L 08/03/2020 - 20:08:47: [SM] Blaming: weapon_restrict.smx
L 08/03/2020 - 20:08:47: [SM] Call stack trace:
L 08/03/2020 - 20:08:47: [SM]   [1] Line 202, restrictinc/events.sp::CS_OnBuyCommand
L 08/03/2020 - 20:09:02: [SM] Exception reported: Array index out-of-bounds (index 64, limit 55)
L 08/03/2020 - 20:09:02: [SM] Blaming: weapon_restrict.smx
L 08/03/2020 - 20:09:02: [SM] Call stack trace:
L 08/03/2020 - 20:09:02: [SM]   [1] Line 202, restrictinc/events.sp::CS_OnBuyCommand
L 08/03/2020 - 20:09:03: [SM] Exception reported: Array index out-of-bounds (index 64, limit 55)
L 08/03/2020 - 20:09:03: [SM] Blaming: weapon_restrict.smx
L 08/03/2020 - 20:09:03: [SM] Call stack trace:
L 08/03/2020 - 20:09:03: [SM]   [1] Line 202, restrictinc/events.sp::CS_OnBuyCommand
L 08/03/2020 - 20:09:10: [SM] Exception reported: Array index out-of-bounds (index 64, limit 55)
L 08/03/2020 - 20:09:10: [SM] Blaming: weapon_restrict.smx
L 08/03/2020 - 20:09:10: [SM] Call stack trace:
L 08/03/2020 - 20:09:10: [SM]   [1] Line 202, restrictinc/events.sp::CS_OnBuyCommand
L 08/03/2020 - 20:09:35: [SM] Exception reported: Array index out-of-bounds (index 64, limit 55)
L 08/03/2020 - 20:09:35: [SM] Blaming: weapon_restrict.smx
L 08/03/2020 - 20:09:35: [SM] Call stack trace:
L 08/03/2020 - 20:09:35: [SM]   [1] Line 202, restrictinc/events.sp::CS_OnBuyCommand
L 08/03/2020 - 20:09:40: [SM] Exception reported: Array index out-of-bounds (index 64, limit 55)
L 08/03/2020 - 20:09:40: [SM] Blaming: weapon_restrict.smx
L 08/03/2020 - 20:09:40: [SM] Call stack trace:
L 08/03/2020 - 20:09:40: [SM]   [1] Line 202, restrictinc/events.sp::CS_OnBuyCommand
L 08/03/2020 - 20:09:44: [SM] Exception reported: Array index out-of-bounds (index 64, limit 55)
L 08/03/2020 - 20:09:44: [SM] Blaming: weapon_restrict.smx
L 08/03/2020 - 20:09:44: [SM] Call stack trace:
L 08/03/2020 - 20:09:44: [SM]   [1] Line 202, restrictinc/events.sp::CS_OnBuyCommand
L 08/03/2020 - 20:09:46: [SM] Exception reported: Array index out-of-bounds (index 64, limit 55)
L 08/03/2020 - 20:09:46: [SM] Blaming: weapon_restrict.smx
L 08/03/2020 - 20:09:46: [SM] Call stack trace:
L 08/03/2020 - 20:09:46: [SM]   [1] Line 202, restrictinc/events.sp::CS_OnBuyCommand
L 08/03/2020 - 20:11:02: [SM] Exception reported: Array index out-of-bounds (index 64, limit 55)
L 08/03/2020 - 20:11:02: [SM] Blaming: weapon_restrict.smx
L 08/03/2020 - 20:11:02: [SM] Call stack trace:
L 08/03/2020 - 20:11:02: [SM]   [1] Line 202, restrictinc/events.sp::CS_OnBuyCommand
L 08/03/2020 - 20:11:02: [SM] Exception reported: Array index out-of-bounds (index 64, limit 55)
L 08/03/2020 - 20:11:02: [SM] Blaming: weapon_restrict.smx
L 08/03/2020 - 20:11:02: [SM] Call stack trace:
L 08/03/2020 - 20:11:02: [SM]   [1] Line 202, restrictinc/events.sp::CS_OnBuyCommand
L 08/03/2020 - 20:12:05: [SM] Exception reported: Array index out-of-bounds (index 64, limit 55)
L 08/03/2020 - 20:12:05: [SM] Blaming: weapon_restrict.smx
L 08/03/2020 - 20:12:05: [SM] Call stack trace:
L 08/03/2020 - 20:12:05: [SM]   [1] Line 202, restrictinc/events.sp::CS_OnBuyCommand
L 08/03/2020 - 20:13:19: [SM] Exception reported: Array index out-of-bounds (index 64, limit 55)
L 08/03/2020 - 20:13:19: [SM] Blaming: weapon_restrict.smx
L 08/03/2020 - 20:13:19: [SM] Call stack trace:
L 08/03/2020 - 20:13:19: [SM]   [1] Line 202, restrictinc/events.sp::CS_OnBuyCommand
L 08/03/2020 - 20:13:19: [SM] Exception reported: Array index out-of-bounds (index 64, limit 55)
L 08/03/2020 - 20:13:19: [SM] Blaming: weapon_restrict.smx
L 08/03/2020 - 20:13:19: [SM] Call stack trace:
L 08/03/2020 - 20:13:19: [SM]   [1] Line 202, restrictinc/events.sp::CS_OnBuyCommand
L 08/03/2020 - 20:13:22: [SM] Exception reported: Array index out-of-bounds (index 64, limit 55)
L 08/03/2020 - 20:13:22: [SM] Blaming: weapon_restrict.smx
L 08/03/2020 - 20:13:22: [SM] Call stack trace:
L 08/03/2020 - 20:13:22: [SM]   [1] Line 202, restrictinc/events.sp::CS_OnBuyCommand
L 08/03/2020 - 20:13:23: [SM] Exception reported: Array index out-of-bounds (index 64, limit 55)
L 08/03/2020 - 20:13:23: [SM] Blaming: weapon_restrict.smx
L 08/03/2020 - 20:13:23: [SM] Call stack trace:
L 08/03/2020 - 20:13:23: [SM]   [1] Line 202, restrictinc/events.sp::CS_OnBuyCommand
L 08/03/2020 - 20:13:25: [SM] Exception reported: Array index out-of-bounds (index 64, limit 55)
L 08/03/2020 - 20:13:25: [SM] Blaming: weapon_restrict.smx
L 08/03/2020 - 20:13:25: [SM] Call stack trace:
L 08/03/2020 - 20:13:25: [SM]   [1] Line 202, restrictinc/events.sp::CS_OnBuyCommand
L 08/03/2020 - 20:13:25: [SM] Exception reported: Array index out-of-bounds (index 64, limit 55)
L 08/03/2020 - 20:13:25: [SM] Blaming: weapon_restrict.smx
L 08/03/2020 - 20:13:25: [SM] Call stack trace:
L 08/03/2020 - 20:13:25: [SM]   [1] Line 202, restrictinc/events.sp::CS_OnBuyCommand
L 08/03/2020 - 20:14:29: [SM] Exception reported: Array index out-of-bounds (index 64, limit 55)
L 08/03/2020 - 20:14:29: [SM] Blaming: weapon_restrict.smx
L 08/03/2020 - 20:14:29: [SM] Call stack trace:
L 08/03/2020 - 20:14:29: [SM]   [1] Line 202, restrictinc/events.sp::CS_OnBuyCommand
L 08/03/2020 - 20:15:40: [SM] Exception reported: Array index out-of-bounds (index 64, limit 55)
L 08/03/2020 - 20:15:40: [SM] Blaming: weapon_restrict.smx
L 08/03/2020 - 20:15:40: [SM] Call stack trace:
L 08/03/2020 - 20:15:40: [SM]   [1] Line 202, restrictinc/events.sp::CS_OnBuyCommand
L 08/03/2020 - 20:15:52: [SM] Exception reported: Array index out-of-bounds (index 64, limit 55)
L 08/03/2020 - 20:15:52: [SM] Blaming: weapon_restrict.smx
L 08/03/2020 - 20:15:52: [SM] Call stack trace:
L 08/03/2020 - 20:15:52: [SM]   [1] Line 202, restrictinc/events.sp::CS_OnBuyCommand
L 08/03/2020 - 20:18:07: [SM] Exception reported: Language phrase "Player_Connected_From" not found (arg 3)
L 08/03/2020 - 20:18:07: [SM] Blaming: advadmin.smx
L 08/03/2020 - 20:18:07: [SM] Call stack trace:
L 08/03/2020 - 20:18:07: [SM]   [0] VFormat
L 08/03/2020 - 20:18:07: [SM]   [1] Line 386, /groups/sourcemod/compiler-1.10/include/halflife.inc::PrintToChatAll
L 08/03/2020 - 20:18:07: [SM]   [2] Line 141, /home/groups/sourcemod/upload_tmp/phpRYtiXm.sp::OnClientAuthorized
L 08/03/2020 - 20:21:42: [SM] Exception reported: Array index out-of-bounds (index 64, limit 55)
L 08/03/2020 - 20:21:42: [SM] Blaming: weapon_restrict.smx
L 08/03/2020 - 20:21:42: [SM] Call stack trace:
L 08/03/2020 - 20:21:42: [SM]   [1] Line 202, restrictinc/events.sp::CS_OnBuyCommand
L 08/03/2020 - 20:23:13: [SM] Exception reported: Language phrase "Player_Connected_From" not found (arg 3)
L 08/03/2020 - 20:23:13: [SM] Blaming: advadmin.smx
L 08/03/2020 - 20:23:13: [SM] Call stack trace:
L 08/03/2020 - 20:23:13: [SM]   [0] VFormat
L 08/03/2020 - 20:23:13: [SM]   [1] Line 386, /groups/sourcemod/compiler-1.10/include/halflife.inc::PrintToChatAll
L 08/03/2020 - 20:23:13: [SM]   [2] Line 141, /home/groups/sourcemod/upload_tmp/phpRYtiXm.sp::OnClientAuthorized
L 08/03/2020 - 20:23:36: [SM] Exception reported: Language phrase "Player_Connected_From" not found (arg 3)
L 08/03/2020 - 20:23:36: [SM] Blaming: advadmin.smx
L 08/03/2020 - 20:23:36: [SM] Call stack trace:
L 08/03/2020 - 20:23:36: [SM]   [0] VFormat
L 08/03/2020 - 20:23:36: [SM]   [1] Line 386, /groups/sourcemod/compiler-1.10/include/halflife.inc::PrintToChatAll
L 08/03/2020 - 20:23:36: [SM]   [2] Line 141, /home/groups/sourcemod/upload_tmp/phpRYtiXm.sp::OnClientAuthorized
L 08/03/2020 - 20:23:42: [SM] Exception reported: Array index out-of-bounds (index 64, limit 55)
L 08/03/2020 - 20:23:42: [SM] Blaming: weapon_restrict.smx
L 08/03/2020 - 20:23:42: [SM] Call stack trace:
L 08/03/2020 - 20:23:42: [SM]   [1] Line 202, restrictinc/events.sp::CS_OnBuyCommand
L 08/03/2020 - 20:26:40: [SM] Exception reported: Array index out-of-bounds (index 64, limit 55)
L 08/03/2020 - 20:26:40: [SM] Blaming: weapon_restrict.smx
L 08/03/2020 - 20:26:40: [SM] Call stack trace:
L 08/03/2020 - 20:26:40: [SM]   [1] Line 202, restrictinc/events.sp::CS_OnBuyCommand
L 08/03/2020 - 20:28:52: [SM] Exception reported: Array index out-of-bounds (index 64, limit 55)
L 08/03/2020 - 20:28:52: [SM] Blaming: weapon_restrict.smx
L 08/03/2020 - 20:28:52: [SM] Call stack trace:
L 08/03/2020 - 20:28:52: [SM]   [1] Line 202, restrictinc/events.sp::CS_OnBuyCommand
L 08/03/2020 - 20:31:16: [SM] Exception reported: Array index out-of-bounds (index 64, limit 55)
L 08/03/2020 - 20:31:16: [SM] Blaming: weapon_restrict.smx
L 08/03/2020 - 20:31:16: [SM] Call stack trace:
L 08/03/2020 - 20:31:16: [SM]   [1] Line 202, restrictinc/events.sp::CS_OnBuyCommand
L 08/03/2020 - 20:34:43: [SM] Exception reported: Language phrase "Player_Connected_From" not found (arg 3)
L 08/03/2020 - 20:34:43: [SM] Blaming: advadmin.smx
L 08/03/2020 - 20:34:43: [SM] Call stack trace:
L 08/03/2020 - 20:34:43: [SM]   [0] VFormat
L 08/03/2020 - 20:34:43: [SM]   [1] Line 386, /groups/sourcemod/compiler-1.10/include/halflife.inc::PrintToChatAll
L 08/03/2020 - 20:34:43: [SM]   [2] Line 141, /home/groups/sourcemod/upload_tmp/phpRYtiXm.sp::OnClientAuthorized
L 08/03/2020 - 20:36:13: [SM] Exception reported: Language phrase "Player_Connected_From" not found (arg 3)
L 08/03/2020 - 20:36:13: [SM] Blaming: advadmin.smx
L 08/03/2020 - 20:36:13: [SM] Call stack trace:
L 08/03/2020 - 20:36:13: [SM]   [0] VFormat
L 08/03/2020 - 20:36:13: [SM]   [1] Line 386, /groups/sourcemod/compiler-1.10/include/halflife.inc::PrintToChatAll
L 08/03/2020 - 20:36:13: [SM]   [2] Line 141, /home/groups/sourcemod/upload_tmp/phpRYtiXm.sp::OnClientAuthorized
L 08/03/2020 - 20:37:52: [SM] Exception reported: Array index out-of-bounds (index 64, limit 55)
L 08/03/2020 - 20:37:52: [SM] Blaming: weapon_restrict.smx
L 08/03/2020 - 20:37:52: [SM] Call stack trace:
L 08/03/2020 - 20:37:52: [SM]   [1] Line 202, restrictinc/events.sp::CS_OnBuyCommand
L 08/03/2020 - 20:39:54: [SM] Exception reported: Language phrase "Player_Connected_From" not found (arg 3)
L 08/03/2020 - 20:39:54: [SM] Blaming: advadmin.smx
L 08/03/2020 - 20:39:54: [SM] Call stack trace:
L 08/03/2020 - 20:39:54: [SM]   [0] VFormat
L 08/03/2020 - 20:39:54: [SM]   [1] Line 386, /groups/sourcemod/compiler-1.10/include/halflife.inc::PrintToChatAll
L 08/03/2020 - 20:39:54: [SM]   [2] Line 141, /home/groups/sourcemod/upload_tmp/phpRYtiXm.sp::OnClientAuthorized
L 08/03/2020 - 20:40:44: [SM] Exception reported: Language phrase "CMD_Respawn" not found (arg 5)
L 08/03/2020 - 20:40:44: [SM] Blaming: advadmin.smx
L 08/03/2020 - 20:40:44: [SM] Call stack trace:
L 08/03/2020 - 20:40:44: [SM]   [0] ShowActivity2
L 08/03/2020 - 20:40:44: [SM]   [1] Line 1060, /home/groups/sourcemod/upload_tmp/phpRYtiXm.sp::CMD_Respawn
L 08/03/2020 - 20:40:47: [SM] Exception reported: Array index out-of-bounds (index 64, limit 55)
L 08/03/2020 - 20:40:47: [SM] Blaming: weapon_restrict.smx
L 08/03/2020 - 20:40:47: [SM] Call stack trace:
L 08/03/2020 - 20:40:47: [SM]   [1] Line 202, restrictinc/events.sp::CS_OnBuyCommand
L 08/03/2020 - 20:41:22: [SM] Exception reported: Array index out-of-bounds (index 64, limit 55)
L 08/03/2020 - 20:41:22: [SM] Blaming: weapon_restrict.smx
L 08/03/2020 - 20:41:22: [SM] Call stack trace:
L 08/03/2020 - 20:41:22: [SM]   [1] Line 202, restrictinc/events.sp::CS_OnBuyCommand
L 08/03/2020 - 20:44:18: [SM] Exception reported: Array index out-of-bounds (index 64, limit 55)
L 08/03/2020 - 20:44:18: [SM] Blaming: weapon_restrict.smx
L 08/03/2020 - 20:44:18: [SM] Call stack trace:
L 08/03/2020 - 20:44:18: [SM]   [1] Line 202, restrictinc/events.sp::CS_OnBuyCommand
L 08/03/2020 - 20:46:44: [SM] Exception reported: Array index out-of-bounds (index 64, limit 55)
L 08/03/2020 - 20:46:44: [SM] Blaming: weapon_restrict.smx
L 08/03/2020 - 20:46:44: [SM] Call stack trace:
L 08/03/2020 - 20:46:44: [SM]   [1] Line 202, restrictinc/events.sp::CS_OnBuyCommand
L 08/03/2020 - 20:46:45: [SM] Exception reported: Array index out-of-bounds (index 64, limit 55)
L 08/03/2020 - 20:46:45: [SM] Blaming: weapon_restrict.smx
L 08/03/2020 - 20:46:45: [SM] Call stack trace:
L 08/03/2020 - 20:46:45: [SM]   [1] Line 202, restrictinc/events.sp::CS_OnBuyCommand
L 08/03/2020 - 20:46:45: [SM] Exception reported: Array index out-of-bounds (index 64, limit 55)
L 08/03/2020 - 20:46:45: [SM] Blaming: weapon_restrict.smx
L 08/03/2020 - 20:46:45: [SM] Call stack trace:
L 08/03/2020 - 20:46:45: [SM]   [1] Line 202, restrictinc/events.sp::CS_OnBuyCommand
L 08/03/2020 - 20:46:45: [SM] Exception reported: Array index out-of-bounds (index 64, limit 55)
L 08/03/2020 - 20:46:45: [SM] Blaming: weapon_restrict.smx
L 08/03/2020 - 20:46:45: [SM] Call stack trace:
L 08/03/2020 - 20:46:45: [SM]   [1] Line 202, restrictinc/events.sp::CS_OnBuyCommand
L 08/03/2020 - 20:46:46: [SM] Exception reported: Array index out-of-bounds (index 64, limit 55)
L 08/03/2020 - 20:46:46: [SM] Blaming: weapon_restrict.smx
L 08/03/2020 - 20:46:46: [SM] Call stack trace:
L 08/03/2020 - 20:46:46: [SM]   [1] Line 202, restrictinc/events.sp::CS_OnBuyCommand
L 08/03/2020 - 20:46:48: [SM] Exception reported: Array index out-of-bounds (index 64, limit 55)
L 08/03/2020 - 20:46:48: [SM] Blaming: weapon_restrict.smx
L 08/03/2020 - 20:46:48: [SM] Call stack trace:
L 08/03/2020 - 20:46:48: [SM]   [1] Line 202, restrictinc/events.sp::CS_OnBuyCommand
L 08/03/2020 - 20:46:53: [SM] Exception reported: Array index out-of-bounds (index 64, limit 55)
L 08/03/2020 - 20:46:53: [SM] Blaming: weapon_restrict.smx
L 08/03/2020 - 20:46:53: [SM] Call stack trace:
L 08/03/2020 - 20:46:53: [SM]   [1] Line 202, restrictinc/events.sp::CS_OnBuyCommand
L 08/03/2020 - 20:46:55: [SM] Exception reported: Array index out-of-bounds (index 64, limit 55)
L 08/03/2020 - 20:46:55: [SM] Blaming: weapon_restrict.smx
L 08/03/2020 - 20:46:55: [SM] Call stack trace:
L 08/03/2020 - 20:46:55: [SM]   [1] Line 202, restrictinc/events.sp::CS_OnBuyCommand
L 08/03/2020 - 20:53:06: SourceMod error session started
L 08/03/2020 - 20:53:06: Info (map "de_dust2") (file "/home/tcagame/jackm1/488/csgo/addons/sourcemod/logs/errors_20200803.log")
L 08/03/2020 - 20:53:06: [SM] Fatal error encountered parsing translation file "advadmin.phrases.txt"
L 08/03/2020 - 20:53:06: [SM] Error (line 0, column 0): Stream failed to open
L 08/04/2020 - 16:19:04: Error log file session closed.
