L 08/18/2020 - 00:47:24: SourceMod error session started
L 08/18/2020 - 00:47:24: Info (map "de_overpass") (file "/home/tcagame/jackm1/488/csgo/addons/sourcemod/logs/errors_20200818.log")
L 08/18/2020 - 00:47:24: [SM] Fatal error encountered parsing translation file "advadmin.phrases.txt"
L 08/18/2020 - 00:47:24: [SM] Error (line 0, column 0): Stream failed to open
L 08/18/2020 - 14:30:34: Error log file session closed.
L 08/18/2020 - 14:30:34: SourceMod error session started
L 08/18/2020 - 14:30:34: Info (map "de_overpass") (file "/home/tcagame/jackm1/488/csgo/addons/sourcemod/logs/errors_20200818.log")
L 08/18/2020 - 14:30:34: [SM] Fatal error encountered parsing translation file "advadmin.phrases.txt"
L 08/18/2020 - 14:30:34: [SM] Error (line 0, column 0): Stream failed to open
L 08/18/2020 - 14:44:50: Error log file session closed.
L 08/18/2020 - 14:44:50: SourceMod error session started
L 08/18/2020 - 14:44:50: Info (map "de_overpass") (file "/home/tcagame/jackm1/488/csgo/addons/sourcemod/logs/errors_20200818.log")
L 08/18/2020 - 14:44:50: [SM] Fatal error encountered parsing translation file "advadmin.phrases.txt"
L 08/18/2020 - 14:44:50: [SM] Error (line 0, column 0): Stream failed to open
L 08/18/2020 - 14:45:13: [SM] Exception reported: Array index out-of-bounds (index 64, limit 55)
L 08/18/2020 - 14:45:13: [SM] Blaming: weapon_restrict.smx
L 08/18/2020 - 14:45:13: [SM] Call stack trace:
L 08/18/2020 - 14:45:13: [SM]   [1] Line 202, restrictinc/events.sp::CS_OnBuyCommand
L 08/18/2020 - 14:49:25: [SM] Exception reported: Language phrase "Player_Connected_From" not found (arg 3)
L 08/18/2020 - 14:49:25: [SM] Blaming: advadmin.smx
L 08/18/2020 - 14:49:25: [SM] Call stack trace:
L 08/18/2020 - 14:49:25: [SM]   [0] VFormat
L 08/18/2020 - 14:49:25: [SM]   [1] Line 386, /groups/sourcemod/compiler-1.10/include/halflife.inc::PrintToChatAll
L 08/18/2020 - 14:49:25: [SM]   [2] Line 141, /home/groups/sourcemod/upload_tmp/phpRYtiXm.sp::OnClientAuthorized
L 08/18/2020 - 14:50:18: [SM] Exception reported: Language phrase "Player_Connected_From" not found (arg 3)
L 08/18/2020 - 14:50:18: [SM] Blaming: advadmin.smx
L 08/18/2020 - 14:50:18: [SM] Call stack trace:
L 08/18/2020 - 14:50:18: [SM]   [0] VFormat
L 08/18/2020 - 14:50:18: [SM]   [1] Line 386, /groups/sourcemod/compiler-1.10/include/halflife.inc::PrintToChatAll
L 08/18/2020 - 14:50:18: [SM]   [2] Line 141, /home/groups/sourcemod/upload_tmp/phpRYtiXm.sp::OnClientAuthorized
L 08/18/2020 - 14:50:26: [SM] Exception reported: Array index out-of-bounds (index 64, limit 55)
L 08/18/2020 - 14:50:26: [SM] Blaming: weapon_restrict.smx
L 08/18/2020 - 14:50:26: [SM] Call stack trace:
L 08/18/2020 - 14:50:26: [SM]   [1] Line 202, restrictinc/events.sp::CS_OnBuyCommand
L 08/18/2020 - 14:51:18: [SM] Exception reported: Language phrase "Player_Connected_From" not found (arg 3)
L 08/18/2020 - 14:51:18: [SM] Blaming: advadmin.smx
L 08/18/2020 - 14:51:18: [SM] Call stack trace:
L 08/18/2020 - 14:51:18: [SM]   [0] VFormat
L 08/18/2020 - 14:51:18: [SM]   [1] Line 386, /groups/sourcemod/compiler-1.10/include/halflife.inc::PrintToChatAll
L 08/18/2020 - 14:51:18: [SM]   [2] Line 141, /home/groups/sourcemod/upload_tmp/phpRYtiXm.sp::OnClientAuthorized
L 08/18/2020 - 14:51:30: [SM] Exception reported: Language phrase "Player_Connected_From" not found (arg 3)
L 08/18/2020 - 14:51:30: [SM] Blaming: advadmin.smx
L 08/18/2020 - 14:51:30: [SM] Call stack trace:
L 08/18/2020 - 14:51:30: [SM]   [0] VFormat
L 08/18/2020 - 14:51:30: [SM]   [1] Line 386, /groups/sourcemod/compiler-1.10/include/halflife.inc::PrintToChatAll
L 08/18/2020 - 14:51:30: [SM]   [2] Line 141, /home/groups/sourcemod/upload_tmp/phpRYtiXm.sp::OnClientAuthorized
L 08/18/2020 - 14:51:39: [SM] Exception reported: Language phrase "Player_Connected_From" not found (arg 3)
L 08/18/2020 - 14:51:39: [SM] Blaming: advadmin.smx
L 08/18/2020 - 14:51:39: [SM] Call stack trace:
L 08/18/2020 - 14:51:39: [SM]   [0] VFormat
L 08/18/2020 - 14:51:39: [SM]   [1] Line 386, /groups/sourcemod/compiler-1.10/include/halflife.inc::PrintToChatAll
L 08/18/2020 - 14:51:39: [SM]   [2] Line 141, /home/groups/sourcemod/upload_tmp/phpRYtiXm.sp::OnClientAuthorized
L 08/18/2020 - 14:51:45: [SM] Exception reported: Language phrase "Player_Connected_From" not found (arg 3)
L 08/18/2020 - 14:51:45: [SM] Blaming: advadmin.smx
L 08/18/2020 - 14:51:45: [SM] Call stack trace:
L 08/18/2020 - 14:51:45: [SM]   [0] VFormat
L 08/18/2020 - 14:51:45: [SM]   [1] Line 386, /groups/sourcemod/compiler-1.10/include/halflife.inc::PrintToChatAll
L 08/18/2020 - 14:51:45: [SM]   [2] Line 141, /home/groups/sourcemod/upload_tmp/phpRYtiXm.sp::OnClientAuthorized
L 08/18/2020 - 14:52:10: [SM] Exception reported: Language phrase "Player_Connected_From" not found (arg 3)
L 08/18/2020 - 14:52:10: [SM] Blaming: advadmin.smx
L 08/18/2020 - 14:52:10: [SM] Call stack trace:
L 08/18/2020 - 14:52:10: [SM]   [0] VFormat
L 08/18/2020 - 14:52:10: [SM]   [1] Line 386, /groups/sourcemod/compiler-1.10/include/halflife.inc::PrintToChatAll
L 08/18/2020 - 14:52:10: [SM]   [2] Line 141, /home/groups/sourcemod/upload_tmp/phpRYtiXm.sp::OnClientAuthorized
L 08/18/2020 - 14:52:43: [SM] Exception reported: Language phrase "Player_Connected_From" not found (arg 3)
L 08/18/2020 - 14:52:43: [SM] Blaming: advadmin.smx
L 08/18/2020 - 14:52:43: [SM] Call stack trace:
L 08/18/2020 - 14:52:43: [SM]   [0] VFormat
L 08/18/2020 - 14:52:43: [SM]   [1] Line 386, /groups/sourcemod/compiler-1.10/include/halflife.inc::PrintToChatAll
L 08/18/2020 - 14:52:43: [SM]   [2] Line 141, /home/groups/sourcemod/upload_tmp/phpRYtiXm.sp::OnClientAuthorized
L 08/18/2020 - 14:53:03: [SM] Exception reported: Language phrase "Player_Connected_From" not found (arg 3)
L 08/18/2020 - 14:53:03: [SM] Blaming: advadmin.smx
L 08/18/2020 - 14:53:03: [SM] Call stack trace:
L 08/18/2020 - 14:53:03: [SM]   [0] VFormat
L 08/18/2020 - 14:53:03: [SM]   [1] Line 386, /groups/sourcemod/compiler-1.10/include/halflife.inc::PrintToChatAll
L 08/18/2020 - 14:53:03: [SM]   [2] Line 141, /home/groups/sourcemod/upload_tmp/phpRYtiXm.sp::OnClientAuthorized
L 08/18/2020 - 14:54:03: [SM] Exception reported: Array index out-of-bounds (index 64, limit 55)
L 08/18/2020 - 14:54:03: [SM] Blaming: weapon_restrict.smx
L 08/18/2020 - 14:54:03: [SM] Call stack trace:
L 08/18/2020 - 14:54:03: [SM]   [1] Line 202, restrictinc/events.sp::CS_OnBuyCommand
L 08/18/2020 - 14:54:08: [SM] Exception reported: Array index out-of-bounds (index 64, limit 55)
L 08/18/2020 - 14:54:08: [SM] Blaming: weapon_restrict.smx
L 08/18/2020 - 14:54:08: [SM] Call stack trace:
L 08/18/2020 - 14:54:08: [SM]   [1] Line 202, restrictinc/events.sp::CS_OnBuyCommand
L 08/18/2020 - 14:54:12: [SM] Exception reported: Array index out-of-bounds (index 64, limit 55)
L 08/18/2020 - 14:54:12: [SM] Blaming: weapon_restrict.smx
L 08/18/2020 - 14:54:12: [SM] Call stack trace:
L 08/18/2020 - 14:54:12: [SM]   [1] Line 202, restrictinc/events.sp::CS_OnBuyCommand
L 08/18/2020 - 14:54:59: [SM] Exception reported: Array index out-of-bounds (index 64, limit 55)
L 08/18/2020 - 14:54:59: [SM] Blaming: weapon_restrict.smx
L 08/18/2020 - 14:54:59: [SM] Call stack trace:
L 08/18/2020 - 14:54:59: [SM]   [1] Line 202, restrictinc/events.sp::CS_OnBuyCommand
L 08/18/2020 - 14:55:03: [SM] Exception reported: Array index out-of-bounds (index 64, limit 55)
L 08/18/2020 - 14:55:03: [SM] Blaming: weapon_restrict.smx
L 08/18/2020 - 14:55:03: [SM] Call stack trace:
L 08/18/2020 - 14:55:03: [SM]   [1] Line 202, restrictinc/events.sp::CS_OnBuyCommand
L 08/18/2020 - 14:55:06: [SM] Exception reported: Array index out-of-bounds (index 64, limit 55)
L 08/18/2020 - 14:55:06: [SM] Blaming: weapon_restrict.smx
L 08/18/2020 - 14:55:06: [SM] Call stack trace:
L 08/18/2020 - 14:55:06: [SM]   [1] Line 202, restrictinc/events.sp::CS_OnBuyCommand
L 08/18/2020 - 14:55:17: [SM] Exception reported: Array index out-of-bounds (index 64, limit 55)
L 08/18/2020 - 14:55:17: [SM] Blaming: weapon_restrict.smx
L 08/18/2020 - 14:55:17: [SM] Call stack trace:
L 08/18/2020 - 14:55:17: [SM]   [1] Line 202, restrictinc/events.sp::CS_OnBuyCommand
L 08/18/2020 - 14:56:10: [SM] Exception reported: Array index out-of-bounds (index 64, limit 55)
L 08/18/2020 - 14:56:10: [SM] Blaming: weapon_restrict.smx
L 08/18/2020 - 14:56:10: [SM] Call stack trace:
L 08/18/2020 - 14:56:10: [SM]   [1] Line 202, restrictinc/events.sp::CS_OnBuyCommand
L 08/18/2020 - 14:56:13: [SM] Exception reported: Array index out-of-bounds (index 64, limit 55)
L 08/18/2020 - 14:56:13: [SM] Blaming: weapon_restrict.smx
L 08/18/2020 - 14:56:13: [SM] Call stack trace:
L 08/18/2020 - 14:56:13: [SM]   [1] Line 202, restrictinc/events.sp::CS_OnBuyCommand
L 08/18/2020 - 14:56:23: [SM] Exception reported: Array index out-of-bounds (index 64, limit 55)
L 08/18/2020 - 14:56:23: [SM] Blaming: weapon_restrict.smx
L 08/18/2020 - 14:56:23: [SM] Call stack trace:
L 08/18/2020 - 14:56:23: [SM]   [1] Line 202, restrictinc/events.sp::CS_OnBuyCommand
L 08/18/2020 - 14:58:50: [SM] Exception reported: Array index out-of-bounds (index 64, limit 55)
L 08/18/2020 - 14:58:50: [SM] Blaming: weapon_restrict.smx
L 08/18/2020 - 14:58:50: [SM] Call stack trace:
L 08/18/2020 - 14:58:50: [SM]   [1] Line 202, restrictinc/events.sp::CS_OnBuyCommand
L 08/18/2020 - 15:00:28: [SM] Exception reported: Array index out-of-bounds (index 64, limit 55)
L 08/18/2020 - 15:00:28: [SM] Blaming: weapon_restrict.smx
L 08/18/2020 - 15:00:28: [SM] Call stack trace:
L 08/18/2020 - 15:00:28: [SM]   [1] Line 202, restrictinc/events.sp::CS_OnBuyCommand
L 08/18/2020 - 15:01:48: [SM] Exception reported: Array index out-of-bounds (index 64, limit 55)
L 08/18/2020 - 15:01:48: [SM] Blaming: weapon_restrict.smx
L 08/18/2020 - 15:01:48: [SM] Call stack trace:
L 08/18/2020 - 15:01:48: [SM]   [1] Line 202, restrictinc/events.sp::CS_OnBuyCommand
L 08/18/2020 - 15:02:58: [SM] Exception reported: Array index out-of-bounds (index 64, limit 55)
L 08/18/2020 - 15:02:58: [SM] Blaming: weapon_restrict.smx
L 08/18/2020 - 15:02:58: [SM] Call stack trace:
L 08/18/2020 - 15:02:58: [SM]   [1] Line 202, restrictinc/events.sp::CS_OnBuyCommand
L 08/18/2020 - 15:04:06: [SM] Exception reported: Array index out-of-bounds (index 64, limit 55)
L 08/18/2020 - 15:04:06: [SM] Blaming: weapon_restrict.smx
L 08/18/2020 - 15:04:06: [SM] Call stack trace:
L 08/18/2020 - 15:04:06: [SM]   [1] Line 202, restrictinc/events.sp::CS_OnBuyCommand
L 08/18/2020 - 15:05:39: [SM] Exception reported: Array index out-of-bounds (index 64, limit 55)
L 08/18/2020 - 15:05:39: [SM] Blaming: weapon_restrict.smx
L 08/18/2020 - 15:05:39: [SM] Call stack trace:
L 08/18/2020 - 15:05:39: [SM]   [1] Line 202, restrictinc/events.sp::CS_OnBuyCommand
L 08/18/2020 - 15:05:42: [SM] Exception reported: Array index out-of-bounds (index 64, limit 55)
L 08/18/2020 - 15:05:42: [SM] Blaming: weapon_restrict.smx
L 08/18/2020 - 15:05:42: [SM] Call stack trace:
L 08/18/2020 - 15:05:42: [SM]   [1] Line 202, restrictinc/events.sp::CS_OnBuyCommand
L 08/18/2020 - 15:05:52: [SM] Exception reported: Array index out-of-bounds (index 64, limit 55)
L 08/18/2020 - 15:05:52: [SM] Blaming: weapon_restrict.smx
L 08/18/2020 - 15:05:52: [SM] Call stack trace:
L 08/18/2020 - 15:05:52: [SM]   [1] Line 202, restrictinc/events.sp::CS_OnBuyCommand
L 08/18/2020 - 15:06:34: [SM] Exception reported: Array index out-of-bounds (index 64, limit 55)
L 08/18/2020 - 15:06:34: [SM] Blaming: weapon_restrict.smx
L 08/18/2020 - 15:06:34: [SM] Call stack trace:
L 08/18/2020 - 15:06:34: [SM]   [1] Line 202, restrictinc/events.sp::CS_OnBuyCommand
L 08/18/2020 - 15:06:36: [SM] Exception reported: Array index out-of-bounds (index 64, limit 55)
L 08/18/2020 - 15:06:36: [SM] Blaming: weapon_restrict.smx
L 08/18/2020 - 15:06:36: [SM] Call stack trace:
L 08/18/2020 - 15:06:36: [SM]   [1] Line 202, restrictinc/events.sp::CS_OnBuyCommand
L 08/18/2020 - 15:06:48: [SM] Exception reported: Array index out-of-bounds (index 64, limit 55)
L 08/18/2020 - 15:06:48: [SM] Blaming: weapon_restrict.smx
L 08/18/2020 - 15:06:48: [SM] Call stack trace:
L 08/18/2020 - 15:06:48: [SM]   [1] Line 202, restrictinc/events.sp::CS_OnBuyCommand
L 08/18/2020 - 15:07:31: [SM] Exception reported: Array index out-of-bounds (index 64, limit 55)
L 08/18/2020 - 15:07:31: [SM] Blaming: weapon_restrict.smx
L 08/18/2020 - 15:07:31: [SM] Call stack trace:
L 08/18/2020 - 15:07:31: [SM]   [1] Line 202, restrictinc/events.sp::CS_OnBuyCommand
L 08/18/2020 - 15:09:26: [SM] Exception reported: Language phrase "Player_Connected_From" not found (arg 3)
L 08/18/2020 - 15:09:26: [SM] Blaming: advadmin.smx
L 08/18/2020 - 15:09:26: [SM] Call stack trace:
L 08/18/2020 - 15:09:26: [SM]   [0] VFormat
L 08/18/2020 - 15:09:26: [SM]   [1] Line 386, /groups/sourcemod/compiler-1.10/include/halflife.inc::PrintToChatAll
L 08/18/2020 - 15:09:26: [SM]   [2] Line 141, /home/groups/sourcemod/upload_tmp/phpRYtiXm.sp::OnClientAuthorized
L 08/18/2020 - 15:10:04: [SM] Exception reported: Array index out-of-bounds (index 64, limit 55)
L 08/18/2020 - 15:10:04: [SM] Blaming: weapon_restrict.smx
L 08/18/2020 - 15:10:04: [SM] Call stack trace:
L 08/18/2020 - 15:10:04: [SM]   [1] Line 202, restrictinc/events.sp::CS_OnBuyCommand
L 08/18/2020 - 15:10:32: [SM] Exception reported: Array index out-of-bounds (index 64, limit 55)
L 08/18/2020 - 15:10:32: [SM] Blaming: weapon_restrict.smx
L 08/18/2020 - 15:10:32: [SM] Call stack trace:
L 08/18/2020 - 15:10:32: [SM]   [1] Line 202, restrictinc/events.sp::CS_OnBuyCommand
L 08/18/2020 - 15:10:33: [SM] Exception reported: Language phrase "Player_Connected_From" not found (arg 3)
L 08/18/2020 - 15:10:33: [SM] Blaming: advadmin.smx
L 08/18/2020 - 15:10:33: [SM] Call stack trace:
L 08/18/2020 - 15:10:33: [SM]   [0] VFormat
L 08/18/2020 - 15:10:33: [SM]   [1] Line 386, /groups/sourcemod/compiler-1.10/include/halflife.inc::PrintToChatAll
L 08/18/2020 - 15:10:33: [SM]   [2] Line 141, /home/groups/sourcemod/upload_tmp/phpRYtiXm.sp::OnClientAuthorized
L 08/18/2020 - 15:10:41: [SM] Exception reported: Array index out-of-bounds (index 64, limit 55)
L 08/18/2020 - 15:10:41: [SM] Blaming: weapon_restrict.smx
L 08/18/2020 - 15:10:41: [SM] Call stack trace:
L 08/18/2020 - 15:10:41: [SM]   [1] Line 202, restrictinc/events.sp::CS_OnBuyCommand
L 08/18/2020 - 15:12:17: Error log file session closed.
L 08/18/2020 - 15:12:17: SourceMod error session started
L 08/18/2020 - 15:12:17: Info (map "cs_agency") (file "/home/tcagame/jackm1/488/csgo/addons/sourcemod/logs/errors_20200818.log")
L 08/18/2020 - 15:12:17: [SM] Fatal error encountered parsing translation file "advadmin.phrases.txt"
L 08/18/2020 - 15:12:17: [SM] Error (line 0, column 0): Stream failed to open
L 08/18/2020 - 15:12:58: [SM] Exception reported: Language phrase "Player_Connected" not found (arg 3)
L 08/18/2020 - 15:12:58: [SM] Blaming: advadmin.smx
L 08/18/2020 - 15:12:58: [SM] Call stack trace:
L 08/18/2020 - 15:12:58: [SM]   [0] VFormat
L 08/18/2020 - 15:12:58: [SM]   [1] Line 386, /groups/sourcemod/compiler-1.10/include/halflife.inc::PrintToChatAll
L 08/18/2020 - 15:12:58: [SM]   [2] Line 145, /home/groups/sourcemod/upload_tmp/phpRYtiXm.sp::OnClientAuthorized
L 08/18/2020 - 15:14:47: [SM] Exception reported: Language phrase "Player_Connected" not found (arg 3)
L 08/18/2020 - 15:14:47: [SM] Blaming: advadmin.smx
L 08/18/2020 - 15:14:47: [SM] Call stack trace:
L 08/18/2020 - 15:14:47: [SM]   [0] VFormat
L 08/18/2020 - 15:14:47: [SM]   [1] Line 386, /groups/sourcemod/compiler-1.10/include/halflife.inc::PrintToChatAll
L 08/18/2020 - 15:14:47: [SM]   [2] Line 145, /home/groups/sourcemod/upload_tmp/phpRYtiXm.sp::OnClientAuthorized
L 08/18/2020 - 15:15:12: Error log file session closed.
L 08/18/2020 - 15:15:12: SourceMod error session started
L 08/18/2020 - 15:15:12: Info (map "de_bank") (file "/home/tcagame/jackm1/488/csgo/addons/sourcemod/logs/errors_20200818.log")
L 08/18/2020 - 15:15:12: [SM] Fatal error encountered parsing translation file "advadmin.phrases.txt"
L 08/18/2020 - 15:15:12: [SM] Error (line 0, column 0): Stream failed to open
L 08/18/2020 - 15:15:30: [SM] Exception reported: Language phrase "Player_Connected" not found (arg 3)
L 08/18/2020 - 15:15:30: [SM] Blaming: advadmin.smx
L 08/18/2020 - 15:15:30: [SM] Call stack trace:
L 08/18/2020 - 15:15:30: [SM]   [0] VFormat
L 08/18/2020 - 15:15:30: [SM]   [1] Line 386, /groups/sourcemod/compiler-1.10/include/halflife.inc::PrintToChatAll
L 08/18/2020 - 15:15:30: [SM]   [2] Line 145, /home/groups/sourcemod/upload_tmp/phpRYtiXm.sp::OnClientAuthorized
L 08/18/2020 - 15:15:41: [SM] Exception reported: Language phrase "Player_Connected" not found (arg 3)
L 08/18/2020 - 15:15:41: [SM] Blaming: advadmin.smx
L 08/18/2020 - 15:15:41: [SM] Call stack trace:
L 08/18/2020 - 15:15:41: [SM]   [0] VFormat
L 08/18/2020 - 15:15:41: [SM]   [1] Line 386, /groups/sourcemod/compiler-1.10/include/halflife.inc::PrintToChatAll
L 08/18/2020 - 15:15:41: [SM]   [2] Line 145, /home/groups/sourcemod/upload_tmp/phpRYtiXm.sp::OnClientAuthorized
L 08/18/2020 - 15:15:42: [SM] Exception reported: Language phrase "Player_Connected" not found (arg 3)
L 08/18/2020 - 15:15:42: [SM] Blaming: advadmin.smx
L 08/18/2020 - 15:15:42: [SM] Call stack trace:
L 08/18/2020 - 15:15:42: [SM]   [0] VFormat
L 08/18/2020 - 15:15:42: [SM]   [1] Line 386, /groups/sourcemod/compiler-1.10/include/halflife.inc::PrintToChatAll
L 08/18/2020 - 15:15:42: [SM]   [2] Line 145, /home/groups/sourcemod/upload_tmp/phpRYtiXm.sp::OnClientAuthorized
L 08/18/2020 - 15:16:04: [SM] Exception reported: Language phrase "Player_Connected" not found (arg 3)
L 08/18/2020 - 15:16:04: [SM] Blaming: advadmin.smx
L 08/18/2020 - 15:16:04: [SM] Call stack trace:
L 08/18/2020 - 15:16:04: [SM]   [0] VFormat
L 08/18/2020 - 15:16:04: [SM]   [1] Line 386, /groups/sourcemod/compiler-1.10/include/halflife.inc::PrintToChatAll
L 08/18/2020 - 15:16:04: [SM]   [2] Line 145, /home/groups/sourcemod/upload_tmp/phpRYtiXm.sp::OnClientAuthorized
L 08/18/2020 - 15:16:05: [SM] Exception reported: Language phrase "Player_Connected" not found (arg 3)
L 08/18/2020 - 15:16:05: [SM] Blaming: advadmin.smx
L 08/18/2020 - 15:16:05: [SM] Call stack trace:
L 08/18/2020 - 15:16:05: [SM]   [0] VFormat
L 08/18/2020 - 15:16:05: [SM]   [1] Line 386, /groups/sourcemod/compiler-1.10/include/halflife.inc::PrintToChatAll
L 08/18/2020 - 15:16:05: [SM]   [2] Line 145, /home/groups/sourcemod/upload_tmp/phpRYtiXm.sp::OnClientAuthorized
L 08/18/2020 - 15:16:09: [SM] Exception reported: Language phrase "Player_Connected" not found (arg 3)
L 08/18/2020 - 15:16:09: [SM] Blaming: advadmin.smx
L 08/18/2020 - 15:16:09: [SM] Call stack trace:
L 08/18/2020 - 15:16:09: [SM]   [0] VFormat
L 08/18/2020 - 15:16:09: [SM]   [1] Line 386, /groups/sourcemod/compiler-1.10/include/halflife.inc::PrintToChatAll
L 08/18/2020 - 15:16:09: [SM]   [2] Line 145, /home/groups/sourcemod/upload_tmp/phpRYtiXm.sp::OnClientAuthorized
L 08/18/2020 - 15:16:12: [SM] Exception reported: Language phrase "Player_Connected" not found (arg 3)
L 08/18/2020 - 15:16:12: [SM] Blaming: advadmin.smx
L 08/18/2020 - 15:16:12: [SM] Call stack trace:
L 08/18/2020 - 15:16:12: [SM]   [0] VFormat
L 08/18/2020 - 15:16:12: [SM]   [1] Line 386, /groups/sourcemod/compiler-1.10/include/halflife.inc::PrintToChatAll
L 08/18/2020 - 15:16:12: [SM]   [2] Line 145, /home/groups/sourcemod/upload_tmp/phpRYtiXm.sp::OnClientAuthorized
L 08/18/2020 - 15:16:20: [SM] Exception reported: Language phrase "Player_Connected" not found (arg 3)
L 08/18/2020 - 15:16:20: [SM] Blaming: advadmin.smx
L 08/18/2020 - 15:16:20: [SM] Call stack trace:
L 08/18/2020 - 15:16:20: [SM]   [0] VFormat
L 08/18/2020 - 15:16:20: [SM]   [1] Line 386, /groups/sourcemod/compiler-1.10/include/halflife.inc::PrintToChatAll
L 08/18/2020 - 15:16:20: [SM]   [2] Line 145, /home/groups/sourcemod/upload_tmp/phpRYtiXm.sp::OnClientAuthorized
L 08/18/2020 - 15:16:39: [SM] Exception reported: Language phrase "Player_Connected" not found (arg 3)
L 08/18/2020 - 15:16:39: [SM] Blaming: advadmin.smx
L 08/18/2020 - 15:16:39: [SM] Call stack trace:
L 08/18/2020 - 15:16:39: [SM]   [0] VFormat
L 08/18/2020 - 15:16:39: [SM]   [1] Line 386, /groups/sourcemod/compiler-1.10/include/halflife.inc::PrintToChatAll
L 08/18/2020 - 15:16:39: [SM]   [2] Line 145, /home/groups/sourcemod/upload_tmp/phpRYtiXm.sp::OnClientAuthorized
L 08/18/2020 - 15:17:17: [SM] Exception reported: Array index out-of-bounds (index 64, limit 55)
L 08/18/2020 - 15:17:17: [SM] Blaming: weapon_restrict.smx
L 08/18/2020 - 15:17:17: [SM] Call stack trace:
L 08/18/2020 - 15:17:17: [SM]   [1] Line 202, restrictinc/events.sp::CS_OnBuyCommand
L 08/18/2020 - 15:17:18: [SM] Exception reported: Array index out-of-bounds (index 64, limit 55)
L 08/18/2020 - 15:17:18: [SM] Blaming: weapon_restrict.smx
L 08/18/2020 - 15:17:18: [SM] Call stack trace:
L 08/18/2020 - 15:17:18: [SM]   [1] Line 202, restrictinc/events.sp::CS_OnBuyCommand
L 08/18/2020 - 15:18:34: [SM] Exception reported: Array index out-of-bounds (index 64, limit 55)
L 08/18/2020 - 15:18:34: [SM] Blaming: weapon_restrict.smx
L 08/18/2020 - 15:18:34: [SM] Call stack trace:
L 08/18/2020 - 15:18:34: [SM]   [1] Line 202, restrictinc/events.sp::CS_OnBuyCommand
L 08/18/2020 - 15:18:34: [SM] Exception reported: Array index out-of-bounds (index 64, limit 55)
L 08/18/2020 - 15:18:34: [SM] Blaming: weapon_restrict.smx
L 08/18/2020 - 15:18:34: [SM] Call stack trace:
L 08/18/2020 - 15:18:34: [SM]   [1] Line 202, restrictinc/events.sp::CS_OnBuyCommand
L 08/18/2020 - 15:18:37: [SM] Exception reported: Array index out-of-bounds (index 64, limit 55)
L 08/18/2020 - 15:18:37: [SM] Blaming: weapon_restrict.smx
L 08/18/2020 - 15:18:37: [SM] Call stack trace:
L 08/18/2020 - 15:18:37: [SM]   [1] Line 202, restrictinc/events.sp::CS_OnBuyCommand
L 08/18/2020 - 15:18:38: [SM] Exception reported: Array index out-of-bounds (index 64, limit 55)
L 08/18/2020 - 15:18:38: [SM] Blaming: weapon_restrict.smx
L 08/18/2020 - 15:18:38: [SM] Call stack trace:
L 08/18/2020 - 15:18:38: [SM]   [1] Line 202, restrictinc/events.sp::CS_OnBuyCommand
L 08/18/2020 - 15:18:38: [SM] Exception reported: Array index out-of-bounds (index 64, limit 55)
L 08/18/2020 - 15:18:38: [SM] Blaming: weapon_restrict.smx
L 08/18/2020 - 15:18:38: [SM] Call stack trace:
L 08/18/2020 - 15:18:38: [SM]   [1] Line 202, restrictinc/events.sp::CS_OnBuyCommand
L 08/18/2020 - 15:18:41: [SM] Exception reported: Array index out-of-bounds (index 64, limit 55)
L 08/18/2020 - 15:18:41: [SM] Blaming: weapon_restrict.smx
L 08/18/2020 - 15:18:41: [SM] Call stack trace:
L 08/18/2020 - 15:18:41: [SM]   [1] Line 202, restrictinc/events.sp::CS_OnBuyCommand
L 08/18/2020 - 15:18:45: [SM] Exception reported: Array index out-of-bounds (index 64, limit 55)
L 08/18/2020 - 15:18:45: [SM] Blaming: weapon_restrict.smx
L 08/18/2020 - 15:18:45: [SM] Call stack trace:
L 08/18/2020 - 15:18:45: [SM]   [1] Line 202, restrictinc/events.sp::CS_OnBuyCommand
L 08/18/2020 - 15:18:45: [SM] Exception reported: Array index out-of-bounds (index 64, limit 55)
L 08/18/2020 - 15:18:45: [SM] Blaming: weapon_restrict.smx
L 08/18/2020 - 15:18:45: [SM] Call stack trace:
L 08/18/2020 - 15:18:45: [SM]   [1] Line 202, restrictinc/events.sp::CS_OnBuyCommand
L 08/18/2020 - 15:18:45: [SM] Exception reported: Array index out-of-bounds (index 64, limit 55)
L 08/18/2020 - 15:18:45: [SM] Blaming: weapon_restrict.smx
L 08/18/2020 - 15:18:45: [SM] Call stack trace:
L 08/18/2020 - 15:18:45: [SM]   [1] Line 202, restrictinc/events.sp::CS_OnBuyCommand
L 08/18/2020 - 15:18:46: [SM] Exception reported: Array index out-of-bounds (index 64, limit 55)
L 08/18/2020 - 15:18:46: [SM] Blaming: weapon_restrict.smx
L 08/18/2020 - 15:18:46: [SM] Call stack trace:
L 08/18/2020 - 15:18:46: [SM]   [1] Line 202, restrictinc/events.sp::CS_OnBuyCommand
L 08/18/2020 - 15:18:46: [SM] Exception reported: Array index out-of-bounds (index 64, limit 55)
L 08/18/2020 - 15:18:46: [SM] Blaming: weapon_restrict.smx
L 08/18/2020 - 15:18:46: [SM] Call stack trace:
L 08/18/2020 - 15:18:46: [SM]   [1] Line 202, restrictinc/events.sp::CS_OnBuyCommand
L 08/18/2020 - 15:18:48: [SM] Exception reported: Array index out-of-bounds (index 64, limit 55)
L 08/18/2020 - 15:18:48: [SM] Blaming: weapon_restrict.smx
L 08/18/2020 - 15:18:48: [SM] Call stack trace:
L 08/18/2020 - 15:18:48: [SM]   [1] Line 202, restrictinc/events.sp::CS_OnBuyCommand
L 08/18/2020 - 15:18:51: [SM] Exception reported: Array index out-of-bounds (index 64, limit 55)
L 08/18/2020 - 15:18:51: [SM] Blaming: weapon_restrict.smx
L 08/18/2020 - 15:18:51: [SM] Call stack trace:
L 08/18/2020 - 15:18:51: [SM]   [1] Line 202, restrictinc/events.sp::CS_OnBuyCommand
L 08/18/2020 - 15:18:52: [SM] Exception reported: Array index out-of-bounds (index 64, limit 55)
L 08/18/2020 - 15:18:52: [SM] Blaming: weapon_restrict.smx
L 08/18/2020 - 15:18:52: [SM] Call stack trace:
L 08/18/2020 - 15:18:52: [SM]   [1] Line 202, restrictinc/events.sp::CS_OnBuyCommand
L 08/18/2020 - 15:20:30: [SM] Exception reported: Array index out-of-bounds (index 64, limit 55)
L 08/18/2020 - 15:20:30: [SM] Blaming: weapon_restrict.smx
L 08/18/2020 - 15:20:30: [SM] Call stack trace:
L 08/18/2020 - 15:20:30: [SM]   [1] Line 202, restrictinc/events.sp::CS_OnBuyCommand
L 08/18/2020 - 15:20:31: [SM] Exception reported: Array index out-of-bounds (index 64, limit 55)
L 08/18/2020 - 15:20:31: [SM] Blaming: weapon_restrict.smx
L 08/18/2020 - 15:20:31: [SM] Call stack trace:
L 08/18/2020 - 15:20:31: [SM]   [1] Line 202, restrictinc/events.sp::CS_OnBuyCommand
L 08/18/2020 - 15:20:31: [SM] Exception reported: Array index out-of-bounds (index 64, limit 55)
L 08/18/2020 - 15:20:31: [SM] Blaming: weapon_restrict.smx
L 08/18/2020 - 15:20:31: [SM] Call stack trace:
L 08/18/2020 - 15:20:31: [SM]   [1] Line 202, restrictinc/events.sp::CS_OnBuyCommand
L 08/18/2020 - 15:20:35: [SM] Exception reported: Array index out-of-bounds (index 64, limit 55)
L 08/18/2020 - 15:20:35: [SM] Blaming: weapon_restrict.smx
L 08/18/2020 - 15:20:35: [SM] Call stack trace:
L 08/18/2020 - 15:20:35: [SM]   [1] Line 202, restrictinc/events.sp::CS_OnBuyCommand
L 08/18/2020 - 15:20:35: [SM] Exception reported: Array index out-of-bounds (index 64, limit 55)
L 08/18/2020 - 15:20:35: [SM] Blaming: weapon_restrict.smx
L 08/18/2020 - 15:20:35: [SM] Call stack trace:
L 08/18/2020 - 15:20:35: [SM]   [1] Line 202, restrictinc/events.sp::CS_OnBuyCommand
L 08/18/2020 - 15:20:36: [SM] Exception reported: Array index out-of-bounds (index 64, limit 55)
L 08/18/2020 - 15:20:36: [SM] Blaming: weapon_restrict.smx
L 08/18/2020 - 15:20:36: [SM] Call stack trace:
L 08/18/2020 - 15:20:36: [SM]   [1] Line 202, restrictinc/events.sp::CS_OnBuyCommand
L 08/18/2020 - 15:20:39: [SM] Exception reported: Array index out-of-bounds (index 64, limit 55)
L 08/18/2020 - 15:20:39: [SM] Blaming: weapon_restrict.smx
L 08/18/2020 - 15:20:39: [SM] Call stack trace:
L 08/18/2020 - 15:20:39: [SM]   [1] Line 202, restrictinc/events.sp::CS_OnBuyCommand
L 08/18/2020 - 15:21:59: [SM] Exception reported: Array index out-of-bounds (index 64, limit 55)
L 08/18/2020 - 15:21:59: [SM] Blaming: weapon_restrict.smx
L 08/18/2020 - 15:21:59: [SM] Call stack trace:
L 08/18/2020 - 15:21:59: [SM]   [1] Line 202, restrictinc/events.sp::CS_OnBuyCommand
L 08/18/2020 - 15:24:39: [SM] Exception reported: Array index out-of-bounds (index 64, limit 55)
L 08/18/2020 - 15:24:39: [SM] Blaming: weapon_restrict.smx
L 08/18/2020 - 15:24:39: [SM] Call stack trace:
L 08/18/2020 - 15:24:39: [SM]   [1] Line 202, restrictinc/events.sp::CS_OnBuyCommand
L 08/18/2020 - 15:24:43: [SM] Exception reported: Array index out-of-bounds (index 64, limit 55)
L 08/18/2020 - 15:24:43: [SM] Blaming: weapon_restrict.smx
L 08/18/2020 - 15:24:43: [SM] Call stack trace:
L 08/18/2020 - 15:24:43: [SM]   [1] Line 202, restrictinc/events.sp::CS_OnBuyCommand
L 08/18/2020 - 15:26:55: [SM] Exception reported: Array index out-of-bounds (index 64, limit 55)
L 08/18/2020 - 15:26:55: [SM] Blaming: weapon_restrict.smx
L 08/18/2020 - 15:26:55: [SM] Call stack trace:
L 08/18/2020 - 15:26:55: [SM]   [1] Line 202, restrictinc/events.sp::CS_OnBuyCommand
L 08/18/2020 - 15:33:57: [SM] Exception reported: Array index out-of-bounds (index 64, limit 55)
L 08/18/2020 - 15:33:57: [SM] Blaming: weapon_restrict.smx
L 08/18/2020 - 15:33:57: [SM] Call stack trace:
L 08/18/2020 - 15:33:57: [SM]   [1] Line 202, restrictinc/events.sp::CS_OnBuyCommand
L 08/18/2020 - 15:34:49: [SM] Exception reported: Array index out-of-bounds (index 64, limit 55)
L 08/18/2020 - 15:34:49: [SM] Blaming: weapon_restrict.smx
L 08/18/2020 - 15:34:49: [SM] Call stack trace:
L 08/18/2020 - 15:34:49: [SM]   [1] Line 202, restrictinc/events.sp::CS_OnBuyCommand
L 08/18/2020 - 15:34:51: [SM] Exception reported: Array index out-of-bounds (index 64, limit 55)
L 08/18/2020 - 15:34:51: [SM] Blaming: weapon_restrict.smx
L 08/18/2020 - 15:34:51: [SM] Call stack trace:
L 08/18/2020 - 15:34:51: [SM]   [1] Line 202, restrictinc/events.sp::CS_OnBuyCommand
L 08/18/2020 - 15:34:55: [SM] Exception reported: Array index out-of-bounds (index 64, limit 55)
L 08/18/2020 - 15:34:55: [SM] Blaming: weapon_restrict.smx
L 08/18/2020 - 15:34:55: [SM] Call stack trace:
L 08/18/2020 - 15:34:55: [SM]   [1] Line 202, restrictinc/events.sp::CS_OnBuyCommand
L 08/18/2020 - 15:36:02: [SM] Exception reported: Array index out-of-bounds (index 64, limit 55)
L 08/18/2020 - 15:36:02: [SM] Blaming: weapon_restrict.smx
L 08/18/2020 - 15:36:02: [SM] Call stack trace:
L 08/18/2020 - 15:36:02: [SM]   [1] Line 202, restrictinc/events.sp::CS_OnBuyCommand
L 08/18/2020 - 15:36:05: [SM] Exception reported: Array index out-of-bounds (index 64, limit 55)
L 08/18/2020 - 15:36:05: [SM] Blaming: weapon_restrict.smx
L 08/18/2020 - 15:36:05: [SM] Call stack trace:
L 08/18/2020 - 15:36:05: [SM]   [1] Line 202, restrictinc/events.sp::CS_OnBuyCommand
L 08/18/2020 - 15:36:12: [SM] Exception reported: Array index out-of-bounds (index 64, limit 55)
L 08/18/2020 - 15:36:12: [SM] Blaming: weapon_restrict.smx
L 08/18/2020 - 15:36:12: [SM] Call stack trace:
L 08/18/2020 - 15:36:12: [SM]   [1] Line 202, restrictinc/events.sp::CS_OnBuyCommand
L 08/18/2020 - 15:36:15: [SM] Exception reported: Array index out-of-bounds (index 64, limit 55)
L 08/18/2020 - 15:36:15: [SM] Blaming: weapon_restrict.smx
L 08/18/2020 - 15:36:15: [SM] Call stack trace:
L 08/18/2020 - 15:36:15: [SM]   [1] Line 202, restrictinc/events.sp::CS_OnBuyCommand
L 08/18/2020 - 15:36:16: [SM] Exception reported: Array index out-of-bounds (index 64, limit 55)
L 08/18/2020 - 15:36:16: [SM] Blaming: weapon_restrict.smx
L 08/18/2020 - 15:36:16: [SM] Call stack trace:
L 08/18/2020 - 15:36:16: [SM]   [1] Line 202, restrictinc/events.sp::CS_OnBuyCommand
L 08/18/2020 - 15:39:13: [SM] Exception reported: Array index out-of-bounds (index 64, limit 55)
L 08/18/2020 - 15:39:13: [SM] Blaming: weapon_restrict.smx
L 08/18/2020 - 15:39:13: [SM] Call stack trace:
L 08/18/2020 - 15:39:13: [SM]   [1] Line 202, restrictinc/events.sp::CS_OnBuyCommand
L 08/18/2020 - 15:39:19: [SM] Exception reported: Array index out-of-bounds (index 64, limit 55)
L 08/18/2020 - 15:39:19: [SM] Blaming: weapon_restrict.smx
L 08/18/2020 - 15:39:19: [SM] Call stack trace:
L 08/18/2020 - 15:39:19: [SM]   [1] Line 202, restrictinc/events.sp::CS_OnBuyCommand
L 08/18/2020 - 15:39:22: [SM] Exception reported: Array index out-of-bounds (index 64, limit 55)
L 08/18/2020 - 15:39:22: [SM] Blaming: weapon_restrict.smx
L 08/18/2020 - 15:39:22: [SM] Call stack trace:
L 08/18/2020 - 15:39:22: [SM]   [1] Line 202, restrictinc/events.sp::CS_OnBuyCommand
L 08/18/2020 - 15:42:04: [SM] Exception reported: Array index out-of-bounds (index 64, limit 55)
L 08/18/2020 - 15:42:04: [SM] Blaming: weapon_restrict.smx
L 08/18/2020 - 15:42:04: [SM] Call stack trace:
L 08/18/2020 - 15:42:04: [SM]   [1] Line 202, restrictinc/events.sp::CS_OnBuyCommand
L 08/18/2020 - 15:42:04: [SM] Exception reported: Array index out-of-bounds (index 64, limit 55)
L 08/18/2020 - 15:42:04: [SM] Blaming: weapon_restrict.smx
L 08/18/2020 - 15:42:04: [SM] Call stack trace:
L 08/18/2020 - 15:42:04: [SM]   [1] Line 202, restrictinc/events.sp::CS_OnBuyCommand
L 08/18/2020 - 15:42:05: [SM] Exception reported: Array index out-of-bounds (index 64, limit 55)
L 08/18/2020 - 15:42:05: [SM] Blaming: weapon_restrict.smx
L 08/18/2020 - 15:42:05: [SM] Call stack trace:
L 08/18/2020 - 15:42:05: [SM]   [1] Line 202, restrictinc/events.sp::CS_OnBuyCommand
L 08/18/2020 - 15:42:06: [SM] Exception reported: Array index out-of-bounds (index 64, limit 55)
L 08/18/2020 - 15:42:06: [SM] Blaming: weapon_restrict.smx
L 08/18/2020 - 15:42:06: [SM] Call stack trace:
L 08/18/2020 - 15:42:06: [SM]   [1] Line 202, restrictinc/events.sp::CS_OnBuyCommand
L 08/18/2020 - 15:42:06: [SM] Exception reported: Array index out-of-bounds (index 64, limit 55)
L 08/18/2020 - 15:42:06: [SM] Blaming: weapon_restrict.smx
L 08/18/2020 - 15:42:06: [SM] Call stack trace:
L 08/18/2020 - 15:42:06: [SM]   [1] Line 202, restrictinc/events.sp::CS_OnBuyCommand
L 08/18/2020 - 15:42:10: [SM] Exception reported: Array index out-of-bounds (index 64, limit 55)
L 08/18/2020 - 15:42:10: [SM] Blaming: weapon_restrict.smx
L 08/18/2020 - 15:42:10: [SM] Call stack trace:
L 08/18/2020 - 15:42:10: [SM]   [1] Line 202, restrictinc/events.sp::CS_OnBuyCommand
L 08/18/2020 - 15:42:11: [SM] Exception reported: Array index out-of-bounds (index 64, limit 55)
L 08/18/2020 - 15:42:11: [SM] Blaming: weapon_restrict.smx
L 08/18/2020 - 15:42:11: [SM] Call stack trace:
L 08/18/2020 - 15:42:11: [SM]   [1] Line 202, restrictinc/events.sp::CS_OnBuyCommand
L 08/18/2020 - 15:42:14: [SM] Exception reported: Array index out-of-bounds (index 64, limit 55)
L 08/18/2020 - 15:42:14: [SM] Blaming: weapon_restrict.smx
L 08/18/2020 - 15:42:14: [SM] Call stack trace:
L 08/18/2020 - 15:42:14: [SM]   [1] Line 202, restrictinc/events.sp::CS_OnBuyCommand
L 08/18/2020 - 15:44:22: [SM] Exception reported: Array index out-of-bounds (index 64, limit 55)
L 08/18/2020 - 15:44:22: [SM] Blaming: weapon_restrict.smx
L 08/18/2020 - 15:44:22: [SM] Call stack trace:
L 08/18/2020 - 15:44:22: [SM]   [1] Line 202, restrictinc/events.sp::CS_OnBuyCommand
L 08/18/2020 - 15:44:23: [SM] Exception reported: Array index out-of-bounds (index 64, limit 55)
L 08/18/2020 - 15:44:23: [SM] Blaming: weapon_restrict.smx
L 08/18/2020 - 15:44:23: [SM] Call stack trace:
L 08/18/2020 - 15:44:23: [SM]   [1] Line 202, restrictinc/events.sp::CS_OnBuyCommand
L 08/18/2020 - 15:44:23: [SM] Exception reported: Array index out-of-bounds (index 64, limit 55)
L 08/18/2020 - 15:44:23: [SM] Blaming: weapon_restrict.smx
L 08/18/2020 - 15:44:23: [SM] Call stack trace:
L 08/18/2020 - 15:44:23: [SM]   [1] Line 202, restrictinc/events.sp::CS_OnBuyCommand
L 08/18/2020 - 15:44:26: [SM] Exception reported: Array index out-of-bounds (index 64, limit 55)
L 08/18/2020 - 15:44:26: [SM] Blaming: weapon_restrict.smx
L 08/18/2020 - 15:44:26: [SM] Call stack trace:
L 08/18/2020 - 15:44:26: [SM]   [1] Line 202, restrictinc/events.sp::CS_OnBuyCommand
L 08/18/2020 - 15:44:32: [SM] Exception reported: Array index out-of-bounds (index 64, limit 55)
L 08/18/2020 - 15:44:32: [SM] Blaming: weapon_restrict.smx
L 08/18/2020 - 15:44:32: [SM] Call stack trace:
L 08/18/2020 - 15:44:32: [SM]   [1] Line 202, restrictinc/events.sp::CS_OnBuyCommand
L 08/18/2020 - 15:45:55: [SM] Exception reported: Array index out-of-bounds (index 64, limit 55)
L 08/18/2020 - 15:45:55: [SM] Blaming: weapon_restrict.smx
L 08/18/2020 - 15:45:55: [SM] Call stack trace:
L 08/18/2020 - 15:45:55: [SM]   [1] Line 202, restrictinc/events.sp::CS_OnBuyCommand
L 08/18/2020 - 15:45:59: [SM] Exception reported: Array index out-of-bounds (index 64, limit 55)
L 08/18/2020 - 15:45:59: [SM] Blaming: weapon_restrict.smx
L 08/18/2020 - 15:45:59: [SM] Call stack trace:
L 08/18/2020 - 15:45:59: [SM]   [1] Line 202, restrictinc/events.sp::CS_OnBuyCommand
L 08/18/2020 - 15:46:01: [SM] Exception reported: Array index out-of-bounds (index 64, limit 55)
L 08/18/2020 - 15:46:01: [SM] Blaming: weapon_restrict.smx
L 08/18/2020 - 15:46:01: [SM] Call stack trace:
L 08/18/2020 - 15:46:01: [SM]   [1] Line 202, restrictinc/events.sp::CS_OnBuyCommand
L 08/18/2020 - 15:46:08: [SM] Exception reported: Array index out-of-bounds (index 64, limit 55)
L 08/18/2020 - 15:46:08: [SM] Blaming: weapon_restrict.smx
L 08/18/2020 - 15:46:08: [SM] Call stack trace:
L 08/18/2020 - 15:46:08: [SM]   [1] Line 202, restrictinc/events.sp::CS_OnBuyCommand
L 08/18/2020 - 15:47:23: [SM] Exception reported: Array index out-of-bounds (index 64, limit 55)
L 08/18/2020 - 15:47:23: [SM] Blaming: weapon_restrict.smx
L 08/18/2020 - 15:47:23: [SM] Call stack trace:
L 08/18/2020 - 15:47:23: [SM]   [1] Line 202, restrictinc/events.sp::CS_OnBuyCommand
L 08/18/2020 - 15:47:23: [SM] Exception reported: Array index out-of-bounds (index 64, limit 55)
L 08/18/2020 - 15:47:23: [SM] Blaming: weapon_restrict.smx
L 08/18/2020 - 15:47:23: [SM] Call stack trace:
L 08/18/2020 - 15:47:23: [SM]   [1] Line 202, restrictinc/events.sp::CS_OnBuyCommand
L 08/18/2020 - 15:47:24: [SM] Exception reported: Array index out-of-bounds (index 64, limit 55)
L 08/18/2020 - 15:47:24: [SM] Blaming: weapon_restrict.smx
L 08/18/2020 - 15:47:24: [SM] Call stack trace:
L 08/18/2020 - 15:47:24: [SM]   [1] Line 202, restrictinc/events.sp::CS_OnBuyCommand
L 08/18/2020 - 15:47:24: [SM] Exception reported: Array index out-of-bounds (index 64, limit 55)
L 08/18/2020 - 15:47:24: [SM] Blaming: weapon_restrict.smx
L 08/18/2020 - 15:47:24: [SM] Call stack trace:
L 08/18/2020 - 15:47:24: [SM]   [1] Line 202, restrictinc/events.sp::CS_OnBuyCommand
L 08/18/2020 - 15:48:36: [SM] Exception reported: Array index out-of-bounds (index 64, limit 55)
L 08/18/2020 - 15:48:36: [SM] Blaming: weapon_restrict.smx
L 08/18/2020 - 15:48:36: [SM] Call stack trace:
L 08/18/2020 - 15:48:36: [SM]   [1] Line 202, restrictinc/events.sp::CS_OnBuyCommand
L 08/18/2020 - 15:49:06: [SM] Exception reported: Array index out-of-bounds (index 64, limit 55)
L 08/18/2020 - 15:49:06: [SM] Blaming: weapon_restrict.smx
L 08/18/2020 - 15:49:06: [SM] Call stack trace:
L 08/18/2020 - 15:49:06: [SM]   [1] Line 202, restrictinc/events.sp::CS_OnBuyCommand
L 08/18/2020 - 15:49:43: [SM] Exception reported: Array index out-of-bounds (index 64, limit 55)
L 08/18/2020 - 15:49:43: [SM] Blaming: weapon_restrict.smx
L 08/18/2020 - 15:49:43: [SM] Call stack trace:
L 08/18/2020 - 15:49:43: [SM]   [1] Line 202, restrictinc/events.sp::CS_OnBuyCommand
L 08/18/2020 - 15:51:59: [SM] Exception reported: Array index out-of-bounds (index 64, limit 55)
L 08/18/2020 - 15:51:59: [SM] Blaming: weapon_restrict.smx
L 08/18/2020 - 15:51:59: [SM] Call stack trace:
L 08/18/2020 - 15:51:59: [SM]   [1] Line 202, restrictinc/events.sp::CS_OnBuyCommand
L 08/18/2020 - 15:53:24: [SM] Exception reported: Array index out-of-bounds (index 64, limit 55)
L 08/18/2020 - 15:53:24: [SM] Blaming: weapon_restrict.smx
L 08/18/2020 - 15:53:24: [SM] Call stack trace:
L 08/18/2020 - 15:53:24: [SM]   [1] Line 202, restrictinc/events.sp::CS_OnBuyCommand
L 08/18/2020 - 15:57:10: [SM] Exception reported: Array index out-of-bounds (index 64, limit 55)
L 08/18/2020 - 15:57:10: [SM] Blaming: weapon_restrict.smx
L 08/18/2020 - 15:57:10: [SM] Call stack trace:
L 08/18/2020 - 15:57:10: [SM]   [1] Line 202, restrictinc/events.sp::CS_OnBuyCommand
L 08/18/2020 - 16:01:15: [SM] Exception reported: Language phrase "Player_Connected_From" not found (arg 3)
L 08/18/2020 - 16:01:15: [SM] Blaming: advadmin.smx
L 08/18/2020 - 16:01:15: [SM] Call stack trace:
L 08/18/2020 - 16:01:15: [SM]   [0] VFormat
L 08/18/2020 - 16:01:15: [SM]   [1] Line 386, /groups/sourcemod/compiler-1.10/include/halflife.inc::PrintToChatAll
L 08/18/2020 - 16:01:15: [SM]   [2] Line 141, /home/groups/sourcemod/upload_tmp/phpRYtiXm.sp::OnClientAuthorized
L 08/18/2020 - 16:04:58: [SM] Exception reported: Array index out-of-bounds (index 64, limit 55)
L 08/18/2020 - 16:04:58: [SM] Blaming: weapon_restrict.smx
L 08/18/2020 - 16:04:58: [SM] Call stack trace:
L 08/18/2020 - 16:04:58: [SM]   [1] Line 202, restrictinc/events.sp::CS_OnBuyCommand
L 08/18/2020 - 16:05:05: [SM] Exception reported: Array index out-of-bounds (index 64, limit 55)
L 08/18/2020 - 16:05:05: [SM] Blaming: weapon_restrict.smx
L 08/18/2020 - 16:05:05: [SM] Call stack trace:
L 08/18/2020 - 16:05:05: [SM]   [1] Line 202, restrictinc/events.sp::CS_OnBuyCommand
L 08/18/2020 - 16:07:25: [SM] Exception reported: Array index out-of-bounds (index 64, limit 55)
L 08/18/2020 - 16:07:25: [SM] Blaming: weapon_restrict.smx
L 08/18/2020 - 16:07:25: [SM] Call stack trace:
L 08/18/2020 - 16:07:25: [SM]   [1] Line 202, restrictinc/events.sp::CS_OnBuyCommand
L 08/18/2020 - 16:09:29: [SM] Exception reported: Array index out-of-bounds (index 64, limit 55)
L 08/18/2020 - 16:09:29: [SM] Blaming: weapon_restrict.smx
L 08/18/2020 - 16:09:29: [SM] Call stack trace:
L 08/18/2020 - 16:09:29: [SM]   [1] Line 202, restrictinc/events.sp::CS_OnBuyCommand
L 08/18/2020 - 16:09:37: [SM] Exception reported: Array index out-of-bounds (index 64, limit 55)
L 08/18/2020 - 16:09:37: [SM] Blaming: weapon_restrict.smx
L 08/18/2020 - 16:09:37: [SM] Call stack trace:
L 08/18/2020 - 16:09:37: [SM]   [1] Line 202, restrictinc/events.sp::CS_OnBuyCommand
L 08/18/2020 - 16:09:40: [SM] Exception reported: Array index out-of-bounds (index 64, limit 55)
L 08/18/2020 - 16:09:40: [SM] Blaming: weapon_restrict.smx
L 08/18/2020 - 16:09:40: [SM] Call stack trace:
L 08/18/2020 - 16:09:40: [SM]   [1] Line 202, restrictinc/events.sp::CS_OnBuyCommand
L 08/18/2020 - 16:11:12: [SM] Exception reported: Array index out-of-bounds (index 64, limit 55)
L 08/18/2020 - 16:11:12: [SM] Blaming: weapon_restrict.smx
L 08/18/2020 - 16:11:12: [SM] Call stack trace:
L 08/18/2020 - 16:11:12: [SM]   [1] Line 202, restrictinc/events.sp::CS_OnBuyCommand
L 08/18/2020 - 16:11:12: [SM] Exception reported: Array index out-of-bounds (index 64, limit 55)
L 08/18/2020 - 16:11:12: [SM] Blaming: weapon_restrict.smx
L 08/18/2020 - 16:11:12: [SM] Call stack trace:
L 08/18/2020 - 16:11:12: [SM]   [1] Line 202, restrictinc/events.sp::CS_OnBuyCommand
L 08/18/2020 - 16:11:18: [SM] Exception reported: Array index out-of-bounds (index 64, limit 55)
L 08/18/2020 - 16:11:18: [SM] Blaming: weapon_restrict.smx
L 08/18/2020 - 16:11:18: [SM] Call stack trace:
L 08/18/2020 - 16:11:18: [SM]   [1] Line 202, restrictinc/events.sp::CS_OnBuyCommand
L 08/18/2020 - 16:13:26: [SM] Exception reported: Array index out-of-bounds (index 64, limit 55)
L 08/18/2020 - 16:13:26: [SM] Blaming: weapon_restrict.smx
L 08/18/2020 - 16:13:26: [SM] Call stack trace:
L 08/18/2020 - 16:13:26: [SM]   [1] Line 202, restrictinc/events.sp::CS_OnBuyCommand
L 08/18/2020 - 16:13:30: [SM] Exception reported: Array index out-of-bounds (index 64, limit 55)
L 08/18/2020 - 16:13:30: [SM] Blaming: weapon_restrict.smx
L 08/18/2020 - 16:13:30: [SM] Call stack trace:
L 08/18/2020 - 16:13:30: [SM]   [1] Line 202, restrictinc/events.sp::CS_OnBuyCommand
L 08/18/2020 - 16:13:35: [SM] Exception reported: Array index out-of-bounds (index 64, limit 55)
L 08/18/2020 - 16:13:35: [SM] Blaming: weapon_restrict.smx
L 08/18/2020 - 16:13:35: [SM] Call stack trace:
L 08/18/2020 - 16:13:35: [SM]   [1] Line 202, restrictinc/events.sp::CS_OnBuyCommand
L 08/18/2020 - 16:14:30: [SM] Exception reported: Array index out-of-bounds (index 64, limit 55)
L 08/18/2020 - 16:14:30: [SM] Blaming: weapon_restrict.smx
L 08/18/2020 - 16:14:30: [SM] Call stack trace:
L 08/18/2020 - 16:14:30: [SM]   [1] Line 202, restrictinc/events.sp::CS_OnBuyCommand
L 08/18/2020 - 16:14:31: [SM] Exception reported: Array index out-of-bounds (index 64, limit 55)
L 08/18/2020 - 16:14:31: [SM] Blaming: weapon_restrict.smx
L 08/18/2020 - 16:14:31: [SM] Call stack trace:
L 08/18/2020 - 16:14:31: [SM]   [1] Line 202, restrictinc/events.sp::CS_OnBuyCommand
L 08/18/2020 - 16:14:31: [SM] Exception reported: Array index out-of-bounds (index 64, limit 55)
L 08/18/2020 - 16:14:31: [SM] Blaming: weapon_restrict.smx
L 08/18/2020 - 16:14:31: [SM] Call stack trace:
L 08/18/2020 - 16:14:31: [SM]   [1] Line 202, restrictinc/events.sp::CS_OnBuyCommand
L 08/18/2020 - 16:14:38: [SM] Exception reported: Array index out-of-bounds (index 64, limit 55)
L 08/18/2020 - 16:14:38: [SM] Blaming: weapon_restrict.smx
L 08/18/2020 - 16:14:38: [SM] Call stack trace:
L 08/18/2020 - 16:14:38: [SM]   [1] Line 202, restrictinc/events.sp::CS_OnBuyCommand
L 08/18/2020 - 16:14:49: [SM] Exception reported: Array index out-of-bounds (index 64, limit 55)
L 08/18/2020 - 16:14:49: [SM] Blaming: weapon_restrict.smx
L 08/18/2020 - 16:14:49: [SM] Call stack trace:
L 08/18/2020 - 16:14:49: [SM]   [1] Line 202, restrictinc/events.sp::CS_OnBuyCommand
L 08/18/2020 - 16:17:36: [SM] Exception reported: Array index out-of-bounds (index 64, limit 55)
L 08/18/2020 - 16:17:36: [SM] Blaming: weapon_restrict.smx
L 08/18/2020 - 16:17:36: [SM] Call stack trace:
L 08/18/2020 - 16:17:36: [SM]   [1] Line 202, restrictinc/events.sp::CS_OnBuyCommand
L 08/18/2020 - 16:24:32: [SM] Exception reported: Array index out-of-bounds (index 64, limit 55)
L 08/18/2020 - 16:24:32: [SM] Blaming: weapon_restrict.smx
L 08/18/2020 - 16:24:32: [SM] Call stack trace:
L 08/18/2020 - 16:24:32: [SM]   [1] Line 202, restrictinc/events.sp::CS_OnBuyCommand
L 08/18/2020 - 16:24:38: [SM] Exception reported: Array index out-of-bounds (index 64, limit 55)
L 08/18/2020 - 16:24:38: [SM] Blaming: weapon_restrict.smx
L 08/18/2020 - 16:24:38: [SM] Call stack trace:
L 08/18/2020 - 16:24:38: [SM]   [1] Line 202, restrictinc/events.sp::CS_OnBuyCommand
L 08/18/2020 - 16:26:10: [SM] Exception reported: Array index out-of-bounds (index 64, limit 55)
L 08/18/2020 - 16:26:10: [SM] Blaming: weapon_restrict.smx
L 08/18/2020 - 16:26:10: [SM] Call stack trace:
L 08/18/2020 - 16:26:10: [SM]   [1] Line 202, restrictinc/events.sp::CS_OnBuyCommand
L 08/18/2020 - 16:29:54: [SM] Exception reported: Array index out-of-bounds (index 64, limit 55)
L 08/18/2020 - 16:29:54: [SM] Blaming: weapon_restrict.smx
L 08/18/2020 - 16:29:54: [SM] Call stack trace:
L 08/18/2020 - 16:29:54: [SM]   [1] Line 202, restrictinc/events.sp::CS_OnBuyCommand
L 08/18/2020 - 16:29:55: [SM] Exception reported: Language phrase "Player_Connected_From" not found (arg 3)
L 08/18/2020 - 16:29:55: [SM] Blaming: advadmin.smx
L 08/18/2020 - 16:29:55: [SM] Call stack trace:
L 08/18/2020 - 16:29:55: [SM]   [0] VFormat
L 08/18/2020 - 16:29:55: [SM]   [1] Line 386, /groups/sourcemod/compiler-1.10/include/halflife.inc::PrintToChatAll
L 08/18/2020 - 16:29:55: [SM]   [2] Line 141, /home/groups/sourcemod/upload_tmp/phpRYtiXm.sp::OnClientAuthorized
L 08/19/2020 - 09:42:48: Error log file session closed.
