L 11/27/2020 - 01:39:55: SourceMod error session started
L 11/27/2020 - 01:39:55: Info (map "de_dust2") (file "/home/tcagame/jackm1/527/csgo/addons/sourcemod/logs/errors_20201127.log")
L 11/27/2020 - 01:39:55: [SM] Fatal error encountered parsing translation file "advadmin.phrases.txt"
L 11/27/2020 - 01:39:55: [SM] Error (line 0, column 0): Stream failed to open
L 11/27/2020 - 01:41:09: Error log file session closed.
L 11/27/2020 - 01:41:09: SourceMod error session started
L 11/27/2020 - 01:41:09: Info (map "de_dust2") (file "/home/tcagame/jackm1/527/csgo/addons/sourcemod/logs/errors_20201127.log")
L 11/27/2020 - 01:41:09: [SM] Fatal error encountered parsing translation file "advadmin.phrases.txt"
L 11/27/2020 - 01:41:09: [SM] Error (line 0, column 0): Stream failed to open
L 11/27/2020 - 01:41:41: [SM] Exception reported: Language phrase "Player_Connected_From" not found (arg 3)
L 11/27/2020 - 01:41:41: [SM] Blaming: advadmin.smx
L 11/27/2020 - 01:41:41: [SM] Call stack trace:
L 11/27/2020 - 01:41:41: [SM]   [0] VFormat
L 11/27/2020 - 01:41:41: [SM]   [1] Line 386, /groups/sourcemod/compiler-1.10/include/halflife.inc::PrintToChatAll
L 11/27/2020 - 01:41:41: [SM]   [2] Line 141, /home/groups/sourcemod/upload_tmp/phpRYtiXm.sp::OnClientAuthorized
L 11/27/2020 - 01:43:58: [SM] Exception reported: Array index out-of-bounds (index 64, limit 55)
L 11/27/2020 - 01:43:58: [SM] Blaming: weapon_restrict.smx
L 11/27/2020 - 01:43:58: [SM] Call stack trace:
L 11/27/2020 - 01:43:58: [SM]   [1] Line 202, restrictinc/events.sp::CS_OnBuyCommand
L 11/27/2020 - 01:44:03: [SM] Exception reported: Array index out-of-bounds (index 64, limit 55)
L 11/27/2020 - 01:44:03: [SM] Blaming: weapon_restrict.smx
L 11/27/2020 - 01:44:03: [SM] Call stack trace:
L 11/27/2020 - 01:44:03: [SM]   [1] Line 202, restrictinc/events.sp::CS_OnBuyCommand
L 11/27/2020 - 01:45:46: Error log file session closed.
L 11/27/2020 - 01:45:46: SourceMod error session started
L 11/27/2020 - 01:45:46: Info (map "de_inferno") (file "/home/tcagame/jackm1/527/csgo/addons/sourcemod/logs/errors_20201127.log")
L 11/27/2020 - 01:45:46: [SM] Fatal error encountered parsing translation file "advadmin.phrases.txt"
L 11/27/2020 - 01:45:46: [SM] Error (line 0, column 0): Stream failed to open
L 11/27/2020 - 01:48:46: [SM] Exception reported: Array index out-of-bounds (index 64, limit 55)
L 11/27/2020 - 01:48:46: [SM] Blaming: weapon_restrict.smx
L 11/27/2020 - 01:48:46: [SM] Call stack trace:
L 11/27/2020 - 01:48:46: [SM]   [1] Line 202, restrictinc/events.sp::CS_OnBuyCommand
L 11/27/2020 - 01:48:49: [SM] Exception reported: Array index out-of-bounds (index 64, limit 55)
L 11/27/2020 - 01:48:49: [SM] Blaming: weapon_restrict.smx
L 11/27/2020 - 01:48:49: [SM] Call stack trace:
L 11/27/2020 - 01:48:49: [SM]   [1] Line 202, restrictinc/events.sp::CS_OnBuyCommand
L 11/27/2020 - 01:49:48: [SM] Exception reported: Array index out-of-bounds (index 64, limit 55)
L 11/27/2020 - 01:49:48: [SM] Blaming: weapon_restrict.smx
L 11/27/2020 - 01:49:48: [SM] Call stack trace:
L 11/27/2020 - 01:49:48: [SM]   [1] Line 202, restrictinc/events.sp::CS_OnBuyCommand
L 11/27/2020 - 01:54:56: [SM] Exception reported: Array index out-of-bounds (index 64, limit 55)
L 11/27/2020 - 01:54:56: [SM] Blaming: weapon_restrict.smx
L 11/27/2020 - 01:54:56: [SM] Call stack trace:
L 11/27/2020 - 01:54:56: [SM]   [1] Line 202, restrictinc/events.sp::CS_OnBuyCommand
L 11/27/2020 - 02:02:10: [SM] Exception reported: Array index out-of-bounds (index 64, limit 55)
L 11/27/2020 - 02:02:10: [SM] Blaming: weapon_restrict.smx
L 11/27/2020 - 02:02:10: [SM] Call stack trace:
L 11/27/2020 - 02:02:10: [SM]   [1] Line 202, restrictinc/events.sp::CS_OnBuyCommand
L 11/27/2020 - 02:02:11: [SM] Exception reported: Array index out-of-bounds (index 64, limit 55)
L 11/27/2020 - 02:02:11: [SM] Blaming: weapon_restrict.smx
L 11/27/2020 - 02:02:11: [SM] Call stack trace:
L 11/27/2020 - 02:02:11: [SM]   [1] Line 202, restrictinc/events.sp::CS_OnBuyCommand
L 11/27/2020 - 02:03:12: [SM] Exception reported: Array index out-of-bounds (index 64, limit 55)
L 11/27/2020 - 02:03:12: [SM] Blaming: weapon_restrict.smx
L 11/27/2020 - 02:03:12: [SM] Call stack trace:
L 11/27/2020 - 02:03:12: [SM]   [1] Line 202, restrictinc/events.sp::CS_OnBuyCommand
L 11/27/2020 - 02:04:16: [SM] Exception reported: Array index out-of-bounds (index 64, limit 55)
L 11/27/2020 - 02:04:16: [SM] Blaming: weapon_restrict.smx
L 11/27/2020 - 02:04:16: [SM] Call stack trace:
L 11/27/2020 - 02:04:16: [SM]   [1] Line 202, restrictinc/events.sp::CS_OnBuyCommand
L 11/27/2020 - 02:09:02: [SM] Exception reported: Language phrase "Player_Connected_From" not found (arg 3)
L 11/27/2020 - 02:09:02: [SM] Blaming: advadmin.smx
L 11/27/2020 - 02:09:02: [SM] Call stack trace:
L 11/27/2020 - 02:09:02: [SM]   [0] VFormat
L 11/27/2020 - 02:09:02: [SM]   [1] Line 386, /groups/sourcemod/compiler-1.10/include/halflife.inc::PrintToChatAll
L 11/27/2020 - 02:09:02: [SM]   [2] Line 141, /home/groups/sourcemod/upload_tmp/phpRYtiXm.sp::OnClientAuthorized
L 11/27/2020 - 02:17:16: [SM] Exception reported: Array index out-of-bounds (index 64, limit 55)
L 11/27/2020 - 02:17:16: [SM] Blaming: weapon_restrict.smx
L 11/27/2020 - 02:17:16: [SM] Call stack trace:
L 11/27/2020 - 02:17:16: [SM]   [1] Line 202, restrictinc/events.sp::CS_OnBuyCommand
L 11/27/2020 - 02:17:19: [SM] Exception reported: Array index out-of-bounds (index 64, limit 55)
L 11/27/2020 - 02:17:19: [SM] Blaming: weapon_restrict.smx
L 11/27/2020 - 02:17:19: [SM] Call stack trace:
L 11/27/2020 - 02:17:19: [SM]   [1] Line 202, restrictinc/events.sp::CS_OnBuyCommand
L 11/27/2020 - 13:51:05: Error log file session closed.
L 11/27/2020 - 13:51:05: SourceMod error session started
L 11/27/2020 - 13:51:05: Info (map "de_inferno") (file "/home/tcagame/jackm1/527/csgo/addons/sourcemod/logs/errors_20201127.log")
L 11/27/2020 - 13:51:05: [SM] Fatal error encountered parsing translation file "advadmin.phrases.txt"
L 11/27/2020 - 13:51:05: [SM] Error (line 0, column 0): Stream failed to open
L 11/27/2020 - 13:51:37: [SM] Exception reported: Language phrase "Player_Connected_From" not found (arg 3)
L 11/27/2020 - 13:51:37: [SM] Blaming: advadmin.smx
L 11/27/2020 - 13:51:37: [SM] Call stack trace:
L 11/27/2020 - 13:51:37: [SM]   [0] VFormat
L 11/27/2020 - 13:51:37: [SM]   [1] Line 386, /groups/sourcemod/compiler-1.10/include/halflife.inc::PrintToChatAll
L 11/27/2020 - 13:51:37: [SM]   [2] Line 141, /home/groups/sourcemod/upload_tmp/phpRYtiXm.sp::OnClientAuthorized
L 11/27/2020 - 13:52:09: [SM] Exception reported: Array index out-of-bounds (index 64, limit 55)
L 11/27/2020 - 13:52:09: [SM] Blaming: weapon_restrict.smx
L 11/27/2020 - 13:52:09: [SM] Call stack trace:
L 11/27/2020 - 13:52:09: [SM]   [1] Line 202, restrictinc/events.sp::CS_OnBuyCommand
L 11/27/2020 - 13:53:36: Error log file session closed.
L 11/27/2020 - 13:53:36: SourceMod error session started
L 11/27/2020 - 13:53:36: Info (map "cs_militia") (file "/home/tcagame/jackm1/527/csgo/addons/sourcemod/logs/errors_20201127.log")
L 11/27/2020 - 13:53:36: [SM] Fatal error encountered parsing translation file "advadmin.phrases.txt"
L 11/27/2020 - 13:53:36: [SM] Error (line 0, column 0): Stream failed to open
L 11/27/2020 - 13:53:56: [SM] Exception reported: Language phrase "Player_Connected" not found (arg 3)
L 11/27/2020 - 13:53:56: [SM] Blaming: advadmin.smx
L 11/27/2020 - 13:53:56: [SM] Call stack trace:
L 11/27/2020 - 13:53:56: [SM]   [0] VFormat
L 11/27/2020 - 13:53:56: [SM]   [1] Line 386, /groups/sourcemod/compiler-1.10/include/halflife.inc::PrintToChatAll
L 11/27/2020 - 13:53:56: [SM]   [2] Line 145, /home/groups/sourcemod/upload_tmp/phpRYtiXm.sp::OnClientAuthorized
L 11/27/2020 - 13:54:45: [SM] Exception reported: Language phrase "Player_Connected_From" not found (arg 3)
L 11/27/2020 - 13:54:45: [SM] Blaming: advadmin.smx
L 11/27/2020 - 13:54:45: [SM] Call stack trace:
L 11/27/2020 - 13:54:45: [SM]   [0] VFormat
L 11/27/2020 - 13:54:45: [SM]   [1] Line 386, /groups/sourcemod/compiler-1.10/include/halflife.inc::PrintToChatAll
L 11/27/2020 - 13:54:45: [SM]   [2] Line 141, /home/groups/sourcemod/upload_tmp/phpRYtiXm.sp::OnClientAuthorized
L 11/27/2020 - 13:55:09: [SM] Exception reported: Array index out-of-bounds (index 64, limit 55)
L 11/27/2020 - 13:55:09: [SM] Blaming: weapon_restrict.smx
L 11/27/2020 - 13:55:09: [SM] Call stack trace:
L 11/27/2020 - 13:55:09: [SM]   [1] Line 202, restrictinc/events.sp::CS_OnBuyCommand
L 11/27/2020 - 13:56:22: [SM] Exception reported: Array index out-of-bounds (index 64, limit 55)
L 11/27/2020 - 13:56:22: [SM] Blaming: weapon_restrict.smx
L 11/27/2020 - 13:56:22: [SM] Call stack trace:
L 11/27/2020 - 13:56:22: [SM]   [1] Line 202, restrictinc/events.sp::CS_OnBuyCommand
L 11/27/2020 - 13:59:48: [SM] Exception reported: Array index out-of-bounds (index 64, limit 55)
L 11/27/2020 - 13:59:48: [SM] Blaming: weapon_restrict.smx
L 11/27/2020 - 13:59:48: [SM] Call stack trace:
L 11/27/2020 - 13:59:48: [SM]   [1] Line 202, restrictinc/events.sp::CS_OnBuyCommand
L 11/27/2020 - 14:02:49: [SM] Exception reported: Language phrase "Player_Connected_From" not found (arg 3)
L 11/27/2020 - 14:02:49: [SM] Blaming: advadmin.smx
L 11/27/2020 - 14:02:49: [SM] Call stack trace:
L 11/27/2020 - 14:02:49: [SM]   [0] VFormat
L 11/27/2020 - 14:02:49: [SM]   [1] Line 386, /groups/sourcemod/compiler-1.10/include/halflife.inc::PrintToChatAll
L 11/27/2020 - 14:02:49: [SM]   [2] Line 141, /home/groups/sourcemod/upload_tmp/phpRYtiXm.sp::OnClientAuthorized
L 11/27/2020 - 14:03:48: [SM] Exception reported: Array index out-of-bounds (index 64, limit 55)
L 11/27/2020 - 14:03:48: [SM] Blaming: weapon_restrict.smx
L 11/27/2020 - 14:03:48: [SM] Call stack trace:
L 11/27/2020 - 14:03:48: [SM]   [1] Line 202, restrictinc/events.sp::CS_OnBuyCommand
L 11/27/2020 - 14:14:30: [SM] Exception reported: Array index out-of-bounds (index 64, limit 55)
L 11/27/2020 - 14:14:30: [SM] Blaming: weapon_restrict.smx
L 11/27/2020 - 14:14:30: [SM] Call stack trace:
L 11/27/2020 - 14:14:30: [SM]   [1] Line 202, restrictinc/events.sp::CS_OnBuyCommand
L 11/27/2020 - 14:15:12: [SM] Exception reported: Array index out-of-bounds (index 64, limit 55)
L 11/27/2020 - 14:15:12: [SM] Blaming: weapon_restrict.smx
L 11/27/2020 - 14:15:12: [SM] Call stack trace:
L 11/27/2020 - 14:15:12: [SM]   [1] Line 202, restrictinc/events.sp::CS_OnBuyCommand
L 11/27/2020 - 14:19:18: Error log file session closed.
L 11/27/2020 - 14:19:18: SourceMod error session started
L 11/27/2020 - 14:19:18: Info (map "de_bank") (file "/home/tcagame/jackm1/527/csgo/addons/sourcemod/logs/errors_20201127.log")
L 11/27/2020 - 14:19:18: [SM] Fatal error encountered parsing translation file "advadmin.phrases.txt"
L 11/27/2020 - 14:19:18: [SM] Error (line 0, column 0): Stream failed to open
L 11/27/2020 - 14:21:15: [SM] Exception reported: Array index out-of-bounds (index 64, limit 55)
L 11/27/2020 - 14:21:15: [SM] Blaming: weapon_restrict.smx
L 11/27/2020 - 14:21:15: [SM] Call stack trace:
L 11/27/2020 - 14:21:15: [SM]   [1] Line 202, restrictinc/events.sp::CS_OnBuyCommand
L 11/27/2020 - 14:24:27: [SM] Exception reported: Array index out-of-bounds (index 64, limit 55)
L 11/27/2020 - 14:24:27: [SM] Blaming: weapon_restrict.smx
L 11/27/2020 - 14:24:27: [SM] Call stack trace:
L 11/27/2020 - 14:24:27: [SM]   [1] Line 202, restrictinc/events.sp::CS_OnBuyCommand
L 11/27/2020 - 14:25:42: [SM] Exception reported: Array index out-of-bounds (index 64, limit 55)
L 11/27/2020 - 14:25:42: [SM] Blaming: weapon_restrict.smx
L 11/27/2020 - 14:25:42: [SM] Call stack trace:
L 11/27/2020 - 14:25:42: [SM]   [1] Line 202, restrictinc/events.sp::CS_OnBuyCommand
L 11/27/2020 - 14:37:00: [SM] Exception reported: Array index out-of-bounds (index 64, limit 55)
L 11/27/2020 - 14:37:00: [SM] Blaming: weapon_restrict.smx
L 11/27/2020 - 14:37:00: [SM] Call stack trace:
L 11/27/2020 - 14:37:00: [SM]   [1] Line 202, restrictinc/events.sp::CS_OnBuyCommand
L 11/27/2020 - 18:13:57: Error log file session closed.
L 11/27/2020 - 18:13:57: SourceMod error session started
L 11/27/2020 - 18:13:57: Info (map "de_bank") (file "/home/tcagame/jackm1/527/csgo/addons/sourcemod/logs/errors_20201127.log")
L 11/27/2020 - 18:13:57: [SM] Fatal error encountered parsing translation file "advadmin.phrases.txt"
L 11/27/2020 - 18:13:57: [SM] Error (line 0, column 0): Stream failed to open
L 11/27/2020 - 18:14:09: [SM] Exception reported: Array index out-of-bounds (index 64, limit 55)
L 11/27/2020 - 18:14:09: [SM] Blaming: weapon_restrict.smx
L 11/27/2020 - 18:14:09: [SM] Call stack trace:
L 11/27/2020 - 18:14:09: [SM]   [1] Line 202, restrictinc/events.sp::CS_OnBuyCommand
L 11/27/2020 - 18:14:18: [SM] Exception reported: Language phrase "Player_Connected_From" not found (arg 3)
L 11/27/2020 - 18:14:18: [SM] Blaming: advadmin.smx
L 11/27/2020 - 18:14:18: [SM] Call stack trace:
L 11/27/2020 - 18:14:18: [SM]   [0] VFormat
L 11/27/2020 - 18:14:18: [SM]   [1] Line 386, /groups/sourcemod/compiler-1.10/include/halflife.inc::PrintToChatAll
L 11/27/2020 - 18:14:18: [SM]   [2] Line 141, /home/groups/sourcemod/upload_tmp/phpRYtiXm.sp::OnClientAuthorized
L 11/27/2020 - 18:14:29: [SM] Exception reported: Array index out-of-bounds (index 64, limit 55)
L 11/27/2020 - 18:14:29: [SM] Blaming: weapon_restrict.smx
L 11/27/2020 - 18:14:29: [SM] Call stack trace:
L 11/27/2020 - 18:14:29: [SM]   [1] Line 202, restrictinc/events.sp::CS_OnBuyCommand
L 11/27/2020 - 18:14:49: [SM] Exception reported: Array index out-of-bounds (index 64, limit 55)
L 11/27/2020 - 18:14:49: [SM] Blaming: weapon_restrict.smx
L 11/27/2020 - 18:14:49: [SM] Call stack trace:
L 11/27/2020 - 18:14:49: [SM]   [1] Line 202, restrictinc/events.sp::CS_OnBuyCommand
L 11/27/2020 - 19:11:43: Error log file session closed.
L 11/27/2020 - 19:11:43: SourceMod error session started
L 11/27/2020 - 19:11:43: Info (map "de_bank") (file "/home/tcagame/jackm1/527/csgo/addons/sourcemod/logs/errors_20201127.log")
L 11/27/2020 - 19:11:43: [SM] Fatal error encountered parsing translation file "advadmin.phrases.txt"
L 11/27/2020 - 19:11:43: [SM] Error (line 0, column 0): Stream failed to open
L 11/27/2020 - 19:12:29: Error log file session closed.
L 11/27/2020 - 19:12:29: SourceMod error session started
L 11/27/2020 - 19:12:29: Info (map "de_bank") (file "/home/tcagame/jackm1/527/csgo/addons/sourcemod/logs/errors_20201127.log")
L 11/27/2020 - 19:12:29: [SM] Fatal error encountered parsing translation file "advadmin.phrases.txt"
L 11/27/2020 - 19:12:29: [SM] Error (line 0, column 0): Stream failed to open
L 11/27/2020 - 23:09:33: Error log file session closed.
L 11/27/2020 - 23:09:33: SourceMod error session started
L 11/27/2020 - 23:09:33: Info (map "de_bank") (file "/home/tcagame/jackm1/527/csgo/addons/sourcemod/logs/errors_20201127.log")
L 11/27/2020 - 23:09:33: [SM] Fatal error encountered parsing translation file "advadmin.phrases.txt"
L 11/27/2020 - 23:09:33: [SM] Error (line 0, column 0): Stream failed to open
L 11/27/2020 - 23:10:12: [SM] Exception reported: Array index out-of-bounds (index 64, limit 55)
L 11/27/2020 - 23:10:12: [SM] Blaming: weapon_restrict.smx
L 11/27/2020 - 23:10:12: [SM] Call stack trace:
L 11/27/2020 - 23:10:12: [SM]   [1] Line 202, restrictinc/events.sp::CS_OnBuyCommand
L 11/28/2020 - 00:07:38: Error log file session closed.
