L 02/02/2021 - 11:46:15: SourceMod error session started
L 02/02/2021 - 11:46:15: Info (map "cs_militia") (file "/home/tcagame/jackm1/599/csgo/addons/sourcemod/logs/errors_20210202.log")
L 02/02/2021 - 11:46:15: [SM] Fatal error encountered parsing translation file "advadmin.phrases.txt"
L 02/02/2021 - 11:46:15: [SM] Error (line 0, column 0): Stream failed to open
L 02/02/2021 - 11:47:21: Error log file session closed.
L 02/02/2021 - 11:47:21: SourceMod error session started
L 02/02/2021 - 11:47:21: Info (map "de_dust2") (file "/home/tcagame/jackm1/599/csgo/addons/sourcemod/logs/errors_20210202.log")
L 02/02/2021 - 11:47:21: [SM] Fatal error encountered parsing translation file "advadmin.phrases.txt"
L 02/02/2021 - 11:47:21: [SM] Error (line 0, column 0): Stream failed to open
L 02/02/2021 - 11:48:09: [SM] Exception reported: Array index out-of-bounds (index 64, limit 55)
L 02/02/2021 - 11:48:09: [SM] Blaming: weapon_restrict.smx
L 02/02/2021 - 11:48:09: [SM] Call stack trace:
L 02/02/2021 - 11:48:09: [SM]   [1] Line 202, restrictinc/events.sp::CS_OnBuyCommand
L 02/02/2021 - 12:06:48: [SM] Exception reported: Language phrase "Player_Connected_From" not found (arg 3)
L 02/02/2021 - 12:06:48: [SM] Blaming: advadmin.smx
L 02/02/2021 - 12:06:48: [SM] Call stack trace:
L 02/02/2021 - 12:06:48: [SM]   [0] VFormat
L 02/02/2021 - 12:06:48: [SM]   [1] Line 386, /groups/sourcemod/compiler-1.10/include/halflife.inc::PrintToChatAll
L 02/02/2021 - 12:06:48: [SM]   [2] Line 141, /home/groups/sourcemod/upload_tmp/phpRYtiXm.sp::OnClientAuthorized
L 02/02/2021 - 15:40:52: Error log file session closed.
L 02/02/2021 - 15:40:52: SourceMod error session started
L 02/02/2021 - 15:40:52: Info (map "de_dust2") (file "/home/tcagame/jackm1/599/csgo/addons/sourcemod/logs/errors_20210202.log")
L 02/02/2021 - 15:40:52: [SM] Fatal error encountered parsing translation file "advadmin.phrases.txt"
L 02/02/2021 - 15:40:52: [SM] Error (line 0, column 0): Stream failed to open
L 02/02/2021 - 15:42:07: [SM] Exception reported: Language phrase "Player_Connected_From" not found (arg 3)
L 02/02/2021 - 15:42:07: [SM] Blaming: advadmin.smx
L 02/02/2021 - 15:42:07: [SM] Call stack trace:
L 02/02/2021 - 15:42:07: [SM]   [0] VFormat
L 02/02/2021 - 15:42:07: [SM]   [1] Line 386, /groups/sourcemod/compiler-1.10/include/halflife.inc::PrintToChatAll
L 02/02/2021 - 15:42:07: [SM]   [2] Line 141, /home/groups/sourcemod/upload_tmp/phpRYtiXm.sp::OnClientAuthorized
L 02/02/2021 - 16:45:27: Error log file session closed.
L 02/02/2021 - 16:45:27: SourceMod error session started
L 02/02/2021 - 16:45:27: Info (map "de_dust2") (file "/home/tcagame/jackm1/599/csgo/addons/sourcemod/logs/errors_20210202.log")
L 02/02/2021 - 16:45:27: [SM] Fatal error encountered parsing translation file "advadmin.phrases.txt"
L 02/02/2021 - 16:45:27: [SM] Error (line 0, column 0): Stream failed to open
L 02/02/2021 - 16:48:28: [SM] Exception reported: Language phrase "Player_Connected_From" not found (arg 3)
L 02/02/2021 - 16:48:28: [SM] Blaming: advadmin.smx
L 02/02/2021 - 16:48:28: [SM] Call stack trace:
L 02/02/2021 - 16:48:28: [SM]   [0] VFormat
L 02/02/2021 - 16:48:28: [SM]   [1] Line 386, /groups/sourcemod/compiler-1.10/include/halflife.inc::PrintToChatAll
L 02/02/2021 - 16:48:28: [SM]   [2] Line 141, /home/groups/sourcemod/upload_tmp/phpRYtiXm.sp::OnClientAuthorized
L 02/02/2021 - 16:50:41: [SM] Exception reported: Array index out-of-bounds (index 64, limit 55)
L 02/02/2021 - 16:50:41: [SM] Blaming: weapon_restrict.smx
L 02/02/2021 - 16:50:41: [SM] Call stack trace:
L 02/02/2021 - 16:50:41: [SM]   [1] Line 202, restrictinc/events.sp::CS_OnBuyCommand
L 02/02/2021 - 16:51:35: Error log file session closed.
L 02/02/2021 - 16:51:36: SourceMod error session started
L 02/02/2021 - 16:51:36: Info (map "de_inferno") (file "/home/tcagame/jackm1/599/csgo/addons/sourcemod/logs/errors_20210202.log")
L 02/02/2021 - 16:51:36: [SM] Fatal error encountered parsing translation file "advadmin.phrases.txt"
L 02/02/2021 - 16:51:36: [SM] Error (line 0, column 0): Stream failed to open
L 02/02/2021 - 16:54:15: [SM] Exception reported: Array index out-of-bounds (index 64, limit 55)
L 02/02/2021 - 16:54:15: [SM] Blaming: weapon_restrict.smx
L 02/02/2021 - 16:54:15: [SM] Call stack trace:
L 02/02/2021 - 16:54:15: [SM]   [1] Line 202, restrictinc/events.sp::CS_OnBuyCommand
L 02/02/2021 - 16:54:50: [SM] Exception reported: Array index out-of-bounds (index 64, limit 55)
L 02/02/2021 - 16:54:50: [SM] Blaming: weapon_restrict.smx
L 02/02/2021 - 16:54:50: [SM] Call stack trace:
L 02/02/2021 - 16:54:50: [SM]   [1] Line 202, restrictinc/events.sp::CS_OnBuyCommand
L 02/02/2021 - 16:54:59: [SM] Exception reported: Array index out-of-bounds (index 64, limit 55)
L 02/02/2021 - 16:54:59: [SM] Blaming: weapon_restrict.smx
L 02/02/2021 - 16:54:59: [SM] Call stack trace:
L 02/02/2021 - 16:54:59: [SM]   [1] Line 202, restrictinc/events.sp::CS_OnBuyCommand
L 02/02/2021 - 17:01:45: [SM] Exception reported: Array index out-of-bounds (index 64, limit 55)
L 02/02/2021 - 17:01:45: [SM] Blaming: weapon_restrict.smx
L 02/02/2021 - 17:01:45: [SM] Call stack trace:
L 02/02/2021 - 17:01:45: [SM]   [1] Line 202, restrictinc/events.sp::CS_OnBuyCommand
L 02/02/2021 - 17:02:07: [SM] Exception reported: Array index out-of-bounds (index 64, limit 55)
L 02/02/2021 - 17:02:07: [SM] Blaming: weapon_restrict.smx
L 02/02/2021 - 17:02:07: [SM] Call stack trace:
L 02/02/2021 - 17:02:07: [SM]   [1] Line 202, restrictinc/events.sp::CS_OnBuyCommand
L 02/02/2021 - 17:05:13: Error log file session closed.
L 02/02/2021 - 17:05:13: SourceMod error session started
L 02/02/2021 - 17:05:13: Info (map "de_inferno") (file "/home/tcagame/jackm1/599/csgo/addons/sourcemod/logs/errors_20210202.log")
L 02/02/2021 - 17:05:13: [SM] Fatal error encountered parsing translation file "advadmin.phrases.txt"
L 02/02/2021 - 17:05:13: [SM] Error (line 0, column 0): Stream failed to open
L 02/03/2021 - 14:52:36: Error log file session closed.
