L 11/28/2020 - 00:07:38: SourceMod error session started
L 11/28/2020 - 00:07:38: Info (map "de_bank") (file "/home/tcagame/jackm1/527/csgo/addons/sourcemod/logs/errors_20201128.log")
L 11/28/2020 - 00:07:38: [SM] Fatal error encountered parsing translation file "advadmin.phrases.txt"
L 11/28/2020 - 00:07:38: [SM] Error (line 0, column 0): Stream failed to open
L 11/28/2020 - 00:07:51: [SM] Exception reported: Array index out-of-bounds (index 64, limit 55)
L 11/28/2020 - 00:07:51: [SM] Blaming: weapon_restrict.smx
L 11/28/2020 - 00:07:51: [SM] Call stack trace:
L 11/28/2020 - 00:07:51: [SM]   [1] Line 202, restrictinc/events.sp::CS_OnBuyCommand
L 11/28/2020 - 00:08:04: [SM] Exception reported: Array index out-of-bounds (index 63, limit 55)
L 11/28/2020 - 00:08:04: [SM] Blaming: weapon_restrict.smx
L 11/28/2020 - 00:08:04: [SM] Call stack trace:
L 11/28/2020 - 00:08:04: [SM]   [1] Line 202, restrictinc/events.sp::CS_OnBuyCommand
L 11/28/2020 - 00:08:05: [SM] Exception reported: Array index out-of-bounds (index 64, limit 55)
L 11/28/2020 - 00:08:05: [SM] Blaming: weapon_restrict.smx
L 11/28/2020 - 00:08:05: [SM] Call stack trace:
L 11/28/2020 - 00:08:05: [SM]   [1] Line 202, restrictinc/events.sp::CS_OnBuyCommand
L 11/28/2020 - 00:09:25: [SM] Exception reported: Language phrase "Player_Connected_From" not found (arg 3)
L 11/28/2020 - 00:09:25: [SM] Blaming: advadmin.smx
L 11/28/2020 - 00:09:25: [SM] Call stack trace:
L 11/28/2020 - 00:09:25: [SM]   [0] VFormat
L 11/28/2020 - 00:09:25: [SM]   [1] Line 386, /groups/sourcemod/compiler-1.10/include/halflife.inc::PrintToChatAll
L 11/28/2020 - 00:09:25: [SM]   [2] Line 141, /home/groups/sourcemod/upload_tmp/phpRYtiXm.sp::OnClientAuthorized
L 11/28/2020 - 00:10:10: [SM] Exception reported: Array index out-of-bounds (index 64, limit 55)
L 11/28/2020 - 00:10:10: [SM] Blaming: weapon_restrict.smx
L 11/28/2020 - 00:10:10: [SM] Call stack trace:
L 11/28/2020 - 00:10:10: [SM]   [1] Line 202, restrictinc/events.sp::CS_OnBuyCommand
L 11/28/2020 - 00:11:28: Error log file session closed.
L 11/28/2020 - 00:11:28: SourceMod error session started
L 11/28/2020 - 00:11:28: Info (map "de_safehouse") (file "/home/tcagame/jackm1/527/csgo/addons/sourcemod/logs/errors_20201128.log")
L 11/28/2020 - 00:11:28: [SM] Fatal error encountered parsing translation file "advadmin.phrases.txt"
L 11/28/2020 - 00:11:28: [SM] Error (line 0, column 0): Stream failed to open
L 11/28/2020 - 11:03:19: Error log file session closed.
L 11/28/2020 - 11:03:19: SourceMod error session started
L 11/28/2020 - 11:03:19: Info (map "de_safehouse") (file "/home/tcagame/jackm1/527/csgo/addons/sourcemod/logs/errors_20201128.log")
L 11/28/2020 - 11:03:19: [SM] Fatal error encountered parsing translation file "advadmin.phrases.txt"
L 11/28/2020 - 11:03:19: [SM] Error (line 0, column 0): Stream failed to open
L 11/28/2020 - 11:04:59: [SM] Exception reported: Language phrase "Player_Connected_From" not found (arg 3)
L 11/28/2020 - 11:04:59: [SM] Blaming: advadmin.smx
L 11/28/2020 - 11:04:59: [SM] Call stack trace:
L 11/28/2020 - 11:04:59: [SM]   [0] VFormat
L 11/28/2020 - 11:04:59: [SM]   [1] Line 386, /groups/sourcemod/compiler-1.10/include/halflife.inc::PrintToChatAll
L 11/28/2020 - 11:04:59: [SM]   [2] Line 141, /home/groups/sourcemod/upload_tmp/phpRYtiXm.sp::OnClientAuthorized
L 11/28/2020 - 11:05:16: [SM] Exception reported: Array index out-of-bounds (index 64, limit 55)
L 11/28/2020 - 11:05:16: [SM] Blaming: weapon_restrict.smx
L 11/28/2020 - 11:05:16: [SM] Call stack trace:
L 11/28/2020 - 11:05:16: [SM]   [1] Line 202, restrictinc/events.sp::CS_OnBuyCommand
L 11/28/2020 - 11:10:02: Error log file session closed.
L 11/28/2020 - 11:10:02: SourceMod error session started
L 11/28/2020 - 11:10:02: Info (map "de_overpass") (file "/home/tcagame/jackm1/527/csgo/addons/sourcemod/logs/errors_20201128.log")
L 11/28/2020 - 11:10:02: [SM] Fatal error encountered parsing translation file "advadmin.phrases.txt"
L 11/28/2020 - 11:10:02: [SM] Error (line 0, column 0): Stream failed to open
L 11/28/2020 - 11:15:55: [SM] Exception reported: Array index out-of-bounds (index 64, limit 55)
L 11/28/2020 - 11:15:55: [SM] Blaming: weapon_restrict.smx
L 11/28/2020 - 11:15:55: [SM] Call stack trace:
L 11/28/2020 - 11:15:55: [SM]   [1] Line 202, restrictinc/events.sp::CS_OnBuyCommand
L 11/28/2020 - 12:14:30: Error log file session closed.
L 11/28/2020 - 12:14:30: SourceMod error session started
L 11/28/2020 - 12:14:30: Info (map "de_overpass") (file "/home/tcagame/jackm1/527/csgo/addons/sourcemod/logs/errors_20201128.log")
L 11/28/2020 - 12:14:30: [SM] Fatal error encountered parsing translation file "advadmin.phrases.txt"
L 11/28/2020 - 12:14:30: [SM] Error (line 0, column 0): Stream failed to open
L 11/28/2020 - 12:37:03: Error log file session closed.
L 11/28/2020 - 12:37:03: SourceMod error session started
L 11/28/2020 - 12:37:03: Info (map "de_overpass") (file "/home/tcagame/jackm1/527/csgo/addons/sourcemod/logs/errors_20201128.log")
L 11/28/2020 - 12:37:03: [SM] Fatal error encountered parsing translation file "advadmin.phrases.txt"
L 11/28/2020 - 12:37:03: [SM] Error (line 0, column 0): Stream failed to open
L 11/28/2020 - 12:37:47: [SM] Exception reported: Array index out-of-bounds (index 64, limit 55)
L 11/28/2020 - 12:37:47: [SM] Blaming: weapon_restrict.smx
L 11/28/2020 - 12:37:47: [SM] Call stack trace:
L 11/28/2020 - 12:37:47: [SM]   [1] Line 202, restrictinc/events.sp::CS_OnBuyCommand
L 11/28/2020 - 20:06:19: Error log file session closed.
L 11/28/2020 - 20:06:19: SourceMod error session started
L 11/28/2020 - 20:06:19: Info (map "de_overpass") (file "/home/tcagame/jackm1/527/csgo/addons/sourcemod/logs/errors_20201128.log")
L 11/28/2020 - 20:06:19: [SM] Fatal error encountered parsing translation file "advadmin.phrases.txt"
L 11/28/2020 - 20:06:19: [SM] Error (line 0, column 0): Stream failed to open
L 11/28/2020 - 20:07:07: [SM] Exception reported: Array index out-of-bounds (index 64, limit 55)
L 11/28/2020 - 20:07:07: [SM] Blaming: weapon_restrict.smx
L 11/28/2020 - 20:07:07: [SM] Call stack trace:
L 11/28/2020 - 20:07:07: [SM]   [1] Line 202, restrictinc/events.sp::CS_OnBuyCommand
L 11/28/2020 - 20:07:08: [SM] Exception reported: Array index out-of-bounds (index 64, limit 55)
L 11/28/2020 - 20:07:08: [SM] Blaming: weapon_restrict.smx
L 11/28/2020 - 20:07:08: [SM] Call stack trace:
L 11/28/2020 - 20:07:08: [SM]   [1] Line 202, restrictinc/events.sp::CS_OnBuyCommand
L 11/28/2020 - 20:07:13: [SM] Exception reported: Array index out-of-bounds (index 64, limit 55)
L 11/28/2020 - 20:07:13: [SM] Blaming: weapon_restrict.smx
L 11/28/2020 - 20:07:13: [SM] Call stack trace:
L 11/28/2020 - 20:07:13: [SM]   [1] Line 202, restrictinc/events.sp::CS_OnBuyCommand
L 11/28/2020 - 21:38:29: Error log file session closed.
L 11/28/2020 - 21:38:29: SourceMod error session started
L 11/28/2020 - 21:38:29: Info (map "de_overpass") (file "/home/tcagame/jackm1/527/csgo/addons/sourcemod/logs/errors_20201128.log")
L 11/28/2020 - 21:38:29: [SM] Fatal error encountered parsing translation file "advadmin.phrases.txt"
L 11/28/2020 - 21:38:29: [SM] Error (line 0, column 0): Stream failed to open
L 11/28/2020 - 22:14:47: Error log file session closed.
L 11/28/2020 - 22:14:47: SourceMod error session started
L 11/28/2020 - 22:14:47: Info (map "de_overpass") (file "/home/tcagame/jackm1/527/csgo/addons/sourcemod/logs/errors_20201128.log")
L 11/28/2020 - 22:14:47: [SM] Fatal error encountered parsing translation file "advadmin.phrases.txt"
L 11/28/2020 - 22:14:47: [SM] Error (line 0, column 0): Stream failed to open
L 11/29/2020 - 13:35:45: Error log file session closed.
