L 02/09/2021 - 12:38:49: SourceMod error session started
L 02/09/2021 - 12:38:49: Info (map "de_bank") (file "/home/tcagame/jackm1/599/csgo/addons/sourcemod/logs/errors_20210209.log")
L 02/09/2021 - 12:38:49: [SM] Fatal error encountered parsing translation file "advadmin.phrases.txt"
L 02/09/2021 - 12:38:49: [SM] Error (line 0, column 0): Stream failed to open
L 02/09/2021 - 12:55:23: [SM] Exception reported: Array index out-of-bounds (index 64, limit 55)
L 02/09/2021 - 12:55:23: [SM] Blaming: weapon_restrict.smx
L 02/09/2021 - 12:55:23: [SM] Call stack trace:
L 02/09/2021 - 12:55:23: [SM]   [1] Line 202, restrictinc/events.sp::CS_OnBuyCommand
L 02/09/2021 - 12:57:04: [SM] Exception reported: Language phrase "Player_Connected_From" not found (arg 3)
L 02/09/2021 - 12:57:04: [SM] Blaming: advadmin.smx
L 02/09/2021 - 12:57:04: [SM] Call stack trace:
L 02/09/2021 - 12:57:04: [SM]   [0] VFormat
L 02/09/2021 - 12:57:04: [SM]   [1] Line 386, /groups/sourcemod/compiler-1.10/include/halflife.inc::PrintToChatAll
L 02/09/2021 - 12:57:04: [SM]   [2] Line 141, /home/groups/sourcemod/upload_tmp/phpRYtiXm.sp::OnClientAuthorized
L 02/09/2021 - 13:31:09: Error log file session closed.
L 02/09/2021 - 13:31:09: SourceMod error session started
L 02/09/2021 - 13:31:09: Info (map "de_bank") (file "/home/tcagame/jackm1/599/csgo/addons/sourcemod/logs/errors_20210209.log")
L 02/09/2021 - 13:31:09: [SM] Fatal error encountered parsing translation file "advadmin.phrases.txt"
L 02/09/2021 - 13:31:09: [SM] Error (line 0, column 0): Stream failed to open
L 02/09/2021 - 13:31:27: [SM] Exception reported: Array index out-of-bounds (index 64, limit 55)
L 02/09/2021 - 13:31:27: [SM] Blaming: weapon_restrict.smx
L 02/09/2021 - 13:31:27: [SM] Call stack trace:
L 02/09/2021 - 13:31:27: [SM]   [1] Line 202, restrictinc/events.sp::CS_OnBuyCommand
L 02/09/2021 - 13:31:27: [SM] Exception reported: Array index out-of-bounds (index 64, limit 55)
L 02/09/2021 - 13:31:27: [SM] Blaming: weapon_restrict.smx
L 02/09/2021 - 13:31:27: [SM] Call stack trace:
L 02/09/2021 - 13:31:27: [SM]   [1] Line 202, restrictinc/events.sp::CS_OnBuyCommand
L 02/09/2021 - 13:31:29: [SM] Exception reported: Array index out-of-bounds (index 64, limit 55)
L 02/09/2021 - 13:31:29: [SM] Blaming: weapon_restrict.smx
L 02/09/2021 - 13:31:29: [SM] Call stack trace:
L 02/09/2021 - 13:31:29: [SM]   [1] Line 202, restrictinc/events.sp::CS_OnBuyCommand
L 02/09/2021 - 13:32:38: Error log file session closed.
L 02/09/2021 - 13:32:38: SourceMod error session started
L 02/09/2021 - 13:32:38: Info (map "de_inferno") (file "/home/tcagame/jackm1/599/csgo/addons/sourcemod/logs/errors_20210209.log")
L 02/09/2021 - 13:32:38: [SM] Fatal error encountered parsing translation file "advadmin.phrases.txt"
L 02/09/2021 - 13:32:38: [SM] Error (line 0, column 0): Stream failed to open
L 02/09/2021 - 13:33:45: [SM] Exception reported: Language phrase "Player_Connected_From" not found (arg 3)
L 02/09/2021 - 13:33:45: [SM] Blaming: advadmin.smx
L 02/09/2021 - 13:33:45: [SM] Call stack trace:
L 02/09/2021 - 13:33:45: [SM]   [0] VFormat
L 02/09/2021 - 13:33:45: [SM]   [1] Line 386, /groups/sourcemod/compiler-1.10/include/halflife.inc::PrintToChatAll
L 02/09/2021 - 13:33:45: [SM]   [2] Line 141, /home/groups/sourcemod/upload_tmp/phpRYtiXm.sp::OnClientAuthorized
L 02/09/2021 - 13:35:23: [SM] Exception reported: Array index out-of-bounds (index 64, limit 55)
L 02/09/2021 - 13:35:23: [SM] Blaming: weapon_restrict.smx
L 02/09/2021 - 13:35:23: [SM] Call stack trace:
L 02/09/2021 - 13:35:23: [SM]   [1] Line 202, restrictinc/events.sp::CS_OnBuyCommand
L 02/09/2021 - 13:35:27: [SM] Exception reported: Array index out-of-bounds (index 64, limit 55)
L 02/09/2021 - 13:35:27: [SM] Blaming: weapon_restrict.smx
L 02/09/2021 - 13:35:27: [SM] Call stack trace:
L 02/09/2021 - 13:35:27: [SM]   [1] Line 202, restrictinc/events.sp::CS_OnBuyCommand
L 02/09/2021 - 13:35:33: [SM] Exception reported: Array index out-of-bounds (index 64, limit 55)
L 02/09/2021 - 13:35:33: [SM] Blaming: weapon_restrict.smx
L 02/09/2021 - 13:35:33: [SM] Call stack trace:
L 02/09/2021 - 13:35:33: [SM]   [1] Line 202, restrictinc/events.sp::CS_OnBuyCommand
L 02/09/2021 - 13:36:11: [SM] Exception reported: Array index out-of-bounds (index 64, limit 55)
L 02/09/2021 - 13:36:11: [SM] Blaming: weapon_restrict.smx
L 02/09/2021 - 13:36:11: [SM] Call stack trace:
L 02/09/2021 - 13:36:11: [SM]   [1] Line 202, restrictinc/events.sp::CS_OnBuyCommand
L 02/09/2021 - 13:36:13: [SM] Exception reported: Language phrase "Player_Connected_From" not found (arg 3)
L 02/09/2021 - 13:36:13: [SM] Blaming: advadmin.smx
L 02/09/2021 - 13:36:13: [SM] Call stack trace:
L 02/09/2021 - 13:36:13: [SM]   [0] VFormat
L 02/09/2021 - 13:36:13: [SM]   [1] Line 386, /groups/sourcemod/compiler-1.10/include/halflife.inc::PrintToChatAll
L 02/09/2021 - 13:36:13: [SM]   [2] Line 141, /home/groups/sourcemod/upload_tmp/phpRYtiXm.sp::OnClientAuthorized
L 02/09/2021 - 13:37:32: [SM] Exception reported: Array index out-of-bounds (index 64, limit 55)
L 02/09/2021 - 13:37:32: [SM] Blaming: weapon_restrict.smx
L 02/09/2021 - 13:37:32: [SM] Call stack trace:
L 02/09/2021 - 13:37:32: [SM]   [1] Line 202, restrictinc/events.sp::CS_OnBuyCommand
L 02/09/2021 - 13:38:26: [SM] Exception reported: Array index out-of-bounds (index 64, limit 55)
L 02/09/2021 - 13:38:26: [SM] Blaming: weapon_restrict.smx
L 02/09/2021 - 13:38:26: [SM] Call stack trace:
L 02/09/2021 - 13:38:26: [SM]   [1] Line 202, restrictinc/events.sp::CS_OnBuyCommand
L 02/09/2021 - 13:39:12: [SM] Exception reported: Array index out-of-bounds (index 64, limit 55)
L 02/09/2021 - 13:39:12: [SM] Blaming: weapon_restrict.smx
L 02/09/2021 - 13:39:12: [SM] Call stack trace:
L 02/09/2021 - 13:39:12: [SM]   [1] Line 202, restrictinc/events.sp::CS_OnBuyCommand
L 02/09/2021 - 13:40:23: [SM] Exception reported: Array index out-of-bounds (index 64, limit 55)
L 02/09/2021 - 13:40:23: [SM] Blaming: weapon_restrict.smx
L 02/09/2021 - 13:40:23: [SM] Call stack trace:
L 02/09/2021 - 13:40:23: [SM]   [1] Line 202, restrictinc/events.sp::CS_OnBuyCommand
L 02/09/2021 - 13:41:00: [SM] Exception reported: Array index out-of-bounds (index 64, limit 55)
L 02/09/2021 - 13:41:00: [SM] Blaming: weapon_restrict.smx
L 02/09/2021 - 13:41:00: [SM] Call stack trace:
L 02/09/2021 - 13:41:00: [SM]   [1] Line 202, restrictinc/events.sp::CS_OnBuyCommand
L 02/09/2021 - 13:41:08: [SM] Exception reported: Array index out-of-bounds (index 64, limit 55)
L 02/09/2021 - 13:41:08: [SM] Blaming: weapon_restrict.smx
L 02/09/2021 - 13:41:08: [SM] Call stack trace:
L 02/09/2021 - 13:41:08: [SM]   [1] Line 202, restrictinc/events.sp::CS_OnBuyCommand
L 02/09/2021 - 13:41:49: [SM] Exception reported: Array index out-of-bounds (index 64, limit 55)
L 02/09/2021 - 13:41:49: [SM] Blaming: weapon_restrict.smx
L 02/09/2021 - 13:41:49: [SM] Call stack trace:
L 02/09/2021 - 13:41:49: [SM]   [1] Line 202, restrictinc/events.sp::CS_OnBuyCommand
L 02/09/2021 - 13:43:11: [SM] Exception reported: Language phrase "Player_Connected_From" not found (arg 3)
L 02/09/2021 - 13:43:11: [SM] Blaming: advadmin.smx
L 02/09/2021 - 13:43:11: [SM] Call stack trace:
L 02/09/2021 - 13:43:11: [SM]   [0] VFormat
L 02/09/2021 - 13:43:11: [SM]   [1] Line 386, /groups/sourcemod/compiler-1.10/include/halflife.inc::PrintToChatAll
L 02/09/2021 - 13:43:11: [SM]   [2] Line 141, /home/groups/sourcemod/upload_tmp/phpRYtiXm.sp::OnClientAuthorized
L 02/09/2021 - 13:43:38: [SM] Exception reported: Language phrase "Player_Connected_From" not found (arg 3)
L 02/09/2021 - 13:43:38: [SM] Blaming: advadmin.smx
L 02/09/2021 - 13:43:38: [SM] Call stack trace:
L 02/09/2021 - 13:43:38: [SM]   [0] VFormat
L 02/09/2021 - 13:43:38: [SM]   [1] Line 386, /groups/sourcemod/compiler-1.10/include/halflife.inc::PrintToChatAll
L 02/09/2021 - 13:43:38: [SM]   [2] Line 141, /home/groups/sourcemod/upload_tmp/phpRYtiXm.sp::OnClientAuthorized
L 02/09/2021 - 13:45:32: [SM] Exception reported: Language phrase "Player_Connected_From" not found (arg 3)
L 02/09/2021 - 13:45:32: [SM] Blaming: advadmin.smx
L 02/09/2021 - 13:45:32: [SM] Call stack trace:
L 02/09/2021 - 13:45:32: [SM]   [0] VFormat
L 02/09/2021 - 13:45:32: [SM]   [1] Line 386, /groups/sourcemod/compiler-1.10/include/halflife.inc::PrintToChatAll
L 02/09/2021 - 13:45:32: [SM]   [2] Line 141, /home/groups/sourcemod/upload_tmp/phpRYtiXm.sp::OnClientAuthorized
L 02/09/2021 - 13:45:40: Error log file session closed.
L 02/09/2021 - 13:45:40: SourceMod error session started
L 02/09/2021 - 13:45:40: Info (map "de_lake") (file "/home/tcagame/jackm1/599/csgo/addons/sourcemod/logs/errors_20210209.log")
L 02/09/2021 - 13:45:40: [SM] Fatal error encountered parsing translation file "advadmin.phrases.txt"
L 02/09/2021 - 13:45:40: [SM] Error (line 0, column 0): Stream failed to open
L 02/09/2021 - 13:47:01: [SM] Exception reported: Array index out-of-bounds (index 64, limit 55)
L 02/09/2021 - 13:47:01: [SM] Blaming: weapon_restrict.smx
L 02/09/2021 - 13:47:01: [SM] Call stack trace:
L 02/09/2021 - 13:47:01: [SM]   [1] Line 202, restrictinc/events.sp::CS_OnBuyCommand
L 02/09/2021 - 13:47:05: [SM] Exception reported: Array index out-of-bounds (index 64, limit 55)
L 02/09/2021 - 13:47:05: [SM] Blaming: weapon_restrict.smx
L 02/09/2021 - 13:47:05: [SM] Call stack trace:
L 02/09/2021 - 13:47:05: [SM]   [1] Line 202, restrictinc/events.sp::CS_OnBuyCommand
L 02/09/2021 - 13:47:07: [SM] Exception reported: Array index out-of-bounds (index 64, limit 55)
L 02/09/2021 - 13:47:07: [SM] Blaming: weapon_restrict.smx
L 02/09/2021 - 13:47:07: [SM] Call stack trace:
L 02/09/2021 - 13:47:07: [SM]   [1] Line 202, restrictinc/events.sp::CS_OnBuyCommand
L 02/09/2021 - 13:48:02: [SM] Exception reported: Array index out-of-bounds (index 64, limit 55)
L 02/09/2021 - 13:48:02: [SM] Blaming: weapon_restrict.smx
L 02/09/2021 - 13:48:02: [SM] Call stack trace:
L 02/09/2021 - 13:48:02: [SM]   [1] Line 202, restrictinc/events.sp::CS_OnBuyCommand
L 02/09/2021 - 13:48:44: [SM] Exception reported: Array index out-of-bounds (index 64, limit 55)
L 02/09/2021 - 13:48:44: [SM] Blaming: weapon_restrict.smx
L 02/09/2021 - 13:48:44: [SM] Call stack trace:
L 02/09/2021 - 13:48:44: [SM]   [1] Line 202, restrictinc/events.sp::CS_OnBuyCommand
L 02/09/2021 - 13:49:31: [SM] Exception reported: Array index out-of-bounds (index 64, limit 55)
L 02/09/2021 - 13:49:31: [SM] Blaming: weapon_restrict.smx
L 02/09/2021 - 13:49:31: [SM] Call stack trace:
L 02/09/2021 - 13:49:31: [SM]   [1] Line 202, restrictinc/events.sp::CS_OnBuyCommand
L 02/09/2021 - 13:53:54: [SM] Exception reported: Array index out-of-bounds (index 64, limit 55)
L 02/09/2021 - 13:53:54: [SM] Blaming: weapon_restrict.smx
L 02/09/2021 - 13:53:54: [SM] Call stack trace:
L 02/09/2021 - 13:53:54: [SM]   [1] Line 202, restrictinc/events.sp::CS_OnBuyCommand
L 02/09/2021 - 13:53:57: [SM] Exception reported: Array index out-of-bounds (index 64, limit 55)
L 02/09/2021 - 13:53:57: [SM] Blaming: weapon_restrict.smx
L 02/09/2021 - 13:53:57: [SM] Call stack trace:
L 02/09/2021 - 13:53:57: [SM]   [1] Line 202, restrictinc/events.sp::CS_OnBuyCommand
L 02/09/2021 - 13:55:55: [SM] Exception reported: Array index out-of-bounds (index 64, limit 55)
L 02/09/2021 - 13:55:55: [SM] Blaming: weapon_restrict.smx
L 02/09/2021 - 13:55:55: [SM] Call stack trace:
L 02/09/2021 - 13:55:55: [SM]   [1] Line 202, restrictinc/events.sp::CS_OnBuyCommand
L 02/09/2021 - 13:57:00: [SM] Exception reported: Array index out-of-bounds (index 64, limit 55)
L 02/09/2021 - 13:57:00: [SM] Blaming: weapon_restrict.smx
L 02/09/2021 - 13:57:00: [SM] Call stack trace:
L 02/09/2021 - 13:57:00: [SM]   [1] Line 202, restrictinc/events.sp::CS_OnBuyCommand
L 02/09/2021 - 17:21:04: Error log file session closed.
L 02/09/2021 - 17:21:04: SourceMod error session started
L 02/09/2021 - 17:21:04: Info (map "de_lake") (file "/home/tcagame/jackm1/599/csgo/addons/sourcemod/logs/errors_20210209.log")
L 02/09/2021 - 17:21:04: [SM] Fatal error encountered parsing translation file "advadmin.phrases.txt"
L 02/09/2021 - 17:21:04: [SM] Error (line 0, column 0): Stream failed to open
L 02/09/2021 - 17:23:04: Error log file session closed.
L 02/09/2021 - 17:23:04: SourceMod error session started
L 02/09/2021 - 17:23:04: Info (map "de_lake") (file "/home/tcagame/jackm1/599/csgo/addons/sourcemod/logs/errors_20210209.log")
L 02/09/2021 - 17:23:04: [SM] Fatal error encountered parsing translation file "advadmin.phrases.txt"
L 02/09/2021 - 17:23:04: [SM] Error (line 0, column 0): Stream failed to open
L 02/09/2021 - 20:33:36: Error log file session closed.
L 02/09/2021 - 20:33:36: SourceMod error session started
L 02/09/2021 - 20:33:36: Info (map "de_lake") (file "/home/tcagame/jackm1/599/csgo/addons/sourcemod/logs/errors_20210209.log")
L 02/09/2021 - 20:33:36: [SM] Fatal error encountered parsing translation file "advadmin.phrases.txt"
L 02/09/2021 - 20:33:36: [SM] Error (line 0, column 0): Stream failed to open
L 02/09/2021 - 20:35:43: [SM] Exception reported: Language phrase "Player_Connected_From" not found (arg 3)
L 02/09/2021 - 20:35:43: [SM] Blaming: advadmin.smx
L 02/09/2021 - 20:35:43: [SM] Call stack trace:
L 02/09/2021 - 20:35:43: [SM]   [0] VFormat
L 02/09/2021 - 20:35:43: [SM]   [1] Line 386, /groups/sourcemod/compiler-1.10/include/halflife.inc::PrintToChatAll
L 02/09/2021 - 20:35:43: [SM]   [2] Line 141, /home/groups/sourcemod/upload_tmp/phpRYtiXm.sp::OnClientAuthorized
L 02/09/2021 - 20:39:59: Error log file session closed.
L 02/09/2021 - 20:39:59: SourceMod error session started
L 02/09/2021 - 20:39:59: Info (map "de_inferno") (file "/home/tcagame/jackm1/599/csgo/addons/sourcemod/logs/errors_20210209.log")
L 02/09/2021 - 20:39:59: [SM] Fatal error encountered parsing translation file "advadmin.phrases.txt"
L 02/09/2021 - 20:39:59: [SM] Error (line 0, column 0): Stream failed to open
L 02/09/2021 - 20:41:38: [SM] Exception reported: Language phrase "CMD_Swap_Usage" not found (arg 4)
L 02/09/2021 - 20:41:38: [SM] Blaming: advadmin.smx
L 02/09/2021 - 20:41:38: [SM] Call stack trace:
L 02/09/2021 - 20:41:38: [SM]   [0] ReplyToCommand
L 02/09/2021 - 20:41:38: [SM]   [1] Line 659, /home/groups/sourcemod/upload_tmp/phpRYtiXm.sp::CMD_Swap
L 02/09/2021 - 20:41:38: [SM]   [3] FakeClientCommand
L 02/09/2021 - 20:41:38: [SM]   [4] Line 1054, ./scripting/pugsetup.sp::CheckChatAlias
L 02/09/2021 - 20:41:38: [SM]   [5] Line 1082, ./scripting/pugsetup.sp::OnClientSayCommand_Post
L 02/09/2021 - 20:42:23: [SM] Exception reported: Language phrase "Player_Connected_From" not found (arg 3)
L 02/09/2021 - 20:42:23: [SM] Blaming: advadmin.smx
L 02/09/2021 - 20:42:23: [SM] Call stack trace:
L 02/09/2021 - 20:42:23: [SM]   [0] VFormat
L 02/09/2021 - 20:42:23: [SM]   [1] Line 386, /groups/sourcemod/compiler-1.10/include/halflife.inc::PrintToChatAll
L 02/09/2021 - 20:42:23: [SM]   [2] Line 141, /home/groups/sourcemod/upload_tmp/phpRYtiXm.sp::OnClientAuthorized
L 02/09/2021 - 20:42:52: [SM] Exception reported: Array index out-of-bounds (index 64, limit 55)
L 02/09/2021 - 20:42:52: [SM] Blaming: weapon_restrict.smx
L 02/09/2021 - 20:42:52: [SM] Call stack trace:
L 02/09/2021 - 20:42:52: [SM]   [1] Line 202, restrictinc/events.sp::CS_OnBuyCommand
L 02/09/2021 - 20:43:14: [SM] Exception reported: Array index out-of-bounds (index 64, limit 55)
L 02/09/2021 - 20:43:14: [SM] Blaming: weapon_restrict.smx
L 02/09/2021 - 20:43:14: [SM] Call stack trace:
L 02/09/2021 - 20:43:14: [SM]   [1] Line 202, restrictinc/events.sp::CS_OnBuyCommand
L 02/09/2021 - 20:48:58: [SM] Exception reported: Array index out-of-bounds (index 64, limit 55)
L 02/09/2021 - 20:48:58: [SM] Blaming: weapon_restrict.smx
L 02/09/2021 - 20:48:58: [SM] Call stack trace:
L 02/09/2021 - 20:48:58: [SM]   [1] Line 202, restrictinc/events.sp::CS_OnBuyCommand
L 02/09/2021 - 21:52:04: Error log file session closed.
L 02/09/2021 - 21:52:04: SourceMod error session started
L 02/09/2021 - 21:52:04: Info (map "de_inferno") (file "/home/tcagame/jackm1/599/csgo/addons/sourcemod/logs/errors_20210209.log")
L 02/09/2021 - 21:52:04: [SM] Fatal error encountered parsing translation file "advadmin.phrases.txt"
L 02/09/2021 - 21:52:04: [SM] Error (line 0, column 0): Stream failed to open
L 02/09/2021 - 21:53:12: [SM] Exception reported: Language phrase "Player_Connected_From" not found (arg 3)
L 02/09/2021 - 21:53:12: [SM] Blaming: advadmin.smx
L 02/09/2021 - 21:53:12: [SM] Call stack trace:
L 02/09/2021 - 21:53:12: [SM]   [0] VFormat
L 02/09/2021 - 21:53:12: [SM]   [1] Line 386, /groups/sourcemod/compiler-1.10/include/halflife.inc::PrintToChatAll
L 02/09/2021 - 21:53:12: [SM]   [2] Line 141, /home/groups/sourcemod/upload_tmp/phpRYtiXm.sp::OnClientAuthorized
L 02/09/2021 - 21:56:43: Error log file session closed.
L 02/09/2021 - 21:56:43: SourceMod error session started
L 02/09/2021 - 21:56:43: Info (map "cs_militia") (file "/home/tcagame/jackm1/599/csgo/addons/sourcemod/logs/errors_20210209.log")
L 02/09/2021 - 21:56:43: [SM] Fatal error encountered parsing translation file "advadmin.phrases.txt"
L 02/09/2021 - 21:56:43: [SM] Error (line 0, column 0): Stream failed to open
L 02/09/2021 - 21:58:28: [SM] Exception reported: Array index out-of-bounds (index 64, limit 55)
L 02/09/2021 - 21:58:28: [SM] Blaming: weapon_restrict.smx
L 02/09/2021 - 21:58:28: [SM] Call stack trace:
L 02/09/2021 - 21:58:28: [SM]   [1] Line 202, restrictinc/events.sp::CS_OnBuyCommand
L 02/09/2021 - 21:58:29: [SM] Exception reported: Array index out-of-bounds (index 64, limit 55)
L 02/09/2021 - 21:58:29: [SM] Blaming: weapon_restrict.smx
L 02/09/2021 - 21:58:29: [SM] Call stack trace:
L 02/09/2021 - 21:58:29: [SM]   [1] Line 202, restrictinc/events.sp::CS_OnBuyCommand
L 02/09/2021 - 21:58:33: [SM] Exception reported: Array index out-of-bounds (index 64, limit 55)
L 02/09/2021 - 21:58:33: [SM] Blaming: weapon_restrict.smx
L 02/09/2021 - 21:58:33: [SM] Call stack trace:
L 02/09/2021 - 21:58:33: [SM]   [1] Line 202, restrictinc/events.sp::CS_OnBuyCommand
L 02/09/2021 - 21:58:34: [SM] Exception reported: Array index out-of-bounds (index 64, limit 55)
L 02/09/2021 - 21:58:34: [SM] Blaming: weapon_restrict.smx
L 02/09/2021 - 21:58:34: [SM] Call stack trace:
L 02/09/2021 - 21:58:34: [SM]   [1] Line 202, restrictinc/events.sp::CS_OnBuyCommand
L 02/09/2021 - 21:59:50: [SM] Exception reported: Array index out-of-bounds (index 64, limit 55)
L 02/09/2021 - 21:59:50: [SM] Blaming: weapon_restrict.smx
L 02/09/2021 - 21:59:50: [SM] Call stack trace:
L 02/09/2021 - 21:59:50: [SM]   [1] Line 202, restrictinc/events.sp::CS_OnBuyCommand
L 02/09/2021 - 22:03:55: [SM] Exception reported: Array index out-of-bounds (index 64, limit 55)
L 02/09/2021 - 22:03:55: [SM] Blaming: weapon_restrict.smx
L 02/09/2021 - 22:03:55: [SM] Call stack trace:
L 02/09/2021 - 22:03:55: [SM]   [1] Line 202, restrictinc/events.sp::CS_OnBuyCommand
L 02/09/2021 - 22:07:29: [SM] Exception reported: Language phrase "Player_Connected_From" not found (arg 3)
L 02/09/2021 - 22:07:29: [SM] Blaming: advadmin.smx
L 02/09/2021 - 22:07:29: [SM] Call stack trace:
L 02/09/2021 - 22:07:29: [SM]   [0] VFormat
L 02/09/2021 - 22:07:29: [SM]   [1] Line 386, /groups/sourcemod/compiler-1.10/include/halflife.inc::PrintToChatAll
L 02/09/2021 - 22:07:29: [SM]   [2] Line 141, /home/groups/sourcemod/upload_tmp/phpRYtiXm.sp::OnClientAuthorized
L 02/09/2021 - 22:08:21: [SM] Exception reported: Array index out-of-bounds (index 64, limit 55)
L 02/09/2021 - 22:08:21: [SM] Blaming: weapon_restrict.smx
L 02/09/2021 - 22:08:21: [SM] Call stack trace:
L 02/09/2021 - 22:08:21: [SM]   [1] Line 202, restrictinc/events.sp::CS_OnBuyCommand
L 02/09/2021 - 22:08:32: [SM] Exception reported: Array index out-of-bounds (index 64, limit 55)
L 02/09/2021 - 22:08:32: [SM] Blaming: weapon_restrict.smx
L 02/09/2021 - 22:08:32: [SM] Call stack trace:
L 02/09/2021 - 22:08:32: [SM]   [1] Line 202, restrictinc/events.sp::CS_OnBuyCommand
L 02/09/2021 - 22:08:38: [SM] Exception reported: Language phrase "Player_Connected_From" not found (arg 3)
L 02/09/2021 - 22:08:38: [SM] Blaming: advadmin.smx
L 02/09/2021 - 22:08:38: [SM] Call stack trace:
L 02/09/2021 - 22:08:38: [SM]   [0] VFormat
L 02/09/2021 - 22:08:38: [SM]   [1] Line 386, /groups/sourcemod/compiler-1.10/include/halflife.inc::PrintToChatAll
L 02/09/2021 - 22:08:38: [SM]   [2] Line 141, /home/groups/sourcemod/upload_tmp/phpRYtiXm.sp::OnClientAuthorized
L 02/09/2021 - 22:21:12: Error log file session closed.
L 02/09/2021 - 22:21:12: SourceMod error session started
L 02/09/2021 - 22:21:12: Info (map "de_inferno") (file "/home/tcagame/jackm1/599/csgo/addons/sourcemod/logs/errors_20210209.log")
L 02/09/2021 - 22:21:12: [SM] Fatal error encountered parsing translation file "advadmin.phrases.txt"
L 02/09/2021 - 22:21:12: [SM] Error (line 0, column 0): Stream failed to open
L 02/09/2021 - 22:24:03: [SM] Exception reported: Array index out-of-bounds (index 64, limit 55)
L 02/09/2021 - 22:24:03: [SM] Blaming: weapon_restrict.smx
L 02/09/2021 - 22:24:03: [SM] Call stack trace:
L 02/09/2021 - 22:24:03: [SM]   [1] Line 202, restrictinc/events.sp::CS_OnBuyCommand
L 02/09/2021 - 22:24:51: [SM] Exception reported: Array index out-of-bounds (index 64, limit 55)
L 02/09/2021 - 22:24:51: [SM] Blaming: weapon_restrict.smx
L 02/09/2021 - 22:24:51: [SM] Call stack trace:
L 02/09/2021 - 22:24:51: [SM]   [1] Line 202, restrictinc/events.sp::CS_OnBuyCommand
L 02/09/2021 - 22:27:49: [SM] Exception reported: Array index out-of-bounds (index 64, limit 55)
L 02/09/2021 - 22:27:49: [SM] Blaming: weapon_restrict.smx
L 02/09/2021 - 22:27:49: [SM] Call stack trace:
L 02/09/2021 - 22:27:49: [SM]   [1] Line 202, restrictinc/events.sp::CS_OnBuyCommand
L 02/09/2021 - 22:30:27: [SM] Exception reported: Array index out-of-bounds (index 64, limit 55)
L 02/09/2021 - 22:30:27: [SM] Blaming: weapon_restrict.smx
L 02/09/2021 - 22:30:27: [SM] Call stack trace:
L 02/09/2021 - 22:30:27: [SM]   [1] Line 202, restrictinc/events.sp::CS_OnBuyCommand
L 02/09/2021 - 22:30:30: [SM] Exception reported: Array index out-of-bounds (index 64, limit 55)
L 02/09/2021 - 22:30:30: [SM] Blaming: weapon_restrict.smx
L 02/09/2021 - 22:30:30: [SM] Call stack trace:
L 02/09/2021 - 22:30:30: [SM]   [1] Line 202, restrictinc/events.sp::CS_OnBuyCommand
L 02/09/2021 - 22:33:10: [SM] Exception reported: Language phrase "Player_Connected" not found (arg 3)
L 02/09/2021 - 22:33:10: [SM] Blaming: advadmin.smx
L 02/09/2021 - 22:33:10: [SM] Call stack trace:
L 02/09/2021 - 22:33:10: [SM]   [0] VFormat
L 02/09/2021 - 22:33:10: [SM]   [1] Line 386, /groups/sourcemod/compiler-1.10/include/halflife.inc::PrintToChatAll
L 02/09/2021 - 22:33:10: [SM]   [2] Line 145, /home/groups/sourcemod/upload_tmp/phpRYtiXm.sp::OnClientAuthorized
L 02/09/2021 - 22:35:46: Error log file session closed.
L 02/09/2021 - 22:35:46: SourceMod error session started
L 02/09/2021 - 22:35:46: Info (map "de_lake") (file "/home/tcagame/jackm1/599/csgo/addons/sourcemod/logs/errors_20210209.log")
L 02/09/2021 - 22:35:46: [SM] Fatal error encountered parsing translation file "advadmin.phrases.txt"
L 02/09/2021 - 22:35:46: [SM] Error (line 0, column 0): Stream failed to open
L 02/09/2021 - 22:36:37: [SM] Exception reported: Language phrase "Player_Connected" not found (arg 3)
L 02/09/2021 - 22:36:37: [SM] Blaming: advadmin.smx
L 02/09/2021 - 22:36:37: [SM] Call stack trace:
L 02/09/2021 - 22:36:37: [SM]   [0] VFormat
L 02/09/2021 - 22:36:37: [SM]   [1] Line 386, /groups/sourcemod/compiler-1.10/include/halflife.inc::PrintToChatAll
L 02/09/2021 - 22:36:37: [SM]   [2] Line 145, /home/groups/sourcemod/upload_tmp/phpRYtiXm.sp::OnClientAuthorized
L 02/09/2021 - 22:37:40: [SM] Exception reported: Array index out-of-bounds (index 64, limit 55)
L 02/09/2021 - 22:37:40: [SM] Blaming: weapon_restrict.smx
L 02/09/2021 - 22:37:40: [SM] Call stack trace:
L 02/09/2021 - 22:37:40: [SM]   [1] Line 202, restrictinc/events.sp::CS_OnBuyCommand
L 02/09/2021 - 22:37:45: [SM] Exception reported: Array index out-of-bounds (index 64, limit 55)
L 02/09/2021 - 22:37:45: [SM] Blaming: weapon_restrict.smx
L 02/09/2021 - 22:37:45: [SM] Call stack trace:
L 02/09/2021 - 22:37:45: [SM]   [1] Line 202, restrictinc/events.sp::CS_OnBuyCommand
L 02/09/2021 - 22:37:49: [SM] Exception reported: Array index out-of-bounds (index 64, limit 55)
L 02/09/2021 - 22:37:49: [SM] Blaming: weapon_restrict.smx
L 02/09/2021 - 22:37:49: [SM] Call stack trace:
L 02/09/2021 - 22:37:49: [SM]   [1] Line 202, restrictinc/events.sp::CS_OnBuyCommand
L 02/09/2021 - 22:37:50: [SM] Exception reported: Array index out-of-bounds (index 64, limit 55)
L 02/09/2021 - 22:37:50: [SM] Blaming: weapon_restrict.smx
L 02/09/2021 - 22:37:50: [SM] Call stack trace:
L 02/09/2021 - 22:37:50: [SM]   [1] Line 202, restrictinc/events.sp::CS_OnBuyCommand
L 02/09/2021 - 22:38:46: [SM] Exception reported: Array index out-of-bounds (index 64, limit 55)
L 02/09/2021 - 22:38:46: [SM] Blaming: weapon_restrict.smx
L 02/09/2021 - 22:38:46: [SM] Call stack trace:
L 02/09/2021 - 22:38:46: [SM]   [1] Line 202, restrictinc/events.sp::CS_OnBuyCommand
L 02/09/2021 - 22:44:29: [SM] Exception reported: Array index out-of-bounds (index 64, limit 55)
L 02/09/2021 - 22:44:29: [SM] Blaming: weapon_restrict.smx
L 02/09/2021 - 22:44:29: [SM] Call stack trace:
L 02/09/2021 - 22:44:29: [SM]   [1] Line 202, restrictinc/events.sp::CS_OnBuyCommand
L 02/09/2021 - 22:45:12: [SM] Exception reported: Array index out-of-bounds (index 64, limit 55)
L 02/09/2021 - 22:45:12: [SM] Blaming: weapon_restrict.smx
L 02/09/2021 - 22:45:12: [SM] Call stack trace:
L 02/09/2021 - 22:45:12: [SM]   [1] Line 202, restrictinc/events.sp::CS_OnBuyCommand
L 02/09/2021 - 22:45:48: [SM] Exception reported: Array index out-of-bounds (index 64, limit 55)
L 02/09/2021 - 22:45:48: [SM] Blaming: weapon_restrict.smx
L 02/09/2021 - 22:45:48: [SM] Call stack trace:
L 02/09/2021 - 22:45:48: [SM]   [1] Line 202, restrictinc/events.sp::CS_OnBuyCommand
L 02/09/2021 - 23:29:23: Error log file session closed.
L 02/09/2021 - 23:29:23: SourceMod error session started
L 02/09/2021 - 23:29:23: Info (map "de_lake") (file "/home/tcagame/jackm1/599/csgo/addons/sourcemod/logs/errors_20210209.log")
L 02/09/2021 - 23:29:23: [SM] Fatal error encountered parsing translation file "advadmin.phrases.txt"
L 02/09/2021 - 23:29:23: [SM] Error (line 0, column 0): Stream failed to open
L 02/09/2021 - 23:30:39: [SM] Exception reported: Array index out-of-bounds (index 64, limit 55)
L 02/09/2021 - 23:30:39: [SM] Blaming: weapon_restrict.smx
L 02/09/2021 - 23:30:39: [SM] Call stack trace:
L 02/09/2021 - 23:30:39: [SM]   [1] Line 202, restrictinc/events.sp::CS_OnBuyCommand
L 02/09/2021 - 23:31:26: Error log file session closed.
L 02/09/2021 - 23:31:26: SourceMod error session started
L 02/09/2021 - 23:31:26: Info (map "de_canals") (file "/home/tcagame/jackm1/599/csgo/addons/sourcemod/logs/errors_20210209.log")
L 02/09/2021 - 23:31:26: [SM] Fatal error encountered parsing translation file "advadmin.phrases.txt"
L 02/09/2021 - 23:31:26: [SM] Error (line 0, column 0): Stream failed to open
L 02/09/2021 - 23:34:01: [SM] Exception reported: Array index out-of-bounds (index 64, limit 55)
L 02/09/2021 - 23:34:01: [SM] Blaming: weapon_restrict.smx
L 02/09/2021 - 23:34:01: [SM] Call stack trace:
L 02/09/2021 - 23:34:01: [SM]   [1] Line 202, restrictinc/events.sp::CS_OnBuyCommand
L 02/09/2021 - 23:34:34: [SM] Exception reported: Array index out-of-bounds (index 64, limit 55)
L 02/09/2021 - 23:34:34: [SM] Blaming: weapon_restrict.smx
L 02/09/2021 - 23:34:34: [SM] Call stack trace:
L 02/09/2021 - 23:34:34: [SM]   [1] Line 202, restrictinc/events.sp::CS_OnBuyCommand
L 02/09/2021 - 23:34:37: [SM] Exception reported: Array index out-of-bounds (index 64, limit 55)
L 02/09/2021 - 23:34:37: [SM] Blaming: weapon_restrict.smx
L 02/09/2021 - 23:34:37: [SM] Call stack trace:
L 02/09/2021 - 23:34:37: [SM]   [1] Line 202, restrictinc/events.sp::CS_OnBuyCommand
L 02/09/2021 - 23:34:41: [SM] Exception reported: Array index out-of-bounds (index 64, limit 55)
L 02/09/2021 - 23:34:41: [SM] Blaming: weapon_restrict.smx
L 02/09/2021 - 23:34:41: [SM] Call stack trace:
L 02/09/2021 - 23:34:41: [SM]   [1] Line 202, restrictinc/events.sp::CS_OnBuyCommand
L 02/09/2021 - 23:34:44: [SM] Exception reported: Array index out-of-bounds (index 64, limit 55)
L 02/09/2021 - 23:34:44: [SM] Blaming: weapon_restrict.smx
L 02/09/2021 - 23:34:44: [SM] Call stack trace:
L 02/09/2021 - 23:34:44: [SM]   [1] Line 202, restrictinc/events.sp::CS_OnBuyCommand
L 02/09/2021 - 23:34:47: [SM] Exception reported: Array index out-of-bounds (index 64, limit 55)
L 02/09/2021 - 23:34:47: [SM] Blaming: weapon_restrict.smx
L 02/09/2021 - 23:34:47: [SM] Call stack trace:
L 02/09/2021 - 23:34:47: [SM]   [1] Line 202, restrictinc/events.sp::CS_OnBuyCommand
L 02/09/2021 - 23:35:39: [SM] Exception reported: Array index out-of-bounds (index 64, limit 55)
L 02/09/2021 - 23:35:39: [SM] Blaming: weapon_restrict.smx
L 02/09/2021 - 23:35:39: [SM] Call stack trace:
L 02/09/2021 - 23:35:39: [SM]   [1] Line 202, restrictinc/events.sp::CS_OnBuyCommand
L 02/09/2021 - 23:36:11: [SM] Exception reported: Array index out-of-bounds (index 64, limit 55)
L 02/09/2021 - 23:36:11: [SM] Blaming: weapon_restrict.smx
L 02/09/2021 - 23:36:11: [SM] Call stack trace:
L 02/09/2021 - 23:36:11: [SM]   [1] Line 202, restrictinc/events.sp::CS_OnBuyCommand
L 02/09/2021 - 23:39:52: [SM] Exception reported: Array index out-of-bounds (index 64, limit 55)
L 02/09/2021 - 23:39:52: [SM] Blaming: weapon_restrict.smx
L 02/09/2021 - 23:39:52: [SM] Call stack trace:
L 02/09/2021 - 23:39:52: [SM]   [1] Line 202, restrictinc/events.sp::CS_OnBuyCommand
L 02/09/2021 - 23:40:45: [SM] Exception reported: Array index out-of-bounds (index 64, limit 55)
L 02/09/2021 - 23:40:45: [SM] Blaming: weapon_restrict.smx
L 02/09/2021 - 23:40:45: [SM] Call stack trace:
L 02/09/2021 - 23:40:45: [SM]   [1] Line 202, restrictinc/events.sp::CS_OnBuyCommand
L 02/09/2021 - 23:40:46: [SM] Exception reported: Array index out-of-bounds (index 64, limit 55)
L 02/09/2021 - 23:40:46: [SM] Blaming: weapon_restrict.smx
L 02/09/2021 - 23:40:46: [SM] Call stack trace:
L 02/09/2021 - 23:40:46: [SM]   [1] Line 202, restrictinc/events.sp::CS_OnBuyCommand
L 02/09/2021 - 23:41:25: [SM] Exception reported: Array index out-of-bounds (index 64, limit 55)
L 02/09/2021 - 23:41:25: [SM] Blaming: weapon_restrict.smx
L 02/09/2021 - 23:41:25: [SM] Call stack trace:
L 02/09/2021 - 23:41:25: [SM]   [1] Line 202, restrictinc/events.sp::CS_OnBuyCommand
L 02/09/2021 - 23:43:56: [SM] Exception reported: Language phrase "Player_Connected_From" not found (arg 3)
L 02/09/2021 - 23:43:56: [SM] Blaming: advadmin.smx
L 02/09/2021 - 23:43:56: [SM] Call stack trace:
L 02/09/2021 - 23:43:56: [SM]   [0] VFormat
L 02/09/2021 - 23:43:56: [SM]   [1] Line 386, /groups/sourcemod/compiler-1.10/include/halflife.inc::PrintToChatAll
L 02/09/2021 - 23:43:56: [SM]   [2] Line 141, /home/groups/sourcemod/upload_tmp/phpRYtiXm.sp::OnClientAuthorized
L 02/10/2021 - 14:33:47: Error log file session closed.
