L 12/24/2020 - 03:28:58: SourceMod error session started
L 12/24/2020 - 03:28:58: Info (map "cs_office") (file "/home/tcagame/jackm1/527/csgo/addons/sourcemod/logs/errors_20201224.log")
L 12/24/2020 - 03:28:58: [SM] Fatal error encountered parsing translation file "advadmin.phrases.txt"
L 12/24/2020 - 03:28:58: [SM] Error (line 0, column 0): Stream failed to open
L 12/24/2020 - 03:29:32: [SM] Exception reported: Array index out-of-bounds (index 64, limit 55)
L 12/24/2020 - 03:29:32: [SM] Blaming: weapon_restrict.smx
L 12/24/2020 - 03:29:32: [SM] Call stack trace:
L 12/24/2020 - 03:29:32: [SM]   [1] Line 202, restrictinc/events.sp::CS_OnBuyCommand
L 12/24/2020 - 09:53:46: Error log file session closed.
L 12/24/2020 - 09:53:46: SourceMod error session started
L 12/24/2020 - 09:53:46: Info (map "cs_office") (file "/home/tcagame/jackm1/527/csgo/addons/sourcemod/logs/errors_20201224.log")
L 12/24/2020 - 09:53:46: [SM] Fatal error encountered parsing translation file "advadmin.phrases.txt"
L 12/24/2020 - 09:53:46: [SM] Error (line 0, column 0): Stream failed to open
L 12/24/2020 - 09:54:08: [SM] Exception reported: Array index out-of-bounds (index 64, limit 55)
L 12/24/2020 - 09:54:08: [SM] Blaming: weapon_restrict.smx
L 12/24/2020 - 09:54:08: [SM] Call stack trace:
L 12/24/2020 - 09:54:08: [SM]   [1] Line 202, restrictinc/events.sp::CS_OnBuyCommand
L 12/24/2020 - 09:54:13: [SM] Exception reported: Language phrase "Player_Connected_From" not found (arg 3)
L 12/24/2020 - 09:54:13: [SM] Blaming: advadmin.smx
L 12/24/2020 - 09:54:13: [SM] Call stack trace:
L 12/24/2020 - 09:54:13: [SM]   [0] VFormat
L 12/24/2020 - 09:54:13: [SM]   [1] Line 386, /groups/sourcemod/compiler-1.10/include/halflife.inc::PrintToChatAll
L 12/24/2020 - 09:54:13: [SM]   [2] Line 141, /home/groups/sourcemod/upload_tmp/phpRYtiXm.sp::OnClientAuthorized
L 12/24/2020 - 10:08:04: [SM] Exception reported: Array index out-of-bounds (index 64, limit 55)
L 12/24/2020 - 10:08:04: [SM] Blaming: weapon_restrict.smx
L 12/24/2020 - 10:08:04: [SM] Call stack trace:
L 12/24/2020 - 10:08:04: [SM]   [1] Line 202, restrictinc/events.sp::CS_OnBuyCommand
L 12/24/2020 - 10:09:31: [SM] Exception reported: Language phrase "Player_Connected_From" not found (arg 3)
L 12/24/2020 - 10:09:31: [SM] Blaming: advadmin.smx
L 12/24/2020 - 10:09:31: [SM] Call stack trace:
L 12/24/2020 - 10:09:31: [SM]   [0] VFormat
L 12/24/2020 - 10:09:31: [SM]   [1] Line 386, /groups/sourcemod/compiler-1.10/include/halflife.inc::PrintToChatAll
L 12/24/2020 - 10:09:31: [SM]   [2] Line 141, /home/groups/sourcemod/upload_tmp/phpRYtiXm.sp::OnClientAuthorized
L 12/24/2020 - 10:10:05: [SM] Exception reported: Array index out-of-bounds (index 64, limit 55)
L 12/24/2020 - 10:10:05: [SM] Blaming: weapon_restrict.smx
L 12/24/2020 - 10:10:05: [SM] Call stack trace:
L 12/24/2020 - 10:10:05: [SM]   [1] Line 202, restrictinc/events.sp::CS_OnBuyCommand
L 12/24/2020 - 10:11:40: [SM] Exception reported: Array index out-of-bounds (index 64, limit 55)
L 12/24/2020 - 10:11:40: [SM] Blaming: weapon_restrict.smx
L 12/24/2020 - 10:11:40: [SM] Call stack trace:
L 12/24/2020 - 10:11:40: [SM]   [1] Line 202, restrictinc/events.sp::CS_OnBuyCommand
L 12/24/2020 - 10:12:38: [SM] Exception reported: Array index out-of-bounds (index 64, limit 55)
L 12/24/2020 - 10:12:38: [SM] Blaming: weapon_restrict.smx
L 12/24/2020 - 10:12:38: [SM] Call stack trace:
L 12/24/2020 - 10:12:38: [SM]   [1] Line 202, restrictinc/events.sp::CS_OnBuyCommand
L 12/24/2020 - 10:18:34: [SM] Exception reported: Array index out-of-bounds (index 64, limit 55)
L 12/24/2020 - 10:18:34: [SM] Blaming: weapon_restrict.smx
L 12/24/2020 - 10:18:34: [SM] Call stack trace:
L 12/24/2020 - 10:18:34: [SM]   [1] Line 202, restrictinc/events.sp::CS_OnBuyCommand
L 12/24/2020 - 10:23:41: Error log file session closed.
L 12/24/2020 - 10:23:41: SourceMod error session started
L 12/24/2020 - 10:23:41: Info (map "cs_office") (file "/home/tcagame/jackm1/527/csgo/addons/sourcemod/logs/errors_20201224.log")
L 12/24/2020 - 10:23:41: [SM] Fatal error encountered parsing translation file "advadmin.phrases.txt"
L 12/24/2020 - 10:23:41: [SM] Error (line 0, column 0): Stream failed to open
L 12/24/2020 - 10:24:08: [SM] Exception reported: Array index out-of-bounds (index 64, limit 55)
L 12/24/2020 - 10:24:08: [SM] Blaming: weapon_restrict.smx
L 12/24/2020 - 10:24:08: [SM] Call stack trace:
L 12/24/2020 - 10:24:08: [SM]   [1] Line 202, restrictinc/events.sp::CS_OnBuyCommand
L 12/24/2020 - 10:24:55: [SM] Exception reported: Language phrase "Player_Connected_From" not found (arg 3)
L 12/24/2020 - 10:24:55: [SM] Blaming: advadmin.smx
L 12/24/2020 - 10:24:55: [SM] Call stack trace:
L 12/24/2020 - 10:24:55: [SM]   [0] VFormat
L 12/24/2020 - 10:24:55: [SM]   [1] Line 386, /groups/sourcemod/compiler-1.10/include/halflife.inc::PrintToChatAll
L 12/24/2020 - 10:24:55: [SM]   [2] Line 141, /home/groups/sourcemod/upload_tmp/phpRYtiXm.sp::OnClientAuthorized
L 12/24/2020 - 10:38:01: Error log file session closed.
L 12/24/2020 - 10:38:01: SourceMod error session started
L 12/24/2020 - 10:38:01: Info (map "cs_office") (file "/home/tcagame/jackm1/527/csgo/addons/sourcemod/logs/errors_20201224.log")
L 12/24/2020 - 10:38:01: [SM] Fatal error encountered parsing translation file "advadmin.phrases.txt"
L 12/24/2020 - 10:38:01: [SM] Error (line 0, column 0): Stream failed to open
L 12/24/2020 - 11:43:49: Error log file session closed.
L 12/24/2020 - 11:43:50: SourceMod error session started
L 12/24/2020 - 11:43:50: Info (map "cs_office") (file "/home/tcagame/jackm1/527/csgo/addons/sourcemod/logs/errors_20201224.log")
L 12/24/2020 - 11:43:50: [SM] Fatal error encountered parsing translation file "advadmin.phrases.txt"
L 12/24/2020 - 11:43:50: [SM] Error (line 0, column 0): Stream failed to open
L 12/24/2020 - 11:44:10: [SM] Exception reported: Array index out-of-bounds (index 64, limit 55)
L 12/24/2020 - 11:44:10: [SM] Blaming: weapon_restrict.smx
L 12/24/2020 - 11:44:10: [SM] Call stack trace:
L 12/24/2020 - 11:44:10: [SM]   [1] Line 202, restrictinc/events.sp::CS_OnBuyCommand
L 12/24/2020 - 11:46:25: [SM] Exception reported: Array index out-of-bounds (index 64, limit 55)
L 12/24/2020 - 11:46:25: [SM] Blaming: weapon_restrict.smx
L 12/24/2020 - 11:46:25: [SM] Call stack trace:
L 12/24/2020 - 11:46:25: [SM]   [1] Line 202, restrictinc/events.sp::CS_OnBuyCommand
L 12/24/2020 - 12:18:11: Error log file session closed.
L 12/24/2020 - 12:18:11: SourceMod error session started
L 12/24/2020 - 12:18:11: Info (map "cs_office") (file "/home/tcagame/jackm1/527/csgo/addons/sourcemod/logs/errors_20201224.log")
L 12/24/2020 - 12:18:11: [SM] Fatal error encountered parsing translation file "advadmin.phrases.txt"
L 12/24/2020 - 12:18:11: [SM] Error (line 0, column 0): Stream failed to open
L 12/24/2020 - 12:21:46: [SM] Exception reported: Language phrase "Player_Connected_From" not found (arg 3)
L 12/24/2020 - 12:21:46: [SM] Blaming: advadmin.smx
L 12/24/2020 - 12:21:46: [SM] Call stack trace:
L 12/24/2020 - 12:21:46: [SM]   [0] VFormat
L 12/24/2020 - 12:21:46: [SM]   [1] Line 386, /groups/sourcemod/compiler-1.10/include/halflife.inc::PrintToChatAll
L 12/24/2020 - 12:21:46: [SM]   [2] Line 141, /home/groups/sourcemod/upload_tmp/phpRYtiXm.sp::OnClientAuthorized
L 12/24/2020 - 12:25:33: Error log file session closed.
L 12/24/2020 - 12:25:33: SourceMod error session started
L 12/24/2020 - 12:25:33: Info (map "cs_office") (file "/home/tcagame/jackm1/527/csgo/addons/sourcemod/logs/errors_20201224.log")
L 12/24/2020 - 12:25:33: [SM] Fatal error encountered parsing translation file "advadmin.phrases.txt"
L 12/24/2020 - 12:25:33: [SM] Error (line 0, column 0): Stream failed to open
L 12/24/2020 - 15:48:20: Error log file session closed.
L 12/24/2020 - 15:48:20: SourceMod error session started
L 12/24/2020 - 15:48:20: Info (map "cs_office") (file "/home/tcagame/jackm1/527/csgo/addons/sourcemod/logs/errors_20201224.log")
L 12/24/2020 - 15:48:20: [SM] Fatal error encountered parsing translation file "advadmin.phrases.txt"
L 12/24/2020 - 15:48:20: [SM] Error (line 0, column 0): Stream failed to open
L 12/24/2020 - 19:29:27: Error log file session closed.
L 12/24/2020 - 19:29:27: SourceMod error session started
L 12/24/2020 - 19:29:27: Info (map "cs_office") (file "/home/tcagame/jackm1/527/csgo/addons/sourcemod/logs/errors_20201224.log")
L 12/24/2020 - 19:29:27: [SM] Fatal error encountered parsing translation file "advadmin.phrases.txt"
L 12/24/2020 - 19:29:27: [SM] Error (line 0, column 0): Stream failed to open
L 12/24/2020 - 19:29:41: [SM] Exception reported: Array index out-of-bounds (index 64, limit 55)
L 12/24/2020 - 19:29:41: [SM] Blaming: weapon_restrict.smx
L 12/24/2020 - 19:29:41: [SM] Call stack trace:
L 12/24/2020 - 19:29:41: [SM]   [1] Line 202, restrictinc/events.sp::CS_OnBuyCommand
L 12/24/2020 - 19:29:48: [SM] Exception reported: Language phrase "Player_Connected_From" not found (arg 3)
L 12/24/2020 - 19:29:48: [SM] Blaming: advadmin.smx
L 12/24/2020 - 19:29:48: [SM] Call stack trace:
L 12/24/2020 - 19:29:48: [SM]   [0] VFormat
L 12/24/2020 - 19:29:48: [SM]   [1] Line 386, /groups/sourcemod/compiler-1.10/include/halflife.inc::PrintToChatAll
L 12/24/2020 - 19:29:48: [SM]   [2] Line 141, /home/groups/sourcemod/upload_tmp/phpRYtiXm.sp::OnClientAuthorized
L 12/24/2020 - 19:30:20: [SM] Exception reported: Array index out-of-bounds (index 64, limit 55)
L 12/24/2020 - 19:30:20: [SM] Blaming: weapon_restrict.smx
L 12/24/2020 - 19:30:20: [SM] Call stack trace:
L 12/24/2020 - 19:30:20: [SM]   [1] Line 202, restrictinc/events.sp::CS_OnBuyCommand
L 12/24/2020 - 19:34:39: Error log file session closed.
L 12/24/2020 - 19:34:39: SourceMod error session started
L 12/24/2020 - 19:34:39: Info (map "de_train") (file "/home/tcagame/jackm1/527/csgo/addons/sourcemod/logs/errors_20201224.log")
L 12/24/2020 - 19:34:39: [SM] Fatal error encountered parsing translation file "advadmin.phrases.txt"
L 12/24/2020 - 19:34:39: [SM] Error (line 0, column 0): Stream failed to open
L 12/24/2020 - 19:36:11: [SM] Exception reported: Array index out-of-bounds (index 64, limit 55)
L 12/24/2020 - 19:36:11: [SM] Blaming: weapon_restrict.smx
L 12/24/2020 - 19:36:11: [SM] Call stack trace:
L 12/24/2020 - 19:36:11: [SM]   [1] Line 202, restrictinc/events.sp::CS_OnBuyCommand
L 12/24/2020 - 19:37:36: [SM] Exception reported: Array index out-of-bounds (index 64, limit 55)
L 12/24/2020 - 19:37:36: [SM] Blaming: weapon_restrict.smx
L 12/24/2020 - 19:37:36: [SM] Call stack trace:
L 12/24/2020 - 19:37:36: [SM]   [1] Line 202, restrictinc/events.sp::CS_OnBuyCommand
L 12/24/2020 - 19:38:09: [SM] Exception reported: Array index out-of-bounds (index 64, limit 55)
L 12/24/2020 - 19:38:09: [SM] Blaming: weapon_restrict.smx
L 12/24/2020 - 19:38:09: [SM] Call stack trace:
L 12/24/2020 - 19:38:09: [SM]   [1] Line 202, restrictinc/events.sp::CS_OnBuyCommand
L 12/24/2020 - 19:38:15: [SM] Exception reported: Array index out-of-bounds (index 64, limit 55)
L 12/24/2020 - 19:38:15: [SM] Blaming: weapon_restrict.smx
L 12/24/2020 - 19:38:15: [SM] Call stack trace:
L 12/24/2020 - 19:38:15: [SM]   [1] Line 202, restrictinc/events.sp::CS_OnBuyCommand
L 12/24/2020 - 19:38:18: [SM] Exception reported: Array index out-of-bounds (index 64, limit 55)
L 12/24/2020 - 19:38:18: [SM] Blaming: weapon_restrict.smx
L 12/24/2020 - 19:38:18: [SM] Call stack trace:
L 12/24/2020 - 19:38:18: [SM]   [1] Line 202, restrictinc/events.sp::CS_OnBuyCommand
L 12/24/2020 - 19:38:29: [SM] Exception reported: Array index out-of-bounds (index 64, limit 55)
L 12/24/2020 - 19:38:29: [SM] Blaming: weapon_restrict.smx
L 12/24/2020 - 19:38:29: [SM] Call stack trace:
L 12/24/2020 - 19:38:29: [SM]   [1] Line 202, restrictinc/events.sp::CS_OnBuyCommand
L 12/24/2020 - 19:38:31: [SM] Exception reported: Array index out-of-bounds (index 64, limit 55)
L 12/24/2020 - 19:38:31: [SM] Blaming: weapon_restrict.smx
L 12/24/2020 - 19:38:31: [SM] Call stack trace:
L 12/24/2020 - 19:38:31: [SM]   [1] Line 202, restrictinc/events.sp::CS_OnBuyCommand
L 12/24/2020 - 19:39:14: [SM] Exception reported: Array index out-of-bounds (index 64, limit 55)
L 12/24/2020 - 19:39:14: [SM] Blaming: weapon_restrict.smx
L 12/24/2020 - 19:39:14: [SM] Call stack trace:
L 12/24/2020 - 19:39:14: [SM]   [1] Line 202, restrictinc/events.sp::CS_OnBuyCommand
L 12/24/2020 - 19:40:05: [SM] Exception reported: Array index out-of-bounds (index 64, limit 55)
L 12/24/2020 - 19:40:05: [SM] Blaming: weapon_restrict.smx
L 12/24/2020 - 19:40:05: [SM] Call stack trace:
L 12/24/2020 - 19:40:05: [SM]   [1] Line 202, restrictinc/events.sp::CS_OnBuyCommand
L 12/24/2020 - 19:49:20: [SM] Exception reported: Array index out-of-bounds (index 64, limit 55)
L 12/24/2020 - 19:49:20: [SM] Blaming: weapon_restrict.smx
L 12/24/2020 - 19:49:20: [SM] Call stack trace:
L 12/24/2020 - 19:49:20: [SM]   [1] Line 202, restrictinc/events.sp::CS_OnBuyCommand
L 12/24/2020 - 19:49:20: [SM] Exception reported: Array index out-of-bounds (index 64, limit 55)
L 12/24/2020 - 19:49:20: [SM] Blaming: weapon_restrict.smx
L 12/24/2020 - 19:49:20: [SM] Call stack trace:
L 12/24/2020 - 19:49:20: [SM]   [1] Line 202, restrictinc/events.sp::CS_OnBuyCommand
L 12/24/2020 - 19:50:10: [SM] Exception reported: Array index out-of-bounds (index 64, limit 55)
L 12/24/2020 - 19:50:10: [SM] Blaming: weapon_restrict.smx
L 12/24/2020 - 19:50:10: [SM] Call stack trace:
L 12/24/2020 - 19:50:10: [SM]   [1] Line 202, restrictinc/events.sp::CS_OnBuyCommand
L 12/24/2020 - 19:50:57: [SM] Exception reported: Array index out-of-bounds (index 64, limit 55)
L 12/24/2020 - 19:50:57: [SM] Blaming: weapon_restrict.smx
L 12/24/2020 - 19:50:57: [SM] Call stack trace:
L 12/24/2020 - 19:50:57: [SM]   [1] Line 202, restrictinc/events.sp::CS_OnBuyCommand
L 12/24/2020 - 19:53:02: [SM] Exception reported: Language phrase "Player_Connected_From" not found (arg 3)
L 12/24/2020 - 19:53:02: [SM] Blaming: advadmin.smx
L 12/24/2020 - 19:53:02: [SM] Call stack trace:
L 12/24/2020 - 19:53:02: [SM]   [0] VFormat
L 12/24/2020 - 19:53:02: [SM]   [1] Line 386, /groups/sourcemod/compiler-1.10/include/halflife.inc::PrintToChatAll
L 12/24/2020 - 19:53:02: [SM]   [2] Line 141, /home/groups/sourcemod/upload_tmp/phpRYtiXm.sp::OnClientAuthorized
L 12/24/2020 - 19:57:16: Error log file session closed.
L 12/24/2020 - 19:57:16: SourceMod error session started
L 12/24/2020 - 19:57:16: Info (map "de_bank") (file "/home/tcagame/jackm1/527/csgo/addons/sourcemod/logs/errors_20201224.log")
L 12/24/2020 - 19:57:16: [SM] Fatal error encountered parsing translation file "advadmin.phrases.txt"
L 12/24/2020 - 19:57:16: [SM] Error (line 0, column 0): Stream failed to open
L 12/24/2020 - 19:59:51: [SM] Exception reported: Array index out-of-bounds (index 64, limit 55)
L 12/24/2020 - 19:59:51: [SM] Blaming: weapon_restrict.smx
L 12/24/2020 - 19:59:51: [SM] Call stack trace:
L 12/24/2020 - 19:59:51: [SM]   [1] Line 202, restrictinc/events.sp::CS_OnBuyCommand
L 12/24/2020 - 19:59:53: [SM] Exception reported: Array index out-of-bounds (index 64, limit 55)
L 12/24/2020 - 19:59:53: [SM] Blaming: weapon_restrict.smx
L 12/24/2020 - 19:59:53: [SM] Call stack trace:
L 12/24/2020 - 19:59:53: [SM]   [1] Line 202, restrictinc/events.sp::CS_OnBuyCommand
L 12/24/2020 - 20:01:23: [SM] Exception reported: Array index out-of-bounds (index 64, limit 55)
L 12/24/2020 - 20:01:23: [SM] Blaming: weapon_restrict.smx
L 12/24/2020 - 20:01:23: [SM] Call stack trace:
L 12/24/2020 - 20:01:23: [SM]   [1] Line 202, restrictinc/events.sp::CS_OnBuyCommand
L 12/24/2020 - 20:02:10: [SM] Exception reported: Array index out-of-bounds (index 64, limit 55)
L 12/24/2020 - 20:02:10: [SM] Blaming: weapon_restrict.smx
L 12/24/2020 - 20:02:10: [SM] Call stack trace:
L 12/24/2020 - 20:02:10: [SM]   [1] Line 202, restrictinc/events.sp::CS_OnBuyCommand
L 12/24/2020 - 20:14:41: [SM] Exception reported: Array index out-of-bounds (index 64, limit 55)
L 12/24/2020 - 20:14:41: [SM] Blaming: weapon_restrict.smx
L 12/24/2020 - 20:14:41: [SM] Call stack trace:
L 12/24/2020 - 20:14:41: [SM]   [1] Line 202, restrictinc/events.sp::CS_OnBuyCommand
L 12/24/2020 - 20:15:01: [SM] Exception reported: Array index out-of-bounds (index 64, limit 55)
L 12/24/2020 - 20:15:01: [SM] Blaming: weapon_restrict.smx
L 12/24/2020 - 20:15:01: [SM] Call stack trace:
L 12/24/2020 - 20:15:01: [SM]   [1] Line 202, restrictinc/events.sp::CS_OnBuyCommand
L 12/24/2020 - 20:16:02: [SM] Exception reported: Array index out-of-bounds (index 64, limit 55)
L 12/24/2020 - 20:16:02: [SM] Blaming: weapon_restrict.smx
L 12/24/2020 - 20:16:02: [SM] Call stack trace:
L 12/24/2020 - 20:16:02: [SM]   [1] Line 202, restrictinc/events.sp::CS_OnBuyCommand
L 12/24/2020 - 20:16:22: [SM] Exception reported: Array index out-of-bounds (index 64, limit 55)
L 12/24/2020 - 20:16:22: [SM] Blaming: weapon_restrict.smx
L 12/24/2020 - 20:16:22: [SM] Call stack trace:
L 12/24/2020 - 20:16:22: [SM]   [1] Line 202, restrictinc/events.sp::CS_OnBuyCommand
L 12/24/2020 - 20:22:23: Error log file session closed.
L 12/24/2020 - 20:22:23: SourceMod error session started
L 12/24/2020 - 20:22:23: Info (map "de_bank") (file "/home/tcagame/jackm1/527/csgo/addons/sourcemod/logs/errors_20201224.log")
L 12/24/2020 - 20:22:23: [SM] Fatal error encountered parsing translation file "advadmin.phrases.txt"
L 12/24/2020 - 20:22:23: [SM] Error (line 0, column 0): Stream failed to open
L 12/24/2020 - 20:24:55: [SM] Exception reported: Language phrase "Player_Connected_From" not found (arg 3)
L 12/24/2020 - 20:24:55: [SM] Blaming: advadmin.smx
L 12/24/2020 - 20:24:55: [SM] Call stack trace:
L 12/24/2020 - 20:24:55: [SM]   [0] VFormat
L 12/24/2020 - 20:24:55: [SM]   [1] Line 386, /groups/sourcemod/compiler-1.10/include/halflife.inc::PrintToChatAll
L 12/24/2020 - 20:24:55: [SM]   [2] Line 141, /home/groups/sourcemod/upload_tmp/phpRYtiXm.sp::OnClientAuthorized
L 12/24/2020 - 20:27:57: [SM] Exception reported: Array index out-of-bounds (index 64, limit 55)
L 12/24/2020 - 20:27:57: [SM] Blaming: weapon_restrict.smx
L 12/24/2020 - 20:27:57: [SM] Call stack trace:
L 12/24/2020 - 20:27:57: [SM]   [1] Line 202, restrictinc/events.sp::CS_OnBuyCommand
L 12/24/2020 - 20:40:18: [SM] Exception reported: Array index out-of-bounds (index 64, limit 55)
L 12/24/2020 - 20:40:18: [SM] Blaming: weapon_restrict.smx
L 12/24/2020 - 20:40:18: [SM] Call stack trace:
L 12/24/2020 - 20:40:18: [SM]   [1] Line 202, restrictinc/events.sp::CS_OnBuyCommand
L 12/24/2020 - 22:03:36: Error log file session closed.
L 12/24/2020 - 22:03:36: SourceMod error session started
L 12/24/2020 - 22:03:36: Info (map "de_bank") (file "/home/tcagame/jackm1/527/csgo/addons/sourcemod/logs/errors_20201224.log")
L 12/24/2020 - 22:03:36: [SM] Fatal error encountered parsing translation file "advadmin.phrases.txt"
L 12/24/2020 - 22:03:36: [SM] Error (line 0, column 0): Stream failed to open
L 12/24/2020 - 22:03:56: [SM] Exception reported: Array index out-of-bounds (index 64, limit 55)
L 12/24/2020 - 22:03:56: [SM] Blaming: weapon_restrict.smx
L 12/24/2020 - 22:03:56: [SM] Call stack trace:
L 12/24/2020 - 22:03:56: [SM]   [1] Line 202, restrictinc/events.sp::CS_OnBuyCommand
L 12/24/2020 - 22:05:24: [SM] Exception reported: Array index out-of-bounds (index 64, limit 55)
L 12/24/2020 - 22:05:24: [SM] Blaming: weapon_restrict.smx
L 12/24/2020 - 22:05:24: [SM] Call stack trace:
L 12/24/2020 - 22:05:24: [SM]   [1] Line 202, restrictinc/events.sp::CS_OnBuyCommand
L 12/24/2020 - 22:12:14: [SM] Exception reported: Array index out-of-bounds (index 64, limit 55)
L 12/24/2020 - 22:12:14: [SM] Blaming: weapon_restrict.smx
L 12/24/2020 - 22:12:14: [SM] Call stack trace:
L 12/24/2020 - 22:12:14: [SM]   [1] Line 202, restrictinc/events.sp::CS_OnBuyCommand
L 12/24/2020 - 22:21:18: [SM] Exception reported: Language phrase "Player_Connected_From" not found (arg 3)
L 12/24/2020 - 22:21:18: [SM] Blaming: advadmin.smx
L 12/24/2020 - 22:21:18: [SM] Call stack trace:
L 12/24/2020 - 22:21:18: [SM]   [0] VFormat
L 12/24/2020 - 22:21:18: [SM]   [1] Line 386, /groups/sourcemod/compiler-1.10/include/halflife.inc::PrintToChatAll
L 12/24/2020 - 22:21:18: [SM]   [2] Line 141, /home/groups/sourcemod/upload_tmp/phpRYtiXm.sp::OnClientAuthorized
L 12/24/2020 - 22:21:31: [SM] Exception reported: Array index out-of-bounds (index 64, limit 55)
L 12/24/2020 - 22:21:31: [SM] Blaming: weapon_restrict.smx
L 12/24/2020 - 22:21:31: [SM] Call stack trace:
L 12/24/2020 - 22:21:31: [SM]   [1] Line 202, restrictinc/events.sp::CS_OnBuyCommand
L 12/24/2020 - 22:22:15: [SM] Exception reported: Array index out-of-bounds (index 64, limit 55)
L 12/24/2020 - 22:22:15: [SM] Blaming: weapon_restrict.smx
L 12/24/2020 - 22:22:15: [SM] Call stack trace:
L 12/24/2020 - 22:22:15: [SM]   [1] Line 202, restrictinc/events.sp::CS_OnBuyCommand
L 12/24/2020 - 22:22:22: [SM] Exception reported: Array index out-of-bounds (index 64, limit 55)
L 12/24/2020 - 22:22:22: [SM] Blaming: weapon_restrict.smx
L 12/24/2020 - 22:22:22: [SM] Call stack trace:
L 12/24/2020 - 22:22:22: [SM]   [1] Line 202, restrictinc/events.sp::CS_OnBuyCommand
L 12/24/2020 - 22:23:06: [SM] Exception reported: Language phrase "Player_Connected_From" not found (arg 3)
L 12/24/2020 - 22:23:06: [SM] Blaming: advadmin.smx
L 12/24/2020 - 22:23:06: [SM] Call stack trace:
L 12/24/2020 - 22:23:06: [SM]   [0] VFormat
L 12/24/2020 - 22:23:06: [SM]   [1] Line 386, /groups/sourcemod/compiler-1.10/include/halflife.inc::PrintToChatAll
L 12/24/2020 - 22:23:06: [SM]   [2] Line 141, /home/groups/sourcemod/upload_tmp/phpRYtiXm.sp::OnClientAuthorized
L 12/24/2020 - 22:23:17: [SM] Exception reported: Array index out-of-bounds (index 64, limit 55)
L 12/24/2020 - 22:23:17: [SM] Blaming: weapon_restrict.smx
L 12/24/2020 - 22:23:17: [SM] Call stack trace:
L 12/24/2020 - 22:23:17: [SM]   [1] Line 202, restrictinc/events.sp::CS_OnBuyCommand
L 12/24/2020 - 22:23:30: [SM] Exception reported: Array index out-of-bounds (index 64, limit 55)
L 12/24/2020 - 22:23:30: [SM] Blaming: weapon_restrict.smx
L 12/24/2020 - 22:23:30: [SM] Call stack trace:
L 12/24/2020 - 22:23:30: [SM]   [1] Line 202, restrictinc/events.sp::CS_OnBuyCommand
L 12/24/2020 - 22:23:37: [SM] Exception reported: Array index out-of-bounds (index 64, limit 55)
L 12/24/2020 - 22:23:37: [SM] Blaming: weapon_restrict.smx
L 12/24/2020 - 22:23:37: [SM] Call stack trace:
L 12/24/2020 - 22:23:37: [SM]   [1] Line 202, restrictinc/events.sp::CS_OnBuyCommand
L 12/24/2020 - 22:25:32: [SM] Exception reported: Array index out-of-bounds (index 64, limit 55)
L 12/24/2020 - 22:25:32: [SM] Blaming: weapon_restrict.smx
L 12/24/2020 - 22:25:32: [SM] Call stack trace:
L 12/24/2020 - 22:25:32: [SM]   [1] Line 202, restrictinc/events.sp::CS_OnBuyCommand
L 12/24/2020 - 22:25:39: [SM] Exception reported: Array index out-of-bounds (index 64, limit 55)
L 12/24/2020 - 22:25:39: [SM] Blaming: weapon_restrict.smx
L 12/24/2020 - 22:25:39: [SM] Call stack trace:
L 12/24/2020 - 22:25:39: [SM]   [1] Line 202, restrictinc/events.sp::CS_OnBuyCommand
L 12/24/2020 - 22:26:15: [SM] Exception reported: Array index out-of-bounds (index 64, limit 55)
L 12/24/2020 - 22:26:15: [SM] Blaming: weapon_restrict.smx
L 12/24/2020 - 22:26:15: [SM] Call stack trace:
L 12/24/2020 - 22:26:15: [SM]   [1] Line 202, restrictinc/events.sp::CS_OnBuyCommand
L 12/24/2020 - 22:26:37: [SM] Exception reported: Array index out-of-bounds (index 64, limit 55)
L 12/24/2020 - 22:26:37: [SM] Blaming: weapon_restrict.smx
L 12/24/2020 - 22:26:37: [SM] Call stack trace:
L 12/24/2020 - 22:26:37: [SM]   [1] Line 202, restrictinc/events.sp::CS_OnBuyCommand
L 12/24/2020 - 22:26:55: [SM] Exception reported: Language phrase "Player_Connected_From" not found (arg 3)
L 12/24/2020 - 22:26:55: [SM] Blaming: advadmin.smx
L 12/24/2020 - 22:26:55: [SM] Call stack trace:
L 12/24/2020 - 22:26:55: [SM]   [0] VFormat
L 12/24/2020 - 22:26:55: [SM]   [1] Line 386, /groups/sourcemod/compiler-1.10/include/halflife.inc::PrintToChatAll
L 12/24/2020 - 22:26:55: [SM]   [2] Line 141, /home/groups/sourcemod/upload_tmp/phpRYtiXm.sp::OnClientAuthorized
L 12/24/2020 - 22:28:18: [SM] Exception reported: Array index out-of-bounds (index 64, limit 55)
L 12/24/2020 - 22:28:18: [SM] Blaming: weapon_restrict.smx
L 12/24/2020 - 22:28:18: [SM] Call stack trace:
L 12/24/2020 - 22:28:18: [SM]   [1] Line 202, restrictinc/events.sp::CS_OnBuyCommand
L 12/24/2020 - 22:36:55: [SM] Exception reported: Array index out-of-bounds (index 64, limit 55)
L 12/24/2020 - 22:36:55: [SM] Blaming: weapon_restrict.smx
L 12/24/2020 - 22:36:55: [SM] Call stack trace:
L 12/24/2020 - 22:36:55: [SM]   [1] Line 202, restrictinc/events.sp::CS_OnBuyCommand
L 12/24/2020 - 22:43:10: [SM] Exception reported: Array index out-of-bounds (index 64, limit 55)
L 12/24/2020 - 22:43:10: [SM] Blaming: weapon_restrict.smx
L 12/24/2020 - 22:43:10: [SM] Call stack trace:
L 12/24/2020 - 22:43:10: [SM]   [1] Line 202, restrictinc/events.sp::CS_OnBuyCommand
L 12/24/2020 - 22:45:29: [SM] Exception reported: Array index out-of-bounds (index 64, limit 55)
L 12/24/2020 - 22:45:29: [SM] Blaming: weapon_restrict.smx
L 12/24/2020 - 22:45:29: [SM] Call stack trace:
L 12/24/2020 - 22:45:29: [SM]   [1] Line 202, restrictinc/events.sp::CS_OnBuyCommand
L 12/24/2020 - 22:45:58: [SM] Exception reported: Array index out-of-bounds (index 64, limit 55)
L 12/24/2020 - 22:45:58: [SM] Blaming: weapon_restrict.smx
L 12/24/2020 - 22:45:58: [SM] Call stack trace:
L 12/24/2020 - 22:45:58: [SM]   [1] Line 202, restrictinc/events.sp::CS_OnBuyCommand
L 12/24/2020 - 22:45:58: [SM] Exception reported: Array index out-of-bounds (index 64, limit 55)
L 12/24/2020 - 22:45:58: [SM] Blaming: weapon_restrict.smx
L 12/24/2020 - 22:45:58: [SM] Call stack trace:
L 12/24/2020 - 22:45:58: [SM]   [1] Line 202, restrictinc/events.sp::CS_OnBuyCommand
L 12/24/2020 - 22:47:28: [SM] Exception reported: Array index out-of-bounds (index 64, limit 55)
L 12/24/2020 - 22:47:28: [SM] Blaming: weapon_restrict.smx
L 12/24/2020 - 22:47:28: [SM] Call stack trace:
L 12/24/2020 - 22:47:28: [SM]   [1] Line 202, restrictinc/events.sp::CS_OnBuyCommand
L 12/24/2020 - 22:47:30: [SM] Exception reported: Array index out-of-bounds (index 64, limit 55)
L 12/24/2020 - 22:47:30: [SM] Blaming: weapon_restrict.smx
L 12/24/2020 - 22:47:30: [SM] Call stack trace:
L 12/24/2020 - 22:47:30: [SM]   [1] Line 202, restrictinc/events.sp::CS_OnBuyCommand
L 12/24/2020 - 22:47:30: [SM] Exception reported: Array index out-of-bounds (index 64, limit 55)
L 12/24/2020 - 22:47:30: [SM] Blaming: weapon_restrict.smx
L 12/24/2020 - 22:47:30: [SM] Call stack trace:
L 12/24/2020 - 22:47:30: [SM]   [1] Line 202, restrictinc/events.sp::CS_OnBuyCommand
L 12/24/2020 - 22:48:39: [SM] Exception reported: Array index out-of-bounds (index 64, limit 55)
L 12/24/2020 - 22:48:39: [SM] Blaming: weapon_restrict.smx
L 12/24/2020 - 22:48:39: [SM] Call stack trace:
L 12/24/2020 - 22:48:39: [SM]   [1] Line 202, restrictinc/events.sp::CS_OnBuyCommand
L 12/24/2020 - 22:54:34: [SM] Exception reported: Array index out-of-bounds (index 64, limit 55)
L 12/24/2020 - 22:54:34: [SM] Blaming: weapon_restrict.smx
L 12/24/2020 - 22:54:34: [SM] Call stack trace:
L 12/24/2020 - 22:54:34: [SM]   [1] Line 202, restrictinc/events.sp::CS_OnBuyCommand
L 12/24/2020 - 22:59:45: [SM] Exception reported: Array index out-of-bounds (index 64, limit 55)
L 12/24/2020 - 22:59:45: [SM] Blaming: weapon_restrict.smx
L 12/24/2020 - 22:59:45: [SM] Call stack trace:
L 12/24/2020 - 22:59:45: [SM]   [1] Line 202, restrictinc/events.sp::CS_OnBuyCommand
L 12/24/2020 - 23:02:58: [SM] Exception reported: Array index out-of-bounds (index 64, limit 55)
L 12/24/2020 - 23:02:58: [SM] Blaming: weapon_restrict.smx
L 12/24/2020 - 23:02:58: [SM] Call stack trace:
L 12/24/2020 - 23:02:58: [SM]   [1] Line 202, restrictinc/events.sp::CS_OnBuyCommand
L 12/24/2020 - 23:02:58: [SM] Exception reported: Array index out-of-bounds (index 64, limit 55)
L 12/24/2020 - 23:02:58: [SM] Blaming: weapon_restrict.smx
L 12/24/2020 - 23:02:58: [SM] Call stack trace:
L 12/24/2020 - 23:02:58: [SM]   [1] Line 202, restrictinc/events.sp::CS_OnBuyCommand
L 12/24/2020 - 23:03:56: [SM] Exception reported: Array index out-of-bounds (index 64, limit 55)
L 12/24/2020 - 23:03:56: [SM] Blaming: weapon_restrict.smx
L 12/24/2020 - 23:03:56: [SM] Call stack trace:
L 12/24/2020 - 23:03:56: [SM]   [1] Line 202, restrictinc/events.sp::CS_OnBuyCommand
L 12/24/2020 - 23:04:23: [SM] Exception reported: Array index out-of-bounds (index 64, limit 55)
L 12/24/2020 - 23:04:23: [SM] Blaming: weapon_restrict.smx
L 12/24/2020 - 23:04:23: [SM] Call stack trace:
L 12/24/2020 - 23:04:23: [SM]   [1] Line 202, restrictinc/events.sp::CS_OnBuyCommand
L 12/24/2020 - 23:12:07: [SM] Exception reported: Array index out-of-bounds (index 64, limit 55)
L 12/24/2020 - 23:12:07: [SM] Blaming: weapon_restrict.smx
L 12/24/2020 - 23:12:07: [SM] Call stack trace:
L 12/24/2020 - 23:12:07: [SM]   [1] Line 202, restrictinc/events.sp::CS_OnBuyCommand
L 12/24/2020 - 23:13:38: Error log file session closed.
L 12/24/2020 - 23:13:38: SourceMod error session started
L 12/24/2020 - 23:13:38: Info (map "de_cache") (file "/home/tcagame/jackm1/527/csgo/addons/sourcemod/logs/errors_20201224.log")
L 12/24/2020 - 23:13:38: [SM] Fatal error encountered parsing translation file "advadmin.phrases.txt"
L 12/24/2020 - 23:13:38: [SM] Error (line 0, column 0): Stream failed to open
L 12/24/2020 - 23:15:18: Error log file session closed.
L 12/24/2020 - 23:15:18: SourceMod error session started
L 12/24/2020 - 23:15:18: Info (map "de_safehouse") (file "/home/tcagame/jackm1/527/csgo/addons/sourcemod/logs/errors_20201224.log")
L 12/24/2020 - 23:15:18: [SM] Fatal error encountered parsing translation file "advadmin.phrases.txt"
L 12/24/2020 - 23:15:18: [SM] Error (line 0, column 0): Stream failed to open
L 12/24/2020 - 23:16:44: Error log file session closed.
L 12/24/2020 - 23:16:44: SourceMod error session started
L 12/24/2020 - 23:16:44: Info (map "de_cache") (file "/home/tcagame/jackm1/527/csgo/addons/sourcemod/logs/errors_20201224.log")
L 12/24/2020 - 23:16:44: [SM] Fatal error encountered parsing translation file "advadmin.phrases.txt"
L 12/24/2020 - 23:16:44: [SM] Error (line 0, column 0): Stream failed to open
L 12/24/2020 - 23:17:36: [SM] Exception reported: Array index out-of-bounds (index 64, limit 55)
L 12/24/2020 - 23:17:36: [SM] Blaming: weapon_restrict.smx
L 12/24/2020 - 23:17:36: [SM] Call stack trace:
L 12/24/2020 - 23:17:36: [SM]   [1] Line 202, restrictinc/events.sp::CS_OnBuyCommand
L 12/24/2020 - 23:19:17: [SM] Exception reported: Array index out-of-bounds (index 64, limit 55)
L 12/24/2020 - 23:19:17: [SM] Blaming: weapon_restrict.smx
L 12/24/2020 - 23:19:17: [SM] Call stack trace:
L 12/24/2020 - 23:19:17: [SM]   [1] Line 202, restrictinc/events.sp::CS_OnBuyCommand
L 12/24/2020 - 23:19:18: [SM] Exception reported: Array index out-of-bounds (index 64, limit 55)
L 12/24/2020 - 23:19:18: [SM] Blaming: weapon_restrict.smx
L 12/24/2020 - 23:19:18: [SM] Call stack trace:
L 12/24/2020 - 23:19:18: [SM]   [1] Line 202, restrictinc/events.sp::CS_OnBuyCommand
L 12/24/2020 - 23:19:28: [SM] Exception reported: Array index out-of-bounds (index 64, limit 55)
L 12/24/2020 - 23:19:28: [SM] Blaming: weapon_restrict.smx
L 12/24/2020 - 23:19:28: [SM] Call stack trace:
L 12/24/2020 - 23:19:28: [SM]   [1] Line 202, restrictinc/events.sp::CS_OnBuyCommand
L 12/24/2020 - 23:19:35: [SM] Exception reported: Array index out-of-bounds (index 64, limit 55)
L 12/24/2020 - 23:19:35: [SM] Blaming: weapon_restrict.smx
L 12/24/2020 - 23:19:35: [SM] Call stack trace:
L 12/24/2020 - 23:19:35: [SM]   [1] Line 202, restrictinc/events.sp::CS_OnBuyCommand
L 12/24/2020 - 23:21:02: [SM] Exception reported: Array index out-of-bounds (index 64, limit 55)
L 12/24/2020 - 23:21:02: [SM] Blaming: weapon_restrict.smx
L 12/24/2020 - 23:21:02: [SM] Call stack trace:
L 12/24/2020 - 23:21:02: [SM]   [1] Line 202, restrictinc/events.sp::CS_OnBuyCommand
L 12/24/2020 - 23:24:53: [SM] Exception reported: Array index out-of-bounds (index 64, limit 55)
L 12/24/2020 - 23:24:53: [SM] Blaming: weapon_restrict.smx
L 12/24/2020 - 23:24:53: [SM] Call stack trace:
L 12/24/2020 - 23:24:53: [SM]   [1] Line 202, restrictinc/events.sp::CS_OnBuyCommand
L 12/24/2020 - 23:31:48: [SM] Exception reported: Array index out-of-bounds (index 64, limit 55)
L 12/24/2020 - 23:31:48: [SM] Blaming: weapon_restrict.smx
L 12/24/2020 - 23:31:48: [SM] Call stack trace:
L 12/24/2020 - 23:31:48: [SM]   [1] Line 202, restrictinc/events.sp::CS_OnBuyCommand
L 12/24/2020 - 23:32:21: [SM] Exception reported: Array index out-of-bounds (index 64, limit 55)
L 12/24/2020 - 23:32:21: [SM] Blaming: weapon_restrict.smx
L 12/24/2020 - 23:32:21: [SM] Call stack trace:
L 12/24/2020 - 23:32:21: [SM]   [1] Line 202, restrictinc/events.sp::CS_OnBuyCommand
L 12/24/2020 - 23:34:56: [SM] Exception reported: Array index out-of-bounds (index 64, limit 55)
L 12/24/2020 - 23:34:56: [SM] Blaming: weapon_restrict.smx
L 12/24/2020 - 23:34:56: [SM] Call stack trace:
L 12/24/2020 - 23:34:56: [SM]   [1] Line 202, restrictinc/events.sp::CS_OnBuyCommand
L 12/24/2020 - 23:42:57: Error log file session closed.
L 12/24/2020 - 23:42:57: SourceMod error session started
L 12/24/2020 - 23:42:57: Info (map "de_mirage") (file "/home/tcagame/jackm1/527/csgo/addons/sourcemod/logs/errors_20201224.log")
L 12/24/2020 - 23:42:57: [SM] Fatal error encountered parsing translation file "advadmin.phrases.txt"
L 12/24/2020 - 23:42:57: [SM] Error (line 0, column 0): Stream failed to open
L 12/24/2020 - 23:43:29: [SM] Exception reported: Array index out-of-bounds (index 63, limit 55)
L 12/24/2020 - 23:43:29: [SM] Blaming: weapon_restrict.smx
L 12/24/2020 - 23:43:29: [SM] Call stack trace:
L 12/24/2020 - 23:43:29: [SM]   [1] Line 202, restrictinc/events.sp::CS_OnBuyCommand
L 12/24/2020 - 23:43:30: [SM] Exception reported: Array index out-of-bounds (index 64, limit 55)
L 12/24/2020 - 23:43:30: [SM] Blaming: weapon_restrict.smx
L 12/24/2020 - 23:43:30: [SM] Call stack trace:
L 12/24/2020 - 23:43:30: [SM]   [1] Line 202, restrictinc/events.sp::CS_OnBuyCommand
L 12/24/2020 - 23:43:58: [SM] Exception reported: Array index out-of-bounds (index 64, limit 55)
L 12/24/2020 - 23:43:58: [SM] Blaming: weapon_restrict.smx
L 12/24/2020 - 23:43:58: [SM] Call stack trace:
L 12/24/2020 - 23:43:58: [SM]   [1] Line 202, restrictinc/events.sp::CS_OnBuyCommand
L 12/24/2020 - 23:44:01: [SM] Exception reported: Array index out-of-bounds (index 64, limit 55)
L 12/24/2020 - 23:44:01: [SM] Blaming: weapon_restrict.smx
L 12/24/2020 - 23:44:01: [SM] Call stack trace:
L 12/24/2020 - 23:44:01: [SM]   [1] Line 202, restrictinc/events.sp::CS_OnBuyCommand
L 12/24/2020 - 23:45:05: [SM] Exception reported: Array index out-of-bounds (index 64, limit 55)
L 12/24/2020 - 23:45:05: [SM] Blaming: weapon_restrict.smx
L 12/24/2020 - 23:45:05: [SM] Call stack trace:
L 12/24/2020 - 23:45:05: [SM]   [1] Line 202, restrictinc/events.sp::CS_OnBuyCommand
L 12/24/2020 - 23:45:06: [SM] Exception reported: Array index out-of-bounds (index 64, limit 55)
L 12/24/2020 - 23:45:06: [SM] Blaming: weapon_restrict.smx
L 12/24/2020 - 23:45:06: [SM] Call stack trace:
L 12/24/2020 - 23:45:06: [SM]   [1] Line 202, restrictinc/events.sp::CS_OnBuyCommand
L 12/24/2020 - 23:46:16: [SM] Exception reported: Array index out-of-bounds (index 64, limit 55)
L 12/24/2020 - 23:46:16: [SM] Blaming: weapon_restrict.smx
L 12/24/2020 - 23:46:16: [SM] Call stack trace:
L 12/24/2020 - 23:46:16: [SM]   [1] Line 202, restrictinc/events.sp::CS_OnBuyCommand
L 12/24/2020 - 23:56:59: [SM] Exception reported: Array index out-of-bounds (index 64, limit 55)
L 12/24/2020 - 23:56:59: [SM] Blaming: weapon_restrict.smx
L 12/24/2020 - 23:56:59: [SM] Call stack trace:
L 12/24/2020 - 23:56:59: [SM]   [1] Line 202, restrictinc/events.sp::CS_OnBuyCommand
L 12/24/2020 - 23:57:26: [SM] Exception reported: Array index out-of-bounds (index 64, limit 55)
L 12/24/2020 - 23:57:26: [SM] Blaming: weapon_restrict.smx
L 12/24/2020 - 23:57:26: [SM] Call stack trace:
L 12/24/2020 - 23:57:26: [SM]   [1] Line 202, restrictinc/events.sp::CS_OnBuyCommand
L 12/24/2020 - 23:59:04: [SM] Exception reported: Array index out-of-bounds (index 64, limit 55)
L 12/24/2020 - 23:59:04: [SM] Blaming: weapon_restrict.smx
L 12/24/2020 - 23:59:04: [SM] Call stack trace:
L 12/24/2020 - 23:59:04: [SM]   [1] Line 202, restrictinc/events.sp::CS_OnBuyCommand
L 12/24/2020 - 23:59:38: [SM] Exception reported: Array index out-of-bounds (index 64, limit 55)
L 12/24/2020 - 23:59:38: [SM] Blaming: weapon_restrict.smx
L 12/24/2020 - 23:59:38: [SM] Call stack trace:
L 12/24/2020 - 23:59:38: [SM]   [1] Line 202, restrictinc/events.sp::CS_OnBuyCommand
L 12/25/2020 - 00:03:00: Error log file session closed.
