L 08/09/2020 - 01:47:36: SourceMod error session started
L 08/09/2020 - 01:47:36: Info (map "de_canals") (file "/home/tcagame/jackm1/488/csgo/addons/sourcemod/logs/errors_20200809.log")
L 08/09/2020 - 01:47:36: [SM] Fatal error encountered parsing translation file "advadmin.phrases.txt"
L 08/09/2020 - 01:47:36: [SM] Error (line 0, column 0): Stream failed to open
L 08/09/2020 - 01:48:51: [SM] Exception reported: Array index out-of-bounds (index 64, limit 55)
L 08/09/2020 - 01:48:51: [SM] Blaming: weapon_restrict.smx
L 08/09/2020 - 01:48:51: [SM] Call stack trace:
L 08/09/2020 - 01:48:51: [SM]   [1] Line 202, restrictinc/events.sp::CS_OnBuyCommand
L 08/09/2020 - 01:48:56: [SM] Exception reported: Array index out-of-bounds (index 64, limit 55)
L 08/09/2020 - 01:48:56: [SM] Blaming: weapon_restrict.smx
L 08/09/2020 - 01:48:56: [SM] Call stack trace:
L 08/09/2020 - 01:48:56: [SM]   [1] Line 202, restrictinc/events.sp::CS_OnBuyCommand
L 08/09/2020 - 16:48:39: Error log file session closed.
L 08/09/2020 - 16:48:39: SourceMod error session started
L 08/09/2020 - 16:48:39: Info (map "de_canals") (file "/home/tcagame/jackm1/488/csgo/addons/sourcemod/logs/errors_20200809.log")
L 08/09/2020 - 16:48:39: [SM] Fatal error encountered parsing translation file "advadmin.phrases.txt"
L 08/09/2020 - 16:48:39: [SM] Error (line 0, column 0): Stream failed to open
L 08/09/2020 - 16:49:35: [SM] Exception reported: Array index out-of-bounds (index 63, limit 55)
L 08/09/2020 - 16:49:35: [SM] Blaming: weapon_restrict.smx
L 08/09/2020 - 16:49:35: [SM] Call stack trace:
L 08/09/2020 - 16:49:35: [SM]   [1] Line 202, restrictinc/events.sp::CS_OnBuyCommand
L 08/09/2020 - 16:52:11: Error log file session closed.
L 08/09/2020 - 16:52:11: SourceMod error session started
L 08/09/2020 - 16:52:11: Info (map "de_canals") (file "/home/tcagame/jackm1/488/csgo/addons/sourcemod/logs/errors_20200809.log")
L 08/09/2020 - 16:52:11: [SM] Fatal error encountered parsing translation file "advadmin.phrases.txt"
L 08/09/2020 - 16:52:11: [SM] Error (line 0, column 0): Stream failed to open
L 08/09/2020 - 17:04:04: Error log file session closed.
L 08/09/2020 - 17:04:04: SourceMod error session started
L 08/09/2020 - 17:04:04: Info (map "de_canals") (file "/home/tcagame/jackm1/488/csgo/addons/sourcemod/logs/errors_20200809.log")
L 08/09/2020 - 17:04:04: [SM] Fatal error encountered parsing translation file "advadmin.phrases.txt"
L 08/09/2020 - 17:04:04: [SM] Error (line 0, column 0): Stream failed to open
L 08/09/2020 - 17:04:59: [SM] Exception reported: Language phrase "Player_Connected_From" not found (arg 3)
L 08/09/2020 - 17:04:59: [SM] Blaming: advadmin.smx
L 08/09/2020 - 17:04:59: [SM] Call stack trace:
L 08/09/2020 - 17:04:59: [SM]   [0] VFormat
L 08/09/2020 - 17:04:59: [SM]   [1] Line 386, /groups/sourcemod/compiler-1.10/include/halflife.inc::PrintToChatAll
L 08/09/2020 - 17:04:59: [SM]   [2] Line 141, /home/groups/sourcemod/upload_tmp/phpRYtiXm.sp::OnClientAuthorized
L 08/09/2020 - 17:05:46: [SM] Exception reported: Language phrase "Player_Connected_From" not found (arg 3)
L 08/09/2020 - 17:05:46: [SM] Blaming: advadmin.smx
L 08/09/2020 - 17:05:46: [SM] Call stack trace:
L 08/09/2020 - 17:05:46: [SM]   [0] VFormat
L 08/09/2020 - 17:05:46: [SM]   [1] Line 386, /groups/sourcemod/compiler-1.10/include/halflife.inc::PrintToChatAll
L 08/09/2020 - 17:05:46: [SM]   [2] Line 141, /home/groups/sourcemod/upload_tmp/phpRYtiXm.sp::OnClientAuthorized
L 08/09/2020 - 17:06:20: [SM] Exception reported: Array index out-of-bounds (index 64, limit 55)
L 08/09/2020 - 17:06:20: [SM] Blaming: weapon_restrict.smx
L 08/09/2020 - 17:06:20: [SM] Call stack trace:
L 08/09/2020 - 17:06:20: [SM]   [1] Line 202, restrictinc/events.sp::CS_OnBuyCommand
L 08/09/2020 - 17:06:49: [SM] Exception reported: Language phrase "Player_Connected_From" not found (arg 3)
L 08/09/2020 - 17:06:49: [SM] Blaming: advadmin.smx
L 08/09/2020 - 17:06:49: [SM] Call stack trace:
L 08/09/2020 - 17:06:49: [SM]   [0] VFormat
L 08/09/2020 - 17:06:49: [SM]   [1] Line 386, /groups/sourcemod/compiler-1.10/include/halflife.inc::PrintToChatAll
L 08/09/2020 - 17:06:49: [SM]   [2] Line 141, /home/groups/sourcemod/upload_tmp/phpRYtiXm.sp::OnClientAuthorized
L 08/09/2020 - 17:07:04: [SM] Exception reported: Language phrase "Player_Connected_From" not found (arg 3)
L 08/09/2020 - 17:07:04: [SM] Blaming: advadmin.smx
L 08/09/2020 - 17:07:04: [SM] Call stack trace:
L 08/09/2020 - 17:07:04: [SM]   [0] VFormat
L 08/09/2020 - 17:07:04: [SM]   [1] Line 386, /groups/sourcemod/compiler-1.10/include/halflife.inc::PrintToChatAll
L 08/09/2020 - 17:07:04: [SM]   [2] Line 141, /home/groups/sourcemod/upload_tmp/phpRYtiXm.sp::OnClientAuthorized
L 08/09/2020 - 17:07:52: [SM] Exception reported: Language phrase "Player_Connected_From" not found (arg 3)
L 08/09/2020 - 17:07:52: [SM] Blaming: advadmin.smx
L 08/09/2020 - 17:07:52: [SM] Call stack trace:
L 08/09/2020 - 17:07:52: [SM]   [0] VFormat
L 08/09/2020 - 17:07:52: [SM]   [1] Line 386, /groups/sourcemod/compiler-1.10/include/halflife.inc::PrintToChatAll
L 08/09/2020 - 17:07:52: [SM]   [2] Line 141, /home/groups/sourcemod/upload_tmp/phpRYtiXm.sp::OnClientAuthorized
L 08/09/2020 - 17:07:54: [SM] Exception reported: Language phrase "Player_Connected_From" not found (arg 3)
L 08/09/2020 - 17:07:54: [SM] Blaming: advadmin.smx
L 08/09/2020 - 17:07:54: [SM] Call stack trace:
L 08/09/2020 - 17:07:54: [SM]   [0] VFormat
L 08/09/2020 - 17:07:54: [SM]   [1] Line 386, /groups/sourcemod/compiler-1.10/include/halflife.inc::PrintToChatAll
L 08/09/2020 - 17:07:54: [SM]   [2] Line 141, /home/groups/sourcemod/upload_tmp/phpRYtiXm.sp::OnClientAuthorized
L 08/09/2020 - 17:07:54: [SM] Exception reported: Array index out-of-bounds (index 64, limit 55)
L 08/09/2020 - 17:07:54: [SM] Blaming: weapon_restrict.smx
L 08/09/2020 - 17:07:54: [SM] Call stack trace:
L 08/09/2020 - 17:07:54: [SM]   [1] Line 202, restrictinc/events.sp::CS_OnBuyCommand
L 08/09/2020 - 17:07:55: [SM] Exception reported: Array index out-of-bounds (index 64, limit 55)
L 08/09/2020 - 17:07:55: [SM] Blaming: weapon_restrict.smx
L 08/09/2020 - 17:07:55: [SM] Call stack trace:
L 08/09/2020 - 17:07:55: [SM]   [1] Line 202, restrictinc/events.sp::CS_OnBuyCommand
L 08/09/2020 - 17:07:59: [SM] Exception reported: Language phrase "Player_Connected_From" not found (arg 3)
L 08/09/2020 - 17:07:59: [SM] Blaming: advadmin.smx
L 08/09/2020 - 17:07:59: [SM] Call stack trace:
L 08/09/2020 - 17:07:59: [SM]   [0] VFormat
L 08/09/2020 - 17:07:59: [SM]   [1] Line 386, /groups/sourcemod/compiler-1.10/include/halflife.inc::PrintToChatAll
L 08/09/2020 - 17:07:59: [SM]   [2] Line 141, /home/groups/sourcemod/upload_tmp/phpRYtiXm.sp::OnClientAuthorized
L 08/09/2020 - 17:08:14: [SM] Exception reported: Array index out-of-bounds (index 64, limit 55)
L 08/09/2020 - 17:08:14: [SM] Blaming: weapon_restrict.smx
L 08/09/2020 - 17:08:14: [SM] Call stack trace:
L 08/09/2020 - 17:08:14: [SM]   [1] Line 202, restrictinc/events.sp::CS_OnBuyCommand
L 08/09/2020 - 17:08:32: [SM] Exception reported: Language phrase "Player_Connected_From" not found (arg 3)
L 08/09/2020 - 17:08:32: [SM] Blaming: advadmin.smx
L 08/09/2020 - 17:08:32: [SM] Call stack trace:
L 08/09/2020 - 17:08:32: [SM]   [0] VFormat
L 08/09/2020 - 17:08:32: [SM]   [1] Line 386, /groups/sourcemod/compiler-1.10/include/halflife.inc::PrintToChatAll
L 08/09/2020 - 17:08:32: [SM]   [2] Line 141, /home/groups/sourcemod/upload_tmp/phpRYtiXm.sp::OnClientAuthorized
L 08/09/2020 - 17:08:47: [SM] Exception reported: Array index out-of-bounds (index 64, limit 55)
L 08/09/2020 - 17:08:47: [SM] Blaming: weapon_restrict.smx
L 08/09/2020 - 17:08:47: [SM] Call stack trace:
L 08/09/2020 - 17:08:47: [SM]   [1] Line 202, restrictinc/events.sp::CS_OnBuyCommand
L 08/09/2020 - 17:08:49: [SM] Exception reported: Array index out-of-bounds (index 64, limit 55)
L 08/09/2020 - 17:08:49: [SM] Blaming: weapon_restrict.smx
L 08/09/2020 - 17:08:49: [SM] Call stack trace:
L 08/09/2020 - 17:08:49: [SM]   [1] Line 202, restrictinc/events.sp::CS_OnBuyCommand
L 08/09/2020 - 17:08:52: [SM] Exception reported: Array index out-of-bounds (index 64, limit 55)
L 08/09/2020 - 17:08:52: [SM] Blaming: weapon_restrict.smx
L 08/09/2020 - 17:08:52: [SM] Call stack trace:
L 08/09/2020 - 17:08:52: [SM]   [1] Line 202, restrictinc/events.sp::CS_OnBuyCommand
L 08/09/2020 - 17:08:52: [SM] Exception reported: Array index out-of-bounds (index 63, limit 55)
L 08/09/2020 - 17:08:52: [SM] Blaming: weapon_restrict.smx
L 08/09/2020 - 17:08:52: [SM] Call stack trace:
L 08/09/2020 - 17:08:52: [SM]   [1] Line 202, restrictinc/events.sp::CS_OnBuyCommand
L 08/09/2020 - 17:09:30: [SM] Exception reported: Language phrase "Player_Connected_From" not found (arg 3)
L 08/09/2020 - 17:09:30: [SM] Blaming: advadmin.smx
L 08/09/2020 - 17:09:30: [SM] Call stack trace:
L 08/09/2020 - 17:09:30: [SM]   [0] VFormat
L 08/09/2020 - 17:09:30: [SM]   [1] Line 386, /groups/sourcemod/compiler-1.10/include/halflife.inc::PrintToChatAll
L 08/09/2020 - 17:09:30: [SM]   [2] Line 141, /home/groups/sourcemod/upload_tmp/phpRYtiXm.sp::OnClientAuthorized
L 08/09/2020 - 17:09:43: [SM] Exception reported: Array index out-of-bounds (index 64, limit 55)
L 08/09/2020 - 17:09:43: [SM] Blaming: weapon_restrict.smx
L 08/09/2020 - 17:09:43: [SM] Call stack trace:
L 08/09/2020 - 17:09:43: [SM]   [1] Line 202, restrictinc/events.sp::CS_OnBuyCommand
L 08/09/2020 - 17:09:45: [SM] Exception reported: Array index out-of-bounds (index 64, limit 55)
L 08/09/2020 - 17:09:45: [SM] Blaming: weapon_restrict.smx
L 08/09/2020 - 17:09:45: [SM] Call stack trace:
L 08/09/2020 - 17:09:45: [SM]   [1] Line 202, restrictinc/events.sp::CS_OnBuyCommand
L 08/09/2020 - 17:09:50: [SM] Exception reported: Array index out-of-bounds (index 64, limit 55)
L 08/09/2020 - 17:09:50: [SM] Blaming: weapon_restrict.smx
L 08/09/2020 - 17:09:50: [SM] Call stack trace:
L 08/09/2020 - 17:09:50: [SM]   [1] Line 202, restrictinc/events.sp::CS_OnBuyCommand
L 08/09/2020 - 17:10:33: [SM] Exception reported: Array index out-of-bounds (index 64, limit 55)
L 08/09/2020 - 17:10:33: [SM] Blaming: weapon_restrict.smx
L 08/09/2020 - 17:10:33: [SM] Call stack trace:
L 08/09/2020 - 17:10:33: [SM]   [1] Line 202, restrictinc/events.sp::CS_OnBuyCommand
L 08/09/2020 - 17:10:35: [SM] Exception reported: Array index out-of-bounds (index 64, limit 55)
L 08/09/2020 - 17:10:35: [SM] Blaming: weapon_restrict.smx
L 08/09/2020 - 17:10:35: [SM] Call stack trace:
L 08/09/2020 - 17:10:35: [SM]   [1] Line 202, restrictinc/events.sp::CS_OnBuyCommand
L 08/09/2020 - 17:10:51: [SM] Exception reported: Array index out-of-bounds (index 64, limit 55)
L 08/09/2020 - 17:10:51: [SM] Blaming: weapon_restrict.smx
L 08/09/2020 - 17:10:51: [SM] Call stack trace:
L 08/09/2020 - 17:10:51: [SM]   [1] Line 202, restrictinc/events.sp::CS_OnBuyCommand
L 08/09/2020 - 17:11:15: [SM] Exception reported: Array index out-of-bounds (index 64, limit 55)
L 08/09/2020 - 17:11:15: [SM] Blaming: weapon_restrict.smx
L 08/09/2020 - 17:11:15: [SM] Call stack trace:
L 08/09/2020 - 17:11:15: [SM]   [1] Line 202, restrictinc/events.sp::CS_OnBuyCommand
L 08/09/2020 - 17:11:29: [SM] Exception reported: Array index out-of-bounds (index 64, limit 55)
L 08/09/2020 - 17:11:29: [SM] Blaming: weapon_restrict.smx
L 08/09/2020 - 17:11:29: [SM] Call stack trace:
L 08/09/2020 - 17:11:29: [SM]   [1] Line 202, restrictinc/events.sp::CS_OnBuyCommand
L 08/09/2020 - 17:11:33: [SM] Exception reported: Array index out-of-bounds (index 64, limit 55)
L 08/09/2020 - 17:11:33: [SM] Blaming: weapon_restrict.smx
L 08/09/2020 - 17:11:33: [SM] Call stack trace:
L 08/09/2020 - 17:11:33: [SM]   [1] Line 202, restrictinc/events.sp::CS_OnBuyCommand
L 08/09/2020 - 17:11:45: [SM] Exception reported: Language phrase "Player_Connected_From" not found (arg 3)
L 08/09/2020 - 17:11:45: [SM] Blaming: advadmin.smx
L 08/09/2020 - 17:11:45: [SM] Call stack trace:
L 08/09/2020 - 17:11:45: [SM]   [0] VFormat
L 08/09/2020 - 17:11:45: [SM]   [1] Line 386, /groups/sourcemod/compiler-1.10/include/halflife.inc::PrintToChatAll
L 08/09/2020 - 17:11:45: [SM]   [2] Line 141, /home/groups/sourcemod/upload_tmp/phpRYtiXm.sp::OnClientAuthorized
L 08/09/2020 - 17:12:37: [SM] Exception reported: Array index out-of-bounds (index 64, limit 55)
L 08/09/2020 - 17:12:37: [SM] Blaming: weapon_restrict.smx
L 08/09/2020 - 17:12:37: [SM] Call stack trace:
L 08/09/2020 - 17:12:37: [SM]   [1] Line 202, restrictinc/events.sp::CS_OnBuyCommand
L 08/09/2020 - 17:12:43: [SM] Exception reported: Array index out-of-bounds (index 64, limit 55)
L 08/09/2020 - 17:12:43: [SM] Blaming: weapon_restrict.smx
L 08/09/2020 - 17:12:43: [SM] Call stack trace:
L 08/09/2020 - 17:12:43: [SM]   [1] Line 202, restrictinc/events.sp::CS_OnBuyCommand
L 08/09/2020 - 17:12:49: [SM] Exception reported: Array index out-of-bounds (index 64, limit 55)
L 08/09/2020 - 17:12:49: [SM] Blaming: weapon_restrict.smx
L 08/09/2020 - 17:12:49: [SM] Call stack trace:
L 08/09/2020 - 17:12:49: [SM]   [1] Line 202, restrictinc/events.sp::CS_OnBuyCommand
L 08/09/2020 - 17:13:39: [SM] Exception reported: Array index out-of-bounds (index 64, limit 55)
L 08/09/2020 - 17:13:39: [SM] Blaming: weapon_restrict.smx
L 08/09/2020 - 17:13:39: [SM] Call stack trace:
L 08/09/2020 - 17:13:39: [SM]   [1] Line 202, restrictinc/events.sp::CS_OnBuyCommand
L 08/09/2020 - 17:13:45: [SM] Exception reported: Array index out-of-bounds (index 64, limit 55)
L 08/09/2020 - 17:13:45: [SM] Blaming: weapon_restrict.smx
L 08/09/2020 - 17:13:45: [SM] Call stack trace:
L 08/09/2020 - 17:13:45: [SM]   [1] Line 202, restrictinc/events.sp::CS_OnBuyCommand
L 08/09/2020 - 17:13:56: [SM] Exception reported: Array index out-of-bounds (index 64, limit 55)
L 08/09/2020 - 17:13:56: [SM] Blaming: weapon_restrict.smx
L 08/09/2020 - 17:13:56: [SM] Call stack trace:
L 08/09/2020 - 17:13:56: [SM]   [1] Line 202, restrictinc/events.sp::CS_OnBuyCommand
L 08/09/2020 - 17:14:11: [SM] Exception reported: Array index out-of-bounds (index 64, limit 55)
L 08/09/2020 - 17:14:11: [SM] Blaming: weapon_restrict.smx
L 08/09/2020 - 17:14:11: [SM] Call stack trace:
L 08/09/2020 - 17:14:11: [SM]   [1] Line 202, restrictinc/events.sp::CS_OnBuyCommand
L 08/09/2020 - 17:14:47: [SM] Exception reported: Language phrase "Player_Connected_From" not found (arg 3)
L 08/09/2020 - 17:14:47: [SM] Blaming: advadmin.smx
L 08/09/2020 - 17:14:47: [SM] Call stack trace:
L 08/09/2020 - 17:14:47: [SM]   [0] VFormat
L 08/09/2020 - 17:14:47: [SM]   [1] Line 386, /groups/sourcemod/compiler-1.10/include/halflife.inc::PrintToChatAll
L 08/09/2020 - 17:14:47: [SM]   [2] Line 141, /home/groups/sourcemod/upload_tmp/phpRYtiXm.sp::OnClientAuthorized
L 08/09/2020 - 17:16:32: [SM] Exception reported: Array index out-of-bounds (index 64, limit 55)
L 08/09/2020 - 17:16:32: [SM] Blaming: weapon_restrict.smx
L 08/09/2020 - 17:16:32: [SM] Call stack trace:
L 08/09/2020 - 17:16:32: [SM]   [1] Line 202, restrictinc/events.sp::CS_OnBuyCommand
L 08/09/2020 - 17:16:45: [SM] Exception reported: Array index out-of-bounds (index 64, limit 55)
L 08/09/2020 - 17:16:45: [SM] Blaming: weapon_restrict.smx
L 08/09/2020 - 17:16:45: [SM] Call stack trace:
L 08/09/2020 - 17:16:45: [SM]   [1] Line 202, restrictinc/events.sp::CS_OnBuyCommand
L 08/09/2020 - 17:16:59: [SM] Exception reported: Language phrase "Player_Connected_From" not found (arg 3)
L 08/09/2020 - 17:16:59: [SM] Blaming: advadmin.smx
L 08/09/2020 - 17:16:59: [SM] Call stack trace:
L 08/09/2020 - 17:16:59: [SM]   [0] VFormat
L 08/09/2020 - 17:16:59: [SM]   [1] Line 386, /groups/sourcemod/compiler-1.10/include/halflife.inc::PrintToChatAll
L 08/09/2020 - 17:16:59: [SM]   [2] Line 141, /home/groups/sourcemod/upload_tmp/phpRYtiXm.sp::OnClientAuthorized
L 08/09/2020 - 17:17:46: [SM] Exception reported: Array index out-of-bounds (index 64, limit 55)
L 08/09/2020 - 17:17:46: [SM] Blaming: weapon_restrict.smx
L 08/09/2020 - 17:17:46: [SM] Call stack trace:
L 08/09/2020 - 17:17:46: [SM]   [1] Line 202, restrictinc/events.sp::CS_OnBuyCommand
L 08/09/2020 - 17:18:12: Error log file session closed.
L 08/09/2020 - 17:18:12: SourceMod error session started
L 08/09/2020 - 17:18:12: Info (map "de_train") (file "/home/tcagame/jackm1/488/csgo/addons/sourcemod/logs/errors_20200809.log")
L 08/09/2020 - 17:18:12: [SM] Fatal error encountered parsing translation file "advadmin.phrases.txt"
L 08/09/2020 - 17:18:12: [SM] Error (line 0, column 0): Stream failed to open
L 08/09/2020 - 17:18:52: [SM] Exception reported: Array index out-of-bounds (index 64, limit 55)
L 08/09/2020 - 17:18:52: [SM] Blaming: weapon_restrict.smx
L 08/09/2020 - 17:18:52: [SM] Call stack trace:
L 08/09/2020 - 17:18:52: [SM]   [1] Line 202, restrictinc/events.sp::CS_OnBuyCommand
L 08/09/2020 - 17:19:06: [SM] Exception reported: Array index out-of-bounds (index 64, limit 55)
L 08/09/2020 - 17:19:06: [SM] Blaming: weapon_restrict.smx
L 08/09/2020 - 17:19:06: [SM] Call stack trace:
L 08/09/2020 - 17:19:06: [SM]   [1] Line 202, restrictinc/events.sp::CS_OnBuyCommand
L 08/09/2020 - 17:19:18: [SM] Exception reported: Array index out-of-bounds (index 64, limit 55)
L 08/09/2020 - 17:19:18: [SM] Blaming: weapon_restrict.smx
L 08/09/2020 - 17:19:18: [SM] Call stack trace:
L 08/09/2020 - 17:19:18: [SM]   [1] Line 202, restrictinc/events.sp::CS_OnBuyCommand
L 08/09/2020 - 17:19:32: [SM] Exception reported: Language phrase "Player_Connected_From" not found (arg 3)
L 08/09/2020 - 17:19:32: [SM] Blaming: advadmin.smx
L 08/09/2020 - 17:19:32: [SM] Call stack trace:
L 08/09/2020 - 17:19:32: [SM]   [0] VFormat
L 08/09/2020 - 17:19:32: [SM]   [1] Line 386, /groups/sourcemod/compiler-1.10/include/halflife.inc::PrintToChatAll
L 08/09/2020 - 17:19:32: [SM]   [2] Line 141, /home/groups/sourcemod/upload_tmp/phpRYtiXm.sp::OnClientAuthorized
L 08/09/2020 - 17:20:10: [SM] Exception reported: Array index out-of-bounds (index 64, limit 55)
L 08/09/2020 - 17:20:10: [SM] Blaming: weapon_restrict.smx
L 08/09/2020 - 17:20:10: [SM] Call stack trace:
L 08/09/2020 - 17:20:10: [SM]   [1] Line 202, restrictinc/events.sp::CS_OnBuyCommand
L 08/09/2020 - 17:20:18: [SM] Exception reported: Array index out-of-bounds (index 64, limit 55)
L 08/09/2020 - 17:20:18: [SM] Blaming: weapon_restrict.smx
L 08/09/2020 - 17:20:18: [SM] Call stack trace:
L 08/09/2020 - 17:20:18: [SM]   [1] Line 202, restrictinc/events.sp::CS_OnBuyCommand
L 08/09/2020 - 17:20:25: [SM] Exception reported: Array index out-of-bounds (index 64, limit 55)
L 08/09/2020 - 17:20:25: [SM] Blaming: weapon_restrict.smx
L 08/09/2020 - 17:20:25: [SM] Call stack trace:
L 08/09/2020 - 17:20:25: [SM]   [1] Line 202, restrictinc/events.sp::CS_OnBuyCommand
L 08/09/2020 - 17:22:41: [SM] Exception reported: Array index out-of-bounds (index 64, limit 55)
L 08/09/2020 - 17:22:41: [SM] Blaming: weapon_restrict.smx
L 08/09/2020 - 17:22:41: [SM] Call stack trace:
L 08/09/2020 - 17:22:41: [SM]   [1] Line 202, restrictinc/events.sp::CS_OnBuyCommand
L 08/09/2020 - 17:22:41: [SM] Exception reported: Array index out-of-bounds (index 64, limit 55)
L 08/09/2020 - 17:22:41: [SM] Blaming: weapon_restrict.smx
L 08/09/2020 - 17:22:41: [SM] Call stack trace:
L 08/09/2020 - 17:22:41: [SM]   [1] Line 202, restrictinc/events.sp::CS_OnBuyCommand
L 08/09/2020 - 17:22:42: [SM] Exception reported: Array index out-of-bounds (index 64, limit 55)
L 08/09/2020 - 17:22:42: [SM] Blaming: weapon_restrict.smx
L 08/09/2020 - 17:22:42: [SM] Call stack trace:
L 08/09/2020 - 17:22:42: [SM]   [1] Line 202, restrictinc/events.sp::CS_OnBuyCommand
L 08/09/2020 - 17:22:45: [SM] Exception reported: Array index out-of-bounds (index 64, limit 55)
L 08/09/2020 - 17:22:45: [SM] Blaming: weapon_restrict.smx
L 08/09/2020 - 17:22:45: [SM] Call stack trace:
L 08/09/2020 - 17:22:45: [SM]   [1] Line 202, restrictinc/events.sp::CS_OnBuyCommand
L 08/09/2020 - 17:22:46: [SM] Exception reported: Array index out-of-bounds (index 64, limit 55)
L 08/09/2020 - 17:22:46: [SM] Blaming: weapon_restrict.smx
L 08/09/2020 - 17:22:46: [SM] Call stack trace:
L 08/09/2020 - 17:22:46: [SM]   [1] Line 202, restrictinc/events.sp::CS_OnBuyCommand
L 08/09/2020 - 17:22:48: [SM] Exception reported: Array index out-of-bounds (index 64, limit 55)
L 08/09/2020 - 17:22:48: [SM] Blaming: weapon_restrict.smx
L 08/09/2020 - 17:22:48: [SM] Call stack trace:
L 08/09/2020 - 17:22:48: [SM]   [1] Line 202, restrictinc/events.sp::CS_OnBuyCommand
L 08/09/2020 - 17:22:48: [SM] Exception reported: Array index out-of-bounds (index 64, limit 55)
L 08/09/2020 - 17:22:48: [SM] Blaming: weapon_restrict.smx
L 08/09/2020 - 17:22:48: [SM] Call stack trace:
L 08/09/2020 - 17:22:48: [SM]   [1] Line 202, restrictinc/events.sp::CS_OnBuyCommand
L 08/09/2020 - 17:22:50: [SM] Exception reported: Array index out-of-bounds (index 64, limit 55)
L 08/09/2020 - 17:22:50: [SM] Blaming: weapon_restrict.smx
L 08/09/2020 - 17:22:50: [SM] Call stack trace:
L 08/09/2020 - 17:22:50: [SM]   [1] Line 202, restrictinc/events.sp::CS_OnBuyCommand
L 08/09/2020 - 17:22:50: [SM] Exception reported: Array index out-of-bounds (index 64, limit 55)
L 08/09/2020 - 17:22:50: [SM] Blaming: weapon_restrict.smx
L 08/09/2020 - 17:22:50: [SM] Call stack trace:
L 08/09/2020 - 17:22:50: [SM]   [1] Line 202, restrictinc/events.sp::CS_OnBuyCommand
L 08/09/2020 - 17:22:51: [SM] Exception reported: Array index out-of-bounds (index 64, limit 55)
L 08/09/2020 - 17:22:51: [SM] Blaming: weapon_restrict.smx
L 08/09/2020 - 17:22:51: [SM] Call stack trace:
L 08/09/2020 - 17:22:51: [SM]   [1] Line 202, restrictinc/events.sp::CS_OnBuyCommand
L 08/09/2020 - 17:22:53: [SM] Exception reported: Array index out-of-bounds (index 64, limit 55)
L 08/09/2020 - 17:22:53: [SM] Blaming: weapon_restrict.smx
L 08/09/2020 - 17:22:53: [SM] Call stack trace:
L 08/09/2020 - 17:22:53: [SM]   [1] Line 202, restrictinc/events.sp::CS_OnBuyCommand
L 08/09/2020 - 17:23:01: [SM] Exception reported: Array index out-of-bounds (index 64, limit 55)
L 08/09/2020 - 17:23:01: [SM] Blaming: weapon_restrict.smx
L 08/09/2020 - 17:23:01: [SM] Call stack trace:
L 08/09/2020 - 17:23:01: [SM]   [1] Line 202, restrictinc/events.sp::CS_OnBuyCommand
L 08/09/2020 - 17:23:04: [SM] Exception reported: Array index out-of-bounds (index 64, limit 55)
L 08/09/2020 - 17:23:04: [SM] Blaming: weapon_restrict.smx
L 08/09/2020 - 17:23:04: [SM] Call stack trace:
L 08/09/2020 - 17:23:04: [SM]   [1] Line 202, restrictinc/events.sp::CS_OnBuyCommand
L 08/09/2020 - 17:25:03: [SM] Exception reported: Array index out-of-bounds (index 64, limit 55)
L 08/09/2020 - 17:25:03: [SM] Blaming: weapon_restrict.smx
L 08/09/2020 - 17:25:03: [SM] Call stack trace:
L 08/09/2020 - 17:25:03: [SM]   [1] Line 202, restrictinc/events.sp::CS_OnBuyCommand
L 08/09/2020 - 17:25:06: [SM] Exception reported: Array index out-of-bounds (index 64, limit 55)
L 08/09/2020 - 17:25:06: [SM] Blaming: weapon_restrict.smx
L 08/09/2020 - 17:25:06: [SM] Call stack trace:
L 08/09/2020 - 17:25:06: [SM]   [1] Line 202, restrictinc/events.sp::CS_OnBuyCommand
L 08/09/2020 - 17:25:07: [SM] Exception reported: Array index out-of-bounds (index 64, limit 55)
L 08/09/2020 - 17:25:07: [SM] Blaming: weapon_restrict.smx
L 08/09/2020 - 17:25:07: [SM] Call stack trace:
L 08/09/2020 - 17:25:07: [SM]   [1] Line 202, restrictinc/events.sp::CS_OnBuyCommand
L 08/09/2020 - 17:25:08: [SM] Exception reported: Array index out-of-bounds (index 64, limit 55)
L 08/09/2020 - 17:25:08: [SM] Blaming: weapon_restrict.smx
L 08/09/2020 - 17:25:08: [SM] Call stack trace:
L 08/09/2020 - 17:25:08: [SM]   [1] Line 202, restrictinc/events.sp::CS_OnBuyCommand
L 08/09/2020 - 17:25:09: [SM] Exception reported: Array index out-of-bounds (index 64, limit 55)
L 08/09/2020 - 17:25:09: [SM] Blaming: weapon_restrict.smx
L 08/09/2020 - 17:25:09: [SM] Call stack trace:
L 08/09/2020 - 17:25:09: [SM]   [1] Line 202, restrictinc/events.sp::CS_OnBuyCommand
L 08/09/2020 - 17:25:14: [SM] Exception reported: Array index out-of-bounds (index 64, limit 55)
L 08/09/2020 - 17:25:14: [SM] Blaming: weapon_restrict.smx
L 08/09/2020 - 17:25:14: [SM] Call stack trace:
L 08/09/2020 - 17:25:14: [SM]   [1] Line 202, restrictinc/events.sp::CS_OnBuyCommand
L 08/09/2020 - 17:25:15: [SM] Exception reported: Array index out-of-bounds (index 64, limit 55)
L 08/09/2020 - 17:25:15: [SM] Blaming: weapon_restrict.smx
L 08/09/2020 - 17:25:15: [SM] Call stack trace:
L 08/09/2020 - 17:25:15: [SM]   [1] Line 202, restrictinc/events.sp::CS_OnBuyCommand
L 08/09/2020 - 17:26:00: [SM] Exception reported: Array index out-of-bounds (index 64, limit 55)
L 08/09/2020 - 17:26:00: [SM] Blaming: weapon_restrict.smx
L 08/09/2020 - 17:26:00: [SM] Call stack trace:
L 08/09/2020 - 17:26:00: [SM]   [1] Line 202, restrictinc/events.sp::CS_OnBuyCommand
L 08/09/2020 - 17:26:11: [SM] Exception reported: Array index out-of-bounds (index 64, limit 55)
L 08/09/2020 - 17:26:11: [SM] Blaming: weapon_restrict.smx
L 08/09/2020 - 17:26:11: [SM] Call stack trace:
L 08/09/2020 - 17:26:11: [SM]   [1] Line 202, restrictinc/events.sp::CS_OnBuyCommand
L 08/09/2020 - 17:26:13: [SM] Exception reported: Array index out-of-bounds (index 64, limit 55)
L 08/09/2020 - 17:26:13: [SM] Blaming: weapon_restrict.smx
L 08/09/2020 - 17:26:13: [SM] Call stack trace:
L 08/09/2020 - 17:26:13: [SM]   [1] Line 202, restrictinc/events.sp::CS_OnBuyCommand
L 08/09/2020 - 17:26:13: [SM] Exception reported: Array index out-of-bounds (index 64, limit 55)
L 08/09/2020 - 17:26:13: [SM] Blaming: weapon_restrict.smx
L 08/09/2020 - 17:26:13: [SM] Call stack trace:
L 08/09/2020 - 17:26:13: [SM]   [1] Line 202, restrictinc/events.sp::CS_OnBuyCommand
L 08/09/2020 - 17:27:29: [SM] Exception reported: Array index out-of-bounds (index 64, limit 55)
L 08/09/2020 - 17:27:29: [SM] Blaming: weapon_restrict.smx
L 08/09/2020 - 17:27:29: [SM] Call stack trace:
L 08/09/2020 - 17:27:29: [SM]   [1] Line 202, restrictinc/events.sp::CS_OnBuyCommand
L 08/09/2020 - 17:27:31: [SM] Exception reported: Array index out-of-bounds (index 64, limit 55)
L 08/09/2020 - 17:27:31: [SM] Blaming: weapon_restrict.smx
L 08/09/2020 - 17:27:31: [SM] Call stack trace:
L 08/09/2020 - 17:27:31: [SM]   [1] Line 202, restrictinc/events.sp::CS_OnBuyCommand
L 08/09/2020 - 17:27:35: [SM] Exception reported: Array index out-of-bounds (index 64, limit 55)
L 08/09/2020 - 17:27:35: [SM] Blaming: weapon_restrict.smx
L 08/09/2020 - 17:27:35: [SM] Call stack trace:
L 08/09/2020 - 17:27:35: [SM]   [1] Line 202, restrictinc/events.sp::CS_OnBuyCommand
L 08/09/2020 - 17:27:48: [SM] Exception reported: Array index out-of-bounds (index 64, limit 55)
L 08/09/2020 - 17:27:48: [SM] Blaming: weapon_restrict.smx
L 08/09/2020 - 17:27:48: [SM] Call stack trace:
L 08/09/2020 - 17:27:48: [SM]   [1] Line 202, restrictinc/events.sp::CS_OnBuyCommand
L 08/09/2020 - 17:31:52: [SM] Exception reported: Language phrase "Player_Connected_From" not found (arg 3)
L 08/09/2020 - 17:31:52: [SM] Blaming: advadmin.smx
L 08/09/2020 - 17:31:52: [SM] Call stack trace:
L 08/09/2020 - 17:31:52: [SM]   [0] VFormat
L 08/09/2020 - 17:31:52: [SM]   [1] Line 386, /groups/sourcemod/compiler-1.10/include/halflife.inc::PrintToChatAll
L 08/09/2020 - 17:31:52: [SM]   [2] Line 141, /home/groups/sourcemod/upload_tmp/phpRYtiXm.sp::OnClientAuthorized
L 08/09/2020 - 17:31:59: [SM] Exception reported: Language phrase "Player_Connected_From" not found (arg 3)
L 08/09/2020 - 17:31:59: [SM] Blaming: advadmin.smx
L 08/09/2020 - 17:31:59: [SM] Call stack trace:
L 08/09/2020 - 17:31:59: [SM]   [0] VFormat
L 08/09/2020 - 17:31:59: [SM]   [1] Line 386, /groups/sourcemod/compiler-1.10/include/halflife.inc::PrintToChatAll
L 08/09/2020 - 17:31:59: [SM]   [2] Line 141, /home/groups/sourcemod/upload_tmp/phpRYtiXm.sp::OnClientAuthorized
L 08/09/2020 - 17:36:01: [SM] Exception reported: Array index out-of-bounds (index 64, limit 55)
L 08/09/2020 - 17:36:01: [SM] Blaming: weapon_restrict.smx
L 08/09/2020 - 17:36:01: [SM] Call stack trace:
L 08/09/2020 - 17:36:01: [SM]   [1] Line 202, restrictinc/events.sp::CS_OnBuyCommand
L 08/09/2020 - 17:36:09: [SM] Exception reported: Array index out-of-bounds (index 64, limit 55)
L 08/09/2020 - 17:36:09: [SM] Blaming: weapon_restrict.smx
L 08/09/2020 - 17:36:09: [SM] Call stack trace:
L 08/09/2020 - 17:36:09: [SM]   [1] Line 202, restrictinc/events.sp::CS_OnBuyCommand
L 08/09/2020 - 17:36:11: [SM] Exception reported: Array index out-of-bounds (index 64, limit 55)
L 08/09/2020 - 17:36:11: [SM] Blaming: weapon_restrict.smx
L 08/09/2020 - 17:36:11: [SM] Call stack trace:
L 08/09/2020 - 17:36:11: [SM]   [1] Line 202, restrictinc/events.sp::CS_OnBuyCommand
L 08/09/2020 - 17:36:38: [SM] Exception reported: Array index out-of-bounds (index 64, limit 55)
L 08/09/2020 - 17:36:38: [SM] Blaming: weapon_restrict.smx
L 08/09/2020 - 17:36:38: [SM] Call stack trace:
L 08/09/2020 - 17:36:38: [SM]   [1] Line 202, restrictinc/events.sp::CS_OnBuyCommand
L 08/09/2020 - 17:36:53: [SM] Exception reported: Array index out-of-bounds (index 64, limit 55)
L 08/09/2020 - 17:36:53: [SM] Blaming: weapon_restrict.smx
L 08/09/2020 - 17:36:53: [SM] Call stack trace:
L 08/09/2020 - 17:36:53: [SM]   [1] Line 202, restrictinc/events.sp::CS_OnBuyCommand
L 08/09/2020 - 17:40:24: [SM] Exception reported: Array index out-of-bounds (index 64, limit 55)
L 08/09/2020 - 17:40:24: [SM] Blaming: weapon_restrict.smx
L 08/09/2020 - 17:40:24: [SM] Call stack trace:
L 08/09/2020 - 17:40:24: [SM]   [1] Line 202, restrictinc/events.sp::CS_OnBuyCommand
L 08/09/2020 - 17:41:51: [SM] Exception reported: Language phrase "Player_Connected_From" not found (arg 3)
L 08/09/2020 - 17:41:51: [SM] Blaming: advadmin.smx
L 08/09/2020 - 17:41:51: [SM] Call stack trace:
L 08/09/2020 - 17:41:51: [SM]   [0] VFormat
L 08/09/2020 - 17:41:51: [SM]   [1] Line 386, /groups/sourcemod/compiler-1.10/include/halflife.inc::PrintToChatAll
L 08/09/2020 - 17:41:51: [SM]   [2] Line 141, /home/groups/sourcemod/upload_tmp/phpRYtiXm.sp::OnClientAuthorized
L 08/09/2020 - 17:43:08: [SM] Exception reported: Array index out-of-bounds (index 64, limit 55)
L 08/09/2020 - 17:43:08: [SM] Blaming: weapon_restrict.smx
L 08/09/2020 - 17:43:08: [SM] Call stack trace:
L 08/09/2020 - 17:43:08: [SM]   [1] Line 202, restrictinc/events.sp::CS_OnBuyCommand
L 08/09/2020 - 17:44:34: [SM] Exception reported: Array index out-of-bounds (index 64, limit 55)
L 08/09/2020 - 17:44:34: [SM] Blaming: weapon_restrict.smx
L 08/09/2020 - 17:44:34: [SM] Call stack trace:
L 08/09/2020 - 17:44:34: [SM]   [1] Line 202, restrictinc/events.sp::CS_OnBuyCommand
L 08/09/2020 - 17:44:51: [SM] Exception reported: Array index out-of-bounds (index 64, limit 55)
L 08/09/2020 - 17:44:51: [SM] Blaming: weapon_restrict.smx
L 08/09/2020 - 17:44:51: [SM] Call stack trace:
L 08/09/2020 - 17:44:51: [SM]   [1] Line 202, restrictinc/events.sp::CS_OnBuyCommand
L 08/09/2020 - 17:44:52: [SM] Exception reported: Language phrase "Player_Connected_From" not found (arg 3)
L 08/09/2020 - 17:44:52: [SM] Blaming: advadmin.smx
L 08/09/2020 - 17:44:52: [SM] Call stack trace:
L 08/09/2020 - 17:44:52: [SM]   [0] VFormat
L 08/09/2020 - 17:44:52: [SM]   [1] Line 386, /groups/sourcemod/compiler-1.10/include/halflife.inc::PrintToChatAll
L 08/09/2020 - 17:44:52: [SM]   [2] Line 141, /home/groups/sourcemod/upload_tmp/phpRYtiXm.sp::OnClientAuthorized
L 08/09/2020 - 17:45:55: [SM] Exception reported: Language phrase "Player_Connected_From" not found (arg 3)
L 08/09/2020 - 17:45:55: [SM] Blaming: advadmin.smx
L 08/09/2020 - 17:45:55: [SM] Call stack trace:
L 08/09/2020 - 17:45:55: [SM]   [0] VFormat
L 08/09/2020 - 17:45:55: [SM]   [1] Line 386, /groups/sourcemod/compiler-1.10/include/halflife.inc::PrintToChatAll
L 08/09/2020 - 17:45:55: [SM]   [2] Line 141, /home/groups/sourcemod/upload_tmp/phpRYtiXm.sp::OnClientAuthorized
L 08/09/2020 - 17:46:21: [SM] Exception reported: Array index out-of-bounds (index 64, limit 55)
L 08/09/2020 - 17:46:21: [SM] Blaming: weapon_restrict.smx
L 08/09/2020 - 17:46:21: [SM] Call stack trace:
L 08/09/2020 - 17:46:21: [SM]   [1] Line 202, restrictinc/events.sp::CS_OnBuyCommand
L 08/09/2020 - 17:46:43: [SM] Exception reported: Array index out-of-bounds (index 64, limit 55)
L 08/09/2020 - 17:46:43: [SM] Blaming: weapon_restrict.smx
L 08/09/2020 - 17:46:43: [SM] Call stack trace:
L 08/09/2020 - 17:46:43: [SM]   [1] Line 202, restrictinc/events.sp::CS_OnBuyCommand
L 08/09/2020 - 17:46:52: [SM] Exception reported: Array index out-of-bounds (index 64, limit 55)
L 08/09/2020 - 17:46:52: [SM] Blaming: weapon_restrict.smx
L 08/09/2020 - 17:46:52: [SM] Call stack trace:
L 08/09/2020 - 17:46:52: [SM]   [1] Line 202, restrictinc/events.sp::CS_OnBuyCommand
L 08/09/2020 - 17:47:22: [SM] Exception reported: Language phrase "Player_Connected_From" not found (arg 3)
L 08/09/2020 - 17:47:22: [SM] Blaming: advadmin.smx
L 08/09/2020 - 17:47:22: [SM] Call stack trace:
L 08/09/2020 - 17:47:22: [SM]   [0] VFormat
L 08/09/2020 - 17:47:22: [SM]   [1] Line 386, /groups/sourcemod/compiler-1.10/include/halflife.inc::PrintToChatAll
L 08/09/2020 - 17:47:22: [SM]   [2] Line 141, /home/groups/sourcemod/upload_tmp/phpRYtiXm.sp::OnClientAuthorized
L 08/09/2020 - 17:48:25: [SM] Exception reported: Language phrase "CMD_Swap" not found (arg 5)
L 08/09/2020 - 17:48:25: [SM] Blaming: advadmin.smx
L 08/09/2020 - 17:48:25: [SM] Call stack trace:
L 08/09/2020 - 17:48:25: [SM]   [0] ShowActivity2
L 08/09/2020 - 17:48:25: [SM]   [1] Line 735, /home/groups/sourcemod/upload_tmp/phpRYtiXm.sp::CMD_Swap
L 08/09/2020 - 17:48:29: [SM] Exception reported: Language phrase "CMD_Swap" not found (arg 5)
L 08/09/2020 - 17:48:29: [SM] Blaming: advadmin.smx
L 08/09/2020 - 17:48:29: [SM] Call stack trace:
L 08/09/2020 - 17:48:29: [SM]   [0] ShowActivity2
L 08/09/2020 - 17:48:29: [SM]   [1] Line 735, /home/groups/sourcemod/upload_tmp/phpRYtiXm.sp::CMD_Swap
L 08/09/2020 - 17:49:45: [SM] Exception reported: Language phrase "CMD_Swap" not found (arg 5)
L 08/09/2020 - 17:49:45: [SM] Blaming: advadmin.smx
L 08/09/2020 - 17:49:45: [SM] Call stack trace:
L 08/09/2020 - 17:49:45: [SM]   [0] ShowActivity2
L 08/09/2020 - 17:49:45: [SM]   [1] Line 735, /home/groups/sourcemod/upload_tmp/phpRYtiXm.sp::CMD_Swap
L 08/09/2020 - 17:50:18: [SM] Exception reported: Array index out-of-bounds (index 64, limit 55)
L 08/09/2020 - 17:50:18: [SM] Blaming: weapon_restrict.smx
L 08/09/2020 - 17:50:18: [SM] Call stack trace:
L 08/09/2020 - 17:50:18: [SM]   [1] Line 202, restrictinc/events.sp::CS_OnBuyCommand
L 08/09/2020 - 17:51:24: [SM] Exception reported: Array index out-of-bounds (index 64, limit 55)
L 08/09/2020 - 17:51:24: [SM] Blaming: weapon_restrict.smx
L 08/09/2020 - 17:51:24: [SM] Call stack trace:
L 08/09/2020 - 17:51:24: [SM]   [1] Line 202, restrictinc/events.sp::CS_OnBuyCommand
L 08/09/2020 - 17:51:56: [SM] Exception reported: Array index out-of-bounds (index 64, limit 55)
L 08/09/2020 - 17:51:56: [SM] Blaming: weapon_restrict.smx
L 08/09/2020 - 17:51:56: [SM] Call stack trace:
L 08/09/2020 - 17:51:56: [SM]   [1] Line 202, restrictinc/events.sp::CS_OnBuyCommand
L 08/09/2020 - 17:51:58: [SM] Exception reported: Array index out-of-bounds (index 64, limit 55)
L 08/09/2020 - 17:51:58: [SM] Blaming: weapon_restrict.smx
L 08/09/2020 - 17:51:58: [SM] Call stack trace:
L 08/09/2020 - 17:51:58: [SM]   [1] Line 202, restrictinc/events.sp::CS_OnBuyCommand
L 08/09/2020 - 17:52:02: [SM] Exception reported: Array index out-of-bounds (index 64, limit 55)
L 08/09/2020 - 17:52:02: [SM] Blaming: weapon_restrict.smx
L 08/09/2020 - 17:52:02: [SM] Call stack trace:
L 08/09/2020 - 17:52:02: [SM]   [1] Line 202, restrictinc/events.sp::CS_OnBuyCommand
L 08/09/2020 - 17:53:28: [SM] Exception reported: Array index out-of-bounds (index 64, limit 55)
L 08/09/2020 - 17:53:28: [SM] Blaming: weapon_restrict.smx
L 08/09/2020 - 17:53:28: [SM] Call stack trace:
L 08/09/2020 - 17:53:28: [SM]   [1] Line 202, restrictinc/events.sp::CS_OnBuyCommand
L 08/09/2020 - 17:53:47: [SM] Exception reported: Array index out-of-bounds (index 64, limit 55)
L 08/09/2020 - 17:53:47: [SM] Blaming: weapon_restrict.smx
L 08/09/2020 - 17:53:47: [SM] Call stack trace:
L 08/09/2020 - 17:53:47: [SM]   [1] Line 202, restrictinc/events.sp::CS_OnBuyCommand
L 08/09/2020 - 17:54:32: [SM] Exception reported: Array index out-of-bounds (index 64, limit 55)
L 08/09/2020 - 17:54:32: [SM] Blaming: weapon_restrict.smx
L 08/09/2020 - 17:54:32: [SM] Call stack trace:
L 08/09/2020 - 17:54:32: [SM]   [1] Line 202, restrictinc/events.sp::CS_OnBuyCommand
L 08/09/2020 - 17:54:39: [SM] Exception reported: Array index out-of-bounds (index 64, limit 55)
L 08/09/2020 - 17:54:39: [SM] Blaming: weapon_restrict.smx
L 08/09/2020 - 17:54:39: [SM] Call stack trace:
L 08/09/2020 - 17:54:39: [SM]   [1] Line 202, restrictinc/events.sp::CS_OnBuyCommand
L 08/10/2020 - 02:19:25: Error log file session closed.
