L 02/05/2021 - 11:19:51: SourceMod error session started
L 02/05/2021 - 11:19:51: Info (map "de_overpass") (file "/home/tcagame/jackm1/599/csgo/addons/sourcemod/logs/errors_20210205.log")
L 02/05/2021 - 11:19:51: [SM] Fatal error encountered parsing translation file "advadmin.phrases.txt"
L 02/05/2021 - 11:19:51: [SM] Error (line 0, column 0): Stream failed to open
L 02/05/2021 - 11:21:08: [SM] Exception reported: Array index out-of-bounds (index 64, limit 55)
L 02/05/2021 - 11:21:08: [SM] Blaming: weapon_restrict.smx
L 02/05/2021 - 11:21:08: [SM] Call stack trace:
L 02/05/2021 - 11:21:08: [SM]   [1] Line 202, restrictinc/events.sp::CS_OnBuyCommand
L 02/05/2021 - 11:23:09: [SM] Exception reported: Language phrase "Player_Connected_From" not found (arg 3)
L 02/05/2021 - 11:23:09: [SM] Blaming: advadmin.smx
L 02/05/2021 - 11:23:09: [SM] Call stack trace:
L 02/05/2021 - 11:23:09: [SM]   [0] VFormat
L 02/05/2021 - 11:23:09: [SM]   [1] Line 386, /groups/sourcemod/compiler-1.10/include/halflife.inc::PrintToChatAll
L 02/05/2021 - 11:23:09: [SM]   [2] Line 141, /home/groups/sourcemod/upload_tmp/phpRYtiXm.sp::OnClientAuthorized
L 02/05/2021 - 11:25:31: Error log file session closed.
L 02/05/2021 - 11:25:31: SourceMod error session started
L 02/05/2021 - 11:25:31: Info (map "de_dust2") (file "/home/tcagame/jackm1/599/csgo/addons/sourcemod/logs/errors_20210205.log")
L 02/05/2021 - 11:25:31: [SM] Fatal error encountered parsing translation file "advadmin.phrases.txt"
L 02/05/2021 - 11:25:31: [SM] Error (line 0, column 0): Stream failed to open
L 02/05/2021 - 11:27:35: [SM] Exception reported: Array index out-of-bounds (index 64, limit 55)
L 02/05/2021 - 11:27:35: [SM] Blaming: weapon_restrict.smx
L 02/05/2021 - 11:27:35: [SM] Call stack trace:
L 02/05/2021 - 11:27:35: [SM]   [1] Line 202, restrictinc/events.sp::CS_OnBuyCommand
L 02/05/2021 - 11:28:25: [SM] Exception reported: Array index out-of-bounds (index 64, limit 55)
L 02/05/2021 - 11:28:25: [SM] Blaming: weapon_restrict.smx
L 02/05/2021 - 11:28:25: [SM] Call stack trace:
L 02/05/2021 - 11:28:25: [SM]   [1] Line 202, restrictinc/events.sp::CS_OnBuyCommand
L 02/05/2021 - 11:28:35: [SM] Exception reported: Array index out-of-bounds (index 64, limit 55)
L 02/05/2021 - 11:28:35: [SM] Blaming: weapon_restrict.smx
L 02/05/2021 - 11:28:35: [SM] Call stack trace:
L 02/05/2021 - 11:28:35: [SM]   [1] Line 202, restrictinc/events.sp::CS_OnBuyCommand
L 02/05/2021 - 11:28:39: [SM] Exception reported: Array index out-of-bounds (index 64, limit 55)
L 02/05/2021 - 11:28:39: [SM] Blaming: weapon_restrict.smx
L 02/05/2021 - 11:28:39: [SM] Call stack trace:
L 02/05/2021 - 11:28:39: [SM]   [1] Line 202, restrictinc/events.sp::CS_OnBuyCommand
L 02/05/2021 - 19:11:29: Error log file session closed.
L 02/05/2021 - 19:11:29: SourceMod error session started
L 02/05/2021 - 19:11:29: Info (map "de_dust2") (file "/home/tcagame/jackm1/599/csgo/addons/sourcemod/logs/errors_20210205.log")
L 02/05/2021 - 19:11:29: [SM] Fatal error encountered parsing translation file "advadmin.phrases.txt"
L 02/05/2021 - 19:11:29: [SM] Error (line 0, column 0): Stream failed to open
L 02/05/2021 - 22:34:34: Error log file session closed.
L 02/05/2021 - 22:34:34: SourceMod error session started
L 02/05/2021 - 22:34:34: Info (map "de_dust2") (file "/home/tcagame/jackm1/599/csgo/addons/sourcemod/logs/errors_20210205.log")
L 02/05/2021 - 22:34:34: [SM] Fatal error encountered parsing translation file "advadmin.phrases.txt"
L 02/05/2021 - 22:34:34: [SM] Error (line 0, column 0): Stream failed to open
L 02/05/2021 - 22:35:10: [SM] Exception reported: Array index out-of-bounds (index 64, limit 55)
L 02/05/2021 - 22:35:10: [SM] Blaming: weapon_restrict.smx
L 02/05/2021 - 22:35:10: [SM] Call stack trace:
L 02/05/2021 - 22:35:10: [SM]   [1] Line 202, restrictinc/events.sp::CS_OnBuyCommand
L 02/05/2021 - 22:36:00: [SM] Exception reported: Array index out-of-bounds (index 64, limit 55)
L 02/05/2021 - 22:36:00: [SM] Blaming: weapon_restrict.smx
L 02/05/2021 - 22:36:00: [SM] Call stack trace:
L 02/05/2021 - 22:36:00: [SM]   [1] Line 202, restrictinc/events.sp::CS_OnBuyCommand
L 02/05/2021 - 22:37:04: [SM] Exception reported: Array index out-of-bounds (index 64, limit 55)
L 02/05/2021 - 22:37:04: [SM] Blaming: weapon_restrict.smx
L 02/05/2021 - 22:37:04: [SM] Call stack trace:
L 02/05/2021 - 22:37:04: [SM]   [1] Line 202, restrictinc/events.sp::CS_OnBuyCommand
L 02/05/2021 - 22:43:33: Error log file session closed.
L 02/05/2021 - 22:43:33: SourceMod error session started
L 02/05/2021 - 22:43:33: Info (map "de_vertigo") (file "/home/tcagame/jackm1/599/csgo/addons/sourcemod/logs/errors_20210205.log")
L 02/05/2021 - 22:43:33: [SM] Fatal error encountered parsing translation file "advadmin.phrases.txt"
L 02/05/2021 - 22:43:33: [SM] Error (line 0, column 0): Stream failed to open
L 02/05/2021 - 22:43:59: [SM] Exception reported: Array index out-of-bounds (index 64, limit 55)
L 02/05/2021 - 22:43:59: [SM] Blaming: weapon_restrict.smx
L 02/05/2021 - 22:43:59: [SM] Call stack trace:
L 02/05/2021 - 22:43:59: [SM]   [1] Line 202, restrictinc/events.sp::CS_OnBuyCommand
L 02/05/2021 - 22:46:33: [SM] Exception reported: Array index out-of-bounds (index 64, limit 55)
L 02/05/2021 - 22:46:33: [SM] Blaming: weapon_restrict.smx
L 02/05/2021 - 22:46:33: [SM] Call stack trace:
L 02/05/2021 - 22:46:33: [SM]   [1] Line 202, restrictinc/events.sp::CS_OnBuyCommand
L 02/05/2021 - 22:46:34: [SM] Exception reported: Array index out-of-bounds (index 64, limit 55)
L 02/05/2021 - 22:46:34: [SM] Blaming: weapon_restrict.smx
L 02/05/2021 - 22:46:34: [SM] Call stack trace:
L 02/05/2021 - 22:46:34: [SM]   [1] Line 202, restrictinc/events.sp::CS_OnBuyCommand
L 02/05/2021 - 22:52:15: [SM] Exception reported: Array index out-of-bounds (index 64, limit 55)
L 02/05/2021 - 22:52:15: [SM] Blaming: weapon_restrict.smx
L 02/05/2021 - 22:52:15: [SM] Call stack trace:
L 02/05/2021 - 22:52:15: [SM]   [1] Line 202, restrictinc/events.sp::CS_OnBuyCommand
L 02/05/2021 - 22:53:33: [SM] Exception reported: Array index out-of-bounds (index 64, limit 55)
L 02/05/2021 - 22:53:33: [SM] Blaming: weapon_restrict.smx
L 02/05/2021 - 22:53:33: [SM] Call stack trace:
L 02/05/2021 - 22:53:33: [SM]   [1] Line 202, restrictinc/events.sp::CS_OnBuyCommand
L 02/05/2021 - 22:54:31: [SM] Exception reported: Array index out-of-bounds (index 64, limit 55)
L 02/05/2021 - 22:54:31: [SM] Blaming: weapon_restrict.smx
L 02/05/2021 - 22:54:31: [SM] Call stack trace:
L 02/05/2021 - 22:54:31: [SM]   [1] Line 202, restrictinc/events.sp::CS_OnBuyCommand
L 02/06/2021 - 11:53:43: Error log file session closed.
