L 02/14/2021 - 11:00:54: SourceMod error session started
L 02/14/2021 - 11:00:54: Info (map "de_cache") (file "/home/tcagame/jackm1/599/csgo/addons/sourcemod/logs/errors_20210214.log")
L 02/14/2021 - 11:00:54: [SM] Fatal error encountered parsing translation file "advadmin.phrases.txt"
L 02/14/2021 - 11:00:54: [SM] Error (line 0, column 0): Stream failed to open
L 02/14/2021 - 12:37:43: Error log file session closed.
L 02/14/2021 - 12:37:43: SourceMod error session started
L 02/14/2021 - 12:37:43: Info (map "de_cache") (file "/home/tcagame/jackm1/599/csgo/addons/sourcemod/logs/errors_20210214.log")
L 02/14/2021 - 12:37:43: [SM] Fatal error encountered parsing translation file "advadmin.phrases.txt"
L 02/14/2021 - 12:37:43: [SM] Error (line 0, column 0): Stream failed to open
L 02/14/2021 - 12:39:19: [SM] Exception reported: Array index out-of-bounds (index 64, limit 55)
L 02/14/2021 - 12:39:19: [SM] Blaming: weapon_restrict.smx
L 02/14/2021 - 12:39:19: [SM] Call stack trace:
L 02/14/2021 - 12:39:19: [SM]   [1] Line 202, restrictinc/events.sp::CS_OnBuyCommand
L 02/14/2021 - 12:40:35: Error log file session closed.
L 02/14/2021 - 12:40:35: SourceMod error session started
L 02/14/2021 - 12:40:35: Info (map "de_shortdust") (file "/home/tcagame/jackm1/599/csgo/addons/sourcemod/logs/errors_20210214.log")
L 02/14/2021 - 12:40:35: [SM] Fatal error encountered parsing translation file "advadmin.phrases.txt"
L 02/14/2021 - 12:40:35: [SM] Error (line 0, column 0): Stream failed to open
L 02/14/2021 - 12:41:31: [SM] Exception reported: Array index out-of-bounds (index 64, limit 55)
L 02/14/2021 - 12:41:31: [SM] Blaming: weapon_restrict.smx
L 02/14/2021 - 12:41:31: [SM] Call stack trace:
L 02/14/2021 - 12:41:31: [SM]   [1] Line 202, restrictinc/events.sp::CS_OnBuyCommand
L 02/14/2021 - 12:42:26: [SM] Exception reported: Array index out-of-bounds (index 64, limit 55)
L 02/14/2021 - 12:42:26: [SM] Blaming: weapon_restrict.smx
L 02/14/2021 - 12:42:26: [SM] Call stack trace:
L 02/14/2021 - 12:42:26: [SM]   [1] Line 202, restrictinc/events.sp::CS_OnBuyCommand
L 02/14/2021 - 12:42:27: [SM] Exception reported: Array index out-of-bounds (index 64, limit 55)
L 02/14/2021 - 12:42:27: [SM] Blaming: weapon_restrict.smx
L 02/14/2021 - 12:42:27: [SM] Call stack trace:
L 02/14/2021 - 12:42:27: [SM]   [1] Line 202, restrictinc/events.sp::CS_OnBuyCommand
L 02/14/2021 - 12:43:36: [SM] Exception reported: Array index out-of-bounds (index 64, limit 55)
L 02/14/2021 - 12:43:36: [SM] Blaming: weapon_restrict.smx
L 02/14/2021 - 12:43:36: [SM] Call stack trace:
L 02/14/2021 - 12:43:36: [SM]   [1] Line 202, restrictinc/events.sp::CS_OnBuyCommand
L 02/14/2021 - 12:49:31: [SM] Exception reported: Array index out-of-bounds (index 64, limit 55)
L 02/14/2021 - 12:49:31: [SM] Blaming: weapon_restrict.smx
L 02/14/2021 - 12:49:31: [SM] Call stack trace:
L 02/14/2021 - 12:49:31: [SM]   [1] Line 202, restrictinc/events.sp::CS_OnBuyCommand
L 02/14/2021 - 12:49:31: [SM] Exception reported: Array index out-of-bounds (index 64, limit 55)
L 02/14/2021 - 12:49:31: [SM] Blaming: weapon_restrict.smx
L 02/14/2021 - 12:49:31: [SM] Call stack trace:
L 02/14/2021 - 12:49:31: [SM]   [1] Line 202, restrictinc/events.sp::CS_OnBuyCommand
L 02/14/2021 - 14:25:16: Error log file session closed.
L 02/14/2021 - 14:25:16: SourceMod error session started
L 02/14/2021 - 14:25:16: Info (map "de_shortdust") (file "/home/tcagame/jackm1/599/csgo/addons/sourcemod/logs/errors_20210214.log")
L 02/14/2021 - 14:25:16: [SM] Fatal error encountered parsing translation file "advadmin.phrases.txt"
L 02/14/2021 - 14:25:16: [SM] Error (line 0, column 0): Stream failed to open
L 02/14/2021 - 14:25:33: [SM] Exception reported: Language phrase "Player_Connected_From" not found (arg 3)
L 02/14/2021 - 14:25:33: [SM] Blaming: advadmin.smx
L 02/14/2021 - 14:25:33: [SM] Call stack trace:
L 02/14/2021 - 14:25:33: [SM]   [0] VFormat
L 02/14/2021 - 14:25:33: [SM]   [1] Line 386, /groups/sourcemod/compiler-1.10/include/halflife.inc::PrintToChatAll
L 02/14/2021 - 14:25:33: [SM]   [2] Line 141, /home/groups/sourcemod/upload_tmp/phpRYtiXm.sp::OnClientAuthorized
L 02/14/2021 - 14:27:38: Error log file session closed.
L 02/14/2021 - 14:27:38: SourceMod error session started
L 02/14/2021 - 14:27:38: Info (map "de_overpass") (file "/home/tcagame/jackm1/599/csgo/addons/sourcemod/logs/errors_20210214.log")
L 02/14/2021 - 14:27:38: [SM] Fatal error encountered parsing translation file "advadmin.phrases.txt"
L 02/14/2021 - 14:27:38: [SM] Error (line 0, column 0): Stream failed to open
L 02/14/2021 - 14:29:44: [SM] Exception reported: Array index out-of-bounds (index 64, limit 55)
L 02/14/2021 - 14:29:44: [SM] Blaming: weapon_restrict.smx
L 02/14/2021 - 14:29:44: [SM] Call stack trace:
L 02/14/2021 - 14:29:44: [SM]   [1] Line 202, restrictinc/events.sp::CS_OnBuyCommand
L 02/14/2021 - 17:02:47: Error log file session closed.
L 02/14/2021 - 17:02:47: SourceMod error session started
L 02/14/2021 - 17:02:47: Info (map "de_overpass") (file "/home/tcagame/jackm1/599/csgo/addons/sourcemod/logs/errors_20210214.log")
L 02/14/2021 - 17:02:47: [SM] Fatal error encountered parsing translation file "advadmin.phrases.txt"
L 02/14/2021 - 17:02:47: [SM] Error (line 0, column 0): Stream failed to open
L 02/14/2021 - 17:03:04: [SM] Exception reported: Language phrase "Player_Connected_From" not found (arg 3)
L 02/14/2021 - 17:03:04: [SM] Blaming: advadmin.smx
L 02/14/2021 - 17:03:04: [SM] Call stack trace:
L 02/14/2021 - 17:03:04: [SM]   [0] VFormat
L 02/14/2021 - 17:03:04: [SM]   [1] Line 386, /groups/sourcemod/compiler-1.10/include/halflife.inc::PrintToChatAll
L 02/14/2021 - 17:03:04: [SM]   [2] Line 141, /home/groups/sourcemod/upload_tmp/phpRYtiXm.sp::OnClientAuthorized
L 02/14/2021 - 17:03:37: Error log file session closed.
L 02/14/2021 - 17:03:37: SourceMod error session started
L 02/14/2021 - 17:03:37: Info (map "de_mirage") (file "/home/tcagame/jackm1/599/csgo/addons/sourcemod/logs/errors_20210214.log")
L 02/14/2021 - 17:03:37: [SM] Fatal error encountered parsing translation file "advadmin.phrases.txt"
L 02/14/2021 - 17:03:37: [SM] Error (line 0, column 0): Stream failed to open
L 02/14/2021 - 17:04:45: [SM] Exception reported: Language phrase "CMD_Swap_Usage" not found (arg 4)
L 02/14/2021 - 17:04:45: [SM] Blaming: advadmin.smx
L 02/14/2021 - 17:04:45: [SM] Call stack trace:
L 02/14/2021 - 17:04:45: [SM]   [0] ReplyToCommand
L 02/14/2021 - 17:04:45: [SM]   [1] Line 659, /home/groups/sourcemod/upload_tmp/phpRYtiXm.sp::CMD_Swap
L 02/14/2021 - 17:04:45: [SM]   [3] FakeClientCommand
L 02/14/2021 - 17:04:45: [SM]   [4] Line 1054, ./scripting/pugsetup.sp::CheckChatAlias
L 02/14/2021 - 17:04:45: [SM]   [5] Line 1082, ./scripting/pugsetup.sp::OnClientSayCommand_Post
L 02/14/2021 - 17:05:10: [SM] Exception reported: Array index out-of-bounds (index 64, limit 55)
L 02/14/2021 - 17:05:10: [SM] Blaming: weapon_restrict.smx
L 02/14/2021 - 17:05:10: [SM] Call stack trace:
L 02/14/2021 - 17:05:10: [SM]   [1] Line 202, restrictinc/events.sp::CS_OnBuyCommand
L 02/14/2021 - 17:10:50: [SM] Exception reported: Array index out-of-bounds (index 64, limit 55)
L 02/14/2021 - 17:10:50: [SM] Blaming: weapon_restrict.smx
L 02/14/2021 - 17:10:50: [SM] Call stack trace:
L 02/14/2021 - 17:10:50: [SM]   [1] Line 202, restrictinc/events.sp::CS_OnBuyCommand
L 02/14/2021 - 17:13:46: [SM] Exception reported: Array index out-of-bounds (index 64, limit 55)
L 02/14/2021 - 17:13:46: [SM] Blaming: weapon_restrict.smx
L 02/14/2021 - 17:13:46: [SM] Call stack trace:
L 02/14/2021 - 17:13:46: [SM]   [1] Line 202, restrictinc/events.sp::CS_OnBuyCommand
L 02/14/2021 - 17:14:32: [SM] Exception reported: Array index out-of-bounds (index 64, limit 55)
L 02/14/2021 - 17:14:32: [SM] Blaming: weapon_restrict.smx
L 02/14/2021 - 17:14:32: [SM] Call stack trace:
L 02/14/2021 - 17:14:32: [SM]   [1] Line 202, restrictinc/events.sp::CS_OnBuyCommand
L 02/14/2021 - 17:17:10: [SM] Exception reported: Language phrase "Player_Connected" not found (arg 3)
L 02/14/2021 - 17:17:10: [SM] Blaming: advadmin.smx
L 02/14/2021 - 17:17:10: [SM] Call stack trace:
L 02/14/2021 - 17:17:10: [SM]   [0] VFormat
L 02/14/2021 - 17:17:10: [SM]   [1] Line 386, /groups/sourcemod/compiler-1.10/include/halflife.inc::PrintToChatAll
L 02/14/2021 - 17:17:10: [SM]   [2] Line 145, /home/groups/sourcemod/upload_tmp/phpRYtiXm.sp::OnClientAuthorized
L 02/14/2021 - 17:21:02: Error log file session closed.
L 02/14/2021 - 17:21:02: SourceMod error session started
L 02/14/2021 - 17:21:02: Info (map "de_inferno") (file "/home/tcagame/jackm1/599/csgo/addons/sourcemod/logs/errors_20210214.log")
L 02/14/2021 - 17:21:02: [SM] Fatal error encountered parsing translation file "advadmin.phrases.txt"
L 02/14/2021 - 17:21:02: [SM] Error (line 0, column 0): Stream failed to open
L 02/14/2021 - 17:21:19: [SM] Exception reported: Language phrase "Player_Connected" not found (arg 3)
L 02/14/2021 - 17:21:19: [SM] Blaming: advadmin.smx
L 02/14/2021 - 17:21:19: [SM] Call stack trace:
L 02/14/2021 - 17:21:19: [SM]   [0] VFormat
L 02/14/2021 - 17:21:19: [SM]   [1] Line 386, /groups/sourcemod/compiler-1.10/include/halflife.inc::PrintToChatAll
L 02/14/2021 - 17:21:19: [SM]   [2] Line 145, /home/groups/sourcemod/upload_tmp/phpRYtiXm.sp::OnClientAuthorized
L 02/14/2021 - 17:21:19: [SM] Exception reported: Language phrase "Player_Connected" not found (arg 3)
L 02/14/2021 - 17:21:19: [SM] Blaming: advadmin.smx
L 02/14/2021 - 17:21:19: [SM] Call stack trace:
L 02/14/2021 - 17:21:19: [SM]   [0] VFormat
L 02/14/2021 - 17:21:19: [SM]   [1] Line 386, /groups/sourcemod/compiler-1.10/include/halflife.inc::PrintToChatAll
L 02/14/2021 - 17:21:19: [SM]   [2] Line 145, /home/groups/sourcemod/upload_tmp/phpRYtiXm.sp::OnClientAuthorized
L 02/14/2021 - 17:22:08: [SM] Exception reported: Array index out-of-bounds (index 64, limit 55)
L 02/14/2021 - 17:22:08: [SM] Blaming: weapon_restrict.smx
L 02/14/2021 - 17:22:08: [SM] Call stack trace:
L 02/14/2021 - 17:22:08: [SM]   [1] Line 202, restrictinc/events.sp::CS_OnBuyCommand
L 02/14/2021 - 17:22:10: [SM] Exception reported: Array index out-of-bounds (index 64, limit 55)
L 02/14/2021 - 17:22:10: [SM] Blaming: weapon_restrict.smx
L 02/14/2021 - 17:22:10: [SM] Call stack trace:
L 02/14/2021 - 17:22:10: [SM]   [1] Line 202, restrictinc/events.sp::CS_OnBuyCommand
L 02/14/2021 - 17:22:18: [SM] Exception reported: Array index out-of-bounds (index 64, limit 55)
L 02/14/2021 - 17:22:18: [SM] Blaming: weapon_restrict.smx
L 02/14/2021 - 17:22:18: [SM] Call stack trace:
L 02/14/2021 - 17:22:18: [SM]   [1] Line 202, restrictinc/events.sp::CS_OnBuyCommand
L 02/14/2021 - 17:22:18: [SM] Exception reported: Array index out-of-bounds (index 64, limit 55)
L 02/14/2021 - 17:22:18: [SM] Blaming: weapon_restrict.smx
L 02/14/2021 - 17:22:18: [SM] Call stack trace:
L 02/14/2021 - 17:22:18: [SM]   [1] Line 202, restrictinc/events.sp::CS_OnBuyCommand
L 02/14/2021 - 17:23:05: [SM] Exception reported: Array index out-of-bounds (index 64, limit 55)
L 02/14/2021 - 17:23:05: [SM] Blaming: weapon_restrict.smx
L 02/14/2021 - 17:23:05: [SM] Call stack trace:
L 02/14/2021 - 17:23:05: [SM]   [1] Line 202, restrictinc/events.sp::CS_OnBuyCommand
L 02/14/2021 - 17:24:02: [SM] Exception reported: Array index out-of-bounds (index 64, limit 55)
L 02/14/2021 - 17:24:02: [SM] Blaming: weapon_restrict.smx
L 02/14/2021 - 17:24:02: [SM] Call stack trace:
L 02/14/2021 - 17:24:02: [SM]   [1] Line 202, restrictinc/events.sp::CS_OnBuyCommand
L 02/14/2021 - 17:24:49: [SM] Exception reported: Array index out-of-bounds (index 64, limit 55)
L 02/14/2021 - 17:24:49: [SM] Blaming: weapon_restrict.smx
L 02/14/2021 - 17:24:49: [SM] Call stack trace:
L 02/14/2021 - 17:24:49: [SM]   [1] Line 202, restrictinc/events.sp::CS_OnBuyCommand
L 02/14/2021 - 17:25:59: [SM] Exception reported: Array index out-of-bounds (index 64, limit 55)
L 02/14/2021 - 17:25:59: [SM] Blaming: weapon_restrict.smx
L 02/14/2021 - 17:25:59: [SM] Call stack trace:
L 02/14/2021 - 17:25:59: [SM]   [1] Line 202, restrictinc/events.sp::CS_OnBuyCommand
L 02/14/2021 - 17:26:03: [SM] Exception reported: Array index out-of-bounds (index 64, limit 55)
L 02/14/2021 - 17:26:03: [SM] Blaming: weapon_restrict.smx
L 02/14/2021 - 17:26:03: [SM] Call stack trace:
L 02/14/2021 - 17:26:03: [SM]   [1] Line 202, restrictinc/events.sp::CS_OnBuyCommand
L 02/14/2021 - 17:26:57: [SM] Exception reported: Array index out-of-bounds (index 64, limit 55)
L 02/14/2021 - 17:26:57: [SM] Blaming: weapon_restrict.smx
L 02/14/2021 - 17:26:57: [SM] Call stack trace:
L 02/14/2021 - 17:26:57: [SM]   [1] Line 202, restrictinc/events.sp::CS_OnBuyCommand
L 02/14/2021 - 17:31:43: [SM] Exception reported: Language phrase "Player_Connected_From" not found (arg 3)
L 02/14/2021 - 17:31:43: [SM] Blaming: advadmin.smx
L 02/14/2021 - 17:31:43: [SM] Call stack trace:
L 02/14/2021 - 17:31:43: [SM]   [0] VFormat
L 02/14/2021 - 17:31:43: [SM]   [1] Line 386, /groups/sourcemod/compiler-1.10/include/halflife.inc::PrintToChatAll
L 02/14/2021 - 17:31:43: [SM]   [2] Line 141, /home/groups/sourcemod/upload_tmp/phpRYtiXm.sp::OnClientAuthorized
L 02/14/2021 - 17:31:49: Error log file session closed.
L 02/14/2021 - 17:31:49: SourceMod error session started
L 02/14/2021 - 17:31:49: Info (map "de_mirage") (file "/home/tcagame/jackm1/599/csgo/addons/sourcemod/logs/errors_20210214.log")
L 02/14/2021 - 17:31:49: [SM] Fatal error encountered parsing translation file "advadmin.phrases.txt"
L 02/14/2021 - 17:31:49: [SM] Error (line 0, column 0): Stream failed to open
L 02/14/2021 - 17:39:29: [SM] Exception reported: Language phrase "Player_Connected_From" not found (arg 3)
L 02/14/2021 - 17:39:29: [SM] Blaming: advadmin.smx
L 02/14/2021 - 17:39:29: [SM] Call stack trace:
L 02/14/2021 - 17:39:29: [SM]   [0] VFormat
L 02/14/2021 - 17:39:29: [SM]   [1] Line 386, /groups/sourcemod/compiler-1.10/include/halflife.inc::PrintToChatAll
L 02/14/2021 - 17:39:29: [SM]   [2] Line 141, /home/groups/sourcemod/upload_tmp/phpRYtiXm.sp::OnClientAuthorized
L 02/14/2021 - 17:45:08: [SM] Exception reported: Language phrase "CMD_Cash_Usage" not found (arg 4)
L 02/14/2021 - 17:45:08: [SM] Blaming: advadmin.smx
L 02/14/2021 - 17:45:08: [SM] Call stack trace:
L 02/14/2021 - 17:45:08: [SM]   [0] ReplyToCommand
L 02/14/2021 - 17:45:08: [SM]   [1] Line 1393, /home/groups/sourcemod/upload_tmp/phpRYtiXm.sp::CMD_Cash
L 02/14/2021 - 17:45:12: [SM] Exception reported: Language phrase "CMD_Cash" not found (arg 5)
L 02/14/2021 - 17:45:12: [SM] Blaming: advadmin.smx
L 02/14/2021 - 17:45:12: [SM] Call stack trace:
L 02/14/2021 - 17:45:12: [SM]   [0] ShowActivity2
L 02/14/2021 - 17:45:12: [SM]   [1] Line 1427, /home/groups/sourcemod/upload_tmp/phpRYtiXm.sp::CMD_Cash
L 02/14/2021 - 17:45:34: [SM] Exception reported: Array index out-of-bounds (index 64, limit 55)
L 02/14/2021 - 17:45:34: [SM] Blaming: weapon_restrict.smx
L 02/14/2021 - 17:45:34: [SM] Call stack trace:
L 02/14/2021 - 17:45:34: [SM]   [1] Line 202, restrictinc/events.sp::CS_OnBuyCommand
L 02/14/2021 - 17:45:45: [SM] Exception reported: Array index out-of-bounds (index 64, limit 55)
L 02/14/2021 - 17:45:45: [SM] Blaming: weapon_restrict.smx
L 02/14/2021 - 17:45:45: [SM] Call stack trace:
L 02/14/2021 - 17:45:45: [SM]   [1] Line 202, restrictinc/events.sp::CS_OnBuyCommand
L 02/14/2021 - 17:46:41: [SM] Exception reported: Array index out-of-bounds (index 64, limit 55)
L 02/14/2021 - 17:46:41: [SM] Blaming: weapon_restrict.smx
L 02/14/2021 - 17:46:41: [SM] Call stack trace:
L 02/14/2021 - 17:46:41: [SM]   [1] Line 202, restrictinc/events.sp::CS_OnBuyCommand
L 02/14/2021 - 17:46:42: [SM] Exception reported: Language phrase "CMD_Cash" not found (arg 5)
L 02/14/2021 - 17:46:42: [SM] Blaming: advadmin.smx
L 02/14/2021 - 17:46:42: [SM] Call stack trace:
L 02/14/2021 - 17:46:42: [SM]   [0] ShowActivity2
L 02/14/2021 - 17:46:42: [SM]   [1] Line 1427, /home/groups/sourcemod/upload_tmp/phpRYtiXm.sp::CMD_Cash
L 02/14/2021 - 17:49:57: [SM] Exception reported: Language phrase "CMD_Cash" not found (arg 5)
L 02/14/2021 - 17:49:57: [SM] Blaming: advadmin.smx
L 02/14/2021 - 17:49:57: [SM] Call stack trace:
L 02/14/2021 - 17:49:57: [SM]   [0] ShowActivity2
L 02/14/2021 - 17:49:57: [SM]   [1] Line 1427, /home/groups/sourcemod/upload_tmp/phpRYtiXm.sp::CMD_Cash
L 02/14/2021 - 17:50:01: [SM] Exception reported: Language phrase "CMD_Cash" not found (arg 5)
L 02/14/2021 - 17:50:01: [SM] Blaming: advadmin.smx
L 02/14/2021 - 17:50:01: [SM] Call stack trace:
L 02/14/2021 - 17:50:01: [SM]   [0] ShowActivity2
L 02/14/2021 - 17:50:01: [SM]   [1] Line 1427, /home/groups/sourcemod/upload_tmp/phpRYtiXm.sp::CMD_Cash
L 02/14/2021 - 18:15:48: [SM] Exception reported: Language phrase "Player_Connected_From" not found (arg 3)
L 02/14/2021 - 18:15:48: [SM] Blaming: advadmin.smx
L 02/14/2021 - 18:15:48: [SM] Call stack trace:
L 02/14/2021 - 18:15:48: [SM]   [0] VFormat
L 02/14/2021 - 18:15:48: [SM]   [1] Line 386, /groups/sourcemod/compiler-1.10/include/halflife.inc::PrintToChatAll
L 02/14/2021 - 18:15:48: [SM]   [2] Line 141, /home/groups/sourcemod/upload_tmp/phpRYtiXm.sp::OnClientAuthorized
L 02/14/2021 - 18:55:25: Error log file session closed.
L 02/14/2021 - 18:55:25: SourceMod error session started
L 02/14/2021 - 18:55:25: Info (map "de_mirage") (file "/home/tcagame/jackm1/599/csgo/addons/sourcemod/logs/errors_20210214.log")
L 02/14/2021 - 18:55:25: [SM] Fatal error encountered parsing translation file "advadmin.phrases.txt"
L 02/14/2021 - 18:55:25: [SM] Error (line 0, column 0): Stream failed to open
L 02/14/2021 - 18:56:02: [SM] Exception reported: Array index out-of-bounds (index 64, limit 55)
L 02/14/2021 - 18:56:02: [SM] Blaming: weapon_restrict.smx
L 02/14/2021 - 18:56:02: [SM] Call stack trace:
L 02/14/2021 - 18:56:02: [SM]   [1] Line 202, restrictinc/events.sp::CS_OnBuyCommand
L 02/14/2021 - 18:56:04: [SM] Exception reported: Array index out-of-bounds (index 64, limit 55)
L 02/14/2021 - 18:56:04: [SM] Blaming: weapon_restrict.smx
L 02/14/2021 - 18:56:04: [SM] Call stack trace:
L 02/14/2021 - 18:56:04: [SM]   [1] Line 202, restrictinc/events.sp::CS_OnBuyCommand
L 02/14/2021 - 18:57:28: [SM] Exception reported: Language phrase "Player_Connected_From" not found (arg 3)
L 02/14/2021 - 18:57:28: [SM] Blaming: advadmin.smx
L 02/14/2021 - 18:57:28: [SM] Call stack trace:
L 02/14/2021 - 18:57:28: [SM]   [0] VFormat
L 02/14/2021 - 18:57:28: [SM]   [1] Line 386, /groups/sourcemod/compiler-1.10/include/halflife.inc::PrintToChatAll
L 02/14/2021 - 18:57:28: [SM]   [2] Line 141, /home/groups/sourcemod/upload_tmp/phpRYtiXm.sp::OnClientAuthorized
L 02/14/2021 - 18:58:03: Error log file session closed.
L 02/14/2021 - 18:58:03: SourceMod error session started
L 02/14/2021 - 18:58:03: Info (map "de_bank") (file "/home/tcagame/jackm1/599/csgo/addons/sourcemod/logs/errors_20210214.log")
L 02/14/2021 - 18:58:03: [SM] Fatal error encountered parsing translation file "advadmin.phrases.txt"
L 02/14/2021 - 18:58:03: [SM] Error (line 0, column 0): Stream failed to open
L 02/14/2021 - 18:58:19: [SM] Exception reported: Array index out-of-bounds (index 64, limit 55)
L 02/14/2021 - 18:58:19: [SM] Blaming: weapon_restrict.smx
L 02/14/2021 - 18:58:19: [SM] Call stack trace:
L 02/14/2021 - 18:58:19: [SM]   [1] Line 202, restrictinc/events.sp::CS_OnBuyCommand
L 02/14/2021 - 18:58:21: [SM] Exception reported: Array index out-of-bounds (index 64, limit 55)
L 02/14/2021 - 18:58:21: [SM] Blaming: weapon_restrict.smx
L 02/14/2021 - 18:58:21: [SM] Call stack trace:
L 02/14/2021 - 18:58:21: [SM]   [1] Line 202, restrictinc/events.sp::CS_OnBuyCommand
L 02/14/2021 - 19:00:04: [SM] Exception reported: Array index out-of-bounds (index 64, limit 55)
L 02/14/2021 - 19:00:04: [SM] Blaming: weapon_restrict.smx
L 02/14/2021 - 19:00:04: [SM] Call stack trace:
L 02/14/2021 - 19:00:04: [SM]   [1] Line 202, restrictinc/events.sp::CS_OnBuyCommand
L 02/14/2021 - 19:00:06: [SM] Exception reported: Array index out-of-bounds (index 64, limit 55)
L 02/14/2021 - 19:00:06: [SM] Blaming: weapon_restrict.smx
L 02/14/2021 - 19:00:06: [SM] Call stack trace:
L 02/14/2021 - 19:00:06: [SM]   [1] Line 202, restrictinc/events.sp::CS_OnBuyCommand
L 02/14/2021 - 19:00:24: [SM] Exception reported: Array index out-of-bounds (index 64, limit 55)
L 02/14/2021 - 19:00:24: [SM] Blaming: weapon_restrict.smx
L 02/14/2021 - 19:00:24: [SM] Call stack trace:
L 02/14/2021 - 19:00:24: [SM]   [1] Line 202, restrictinc/events.sp::CS_OnBuyCommand
L 02/14/2021 - 19:00:31: [SM] Exception reported: Array index out-of-bounds (index 64, limit 55)
L 02/14/2021 - 19:00:31: [SM] Blaming: weapon_restrict.smx
L 02/14/2021 - 19:00:31: [SM] Call stack trace:
L 02/14/2021 - 19:00:31: [SM]   [1] Line 202, restrictinc/events.sp::CS_OnBuyCommand
L 02/14/2021 - 19:00:34: [SM] Exception reported: Array index out-of-bounds (index 64, limit 55)
L 02/14/2021 - 19:00:34: [SM] Blaming: weapon_restrict.smx
L 02/14/2021 - 19:00:34: [SM] Call stack trace:
L 02/14/2021 - 19:00:34: [SM]   [1] Line 202, restrictinc/events.sp::CS_OnBuyCommand
L 02/14/2021 - 19:00:42: [SM] Exception reported: Array index out-of-bounds (index 64, limit 55)
L 02/14/2021 - 19:00:42: [SM] Blaming: weapon_restrict.smx
L 02/14/2021 - 19:00:42: [SM] Call stack trace:
L 02/14/2021 - 19:00:42: [SM]   [1] Line 202, restrictinc/events.sp::CS_OnBuyCommand
L 02/14/2021 - 19:00:52: [SM] Exception reported: Array index out-of-bounds (index 64, limit 55)
L 02/14/2021 - 19:00:52: [SM] Blaming: weapon_restrict.smx
L 02/14/2021 - 19:00:52: [SM] Call stack trace:
L 02/14/2021 - 19:00:52: [SM]   [1] Line 202, restrictinc/events.sp::CS_OnBuyCommand
L 02/14/2021 - 19:01:57: [SM] Exception reported: Array index out-of-bounds (index 64, limit 55)
L 02/14/2021 - 19:01:57: [SM] Blaming: weapon_restrict.smx
L 02/14/2021 - 19:01:57: [SM] Call stack trace:
L 02/14/2021 - 19:01:57: [SM]   [1] Line 202, restrictinc/events.sp::CS_OnBuyCommand
L 02/14/2021 - 19:02:07: [SM] Exception reported: Array index out-of-bounds (index 64, limit 55)
L 02/14/2021 - 19:02:07: [SM] Blaming: weapon_restrict.smx
L 02/14/2021 - 19:02:07: [SM] Call stack trace:
L 02/14/2021 - 19:02:07: [SM]   [1] Line 202, restrictinc/events.sp::CS_OnBuyCommand
L 02/14/2021 - 19:02:49: [SM] Exception reported: Array index out-of-bounds (index 64, limit 55)
L 02/14/2021 - 19:02:49: [SM] Blaming: weapon_restrict.smx
L 02/14/2021 - 19:02:49: [SM] Call stack trace:
L 02/14/2021 - 19:02:49: [SM]   [1] Line 202, restrictinc/events.sp::CS_OnBuyCommand
L 02/14/2021 - 19:02:59: [SM] Exception reported: Array index out-of-bounds (index 64, limit 55)
L 02/14/2021 - 19:02:59: [SM] Blaming: weapon_restrict.smx
L 02/14/2021 - 19:02:59: [SM] Call stack trace:
L 02/14/2021 - 19:02:59: [SM]   [1] Line 202, restrictinc/events.sp::CS_OnBuyCommand
L 02/14/2021 - 19:03:30: [SM] Exception reported: Array index out-of-bounds (index 64, limit 55)
L 02/14/2021 - 19:03:30: [SM] Blaming: weapon_restrict.smx
L 02/14/2021 - 19:03:30: [SM] Call stack trace:
L 02/14/2021 - 19:03:30: [SM]   [1] Line 202, restrictinc/events.sp::CS_OnBuyCommand
L 02/14/2021 - 19:03:40: [SM] Exception reported: Array index out-of-bounds (index 64, limit 55)
L 02/14/2021 - 19:03:40: [SM] Blaming: weapon_restrict.smx
L 02/14/2021 - 19:03:40: [SM] Call stack trace:
L 02/14/2021 - 19:03:40: [SM]   [1] Line 202, restrictinc/events.sp::CS_OnBuyCommand
L 02/14/2021 - 19:04:27: [SM] Exception reported: Array index out-of-bounds (index 64, limit 55)
L 02/14/2021 - 19:04:27: [SM] Blaming: weapon_restrict.smx
L 02/14/2021 - 19:04:27: [SM] Call stack trace:
L 02/14/2021 - 19:04:27: [SM]   [1] Line 202, restrictinc/events.sp::CS_OnBuyCommand
L 02/14/2021 - 19:04:37: [SM] Exception reported: Array index out-of-bounds (index 64, limit 55)
L 02/14/2021 - 19:04:37: [SM] Blaming: weapon_restrict.smx
L 02/14/2021 - 19:04:37: [SM] Call stack trace:
L 02/14/2021 - 19:04:37: [SM]   [1] Line 202, restrictinc/events.sp::CS_OnBuyCommand
L 02/14/2021 - 19:05:04: [SM] Exception reported: Array index out-of-bounds (index 64, limit 55)
L 02/14/2021 - 19:05:04: [SM] Blaming: weapon_restrict.smx
L 02/14/2021 - 19:05:04: [SM] Call stack trace:
L 02/14/2021 - 19:05:04: [SM]   [1] Line 202, restrictinc/events.sp::CS_OnBuyCommand
L 02/14/2021 - 19:05:14: [SM] Exception reported: Array index out-of-bounds (index 64, limit 55)
L 02/14/2021 - 19:05:14: [SM] Blaming: weapon_restrict.smx
L 02/14/2021 - 19:05:14: [SM] Call stack trace:
L 02/14/2021 - 19:05:14: [SM]   [1] Line 202, restrictinc/events.sp::CS_OnBuyCommand
L 02/14/2021 - 19:05:27: [SM] Exception reported: Array index out-of-bounds (index 64, limit 55)
L 02/14/2021 - 19:05:27: [SM] Blaming: weapon_restrict.smx
L 02/14/2021 - 19:05:27: [SM] Call stack trace:
L 02/14/2021 - 19:05:27: [SM]   [1] Line 202, restrictinc/events.sp::CS_OnBuyCommand
L 02/14/2021 - 19:05:36: [SM] Exception reported: Array index out-of-bounds (index 64, limit 55)
L 02/14/2021 - 19:05:36: [SM] Blaming: weapon_restrict.smx
L 02/14/2021 - 19:05:36: [SM] Call stack trace:
L 02/14/2021 - 19:05:36: [SM]   [1] Line 202, restrictinc/events.sp::CS_OnBuyCommand
L 02/14/2021 - 19:05:56: [SM] Exception reported: Array index out-of-bounds (index 64, limit 55)
L 02/14/2021 - 19:05:56: [SM] Blaming: weapon_restrict.smx
L 02/14/2021 - 19:05:56: [SM] Call stack trace:
L 02/14/2021 - 19:05:56: [SM]   [1] Line 202, restrictinc/events.sp::CS_OnBuyCommand
L 02/14/2021 - 19:06:06: [SM] Exception reported: Array index out-of-bounds (index 64, limit 55)
L 02/14/2021 - 19:06:06: [SM] Blaming: weapon_restrict.smx
L 02/14/2021 - 19:06:06: [SM] Call stack trace:
L 02/14/2021 - 19:06:06: [SM]   [1] Line 202, restrictinc/events.sp::CS_OnBuyCommand
L 02/14/2021 - 19:06:51: [SM] Exception reported: Array index out-of-bounds (index 64, limit 55)
L 02/14/2021 - 19:06:51: [SM] Blaming: weapon_restrict.smx
L 02/14/2021 - 19:06:51: [SM] Call stack trace:
L 02/14/2021 - 19:06:51: [SM]   [1] Line 202, restrictinc/events.sp::CS_OnBuyCommand
L 02/14/2021 - 19:06:59: [SM] Exception reported: Array index out-of-bounds (index 64, limit 55)
L 02/14/2021 - 19:06:59: [SM] Blaming: weapon_restrict.smx
L 02/14/2021 - 19:06:59: [SM] Call stack trace:
L 02/14/2021 - 19:06:59: [SM]   [1] Line 202, restrictinc/events.sp::CS_OnBuyCommand
L 02/14/2021 - 19:07:01: [SM] Exception reported: Array index out-of-bounds (index 64, limit 55)
L 02/14/2021 - 19:07:01: [SM] Blaming: weapon_restrict.smx
L 02/14/2021 - 19:07:01: [SM] Call stack trace:
L 02/14/2021 - 19:07:01: [SM]   [1] Line 202, restrictinc/events.sp::CS_OnBuyCommand
L 02/14/2021 - 19:07:20: [SM] Exception reported: Array index out-of-bounds (index 64, limit 55)
L 02/14/2021 - 19:07:20: [SM] Blaming: weapon_restrict.smx
L 02/14/2021 - 19:07:20: [SM] Call stack trace:
L 02/14/2021 - 19:07:20: [SM]   [1] Line 202, restrictinc/events.sp::CS_OnBuyCommand
L 02/14/2021 - 19:07:30: [SM] Exception reported: Array index out-of-bounds (index 64, limit 55)
L 02/14/2021 - 19:07:30: [SM] Blaming: weapon_restrict.smx
L 02/14/2021 - 19:07:30: [SM] Call stack trace:
L 02/14/2021 - 19:07:30: [SM]   [1] Line 202, restrictinc/events.sp::CS_OnBuyCommand
L 02/14/2021 - 19:07:53: [SM] Exception reported: Array index out-of-bounds (index 64, limit 55)
L 02/14/2021 - 19:07:53: [SM] Blaming: weapon_restrict.smx
L 02/14/2021 - 19:07:53: [SM] Call stack trace:
L 02/14/2021 - 19:07:53: [SM]   [1] Line 202, restrictinc/events.sp::CS_OnBuyCommand
L 02/14/2021 - 19:08:03: [SM] Exception reported: Array index out-of-bounds (index 64, limit 55)
L 02/14/2021 - 19:08:03: [SM] Blaming: weapon_restrict.smx
L 02/14/2021 - 19:08:03: [SM] Call stack trace:
L 02/14/2021 - 19:08:03: [SM]   [1] Line 202, restrictinc/events.sp::CS_OnBuyCommand
L 02/14/2021 - 19:09:04: Error log file session closed.
L 02/14/2021 - 19:09:04: SourceMod error session started
L 02/14/2021 - 19:09:04: Info (map "de_lake") (file "/home/tcagame/jackm1/599/csgo/addons/sourcemod/logs/errors_20210214.log")
L 02/14/2021 - 19:09:04: [SM] Fatal error encountered parsing translation file "advadmin.phrases.txt"
L 02/14/2021 - 19:09:04: [SM] Error (line 0, column 0): Stream failed to open
L 02/14/2021 - 19:09:16: [SM] Exception reported: Array index out-of-bounds (index 64, limit 55)
L 02/14/2021 - 19:09:16: [SM] Blaming: weapon_restrict.smx
L 02/14/2021 - 19:09:16: [SM] Call stack trace:
L 02/14/2021 - 19:09:16: [SM]   [1] Line 202, restrictinc/events.sp::CS_OnBuyCommand
L 02/14/2021 - 19:09:18: [SM] Exception reported: Array index out-of-bounds (index 64, limit 55)
L 02/14/2021 - 19:09:18: [SM] Blaming: weapon_restrict.smx
L 02/14/2021 - 19:09:18: [SM] Call stack trace:
L 02/14/2021 - 19:09:18: [SM]   [1] Line 202, restrictinc/events.sp::CS_OnBuyCommand
L 02/14/2021 - 19:13:12: [SM] Exception reported: Array index out-of-bounds (index 64, limit 55)
L 02/14/2021 - 19:13:12: [SM] Blaming: weapon_restrict.smx
L 02/14/2021 - 19:13:12: [SM] Call stack trace:
L 02/14/2021 - 19:13:12: [SM]   [1] Line 202, restrictinc/events.sp::CS_OnBuyCommand
L 02/14/2021 - 19:13:14: [SM] Exception reported: Array index out-of-bounds (index 64, limit 55)
L 02/14/2021 - 19:13:14: [SM] Blaming: weapon_restrict.smx
L 02/14/2021 - 19:13:14: [SM] Call stack trace:
L 02/14/2021 - 19:13:14: [SM]   [1] Line 202, restrictinc/events.sp::CS_OnBuyCommand
L 02/14/2021 - 19:13:50: [SM] Exception reported: Array index out-of-bounds (index 64, limit 55)
L 02/14/2021 - 19:13:50: [SM] Blaming: weapon_restrict.smx
L 02/14/2021 - 19:13:50: [SM] Call stack trace:
L 02/14/2021 - 19:13:50: [SM]   [1] Line 202, restrictinc/events.sp::CS_OnBuyCommand
L 02/14/2021 - 19:13:52: [SM] Exception reported: Array index out-of-bounds (index 64, limit 55)
L 02/14/2021 - 19:13:52: [SM] Blaming: weapon_restrict.smx
L 02/14/2021 - 19:13:52: [SM] Call stack trace:
L 02/14/2021 - 19:13:52: [SM]   [1] Line 202, restrictinc/events.sp::CS_OnBuyCommand
L 02/14/2021 - 19:14:03: [SM] Exception reported: Array index out-of-bounds (index 64, limit 55)
L 02/14/2021 - 19:14:03: [SM] Blaming: weapon_restrict.smx
L 02/14/2021 - 19:14:03: [SM] Call stack trace:
L 02/14/2021 - 19:14:03: [SM]   [1] Line 202, restrictinc/events.sp::CS_OnBuyCommand
L 02/14/2021 - 19:14:08: [SM] Exception reported: Array index out-of-bounds (index 64, limit 55)
L 02/14/2021 - 19:14:08: [SM] Blaming: weapon_restrict.smx
L 02/14/2021 - 19:14:08: [SM] Call stack trace:
L 02/14/2021 - 19:14:08: [SM]   [1] Line 202, restrictinc/events.sp::CS_OnBuyCommand
L 02/14/2021 - 19:14:08: [SM] Exception reported: Array index out-of-bounds (index 64, limit 55)
L 02/14/2021 - 19:14:08: [SM] Blaming: weapon_restrict.smx
L 02/14/2021 - 19:14:08: [SM] Call stack trace:
L 02/14/2021 - 19:14:08: [SM]   [1] Line 202, restrictinc/events.sp::CS_OnBuyCommand
L 02/14/2021 - 19:19:03: [SM] Exception reported: Array index out-of-bounds (index 64, limit 55)
L 02/14/2021 - 19:19:03: [SM] Blaming: weapon_restrict.smx
L 02/14/2021 - 19:19:03: [SM] Call stack trace:
L 02/14/2021 - 19:19:03: [SM]   [1] Line 202, restrictinc/events.sp::CS_OnBuyCommand
L 02/14/2021 - 19:19:07: [SM] Exception reported: Array index out-of-bounds (index 64, limit 55)
L 02/14/2021 - 19:19:07: [SM] Blaming: weapon_restrict.smx
L 02/14/2021 - 19:19:07: [SM] Call stack trace:
L 02/14/2021 - 19:19:07: [SM]   [1] Line 202, restrictinc/events.sp::CS_OnBuyCommand
L 02/14/2021 - 19:19:38: [SM] Exception reported: Array index out-of-bounds (index 64, limit 55)
L 02/14/2021 - 19:19:38: [SM] Blaming: weapon_restrict.smx
L 02/14/2021 - 19:19:38: [SM] Call stack trace:
L 02/14/2021 - 19:19:38: [SM]   [1] Line 202, restrictinc/events.sp::CS_OnBuyCommand
L 02/14/2021 - 19:25:12: Error log file session closed.
L 02/14/2021 - 19:25:12: SourceMod error session started
L 02/14/2021 - 19:25:12: Info (map "de_shortdust") (file "/home/tcagame/jackm1/599/csgo/addons/sourcemod/logs/errors_20210214.log")
L 02/14/2021 - 19:25:12: [SM] Fatal error encountered parsing translation file "advadmin.phrases.txt"
L 02/14/2021 - 19:25:12: [SM] Error (line 0, column 0): Stream failed to open
L 02/14/2021 - 19:27:19: [SM] Exception reported: Array index out-of-bounds (index 64, limit 55)
L 02/14/2021 - 19:27:19: [SM] Blaming: weapon_restrict.smx
L 02/14/2021 - 19:27:19: [SM] Call stack trace:
L 02/14/2021 - 19:27:19: [SM]   [1] Line 202, restrictinc/events.sp::CS_OnBuyCommand
L 02/14/2021 - 19:29:15: [SM] Exception reported: Array index out-of-bounds (index 64, limit 55)
L 02/14/2021 - 19:29:15: [SM] Blaming: weapon_restrict.smx
L 02/14/2021 - 19:29:15: [SM] Call stack trace:
L 02/14/2021 - 19:29:15: [SM]   [1] Line 202, restrictinc/events.sp::CS_OnBuyCommand
L 02/14/2021 - 19:33:28: [SM] Exception reported: Array index out-of-bounds (index 64, limit 55)
L 02/14/2021 - 19:33:28: [SM] Blaming: weapon_restrict.smx
L 02/14/2021 - 19:33:28: [SM] Call stack trace:
L 02/14/2021 - 19:33:28: [SM]   [1] Line 202, restrictinc/events.sp::CS_OnBuyCommand
L 02/14/2021 - 19:33:28: [SM] Exception reported: Array index out-of-bounds (index 64, limit 55)
L 02/14/2021 - 19:33:28: [SM] Blaming: weapon_restrict.smx
L 02/14/2021 - 19:33:28: [SM] Call stack trace:
L 02/14/2021 - 19:33:28: [SM]   [1] Line 202, restrictinc/events.sp::CS_OnBuyCommand
L 02/14/2021 - 19:34:15: [SM] Exception reported: Language phrase "Player_Connected_From" not found (arg 3)
L 02/14/2021 - 19:34:15: [SM] Blaming: advadmin.smx
L 02/14/2021 - 19:34:15: [SM] Call stack trace:
L 02/14/2021 - 19:34:15: [SM]   [0] VFormat
L 02/14/2021 - 19:34:15: [SM]   [1] Line 386, /groups/sourcemod/compiler-1.10/include/halflife.inc::PrintToChatAll
L 02/14/2021 - 19:34:15: [SM]   [2] Line 141, /home/groups/sourcemod/upload_tmp/phpRYtiXm.sp::OnClientAuthorized
L 02/14/2021 - 19:34:34: [SM] Exception reported: Language phrase "Player_Connected_From" not found (arg 3)
L 02/14/2021 - 19:34:34: [SM] Blaming: advadmin.smx
L 02/14/2021 - 19:34:34: [SM] Call stack trace:
L 02/14/2021 - 19:34:34: [SM]   [0] VFormat
L 02/14/2021 - 19:34:34: [SM]   [1] Line 386, /groups/sourcemod/compiler-1.10/include/halflife.inc::PrintToChatAll
L 02/14/2021 - 19:34:34: [SM]   [2] Line 141, /home/groups/sourcemod/upload_tmp/phpRYtiXm.sp::OnClientAuthorized
L 02/14/2021 - 20:29:46: Error log file session closed.
L 02/14/2021 - 20:29:46: SourceMod error session started
L 02/14/2021 - 20:29:46: Info (map "de_shortdust") (file "/home/tcagame/jackm1/599/csgo/addons/sourcemod/logs/errors_20210214.log")
L 02/14/2021 - 20:29:46: [SM] Fatal error encountered parsing translation file "advadmin.phrases.txt"
L 02/14/2021 - 20:29:46: [SM] Error (line 0, column 0): Stream failed to open
L 02/14/2021 - 20:37:54: Error log file session closed.
L 02/14/2021 - 20:37:54: SourceMod error session started
L 02/14/2021 - 20:37:54: Info (map "de_shortdust") (file "/home/tcagame/jackm1/599/csgo/addons/sourcemod/logs/errors_20210214.log")
L 02/14/2021 - 20:37:54: [SM] Fatal error encountered parsing translation file "advadmin.phrases.txt"
L 02/14/2021 - 20:37:54: [SM] Error (line 0, column 0): Stream failed to open
L 02/14/2021 - 20:38:20: [SM] Exception reported: Language phrase "Player_Connected_From" not found (arg 3)
L 02/14/2021 - 20:38:20: [SM] Blaming: advadmin.smx
L 02/14/2021 - 20:38:20: [SM] Call stack trace:
L 02/14/2021 - 20:38:20: [SM]   [0] VFormat
L 02/14/2021 - 20:38:20: [SM]   [1] Line 386, /groups/sourcemod/compiler-1.10/include/halflife.inc::PrintToChatAll
L 02/14/2021 - 20:38:20: [SM]   [2] Line 141, /home/groups/sourcemod/upload_tmp/phpRYtiXm.sp::OnClientAuthorized
L 02/14/2021 - 20:43:00: [SM] Exception reported: Array index out-of-bounds (index 64, limit 55)
L 02/14/2021 - 20:43:00: [SM] Blaming: weapon_restrict.smx
L 02/14/2021 - 20:43:00: [SM] Call stack trace:
L 02/14/2021 - 20:43:00: [SM]   [1] Line 202, restrictinc/events.sp::CS_OnBuyCommand
L 02/14/2021 - 20:43:49: [SM] Exception reported: Array index out-of-bounds (index 64, limit 55)
L 02/14/2021 - 20:43:49: [SM] Blaming: weapon_restrict.smx
L 02/14/2021 - 20:43:49: [SM] Call stack trace:
L 02/14/2021 - 20:43:49: [SM]   [1] Line 202, restrictinc/events.sp::CS_OnBuyCommand
L 02/14/2021 - 20:47:33: [SM] Exception reported: Array index out-of-bounds (index 64, limit 55)
L 02/14/2021 - 20:47:33: [SM] Blaming: weapon_restrict.smx
L 02/14/2021 - 20:47:33: [SM] Call stack trace:
L 02/14/2021 - 20:47:33: [SM]   [1] Line 202, restrictinc/events.sp::CS_OnBuyCommand
L 02/14/2021 - 20:48:05: [SM] Exception reported: Array index out-of-bounds (index 64, limit 55)
L 02/14/2021 - 20:48:05: [SM] Blaming: weapon_restrict.smx
L 02/14/2021 - 20:48:05: [SM] Call stack trace:
L 02/14/2021 - 20:48:05: [SM]   [1] Line 202, restrictinc/events.sp::CS_OnBuyCommand
L 02/14/2021 - 20:49:20: [SM] Exception reported: Array index out-of-bounds (index 64, limit 55)
L 02/14/2021 - 20:49:20: [SM] Blaming: weapon_restrict.smx
L 02/14/2021 - 20:49:20: [SM] Call stack trace:
L 02/14/2021 - 20:49:20: [SM]   [1] Line 202, restrictinc/events.sp::CS_OnBuyCommand
L 02/14/2021 - 21:49:08: Error log file session closed.
L 02/14/2021 - 21:49:08: SourceMod error session started
L 02/14/2021 - 21:49:08: Info (map "de_shortdust") (file "/home/tcagame/jackm1/599/csgo/addons/sourcemod/logs/errors_20210214.log")
L 02/14/2021 - 21:49:08: [SM] Fatal error encountered parsing translation file "advadmin.phrases.txt"
L 02/14/2021 - 21:49:08: [SM] Error (line 0, column 0): Stream failed to open
L 02/14/2021 - 21:49:22: [SM] Exception reported: Array index out-of-bounds (index 64, limit 55)
L 02/14/2021 - 21:49:22: [SM] Blaming: weapon_restrict.smx
L 02/14/2021 - 21:49:22: [SM] Call stack trace:
L 02/14/2021 - 21:49:22: [SM]   [1] Line 202, restrictinc/events.sp::CS_OnBuyCommand
L 02/14/2021 - 22:04:33: [SM] Exception reported: Language phrase "Player_Connected_From" not found (arg 3)
L 02/14/2021 - 22:04:33: [SM] Blaming: advadmin.smx
L 02/14/2021 - 22:04:33: [SM] Call stack trace:
L 02/14/2021 - 22:04:33: [SM]   [0] VFormat
L 02/14/2021 - 22:04:33: [SM]   [1] Line 386, /groups/sourcemod/compiler-1.10/include/halflife.inc::PrintToChatAll
L 02/14/2021 - 22:04:33: [SM]   [2] Line 141, /home/groups/sourcemod/upload_tmp/phpRYtiXm.sp::OnClientAuthorized
L 02/14/2021 - 22:04:43: [SM] Exception reported: Language phrase "Player_Connected" not found (arg 3)
L 02/14/2021 - 22:04:43: [SM] Blaming: advadmin.smx
L 02/14/2021 - 22:04:43: [SM] Call stack trace:
L 02/14/2021 - 22:04:43: [SM]   [0] VFormat
L 02/14/2021 - 22:04:43: [SM]   [1] Line 386, /groups/sourcemod/compiler-1.10/include/halflife.inc::PrintToChatAll
L 02/14/2021 - 22:04:43: [SM]   [2] Line 145, /home/groups/sourcemod/upload_tmp/phpRYtiXm.sp::OnClientAuthorized
L 02/14/2021 - 22:19:44: [SM] Exception reported: Language phrase "Player_Connected_From" not found (arg 3)
L 02/14/2021 - 22:19:44: [SM] Blaming: advadmin.smx
L 02/14/2021 - 22:19:44: [SM] Call stack trace:
L 02/14/2021 - 22:19:44: [SM]   [0] VFormat
L 02/14/2021 - 22:19:44: [SM]   [1] Line 386, /groups/sourcemod/compiler-1.10/include/halflife.inc::PrintToChatAll
L 02/14/2021 - 22:19:44: [SM]   [2] Line 141, /home/groups/sourcemod/upload_tmp/phpRYtiXm.sp::OnClientAuthorized
L 02/15/2021 - 09:32:01: Error log file session closed.
