L 12/27/2020 - 02:47:43: SourceMod error session started
L 12/27/2020 - 02:47:43: Info (map "de_overpass") (file "/home/tcagame/jackm1/527/csgo/addons/sourcemod/logs/errors_20201227.log")
L 12/27/2020 - 02:47:43: [SM] Fatal error encountered parsing translation file "advadmin.phrases.txt"
L 12/27/2020 - 02:47:43: [SM] Error (line 0, column 0): Stream failed to open
L 12/27/2020 - 02:48:06: Error log file session closed.
L 12/27/2020 - 02:48:06: SourceMod error session started
L 12/27/2020 - 02:48:06: Info (map "de_overpass") (file "/home/tcagame/jackm1/527/csgo/addons/sourcemod/logs/errors_20201227.log")
L 12/27/2020 - 02:48:06: [SM] Fatal error encountered parsing translation file "advadmin.phrases.txt"
L 12/27/2020 - 02:48:06: [SM] Error (line 0, column 0): Stream failed to open
L 12/27/2020 - 02:48:52: Error log file session closed.
L 12/27/2020 - 02:48:52: SourceMod error session started
L 12/27/2020 - 02:48:52: Info (map "de_overpass") (file "/home/tcagame/jackm1/527/csgo/addons/sourcemod/logs/errors_20201227.log")
L 12/27/2020 - 02:48:52: [SM] Fatal error encountered parsing translation file "advadmin.phrases.txt"
L 12/27/2020 - 02:48:52: [SM] Error (line 0, column 0): Stream failed to open
L 12/27/2020 - 11:50:42: Error log file session closed.
L 12/27/2020 - 11:50:42: SourceMod error session started
L 12/27/2020 - 11:50:42: Info (map "de_overpass") (file "/home/tcagame/jackm1/527/csgo/addons/sourcemod/logs/errors_20201227.log")
L 12/27/2020 - 11:50:42: [SM] Fatal error encountered parsing translation file "advadmin.phrases.txt"
L 12/27/2020 - 11:50:42: [SM] Error (line 0, column 0): Stream failed to open
L 12/27/2020 - 12:51:30: Error log file session closed.
L 12/27/2020 - 12:51:30: SourceMod error session started
L 12/27/2020 - 12:51:30: Info (map "de_overpass") (file "/home/tcagame/jackm1/527/csgo/addons/sourcemod/logs/errors_20201227.log")
L 12/27/2020 - 12:51:30: [SM] Fatal error encountered parsing translation file "advadmin.phrases.txt"
L 12/27/2020 - 12:51:30: [SM] Error (line 0, column 0): Stream failed to open
L 12/27/2020 - 12:52:26: [SM] Exception reported: Language phrase "Player_Connected_From" not found (arg 3)
L 12/27/2020 - 12:52:26: [SM] Blaming: advadmin.smx
L 12/27/2020 - 12:52:26: [SM] Call stack trace:
L 12/27/2020 - 12:52:26: [SM]   [0] VFormat
L 12/27/2020 - 12:52:26: [SM]   [1] Line 386, /groups/sourcemod/compiler-1.10/include/halflife.inc::PrintToChatAll
L 12/27/2020 - 12:52:26: [SM]   [2] Line 141, /home/groups/sourcemod/upload_tmp/phpRYtiXm.sp::OnClientAuthorized
L 12/27/2020 - 12:52:30: [SM] Exception reported: Language phrase "Player_Connected_From" not found (arg 3)
L 12/27/2020 - 12:52:30: [SM] Blaming: advadmin.smx
L 12/27/2020 - 12:52:30: [SM] Call stack trace:
L 12/27/2020 - 12:52:30: [SM]   [0] VFormat
L 12/27/2020 - 12:52:30: [SM]   [1] Line 386, /groups/sourcemod/compiler-1.10/include/halflife.inc::PrintToChatAll
L 12/27/2020 - 12:52:30: [SM]   [2] Line 141, /home/groups/sourcemod/upload_tmp/phpRYtiXm.sp::OnClientAuthorized
L 12/27/2020 - 12:53:12: [SM] Exception reported: Array index out-of-bounds (index 64, limit 55)
L 12/27/2020 - 12:53:12: [SM] Blaming: weapon_restrict.smx
L 12/27/2020 - 12:53:12: [SM] Call stack trace:
L 12/27/2020 - 12:53:12: [SM]   [1] Line 202, restrictinc/events.sp::CS_OnBuyCommand
L 12/27/2020 - 12:53:19: [SM] Exception reported: Array index out-of-bounds (index 64, limit 55)
L 12/27/2020 - 12:53:19: [SM] Blaming: weapon_restrict.smx
L 12/27/2020 - 12:53:19: [SM] Call stack trace:
L 12/27/2020 - 12:53:19: [SM]   [1] Line 202, restrictinc/events.sp::CS_OnBuyCommand
L 12/27/2020 - 12:54:27: [SM] Exception reported: Language phrase "Player_Connected_From" not found (arg 3)
L 12/27/2020 - 12:54:27: [SM] Blaming: advadmin.smx
L 12/27/2020 - 12:54:27: [SM] Call stack trace:
L 12/27/2020 - 12:54:27: [SM]   [0] VFormat
L 12/27/2020 - 12:54:27: [SM]   [1] Line 386, /groups/sourcemod/compiler-1.10/include/halflife.inc::PrintToChatAll
L 12/27/2020 - 12:54:27: [SM]   [2] Line 141, /home/groups/sourcemod/upload_tmp/phpRYtiXm.sp::OnClientAuthorized
L 12/27/2020 - 12:54:42: [SM] Exception reported: Array index out-of-bounds (index 64, limit 55)
L 12/27/2020 - 12:54:42: [SM] Blaming: weapon_restrict.smx
L 12/27/2020 - 12:54:42: [SM] Call stack trace:
L 12/27/2020 - 12:54:42: [SM]   [1] Line 202, restrictinc/events.sp::CS_OnBuyCommand
L 12/27/2020 - 12:54:49: [SM] Exception reported: Array index out-of-bounds (index 64, limit 55)
L 12/27/2020 - 12:54:49: [SM] Blaming: weapon_restrict.smx
L 12/27/2020 - 12:54:49: [SM] Call stack trace:
L 12/27/2020 - 12:54:49: [SM]   [1] Line 202, restrictinc/events.sp::CS_OnBuyCommand
L 12/27/2020 - 12:55:27: [SM] Exception reported: Array index out-of-bounds (index 64, limit 55)
L 12/27/2020 - 12:55:27: [SM] Blaming: weapon_restrict.smx
L 12/27/2020 - 12:55:27: [SM] Call stack trace:
L 12/27/2020 - 12:55:27: [SM]   [1] Line 202, restrictinc/events.sp::CS_OnBuyCommand
L 12/27/2020 - 12:55:38: [SM] Exception reported: Array index out-of-bounds (index 64, limit 55)
L 12/27/2020 - 12:55:38: [SM] Blaming: weapon_restrict.smx
L 12/27/2020 - 12:55:38: [SM] Call stack trace:
L 12/27/2020 - 12:55:38: [SM]   [1] Line 202, restrictinc/events.sp::CS_OnBuyCommand
L 12/27/2020 - 12:55:41: [SM] Exception reported: Array index out-of-bounds (index 64, limit 55)
L 12/27/2020 - 12:55:41: [SM] Blaming: weapon_restrict.smx
L 12/27/2020 - 12:55:41: [SM] Call stack trace:
L 12/27/2020 - 12:55:41: [SM]   [1] Line 202, restrictinc/events.sp::CS_OnBuyCommand
L 12/27/2020 - 12:55:54: [SM] Exception reported: Array index out-of-bounds (index 64, limit 55)
L 12/27/2020 - 12:55:54: [SM] Blaming: weapon_restrict.smx
L 12/27/2020 - 12:55:54: [SM] Call stack trace:
L 12/27/2020 - 12:55:54: [SM]   [1] Line 202, restrictinc/events.sp::CS_OnBuyCommand
L 12/27/2020 - 12:55:55: [SM] Exception reported: Array index out-of-bounds (index 63, limit 55)
L 12/27/2020 - 12:55:55: [SM] Blaming: weapon_restrict.smx
L 12/27/2020 - 12:55:55: [SM] Call stack trace:
L 12/27/2020 - 12:55:55: [SM]   [1] Line 202, restrictinc/events.sp::CS_OnBuyCommand
L 12/27/2020 - 13:02:32: [SM] Exception reported: Array index out-of-bounds (index 64, limit 55)
L 12/27/2020 - 13:02:32: [SM] Blaming: weapon_restrict.smx
L 12/27/2020 - 13:02:32: [SM] Call stack trace:
L 12/27/2020 - 13:02:32: [SM]   [1] Line 202, restrictinc/events.sp::CS_OnBuyCommand
L 12/27/2020 - 13:02:43: [SM] Exception reported: Array index out-of-bounds (index 64, limit 55)
L 12/27/2020 - 13:02:43: [SM] Blaming: weapon_restrict.smx
L 12/27/2020 - 13:02:43: [SM] Call stack trace:
L 12/27/2020 - 13:02:43: [SM]   [1] Line 202, restrictinc/events.sp::CS_OnBuyCommand
L 12/27/2020 - 13:03:54: [SM] Exception reported: Array index out-of-bounds (index 64, limit 55)
L 12/27/2020 - 13:03:54: [SM] Blaming: weapon_restrict.smx
L 12/27/2020 - 13:03:54: [SM] Call stack trace:
L 12/27/2020 - 13:03:54: [SM]   [1] Line 202, restrictinc/events.sp::CS_OnBuyCommand
L 12/27/2020 - 13:03:55: [SM] Exception reported: Array index out-of-bounds (index 64, limit 55)
L 12/27/2020 - 13:03:55: [SM] Blaming: weapon_restrict.smx
L 12/27/2020 - 13:03:55: [SM] Call stack trace:
L 12/27/2020 - 13:03:55: [SM]   [1] Line 202, restrictinc/events.sp::CS_OnBuyCommand
L 12/27/2020 - 13:04:39: [SM] Exception reported: Array index out-of-bounds (index 64, limit 55)
L 12/27/2020 - 13:04:39: [SM] Blaming: weapon_restrict.smx
L 12/27/2020 - 13:04:39: [SM] Call stack trace:
L 12/27/2020 - 13:04:39: [SM]   [1] Line 202, restrictinc/events.sp::CS_OnBuyCommand
L 12/27/2020 - 13:10:02: Error log file session closed.
L 12/27/2020 - 13:10:02: SourceMod error session started
L 12/27/2020 - 13:10:02: Info (map "de_inferno") (file "/home/tcagame/jackm1/527/csgo/addons/sourcemod/logs/errors_20201227.log")
L 12/27/2020 - 13:10:02: [SM] Fatal error encountered parsing translation file "advadmin.phrases.txt"
L 12/27/2020 - 13:10:02: [SM] Error (line 0, column 0): Stream failed to open
L 12/27/2020 - 13:10:32: [SM] Exception reported: Language phrase "Player_Connected" not found (arg 3)
L 12/27/2020 - 13:10:32: [SM] Blaming: advadmin.smx
L 12/27/2020 - 13:10:32: [SM] Call stack trace:
L 12/27/2020 - 13:10:32: [SM]   [0] VFormat
L 12/27/2020 - 13:10:32: [SM]   [1] Line 386, /groups/sourcemod/compiler-1.10/include/halflife.inc::PrintToChatAll
L 12/27/2020 - 13:10:32: [SM]   [2] Line 145, /home/groups/sourcemod/upload_tmp/phpRYtiXm.sp::OnClientAuthorized
L 12/27/2020 - 13:10:39: [SM] Exception reported: Language phrase "Player_Connected" not found (arg 3)
L 12/27/2020 - 13:10:39: [SM] Blaming: advadmin.smx
L 12/27/2020 - 13:10:39: [SM] Call stack trace:
L 12/27/2020 - 13:10:39: [SM]   [0] VFormat
L 12/27/2020 - 13:10:39: [SM]   [1] Line 386, /groups/sourcemod/compiler-1.10/include/halflife.inc::PrintToChatAll
L 12/27/2020 - 13:10:39: [SM]   [2] Line 145, /home/groups/sourcemod/upload_tmp/phpRYtiXm.sp::OnClientAuthorized
L 12/27/2020 - 13:10:40: [SM] Exception reported: Language phrase "Player_Connected" not found (arg 3)
L 12/27/2020 - 13:10:40: [SM] Blaming: advadmin.smx
L 12/27/2020 - 13:10:40: [SM] Call stack trace:
L 12/27/2020 - 13:10:40: [SM]   [0] VFormat
L 12/27/2020 - 13:10:40: [SM]   [1] Line 386, /groups/sourcemod/compiler-1.10/include/halflife.inc::PrintToChatAll
L 12/27/2020 - 13:10:40: [SM]   [2] Line 145, /home/groups/sourcemod/upload_tmp/phpRYtiXm.sp::OnClientAuthorized
L 12/27/2020 - 13:12:10: [SM] Exception reported: Array index out-of-bounds (index 64, limit 55)
L 12/27/2020 - 13:12:10: [SM] Blaming: weapon_restrict.smx
L 12/27/2020 - 13:12:10: [SM] Call stack trace:
L 12/27/2020 - 13:12:10: [SM]   [1] Line 202, restrictinc/events.sp::CS_OnBuyCommand
L 12/27/2020 - 13:13:25: [SM] Exception reported: Array index out-of-bounds (index 64, limit 55)
L 12/27/2020 - 13:13:25: [SM] Blaming: weapon_restrict.smx
L 12/27/2020 - 13:13:25: [SM] Call stack trace:
L 12/27/2020 - 13:13:25: [SM]   [1] Line 202, restrictinc/events.sp::CS_OnBuyCommand
L 12/27/2020 - 13:13:30: [SM] Exception reported: Array index out-of-bounds (index 64, limit 55)
L 12/27/2020 - 13:13:30: [SM] Blaming: weapon_restrict.smx
L 12/27/2020 - 13:13:30: [SM] Call stack trace:
L 12/27/2020 - 13:13:30: [SM]   [1] Line 202, restrictinc/events.sp::CS_OnBuyCommand
L 12/27/2020 - 13:13:31: [SM] Exception reported: Array index out-of-bounds (index 64, limit 55)
L 12/27/2020 - 13:13:31: [SM] Blaming: weapon_restrict.smx
L 12/27/2020 - 13:13:31: [SM] Call stack trace:
L 12/27/2020 - 13:13:31: [SM]   [1] Line 202, restrictinc/events.sp::CS_OnBuyCommand
L 12/27/2020 - 13:14:47: [SM] Exception reported: Array index out-of-bounds (index 64, limit 55)
L 12/27/2020 - 13:14:47: [SM] Blaming: weapon_restrict.smx
L 12/27/2020 - 13:14:47: [SM] Call stack trace:
L 12/27/2020 - 13:14:47: [SM]   [1] Line 202, restrictinc/events.sp::CS_OnBuyCommand
L 12/27/2020 - 13:14:48: [SM] Exception reported: Array index out-of-bounds (index 64, limit 55)
L 12/27/2020 - 13:14:48: [SM] Blaming: weapon_restrict.smx
L 12/27/2020 - 13:14:48: [SM] Call stack trace:
L 12/27/2020 - 13:14:48: [SM]   [1] Line 202, restrictinc/events.sp::CS_OnBuyCommand
L 12/27/2020 - 13:15:35: [SM] Exception reported: Array index out-of-bounds (index 64, limit 55)
L 12/27/2020 - 13:15:35: [SM] Blaming: weapon_restrict.smx
L 12/27/2020 - 13:15:35: [SM] Call stack trace:
L 12/27/2020 - 13:15:35: [SM]   [1] Line 202, restrictinc/events.sp::CS_OnBuyCommand
L 12/27/2020 - 13:21:08: [SM] Exception reported: Array index out-of-bounds (index 64, limit 55)
L 12/27/2020 - 13:21:08: [SM] Blaming: weapon_restrict.smx
L 12/27/2020 - 13:21:08: [SM] Call stack trace:
L 12/27/2020 - 13:21:08: [SM]   [1] Line 202, restrictinc/events.sp::CS_OnBuyCommand
L 12/27/2020 - 13:22:26: [SM] Exception reported: Array index out-of-bounds (index 64, limit 55)
L 12/27/2020 - 13:22:26: [SM] Blaming: weapon_restrict.smx
L 12/27/2020 - 13:22:26: [SM] Call stack trace:
L 12/27/2020 - 13:22:26: [SM]   [1] Line 202, restrictinc/events.sp::CS_OnBuyCommand
L 12/27/2020 - 13:28:16: [SM] Exception reported: Array index out-of-bounds (index 64, limit 55)
L 12/27/2020 - 13:28:16: [SM] Blaming: weapon_restrict.smx
L 12/27/2020 - 13:28:16: [SM] Call stack trace:
L 12/27/2020 - 13:28:16: [SM]   [1] Line 202, restrictinc/events.sp::CS_OnBuyCommand
L 12/27/2020 - 13:28:18: [SM] Exception reported: Array index out-of-bounds (index 64, limit 55)
L 12/27/2020 - 13:28:18: [SM] Blaming: weapon_restrict.smx
L 12/27/2020 - 13:28:18: [SM] Call stack trace:
L 12/27/2020 - 13:28:18: [SM]   [1] Line 202, restrictinc/events.sp::CS_OnBuyCommand
L 12/27/2020 - 13:29:36: [SM] Exception reported: Array index out-of-bounds (index 64, limit 55)
L 12/27/2020 - 13:29:36: [SM] Blaming: weapon_restrict.smx
L 12/27/2020 - 13:29:36: [SM] Call stack trace:
L 12/27/2020 - 13:29:36: [SM]   [1] Line 202, restrictinc/events.sp::CS_OnBuyCommand
L 12/27/2020 - 13:30:33: [SM] Exception reported: Array index out-of-bounds (index 64, limit 55)
L 12/27/2020 - 13:30:33: [SM] Blaming: weapon_restrict.smx
L 12/27/2020 - 13:30:33: [SM] Call stack trace:
L 12/27/2020 - 13:30:33: [SM]   [1] Line 202, restrictinc/events.sp::CS_OnBuyCommand
L 12/27/2020 - 13:31:26: [SM] Exception reported: Language phrase "Player_Connected_From" not found (arg 3)
L 12/27/2020 - 13:31:26: [SM] Blaming: advadmin.smx
L 12/27/2020 - 13:31:26: [SM] Call stack trace:
L 12/27/2020 - 13:31:26: [SM]   [0] VFormat
L 12/27/2020 - 13:31:26: [SM]   [1] Line 386, /groups/sourcemod/compiler-1.10/include/halflife.inc::PrintToChatAll
L 12/27/2020 - 13:31:26: [SM]   [2] Line 141, /home/groups/sourcemod/upload_tmp/phpRYtiXm.sp::OnClientAuthorized
L 12/27/2020 - 13:33:18: [SM] Exception reported: Language phrase "Player_Connected_From" not found (arg 3)
L 12/27/2020 - 13:33:18: [SM] Blaming: advadmin.smx
L 12/27/2020 - 13:33:18: [SM] Call stack trace:
L 12/27/2020 - 13:33:18: [SM]   [0] VFormat
L 12/27/2020 - 13:33:18: [SM]   [1] Line 386, /groups/sourcemod/compiler-1.10/include/halflife.inc::PrintToChatAll
L 12/27/2020 - 13:33:18: [SM]   [2] Line 141, /home/groups/sourcemod/upload_tmp/phpRYtiXm.sp::OnClientAuthorized
L 12/27/2020 - 13:34:37: [SM] Exception reported: Language phrase "Player_Connected_From" not found (arg 3)
L 12/27/2020 - 13:34:37: [SM] Blaming: advadmin.smx
L 12/27/2020 - 13:34:37: [SM] Call stack trace:
L 12/27/2020 - 13:34:37: [SM]   [0] VFormat
L 12/27/2020 - 13:34:37: [SM]   [1] Line 386, /groups/sourcemod/compiler-1.10/include/halflife.inc::PrintToChatAll
L 12/27/2020 - 13:34:37: [SM]   [2] Line 141, /home/groups/sourcemod/upload_tmp/phpRYtiXm.sp::OnClientAuthorized
L 12/27/2020 - 13:35:22: [SM] Exception reported: Array index out-of-bounds (index 64, limit 55)
L 12/27/2020 - 13:35:22: [SM] Blaming: weapon_restrict.smx
L 12/27/2020 - 13:35:22: [SM] Call stack trace:
L 12/27/2020 - 13:35:22: [SM]   [1] Line 202, restrictinc/events.sp::CS_OnBuyCommand
L 12/27/2020 - 13:35:35: [SM] Exception reported: Language phrase "Player_Connected_From" not found (arg 3)
L 12/27/2020 - 13:35:35: [SM] Blaming: advadmin.smx
L 12/27/2020 - 13:35:35: [SM] Call stack trace:
L 12/27/2020 - 13:35:35: [SM]   [0] VFormat
L 12/27/2020 - 13:35:35: [SM]   [1] Line 386, /groups/sourcemod/compiler-1.10/include/halflife.inc::PrintToChatAll
L 12/27/2020 - 13:35:35: [SM]   [2] Line 141, /home/groups/sourcemod/upload_tmp/phpRYtiXm.sp::OnClientAuthorized
L 12/27/2020 - 13:36:03: [SM] Exception reported: Array index out-of-bounds (index 64, limit 55)
L 12/27/2020 - 13:36:03: [SM] Blaming: weapon_restrict.smx
L 12/27/2020 - 13:36:03: [SM] Call stack trace:
L 12/27/2020 - 13:36:03: [SM]   [1] Line 202, restrictinc/events.sp::CS_OnBuyCommand
L 12/27/2020 - 13:36:59: [SM] Exception reported: Array index out-of-bounds (index 64, limit 55)
L 12/27/2020 - 13:36:59: [SM] Blaming: weapon_restrict.smx
L 12/27/2020 - 13:36:59: [SM] Call stack trace:
L 12/27/2020 - 13:36:59: [SM]   [1] Line 202, restrictinc/events.sp::CS_OnBuyCommand
L 12/27/2020 - 13:38:15: [SM] Exception reported: Language phrase "Player_Connected_From" not found (arg 3)
L 12/27/2020 - 13:38:15: [SM] Blaming: advadmin.smx
L 12/27/2020 - 13:38:15: [SM] Call stack trace:
L 12/27/2020 - 13:38:15: [SM]   [0] VFormat
L 12/27/2020 - 13:38:15: [SM]   [1] Line 386, /groups/sourcemod/compiler-1.10/include/halflife.inc::PrintToChatAll
L 12/27/2020 - 13:38:15: [SM]   [2] Line 141, /home/groups/sourcemod/upload_tmp/phpRYtiXm.sp::OnClientAuthorized
L 12/27/2020 - 13:38:21: [SM] Exception reported: Array index out-of-bounds (index 64, limit 55)
L 12/27/2020 - 13:38:21: [SM] Blaming: weapon_restrict.smx
L 12/27/2020 - 13:38:21: [SM] Call stack trace:
L 12/27/2020 - 13:38:21: [SM]   [1] Line 202, restrictinc/events.sp::CS_OnBuyCommand
L 12/27/2020 - 13:38:23: [SM] Exception reported: Array index out-of-bounds (index 64, limit 55)
L 12/27/2020 - 13:38:23: [SM] Blaming: weapon_restrict.smx
L 12/27/2020 - 13:38:23: [SM] Call stack trace:
L 12/27/2020 - 13:38:23: [SM]   [1] Line 202, restrictinc/events.sp::CS_OnBuyCommand
L 12/27/2020 - 13:38:25: [SM] Exception reported: Language phrase "Player_Connected" not found (arg 3)
L 12/27/2020 - 13:38:25: [SM] Blaming: advadmin.smx
L 12/27/2020 - 13:38:25: [SM] Call stack trace:
L 12/27/2020 - 13:38:25: [SM]   [0] VFormat
L 12/27/2020 - 13:38:25: [SM]   [1] Line 386, /groups/sourcemod/compiler-1.10/include/halflife.inc::PrintToChatAll
L 12/27/2020 - 13:38:25: [SM]   [2] Line 145, /home/groups/sourcemod/upload_tmp/phpRYtiXm.sp::OnClientAuthorized
L 12/27/2020 - 13:38:31: Error log file session closed.
L 12/27/2020 - 13:38:31: SourceMod error session started
L 12/27/2020 - 13:38:31: Info (map "de_mirage") (file "/home/tcagame/jackm1/527/csgo/addons/sourcemod/logs/errors_20201227.log")
L 12/27/2020 - 13:38:31: [SM] Fatal error encountered parsing translation file "advadmin.phrases.txt"
L 12/27/2020 - 13:38:31: [SM] Error (line 0, column 0): Stream failed to open
L 12/27/2020 - 13:38:46: [SM] Exception reported: Array index out-of-bounds (index 64, limit 55)
L 12/27/2020 - 13:38:46: [SM] Blaming: weapon_restrict.smx
L 12/27/2020 - 13:38:46: [SM] Call stack trace:
L 12/27/2020 - 13:38:46: [SM]   [1] Line 202, restrictinc/events.sp::CS_OnBuyCommand
L 12/27/2020 - 13:38:56: [SM] Exception reported: Array index out-of-bounds (index 64, limit 55)
L 12/27/2020 - 13:38:56: [SM] Blaming: weapon_restrict.smx
L 12/27/2020 - 13:38:56: [SM] Call stack trace:
L 12/27/2020 - 13:38:56: [SM]   [1] Line 202, restrictinc/events.sp::CS_OnBuyCommand
L 12/27/2020 - 13:38:57: [SM] Exception reported: Array index out-of-bounds (index 64, limit 55)
L 12/27/2020 - 13:38:57: [SM] Blaming: weapon_restrict.smx
L 12/27/2020 - 13:38:57: [SM] Call stack trace:
L 12/27/2020 - 13:38:57: [SM]   [1] Line 202, restrictinc/events.sp::CS_OnBuyCommand
L 12/27/2020 - 13:38:57: [SM] Exception reported: Array index out-of-bounds (index 64, limit 55)
L 12/27/2020 - 13:38:57: [SM] Blaming: weapon_restrict.smx
L 12/27/2020 - 13:38:57: [SM] Call stack trace:
L 12/27/2020 - 13:38:57: [SM]   [1] Line 202, restrictinc/events.sp::CS_OnBuyCommand
L 12/27/2020 - 13:39:29: [SM] Exception reported: Array index out-of-bounds (index 64, limit 55)
L 12/27/2020 - 13:39:29: [SM] Blaming: weapon_restrict.smx
L 12/27/2020 - 13:39:29: [SM] Call stack trace:
L 12/27/2020 - 13:39:29: [SM]   [1] Line 202, restrictinc/events.sp::CS_OnBuyCommand
L 12/27/2020 - 13:39:41: [SM] Exception reported: Array index out-of-bounds (index 64, limit 55)
L 12/27/2020 - 13:39:41: [SM] Blaming: weapon_restrict.smx
L 12/27/2020 - 13:39:41: [SM] Call stack trace:
L 12/27/2020 - 13:39:41: [SM]   [1] Line 202, restrictinc/events.sp::CS_OnBuyCommand
L 12/27/2020 - 13:39:43: [SM] Exception reported: Array index out-of-bounds (index 64, limit 55)
L 12/27/2020 - 13:39:43: [SM] Blaming: weapon_restrict.smx
L 12/27/2020 - 13:39:43: [SM] Call stack trace:
L 12/27/2020 - 13:39:43: [SM]   [1] Line 202, restrictinc/events.sp::CS_OnBuyCommand
L 12/27/2020 - 13:39:52: [SM] Exception reported: Array index out-of-bounds (index 64, limit 55)
L 12/27/2020 - 13:39:52: [SM] Blaming: weapon_restrict.smx
L 12/27/2020 - 13:39:52: [SM] Call stack trace:
L 12/27/2020 - 13:39:52: [SM]   [1] Line 202, restrictinc/events.sp::CS_OnBuyCommand
L 12/27/2020 - 13:39:55: [SM] Exception reported: Array index out-of-bounds (index 64, limit 55)
L 12/27/2020 - 13:39:55: [SM] Blaming: weapon_restrict.smx
L 12/27/2020 - 13:39:55: [SM] Call stack trace:
L 12/27/2020 - 13:39:55: [SM]   [1] Line 202, restrictinc/events.sp::CS_OnBuyCommand
L 12/27/2020 - 13:41:04: [SM] Exception reported: Array index out-of-bounds (index 64, limit 55)
L 12/27/2020 - 13:41:04: [SM] Blaming: weapon_restrict.smx
L 12/27/2020 - 13:41:04: [SM] Call stack trace:
L 12/27/2020 - 13:41:04: [SM]   [1] Line 202, restrictinc/events.sp::CS_OnBuyCommand
L 12/27/2020 - 13:41:26: [SM] Exception reported: Array index out-of-bounds (index 64, limit 55)
L 12/27/2020 - 13:41:26: [SM] Blaming: weapon_restrict.smx
L 12/27/2020 - 13:41:26: [SM] Call stack trace:
L 12/27/2020 - 13:41:26: [SM]   [1] Line 202, restrictinc/events.sp::CS_OnBuyCommand
L 12/27/2020 - 13:41:42: [SM] Exception reported: Array index out-of-bounds (index 64, limit 55)
L 12/27/2020 - 13:41:42: [SM] Blaming: weapon_restrict.smx
L 12/27/2020 - 13:41:42: [SM] Call stack trace:
L 12/27/2020 - 13:41:42: [SM]   [1] Line 202, restrictinc/events.sp::CS_OnBuyCommand
L 12/27/2020 - 13:41:45: [SM] Exception reported: Array index out-of-bounds (index 64, limit 55)
L 12/27/2020 - 13:41:45: [SM] Blaming: weapon_restrict.smx
L 12/27/2020 - 13:41:45: [SM] Call stack trace:
L 12/27/2020 - 13:41:45: [SM]   [1] Line 202, restrictinc/events.sp::CS_OnBuyCommand
L 12/27/2020 - 13:42:05: [SM] Exception reported: Array index out-of-bounds (index 64, limit 55)
L 12/27/2020 - 13:42:05: [SM] Blaming: weapon_restrict.smx
L 12/27/2020 - 13:42:05: [SM] Call stack trace:
L 12/27/2020 - 13:42:05: [SM]   [1] Line 202, restrictinc/events.sp::CS_OnBuyCommand
L 12/27/2020 - 13:42:34: [SM] Exception reported: Array index out-of-bounds (index 64, limit 55)
L 12/27/2020 - 13:42:34: [SM] Blaming: weapon_restrict.smx
L 12/27/2020 - 13:42:34: [SM] Call stack trace:
L 12/27/2020 - 13:42:34: [SM]   [1] Line 202, restrictinc/events.sp::CS_OnBuyCommand
L 12/27/2020 - 13:42:53: [SM] Exception reported: Array index out-of-bounds (index 64, limit 55)
L 12/27/2020 - 13:42:53: [SM] Blaming: weapon_restrict.smx
L 12/27/2020 - 13:42:53: [SM] Call stack trace:
L 12/27/2020 - 13:42:53: [SM]   [1] Line 202, restrictinc/events.sp::CS_OnBuyCommand
L 12/27/2020 - 13:43:55: [SM] Exception reported: Array index out-of-bounds (index 64, limit 55)
L 12/27/2020 - 13:43:55: [SM] Blaming: weapon_restrict.smx
L 12/27/2020 - 13:43:55: [SM] Call stack trace:
L 12/27/2020 - 13:43:55: [SM]   [1] Line 202, restrictinc/events.sp::CS_OnBuyCommand
L 12/27/2020 - 13:44:56: [SM] Exception reported: Array index out-of-bounds (index 64, limit 55)
L 12/27/2020 - 13:44:56: [SM] Blaming: weapon_restrict.smx
L 12/27/2020 - 13:44:56: [SM] Call stack trace:
L 12/27/2020 - 13:44:56: [SM]   [1] Line 202, restrictinc/events.sp::CS_OnBuyCommand
L 12/27/2020 - 13:46:06: [SM] Exception reported: Array index out-of-bounds (index 64, limit 55)
L 12/27/2020 - 13:46:06: [SM] Blaming: weapon_restrict.smx
L 12/27/2020 - 13:46:06: [SM] Call stack trace:
L 12/27/2020 - 13:46:06: [SM]   [1] Line 202, restrictinc/events.sp::CS_OnBuyCommand
L 12/27/2020 - 13:47:30: [SM] Exception reported: Array index out-of-bounds (index 64, limit 55)
L 12/27/2020 - 13:47:30: [SM] Blaming: weapon_restrict.smx
L 12/27/2020 - 13:47:30: [SM] Call stack trace:
L 12/27/2020 - 13:47:30: [SM]   [1] Line 202, restrictinc/events.sp::CS_OnBuyCommand
L 12/27/2020 - 13:48:31: [SM] Exception reported: Array index out-of-bounds (index 64, limit 55)
L 12/27/2020 - 13:48:31: [SM] Blaming: weapon_restrict.smx
L 12/27/2020 - 13:48:31: [SM] Call stack trace:
L 12/27/2020 - 13:48:31: [SM]   [1] Line 202, restrictinc/events.sp::CS_OnBuyCommand
L 12/27/2020 - 13:49:01: [SM] Exception reported: Array index out-of-bounds (index 64, limit 55)
L 12/27/2020 - 13:49:01: [SM] Blaming: weapon_restrict.smx
L 12/27/2020 - 13:49:01: [SM] Call stack trace:
L 12/27/2020 - 13:49:01: [SM]   [1] Line 202, restrictinc/events.sp::CS_OnBuyCommand
L 12/27/2020 - 13:49:09: [SM] Exception reported: Array index out-of-bounds (index 64, limit 55)
L 12/27/2020 - 13:49:09: [SM] Blaming: weapon_restrict.smx
L 12/27/2020 - 13:49:09: [SM] Call stack trace:
L 12/27/2020 - 13:49:09: [SM]   [1] Line 202, restrictinc/events.sp::CS_OnBuyCommand
L 12/27/2020 - 13:50:09: [SM] Exception reported: Array index out-of-bounds (index 64, limit 55)
L 12/27/2020 - 13:50:09: [SM] Blaming: weapon_restrict.smx
L 12/27/2020 - 13:50:09: [SM] Call stack trace:
L 12/27/2020 - 13:50:09: [SM]   [1] Line 202, restrictinc/events.sp::CS_OnBuyCommand
L 12/27/2020 - 13:50:52: [SM] Exception reported: Array index out-of-bounds (index 64, limit 55)
L 12/27/2020 - 13:50:52: [SM] Blaming: weapon_restrict.smx
L 12/27/2020 - 13:50:52: [SM] Call stack trace:
L 12/27/2020 - 13:50:52: [SM]   [1] Line 202, restrictinc/events.sp::CS_OnBuyCommand
L 12/27/2020 - 13:51:35: [SM] Exception reported: Array index out-of-bounds (index 64, limit 55)
L 12/27/2020 - 13:51:35: [SM] Blaming: weapon_restrict.smx
L 12/27/2020 - 13:51:35: [SM] Call stack trace:
L 12/27/2020 - 13:51:35: [SM]   [1] Line 202, restrictinc/events.sp::CS_OnBuyCommand
L 12/27/2020 - 13:52:39: [SM] Exception reported: Language phrase "Player_Connected" not found (arg 3)
L 12/27/2020 - 13:52:39: [SM] Blaming: advadmin.smx
L 12/27/2020 - 13:52:39: [SM] Call stack trace:
L 12/27/2020 - 13:52:39: [SM]   [0] VFormat
L 12/27/2020 - 13:52:39: [SM]   [1] Line 386, /groups/sourcemod/compiler-1.10/include/halflife.inc::PrintToChatAll
L 12/27/2020 - 13:52:39: [SM]   [2] Line 145, /home/groups/sourcemod/upload_tmp/phpRYtiXm.sp::OnClientAuthorized
L 12/27/2020 - 13:53:09: [SM] Exception reported: Language phrase "Player_Connected_From" not found (arg 3)
L 12/27/2020 - 13:53:09: [SM] Blaming: advadmin.smx
L 12/27/2020 - 13:53:09: [SM] Call stack trace:
L 12/27/2020 - 13:53:09: [SM]   [0] VFormat
L 12/27/2020 - 13:53:09: [SM]   [1] Line 386, /groups/sourcemod/compiler-1.10/include/halflife.inc::PrintToChatAll
L 12/27/2020 - 13:53:09: [SM]   [2] Line 141, /home/groups/sourcemod/upload_tmp/phpRYtiXm.sp::OnClientAuthorized
L 12/27/2020 - 13:53:19: [SM] Exception reported: Array index out-of-bounds (index 64, limit 55)
L 12/27/2020 - 13:53:19: [SM] Blaming: weapon_restrict.smx
L 12/27/2020 - 13:53:19: [SM] Call stack trace:
L 12/27/2020 - 13:53:19: [SM]   [1] Line 202, restrictinc/events.sp::CS_OnBuyCommand
L 12/27/2020 - 13:55:07: [SM] Exception reported: Array index out-of-bounds (index 64, limit 55)
L 12/27/2020 - 13:55:07: [SM] Blaming: weapon_restrict.smx
L 12/27/2020 - 13:55:07: [SM] Call stack trace:
L 12/27/2020 - 13:55:07: [SM]   [1] Line 202, restrictinc/events.sp::CS_OnBuyCommand
L 12/27/2020 - 13:59:22: [SM] Exception reported: Array index out-of-bounds (index 64, limit 55)
L 12/27/2020 - 13:59:22: [SM] Blaming: weapon_restrict.smx
L 12/27/2020 - 13:59:22: [SM] Call stack trace:
L 12/27/2020 - 13:59:22: [SM]   [1] Line 202, restrictinc/events.sp::CS_OnBuyCommand
L 12/27/2020 - 14:00:31: [SM] Exception reported: Array index out-of-bounds (index 64, limit 55)
L 12/27/2020 - 14:00:31: [SM] Blaming: weapon_restrict.smx
L 12/27/2020 - 14:00:31: [SM] Call stack trace:
L 12/27/2020 - 14:00:31: [SM]   [1] Line 202, restrictinc/events.sp::CS_OnBuyCommand
L 12/27/2020 - 14:01:18: [SM] Exception reported: Array index out-of-bounds (index 64, limit 55)
L 12/27/2020 - 14:01:18: [SM] Blaming: weapon_restrict.smx
L 12/27/2020 - 14:01:18: [SM] Call stack trace:
L 12/27/2020 - 14:01:18: [SM]   [1] Line 202, restrictinc/events.sp::CS_OnBuyCommand
L 12/27/2020 - 14:01:38: [SM] Exception reported: Array index out-of-bounds (index 64, limit 55)
L 12/27/2020 - 14:01:38: [SM] Blaming: weapon_restrict.smx
L 12/27/2020 - 14:01:38: [SM] Call stack trace:
L 12/27/2020 - 14:01:38: [SM]   [1] Line 202, restrictinc/events.sp::CS_OnBuyCommand
L 12/27/2020 - 14:01:48: [SM] Exception reported: Array index out-of-bounds (index 64, limit 55)
L 12/27/2020 - 14:01:48: [SM] Blaming: weapon_restrict.smx
L 12/27/2020 - 14:01:48: [SM] Call stack trace:
L 12/27/2020 - 14:01:48: [SM]   [1] Line 202, restrictinc/events.sp::CS_OnBuyCommand
L 12/27/2020 - 14:02:07: [SM] Exception reported: Array index out-of-bounds (index 64, limit 55)
L 12/27/2020 - 14:02:07: [SM] Blaming: weapon_restrict.smx
L 12/27/2020 - 14:02:07: [SM] Call stack trace:
L 12/27/2020 - 14:02:07: [SM]   [1] Line 202, restrictinc/events.sp::CS_OnBuyCommand
L 12/27/2020 - 14:02:53: [SM] Exception reported: Array index out-of-bounds (index 64, limit 55)
L 12/27/2020 - 14:02:53: [SM] Blaming: weapon_restrict.smx
L 12/27/2020 - 14:02:53: [SM] Call stack trace:
L 12/27/2020 - 14:02:53: [SM]   [1] Line 202, restrictinc/events.sp::CS_OnBuyCommand
L 12/27/2020 - 14:03:08: [SM] Exception reported: Array index out-of-bounds (index 64, limit 55)
L 12/27/2020 - 14:03:08: [SM] Blaming: weapon_restrict.smx
L 12/27/2020 - 14:03:08: [SM] Call stack trace:
L 12/27/2020 - 14:03:08: [SM]   [1] Line 202, restrictinc/events.sp::CS_OnBuyCommand
L 12/27/2020 - 14:03:38: [SM] Exception reported: Array index out-of-bounds (index 64, limit 55)
L 12/27/2020 - 14:03:38: [SM] Blaming: weapon_restrict.smx
L 12/27/2020 - 14:03:38: [SM] Call stack trace:
L 12/27/2020 - 14:03:38: [SM]   [1] Line 202, restrictinc/events.sp::CS_OnBuyCommand
L 12/27/2020 - 14:03:56: [SM] Exception reported: Array index out-of-bounds (index 64, limit 55)
L 12/27/2020 - 14:03:56: [SM] Blaming: weapon_restrict.smx
L 12/27/2020 - 14:03:56: [SM] Call stack trace:
L 12/27/2020 - 14:03:56: [SM]   [1] Line 202, restrictinc/events.sp::CS_OnBuyCommand
L 12/27/2020 - 14:04:13: [SM] Exception reported: Array index out-of-bounds (index 64, limit 55)
L 12/27/2020 - 14:04:13: [SM] Blaming: weapon_restrict.smx
L 12/27/2020 - 14:04:13: [SM] Call stack trace:
L 12/27/2020 - 14:04:13: [SM]   [1] Line 202, restrictinc/events.sp::CS_OnBuyCommand
L 12/27/2020 - 14:04:41: [SM] Exception reported: Array index out-of-bounds (index 64, limit 55)
L 12/27/2020 - 14:04:41: [SM] Blaming: weapon_restrict.smx
L 12/27/2020 - 14:04:41: [SM] Call stack trace:
L 12/27/2020 - 14:04:41: [SM]   [1] Line 202, restrictinc/events.sp::CS_OnBuyCommand
L 12/27/2020 - 14:05:02: [SM] Exception reported: Array index out-of-bounds (index 64, limit 55)
L 12/27/2020 - 14:05:02: [SM] Blaming: weapon_restrict.smx
L 12/27/2020 - 14:05:02: [SM] Call stack trace:
L 12/27/2020 - 14:05:02: [SM]   [1] Line 202, restrictinc/events.sp::CS_OnBuyCommand
L 12/27/2020 - 14:05:15: [SM] Exception reported: Array index out-of-bounds (index 64, limit 55)
L 12/27/2020 - 14:05:15: [SM] Blaming: weapon_restrict.smx
L 12/27/2020 - 14:05:15: [SM] Call stack trace:
L 12/27/2020 - 14:05:15: [SM]   [1] Line 202, restrictinc/events.sp::CS_OnBuyCommand
L 12/27/2020 - 14:05:29: [SM] Exception reported: Array index out-of-bounds (index 64, limit 55)
L 12/27/2020 - 14:05:29: [SM] Blaming: weapon_restrict.smx
L 12/27/2020 - 14:05:29: [SM] Call stack trace:
L 12/27/2020 - 14:05:29: [SM]   [1] Line 202, restrictinc/events.sp::CS_OnBuyCommand
L 12/27/2020 - 14:05:48: [SM] Exception reported: Array index out-of-bounds (index 64, limit 55)
L 12/27/2020 - 14:05:48: [SM] Blaming: weapon_restrict.smx
L 12/27/2020 - 14:05:48: [SM] Call stack trace:
L 12/27/2020 - 14:05:48: [SM]   [1] Line 202, restrictinc/events.sp::CS_OnBuyCommand
L 12/27/2020 - 14:06:21: [SM] Exception reported: Array index out-of-bounds (index 64, limit 55)
L 12/27/2020 - 14:06:21: [SM] Blaming: weapon_restrict.smx
L 12/27/2020 - 14:06:21: [SM] Call stack trace:
L 12/27/2020 - 14:06:21: [SM]   [1] Line 202, restrictinc/events.sp::CS_OnBuyCommand
L 12/27/2020 - 14:06:53: [SM] Exception reported: Array index out-of-bounds (index 64, limit 55)
L 12/27/2020 - 14:06:53: [SM] Blaming: weapon_restrict.smx
L 12/27/2020 - 14:06:53: [SM] Call stack trace:
L 12/27/2020 - 14:06:53: [SM]   [1] Line 202, restrictinc/events.sp::CS_OnBuyCommand
L 12/27/2020 - 14:08:22: [SM] Exception reported: Array index out-of-bounds (index 64, limit 55)
L 12/27/2020 - 14:08:22: [SM] Blaming: weapon_restrict.smx
L 12/27/2020 - 14:08:22: [SM] Call stack trace:
L 12/27/2020 - 14:08:22: [SM]   [1] Line 202, restrictinc/events.sp::CS_OnBuyCommand
L 12/27/2020 - 14:09:58: [SM] Exception reported: Array index out-of-bounds (index 64, limit 55)
L 12/27/2020 - 14:09:58: [SM] Blaming: weapon_restrict.smx
L 12/27/2020 - 14:09:58: [SM] Call stack trace:
L 12/27/2020 - 14:09:58: [SM]   [1] Line 202, restrictinc/events.sp::CS_OnBuyCommand
L 12/27/2020 - 14:10:16: [SM] Exception reported: Array index out-of-bounds (index 64, limit 55)
L 12/27/2020 - 14:10:16: [SM] Blaming: weapon_restrict.smx
L 12/27/2020 - 14:10:16: [SM] Call stack trace:
L 12/27/2020 - 14:10:16: [SM]   [1] Line 202, restrictinc/events.sp::CS_OnBuyCommand
L 12/27/2020 - 14:11:19: [SM] Exception reported: Array index out-of-bounds (index 64, limit 55)
L 12/27/2020 - 14:11:19: [SM] Blaming: weapon_restrict.smx
L 12/27/2020 - 14:11:19: [SM] Call stack trace:
L 12/27/2020 - 14:11:19: [SM]   [1] Line 202, restrictinc/events.sp::CS_OnBuyCommand
L 12/27/2020 - 14:12:26: [SM] Exception reported: Array index out-of-bounds (index 64, limit 55)
L 12/27/2020 - 14:12:26: [SM] Blaming: weapon_restrict.smx
L 12/27/2020 - 14:12:26: [SM] Call stack trace:
L 12/27/2020 - 14:12:26: [SM]   [1] Line 202, restrictinc/events.sp::CS_OnBuyCommand
L 12/27/2020 - 14:13:07: [SM] Exception reported: Array index out-of-bounds (index 64, limit 55)
L 12/27/2020 - 14:13:07: [SM] Blaming: weapon_restrict.smx
L 12/27/2020 - 14:13:07: [SM] Call stack trace:
L 12/27/2020 - 14:13:07: [SM]   [1] Line 202, restrictinc/events.sp::CS_OnBuyCommand
L 12/27/2020 - 14:13:10: [SM] Exception reported: Array index out-of-bounds (index 64, limit 55)
L 12/27/2020 - 14:13:10: [SM] Blaming: weapon_restrict.smx
L 12/27/2020 - 14:13:10: [SM] Call stack trace:
L 12/27/2020 - 14:13:10: [SM]   [1] Line 202, restrictinc/events.sp::CS_OnBuyCommand
L 12/27/2020 - 14:13:15: [SM] Exception reported: Array index out-of-bounds (index 64, limit 55)
L 12/27/2020 - 14:13:15: [SM] Blaming: weapon_restrict.smx
L 12/27/2020 - 14:13:15: [SM] Call stack trace:
L 12/27/2020 - 14:13:15: [SM]   [1] Line 202, restrictinc/events.sp::CS_OnBuyCommand
L 12/27/2020 - 14:13:18: [SM] Exception reported: Array index out-of-bounds (index 64, limit 55)
L 12/27/2020 - 14:13:18: [SM] Blaming: weapon_restrict.smx
L 12/27/2020 - 14:13:18: [SM] Call stack trace:
L 12/27/2020 - 14:13:18: [SM]   [1] Line 202, restrictinc/events.sp::CS_OnBuyCommand
L 12/27/2020 - 14:13:22: [SM] Exception reported: Array index out-of-bounds (index 64, limit 55)
L 12/27/2020 - 14:13:22: [SM] Blaming: weapon_restrict.smx
L 12/27/2020 - 14:13:22: [SM] Call stack trace:
L 12/27/2020 - 14:13:22: [SM]   [1] Line 202, restrictinc/events.sp::CS_OnBuyCommand
L 12/27/2020 - 14:13:26: [SM] Exception reported: Array index out-of-bounds (index 64, limit 55)
L 12/27/2020 - 14:13:26: [SM] Blaming: weapon_restrict.smx
L 12/27/2020 - 14:13:26: [SM] Call stack trace:
L 12/27/2020 - 14:13:26: [SM]   [1] Line 202, restrictinc/events.sp::CS_OnBuyCommand
L 12/27/2020 - 14:13:46: [SM] Exception reported: Array index out-of-bounds (index 64, limit 55)
L 12/27/2020 - 14:13:46: [SM] Blaming: weapon_restrict.smx
L 12/27/2020 - 14:13:46: [SM] Call stack trace:
L 12/27/2020 - 14:13:46: [SM]   [1] Line 202, restrictinc/events.sp::CS_OnBuyCommand
L 12/27/2020 - 14:13:48: [SM] Exception reported: Array index out-of-bounds (index 64, limit 55)
L 12/27/2020 - 14:13:48: [SM] Blaming: weapon_restrict.smx
L 12/27/2020 - 14:13:48: [SM] Call stack trace:
L 12/27/2020 - 14:13:48: [SM]   [1] Line 202, restrictinc/events.sp::CS_OnBuyCommand
L 12/27/2020 - 14:13:49: [SM] Exception reported: Array index out-of-bounds (index 64, limit 55)
L 12/27/2020 - 14:13:49: [SM] Blaming: weapon_restrict.smx
L 12/27/2020 - 14:13:49: [SM] Call stack trace:
L 12/27/2020 - 14:13:49: [SM]   [1] Line 202, restrictinc/events.sp::CS_OnBuyCommand
L 12/27/2020 - 14:14:03: [SM] Exception reported: Array index out-of-bounds (index 64, limit 55)
L 12/27/2020 - 14:14:03: [SM] Blaming: weapon_restrict.smx
L 12/27/2020 - 14:14:03: [SM] Call stack trace:
L 12/27/2020 - 14:14:03: [SM]   [1] Line 202, restrictinc/events.sp::CS_OnBuyCommand
L 12/27/2020 - 14:15:02: [SM] Exception reported: Array index out-of-bounds (index 64, limit 55)
L 12/27/2020 - 14:15:02: [SM] Blaming: weapon_restrict.smx
L 12/27/2020 - 14:15:02: [SM] Call stack trace:
L 12/27/2020 - 14:15:02: [SM]   [1] Line 202, restrictinc/events.sp::CS_OnBuyCommand
L 12/27/2020 - 14:15:20: [SM] Exception reported: Array index out-of-bounds (index 64, limit 55)
L 12/27/2020 - 14:15:20: [SM] Blaming: weapon_restrict.smx
L 12/27/2020 - 14:15:20: [SM] Call stack trace:
L 12/27/2020 - 14:15:20: [SM]   [1] Line 202, restrictinc/events.sp::CS_OnBuyCommand
L 12/27/2020 - 14:16:38: [SM] Exception reported: Array index out-of-bounds (index 64, limit 55)
L 12/27/2020 - 14:16:38: [SM] Blaming: weapon_restrict.smx
L 12/27/2020 - 14:16:38: [SM] Call stack trace:
L 12/27/2020 - 14:16:38: [SM]   [1] Line 202, restrictinc/events.sp::CS_OnBuyCommand
L 12/27/2020 - 14:17:15: [SM] Exception reported: Array index out-of-bounds (index 64, limit 55)
L 12/27/2020 - 14:17:15: [SM] Blaming: weapon_restrict.smx
L 12/27/2020 - 14:17:15: [SM] Call stack trace:
L 12/27/2020 - 14:17:15: [SM]   [1] Line 202, restrictinc/events.sp::CS_OnBuyCommand
L 12/27/2020 - 14:18:15: [SM] Exception reported: Array index out-of-bounds (index 64, limit 55)
L 12/27/2020 - 14:18:15: [SM] Blaming: weapon_restrict.smx
L 12/27/2020 - 14:18:15: [SM] Call stack trace:
L 12/27/2020 - 14:18:15: [SM]   [1] Line 202, restrictinc/events.sp::CS_OnBuyCommand
L 12/27/2020 - 14:18:56: [SM] Exception reported: Array index out-of-bounds (index 64, limit 55)
L 12/27/2020 - 14:18:56: [SM] Blaming: weapon_restrict.smx
L 12/27/2020 - 14:18:56: [SM] Call stack trace:
L 12/27/2020 - 14:18:56: [SM]   [1] Line 202, restrictinc/events.sp::CS_OnBuyCommand
L 12/27/2020 - 14:19:15: [SM] Exception reported: Array index out-of-bounds (index 64, limit 55)
L 12/27/2020 - 14:19:15: [SM] Blaming: weapon_restrict.smx
L 12/27/2020 - 14:19:15: [SM] Call stack trace:
L 12/27/2020 - 14:19:15: [SM]   [1] Line 202, restrictinc/events.sp::CS_OnBuyCommand
L 12/27/2020 - 14:19:28: [SM] Exception reported: Array index out-of-bounds (index 64, limit 55)
L 12/27/2020 - 14:19:28: [SM] Blaming: weapon_restrict.smx
L 12/27/2020 - 14:19:28: [SM] Call stack trace:
L 12/27/2020 - 14:19:28: [SM]   [1] Line 202, restrictinc/events.sp::CS_OnBuyCommand
L 12/27/2020 - 14:19:50: [SM] Exception reported: Array index out-of-bounds (index 64, limit 55)
L 12/27/2020 - 14:19:50: [SM] Blaming: weapon_restrict.smx
L 12/27/2020 - 14:19:50: [SM] Call stack trace:
L 12/27/2020 - 14:19:50: [SM]   [1] Line 202, restrictinc/events.sp::CS_OnBuyCommand
L 12/27/2020 - 14:20:16: [SM] Exception reported: Array index out-of-bounds (index 64, limit 55)
L 12/27/2020 - 14:20:16: [SM] Blaming: weapon_restrict.smx
L 12/27/2020 - 14:20:16: [SM] Call stack trace:
L 12/27/2020 - 14:20:16: [SM]   [1] Line 202, restrictinc/events.sp::CS_OnBuyCommand
L 12/27/2020 - 14:21:43: [SM] Exception reported: Array index out-of-bounds (index 64, limit 55)
L 12/27/2020 - 14:21:43: [SM] Blaming: weapon_restrict.smx
L 12/27/2020 - 14:21:43: [SM] Call stack trace:
L 12/27/2020 - 14:21:43: [SM]   [1] Line 202, restrictinc/events.sp::CS_OnBuyCommand
L 12/27/2020 - 14:21:52: [SM] Exception reported: Array index out-of-bounds (index 64, limit 55)
L 12/27/2020 - 14:21:52: [SM] Blaming: weapon_restrict.smx
L 12/27/2020 - 14:21:52: [SM] Call stack trace:
L 12/27/2020 - 14:21:52: [SM]   [1] Line 202, restrictinc/events.sp::CS_OnBuyCommand
L 12/27/2020 - 14:24:07: [SM] Exception reported: Array index out-of-bounds (index 64, limit 55)
L 12/27/2020 - 14:24:07: [SM] Blaming: weapon_restrict.smx
L 12/27/2020 - 14:24:07: [SM] Call stack trace:
L 12/27/2020 - 14:24:07: [SM]   [1] Line 202, restrictinc/events.sp::CS_OnBuyCommand
L 12/27/2020 - 14:26:27: [SM] Exception reported: Array index out-of-bounds (index 64, limit 55)
L 12/27/2020 - 14:26:27: [SM] Blaming: weapon_restrict.smx
L 12/27/2020 - 14:26:27: [SM] Call stack trace:
L 12/27/2020 - 14:26:27: [SM]   [1] Line 202, restrictinc/events.sp::CS_OnBuyCommand
L 12/27/2020 - 14:29:14: [SM] Exception reported: Language phrase "Player_Connected" not found (arg 3)
L 12/27/2020 - 14:29:14: [SM] Blaming: advadmin.smx
L 12/27/2020 - 14:29:14: [SM] Call stack trace:
L 12/27/2020 - 14:29:14: [SM]   [0] VFormat
L 12/27/2020 - 14:29:14: [SM]   [1] Line 386, /groups/sourcemod/compiler-1.10/include/halflife.inc::PrintToChatAll
L 12/27/2020 - 14:29:14: [SM]   [2] Line 145, /home/groups/sourcemod/upload_tmp/phpRYtiXm.sp::OnClientAuthorized
L 12/27/2020 - 14:43:37: Error log file session closed.
L 12/27/2020 - 14:43:37: SourceMod error session started
L 12/27/2020 - 14:43:37: Info (map "de_mirage") (file "/home/tcagame/jackm1/527/csgo/addons/sourcemod/logs/errors_20201227.log")
L 12/27/2020 - 14:43:37: [SM] Fatal error encountered parsing translation file "advadmin.phrases.txt"
L 12/27/2020 - 14:43:37: [SM] Error (line 0, column 0): Stream failed to open
L 12/27/2020 - 17:02:51: Error log file session closed.
L 12/27/2020 - 17:02:51: SourceMod error session started
L 12/27/2020 - 17:02:51: Info (map "de_mirage") (file "/home/tcagame/jackm1/527/csgo/addons/sourcemod/logs/errors_20201227.log")
L 12/27/2020 - 17:02:51: [SM] Fatal error encountered parsing translation file "advadmin.phrases.txt"
L 12/27/2020 - 17:02:51: [SM] Error (line 0, column 0): Stream failed to open
L 12/27/2020 - 17:35:24: Error log file session closed.
L 12/27/2020 - 17:35:24: SourceMod error session started
L 12/27/2020 - 17:35:24: Info (map "de_mirage") (file "/home/tcagame/jackm1/527/csgo/addons/sourcemod/logs/errors_20201227.log")
L 12/27/2020 - 17:35:24: [SM] Fatal error encountered parsing translation file "advadmin.phrases.txt"
L 12/27/2020 - 17:35:24: [SM] Error (line 0, column 0): Stream failed to open
L 12/27/2020 - 17:45:53: Error log file session closed.
L 12/27/2020 - 17:45:53: SourceMod error session started
L 12/27/2020 - 17:45:53: Info (map "de_mirage") (file "/home/tcagame/jackm1/527/csgo/addons/sourcemod/logs/errors_20201227.log")
L 12/27/2020 - 17:45:53: [SM] Fatal error encountered parsing translation file "advadmin.phrases.txt"
L 12/27/2020 - 17:45:53: [SM] Error (line 0, column 0): Stream failed to open
L 12/27/2020 - 18:50:56: Error log file session closed.
L 12/27/2020 - 18:50:56: SourceMod error session started
L 12/27/2020 - 18:50:56: Info (map "de_mirage") (file "/home/tcagame/jackm1/527/csgo/addons/sourcemod/logs/errors_20201227.log")
L 12/27/2020 - 18:50:56: [SM] Fatal error encountered parsing translation file "advadmin.phrases.txt"
L 12/27/2020 - 18:50:56: [SM] Error (line 0, column 0): Stream failed to open
L 12/27/2020 - 18:51:10: [SM] Exception reported: Language phrase "Player_Connected_From" not found (arg 3)
L 12/27/2020 - 18:51:10: [SM] Blaming: advadmin.smx
L 12/27/2020 - 18:51:10: [SM] Call stack trace:
L 12/27/2020 - 18:51:10: [SM]   [0] VFormat
L 12/27/2020 - 18:51:10: [SM]   [1] Line 386, /groups/sourcemod/compiler-1.10/include/halflife.inc::PrintToChatAll
L 12/27/2020 - 18:51:10: [SM]   [2] Line 141, /home/groups/sourcemod/upload_tmp/phpRYtiXm.sp::OnClientAuthorized
L 12/27/2020 - 18:51:21: [SM] Exception reported: Array index out-of-bounds (index 64, limit 55)
L 12/27/2020 - 18:51:21: [SM] Blaming: weapon_restrict.smx
L 12/27/2020 - 18:51:21: [SM] Call stack trace:
L 12/27/2020 - 18:51:21: [SM]   [1] Line 202, restrictinc/events.sp::CS_OnBuyCommand
L 12/27/2020 - 18:53:24: [SM] Exception reported: Array index out-of-bounds (index 64, limit 55)
L 12/27/2020 - 18:53:24: [SM] Blaming: weapon_restrict.smx
L 12/27/2020 - 18:53:24: [SM] Call stack trace:
L 12/27/2020 - 18:53:24: [SM]   [1] Line 202, restrictinc/events.sp::CS_OnBuyCommand
L 12/27/2020 - 18:54:45: [SM] Exception reported: Language phrase "Player_Connected_From" not found (arg 3)
L 12/27/2020 - 18:54:45: [SM] Blaming: advadmin.smx
L 12/27/2020 - 18:54:45: [SM] Call stack trace:
L 12/27/2020 - 18:54:45: [SM]   [0] VFormat
L 12/27/2020 - 18:54:45: [SM]   [1] Line 386, /groups/sourcemod/compiler-1.10/include/halflife.inc::PrintToChatAll
L 12/27/2020 - 18:54:45: [SM]   [2] Line 141, /home/groups/sourcemod/upload_tmp/phpRYtiXm.sp::OnClientAuthorized
L 12/27/2020 - 18:56:17: Error log file session closed.
L 12/27/2020 - 18:56:17: SourceMod error session started
L 12/27/2020 - 18:56:17: Info (map "cs_militia") (file "/home/tcagame/jackm1/527/csgo/addons/sourcemod/logs/errors_20201227.log")
L 12/27/2020 - 18:56:17: [SM] Fatal error encountered parsing translation file "advadmin.phrases.txt"
L 12/27/2020 - 18:56:17: [SM] Error (line 0, column 0): Stream failed to open
L 12/27/2020 - 18:57:36: [SM] Exception reported: Array index out-of-bounds (index 64, limit 55)
L 12/27/2020 - 18:57:36: [SM] Blaming: weapon_restrict.smx
L 12/27/2020 - 18:57:36: [SM] Call stack trace:
L 12/27/2020 - 18:57:36: [SM]   [1] Line 202, restrictinc/events.sp::CS_OnBuyCommand
L 12/27/2020 - 18:57:54: [SM] Exception reported: Array index out-of-bounds (index 64, limit 55)
L 12/27/2020 - 18:57:54: [SM] Blaming: weapon_restrict.smx
L 12/27/2020 - 18:57:54: [SM] Call stack trace:
L 12/27/2020 - 18:57:54: [SM]   [1] Line 202, restrictinc/events.sp::CS_OnBuyCommand
L 12/27/2020 - 18:59:19: [SM] Exception reported: Array index out-of-bounds (index 64, limit 55)
L 12/27/2020 - 18:59:19: [SM] Blaming: weapon_restrict.smx
L 12/27/2020 - 18:59:19: [SM] Call stack trace:
L 12/27/2020 - 18:59:19: [SM]   [1] Line 202, restrictinc/events.sp::CS_OnBuyCommand
L 12/27/2020 - 19:00:04: [SM] Exception reported: Array index out-of-bounds (index 64, limit 55)
L 12/27/2020 - 19:00:04: [SM] Blaming: weapon_restrict.smx
L 12/27/2020 - 19:00:04: [SM] Call stack trace:
L 12/27/2020 - 19:00:04: [SM]   [1] Line 202, restrictinc/events.sp::CS_OnBuyCommand
L 12/27/2020 - 19:02:17: [SM] Exception reported: Array index out-of-bounds (index 64, limit 55)
L 12/27/2020 - 19:02:17: [SM] Blaming: weapon_restrict.smx
L 12/27/2020 - 19:02:17: [SM] Call stack trace:
L 12/27/2020 - 19:02:17: [SM]   [1] Line 202, restrictinc/events.sp::CS_OnBuyCommand
L 12/27/2020 - 19:03:02: [SM] Exception reported: Array index out-of-bounds (index 64, limit 55)
L 12/27/2020 - 19:03:02: [SM] Blaming: weapon_restrict.smx
L 12/27/2020 - 19:03:02: [SM] Call stack trace:
L 12/27/2020 - 19:03:02: [SM]   [1] Line 202, restrictinc/events.sp::CS_OnBuyCommand
L 12/27/2020 - 19:12:11: [SM] Exception reported: Array index out-of-bounds (index 64, limit 55)
L 12/27/2020 - 19:12:11: [SM] Blaming: weapon_restrict.smx
L 12/27/2020 - 19:12:11: [SM] Call stack trace:
L 12/27/2020 - 19:12:11: [SM]   [1] Line 202, restrictinc/events.sp::CS_OnBuyCommand
L 12/27/2020 - 19:12:20: [SM] Exception reported: Array index out-of-bounds (index 64, limit 55)
L 12/27/2020 - 19:12:20: [SM] Blaming: weapon_restrict.smx
L 12/27/2020 - 19:12:20: [SM] Call stack trace:
L 12/27/2020 - 19:12:20: [SM]   [1] Line 202, restrictinc/events.sp::CS_OnBuyCommand
L 12/27/2020 - 20:54:05: Error log file session closed.
L 12/27/2020 - 20:54:05: SourceMod error session started
L 12/27/2020 - 20:54:05: Info (map "cs_militia") (file "/home/tcagame/jackm1/527/csgo/addons/sourcemod/logs/errors_20201227.log")
L 12/27/2020 - 20:54:05: [SM] Fatal error encountered parsing translation file "advadmin.phrases.txt"
L 12/27/2020 - 20:54:05: [SM] Error (line 0, column 0): Stream failed to open
L 12/27/2020 - 20:54:27: [SM] Exception reported: Array index out-of-bounds (index 64, limit 55)
L 12/27/2020 - 20:54:27: [SM] Blaming: weapon_restrict.smx
L 12/27/2020 - 20:54:27: [SM] Call stack trace:
L 12/27/2020 - 20:54:27: [SM]   [1] Line 202, restrictinc/events.sp::CS_OnBuyCommand
L 12/27/2020 - 21:34:07: Error log file session closed.
L 12/27/2020 - 21:34:07: SourceMod error session started
L 12/27/2020 - 21:34:07: Info (map "cs_militia") (file "/home/tcagame/jackm1/527/csgo/addons/sourcemod/logs/errors_20201227.log")
L 12/27/2020 - 21:34:07: [SM] Fatal error encountered parsing translation file "advadmin.phrases.txt"
L 12/27/2020 - 21:34:07: [SM] Error (line 0, column 0): Stream failed to open
L 12/27/2020 - 21:48:23: Error log file session closed.
L 12/27/2020 - 21:48:23: SourceMod error session started
L 12/27/2020 - 21:48:23: Info (map "cs_militia") (file "/home/tcagame/jackm1/527/csgo/addons/sourcemod/logs/errors_20201227.log")
L 12/27/2020 - 21:48:23: [SM] Fatal error encountered parsing translation file "advadmin.phrases.txt"
L 12/27/2020 - 21:48:23: [SM] Error (line 0, column 0): Stream failed to open
L 12/27/2020 - 21:48:42: [SM] Exception reported: Array index out-of-bounds (index 64, limit 55)
L 12/27/2020 - 21:48:42: [SM] Blaming: weapon_restrict.smx
L 12/27/2020 - 21:48:42: [SM] Call stack trace:
L 12/27/2020 - 21:48:42: [SM]   [1] Line 202, restrictinc/events.sp::CS_OnBuyCommand
L 12/27/2020 - 21:53:51: [SM] Exception reported: Language phrase "Player_Connected_From" not found (arg 3)
L 12/27/2020 - 21:53:51: [SM] Blaming: advadmin.smx
L 12/27/2020 - 21:53:51: [SM] Call stack trace:
L 12/27/2020 - 21:53:51: [SM]   [0] VFormat
L 12/27/2020 - 21:53:51: [SM]   [1] Line 386, /groups/sourcemod/compiler-1.10/include/halflife.inc::PrintToChatAll
L 12/27/2020 - 21:53:51: [SM]   [2] Line 141, /home/groups/sourcemod/upload_tmp/phpRYtiXm.sp::OnClientAuthorized
L 12/27/2020 - 21:57:38: Error log file session closed.
L 12/27/2020 - 21:57:38: SourceMod error session started
L 12/27/2020 - 21:57:38: Info (map "cs_militia") (file "/home/tcagame/jackm1/527/csgo/addons/sourcemod/logs/errors_20201227.log")
L 12/27/2020 - 21:57:38: [SM] Fatal error encountered parsing translation file "advadmin.phrases.txt"
L 12/27/2020 - 21:57:38: [SM] Error (line 0, column 0): Stream failed to open
L 12/27/2020 - 21:57:59: [SM] Exception reported: Language phrase "Player_Connected" not found (arg 3)
L 12/27/2020 - 21:57:59: [SM] Blaming: advadmin.smx
L 12/27/2020 - 21:57:59: [SM] Call stack trace:
L 12/27/2020 - 21:57:59: [SM]   [0] VFormat
L 12/27/2020 - 21:57:59: [SM]   [1] Line 386, /groups/sourcemod/compiler-1.10/include/halflife.inc::PrintToChatAll
L 12/27/2020 - 21:57:59: [SM]   [2] Line 145, /home/groups/sourcemod/upload_tmp/phpRYtiXm.sp::OnClientAuthorized
L 12/27/2020 - 22:00:37: Error log file session closed.
L 12/27/2020 - 22:00:37: SourceMod error session started
L 12/27/2020 - 22:00:37: Info (map "cs_militia") (file "/home/tcagame/jackm1/527/csgo/addons/sourcemod/logs/errors_20201227.log")
L 12/27/2020 - 22:00:37: [SM] Fatal error encountered parsing translation file "advadmin.phrases.txt"
L 12/27/2020 - 22:00:37: [SM] Error (line 0, column 0): Stream failed to open
L 12/27/2020 - 22:01:08: [SM] Exception reported: Language phrase "Player_Connected_From" not found (arg 3)
L 12/27/2020 - 22:01:08: [SM] Blaming: advadmin.smx
L 12/27/2020 - 22:01:08: [SM] Call stack trace:
L 12/27/2020 - 22:01:08: [SM]   [0] VFormat
L 12/27/2020 - 22:01:08: [SM]   [1] Line 386, /groups/sourcemod/compiler-1.10/include/halflife.inc::PrintToChatAll
L 12/27/2020 - 22:01:08: [SM]   [2] Line 141, /home/groups/sourcemod/upload_tmp/phpRYtiXm.sp::OnClientAuthorized
L 12/27/2020 - 22:01:09: [SM] Exception reported: Language phrase "Player_Connected_From" not found (arg 3)
L 12/27/2020 - 22:01:09: [SM] Blaming: advadmin.smx
L 12/27/2020 - 22:01:09: [SM] Call stack trace:
L 12/27/2020 - 22:01:09: [SM]   [0] VFormat
L 12/27/2020 - 22:01:09: [SM]   [1] Line 386, /groups/sourcemod/compiler-1.10/include/halflife.inc::PrintToChatAll
L 12/27/2020 - 22:01:09: [SM]   [2] Line 141, /home/groups/sourcemod/upload_tmp/phpRYtiXm.sp::OnClientAuthorized
L 12/27/2020 - 22:02:58: [SM] Exception reported: Language phrase "Player_Connected_From" not found (arg 3)
L 12/27/2020 - 22:02:58: [SM] Blaming: advadmin.smx
L 12/27/2020 - 22:02:58: [SM] Call stack trace:
L 12/27/2020 - 22:02:58: [SM]   [0] VFormat
L 12/27/2020 - 22:02:58: [SM]   [1] Line 386, /groups/sourcemod/compiler-1.10/include/halflife.inc::PrintToChatAll
L 12/27/2020 - 22:02:58: [SM]   [2] Line 141, /home/groups/sourcemod/upload_tmp/phpRYtiXm.sp::OnClientAuthorized
L 12/27/2020 - 22:03:13: [SM] Exception reported: Language phrase "Player_Connected_From" not found (arg 3)
L 12/27/2020 - 22:03:13: [SM] Blaming: advadmin.smx
L 12/27/2020 - 22:03:13: [SM] Call stack trace:
L 12/27/2020 - 22:03:13: [SM]   [0] VFormat
L 12/27/2020 - 22:03:13: [SM]   [1] Line 386, /groups/sourcemod/compiler-1.10/include/halflife.inc::PrintToChatAll
L 12/27/2020 - 22:03:13: [SM]   [2] Line 141, /home/groups/sourcemod/upload_tmp/phpRYtiXm.sp::OnClientAuthorized
L 12/27/2020 - 22:04:57: Error log file session closed.
L 12/27/2020 - 22:04:57: SourceMod error session started
L 12/27/2020 - 22:04:57: Info (map "de_mirage") (file "/home/tcagame/jackm1/527/csgo/addons/sourcemod/logs/errors_20201227.log")
L 12/27/2020 - 22:04:57: [SM] Fatal error encountered parsing translation file "advadmin.phrases.txt"
L 12/27/2020 - 22:04:57: [SM] Error (line 0, column 0): Stream failed to open
L 12/27/2020 - 22:05:58: [SM] Exception reported: Language phrase "CMD_Give" not found (arg 4)
L 12/27/2020 - 22:05:58: [SM] Blaming: advadmin.smx
L 12/27/2020 - 22:05:58: [SM] Call stack trace:
L 12/27/2020 - 22:05:58: [SM]   [0] VFormat
L 12/27/2020 - 22:05:58: [SM]   [1] Line 386, /groups/sourcemod/compiler-1.10/include/halflife.inc::PrintToChatAll
L 12/27/2020 - 22:05:58: [SM]   [2] Line 853, /home/groups/sourcemod/upload_tmp/phpRYtiXm.sp::CMD_Give
L 12/27/2020 - 22:06:01: [SM] Exception reported: Language phrase "CMD_Give" not found (arg 5)
L 12/27/2020 - 22:06:01: [SM] Blaming: advadmin.smx
L 12/27/2020 - 22:06:01: [SM] Call stack trace:
L 12/27/2020 - 22:06:01: [SM]   [0] ShowActivity2
L 12/27/2020 - 22:06:01: [SM]   [1] Line 883, /home/groups/sourcemod/upload_tmp/phpRYtiXm.sp::CMD_Give
L 12/27/2020 - 22:06:33: [SM] Exception reported: Language phrase "Player_Connected_From" not found (arg 3)
L 12/27/2020 - 22:06:33: [SM] Blaming: advadmin.smx
L 12/27/2020 - 22:06:33: [SM] Call stack trace:
L 12/27/2020 - 22:06:33: [SM]   [0] VFormat
L 12/27/2020 - 22:06:33: [SM]   [1] Line 386, /groups/sourcemod/compiler-1.10/include/halflife.inc::PrintToChatAll
L 12/27/2020 - 22:06:33: [SM]   [2] Line 141, /home/groups/sourcemod/upload_tmp/phpRYtiXm.sp::OnClientAuthorized
L 12/27/2020 - 22:07:01: [SM] Exception reported: Language phrase "CMD_Give" not found (arg 5)
L 12/27/2020 - 22:07:01: [SM] Blaming: advadmin.smx
L 12/27/2020 - 22:07:01: [SM] Call stack trace:
L 12/27/2020 - 22:07:01: [SM]   [0] ShowActivity2
L 12/27/2020 - 22:07:01: [SM]   [1] Line 883, /home/groups/sourcemod/upload_tmp/phpRYtiXm.sp::CMD_Give
L 12/27/2020 - 22:10:54: [SM] Exception reported: Language phrase "CMD_Health" not found (arg 5)
L 12/27/2020 - 22:10:54: [SM] Blaming: advadmin.smx
L 12/27/2020 - 22:10:54: [SM] Call stack trace:
L 12/27/2020 - 22:10:54: [SM]   [0] ShowActivity2
L 12/27/2020 - 22:10:54: [SM]   [1] Line 1329, /home/groups/sourcemod/upload_tmp/phpRYtiXm.sp::CMD_Health
L 12/27/2020 - 22:12:36: [SM] Exception reported: Language phrase "Player_Connected_From" not found (arg 3)
L 12/27/2020 - 22:12:36: [SM] Blaming: advadmin.smx
L 12/27/2020 - 22:12:36: [SM] Call stack trace:
L 12/27/2020 - 22:12:36: [SM]   [0] VFormat
L 12/27/2020 - 22:12:36: [SM]   [1] Line 386, /groups/sourcemod/compiler-1.10/include/halflife.inc::PrintToChatAll
L 12/27/2020 - 22:12:36: [SM]   [2] Line 141, /home/groups/sourcemod/upload_tmp/phpRYtiXm.sp::OnClientAuthorized
L 12/27/2020 - 22:15:39: [SM] Exception reported: Language phrase "CMD_Respawn" not found (arg 5)
L 12/27/2020 - 22:15:39: [SM] Blaming: advadmin.smx
L 12/27/2020 - 22:15:39: [SM] Call stack trace:
L 12/27/2020 - 22:15:39: [SM]   [0] ShowActivity2
L 12/27/2020 - 22:15:39: [SM]   [1] Line 1060, /home/groups/sourcemod/upload_tmp/phpRYtiXm.sp::CMD_Respawn
L 12/27/2020 - 22:15:44: [SM] Exception reported: Language phrase "CMD_Give" not found (arg 5)
L 12/27/2020 - 22:15:44: [SM] Blaming: advadmin.smx
L 12/27/2020 - 22:15:44: [SM] Call stack trace:
L 12/27/2020 - 22:15:44: [SM]   [0] ShowActivity2
L 12/27/2020 - 22:15:44: [SM]   [1] Line 883, /home/groups/sourcemod/upload_tmp/phpRYtiXm.sp::CMD_Give
L 12/27/2020 - 22:15:46: [SM] Exception reported: Language phrase "CMD_Armor" not found (arg 5)
L 12/27/2020 - 22:15:46: [SM] Blaming: advadmin.smx
L 12/27/2020 - 22:15:46: [SM] Call stack trace:
L 12/27/2020 - 22:15:46: [SM]   [0] ShowActivity2
L 12/27/2020 - 22:15:46: [SM]   [1] Line 1379, /home/groups/sourcemod/upload_tmp/phpRYtiXm.sp::CMD_Armor
L 12/27/2020 - 22:17:21: [SM] Exception reported: Language phrase "Player_Connected_From" not found (arg 3)
L 12/27/2020 - 22:17:21: [SM] Blaming: advadmin.smx
L 12/27/2020 - 22:17:21: [SM] Call stack trace:
L 12/27/2020 - 22:17:21: [SM]   [0] VFormat
L 12/27/2020 - 22:17:21: [SM]   [1] Line 386, /groups/sourcemod/compiler-1.10/include/halflife.inc::PrintToChatAll
L 12/27/2020 - 22:17:21: [SM]   [2] Line 141, /home/groups/sourcemod/upload_tmp/phpRYtiXm.sp::OnClientAuthorized
L 12/27/2020 - 22:19:10: [SM] Exception reported: Language phrase "Player_Connected_From" not found (arg 3)
L 12/27/2020 - 22:19:10: [SM] Blaming: advadmin.smx
L 12/27/2020 - 22:19:10: [SM] Call stack trace:
L 12/27/2020 - 22:19:10: [SM]   [0] VFormat
L 12/27/2020 - 22:19:10: [SM]   [1] Line 386, /groups/sourcemod/compiler-1.10/include/halflife.inc::PrintToChatAll
L 12/27/2020 - 22:19:10: [SM]   [2] Line 141, /home/groups/sourcemod/upload_tmp/phpRYtiXm.sp::OnClientAuthorized
L 12/27/2020 - 22:22:28: [SM] Exception reported: Language phrase "Player_Connected_From" not found (arg 3)
L 12/27/2020 - 22:22:28: [SM] Blaming: advadmin.smx
L 12/27/2020 - 22:22:28: [SM] Call stack trace:
L 12/27/2020 - 22:22:28: [SM]   [0] VFormat
L 12/27/2020 - 22:22:28: [SM]   [1] Line 386, /groups/sourcemod/compiler-1.10/include/halflife.inc::PrintToChatAll
L 12/27/2020 - 22:22:28: [SM]   [2] Line 141, /home/groups/sourcemod/upload_tmp/phpRYtiXm.sp::OnClientAuthorized
L 12/27/2020 - 22:22:47: [SM] Exception reported: Language phrase "Player_Connected_From" not found (arg 3)
L 12/27/2020 - 22:22:47: [SM] Blaming: advadmin.smx
L 12/27/2020 - 22:22:47: [SM] Call stack trace:
L 12/27/2020 - 22:22:47: [SM]   [0] VFormat
L 12/27/2020 - 22:22:47: [SM]   [1] Line 386, /groups/sourcemod/compiler-1.10/include/halflife.inc::PrintToChatAll
L 12/27/2020 - 22:22:47: [SM]   [2] Line 141, /home/groups/sourcemod/upload_tmp/phpRYtiXm.sp::OnClientAuthorized
L 12/27/2020 - 22:26:30: [SM] Exception reported: Language phrase "Player_Connected_From" not found (arg 3)
L 12/27/2020 - 22:26:30: [SM] Blaming: advadmin.smx
L 12/27/2020 - 22:26:30: [SM] Call stack trace:
L 12/27/2020 - 22:26:30: [SM]   [0] VFormat
L 12/27/2020 - 22:26:30: [SM]   [1] Line 386, /groups/sourcemod/compiler-1.10/include/halflife.inc::PrintToChatAll
L 12/27/2020 - 22:26:30: [SM]   [2] Line 141, /home/groups/sourcemod/upload_tmp/phpRYtiXm.sp::OnClientAuthorized
L 12/27/2020 - 22:26:59: [SM] Exception reported: Language phrase "Player_Connected_From" not found (arg 3)
L 12/27/2020 - 22:26:59: [SM] Blaming: advadmin.smx
L 12/27/2020 - 22:26:59: [SM] Call stack trace:
L 12/27/2020 - 22:26:59: [SM]   [0] VFormat
L 12/27/2020 - 22:26:59: [SM]   [1] Line 386, /groups/sourcemod/compiler-1.10/include/halflife.inc::PrintToChatAll
L 12/27/2020 - 22:26:59: [SM]   [2] Line 141, /home/groups/sourcemod/upload_tmp/phpRYtiXm.sp::OnClientAuthorized
L 12/27/2020 - 22:27:34: [SM] Exception reported: Language phrase "Player_Connected_From" not found (arg 3)
L 12/27/2020 - 22:27:34: [SM] Blaming: advadmin.smx
L 12/27/2020 - 22:27:34: [SM] Call stack trace:
L 12/27/2020 - 22:27:34: [SM]   [0] VFormat
L 12/27/2020 - 22:27:34: [SM]   [1] Line 386, /groups/sourcemod/compiler-1.10/include/halflife.inc::PrintToChatAll
L 12/27/2020 - 22:27:34: [SM]   [2] Line 141, /home/groups/sourcemod/upload_tmp/phpRYtiXm.sp::OnClientAuthorized
L 12/27/2020 - 22:28:24: [SM] Exception reported: Language phrase "Player_Connected_From" not found (arg 3)
L 12/27/2020 - 22:28:24: [SM] Blaming: advadmin.smx
L 12/27/2020 - 22:28:24: [SM] Call stack trace:
L 12/27/2020 - 22:28:24: [SM]   [0] VFormat
L 12/27/2020 - 22:28:24: [SM]   [1] Line 386, /groups/sourcemod/compiler-1.10/include/halflife.inc::PrintToChatAll
L 12/27/2020 - 22:28:24: [SM]   [2] Line 141, /home/groups/sourcemod/upload_tmp/phpRYtiXm.sp::OnClientAuthorized
L 12/27/2020 - 22:29:14: [SM] Exception reported: Language phrase "CMD_Give" not found (arg 5)
L 12/27/2020 - 22:29:14: [SM] Blaming: advadmin.smx
L 12/27/2020 - 22:29:14: [SM] Call stack trace:
L 12/27/2020 - 22:29:14: [SM]   [0] ShowActivity2
L 12/27/2020 - 22:29:14: [SM]   [1] Line 883, /home/groups/sourcemod/upload_tmp/phpRYtiXm.sp::CMD_Give
L 12/27/2020 - 22:29:26: [SM] Exception reported: Language phrase "Player_Connected_From" not found (arg 3)
L 12/27/2020 - 22:29:26: [SM] Blaming: advadmin.smx
L 12/27/2020 - 22:29:26: [SM] Call stack trace:
L 12/27/2020 - 22:29:26: [SM]   [0] VFormat
L 12/27/2020 - 22:29:26: [SM]   [1] Line 386, /groups/sourcemod/compiler-1.10/include/halflife.inc::PrintToChatAll
L 12/27/2020 - 22:29:26: [SM]   [2] Line 141, /home/groups/sourcemod/upload_tmp/phpRYtiXm.sp::OnClientAuthorized
L 12/27/2020 - 22:30:09: [SM] Exception reported: Language phrase "Player_Connected_From" not found (arg 3)
L 12/27/2020 - 22:30:09: [SM] Blaming: advadmin.smx
L 12/27/2020 - 22:30:09: [SM] Call stack trace:
L 12/27/2020 - 22:30:09: [SM]   [0] VFormat
L 12/27/2020 - 22:30:09: [SM]   [1] Line 386, /groups/sourcemod/compiler-1.10/include/halflife.inc::PrintToChatAll
L 12/27/2020 - 22:30:09: [SM]   [2] Line 141, /home/groups/sourcemod/upload_tmp/phpRYtiXm.sp::OnClientAuthorized
L 12/27/2020 - 22:30:20: [SM] Exception reported: Language phrase "Player_Connected_From" not found (arg 3)
L 12/27/2020 - 22:30:20: [SM] Blaming: advadmin.smx
L 12/27/2020 - 22:30:20: [SM] Call stack trace:
L 12/27/2020 - 22:30:20: [SM]   [0] VFormat
L 12/27/2020 - 22:30:20: [SM]   [1] Line 386, /groups/sourcemod/compiler-1.10/include/halflife.inc::PrintToChatAll
L 12/27/2020 - 22:30:20: [SM]   [2] Line 141, /home/groups/sourcemod/upload_tmp/phpRYtiXm.sp::OnClientAuthorized
L 12/27/2020 - 22:33:08: [SM] Exception reported: Language phrase "CMD_Give" not found (arg 5)
L 12/27/2020 - 22:33:08: [SM] Blaming: advadmin.smx
L 12/27/2020 - 22:33:08: [SM] Call stack trace:
L 12/27/2020 - 22:33:08: [SM]   [0] ShowActivity2
L 12/27/2020 - 22:33:08: [SM]   [1] Line 883, /home/groups/sourcemod/upload_tmp/phpRYtiXm.sp::CMD_Give
L 12/27/2020 - 22:34:28: [SM] Exception reported: Language phrase "Player_Connected_From" not found (arg 3)
L 12/27/2020 - 22:34:28: [SM] Blaming: advadmin.smx
L 12/27/2020 - 22:34:28: [SM] Call stack trace:
L 12/27/2020 - 22:34:28: [SM]   [0] VFormat
L 12/27/2020 - 22:34:28: [SM]   [1] Line 386, /groups/sourcemod/compiler-1.10/include/halflife.inc::PrintToChatAll
L 12/27/2020 - 22:34:28: [SM]   [2] Line 141, /home/groups/sourcemod/upload_tmp/phpRYtiXm.sp::OnClientAuthorized
L 12/27/2020 - 22:53:36: [SM] Exception reported: Language phrase "Player_Connected_From" not found (arg 3)
L 12/27/2020 - 22:53:36: [SM] Blaming: advadmin.smx
L 12/27/2020 - 22:53:36: [SM] Call stack trace:
L 12/27/2020 - 22:53:36: [SM]   [0] VFormat
L 12/27/2020 - 22:53:36: [SM]   [1] Line 386, /groups/sourcemod/compiler-1.10/include/halflife.inc::PrintToChatAll
L 12/27/2020 - 22:53:36: [SM]   [2] Line 141, /home/groups/sourcemod/upload_tmp/phpRYtiXm.sp::OnClientAuthorized
L 12/27/2020 - 22:53:47: [SM] Exception reported: Language phrase "Player_Connected_From" not found (arg 3)
L 12/27/2020 - 22:53:47: [SM] Blaming: advadmin.smx
L 12/27/2020 - 22:53:47: [SM] Call stack trace:
L 12/27/2020 - 22:53:47: [SM]   [0] VFormat
L 12/27/2020 - 22:53:47: [SM]   [1] Line 386, /groups/sourcemod/compiler-1.10/include/halflife.inc::PrintToChatAll
L 12/27/2020 - 22:53:47: [SM]   [2] Line 141, /home/groups/sourcemod/upload_tmp/phpRYtiXm.sp::OnClientAuthorized
L 12/27/2020 - 22:54:09: [SM] Exception reported: Language phrase "Player_Connected_From" not found (arg 3)
L 12/27/2020 - 22:54:09: [SM] Blaming: advadmin.smx
L 12/27/2020 - 22:54:09: [SM] Call stack trace:
L 12/27/2020 - 22:54:09: [SM]   [0] VFormat
L 12/27/2020 - 22:54:09: [SM]   [1] Line 386, /groups/sourcemod/compiler-1.10/include/halflife.inc::PrintToChatAll
L 12/27/2020 - 22:54:09: [SM]   [2] Line 141, /home/groups/sourcemod/upload_tmp/phpRYtiXm.sp::OnClientAuthorized
L 12/27/2020 - 22:54:37: [SM] Exception reported: Language phrase "Player_Connected_From" not found (arg 3)
L 12/27/2020 - 22:54:37: [SM] Blaming: advadmin.smx
L 12/27/2020 - 22:54:37: [SM] Call stack trace:
L 12/27/2020 - 22:54:37: [SM]   [0] VFormat
L 12/27/2020 - 22:54:37: [SM]   [1] Line 386, /groups/sourcemod/compiler-1.10/include/halflife.inc::PrintToChatAll
L 12/27/2020 - 22:54:37: [SM]   [2] Line 141, /home/groups/sourcemod/upload_tmp/phpRYtiXm.sp::OnClientAuthorized
L 12/27/2020 - 22:55:02: [SM] Exception reported: Language phrase "Player_Connected_From" not found (arg 3)
L 12/27/2020 - 22:55:02: [SM] Blaming: advadmin.smx
L 12/27/2020 - 22:55:02: [SM] Call stack trace:
L 12/27/2020 - 22:55:02: [SM]   [0] VFormat
L 12/27/2020 - 22:55:02: [SM]   [1] Line 386, /groups/sourcemod/compiler-1.10/include/halflife.inc::PrintToChatAll
L 12/27/2020 - 22:55:02: [SM]   [2] Line 141, /home/groups/sourcemod/upload_tmp/phpRYtiXm.sp::OnClientAuthorized
L 12/27/2020 - 22:59:41: [SM] Exception reported: Language phrase "CMD_Speed" not found (arg 5)
L 12/27/2020 - 22:59:41: [SM] Blaming: advadmin.smx
L 12/27/2020 - 22:59:41: [SM] Call stack trace:
L 12/27/2020 - 22:59:41: [SM]   [0] ShowActivity2
L 12/27/2020 - 22:59:41: [SM]   [1] Line 1172, /home/groups/sourcemod/upload_tmp/phpRYtiXm.sp::CMD_Speed
L 12/27/2020 - 22:59:49: [SM] Exception reported: Language phrase "CMD_Speed" not found (arg 5)
L 12/27/2020 - 22:59:49: [SM] Blaming: advadmin.smx
L 12/27/2020 - 22:59:49: [SM] Call stack trace:
L 12/27/2020 - 22:59:49: [SM]   [0] ShowActivity2
L 12/27/2020 - 22:59:49: [SM]   [1] Line 1172, /home/groups/sourcemod/upload_tmp/phpRYtiXm.sp::CMD_Speed
L 12/27/2020 - 22:59:57: [SM] Exception reported: Language phrase "CMD_Speed" not found (arg 5)
L 12/27/2020 - 22:59:57: [SM] Blaming: advadmin.smx
L 12/27/2020 - 22:59:57: [SM] Call stack trace:
L 12/27/2020 - 22:59:57: [SM]   [0] ShowActivity2
L 12/27/2020 - 22:59:57: [SM]   [1] Line 1172, /home/groups/sourcemod/upload_tmp/phpRYtiXm.sp::CMD_Speed
L 12/27/2020 - 23:00:00: [SM] Exception reported: Language phrase "CMD_Speed" not found (arg 5)
L 12/27/2020 - 23:00:00: [SM] Blaming: advadmin.smx
L 12/27/2020 - 23:00:00: [SM] Call stack trace:
L 12/27/2020 - 23:00:00: [SM]   [0] ShowActivity2
L 12/27/2020 - 23:00:00: [SM]   [1] Line 1172, /home/groups/sourcemod/upload_tmp/phpRYtiXm.sp::CMD_Speed
L 12/27/2020 - 23:00:27: [SM] Exception reported: Language phrase "CMD_Speed" not found (arg 5)
L 12/27/2020 - 23:00:27: [SM] Blaming: advadmin.smx
L 12/27/2020 - 23:00:27: [SM] Call stack trace:
L 12/27/2020 - 23:00:27: [SM]   [0] ShowActivity2
L 12/27/2020 - 23:00:27: [SM]   [1] Line 1172, /home/groups/sourcemod/upload_tmp/phpRYtiXm.sp::CMD_Speed
L 12/27/2020 - 23:00:34: [SM] Exception reported: Language phrase "CMD_Speed" not found (arg 5)
L 12/27/2020 - 23:00:34: [SM] Blaming: advadmin.smx
L 12/27/2020 - 23:00:34: [SM] Call stack trace:
L 12/27/2020 - 23:00:34: [SM]   [0] ShowActivity2
L 12/27/2020 - 23:00:34: [SM]   [1] Line 1172, /home/groups/sourcemod/upload_tmp/phpRYtiXm.sp::CMD_Speed
L 12/27/2020 - 23:01:20: [SM] Exception reported: Language phrase "CMD_Speed" not found (arg 5)
L 12/27/2020 - 23:01:20: [SM] Blaming: advadmin.smx
L 12/27/2020 - 23:01:20: [SM] Call stack trace:
L 12/27/2020 - 23:01:20: [SM]   [0] ShowActivity2
L 12/27/2020 - 23:01:20: [SM]   [1] Line 1167, /home/groups/sourcemod/upload_tmp/phpRYtiXm.sp::CMD_Speed
L 12/27/2020 - 23:01:44: [SM] Exception reported: Language phrase "CMD_Speed" not found (arg 5)
L 12/27/2020 - 23:01:44: [SM] Blaming: advadmin.smx
L 12/27/2020 - 23:01:44: [SM] Call stack trace:
L 12/27/2020 - 23:01:44: [SM]   [0] ShowActivity2
L 12/27/2020 - 23:01:44: [SM]   [1] Line 1167, /home/groups/sourcemod/upload_tmp/phpRYtiXm.sp::CMD_Speed
L 12/27/2020 - 23:02:29: [SM] Exception reported: Language phrase "CMD_Speed" not found (arg 5)
L 12/27/2020 - 23:02:29: [SM] Blaming: advadmin.smx
L 12/27/2020 - 23:02:29: [SM] Call stack trace:
L 12/27/2020 - 23:02:29: [SM]   [0] ShowActivity2
L 12/27/2020 - 23:02:29: [SM]   [1] Line 1167, /home/groups/sourcemod/upload_tmp/phpRYtiXm.sp::CMD_Speed
L 12/27/2020 - 23:02:31: [SM] Exception reported: Language phrase "CMD_Speed" not found (arg 5)
L 12/27/2020 - 23:02:31: [SM] Blaming: advadmin.smx
L 12/27/2020 - 23:02:31: [SM] Call stack trace:
L 12/27/2020 - 23:02:31: [SM]   [0] ShowActivity2
L 12/27/2020 - 23:02:31: [SM]   [1] Line 1167, /home/groups/sourcemod/upload_tmp/phpRYtiXm.sp::CMD_Speed
L 12/27/2020 - 23:02:35: [SM] Exception reported: Language phrase "CMD_Speed" not found (arg 5)
L 12/27/2020 - 23:02:35: [SM] Blaming: advadmin.smx
L 12/27/2020 - 23:02:35: [SM] Call stack trace:
L 12/27/2020 - 23:02:35: [SM]   [0] ShowActivity2
L 12/27/2020 - 23:02:35: [SM]   [1] Line 1167, /home/groups/sourcemod/upload_tmp/phpRYtiXm.sp::CMD_Speed
L 12/27/2020 - 23:02:37: [SM] Exception reported: Language phrase "CMD_Speed" not found (arg 5)
L 12/27/2020 - 23:02:37: [SM] Blaming: advadmin.smx
L 12/27/2020 - 23:02:37: [SM] Call stack trace:
L 12/27/2020 - 23:02:37: [SM]   [0] ShowActivity2
L 12/27/2020 - 23:02:37: [SM]   [1] Line 1167, /home/groups/sourcemod/upload_tmp/phpRYtiXm.sp::CMD_Speed
L 12/27/2020 - 23:02:41: [SM] Exception reported: Language phrase "CMD_Speed" not found (arg 5)
L 12/27/2020 - 23:02:41: [SM] Blaming: advadmin.smx
L 12/27/2020 - 23:02:41: [SM] Call stack trace:
L 12/27/2020 - 23:02:41: [SM]   [0] ShowActivity2
L 12/27/2020 - 23:02:41: [SM]   [1] Line 1167, /home/groups/sourcemod/upload_tmp/phpRYtiXm.sp::CMD_Speed
L 12/27/2020 - 23:02:56: [SM] Exception reported: Language phrase "CMD_Speed" not found (arg 5)
L 12/27/2020 - 23:02:56: [SM] Blaming: advadmin.smx
L 12/27/2020 - 23:02:56: [SM] Call stack trace:
L 12/27/2020 - 23:02:56: [SM]   [0] ShowActivity2
L 12/27/2020 - 23:02:56: [SM]   [1] Line 1167, /home/groups/sourcemod/upload_tmp/phpRYtiXm.sp::CMD_Speed
L 12/27/2020 - 23:03:00: [SM] Exception reported: Language phrase "CMD_Speed" not found (arg 5)
L 12/27/2020 - 23:03:00: [SM] Blaming: advadmin.smx
L 12/27/2020 - 23:03:00: [SM] Call stack trace:
L 12/27/2020 - 23:03:00: [SM]   [0] ShowActivity2
L 12/27/2020 - 23:03:00: [SM]   [1] Line 1167, /home/groups/sourcemod/upload_tmp/phpRYtiXm.sp::CMD_Speed
L 12/27/2020 - 23:03:03: [SM] Exception reported: Language phrase "CMD_Speed" not found (arg 5)
L 12/27/2020 - 23:03:03: [SM] Blaming: advadmin.smx
L 12/27/2020 - 23:03:03: [SM] Call stack trace:
L 12/27/2020 - 23:03:03: [SM]   [0] ShowActivity2
L 12/27/2020 - 23:03:03: [SM]   [1] Line 1167, /home/groups/sourcemod/upload_tmp/phpRYtiXm.sp::CMD_Speed
L 12/27/2020 - 23:03:04: [SM] Exception reported: Language phrase "CMD_Speed" not found (arg 5)
L 12/27/2020 - 23:03:04: [SM] Blaming: advadmin.smx
L 12/27/2020 - 23:03:04: [SM] Call stack trace:
L 12/27/2020 - 23:03:04: [SM]   [0] ShowActivity2
L 12/27/2020 - 23:03:04: [SM]   [1] Line 1167, /home/groups/sourcemod/upload_tmp/phpRYtiXm.sp::CMD_Speed
L 12/27/2020 - 23:03:05: [SM] Exception reported: Language phrase "CMD_Speed" not found (arg 5)
L 12/27/2020 - 23:03:05: [SM] Blaming: advadmin.smx
L 12/27/2020 - 23:03:05: [SM] Call stack trace:
L 12/27/2020 - 23:03:05: [SM]   [0] ShowActivity2
L 12/27/2020 - 23:03:05: [SM]   [1] Line 1167, /home/groups/sourcemod/upload_tmp/phpRYtiXm.sp::CMD_Speed
L 12/27/2020 - 23:03:08: [SM] Exception reported: Language phrase "CMD_Speed" not found (arg 5)
L 12/27/2020 - 23:03:08: [SM] Blaming: advadmin.smx
L 12/27/2020 - 23:03:08: [SM] Call stack trace:
L 12/27/2020 - 23:03:08: [SM]   [0] ShowActivity2
L 12/27/2020 - 23:03:08: [SM]   [1] Line 1167, /home/groups/sourcemod/upload_tmp/phpRYtiXm.sp::CMD_Speed
L 12/27/2020 - 23:03:10: [SM] Exception reported: Language phrase "CMD_Speed" not found (arg 5)
L 12/27/2020 - 23:03:10: [SM] Blaming: advadmin.smx
L 12/27/2020 - 23:03:10: [SM] Call stack trace:
L 12/27/2020 - 23:03:10: [SM]   [0] ShowActivity2
L 12/27/2020 - 23:03:10: [SM]   [1] Line 1167, /home/groups/sourcemod/upload_tmp/phpRYtiXm.sp::CMD_Speed
L 12/27/2020 - 23:03:12: [SM] Exception reported: Language phrase "CMD_Speed" not found (arg 5)
L 12/27/2020 - 23:03:12: [SM] Blaming: advadmin.smx
L 12/27/2020 - 23:03:12: [SM] Call stack trace:
L 12/27/2020 - 23:03:12: [SM]   [0] ShowActivity2
L 12/27/2020 - 23:03:12: [SM]   [1] Line 1167, /home/groups/sourcemod/upload_tmp/phpRYtiXm.sp::CMD_Speed
L 12/28/2020 - 00:17:17: Error log file session closed.
