L 02/08/2021 - 01:48:34: SourceMod error session started
L 02/08/2021 - 01:48:34: Info (map "de_inferno") (file "/home/tcagame/jackm1/599/csgo/addons/sourcemod/logs/errors_20210208.log")
L 02/08/2021 - 01:48:34: [SM] Fatal error encountered parsing translation file "advadmin.phrases.txt"
L 02/08/2021 - 01:48:34: [SM] Error (line 0, column 0): Stream failed to open
L 02/08/2021 - 01:48:48: [SM] Exception reported: Language phrase "Player_Connected_From" not found (arg 3)
L 02/08/2021 - 01:48:48: [SM] Blaming: advadmin.smx
L 02/08/2021 - 01:48:48: [SM] Call stack trace:
L 02/08/2021 - 01:48:48: [SM]   [0] VFormat
L 02/08/2021 - 01:48:48: [SM]   [1] Line 386, /groups/sourcemod/compiler-1.10/include/halflife.inc::PrintToChatAll
L 02/08/2021 - 01:48:48: [SM]   [2] Line 141, /home/groups/sourcemod/upload_tmp/phpRYtiXm.sp::OnClientAuthorized
L 02/08/2021 - 01:53:17: [SM] Exception reported: Language phrase "Player_Connected_From" not found (arg 3)
L 02/08/2021 - 01:53:17: [SM] Blaming: advadmin.smx
L 02/08/2021 - 01:53:17: [SM] Call stack trace:
L 02/08/2021 - 01:53:17: [SM]   [0] VFormat
L 02/08/2021 - 01:53:17: [SM]   [1] Line 386, /groups/sourcemod/compiler-1.10/include/halflife.inc::PrintToChatAll
L 02/08/2021 - 01:53:17: [SM]   [2] Line 141, /home/groups/sourcemod/upload_tmp/phpRYtiXm.sp::OnClientAuthorized
L 02/08/2021 - 01:53:43: [SM] Exception reported: Array index out-of-bounds (index 64, limit 55)
L 02/08/2021 - 01:53:43: [SM] Blaming: weapon_restrict.smx
L 02/08/2021 - 01:53:43: [SM] Call stack trace:
L 02/08/2021 - 01:53:43: [SM]   [1] Line 202, restrictinc/events.sp::CS_OnBuyCommand
L 02/08/2021 - 01:54:08: [SM] Exception reported: Array index out-of-bounds (index 64, limit 55)
L 02/08/2021 - 01:54:08: [SM] Blaming: weapon_restrict.smx
L 02/08/2021 - 01:54:08: [SM] Call stack trace:
L 02/08/2021 - 01:54:08: [SM]   [1] Line 202, restrictinc/events.sp::CS_OnBuyCommand
L 02/08/2021 - 01:57:05: [SM] Exception reported: Array index out-of-bounds (index 64, limit 55)
L 02/08/2021 - 01:57:05: [SM] Blaming: weapon_restrict.smx
L 02/08/2021 - 01:57:05: [SM] Call stack trace:
L 02/08/2021 - 01:57:05: [SM]   [1] Line 202, restrictinc/events.sp::CS_OnBuyCommand
L 02/08/2021 - 02:04:21: Error log file session closed.
L 02/08/2021 - 02:04:21: SourceMod error session started
L 02/08/2021 - 02:04:21: Info (map "de_bank") (file "/home/tcagame/jackm1/599/csgo/addons/sourcemod/logs/errors_20210208.log")
L 02/08/2021 - 02:04:21: [SM] Fatal error encountered parsing translation file "advadmin.phrases.txt"
L 02/08/2021 - 02:04:21: [SM] Error (line 0, column 0): Stream failed to open
L 02/08/2021 - 02:07:52: [SM] Exception reported: Array index out-of-bounds (index 64, limit 55)
L 02/08/2021 - 02:07:52: [SM] Blaming: weapon_restrict.smx
L 02/08/2021 - 02:07:52: [SM] Call stack trace:
L 02/08/2021 - 02:07:52: [SM]   [1] Line 202, restrictinc/events.sp::CS_OnBuyCommand
L 02/08/2021 - 02:08:50: [SM] Exception reported: Array index out-of-bounds (index 64, limit 55)
L 02/08/2021 - 02:08:50: [SM] Blaming: weapon_restrict.smx
L 02/08/2021 - 02:08:50: [SM] Call stack trace:
L 02/08/2021 - 02:08:50: [SM]   [1] Line 202, restrictinc/events.sp::CS_OnBuyCommand
L 02/08/2021 - 02:15:44: [SM] Exception reported: Array index out-of-bounds (index 64, limit 55)
L 02/08/2021 - 02:15:44: [SM] Blaming: weapon_restrict.smx
L 02/08/2021 - 02:15:44: [SM] Call stack trace:
L 02/08/2021 - 02:15:44: [SM]   [1] Line 202, restrictinc/events.sp::CS_OnBuyCommand
L 02/08/2021 - 07:15:54: Error log file session closed.
L 02/08/2021 - 07:15:54: SourceMod error session started
L 02/08/2021 - 07:15:54: Info (map "de_bank") (file "/home/tcagame/jackm1/599/csgo/addons/sourcemod/logs/errors_20210208.log")
L 02/08/2021 - 07:15:54: [SM] Fatal error encountered parsing translation file "advadmin.phrases.txt"
L 02/08/2021 - 07:15:54: [SM] Error (line 0, column 0): Stream failed to open
L 02/08/2021 - 07:16:34: [SM] Exception reported: Language phrase "Player_Connected" not found (arg 3)
L 02/08/2021 - 07:16:34: [SM] Blaming: advadmin.smx
L 02/08/2021 - 07:16:34: [SM] Call stack trace:
L 02/08/2021 - 07:16:34: [SM]   [0] VFormat
L 02/08/2021 - 07:16:34: [SM]   [1] Line 386, /groups/sourcemod/compiler-1.10/include/halflife.inc::PrintToChatAll
L 02/08/2021 - 07:16:34: [SM]   [2] Line 145, /home/groups/sourcemod/upload_tmp/phpRYtiXm.sp::OnClientAuthorized
L 02/08/2021 - 07:31:44: [SM] Exception reported: Language phrase "Player_Connected" not found (arg 3)
L 02/08/2021 - 07:31:44: [SM] Blaming: advadmin.smx
L 02/08/2021 - 07:31:44: [SM] Call stack trace:
L 02/08/2021 - 07:31:44: [SM]   [0] VFormat
L 02/08/2021 - 07:31:44: [SM]   [1] Line 386, /groups/sourcemod/compiler-1.10/include/halflife.inc::PrintToChatAll
L 02/08/2021 - 07:31:44: [SM]   [2] Line 145, /home/groups/sourcemod/upload_tmp/phpRYtiXm.sp::OnClientAuthorized
L 02/08/2021 - 07:31:46: [SM] Exception reported: Language phrase "Player_Connected" not found (arg 3)
L 02/08/2021 - 07:31:46: [SM] Blaming: advadmin.smx
L 02/08/2021 - 07:31:46: [SM] Call stack trace:
L 02/08/2021 - 07:31:46: [SM]   [0] VFormat
L 02/08/2021 - 07:31:46: [SM]   [1] Line 386, /groups/sourcemod/compiler-1.10/include/halflife.inc::PrintToChatAll
L 02/08/2021 - 07:31:46: [SM]   [2] Line 145, /home/groups/sourcemod/upload_tmp/phpRYtiXm.sp::OnClientAuthorized
L 02/08/2021 - 17:26:45: [SM] Exception reported: Language phrase "Player_Connected" not found (arg 3)
L 02/08/2021 - 17:26:45: [SM] Blaming: advadmin.smx
L 02/08/2021 - 17:26:45: [SM] Call stack trace:
L 02/08/2021 - 17:26:45: [SM]   [0] VFormat
L 02/08/2021 - 17:26:45: [SM]   [1] Line 386, /groups/sourcemod/compiler-1.10/include/halflife.inc::PrintToChatAll
L 02/08/2021 - 17:26:45: [SM]   [2] Line 145, /home/groups/sourcemod/upload_tmp/phpRYtiXm.sp::OnClientAuthorized
L 02/08/2021 - 17:26:46: Error log file session closed.
L 02/08/2021 - 17:26:46: SourceMod error session started
L 02/08/2021 - 17:26:46: Info (map "de_bank") (file "/home/tcagame/jackm1/599/csgo/addons/sourcemod/logs/errors_20210208.log")
L 02/08/2021 - 17:26:46: [SM] Fatal error encountered parsing translation file "advadmin.phrases.txt"
L 02/08/2021 - 17:26:46: [SM] Error (line 0, column 0): Stream failed to open
L 02/08/2021 - 17:42:36: [SM] Exception reported: Array index out-of-bounds (index 64, limit 55)
L 02/08/2021 - 17:42:36: [SM] Blaming: weapon_restrict.smx
L 02/08/2021 - 17:42:36: [SM] Call stack trace:
L 02/08/2021 - 17:42:36: [SM]   [1] Line 202, restrictinc/events.sp::CS_OnBuyCommand
L 02/08/2021 - 17:46:19: [SM] Exception reported: Array index out-of-bounds (index 64, limit 55)
L 02/08/2021 - 17:46:19: [SM] Blaming: weapon_restrict.smx
L 02/08/2021 - 17:46:19: [SM] Call stack trace:
L 02/08/2021 - 17:46:19: [SM]   [1] Line 202, restrictinc/events.sp::CS_OnBuyCommand
L 02/08/2021 - 17:52:45: [SM] Exception reported: Language phrase "Player_Connected_From" not found (arg 3)
L 02/08/2021 - 17:52:45: [SM] Blaming: advadmin.smx
L 02/08/2021 - 17:52:45: [SM] Call stack trace:
L 02/08/2021 - 17:52:45: [SM]   [0] VFormat
L 02/08/2021 - 17:52:45: [SM]   [1] Line 386, /groups/sourcemod/compiler-1.10/include/halflife.inc::PrintToChatAll
L 02/08/2021 - 17:52:45: [SM]   [2] Line 141, /home/groups/sourcemod/upload_tmp/phpRYtiXm.sp::OnClientAuthorized
L 02/08/2021 - 17:53:42: Error log file session closed.
L 02/08/2021 - 17:53:42: SourceMod error session started
L 02/08/2021 - 17:53:42: Info (map "de_bank") (file "/home/tcagame/jackm1/599/csgo/addons/sourcemod/logs/errors_20210208.log")
L 02/08/2021 - 17:53:42: [SM] Fatal error encountered parsing translation file "advadmin.phrases.txt"
L 02/08/2021 - 17:53:42: [SM] Error (line 0, column 0): Stream failed to open
L 02/08/2021 - 17:53:52: [SM] Exception reported: Array index out-of-bounds (index 64, limit 55)
L 02/08/2021 - 17:53:52: [SM] Blaming: weapon_restrict.smx
L 02/08/2021 - 17:53:52: [SM] Call stack trace:
L 02/08/2021 - 17:53:52: [SM]   [1] Line 202, restrictinc/events.sp::CS_OnBuyCommand
L 02/08/2021 - 17:53:54: [SM] Exception reported: Language phrase "Player_Connected_From" not found (arg 3)
L 02/08/2021 - 17:53:54: [SM] Blaming: advadmin.smx
L 02/08/2021 - 17:53:54: [SM] Call stack trace:
L 02/08/2021 - 17:53:54: [SM]   [0] VFormat
L 02/08/2021 - 17:53:54: [SM]   [1] Line 386, /groups/sourcemod/compiler-1.10/include/halflife.inc::PrintToChatAll
L 02/08/2021 - 17:53:54: [SM]   [2] Line 141, /home/groups/sourcemod/upload_tmp/phpRYtiXm.sp::OnClientAuthorized
L 02/08/2021 - 17:54:59: [SM] Exception reported: Array index out-of-bounds (index 64, limit 55)
L 02/08/2021 - 17:54:59: [SM] Blaming: weapon_restrict.smx
L 02/08/2021 - 17:54:59: [SM] Call stack trace:
L 02/08/2021 - 17:54:59: [SM]   [1] Line 202, restrictinc/events.sp::CS_OnBuyCommand
L 02/08/2021 - 17:55:44: [SM] Exception reported: Array index out-of-bounds (index 64, limit 55)
L 02/08/2021 - 17:55:44: [SM] Blaming: weapon_restrict.smx
L 02/08/2021 - 17:55:44: [SM] Call stack trace:
L 02/08/2021 - 17:55:44: [SM]   [1] Line 202, restrictinc/events.sp::CS_OnBuyCommand
L 02/08/2021 - 17:55:52: [SM] Exception reported: Array index out-of-bounds (index 64, limit 55)
L 02/08/2021 - 17:55:52: [SM] Blaming: weapon_restrict.smx
L 02/08/2021 - 17:55:52: [SM] Call stack trace:
L 02/08/2021 - 17:55:52: [SM]   [1] Line 202, restrictinc/events.sp::CS_OnBuyCommand
L 02/08/2021 - 18:04:19: [SM] Exception reported: Array index out-of-bounds (index 64, limit 55)
L 02/08/2021 - 18:04:19: [SM] Blaming: weapon_restrict.smx
L 02/08/2021 - 18:04:19: [SM] Call stack trace:
L 02/08/2021 - 18:04:19: [SM]   [1] Line 202, restrictinc/events.sp::CS_OnBuyCommand
L 02/08/2021 - 18:16:14: [SM] Exception reported: Language phrase "Player_Connected_From" not found (arg 3)
L 02/08/2021 - 18:16:14: [SM] Blaming: advadmin.smx
L 02/08/2021 - 18:16:14: [SM] Call stack trace:
L 02/08/2021 - 18:16:14: [SM]   [0] VFormat
L 02/08/2021 - 18:16:14: [SM]   [1] Line 386, /groups/sourcemod/compiler-1.10/include/halflife.inc::PrintToChatAll
L 02/08/2021 - 18:16:14: [SM]   [2] Line 141, /home/groups/sourcemod/upload_tmp/phpRYtiXm.sp::OnClientAuthorized
L 02/08/2021 - 18:16:16: [SM] Exception reported: Language phrase "Player_Connected_From" not found (arg 3)
L 02/08/2021 - 18:16:16: [SM] Blaming: advadmin.smx
L 02/08/2021 - 18:16:16: [SM] Call stack trace:
L 02/08/2021 - 18:16:16: [SM]   [0] VFormat
L 02/08/2021 - 18:16:16: [SM]   [1] Line 386, /groups/sourcemod/compiler-1.10/include/halflife.inc::PrintToChatAll
L 02/08/2021 - 18:16:16: [SM]   [2] Line 141, /home/groups/sourcemod/upload_tmp/phpRYtiXm.sp::OnClientAuthorized
L 02/08/2021 - 18:16:38: [SM] Exception reported: Language phrase "Player_Connected_From" not found (arg 3)
L 02/08/2021 - 18:16:38: [SM] Blaming: advadmin.smx
L 02/08/2021 - 18:16:38: [SM] Call stack trace:
L 02/08/2021 - 18:16:38: [SM]   [0] VFormat
L 02/08/2021 - 18:16:38: [SM]   [1] Line 386, /groups/sourcemod/compiler-1.10/include/halflife.inc::PrintToChatAll
L 02/08/2021 - 18:16:38: [SM]   [2] Line 141, /home/groups/sourcemod/upload_tmp/phpRYtiXm.sp::OnClientAuthorized
L 02/08/2021 - 18:20:49: [SM] Exception reported: Language phrase "Player_Connected_From" not found (arg 3)
L 02/08/2021 - 18:20:49: [SM] Blaming: advadmin.smx
L 02/08/2021 - 18:20:49: [SM] Call stack trace:
L 02/08/2021 - 18:20:49: [SM]   [0] VFormat
L 02/08/2021 - 18:20:49: [SM]   [1] Line 386, /groups/sourcemod/compiler-1.10/include/halflife.inc::PrintToChatAll
L 02/08/2021 - 18:20:49: [SM]   [2] Line 141, /home/groups/sourcemod/upload_tmp/phpRYtiXm.sp::OnClientAuthorized
L 02/08/2021 - 23:29:34: Error log file session closed.
L 02/08/2021 - 23:29:34: SourceMod error session started
L 02/08/2021 - 23:29:34: Info (map "de_bank") (file "/home/tcagame/jackm1/599/csgo/addons/sourcemod/logs/errors_20210208.log")
L 02/08/2021 - 23:29:34: [SM] Fatal error encountered parsing translation file "advadmin.phrases.txt"
L 02/08/2021 - 23:29:34: [SM] Error (line 0, column 0): Stream failed to open
L 02/08/2021 - 23:31:12: [SM] Exception reported: Language phrase "Player_Connected_From" not found (arg 3)
L 02/08/2021 - 23:31:12: [SM] Blaming: advadmin.smx
L 02/08/2021 - 23:31:12: [SM] Call stack trace:
L 02/08/2021 - 23:31:12: [SM]   [0] VFormat
L 02/08/2021 - 23:31:12: [SM]   [1] Line 386, /groups/sourcemod/compiler-1.10/include/halflife.inc::PrintToChatAll
L 02/08/2021 - 23:31:12: [SM]   [2] Line 141, /home/groups/sourcemod/upload_tmp/phpRYtiXm.sp::OnClientAuthorized
L 02/08/2021 - 23:31:19: [SM] Exception reported: Language phrase "Player_Connected_From" not found (arg 3)
L 02/08/2021 - 23:31:19: [SM] Blaming: advadmin.smx
L 02/08/2021 - 23:31:19: [SM] Call stack trace:
L 02/08/2021 - 23:31:19: [SM]   [0] VFormat
L 02/08/2021 - 23:31:19: [SM]   [1] Line 386, /groups/sourcemod/compiler-1.10/include/halflife.inc::PrintToChatAll
L 02/08/2021 - 23:31:19: [SM]   [2] Line 141, /home/groups/sourcemod/upload_tmp/phpRYtiXm.sp::OnClientAuthorized
L 02/08/2021 - 23:34:03: [SM] Exception reported: Array index out-of-bounds (index 64, limit 55)
L 02/08/2021 - 23:34:03: [SM] Blaming: weapon_restrict.smx
L 02/08/2021 - 23:34:03: [SM] Call stack trace:
L 02/08/2021 - 23:34:03: [SM]   [1] Line 202, restrictinc/events.sp::CS_OnBuyCommand
L 02/08/2021 - 23:34:04: [SM] Exception reported: Array index out-of-bounds (index 64, limit 55)
L 02/08/2021 - 23:34:04: [SM] Blaming: weapon_restrict.smx
L 02/08/2021 - 23:34:04: [SM] Call stack trace:
L 02/08/2021 - 23:34:04: [SM]   [1] Line 202, restrictinc/events.sp::CS_OnBuyCommand
L 02/08/2021 - 23:34:12: [SM] Exception reported: Array index out-of-bounds (index 64, limit 55)
L 02/08/2021 - 23:34:12: [SM] Blaming: weapon_restrict.smx
L 02/08/2021 - 23:34:12: [SM] Call stack trace:
L 02/08/2021 - 23:34:12: [SM]   [1] Line 202, restrictinc/events.sp::CS_OnBuyCommand
L 02/08/2021 - 23:34:13: [SM] Exception reported: Array index out-of-bounds (index 64, limit 55)
L 02/08/2021 - 23:34:13: [SM] Blaming: weapon_restrict.smx
L 02/08/2021 - 23:34:13: [SM] Call stack trace:
L 02/08/2021 - 23:34:13: [SM]   [1] Line 202, restrictinc/events.sp::CS_OnBuyCommand
L 02/08/2021 - 23:34:18: [SM] Exception reported: Array index out-of-bounds (index 64, limit 55)
L 02/08/2021 - 23:34:18: [SM] Blaming: weapon_restrict.smx
L 02/08/2021 - 23:34:18: [SM] Call stack trace:
L 02/08/2021 - 23:34:18: [SM]   [1] Line 202, restrictinc/events.sp::CS_OnBuyCommand
L 02/08/2021 - 23:34:24: [SM] Exception reported: Array index out-of-bounds (index 64, limit 55)
L 02/08/2021 - 23:34:24: [SM] Blaming: weapon_restrict.smx
L 02/08/2021 - 23:34:24: [SM] Call stack trace:
L 02/08/2021 - 23:34:24: [SM]   [1] Line 202, restrictinc/events.sp::CS_OnBuyCommand
L 02/08/2021 - 23:35:12: [SM] Exception reported: Array index out-of-bounds (index 64, limit 55)
L 02/08/2021 - 23:35:12: [SM] Blaming: weapon_restrict.smx
L 02/08/2021 - 23:35:12: [SM] Call stack trace:
L 02/08/2021 - 23:35:12: [SM]   [1] Line 202, restrictinc/events.sp::CS_OnBuyCommand
L 02/08/2021 - 23:35:17: [SM] Exception reported: Array index out-of-bounds (index 64, limit 55)
L 02/08/2021 - 23:35:17: [SM] Blaming: weapon_restrict.smx
L 02/08/2021 - 23:35:17: [SM] Call stack trace:
L 02/08/2021 - 23:35:17: [SM]   [1] Line 202, restrictinc/events.sp::CS_OnBuyCommand
L 02/08/2021 - 23:40:11: [SM] Exception reported: Array index out-of-bounds (index 64, limit 55)
L 02/08/2021 - 23:40:11: [SM] Blaming: weapon_restrict.smx
L 02/08/2021 - 23:40:11: [SM] Call stack trace:
L 02/08/2021 - 23:40:11: [SM]   [1] Line 202, restrictinc/events.sp::CS_OnBuyCommand
L 02/08/2021 - 23:40:17: [SM] Exception reported: Array index out-of-bounds (index 64, limit 55)
L 02/08/2021 - 23:40:17: [SM] Blaming: weapon_restrict.smx
L 02/08/2021 - 23:40:17: [SM] Call stack trace:
L 02/08/2021 - 23:40:17: [SM]   [1] Line 202, restrictinc/events.sp::CS_OnBuyCommand
L 02/08/2021 - 23:40:18: [SM] Exception reported: Array index out-of-bounds (index 64, limit 55)
L 02/08/2021 - 23:40:18: [SM] Blaming: weapon_restrict.smx
L 02/08/2021 - 23:40:18: [SM] Call stack trace:
L 02/08/2021 - 23:40:18: [SM]   [1] Line 202, restrictinc/events.sp::CS_OnBuyCommand
L 02/09/2021 - 12:38:49: Error log file session closed.
