L 01/31/2021 - 00:48:11: SourceMod error session started
L 01/31/2021 - 00:48:11: Info (map "de_dust2") (file "/home/tcagame/jackm1/599/csgo/addons/sourcemod/logs/errors_20210131.log")
L 01/31/2021 - 00:48:11: [SM] Fatal error encountered parsing translation file "advadmin.phrases.txt"
L 01/31/2021 - 00:48:11: [SM] Error (line 0, column 0): Stream failed to open
L 01/31/2021 - 00:50:17: [SM] Exception reported: Language phrase "Player_Connected_From" not found (arg 3)
L 01/31/2021 - 00:50:17: [SM] Blaming: advadmin.smx
L 01/31/2021 - 00:50:17: [SM] Call stack trace:
L 01/31/2021 - 00:50:17: [SM]   [0] VFormat
L 01/31/2021 - 00:50:17: [SM]   [1] Line 386, /groups/sourcemod/compiler-1.10/include/halflife.inc::PrintToChatAll
L 01/31/2021 - 00:50:17: [SM]   [2] Line 141, /home/groups/sourcemod/upload_tmp/phpRYtiXm.sp::OnClientAuthorized
L 01/31/2021 - 00:54:41: [SM] Exception reported: Language phrase "Player_Connected_From" not found (arg 3)
L 01/31/2021 - 00:54:41: [SM] Blaming: advadmin.smx
L 01/31/2021 - 00:54:41: [SM] Call stack trace:
L 01/31/2021 - 00:54:41: [SM]   [0] VFormat
L 01/31/2021 - 00:54:41: [SM]   [1] Line 386, /groups/sourcemod/compiler-1.10/include/halflife.inc::PrintToChatAll
L 01/31/2021 - 00:54:41: [SM]   [2] Line 141, /home/groups/sourcemod/upload_tmp/phpRYtiXm.sp::OnClientAuthorized
L 01/31/2021 - 00:55:46: [SM] Exception reported: Array index out-of-bounds (index 64, limit 55)
L 01/31/2021 - 00:55:46: [SM] Blaming: weapon_restrict.smx
L 01/31/2021 - 00:55:46: [SM] Call stack trace:
L 01/31/2021 - 00:55:46: [SM]   [1] Line 202, restrictinc/events.sp::CS_OnBuyCommand
L 01/31/2021 - 00:57:03: [SM] Exception reported: Array index out-of-bounds (index 64, limit 55)
L 01/31/2021 - 00:57:03: [SM] Blaming: weapon_restrict.smx
L 01/31/2021 - 00:57:03: [SM] Call stack trace:
L 01/31/2021 - 00:57:03: [SM]   [1] Line 202, restrictinc/events.sp::CS_OnBuyCommand
L 01/31/2021 - 01:00:50: [SM] Exception reported: Array index out-of-bounds (index 64, limit 55)
L 01/31/2021 - 01:00:50: [SM] Blaming: weapon_restrict.smx
L 01/31/2021 - 01:00:50: [SM] Call stack trace:
L 01/31/2021 - 01:00:50: [SM]   [1] Line 202, restrictinc/events.sp::CS_OnBuyCommand
L 01/31/2021 - 01:03:02: Error log file session closed.
L 01/31/2021 - 01:03:02: SourceMod error session started
L 01/31/2021 - 01:03:02: Info (map "de_dust2") (file "/home/tcagame/jackm1/599/csgo/addons/sourcemod/logs/errors_20210131.log")
L 01/31/2021 - 01:03:02: [SM] Fatal error encountered parsing translation file "advadmin.phrases.txt"
L 01/31/2021 - 01:03:02: [SM] Error (line 0, column 0): Stream failed to open
L 01/31/2021 - 01:03:31: [SM] Exception reported: Language phrase "Player_Connected_From" not found (arg 3)
L 01/31/2021 - 01:03:31: [SM] Blaming: advadmin.smx
L 01/31/2021 - 01:03:31: [SM] Call stack trace:
L 01/31/2021 - 01:03:31: [SM]   [0] VFormat
L 01/31/2021 - 01:03:31: [SM]   [1] Line 386, /groups/sourcemod/compiler-1.10/include/halflife.inc::PrintToChatAll
L 01/31/2021 - 01:03:31: [SM]   [2] Line 141, /home/groups/sourcemod/upload_tmp/phpRYtiXm.sp::OnClientAuthorized
L 01/31/2021 - 01:03:32: [SM] Exception reported: Language phrase "Player_Connected_From" not found (arg 3)
L 01/31/2021 - 01:03:32: [SM] Blaming: advadmin.smx
L 01/31/2021 - 01:03:32: [SM] Call stack trace:
L 01/31/2021 - 01:03:32: [SM]   [0] VFormat
L 01/31/2021 - 01:03:32: [SM]   [1] Line 386, /groups/sourcemod/compiler-1.10/include/halflife.inc::PrintToChatAll
L 01/31/2021 - 01:03:32: [SM]   [2] Line 141, /home/groups/sourcemod/upload_tmp/phpRYtiXm.sp::OnClientAuthorized
L 01/31/2021 - 01:03:51: [SM] Exception reported: Array index out-of-bounds (index 64, limit 55)
L 01/31/2021 - 01:03:51: [SM] Blaming: weapon_restrict.smx
L 01/31/2021 - 01:03:51: [SM] Call stack trace:
L 01/31/2021 - 01:03:51: [SM]   [1] Line 202, restrictinc/events.sp::CS_OnBuyCommand
L 01/31/2021 - 01:04:06: [SM] Exception reported: Array index out-of-bounds (index 64, limit 55)
L 01/31/2021 - 01:04:06: [SM] Blaming: weapon_restrict.smx
L 01/31/2021 - 01:04:06: [SM] Call stack trace:
L 01/31/2021 - 01:04:06: [SM]   [1] Line 202, restrictinc/events.sp::CS_OnBuyCommand
L 01/31/2021 - 01:08:09: [SM] Exception reported: Array index out-of-bounds (index 64, limit 55)
L 01/31/2021 - 01:08:09: [SM] Blaming: weapon_restrict.smx
L 01/31/2021 - 01:08:09: [SM] Call stack trace:
L 01/31/2021 - 01:08:09: [SM]   [1] Line 202, restrictinc/events.sp::CS_OnBuyCommand
L 01/31/2021 - 01:09:04: [SM] Exception reported: Array index out-of-bounds (index 64, limit 55)
L 01/31/2021 - 01:09:04: [SM] Blaming: weapon_restrict.smx
L 01/31/2021 - 01:09:04: [SM] Call stack trace:
L 01/31/2021 - 01:09:04: [SM]   [1] Line 202, restrictinc/events.sp::CS_OnBuyCommand
L 01/31/2021 - 01:13:38: [SM] Exception reported: Array index out-of-bounds (index 64, limit 55)
L 01/31/2021 - 01:13:38: [SM] Blaming: weapon_restrict.smx
L 01/31/2021 - 01:13:38: [SM] Call stack trace:
L 01/31/2021 - 01:13:38: [SM]   [1] Line 202, restrictinc/events.sp::CS_OnBuyCommand
L 01/31/2021 - 01:14:49: [SM] Exception reported: Array index out-of-bounds (index 64, limit 55)
L 01/31/2021 - 01:14:49: [SM] Blaming: weapon_restrict.smx
L 01/31/2021 - 01:14:49: [SM] Call stack trace:
L 01/31/2021 - 01:14:49: [SM]   [1] Line 202, restrictinc/events.sp::CS_OnBuyCommand
L 01/31/2021 - 12:59:50: Error log file session closed.
L 01/31/2021 - 12:59:50: SourceMod error session started
L 01/31/2021 - 12:59:50: Info (map "de_dust2") (file "/home/tcagame/jackm1/599/csgo/addons/sourcemod/logs/errors_20210131.log")
L 01/31/2021 - 12:59:50: [SM] Fatal error encountered parsing translation file "advadmin.phrases.txt"
L 01/31/2021 - 12:59:50: [SM] Error (line 0, column 0): Stream failed to open
L 01/31/2021 - 13:04:51: [SM] Exception reported: Language phrase "Player_Connected_From" not found (arg 3)
L 01/31/2021 - 13:04:51: [SM] Blaming: advadmin.smx
L 01/31/2021 - 13:04:51: [SM] Call stack trace:
L 01/31/2021 - 13:04:51: [SM]   [0] VFormat
L 01/31/2021 - 13:04:51: [SM]   [1] Line 386, /groups/sourcemod/compiler-1.10/include/halflife.inc::PrintToChatAll
L 01/31/2021 - 13:04:51: [SM]   [2] Line 141, /home/groups/sourcemod/upload_tmp/phpRYtiXm.sp::OnClientAuthorized
L 01/31/2021 - 13:05:57: [SM] Exception reported: Array index out-of-bounds (index 64, limit 55)
L 01/31/2021 - 13:05:57: [SM] Blaming: weapon_restrict.smx
L 01/31/2021 - 13:05:57: [SM] Call stack trace:
L 01/31/2021 - 13:05:57: [SM]   [1] Line 202, restrictinc/events.sp::CS_OnBuyCommand
L 01/31/2021 - 13:07:00: [SM] Exception reported: Array index out-of-bounds (index 64, limit 55)
L 01/31/2021 - 13:07:00: [SM] Blaming: weapon_restrict.smx
L 01/31/2021 - 13:07:00: [SM] Call stack trace:
L 01/31/2021 - 13:07:00: [SM]   [1] Line 202, restrictinc/events.sp::CS_OnBuyCommand
L 01/31/2021 - 13:07:29: [SM] Exception reported: Language phrase "Player_Connected" not found (arg 3)
L 01/31/2021 - 13:07:29: [SM] Blaming: advadmin.smx
L 01/31/2021 - 13:07:29: [SM] Call stack trace:
L 01/31/2021 - 13:07:29: [SM]   [0] VFormat
L 01/31/2021 - 13:07:29: [SM]   [1] Line 386, /groups/sourcemod/compiler-1.10/include/halflife.inc::PrintToChatAll
L 01/31/2021 - 13:07:29: [SM]   [2] Line 145, /home/groups/sourcemod/upload_tmp/phpRYtiXm.sp::OnClientAuthorized
L 01/31/2021 - 13:07:40: [SM] Exception reported: Array index out-of-bounds (index 64, limit 55)
L 01/31/2021 - 13:07:40: [SM] Blaming: weapon_restrict.smx
L 01/31/2021 - 13:07:40: [SM] Call stack trace:
L 01/31/2021 - 13:07:40: [SM]   [1] Line 202, restrictinc/events.sp::CS_OnBuyCommand
L 01/31/2021 - 13:07:49: [SM] Exception reported: Array index out-of-bounds (index 64, limit 55)
L 01/31/2021 - 13:07:49: [SM] Blaming: weapon_restrict.smx
L 01/31/2021 - 13:07:49: [SM] Call stack trace:
L 01/31/2021 - 13:07:49: [SM]   [1] Line 202, restrictinc/events.sp::CS_OnBuyCommand
L 01/31/2021 - 13:08:12: [SM] Exception reported: Array index out-of-bounds (index 64, limit 55)
L 01/31/2021 - 13:08:12: [SM] Blaming: weapon_restrict.smx
L 01/31/2021 - 13:08:12: [SM] Call stack trace:
L 01/31/2021 - 13:08:12: [SM]   [1] Line 202, restrictinc/events.sp::CS_OnBuyCommand
L 01/31/2021 - 13:10:09: [SM] Exception reported: Language phrase "Player_Connected_From" not found (arg 3)
L 01/31/2021 - 13:10:09: [SM] Blaming: advadmin.smx
L 01/31/2021 - 13:10:09: [SM] Call stack trace:
L 01/31/2021 - 13:10:09: [SM]   [0] VFormat
L 01/31/2021 - 13:10:09: [SM]   [1] Line 386, /groups/sourcemod/compiler-1.10/include/halflife.inc::PrintToChatAll
L 01/31/2021 - 13:10:09: [SM]   [2] Line 141, /home/groups/sourcemod/upload_tmp/phpRYtiXm.sp::OnClientAuthorized
L 01/31/2021 - 13:10:15: [SM] Exception reported: Language phrase "Player_Connected_From" not found (arg 3)
L 01/31/2021 - 13:10:15: [SM] Blaming: advadmin.smx
L 01/31/2021 - 13:10:15: [SM] Call stack trace:
L 01/31/2021 - 13:10:15: [SM]   [0] VFormat
L 01/31/2021 - 13:10:15: [SM]   [1] Line 386, /groups/sourcemod/compiler-1.10/include/halflife.inc::PrintToChatAll
L 01/31/2021 - 13:10:15: [SM]   [2] Line 141, /home/groups/sourcemod/upload_tmp/phpRYtiXm.sp::OnClientAuthorized
L 01/31/2021 - 13:13:46: Error log file session closed.
L 01/31/2021 - 13:13:46: SourceMod error session started
L 01/31/2021 - 13:13:46: Info (map "de_shortdust") (file "/home/tcagame/jackm1/599/csgo/addons/sourcemod/logs/errors_20210131.log")
L 01/31/2021 - 13:13:46: [SM] Fatal error encountered parsing translation file "advadmin.phrases.txt"
L 01/31/2021 - 13:13:46: [SM] Error (line 0, column 0): Stream failed to open
L 01/31/2021 - 13:16:21: [SM] Exception reported: Array index out-of-bounds (index 64, limit 55)
L 01/31/2021 - 13:16:21: [SM] Blaming: weapon_restrict.smx
L 01/31/2021 - 13:16:21: [SM] Call stack trace:
L 01/31/2021 - 13:16:21: [SM]   [1] Line 202, restrictinc/events.sp::CS_OnBuyCommand
L 01/31/2021 - 13:17:28: [SM] Exception reported: Array index out-of-bounds (index 64, limit 55)
L 01/31/2021 - 13:17:28: [SM] Blaming: weapon_restrict.smx
L 01/31/2021 - 13:17:28: [SM] Call stack trace:
L 01/31/2021 - 13:17:28: [SM]   [1] Line 202, restrictinc/events.sp::CS_OnBuyCommand
L 01/31/2021 - 13:21:25: [SM] Exception reported: Array index out-of-bounds (index 64, limit 55)
L 01/31/2021 - 13:21:25: [SM] Blaming: weapon_restrict.smx
L 01/31/2021 - 13:21:25: [SM] Call stack trace:
L 01/31/2021 - 13:21:25: [SM]   [1] Line 202, restrictinc/events.sp::CS_OnBuyCommand
L 01/31/2021 - 13:22:02: [SM] Exception reported: Array index out-of-bounds (index 64, limit 55)
L 01/31/2021 - 13:22:02: [SM] Blaming: weapon_restrict.smx
L 01/31/2021 - 13:22:02: [SM] Call stack trace:
L 01/31/2021 - 13:22:02: [SM]   [1] Line 202, restrictinc/events.sp::CS_OnBuyCommand
L 01/31/2021 - 13:36:29: Error log file session closed.
L 01/31/2021 - 13:36:29: SourceMod error session started
L 01/31/2021 - 13:36:29: Info (map "de_shortdust") (file "/home/tcagame/jackm1/599/csgo/addons/sourcemod/logs/errors_20210131.log")
L 01/31/2021 - 13:36:29: [SM] Fatal error encountered parsing translation file "advadmin.phrases.txt"
L 01/31/2021 - 13:36:29: [SM] Error (line 0, column 0): Stream failed to open
L 01/31/2021 - 19:08:44: Error log file session closed.
L 01/31/2021 - 19:08:44: SourceMod error session started
L 01/31/2021 - 19:08:44: Info (map "de_shortdust") (file "/home/tcagame/jackm1/599/csgo/addons/sourcemod/logs/errors_20210131.log")
L 01/31/2021 - 19:08:44: [SM] Fatal error encountered parsing translation file "advadmin.phrases.txt"
L 01/31/2021 - 19:08:44: [SM] Error (line 0, column 0): Stream failed to open
L 01/31/2021 - 19:10:03: [SM] Exception reported: Language phrase "Player_Connected" not found (arg 3)
L 01/31/2021 - 19:10:03: [SM] Blaming: advadmin.smx
L 01/31/2021 - 19:10:03: [SM] Call stack trace:
L 01/31/2021 - 19:10:03: [SM]   [0] VFormat
L 01/31/2021 - 19:10:03: [SM]   [1] Line 386, /groups/sourcemod/compiler-1.10/include/halflife.inc::PrintToChatAll
L 01/31/2021 - 19:10:03: [SM]   [2] Line 145, /home/groups/sourcemod/upload_tmp/phpRYtiXm.sp::OnClientAuthorized
L 01/31/2021 - 19:13:05: Error log file session closed.
L 01/31/2021 - 19:13:05: SourceMod error session started
L 01/31/2021 - 19:13:05: Info (map "de_inferno") (file "/home/tcagame/jackm1/599/csgo/addons/sourcemod/logs/errors_20210131.log")
L 01/31/2021 - 19:13:05: [SM] Fatal error encountered parsing translation file "advadmin.phrases.txt"
L 01/31/2021 - 19:13:05: [SM] Error (line 0, column 0): Stream failed to open
L 01/31/2021 - 19:14:00: [SM] Exception reported: Array index out-of-bounds (index 64, limit 55)
L 01/31/2021 - 19:14:00: [SM] Blaming: weapon_restrict.smx
L 01/31/2021 - 19:14:00: [SM] Call stack trace:
L 01/31/2021 - 19:14:00: [SM]   [1] Line 202, restrictinc/events.sp::CS_OnBuyCommand
L 01/31/2021 - 19:15:06: [SM] Exception reported: Array index out-of-bounds (index 64, limit 55)
L 01/31/2021 - 19:15:06: [SM] Blaming: weapon_restrict.smx
L 01/31/2021 - 19:15:06: [SM] Call stack trace:
L 01/31/2021 - 19:15:06: [SM]   [1] Line 202, restrictinc/events.sp::CS_OnBuyCommand
L 01/31/2021 - 19:15:50: [SM] Exception reported: Array index out-of-bounds (index 64, limit 55)
L 01/31/2021 - 19:15:50: [SM] Blaming: weapon_restrict.smx
L 01/31/2021 - 19:15:50: [SM] Call stack trace:
L 01/31/2021 - 19:15:50: [SM]   [1] Line 202, restrictinc/events.sp::CS_OnBuyCommand
L 01/31/2021 - 19:16:38: [SM] Exception reported: Array index out-of-bounds (index 64, limit 55)
L 01/31/2021 - 19:16:38: [SM] Blaming: weapon_restrict.smx
L 01/31/2021 - 19:16:38: [SM] Call stack trace:
L 01/31/2021 - 19:16:38: [SM]   [1] Line 202, restrictinc/events.sp::CS_OnBuyCommand
L 01/31/2021 - 19:20:17: [SM] Exception reported: Array index out-of-bounds (index 64, limit 55)
L 01/31/2021 - 19:20:17: [SM] Blaming: weapon_restrict.smx
L 01/31/2021 - 19:20:17: [SM] Call stack trace:
L 01/31/2021 - 19:20:17: [SM]   [1] Line 202, restrictinc/events.sp::CS_OnBuyCommand
L 01/31/2021 - 19:23:46: [SM] Exception reported: Array index out-of-bounds (index 64, limit 55)
L 01/31/2021 - 19:23:46: [SM] Blaming: weapon_restrict.smx
L 01/31/2021 - 19:23:46: [SM] Call stack trace:
L 01/31/2021 - 19:23:46: [SM]   [1] Line 202, restrictinc/events.sp::CS_OnBuyCommand
L 01/31/2021 - 19:26:22: [SM] Exception reported: Array index out-of-bounds (index 64, limit 55)
L 01/31/2021 - 19:26:22: [SM] Blaming: weapon_restrict.smx
L 01/31/2021 - 19:26:22: [SM] Call stack trace:
L 01/31/2021 - 19:26:22: [SM]   [1] Line 202, restrictinc/events.sp::CS_OnBuyCommand
L 01/31/2021 - 19:27:40: [SM] Exception reported: Array index out-of-bounds (index 64, limit 55)
L 01/31/2021 - 19:27:40: [SM] Blaming: weapon_restrict.smx
L 01/31/2021 - 19:27:40: [SM] Call stack trace:
L 01/31/2021 - 19:27:40: [SM]   [1] Line 202, restrictinc/events.sp::CS_OnBuyCommand
L 01/31/2021 - 19:29:01: [SM] Exception reported: Language phrase "Player_Connected_From" not found (arg 3)
L 01/31/2021 - 19:29:01: [SM] Blaming: advadmin.smx
L 01/31/2021 - 19:29:01: [SM] Call stack trace:
L 01/31/2021 - 19:29:01: [SM]   [0] VFormat
L 01/31/2021 - 19:29:01: [SM]   [1] Line 386, /groups/sourcemod/compiler-1.10/include/halflife.inc::PrintToChatAll
L 01/31/2021 - 19:29:01: [SM]   [2] Line 141, /home/groups/sourcemod/upload_tmp/phpRYtiXm.sp::OnClientAuthorized
L 01/31/2021 - 19:29:49: [SM] Exception reported: Language phrase "Player_Connected_From" not found (arg 3)
L 01/31/2021 - 19:29:49: [SM] Blaming: advadmin.smx
L 01/31/2021 - 19:29:49: [SM] Call stack trace:
L 01/31/2021 - 19:29:49: [SM]   [0] VFormat
L 01/31/2021 - 19:29:49: [SM]   [1] Line 386, /groups/sourcemod/compiler-1.10/include/halflife.inc::PrintToChatAll
L 01/31/2021 - 19:29:49: [SM]   [2] Line 141, /home/groups/sourcemod/upload_tmp/phpRYtiXm.sp::OnClientAuthorized
L 01/31/2021 - 19:30:51: [SM] Exception reported: Language phrase "Player_Connected_From" not found (arg 3)
L 01/31/2021 - 19:30:51: [SM] Blaming: advadmin.smx
L 01/31/2021 - 19:30:51: [SM] Call stack trace:
L 01/31/2021 - 19:30:51: [SM]   [0] VFormat
L 01/31/2021 - 19:30:51: [SM]   [1] Line 386, /groups/sourcemod/compiler-1.10/include/halflife.inc::PrintToChatAll
L 01/31/2021 - 19:30:51: [SM]   [2] Line 141, /home/groups/sourcemod/upload_tmp/phpRYtiXm.sp::OnClientAuthorized
L 01/31/2021 - 19:31:07: [SM] Exception reported: Array index out-of-bounds (index 64, limit 55)
L 01/31/2021 - 19:31:07: [SM] Blaming: weapon_restrict.smx
L 01/31/2021 - 19:31:07: [SM] Call stack trace:
L 01/31/2021 - 19:31:07: [SM]   [1] Line 202, restrictinc/events.sp::CS_OnBuyCommand
L 01/31/2021 - 19:31:17: [SM] Exception reported: Language phrase "Player_Connected_From" not found (arg 3)
L 01/31/2021 - 19:31:17: [SM] Blaming: advadmin.smx
L 01/31/2021 - 19:31:17: [SM] Call stack trace:
L 01/31/2021 - 19:31:17: [SM]   [0] VFormat
L 01/31/2021 - 19:31:17: [SM]   [1] Line 386, /groups/sourcemod/compiler-1.10/include/halflife.inc::PrintToChatAll
L 01/31/2021 - 19:31:17: [SM]   [2] Line 141, /home/groups/sourcemod/upload_tmp/phpRYtiXm.sp::OnClientAuthorized
L 01/31/2021 - 19:33:39: [SM] Exception reported: Array index out-of-bounds (index 64, limit 55)
L 01/31/2021 - 19:33:39: [SM] Blaming: weapon_restrict.smx
L 01/31/2021 - 19:33:39: [SM] Call stack trace:
L 01/31/2021 - 19:33:39: [SM]   [1] Line 202, restrictinc/events.sp::CS_OnBuyCommand
L 01/31/2021 - 19:34:08: [SM] Exception reported: Array index out-of-bounds (index 64, limit 55)
L 01/31/2021 - 19:34:08: [SM] Blaming: weapon_restrict.smx
L 01/31/2021 - 19:34:08: [SM] Call stack trace:
L 01/31/2021 - 19:34:08: [SM]   [1] Line 202, restrictinc/events.sp::CS_OnBuyCommand
L 01/31/2021 - 19:37:15: Error log file session closed.
L 01/31/2021 - 19:37:15: SourceMod error session started
L 01/31/2021 - 19:37:15: Info (map "de_bank") (file "/home/tcagame/jackm1/599/csgo/addons/sourcemod/logs/errors_20210131.log")
L 01/31/2021 - 19:37:15: [SM] Fatal error encountered parsing translation file "advadmin.phrases.txt"
L 01/31/2021 - 19:37:15: [SM] Error (line 0, column 0): Stream failed to open
L 01/31/2021 - 19:37:44: SourceMod error session started
L 01/31/2021 - 19:37:44: Info (map "de_inferno") (file "/home/tcagame/jackm1/599/csgo/addons/sourcemod/logs/errors_20210131.log")
L 01/31/2021 - 19:37:44: [SM] Fatal error encountered parsing translation file "advadmin.phrases.txt"
L 01/31/2021 - 19:37:44: [SM] Error (line 0, column 0): Stream failed to open
L 01/31/2021 - 19:38:12: Error log file session closed.
L 01/31/2021 - 19:38:12: SourceMod error session started
L 01/31/2021 - 19:38:12: Info (map "de_inferno") (file "/home/tcagame/jackm1/599/csgo/addons/sourcemod/logs/errors_20210131.log")
L 01/31/2021 - 19:38:12: [SM] Fatal error encountered parsing translation file "advadmin.phrases.txt"
L 01/31/2021 - 19:38:12: [SM] Error (line 0, column 0): Stream failed to open
L 01/31/2021 - 19:40:23: Error log file session closed.
L 01/31/2021 - 19:40:23: SourceMod error session started
L 01/31/2021 - 19:40:23: Info (map "de_bank") (file "/home/tcagame/jackm1/599/csgo/addons/sourcemod/logs/errors_20210131.log")
L 01/31/2021 - 19:40:23: [SM] Fatal error encountered parsing translation file "advadmin.phrases.txt"
L 01/31/2021 - 19:40:23: [SM] Error (line 0, column 0): Stream failed to open
L 01/31/2021 - 19:41:37: [SM] Exception reported: Array index out-of-bounds (index 64, limit 55)
L 01/31/2021 - 19:41:37: [SM] Blaming: weapon_restrict.smx
L 01/31/2021 - 19:41:37: [SM] Call stack trace:
L 01/31/2021 - 19:41:37: [SM]   [1] Line 202, restrictinc/events.sp::CS_OnBuyCommand
L 01/31/2021 - 19:43:52: [SM] Exception reported: Array index out-of-bounds (index 64, limit 55)
L 01/31/2021 - 19:43:52: [SM] Blaming: weapon_restrict.smx
L 01/31/2021 - 19:43:52: [SM] Call stack trace:
L 01/31/2021 - 19:43:52: [SM]   [1] Line 202, restrictinc/events.sp::CS_OnBuyCommand
L 01/31/2021 - 19:45:10: [SM] Exception reported: Language phrase "Player_Connected_From" not found (arg 3)
L 01/31/2021 - 19:45:10: [SM] Blaming: advadmin.smx
L 01/31/2021 - 19:45:10: [SM] Call stack trace:
L 01/31/2021 - 19:45:10: [SM]   [0] VFormat
L 01/31/2021 - 19:45:10: [SM]   [1] Line 386, /groups/sourcemod/compiler-1.10/include/halflife.inc::PrintToChatAll
L 01/31/2021 - 19:45:10: [SM]   [2] Line 141, /home/groups/sourcemod/upload_tmp/phpRYtiXm.sp::OnClientAuthorized
L 01/31/2021 - 19:46:05: [SM] Exception reported: Array index out-of-bounds (index 64, limit 55)
L 01/31/2021 - 19:46:05: [SM] Blaming: weapon_restrict.smx
L 01/31/2021 - 19:46:05: [SM] Call stack trace:
L 01/31/2021 - 19:46:05: [SM]   [1] Line 202, restrictinc/events.sp::CS_OnBuyCommand
L 01/31/2021 - 19:49:13: [SM] Exception reported: Array index out-of-bounds (index 64, limit 55)
L 01/31/2021 - 19:49:13: [SM] Blaming: weapon_restrict.smx
L 01/31/2021 - 19:49:13: [SM] Call stack trace:
L 01/31/2021 - 19:49:13: [SM]   [1] Line 202, restrictinc/events.sp::CS_OnBuyCommand
L 01/31/2021 - 19:49:13: [SM] Exception reported: Array index out-of-bounds (index 64, limit 55)
L 01/31/2021 - 19:49:13: [SM] Blaming: weapon_restrict.smx
L 01/31/2021 - 19:49:13: [SM] Call stack trace:
L 01/31/2021 - 19:49:13: [SM]   [1] Line 202, restrictinc/events.sp::CS_OnBuyCommand
L 01/31/2021 - 19:50:00: [SM] Exception reported: Array index out-of-bounds (index 64, limit 55)
L 01/31/2021 - 19:50:00: [SM] Blaming: weapon_restrict.smx
L 01/31/2021 - 19:50:00: [SM] Call stack trace:
L 01/31/2021 - 19:50:00: [SM]   [1] Line 202, restrictinc/events.sp::CS_OnBuyCommand
L 01/31/2021 - 19:50:49: [SM] Exception reported: Array index out-of-bounds (index 63, limit 55)
L 01/31/2021 - 19:50:49: [SM] Blaming: weapon_restrict.smx
L 01/31/2021 - 19:50:49: [SM] Call stack trace:
L 01/31/2021 - 19:50:49: [SM]   [1] Line 202, restrictinc/events.sp::CS_OnBuyCommand
L 01/31/2021 - 19:51:53: [SM] Exception reported: Array index out-of-bounds (index 64, limit 55)
L 01/31/2021 - 19:51:53: [SM] Blaming: weapon_restrict.smx
L 01/31/2021 - 19:51:53: [SM] Call stack trace:
L 01/31/2021 - 19:51:53: [SM]   [1] Line 202, restrictinc/events.sp::CS_OnBuyCommand
L 01/31/2021 - 19:52:34: [SM] Exception reported: Array index out-of-bounds (index 64, limit 55)
L 01/31/2021 - 19:52:34: [SM] Blaming: weapon_restrict.smx
L 01/31/2021 - 19:52:34: [SM] Call stack trace:
L 01/31/2021 - 19:52:34: [SM]   [1] Line 202, restrictinc/events.sp::CS_OnBuyCommand
L 01/31/2021 - 19:53:45: [SM] Exception reported: Array index out-of-bounds (index 64, limit 55)
L 01/31/2021 - 19:53:45: [SM] Blaming: weapon_restrict.smx
L 01/31/2021 - 19:53:45: [SM] Call stack trace:
L 01/31/2021 - 19:53:45: [SM]   [1] Line 202, restrictinc/events.sp::CS_OnBuyCommand
L 01/31/2021 - 19:54:59: Error log file session closed.
L 01/31/2021 - 19:54:59: SourceMod error session started
L 01/31/2021 - 19:54:59: Info (map "de_overpass") (file "/home/tcagame/jackm1/599/csgo/addons/sourcemod/logs/errors_20210131.log")
L 01/31/2021 - 19:54:59: [SM] Fatal error encountered parsing translation file "advadmin.phrases.txt"
L 01/31/2021 - 19:54:59: [SM] Error (line 0, column 0): Stream failed to open
L 01/31/2021 - 19:55:43: [SM] Exception reported: Array index out-of-bounds (index 64, limit 55)
L 01/31/2021 - 19:55:43: [SM] Blaming: weapon_restrict.smx
L 01/31/2021 - 19:55:43: [SM] Call stack trace:
L 01/31/2021 - 19:55:43: [SM]   [1] Line 202, restrictinc/events.sp::CS_OnBuyCommand
L 01/31/2021 - 19:56:54: [SM] Exception reported: Array index out-of-bounds (index 64, limit 55)
L 01/31/2021 - 19:56:54: [SM] Blaming: weapon_restrict.smx
L 01/31/2021 - 19:56:54: [SM] Call stack trace:
L 01/31/2021 - 19:56:54: [SM]   [1] Line 202, restrictinc/events.sp::CS_OnBuyCommand
L 01/31/2021 - 19:56:55: [SM] Exception reported: Array index out-of-bounds (index 64, limit 55)
L 01/31/2021 - 19:56:55: [SM] Blaming: weapon_restrict.smx
L 01/31/2021 - 19:56:55: [SM] Call stack trace:
L 01/31/2021 - 19:56:55: [SM]   [1] Line 202, restrictinc/events.sp::CS_OnBuyCommand
L 01/31/2021 - 19:58:56: [SM] Exception reported: Array index out-of-bounds (index 64, limit 55)
L 01/31/2021 - 19:58:56: [SM] Blaming: weapon_restrict.smx
L 01/31/2021 - 19:58:56: [SM] Call stack trace:
L 01/31/2021 - 19:58:56: [SM]   [1] Line 202, restrictinc/events.sp::CS_OnBuyCommand
L 01/31/2021 - 20:01:34: [SM] Exception reported: Array index out-of-bounds (index 64, limit 55)
L 01/31/2021 - 20:01:34: [SM] Blaming: weapon_restrict.smx
L 01/31/2021 - 20:01:34: [SM] Call stack trace:
L 01/31/2021 - 20:01:34: [SM]   [1] Line 202, restrictinc/events.sp::CS_OnBuyCommand
L 01/31/2021 - 20:03:01: [SM] Exception reported: Array index out-of-bounds (index 64, limit 55)
L 01/31/2021 - 20:03:01: [SM] Blaming: weapon_restrict.smx
L 01/31/2021 - 20:03:01: [SM] Call stack trace:
L 01/31/2021 - 20:03:01: [SM]   [1] Line 202, restrictinc/events.sp::CS_OnBuyCommand
L 01/31/2021 - 20:03:40: [SM] Exception reported: Array index out-of-bounds (index 64, limit 55)
L 01/31/2021 - 20:03:40: [SM] Blaming: weapon_restrict.smx
L 01/31/2021 - 20:03:40: [SM] Call stack trace:
L 01/31/2021 - 20:03:40: [SM]   [1] Line 202, restrictinc/events.sp::CS_OnBuyCommand
L 01/31/2021 - 20:04:26: [SM] Exception reported: Array index out-of-bounds (index 64, limit 55)
L 01/31/2021 - 20:04:26: [SM] Blaming: weapon_restrict.smx
L 01/31/2021 - 20:04:26: [SM] Call stack trace:
L 01/31/2021 - 20:04:26: [SM]   [1] Line 202, restrictinc/events.sp::CS_OnBuyCommand
L 01/31/2021 - 20:08:03: [SM] Exception reported: Array index out-of-bounds (index 64, limit 55)
L 01/31/2021 - 20:08:03: [SM] Blaming: weapon_restrict.smx
L 01/31/2021 - 20:08:03: [SM] Call stack trace:
L 01/31/2021 - 20:08:03: [SM]   [1] Line 202, restrictinc/events.sp::CS_OnBuyCommand
L 01/31/2021 - 20:10:40: [SM] Exception reported: Array index out-of-bounds (index 64, limit 55)
L 01/31/2021 - 20:10:40: [SM] Blaming: weapon_restrict.smx
L 01/31/2021 - 20:10:40: [SM] Call stack trace:
L 01/31/2021 - 20:10:40: [SM]   [1] Line 202, restrictinc/events.sp::CS_OnBuyCommand
L 01/31/2021 - 20:26:53: [SM] Exception reported: Language phrase "Player_Connected_From" not found (arg 3)
L 01/31/2021 - 20:26:53: [SM] Blaming: advadmin.smx
L 01/31/2021 - 20:26:53: [SM] Call stack trace:
L 01/31/2021 - 20:26:53: [SM]   [0] VFormat
L 01/31/2021 - 20:26:53: [SM]   [1] Line 386, /groups/sourcemod/compiler-1.10/include/halflife.inc::PrintToChatAll
L 01/31/2021 - 20:26:53: [SM]   [2] Line 141, /home/groups/sourcemod/upload_tmp/phpRYtiXm.sp::OnClientAuthorized
L 01/31/2021 - 20:27:26: [SM] Exception reported: Language phrase "Player_Connected_From" not found (arg 3)
L 01/31/2021 - 20:27:26: [SM] Blaming: advadmin.smx
L 01/31/2021 - 20:27:26: [SM] Call stack trace:
L 01/31/2021 - 20:27:26: [SM]   [0] VFormat
L 01/31/2021 - 20:27:26: [SM]   [1] Line 386, /groups/sourcemod/compiler-1.10/include/halflife.inc::PrintToChatAll
L 01/31/2021 - 20:27:26: [SM]   [2] Line 141, /home/groups/sourcemod/upload_tmp/phpRYtiXm.sp::OnClientAuthorized
L 01/31/2021 - 20:27:30: Error log file session closed.
L 01/31/2021 - 20:27:30: SourceMod error session started
L 01/31/2021 - 20:27:30: Info (map "de_mirage") (file "/home/tcagame/jackm1/599/csgo/addons/sourcemod/logs/errors_20210131.log")
L 01/31/2021 - 20:27:30: [SM] Fatal error encountered parsing translation file "advadmin.phrases.txt"
L 01/31/2021 - 20:27:30: [SM] Error (line 0, column 0): Stream failed to open
L 01/31/2021 - 20:28:01: [SM] Exception reported: Language phrase "Player_Connected" not found (arg 3)
L 01/31/2021 - 20:28:01: [SM] Blaming: advadmin.smx
L 01/31/2021 - 20:28:01: [SM] Call stack trace:
L 01/31/2021 - 20:28:01: [SM]   [0] VFormat
L 01/31/2021 - 20:28:01: [SM]   [1] Line 386, /groups/sourcemod/compiler-1.10/include/halflife.inc::PrintToChatAll
L 01/31/2021 - 20:28:01: [SM]   [2] Line 145, /home/groups/sourcemod/upload_tmp/phpRYtiXm.sp::OnClientAuthorized
L 01/31/2021 - 20:28:13: [SM] Exception reported: Language phrase "CMD_Team_Spec" not found (arg 5)
L 01/31/2021 - 20:28:13: [SM] Blaming: advadmin.smx
L 01/31/2021 - 20:28:13: [SM] Call stack trace:
L 01/31/2021 - 20:28:13: [SM]   [0] ShowActivity2
L 01/31/2021 - 20:28:13: [SM]   [1] Line 790, /home/groups/sourcemod/upload_tmp/phpRYtiXm.sp::CMD_Spec
L 01/31/2021 - 20:28:38: [SM] Exception reported: Array index out-of-bounds (index 64, limit 55)
L 01/31/2021 - 20:28:38: [SM] Blaming: weapon_restrict.smx
L 01/31/2021 - 20:28:38: [SM] Call stack trace:
L 01/31/2021 - 20:28:38: [SM]   [1] Line 202, restrictinc/events.sp::CS_OnBuyCommand
L 01/31/2021 - 20:30:10: [SM] Exception reported: Language phrase "CMD_Swap_Usage" not found (arg 4)
L 01/31/2021 - 20:30:10: [SM] Blaming: advadmin.smx
L 01/31/2021 - 20:30:10: [SM] Call stack trace:
L 01/31/2021 - 20:30:10: [SM]   [0] ReplyToCommand
L 01/31/2021 - 20:30:10: [SM]   [1] Line 659, /home/groups/sourcemod/upload_tmp/phpRYtiXm.sp::CMD_Swap
L 01/31/2021 - 20:30:10: [SM]   [3] FakeClientCommand
L 01/31/2021 - 20:30:10: [SM]   [4] Line 1054, ./scripting/pugsetup.sp::CheckChatAlias
L 01/31/2021 - 20:30:10: [SM]   [5] Line 1082, ./scripting/pugsetup.sp::OnClientSayCommand_Post
L 01/31/2021 - 20:30:28: [SM] Exception reported: Array index out-of-bounds (index 64, limit 55)
L 01/31/2021 - 20:30:28: [SM] Blaming: weapon_restrict.smx
L 01/31/2021 - 20:30:28: [SM] Call stack trace:
L 01/31/2021 - 20:30:28: [SM]   [1] Line 202, restrictinc/events.sp::CS_OnBuyCommand
L 01/31/2021 - 20:30:40: [SM] Exception reported: Array index out-of-bounds (index 64, limit 55)
L 01/31/2021 - 20:30:40: [SM] Blaming: weapon_restrict.smx
L 01/31/2021 - 20:30:40: [SM] Call stack trace:
L 01/31/2021 - 20:30:40: [SM]   [1] Line 202, restrictinc/events.sp::CS_OnBuyCommand
L 01/31/2021 - 20:31:27: [SM] Exception reported: Array index out-of-bounds (index 64, limit 55)
L 01/31/2021 - 20:31:27: [SM] Blaming: weapon_restrict.smx
L 01/31/2021 - 20:31:27: [SM] Call stack trace:
L 01/31/2021 - 20:31:27: [SM]   [1] Line 202, restrictinc/events.sp::CS_OnBuyCommand
L 01/31/2021 - 20:31:58: [SM] Exception reported: Array index out-of-bounds (index 64, limit 55)
L 01/31/2021 - 20:31:58: [SM] Blaming: weapon_restrict.smx
L 01/31/2021 - 20:31:58: [SM] Call stack trace:
L 01/31/2021 - 20:31:58: [SM]   [1] Line 202, restrictinc/events.sp::CS_OnBuyCommand
L 01/31/2021 - 20:34:35: [SM] Exception reported: Array index out-of-bounds (index 64, limit 55)
L 01/31/2021 - 20:34:35: [SM] Blaming: weapon_restrict.smx
L 01/31/2021 - 20:34:35: [SM] Call stack trace:
L 01/31/2021 - 20:34:35: [SM]   [1] Line 202, restrictinc/events.sp::CS_OnBuyCommand
L 01/31/2021 - 20:35:03: [SM] Exception reported: Array index out-of-bounds (index 64, limit 55)
L 01/31/2021 - 20:35:03: [SM] Blaming: weapon_restrict.smx
L 01/31/2021 - 20:35:03: [SM] Call stack trace:
L 01/31/2021 - 20:35:03: [SM]   [1] Line 202, restrictinc/events.sp::CS_OnBuyCommand
L 01/31/2021 - 20:35:48: [SM] Exception reported: Array index out-of-bounds (index 64, limit 55)
L 01/31/2021 - 20:35:48: [SM] Blaming: weapon_restrict.smx
L 01/31/2021 - 20:35:48: [SM] Call stack trace:
L 01/31/2021 - 20:35:48: [SM]   [1] Line 202, restrictinc/events.sp::CS_OnBuyCommand
L 01/31/2021 - 20:36:33: [SM] Exception reported: Array index out-of-bounds (index 64, limit 55)
L 01/31/2021 - 20:36:33: [SM] Blaming: weapon_restrict.smx
L 01/31/2021 - 20:36:33: [SM] Call stack trace:
L 01/31/2021 - 20:36:33: [SM]   [1] Line 202, restrictinc/events.sp::CS_OnBuyCommand
L 01/31/2021 - 20:36:37: [SM] Exception reported: Array index out-of-bounds (index 64, limit 55)
L 01/31/2021 - 20:36:37: [SM] Blaming: weapon_restrict.smx
L 01/31/2021 - 20:36:37: [SM] Call stack trace:
L 01/31/2021 - 20:36:37: [SM]   [1] Line 202, restrictinc/events.sp::CS_OnBuyCommand
L 01/31/2021 - 20:38:29: [SM] Exception reported: Array index out-of-bounds (index 64, limit 55)
L 01/31/2021 - 20:38:29: [SM] Blaming: weapon_restrict.smx
L 01/31/2021 - 20:38:29: [SM] Call stack trace:
L 01/31/2021 - 20:38:29: [SM]   [1] Line 202, restrictinc/events.sp::CS_OnBuyCommand
L 01/31/2021 - 21:15:20: Error log file session closed.
L 01/31/2021 - 21:15:20: SourceMod error session started
L 01/31/2021 - 21:15:20: Info (map "de_mirage") (file "/home/tcagame/jackm1/599/csgo/addons/sourcemod/logs/errors_20210131.log")
L 01/31/2021 - 21:15:20: [SM] Fatal error encountered parsing translation file "advadmin.phrases.txt"
L 01/31/2021 - 21:15:20: [SM] Error (line 0, column 0): Stream failed to open
L 01/31/2021 - 21:16:53: Error log file session closed.
L 01/31/2021 - 21:16:53: SourceMod error session started
L 01/31/2021 - 21:16:53: Info (map "de_mirage") (file "/home/tcagame/jackm1/599/csgo/addons/sourcemod/logs/errors_20210131.log")
L 01/31/2021 - 21:16:53: [SM] Fatal error encountered parsing translation file "advadmin.phrases.txt"
L 01/31/2021 - 21:16:53: [SM] Error (line 0, column 0): Stream failed to open
L 01/31/2021 - 21:20:13: [SM] Exception reported: Language phrase "Player_Connected_From" not found (arg 3)
L 01/31/2021 - 21:20:13: [SM] Blaming: advadmin.smx
L 01/31/2021 - 21:20:13: [SM] Call stack trace:
L 01/31/2021 - 21:20:13: [SM]   [0] VFormat
L 01/31/2021 - 21:20:13: [SM]   [1] Line 386, /groups/sourcemod/compiler-1.10/include/halflife.inc::PrintToChatAll
L 01/31/2021 - 21:20:13: [SM]   [2] Line 141, /home/groups/sourcemod/upload_tmp/phpRYtiXm.sp::OnClientAuthorized
L 01/31/2021 - 23:38:43: Error log file session closed.
L 01/31/2021 - 23:38:43: SourceMod error session started
L 01/31/2021 - 23:38:43: Info (map "de_mirage") (file "/home/tcagame/jackm1/599/csgo/addons/sourcemod/logs/errors_20210131.log")
L 01/31/2021 - 23:38:43: [SM] Fatal error encountered parsing translation file "advadmin.phrases.txt"
L 01/31/2021 - 23:38:43: [SM] Error (line 0, column 0): Stream failed to open
L 01/31/2021 - 23:39:03: [SM] Exception reported: Array index out-of-bounds (index 64, limit 55)
L 01/31/2021 - 23:39:03: [SM] Blaming: weapon_restrict.smx
L 01/31/2021 - 23:39:03: [SM] Call stack trace:
L 01/31/2021 - 23:39:03: [SM]   [1] Line 202, restrictinc/events.sp::CS_OnBuyCommand
L 01/31/2021 - 23:40:36: [SM] Exception reported: Language phrase "Player_Connected_From" not found (arg 3)
L 01/31/2021 - 23:40:36: [SM] Blaming: advadmin.smx
L 01/31/2021 - 23:40:36: [SM] Call stack trace:
L 01/31/2021 - 23:40:36: [SM]   [0] VFormat
L 01/31/2021 - 23:40:36: [SM]   [1] Line 386, /groups/sourcemod/compiler-1.10/include/halflife.inc::PrintToChatAll
L 01/31/2021 - 23:40:36: [SM]   [2] Line 141, /home/groups/sourcemod/upload_tmp/phpRYtiXm.sp::OnClientAuthorized
L 01/31/2021 - 23:40:55: [SM] Exception reported: Language phrase "Player_Connected" not found (arg 3)
L 01/31/2021 - 23:40:55: [SM] Blaming: advadmin.smx
L 01/31/2021 - 23:40:55: [SM] Call stack trace:
L 01/31/2021 - 23:40:55: [SM]   [0] VFormat
L 01/31/2021 - 23:40:55: [SM]   [1] Line 386, /groups/sourcemod/compiler-1.10/include/halflife.inc::PrintToChatAll
L 01/31/2021 - 23:40:55: [SM]   [2] Line 145, /home/groups/sourcemod/upload_tmp/phpRYtiXm.sp::OnClientAuthorized
L 01/31/2021 - 23:41:25: [SM] Exception reported: Array index out-of-bounds (index 64, limit 55)
L 01/31/2021 - 23:41:25: [SM] Blaming: weapon_restrict.smx
L 01/31/2021 - 23:41:25: [SM] Call stack trace:
L 01/31/2021 - 23:41:25: [SM]   [1] Line 202, restrictinc/events.sp::CS_OnBuyCommand
L 01/31/2021 - 23:42:36: [SM] Exception reported: Language phrase "Player_Connected_From" not found (arg 3)
L 01/31/2021 - 23:42:36: [SM] Blaming: advadmin.smx
L 01/31/2021 - 23:42:36: [SM] Call stack trace:
L 01/31/2021 - 23:42:36: [SM]   [0] VFormat
L 01/31/2021 - 23:42:36: [SM]   [1] Line 386, /groups/sourcemod/compiler-1.10/include/halflife.inc::PrintToChatAll
L 01/31/2021 - 23:42:36: [SM]   [2] Line 141, /home/groups/sourcemod/upload_tmp/phpRYtiXm.sp::OnClientAuthorized
L 01/31/2021 - 23:42:44: Error log file session closed.
L 01/31/2021 - 23:42:44: SourceMod error session started
L 01/31/2021 - 23:42:44: Info (map "de_vertigo") (file "/home/tcagame/jackm1/599/csgo/addons/sourcemod/logs/errors_20210131.log")
L 01/31/2021 - 23:42:44: [SM] Fatal error encountered parsing translation file "advadmin.phrases.txt"
L 01/31/2021 - 23:42:44: [SM] Error (line 0, column 0): Stream failed to open
L 01/31/2021 - 23:47:13: [SM] Exception reported: Array index out-of-bounds (index 64, limit 55)
L 01/31/2021 - 23:47:13: [SM] Blaming: weapon_restrict.smx
L 01/31/2021 - 23:47:13: [SM] Call stack trace:
L 01/31/2021 - 23:47:13: [SM]   [1] Line 202, restrictinc/events.sp::CS_OnBuyCommand
L 01/31/2021 - 23:51:47: [SM] Exception reported: Array index out-of-bounds (index 63, limit 55)
L 01/31/2021 - 23:51:47: [SM] Blaming: weapon_restrict.smx
L 01/31/2021 - 23:51:47: [SM] Call stack trace:
L 01/31/2021 - 23:51:47: [SM]   [1] Line 202, restrictinc/events.sp::CS_OnBuyCommand
L 01/31/2021 - 23:52:52: [SM] Exception reported: Array index out-of-bounds (index 64, limit 55)
L 01/31/2021 - 23:52:52: [SM] Blaming: weapon_restrict.smx
L 01/31/2021 - 23:52:52: [SM] Call stack trace:
L 01/31/2021 - 23:52:52: [SM]   [1] Line 202, restrictinc/events.sp::CS_OnBuyCommand
L 02/01/2021 - 00:01:35: Error log file session closed.
