L 11/08/2020 - 00:15:35: SourceMod error session started
L 11/08/2020 - 00:15:35: Info (map "de_dust2") (file "/home/tcagame/jackm1/527/csgo/addons/sourcemod/logs/errors_20201108.log")
L 11/08/2020 - 00:15:35: [SM] Fatal error encountered parsing translation file "advadmin.phrases.txt"
L 11/08/2020 - 00:15:35: [SM] Error (line 0, column 0): Stream failed to open
L 11/08/2020 - 00:16:33: [SM] Exception reported: Array index out-of-bounds (index 64, limit 55)
L 11/08/2020 - 00:16:33: [SM] Blaming: weapon_restrict.smx
L 11/08/2020 - 00:16:33: [SM] Call stack trace:
L 11/08/2020 - 00:16:33: [SM]   [1] Line 202, restrictinc/events.sp::CS_OnBuyCommand
L 11/08/2020 - 00:17:18: [SM] Exception reported: Array index out-of-bounds (index 64, limit 55)
L 11/08/2020 - 00:17:18: [SM] Blaming: weapon_restrict.smx
L 11/08/2020 - 00:17:18: [SM] Call stack trace:
L 11/08/2020 - 00:17:18: [SM]   [1] Line 202, restrictinc/events.sp::CS_OnBuyCommand
L 11/08/2020 - 00:17:19: [SM] Exception reported: Array index out-of-bounds (index 64, limit 55)
L 11/08/2020 - 00:17:19: [SM] Blaming: weapon_restrict.smx
L 11/08/2020 - 00:17:19: [SM] Call stack trace:
L 11/08/2020 - 00:17:19: [SM]   [1] Line 202, restrictinc/events.sp::CS_OnBuyCommand
L 11/08/2020 - 00:19:39: [SM] Exception reported: Language phrase "Player_Connected_From" not found (arg 3)
L 11/08/2020 - 00:19:39: [SM] Blaming: advadmin.smx
L 11/08/2020 - 00:19:39: [SM] Call stack trace:
L 11/08/2020 - 00:19:39: [SM]   [0] VFormat
L 11/08/2020 - 00:19:39: [SM]   [1] Line 386, /groups/sourcemod/compiler-1.10/include/halflife.inc::PrintToChatAll
L 11/08/2020 - 00:19:39: [SM]   [2] Line 141, /home/groups/sourcemod/upload_tmp/phpRYtiXm.sp::OnClientAuthorized
L 11/08/2020 - 00:22:29: [SM] Exception reported: Language phrase "Player_Connected_From" not found (arg 3)
L 11/08/2020 - 00:22:29: [SM] Blaming: advadmin.smx
L 11/08/2020 - 00:22:29: [SM] Call stack trace:
L 11/08/2020 - 00:22:29: [SM]   [0] VFormat
L 11/08/2020 - 00:22:29: [SM]   [1] Line 386, /groups/sourcemod/compiler-1.10/include/halflife.inc::PrintToChatAll
L 11/08/2020 - 00:22:29: [SM]   [2] Line 141, /home/groups/sourcemod/upload_tmp/phpRYtiXm.sp::OnClientAuthorized
L 11/08/2020 - 00:26:40: Error log file session closed.
L 11/08/2020 - 00:26:40: SourceMod error session started
L 11/08/2020 - 00:26:40: Info (map "de_nuke") (file "/home/tcagame/jackm1/527/csgo/addons/sourcemod/logs/errors_20201108.log")
L 11/08/2020 - 00:26:40: [SM] Fatal error encountered parsing translation file "advadmin.phrases.txt"
L 11/08/2020 - 00:26:40: [SM] Error (line 0, column 0): Stream failed to open
L 11/08/2020 - 00:27:09: [SM] Exception reported: Array index out-of-bounds (index 64, limit 55)
L 11/08/2020 - 00:27:09: [SM] Blaming: weapon_restrict.smx
L 11/08/2020 - 00:27:09: [SM] Call stack trace:
L 11/08/2020 - 00:27:09: [SM]   [1] Line 202, restrictinc/events.sp::CS_OnBuyCommand
L 11/08/2020 - 00:29:18: [SM] Exception reported: Array index out-of-bounds (index 64, limit 55)
L 11/08/2020 - 00:29:18: [SM] Blaming: weapon_restrict.smx
L 11/08/2020 - 00:29:18: [SM] Call stack trace:
L 11/08/2020 - 00:29:18: [SM]   [1] Line 202, restrictinc/events.sp::CS_OnBuyCommand
L 11/08/2020 - 00:30:18: [SM] Exception reported: Array index out-of-bounds (index 64, limit 55)
L 11/08/2020 - 00:30:18: [SM] Blaming: weapon_restrict.smx
L 11/08/2020 - 00:30:18: [SM] Call stack trace:
L 11/08/2020 - 00:30:18: [SM]   [1] Line 202, restrictinc/events.sp::CS_OnBuyCommand
L 11/08/2020 - 00:30:22: [SM] Exception reported: Array index out-of-bounds (index 64, limit 55)
L 11/08/2020 - 00:30:22: [SM] Blaming: weapon_restrict.smx
L 11/08/2020 - 00:30:22: [SM] Call stack trace:
L 11/08/2020 - 00:30:22: [SM]   [1] Line 202, restrictinc/events.sp::CS_OnBuyCommand
L 11/08/2020 - 00:30:26: [SM] Exception reported: Array index out-of-bounds (index 64, limit 55)
L 11/08/2020 - 00:30:26: [SM] Blaming: weapon_restrict.smx
L 11/08/2020 - 00:30:26: [SM] Call stack trace:
L 11/08/2020 - 00:30:26: [SM]   [1] Line 202, restrictinc/events.sp::CS_OnBuyCommand
L 11/08/2020 - 00:31:26: [SM] Exception reported: Array index out-of-bounds (index 64, limit 55)
L 11/08/2020 - 00:31:26: [SM] Blaming: weapon_restrict.smx
L 11/08/2020 - 00:31:26: [SM] Call stack trace:
L 11/08/2020 - 00:31:26: [SM]   [1] Line 202, restrictinc/events.sp::CS_OnBuyCommand
L 11/08/2020 - 00:34:02: [SM] Exception reported: Array index out-of-bounds (index 64, limit 55)
L 11/08/2020 - 00:34:02: [SM] Blaming: weapon_restrict.smx
L 11/08/2020 - 00:34:02: [SM] Call stack trace:
L 11/08/2020 - 00:34:02: [SM]   [1] Line 202, restrictinc/events.sp::CS_OnBuyCommand
L 11/08/2020 - 00:36:46: [SM] Exception reported: Array index out-of-bounds (index 64, limit 55)
L 11/08/2020 - 00:36:46: [SM] Blaming: weapon_restrict.smx
L 11/08/2020 - 00:36:46: [SM] Call stack trace:
L 11/08/2020 - 00:36:46: [SM]   [1] Line 202, restrictinc/events.sp::CS_OnBuyCommand
L 11/08/2020 - 00:38:41: [SM] Exception reported: Array index out-of-bounds (index 64, limit 55)
L 11/08/2020 - 00:38:41: [SM] Blaming: weapon_restrict.smx
L 11/08/2020 - 00:38:41: [SM] Call stack trace:
L 11/08/2020 - 00:38:41: [SM]   [1] Line 202, restrictinc/events.sp::CS_OnBuyCommand
L 11/08/2020 - 02:02:55: Error log file session closed.
L 11/08/2020 - 02:02:55: SourceMod error session started
L 11/08/2020 - 02:02:55: Info (map "de_nuke") (file "/home/tcagame/jackm1/527/csgo/addons/sourcemod/logs/errors_20201108.log")
L 11/08/2020 - 02:02:55: [SM] Fatal error encountered parsing translation file "advadmin.phrases.txt"
L 11/08/2020 - 02:02:55: [SM] Error (line 0, column 0): Stream failed to open
L 11/08/2020 - 02:03:24: [SM] Exception reported: Language phrase "Player_Connected_From" not found (arg 3)
L 11/08/2020 - 02:03:24: [SM] Blaming: advadmin.smx
L 11/08/2020 - 02:03:24: [SM] Call stack trace:
L 11/08/2020 - 02:03:24: [SM]   [0] VFormat
L 11/08/2020 - 02:03:24: [SM]   [1] Line 386, /groups/sourcemod/compiler-1.10/include/halflife.inc::PrintToChatAll
L 11/08/2020 - 02:03:24: [SM]   [2] Line 141, /home/groups/sourcemod/upload_tmp/phpRYtiXm.sp::OnClientAuthorized
L 11/08/2020 - 02:04:17: [SM] Exception reported: Language phrase "Player_Connected_From" not found (arg 3)
L 11/08/2020 - 02:04:17: [SM] Blaming: advadmin.smx
L 11/08/2020 - 02:04:17: [SM] Call stack trace:
L 11/08/2020 - 02:04:17: [SM]   [0] VFormat
L 11/08/2020 - 02:04:17: [SM]   [1] Line 386, /groups/sourcemod/compiler-1.10/include/halflife.inc::PrintToChatAll
L 11/08/2020 - 02:04:17: [SM]   [2] Line 141, /home/groups/sourcemod/upload_tmp/phpRYtiXm.sp::OnClientAuthorized
L 11/08/2020 - 02:06:05: [SM] Exception reported: Language phrase "Player_Connected" not found (arg 3)
L 11/08/2020 - 02:06:05: [SM] Blaming: advadmin.smx
L 11/08/2020 - 02:06:05: [SM] Call stack trace:
L 11/08/2020 - 02:06:05: [SM]   [0] VFormat
L 11/08/2020 - 02:06:05: [SM]   [1] Line 386, /groups/sourcemod/compiler-1.10/include/halflife.inc::PrintToChatAll
L 11/08/2020 - 02:06:05: [SM]   [2] Line 145, /home/groups/sourcemod/upload_tmp/phpRYtiXm.sp::OnClientAuthorized
L 11/08/2020 - 02:06:14: [SM] Exception reported: Language phrase "Player_Connected" not found (arg 3)
L 11/08/2020 - 02:06:14: [SM] Blaming: advadmin.smx
L 11/08/2020 - 02:06:14: [SM] Call stack trace:
L 11/08/2020 - 02:06:14: [SM]   [0] VFormat
L 11/08/2020 - 02:06:14: [SM]   [1] Line 386, /groups/sourcemod/compiler-1.10/include/halflife.inc::PrintToChatAll
L 11/08/2020 - 02:06:14: [SM]   [2] Line 145, /home/groups/sourcemod/upload_tmp/phpRYtiXm.sp::OnClientAuthorized
L 11/08/2020 - 02:09:48: Error log file session closed.
L 11/08/2020 - 02:09:48: SourceMod error session started
L 11/08/2020 - 02:09:48: Info (map "de_overpass") (file "/home/tcagame/jackm1/527/csgo/addons/sourcemod/logs/errors_20201108.log")
L 11/08/2020 - 02:09:48: [SM] Fatal error encountered parsing translation file "advadmin.phrases.txt"
L 11/08/2020 - 02:09:48: [SM] Error (line 0, column 0): Stream failed to open
L 11/08/2020 - 02:25:32: [SM] Exception reported: Array index out-of-bounds (index 64, limit 55)
L 11/08/2020 - 02:25:32: [SM] Blaming: weapon_restrict.smx
L 11/08/2020 - 02:25:32: [SM] Call stack trace:
L 11/08/2020 - 02:25:32: [SM]   [1] Line 202, restrictinc/events.sp::CS_OnBuyCommand
L 11/08/2020 - 02:38:39: Error log file session closed.
L 11/08/2020 - 02:38:39: SourceMod error session started
L 11/08/2020 - 02:38:39: Info (map "de_overpass") (file "/home/tcagame/jackm1/527/csgo/addons/sourcemod/logs/errors_20201108.log")
L 11/08/2020 - 02:38:39: [SM] Fatal error encountered parsing translation file "advadmin.phrases.txt"
L 11/08/2020 - 02:38:39: [SM] Error (line 0, column 0): Stream failed to open
L 11/08/2020 - 02:39:13: [SM] Exception reported: Array index out-of-bounds (index 64, limit 55)
L 11/08/2020 - 02:39:13: [SM] Blaming: weapon_restrict.smx
L 11/08/2020 - 02:39:13: [SM] Call stack trace:
L 11/08/2020 - 02:39:13: [SM]   [1] Line 202, restrictinc/events.sp::CS_OnBuyCommand
L 11/08/2020 - 02:40:31: [SM] Exception reported: Language phrase "Player_Connected_From" not found (arg 3)
L 11/08/2020 - 02:40:31: [SM] Blaming: advadmin.smx
L 11/08/2020 - 02:40:31: [SM] Call stack trace:
L 11/08/2020 - 02:40:31: [SM]   [0] VFormat
L 11/08/2020 - 02:40:31: [SM]   [1] Line 386, /groups/sourcemod/compiler-1.10/include/halflife.inc::PrintToChatAll
L 11/08/2020 - 02:40:31: [SM]   [2] Line 141, /home/groups/sourcemod/upload_tmp/phpRYtiXm.sp::OnClientAuthorized
L 11/08/2020 - 02:42:05: Error log file session closed.
L 11/08/2020 - 02:42:05: SourceMod error session started
L 11/08/2020 - 02:42:05: Info (map "de_bank") (file "/home/tcagame/jackm1/527/csgo/addons/sourcemod/logs/errors_20201108.log")
L 11/08/2020 - 02:42:05: [SM] Fatal error encountered parsing translation file "advadmin.phrases.txt"
L 11/08/2020 - 02:42:05: [SM] Error (line 0, column 0): Stream failed to open
L 11/08/2020 - 02:42:47: [SM] Exception reported: Array index out-of-bounds (index 64, limit 55)
L 11/08/2020 - 02:42:47: [SM] Blaming: weapon_restrict.smx
L 11/08/2020 - 02:42:47: [SM] Call stack trace:
L 11/08/2020 - 02:42:47: [SM]   [1] Line 202, restrictinc/events.sp::CS_OnBuyCommand
L 11/08/2020 - 02:42:50: [SM] Exception reported: Array index out-of-bounds (index 64, limit 55)
L 11/08/2020 - 02:42:50: [SM] Blaming: weapon_restrict.smx
L 11/08/2020 - 02:42:50: [SM] Call stack trace:
L 11/08/2020 - 02:42:50: [SM]   [1] Line 202, restrictinc/events.sp::CS_OnBuyCommand
L 11/08/2020 - 02:43:54: [SM] Exception reported: Array index out-of-bounds (index 64, limit 55)
L 11/08/2020 - 02:43:54: [SM] Blaming: weapon_restrict.smx
L 11/08/2020 - 02:43:54: [SM] Call stack trace:
L 11/08/2020 - 02:43:54: [SM]   [1] Line 202, restrictinc/events.sp::CS_OnBuyCommand
L 11/08/2020 - 02:44:02: [SM] Exception reported: Array index out-of-bounds (index 64, limit 55)
L 11/08/2020 - 02:44:02: [SM] Blaming: weapon_restrict.smx
L 11/08/2020 - 02:44:02: [SM] Call stack trace:
L 11/08/2020 - 02:44:02: [SM]   [1] Line 202, restrictinc/events.sp::CS_OnBuyCommand
L 11/08/2020 - 02:44:03: [SM] Exception reported: Array index out-of-bounds (index 64, limit 55)
L 11/08/2020 - 02:44:03: [SM] Blaming: weapon_restrict.smx
L 11/08/2020 - 02:44:03: [SM] Call stack trace:
L 11/08/2020 - 02:44:03: [SM]   [1] Line 202, restrictinc/events.sp::CS_OnBuyCommand
L 11/08/2020 - 02:44:42: [SM] Exception reported: Array index out-of-bounds (index 64, limit 55)
L 11/08/2020 - 02:44:42: [SM] Blaming: weapon_restrict.smx
L 11/08/2020 - 02:44:42: [SM] Call stack trace:
L 11/08/2020 - 02:44:42: [SM]   [1] Line 202, restrictinc/events.sp::CS_OnBuyCommand
L 11/08/2020 - 02:48:10: [SM] Exception reported: Array index out-of-bounds (index 64, limit 55)
L 11/08/2020 - 02:48:10: [SM] Blaming: weapon_restrict.smx
L 11/08/2020 - 02:48:10: [SM] Call stack trace:
L 11/08/2020 - 02:48:10: [SM]   [1] Line 202, restrictinc/events.sp::CS_OnBuyCommand
L 11/08/2020 - 04:42:22: Error log file session closed.
L 11/08/2020 - 04:42:22: SourceMod error session started
L 11/08/2020 - 04:42:22: Info (map "de_bank") (file "/home/tcagame/jackm1/527/csgo/addons/sourcemod/logs/errors_20201108.log")
L 11/08/2020 - 04:42:22: [SM] Fatal error encountered parsing translation file "advadmin.phrases.txt"
L 11/08/2020 - 04:42:22: [SM] Error (line 0, column 0): Stream failed to open
L 11/08/2020 - 07:37:43: Error log file session closed.
L 11/08/2020 - 07:37:43: SourceMod error session started
L 11/08/2020 - 07:37:43: Info (map "de_bank") (file "/home/tcagame/jackm1/527/csgo/addons/sourcemod/logs/errors_20201108.log")
L 11/08/2020 - 07:37:43: [SM] Fatal error encountered parsing translation file "advadmin.phrases.txt"
L 11/08/2020 - 07:37:43: [SM] Error (line 0, column 0): Stream failed to open
L 11/08/2020 - 07:38:13: [SM] Exception reported: Array index out-of-bounds (index 64, limit 55)
L 11/08/2020 - 07:38:13: [SM] Blaming: weapon_restrict.smx
L 11/08/2020 - 07:38:13: [SM] Call stack trace:
L 11/08/2020 - 07:38:13: [SM]   [1] Line 202, restrictinc/events.sp::CS_OnBuyCommand
L 11/08/2020 - 07:39:00: [SM] Exception reported: Array index out-of-bounds (index 64, limit 55)
L 11/08/2020 - 07:39:00: [SM] Blaming: weapon_restrict.smx
L 11/08/2020 - 07:39:00: [SM] Call stack trace:
L 11/08/2020 - 07:39:00: [SM]   [1] Line 202, restrictinc/events.sp::CS_OnBuyCommand
L 11/08/2020 - 07:40:43: Error log file session closed.
L 11/08/2020 - 07:40:43: SourceMod error session started
L 11/08/2020 - 07:40:43: Info (map "de_bank") (file "/home/tcagame/jackm1/527/csgo/addons/sourcemod/logs/errors_20201108.log")
L 11/08/2020 - 07:40:43: [SM] Fatal error encountered parsing translation file "advadmin.phrases.txt"
L 11/08/2020 - 07:40:43: [SM] Error (line 0, column 0): Stream failed to open
L 11/08/2020 - 07:41:29: [SM] Exception reported: Array index out-of-bounds (index 64, limit 55)
L 11/08/2020 - 07:41:29: [SM] Blaming: weapon_restrict.smx
L 11/08/2020 - 07:41:29: [SM] Call stack trace:
L 11/08/2020 - 07:41:29: [SM]   [1] Line 202, restrictinc/events.sp::CS_OnBuyCommand
L 11/08/2020 - 07:42:06: [SM] Exception reported: Array index out-of-bounds (index 64, limit 55)
L 11/08/2020 - 07:42:06: [SM] Blaming: weapon_restrict.smx
L 11/08/2020 - 07:42:06: [SM] Call stack trace:
L 11/08/2020 - 07:42:06: [SM]   [1] Line 202, restrictinc/events.sp::CS_OnBuyCommand
L 11/08/2020 - 07:42:09: [SM] Exception reported: Array index out-of-bounds (index 64, limit 55)
L 11/08/2020 - 07:42:09: [SM] Blaming: weapon_restrict.smx
L 11/08/2020 - 07:42:09: [SM] Call stack trace:
L 11/08/2020 - 07:42:09: [SM]   [1] Line 202, restrictinc/events.sp::CS_OnBuyCommand
L 11/08/2020 - 07:42:16: [SM] Exception reported: Array index out-of-bounds (index 64, limit 55)
L 11/08/2020 - 07:42:16: [SM] Blaming: weapon_restrict.smx
L 11/08/2020 - 07:42:16: [SM] Call stack trace:
L 11/08/2020 - 07:42:16: [SM]   [1] Line 202, restrictinc/events.sp::CS_OnBuyCommand
L 11/08/2020 - 07:42:16: [SM] Exception reported: Array index out-of-bounds (index 64, limit 55)
L 11/08/2020 - 07:42:16: [SM] Blaming: weapon_restrict.smx
L 11/08/2020 - 07:42:16: [SM] Call stack trace:
L 11/08/2020 - 07:42:16: [SM]   [1] Line 202, restrictinc/events.sp::CS_OnBuyCommand
L 11/08/2020 - 07:43:03: [SM] Exception reported: Array index out-of-bounds (index 64, limit 55)
L 11/08/2020 - 07:43:03: [SM] Blaming: weapon_restrict.smx
L 11/08/2020 - 07:43:03: [SM] Call stack trace:
L 11/08/2020 - 07:43:03: [SM]   [1] Line 202, restrictinc/events.sp::CS_OnBuyCommand
L 11/08/2020 - 07:53:50: [SM] Exception reported: Array index out-of-bounds (index 64, limit 55)
L 11/08/2020 - 07:53:50: [SM] Blaming: weapon_restrict.smx
L 11/08/2020 - 07:53:50: [SM] Call stack trace:
L 11/08/2020 - 07:53:50: [SM]   [1] Line 202, restrictinc/events.sp::CS_OnBuyCommand
L 11/08/2020 - 07:53:57: [SM] Exception reported: Array index out-of-bounds (index 64, limit 55)
L 11/08/2020 - 07:53:57: [SM] Blaming: weapon_restrict.smx
L 11/08/2020 - 07:53:57: [SM] Call stack trace:
L 11/08/2020 - 07:53:57: [SM]   [1] Line 202, restrictinc/events.sp::CS_OnBuyCommand
L 11/08/2020 - 07:54:16: [SM] Exception reported: Array index out-of-bounds (index 64, limit 55)
L 11/08/2020 - 07:54:16: [SM] Blaming: weapon_restrict.smx
L 11/08/2020 - 07:54:16: [SM] Call stack trace:
L 11/08/2020 - 07:54:16: [SM]   [1] Line 202, restrictinc/events.sp::CS_OnBuyCommand
L 11/08/2020 - 07:54:44: [SM] Exception reported: Array index out-of-bounds (index 64, limit 55)
L 11/08/2020 - 07:54:44: [SM] Blaming: weapon_restrict.smx
L 11/08/2020 - 07:54:44: [SM] Call stack trace:
L 11/08/2020 - 07:54:44: [SM]   [1] Line 202, restrictinc/events.sp::CS_OnBuyCommand
L 11/08/2020 - 14:05:06: Error log file session closed.
L 11/08/2020 - 14:05:06: SourceMod error session started
L 11/08/2020 - 14:05:06: Info (map "de_bank") (file "/home/tcagame/jackm1/527/csgo/addons/sourcemod/logs/errors_20201108.log")
L 11/08/2020 - 14:05:06: [SM] Fatal error encountered parsing translation file "advadmin.phrases.txt"
L 11/08/2020 - 14:05:06: [SM] Error (line 0, column 0): Stream failed to open
L 11/08/2020 - 14:05:42: [SM] Exception reported: Language phrase "Player_Connected_From" not found (arg 3)
L 11/08/2020 - 14:05:42: [SM] Blaming: advadmin.smx
L 11/08/2020 - 14:05:42: [SM] Call stack trace:
L 11/08/2020 - 14:05:42: [SM]   [0] VFormat
L 11/08/2020 - 14:05:42: [SM]   [1] Line 386, /groups/sourcemod/compiler-1.10/include/halflife.inc::PrintToChatAll
L 11/08/2020 - 14:05:42: [SM]   [2] Line 141, /home/groups/sourcemod/upload_tmp/phpRYtiXm.sp::OnClientAuthorized
L 11/08/2020 - 14:05:43: [SM] Exception reported: Language phrase "Player_Connected_From" not found (arg 3)
L 11/08/2020 - 14:05:43: [SM] Blaming: advadmin.smx
L 11/08/2020 - 14:05:43: [SM] Call stack trace:
L 11/08/2020 - 14:05:43: [SM]   [0] VFormat
L 11/08/2020 - 14:05:43: [SM]   [1] Line 386, /groups/sourcemod/compiler-1.10/include/halflife.inc::PrintToChatAll
L 11/08/2020 - 14:05:43: [SM]   [2] Line 141, /home/groups/sourcemod/upload_tmp/phpRYtiXm.sp::OnClientAuthorized
L 11/08/2020 - 14:06:10: [SM] Exception reported: Array index out-of-bounds (index 64, limit 55)
L 11/08/2020 - 14:06:10: [SM] Blaming: weapon_restrict.smx
L 11/08/2020 - 14:06:10: [SM] Call stack trace:
L 11/08/2020 - 14:06:10: [SM]   [1] Line 202, restrictinc/events.sp::CS_OnBuyCommand
L 11/08/2020 - 14:07:17: [SM] Exception reported: Language phrase "Player_Connected_From" not found (arg 3)
L 11/08/2020 - 14:07:17: [SM] Blaming: advadmin.smx
L 11/08/2020 - 14:07:17: [SM] Call stack trace:
L 11/08/2020 - 14:07:17: [SM]   [0] VFormat
L 11/08/2020 - 14:07:17: [SM]   [1] Line 386, /groups/sourcemod/compiler-1.10/include/halflife.inc::PrintToChatAll
L 11/08/2020 - 14:07:17: [SM]   [2] Line 141, /home/groups/sourcemod/upload_tmp/phpRYtiXm.sp::OnClientAuthorized
L 11/08/2020 - 14:07:17: [SM] Exception reported: Language phrase "Player_Connected_From" not found (arg 3)
L 11/08/2020 - 14:07:17: [SM] Blaming: advadmin.smx
L 11/08/2020 - 14:07:17: [SM] Call stack trace:
L 11/08/2020 - 14:07:17: [SM]   [0] VFormat
L 11/08/2020 - 14:07:17: [SM]   [1] Line 386, /groups/sourcemod/compiler-1.10/include/halflife.inc::PrintToChatAll
L 11/08/2020 - 14:07:17: [SM]   [2] Line 141, /home/groups/sourcemod/upload_tmp/phpRYtiXm.sp::OnClientAuthorized
L 11/08/2020 - 14:08:01: Error log file session closed.
L 11/08/2020 - 14:08:01: SourceMod error session started
L 11/08/2020 - 14:08:01: Info (map "de_dust2") (file "/home/tcagame/jackm1/527/csgo/addons/sourcemod/logs/errors_20201108.log")
L 11/08/2020 - 14:08:01: [SM] Fatal error encountered parsing translation file "advadmin.phrases.txt"
L 11/08/2020 - 14:08:01: [SM] Error (line 0, column 0): Stream failed to open
L 11/08/2020 - 14:09:47: [SM] Exception reported: Language phrase "Player_Connected_From" not found (arg 3)
L 11/08/2020 - 14:09:47: [SM] Blaming: advadmin.smx
L 11/08/2020 - 14:09:47: [SM] Call stack trace:
L 11/08/2020 - 14:09:47: [SM]   [0] VFormat
L 11/08/2020 - 14:09:47: [SM]   [1] Line 386, /groups/sourcemod/compiler-1.10/include/halflife.inc::PrintToChatAll
L 11/08/2020 - 14:09:47: [SM]   [2] Line 141, /home/groups/sourcemod/upload_tmp/phpRYtiXm.sp::OnClientAuthorized
L 11/08/2020 - 14:10:37: [SM] Exception reported: Array index out-of-bounds (index 64, limit 55)
L 11/08/2020 - 14:10:37: [SM] Blaming: weapon_restrict.smx
L 11/08/2020 - 14:10:37: [SM] Call stack trace:
L 11/08/2020 - 14:10:37: [SM]   [1] Line 202, restrictinc/events.sp::CS_OnBuyCommand
L 11/08/2020 - 14:22:24: [SM] Exception reported: Array index out-of-bounds (index 64, limit 55)
L 11/08/2020 - 14:22:24: [SM] Blaming: weapon_restrict.smx
L 11/08/2020 - 14:22:24: [SM] Call stack trace:
L 11/08/2020 - 14:22:24: [SM]   [1] Line 202, restrictinc/events.sp::CS_OnBuyCommand
L 11/08/2020 - 14:23:40: [SM] Exception reported: Array index out-of-bounds (index 64, limit 55)
L 11/08/2020 - 14:23:40: [SM] Blaming: weapon_restrict.smx
L 11/08/2020 - 14:23:40: [SM] Call stack trace:
L 11/08/2020 - 14:23:40: [SM]   [1] Line 202, restrictinc/events.sp::CS_OnBuyCommand
L 11/08/2020 - 14:24:28: [SM] Exception reported: Array index out-of-bounds (index 64, limit 55)
L 11/08/2020 - 14:24:28: [SM] Blaming: weapon_restrict.smx
L 11/08/2020 - 14:24:28: [SM] Call stack trace:
L 11/08/2020 - 14:24:28: [SM]   [1] Line 202, restrictinc/events.sp::CS_OnBuyCommand
L 11/08/2020 - 14:31:08: [SM] Exception reported: Array index out-of-bounds (index 63, limit 55)
L 11/08/2020 - 14:31:08: [SM] Blaming: weapon_restrict.smx
L 11/08/2020 - 14:31:08: [SM] Call stack trace:
L 11/08/2020 - 14:31:08: [SM]   [1] Line 202, restrictinc/events.sp::CS_OnBuyCommand
L 11/08/2020 - 14:33:36: [SM] Exception reported: Language phrase "Player_Connected_From" not found (arg 3)
L 11/08/2020 - 14:33:36: [SM] Blaming: advadmin.smx
L 11/08/2020 - 14:33:36: [SM] Call stack trace:
L 11/08/2020 - 14:33:36: [SM]   [0] VFormat
L 11/08/2020 - 14:33:36: [SM]   [1] Line 386, /groups/sourcemod/compiler-1.10/include/halflife.inc::PrintToChatAll
L 11/08/2020 - 14:33:36: [SM]   [2] Line 141, /home/groups/sourcemod/upload_tmp/phpRYtiXm.sp::OnClientAuthorized
L 11/08/2020 - 14:38:38: [SM] Exception reported: Language phrase "Player_Connected_From" not found (arg 3)
L 11/08/2020 - 14:38:38: [SM] Blaming: advadmin.smx
L 11/08/2020 - 14:38:38: [SM] Call stack trace:
L 11/08/2020 - 14:38:38: [SM]   [0] VFormat
L 11/08/2020 - 14:38:38: [SM]   [1] Line 386, /groups/sourcemod/compiler-1.10/include/halflife.inc::PrintToChatAll
L 11/08/2020 - 14:38:38: [SM]   [2] Line 141, /home/groups/sourcemod/upload_tmp/phpRYtiXm.sp::OnClientAuthorized
L 11/08/2020 - 14:39:10: [SM] Exception reported: Language phrase "Player_Connected_From" not found (arg 3)
L 11/08/2020 - 14:39:10: [SM] Blaming: advadmin.smx
L 11/08/2020 - 14:39:10: [SM] Call stack trace:
L 11/08/2020 - 14:39:10: [SM]   [0] VFormat
L 11/08/2020 - 14:39:10: [SM]   [1] Line 386, /groups/sourcemod/compiler-1.10/include/halflife.inc::PrintToChatAll
L 11/08/2020 - 14:39:10: [SM]   [2] Line 141, /home/groups/sourcemod/upload_tmp/phpRYtiXm.sp::OnClientAuthorized
L 11/08/2020 - 14:39:54: [SM] Exception reported: Language phrase "Player_Connected" not found (arg 3)
L 11/08/2020 - 14:39:54: [SM] Blaming: advadmin.smx
L 11/08/2020 - 14:39:54: [SM] Call stack trace:
L 11/08/2020 - 14:39:54: [SM]   [0] VFormat
L 11/08/2020 - 14:39:54: [SM]   [1] Line 386, /groups/sourcemod/compiler-1.10/include/halflife.inc::PrintToChatAll
L 11/08/2020 - 14:39:54: [SM]   [2] Line 145, /home/groups/sourcemod/upload_tmp/phpRYtiXm.sp::OnClientAuthorized
L 11/08/2020 - 14:41:44: [SM] Exception reported: Language phrase "Player_Connected_From" not found (arg 3)
L 11/08/2020 - 14:41:44: [SM] Blaming: advadmin.smx
L 11/08/2020 - 14:41:44: [SM] Call stack trace:
L 11/08/2020 - 14:41:44: [SM]   [0] VFormat
L 11/08/2020 - 14:41:44: [SM]   [1] Line 386, /groups/sourcemod/compiler-1.10/include/halflife.inc::PrintToChatAll
L 11/08/2020 - 14:41:44: [SM]   [2] Line 141, /home/groups/sourcemod/upload_tmp/phpRYtiXm.sp::OnClientAuthorized
L 11/08/2020 - 14:44:43: Error log file session closed.
L 11/08/2020 - 14:44:43: SourceMod error session started
L 11/08/2020 - 14:44:43: Info (map "de_mirage") (file "/home/tcagame/jackm1/527/csgo/addons/sourcemod/logs/errors_20201108.log")
L 11/08/2020 - 14:44:43: [SM] Fatal error encountered parsing translation file "advadmin.phrases.txt"
L 11/08/2020 - 14:44:43: [SM] Error (line 0, column 0): Stream failed to open
L 11/08/2020 - 14:49:04: [SM] Exception reported: Array index out-of-bounds (index 64, limit 55)
L 11/08/2020 - 14:49:04: [SM] Blaming: weapon_restrict.smx
L 11/08/2020 - 14:49:04: [SM] Call stack trace:
L 11/08/2020 - 14:49:04: [SM]   [1] Line 202, restrictinc/events.sp::CS_OnBuyCommand
L 11/08/2020 - 14:49:05: [SM] Exception reported: Array index out-of-bounds (index 64, limit 55)
L 11/08/2020 - 14:49:05: [SM] Blaming: weapon_restrict.smx
L 11/08/2020 - 14:49:05: [SM] Call stack trace:
L 11/08/2020 - 14:49:05: [SM]   [1] Line 202, restrictinc/events.sp::CS_OnBuyCommand
L 11/08/2020 - 14:50:03: [SM] Exception reported: Array index out-of-bounds (index 64, limit 55)
L 11/08/2020 - 14:50:03: [SM] Blaming: weapon_restrict.smx
L 11/08/2020 - 14:50:03: [SM] Call stack trace:
L 11/08/2020 - 14:50:03: [SM]   [1] Line 202, restrictinc/events.sp::CS_OnBuyCommand
L 11/08/2020 - 14:50:06: [SM] Exception reported: Array index out-of-bounds (index 64, limit 55)
L 11/08/2020 - 14:50:06: [SM] Blaming: weapon_restrict.smx
L 11/08/2020 - 14:50:06: [SM] Call stack trace:
L 11/08/2020 - 14:50:06: [SM]   [1] Line 202, restrictinc/events.sp::CS_OnBuyCommand
L 11/08/2020 - 14:50:57: [SM] Exception reported: Array index out-of-bounds (index 64, limit 55)
L 11/08/2020 - 14:50:57: [SM] Blaming: weapon_restrict.smx
L 11/08/2020 - 14:50:57: [SM] Call stack trace:
L 11/08/2020 - 14:50:57: [SM]   [1] Line 202, restrictinc/events.sp::CS_OnBuyCommand
L 11/08/2020 - 14:50:58: [SM] Exception reported: Array index out-of-bounds (index 64, limit 55)
L 11/08/2020 - 14:50:58: [SM] Blaming: weapon_restrict.smx
L 11/08/2020 - 14:50:58: [SM] Call stack trace:
L 11/08/2020 - 14:50:58: [SM]   [1] Line 202, restrictinc/events.sp::CS_OnBuyCommand
L 11/08/2020 - 14:52:10: [SM] Exception reported: Array index out-of-bounds (index 64, limit 55)
L 11/08/2020 - 14:52:10: [SM] Blaming: weapon_restrict.smx
L 11/08/2020 - 14:52:10: [SM] Call stack trace:
L 11/08/2020 - 14:52:10: [SM]   [1] Line 202, restrictinc/events.sp::CS_OnBuyCommand
L 11/08/2020 - 14:52:11: [SM] Exception reported: Array index out-of-bounds (index 64, limit 55)
L 11/08/2020 - 14:52:11: [SM] Blaming: weapon_restrict.smx
L 11/08/2020 - 14:52:11: [SM] Call stack trace:
L 11/08/2020 - 14:52:11: [SM]   [1] Line 202, restrictinc/events.sp::CS_OnBuyCommand
L 11/08/2020 - 14:53:47: [SM] Exception reported: Array index out-of-bounds (index 64, limit 55)
L 11/08/2020 - 14:53:47: [SM] Blaming: weapon_restrict.smx
L 11/08/2020 - 14:53:47: [SM] Call stack trace:
L 11/08/2020 - 14:53:47: [SM]   [1] Line 202, restrictinc/events.sp::CS_OnBuyCommand
L 11/08/2020 - 14:54:35: [SM] Exception reported: Array index out-of-bounds (index 64, limit 55)
L 11/08/2020 - 14:54:35: [SM] Blaming: weapon_restrict.smx
L 11/08/2020 - 14:54:35: [SM] Call stack trace:
L 11/08/2020 - 14:54:35: [SM]   [1] Line 202, restrictinc/events.sp::CS_OnBuyCommand
L 11/08/2020 - 14:56:11: [SM] Exception reported: Array index out-of-bounds (index 64, limit 55)
L 11/08/2020 - 14:56:11: [SM] Blaming: weapon_restrict.smx
L 11/08/2020 - 14:56:11: [SM] Call stack trace:
L 11/08/2020 - 14:56:11: [SM]   [1] Line 202, restrictinc/events.sp::CS_OnBuyCommand
L 11/08/2020 - 14:56:15: [SM] Exception reported: Array index out-of-bounds (index 64, limit 55)
L 11/08/2020 - 14:56:15: [SM] Blaming: weapon_restrict.smx
L 11/08/2020 - 14:56:15: [SM] Call stack trace:
L 11/08/2020 - 14:56:15: [SM]   [1] Line 202, restrictinc/events.sp::CS_OnBuyCommand
L 11/08/2020 - 14:56:44: [SM] Exception reported: Array index out-of-bounds (index 64, limit 55)
L 11/08/2020 - 14:56:44: [SM] Blaming: weapon_restrict.smx
L 11/08/2020 - 14:56:44: [SM] Call stack trace:
L 11/08/2020 - 14:56:44: [SM]   [1] Line 202, restrictinc/events.sp::CS_OnBuyCommand
L 11/08/2020 - 14:57:27: [SM] Exception reported: Array index out-of-bounds (index 64, limit 55)
L 11/08/2020 - 14:57:27: [SM] Blaming: weapon_restrict.smx
L 11/08/2020 - 14:57:27: [SM] Call stack trace:
L 11/08/2020 - 14:57:27: [SM]   [1] Line 202, restrictinc/events.sp::CS_OnBuyCommand
L 11/08/2020 - 14:58:11: [SM] Exception reported: Array index out-of-bounds (index 64, limit 55)
L 11/08/2020 - 14:58:11: [SM] Blaming: weapon_restrict.smx
L 11/08/2020 - 14:58:11: [SM] Call stack trace:
L 11/08/2020 - 14:58:11: [SM]   [1] Line 202, restrictinc/events.sp::CS_OnBuyCommand
L 11/08/2020 - 14:58:52: [SM] Exception reported: Array index out-of-bounds (index 64, limit 55)
L 11/08/2020 - 14:58:52: [SM] Blaming: weapon_restrict.smx
L 11/08/2020 - 14:58:52: [SM] Call stack trace:
L 11/08/2020 - 14:58:52: [SM]   [1] Line 202, restrictinc/events.sp::CS_OnBuyCommand
L 11/08/2020 - 14:58:54: [SM] Exception reported: Array index out-of-bounds (index 64, limit 55)
L 11/08/2020 - 14:58:54: [SM] Blaming: weapon_restrict.smx
L 11/08/2020 - 14:58:54: [SM] Call stack trace:
L 11/08/2020 - 14:58:54: [SM]   [1] Line 202, restrictinc/events.sp::CS_OnBuyCommand
L 11/08/2020 - 14:59:22: [SM] Exception reported: Array index out-of-bounds (index 64, limit 55)
L 11/08/2020 - 14:59:22: [SM] Blaming: weapon_restrict.smx
L 11/08/2020 - 14:59:22: [SM] Call stack trace:
L 11/08/2020 - 14:59:22: [SM]   [1] Line 202, restrictinc/events.sp::CS_OnBuyCommand
L 11/08/2020 - 15:02:35: [SM] Exception reported: Array index out-of-bounds (index 64, limit 55)
L 11/08/2020 - 15:02:35: [SM] Blaming: weapon_restrict.smx
L 11/08/2020 - 15:02:35: [SM] Call stack trace:
L 11/08/2020 - 15:02:35: [SM]   [1] Line 202, restrictinc/events.sp::CS_OnBuyCommand
L 11/08/2020 - 15:02:40: [SM] Exception reported: Array index out-of-bounds (index 64, limit 55)
L 11/08/2020 - 15:02:40: [SM] Blaming: weapon_restrict.smx
L 11/08/2020 - 15:02:40: [SM] Call stack trace:
L 11/08/2020 - 15:02:40: [SM]   [1] Line 202, restrictinc/events.sp::CS_OnBuyCommand
L 11/08/2020 - 15:04:39: [SM] Exception reported: Array index out-of-bounds (index 64, limit 55)
L 11/08/2020 - 15:04:39: [SM] Blaming: weapon_restrict.smx
L 11/08/2020 - 15:04:39: [SM] Call stack trace:
L 11/08/2020 - 15:04:39: [SM]   [1] Line 202, restrictinc/events.sp::CS_OnBuyCommand
L 11/08/2020 - 15:05:19: [SM] Exception reported: Array index out-of-bounds (index 64, limit 55)
L 11/08/2020 - 15:05:19: [SM] Blaming: weapon_restrict.smx
L 11/08/2020 - 15:05:19: [SM] Call stack trace:
L 11/08/2020 - 15:05:19: [SM]   [1] Line 202, restrictinc/events.sp::CS_OnBuyCommand
L 11/08/2020 - 15:07:43: [SM] Exception reported: Array index out-of-bounds (index 64, limit 55)
L 11/08/2020 - 15:07:43: [SM] Blaming: weapon_restrict.smx
L 11/08/2020 - 15:07:43: [SM] Call stack trace:
L 11/08/2020 - 15:07:43: [SM]   [1] Line 202, restrictinc/events.sp::CS_OnBuyCommand
L 11/08/2020 - 15:08:58: [SM] Exception reported: Array index out-of-bounds (index 64, limit 55)
L 11/08/2020 - 15:08:58: [SM] Blaming: weapon_restrict.smx
L 11/08/2020 - 15:08:58: [SM] Call stack trace:
L 11/08/2020 - 15:08:58: [SM]   [1] Line 202, restrictinc/events.sp::CS_OnBuyCommand
L 11/08/2020 - 15:10:03: [SM] Exception reported: Array index out-of-bounds (index 64, limit 55)
L 11/08/2020 - 15:10:03: [SM] Blaming: weapon_restrict.smx
L 11/08/2020 - 15:10:03: [SM] Call stack trace:
L 11/08/2020 - 15:10:03: [SM]   [1] Line 202, restrictinc/events.sp::CS_OnBuyCommand
L 11/08/2020 - 15:11:21: [SM] Exception reported: Array index out-of-bounds (index 64, limit 55)
L 11/08/2020 - 15:11:21: [SM] Blaming: weapon_restrict.smx
L 11/08/2020 - 15:11:21: [SM] Call stack trace:
L 11/08/2020 - 15:11:21: [SM]   [1] Line 202, restrictinc/events.sp::CS_OnBuyCommand
L 11/08/2020 - 15:12:17: [SM] Exception reported: Array index out-of-bounds (index 64, limit 55)
L 11/08/2020 - 15:12:17: [SM] Blaming: weapon_restrict.smx
L 11/08/2020 - 15:12:17: [SM] Call stack trace:
L 11/08/2020 - 15:12:17: [SM]   [1] Line 202, restrictinc/events.sp::CS_OnBuyCommand
L 11/08/2020 - 15:12:27: [SM] Exception reported: Array index out-of-bounds (index 64, limit 55)
L 11/08/2020 - 15:12:27: [SM] Blaming: weapon_restrict.smx
L 11/08/2020 - 15:12:27: [SM] Call stack trace:
L 11/08/2020 - 15:12:27: [SM]   [1] Line 202, restrictinc/events.sp::CS_OnBuyCommand
L 11/08/2020 - 15:13:18: [SM] Exception reported: Array index out-of-bounds (index 64, limit 55)
L 11/08/2020 - 15:13:18: [SM] Blaming: weapon_restrict.smx
L 11/08/2020 - 15:13:18: [SM] Call stack trace:
L 11/08/2020 - 15:13:18: [SM]   [1] Line 202, restrictinc/events.sp::CS_OnBuyCommand
L 11/08/2020 - 16:19:54: Error log file session closed.
L 11/08/2020 - 16:19:54: SourceMod error session started
L 11/08/2020 - 16:19:54: Info (map "de_mirage") (file "/home/tcagame/jackm1/527/csgo/addons/sourcemod/logs/errors_20201108.log")
L 11/08/2020 - 16:19:54: [SM] Fatal error encountered parsing translation file "advadmin.phrases.txt"
L 11/08/2020 - 16:19:54: [SM] Error (line 0, column 0): Stream failed to open
L 11/08/2020 - 16:20:10: [SM] Exception reported: Language phrase "Player_Connected_From" not found (arg 3)
L 11/08/2020 - 16:20:10: [SM] Blaming: advadmin.smx
L 11/08/2020 - 16:20:10: [SM] Call stack trace:
L 11/08/2020 - 16:20:10: [SM]   [0] VFormat
L 11/08/2020 - 16:20:10: [SM]   [1] Line 386, /groups/sourcemod/compiler-1.10/include/halflife.inc::PrintToChatAll
L 11/08/2020 - 16:20:10: [SM]   [2] Line 141, /home/groups/sourcemod/upload_tmp/phpRYtiXm.sp::OnClientAuthorized
L 11/08/2020 - 16:22:20: Error log file session closed.
L 11/08/2020 - 16:22:20: SourceMod error session started
L 11/08/2020 - 16:22:20: Info (map "cs_militia") (file "/home/tcagame/jackm1/527/csgo/addons/sourcemod/logs/errors_20201108.log")
L 11/08/2020 - 16:22:20: [SM] Fatal error encountered parsing translation file "advadmin.phrases.txt"
L 11/08/2020 - 16:22:20: [SM] Error (line 0, column 0): Stream failed to open
L 11/08/2020 - 16:24:26: [SM] Exception reported: Array index out-of-bounds (index 64, limit 55)
L 11/08/2020 - 16:24:26: [SM] Blaming: weapon_restrict.smx
L 11/08/2020 - 16:24:26: [SM] Call stack trace:
L 11/08/2020 - 16:24:26: [SM]   [1] Line 202, restrictinc/events.sp::CS_OnBuyCommand
L 11/08/2020 - 16:24:34: [SM] Exception reported: Array index out-of-bounds (index 64, limit 55)
L 11/08/2020 - 16:24:34: [SM] Blaming: weapon_restrict.smx
L 11/08/2020 - 16:24:34: [SM] Call stack trace:
L 11/08/2020 - 16:24:34: [SM]   [1] Line 202, restrictinc/events.sp::CS_OnBuyCommand
L 11/08/2020 - 16:33:35: [SM] Exception reported: Array index out-of-bounds (index 64, limit 55)
L 11/08/2020 - 16:33:35: [SM] Blaming: weapon_restrict.smx
L 11/08/2020 - 16:33:35: [SM] Call stack trace:
L 11/08/2020 - 16:33:35: [SM]   [1] Line 202, restrictinc/events.sp::CS_OnBuyCommand
L 11/08/2020 - 19:59:22: Error log file session closed.
L 11/08/2020 - 19:59:22: SourceMod error session started
L 11/08/2020 - 19:59:22: Info (map "cs_militia") (file "/home/tcagame/jackm1/527/csgo/addons/sourcemod/logs/errors_20201108.log")
L 11/08/2020 - 19:59:22: [SM] Fatal error encountered parsing translation file "advadmin.phrases.txt"
L 11/08/2020 - 19:59:22: [SM] Error (line 0, column 0): Stream failed to open
L 11/08/2020 - 20:01:47: [SM] Exception reported: Language phrase "Player_Connected_From" not found (arg 3)
L 11/08/2020 - 20:01:47: [SM] Blaming: advadmin.smx
L 11/08/2020 - 20:01:47: [SM] Call stack trace:
L 11/08/2020 - 20:01:47: [SM]   [0] VFormat
L 11/08/2020 - 20:01:47: [SM]   [1] Line 386, /groups/sourcemod/compiler-1.10/include/halflife.inc::PrintToChatAll
L 11/08/2020 - 20:01:47: [SM]   [2] Line 141, /home/groups/sourcemod/upload_tmp/phpRYtiXm.sp::OnClientAuthorized
L 11/08/2020 - 20:05:50: Error log file session closed.
L 11/08/2020 - 20:05:50: SourceMod error session started
L 11/08/2020 - 20:05:50: Info (map "de_mirage") (file "/home/tcagame/jackm1/527/csgo/addons/sourcemod/logs/errors_20201108.log")
L 11/08/2020 - 20:05:50: [SM] Fatal error encountered parsing translation file "advadmin.phrases.txt"
L 11/08/2020 - 20:05:50: [SM] Error (line 0, column 0): Stream failed to open
L 11/08/2020 - 20:06:11: [SM] Exception reported: Array index out-of-bounds (index 64, limit 55)
L 11/08/2020 - 20:06:11: [SM] Blaming: weapon_restrict.smx
L 11/08/2020 - 20:06:11: [SM] Call stack trace:
L 11/08/2020 - 20:06:11: [SM]   [1] Line 202, restrictinc/events.sp::CS_OnBuyCommand
L 11/08/2020 - 20:07:32: [SM] Exception reported: Language phrase "Player_Connected_From" not found (arg 3)
L 11/08/2020 - 20:07:32: [SM] Blaming: advadmin.smx
L 11/08/2020 - 20:07:32: [SM] Call stack trace:
L 11/08/2020 - 20:07:32: [SM]   [0] VFormat
L 11/08/2020 - 20:07:32: [SM]   [1] Line 386, /groups/sourcemod/compiler-1.10/include/halflife.inc::PrintToChatAll
L 11/08/2020 - 20:07:32: [SM]   [2] Line 141, /home/groups/sourcemod/upload_tmp/phpRYtiXm.sp::OnClientAuthorized
L 11/08/2020 - 20:07:42: [SM] Exception reported: Array index out-of-bounds (index 64, limit 55)
L 11/08/2020 - 20:07:42: [SM] Blaming: weapon_restrict.smx
L 11/08/2020 - 20:07:42: [SM] Call stack trace:
L 11/08/2020 - 20:07:42: [SM]   [1] Line 202, restrictinc/events.sp::CS_OnBuyCommand
L 11/08/2020 - 20:08:40: [SM] Exception reported: Array index out-of-bounds (index 64, limit 55)
L 11/08/2020 - 20:08:40: [SM] Blaming: weapon_restrict.smx
L 11/08/2020 - 20:08:40: [SM] Call stack trace:
L 11/08/2020 - 20:08:40: [SM]   [1] Line 202, restrictinc/events.sp::CS_OnBuyCommand
L 11/08/2020 - 20:08:51: [SM] Exception reported: Array index out-of-bounds (index 64, limit 55)
L 11/08/2020 - 20:08:51: [SM] Blaming: weapon_restrict.smx
L 11/08/2020 - 20:08:51: [SM] Call stack trace:
L 11/08/2020 - 20:08:51: [SM]   [1] Line 202, restrictinc/events.sp::CS_OnBuyCommand
L 11/08/2020 - 20:20:10: Error log file session closed.
L 11/08/2020 - 20:20:10: SourceMod error session started
L 11/08/2020 - 20:20:10: Info (map "de_mirage") (file "/home/tcagame/jackm1/527/csgo/addons/sourcemod/logs/errors_20201108.log")
L 11/08/2020 - 20:20:10: [SM] Fatal error encountered parsing translation file "advadmin.phrases.txt"
L 11/08/2020 - 20:20:10: [SM] Error (line 0, column 0): Stream failed to open
L 11/08/2020 - 20:26:02: Error log file session closed.
L 11/08/2020 - 20:26:02: SourceMod error session started
L 11/08/2020 - 20:26:02: Info (map "de_mirage") (file "/home/tcagame/jackm1/527/csgo/addons/sourcemod/logs/errors_20201108.log")
L 11/08/2020 - 20:26:02: [SM] Fatal error encountered parsing translation file "advadmin.phrases.txt"
L 11/08/2020 - 20:26:02: [SM] Error (line 0, column 0): Stream failed to open
L 11/08/2020 - 20:59:30: Error log file session closed.
L 11/08/2020 - 20:59:30: SourceMod error session started
L 11/08/2020 - 20:59:30: Info (map "de_mirage") (file "/home/tcagame/jackm1/527/csgo/addons/sourcemod/logs/errors_20201108.log")
L 11/08/2020 - 20:59:30: [SM] Fatal error encountered parsing translation file "advadmin.phrases.txt"
L 11/08/2020 - 20:59:30: [SM] Error (line 0, column 0): Stream failed to open
L 11/08/2020 - 21:01:19: [SM] Exception reported: Language phrase "Player_Connected_From" not found (arg 3)
L 11/08/2020 - 21:01:19: [SM] Blaming: advadmin.smx
L 11/08/2020 - 21:01:19: [SM] Call stack trace:
L 11/08/2020 - 21:01:19: [SM]   [0] VFormat
L 11/08/2020 - 21:01:19: [SM]   [1] Line 386, /groups/sourcemod/compiler-1.10/include/halflife.inc::PrintToChatAll
L 11/08/2020 - 21:01:19: [SM]   [2] Line 141, /home/groups/sourcemod/upload_tmp/phpRYtiXm.sp::OnClientAuthorized
L 11/08/2020 - 21:01:40: [SM] Exception reported: Language phrase "Player_Connected_From" not found (arg 3)
L 11/08/2020 - 21:01:40: [SM] Blaming: advadmin.smx
L 11/08/2020 - 21:01:40: [SM] Call stack trace:
L 11/08/2020 - 21:01:40: [SM]   [0] VFormat
L 11/08/2020 - 21:01:40: [SM]   [1] Line 386, /groups/sourcemod/compiler-1.10/include/halflife.inc::PrintToChatAll
L 11/08/2020 - 21:01:40: [SM]   [2] Line 141, /home/groups/sourcemod/upload_tmp/phpRYtiXm.sp::OnClientAuthorized
L 11/08/2020 - 21:02:19: [SM] Exception reported: Array index out-of-bounds (index 64, limit 55)
L 11/08/2020 - 21:02:19: [SM] Blaming: weapon_restrict.smx
L 11/08/2020 - 21:02:19: [SM] Call stack trace:
L 11/08/2020 - 21:02:19: [SM]   [1] Line 202, restrictinc/events.sp::CS_OnBuyCommand
L 11/08/2020 - 21:02:39: [SM] Exception reported: Array index out-of-bounds (index 64, limit 55)
L 11/08/2020 - 21:02:39: [SM] Blaming: weapon_restrict.smx
L 11/08/2020 - 21:02:39: [SM] Call stack trace:
L 11/08/2020 - 21:02:39: [SM]   [1] Line 202, restrictinc/events.sp::CS_OnBuyCommand
L 11/08/2020 - 21:02:54: [SM] Exception reported: Array index out-of-bounds (index 64, limit 55)
L 11/08/2020 - 21:02:54: [SM] Blaming: weapon_restrict.smx
L 11/08/2020 - 21:02:54: [SM] Call stack trace:
L 11/08/2020 - 21:02:54: [SM]   [1] Line 202, restrictinc/events.sp::CS_OnBuyCommand
L 11/08/2020 - 21:03:29: [SM] Exception reported: Array index out-of-bounds (index 64, limit 55)
L 11/08/2020 - 21:03:29: [SM] Blaming: weapon_restrict.smx
L 11/08/2020 - 21:03:29: [SM] Call stack trace:
L 11/08/2020 - 21:03:29: [SM]   [1] Line 202, restrictinc/events.sp::CS_OnBuyCommand
L 11/08/2020 - 21:04:02: [SM] Exception reported: Array index out-of-bounds (index 64, limit 55)
L 11/08/2020 - 21:04:02: [SM] Blaming: weapon_restrict.smx
L 11/08/2020 - 21:04:02: [SM] Call stack trace:
L 11/08/2020 - 21:04:02: [SM]   [1] Line 202, restrictinc/events.sp::CS_OnBuyCommand
L 11/08/2020 - 21:04:54: [SM] Exception reported: Array index out-of-bounds (index 64, limit 55)
L 11/08/2020 - 21:04:54: [SM] Blaming: weapon_restrict.smx
L 11/08/2020 - 21:04:54: [SM] Call stack trace:
L 11/08/2020 - 21:04:54: [SM]   [1] Line 202, restrictinc/events.sp::CS_OnBuyCommand
L 11/08/2020 - 21:05:24: [SM] Exception reported: Array index out-of-bounds (index 64, limit 55)
L 11/08/2020 - 21:05:24: [SM] Blaming: weapon_restrict.smx
L 11/08/2020 - 21:05:24: [SM] Call stack trace:
L 11/08/2020 - 21:05:24: [SM]   [1] Line 202, restrictinc/events.sp::CS_OnBuyCommand
L 11/08/2020 - 21:05:30: Error log file session closed.
L 11/08/2020 - 21:05:30: SourceMod error session started
L 11/08/2020 - 21:05:30: Info (map "de_dust2") (file "/home/tcagame/jackm1/527/csgo/addons/sourcemod/logs/errors_20201108.log")
L 11/08/2020 - 21:05:30: [SM] Fatal error encountered parsing translation file "advadmin.phrases.txt"
L 11/08/2020 - 21:05:30: [SM] Error (line 0, column 0): Stream failed to open
L 11/08/2020 - 21:07:22: [SM] Exception reported: Array index out-of-bounds (index 64, limit 55)
L 11/08/2020 - 21:07:22: [SM] Blaming: weapon_restrict.smx
L 11/08/2020 - 21:07:22: [SM] Call stack trace:
L 11/08/2020 - 21:07:22: [SM]   [1] Line 202, restrictinc/events.sp::CS_OnBuyCommand
L 11/08/2020 - 21:07:29: [SM] Exception reported: Array index out-of-bounds (index 64, limit 55)
L 11/08/2020 - 21:07:29: [SM] Blaming: weapon_restrict.smx
L 11/08/2020 - 21:07:29: [SM] Call stack trace:
L 11/08/2020 - 21:07:29: [SM]   [1] Line 202, restrictinc/events.sp::CS_OnBuyCommand
L 11/08/2020 - 21:08:29: [SM] Exception reported: Array index out-of-bounds (index 64, limit 55)
L 11/08/2020 - 21:08:29: [SM] Blaming: weapon_restrict.smx
L 11/08/2020 - 21:08:29: [SM] Call stack trace:
L 11/08/2020 - 21:08:29: [SM]   [1] Line 202, restrictinc/events.sp::CS_OnBuyCommand
L 11/08/2020 - 21:09:44: [SM] Exception reported: Array index out-of-bounds (index 64, limit 55)
L 11/08/2020 - 21:09:44: [SM] Blaming: weapon_restrict.smx
L 11/08/2020 - 21:09:44: [SM] Call stack trace:
L 11/08/2020 - 21:09:44: [SM]   [1] Line 202, restrictinc/events.sp::CS_OnBuyCommand
L 11/08/2020 - 21:11:02: [SM] Exception reported: Array index out-of-bounds (index 64, limit 55)
L 11/08/2020 - 21:11:02: [SM] Blaming: weapon_restrict.smx
L 11/08/2020 - 21:11:02: [SM] Call stack trace:
L 11/08/2020 - 21:11:02: [SM]   [1] Line 202, restrictinc/events.sp::CS_OnBuyCommand
L 11/08/2020 - 21:11:48: [SM] Exception reported: Array index out-of-bounds (index 64, limit 55)
L 11/08/2020 - 21:11:48: [SM] Blaming: weapon_restrict.smx
L 11/08/2020 - 21:11:48: [SM] Call stack trace:
L 11/08/2020 - 21:11:48: [SM]   [1] Line 202, restrictinc/events.sp::CS_OnBuyCommand
L 11/08/2020 - 21:13:40: [SM] Exception reported: Array index out-of-bounds (index 64, limit 55)
L 11/08/2020 - 21:13:40: [SM] Blaming: weapon_restrict.smx
L 11/08/2020 - 21:13:40: [SM] Call stack trace:
L 11/08/2020 - 21:13:40: [SM]   [1] Line 202, restrictinc/events.sp::CS_OnBuyCommand
L 11/08/2020 - 21:14:42: [SM] Exception reported: Array index out-of-bounds (index 64, limit 55)
L 11/08/2020 - 21:14:42: [SM] Blaming: weapon_restrict.smx
L 11/08/2020 - 21:14:42: [SM] Call stack trace:
L 11/08/2020 - 21:14:42: [SM]   [1] Line 202, restrictinc/events.sp::CS_OnBuyCommand
L 11/08/2020 - 21:15:28: [SM] Exception reported: Array index out-of-bounds (index 64, limit 55)
L 11/08/2020 - 21:15:28: [SM] Blaming: weapon_restrict.smx
L 11/08/2020 - 21:15:28: [SM] Call stack trace:
L 11/08/2020 - 21:15:28: [SM]   [1] Line 202, restrictinc/events.sp::CS_OnBuyCommand
L 11/08/2020 - 21:16:14: [SM] Exception reported: Array index out-of-bounds (index 64, limit 55)
L 11/08/2020 - 21:16:14: [SM] Blaming: weapon_restrict.smx
L 11/08/2020 - 21:16:14: [SM] Call stack trace:
L 11/08/2020 - 21:16:14: [SM]   [1] Line 202, restrictinc/events.sp::CS_OnBuyCommand
L 11/08/2020 - 21:17:15: [SM] Exception reported: Array index out-of-bounds (index 64, limit 55)
L 11/08/2020 - 21:17:15: [SM] Blaming: weapon_restrict.smx
L 11/08/2020 - 21:17:15: [SM] Call stack trace:
L 11/08/2020 - 21:17:15: [SM]   [1] Line 202, restrictinc/events.sp::CS_OnBuyCommand
L 11/08/2020 - 21:18:35: [SM] Exception reported: Array index out-of-bounds (index 64, limit 55)
L 11/08/2020 - 21:18:35: [SM] Blaming: weapon_restrict.smx
L 11/08/2020 - 21:18:35: [SM] Call stack trace:
L 11/08/2020 - 21:18:35: [SM]   [1] Line 202, restrictinc/events.sp::CS_OnBuyCommand
L 11/08/2020 - 21:21:01: [SM] Exception reported: Array index out-of-bounds (index 64, limit 55)
L 11/08/2020 - 21:21:01: [SM] Blaming: weapon_restrict.smx
L 11/08/2020 - 21:21:01: [SM] Call stack trace:
L 11/08/2020 - 21:21:01: [SM]   [1] Line 202, restrictinc/events.sp::CS_OnBuyCommand
L 11/08/2020 - 21:21:59: [SM] Exception reported: Array index out-of-bounds (index 64, limit 55)
L 11/08/2020 - 21:21:59: [SM] Blaming: weapon_restrict.smx
L 11/08/2020 - 21:21:59: [SM] Call stack trace:
L 11/08/2020 - 21:21:59: [SM]   [1] Line 202, restrictinc/events.sp::CS_OnBuyCommand
L 11/08/2020 - 21:23:37: [SM] Exception reported: Array index out-of-bounds (index 64, limit 55)
L 11/08/2020 - 21:23:37: [SM] Blaming: weapon_restrict.smx
L 11/08/2020 - 21:23:37: [SM] Call stack trace:
L 11/08/2020 - 21:23:37: [SM]   [1] Line 202, restrictinc/events.sp::CS_OnBuyCommand
L 11/08/2020 - 21:23:39: [SM] Exception reported: Array index out-of-bounds (index 64, limit 55)
L 11/08/2020 - 21:23:39: [SM] Blaming: weapon_restrict.smx
L 11/08/2020 - 21:23:39: [SM] Call stack trace:
L 11/08/2020 - 21:23:39: [SM]   [1] Line 202, restrictinc/events.sp::CS_OnBuyCommand
L 11/08/2020 - 21:24:17: [SM] Exception reported: Array index out-of-bounds (index 64, limit 55)
L 11/08/2020 - 21:24:17: [SM] Blaming: weapon_restrict.smx
L 11/08/2020 - 21:24:17: [SM] Call stack trace:
L 11/08/2020 - 21:24:17: [SM]   [1] Line 202, restrictinc/events.sp::CS_OnBuyCommand
L 11/08/2020 - 21:25:13: [SM] Exception reported: Array index out-of-bounds (index 64, limit 55)
L 11/08/2020 - 21:25:13: [SM] Blaming: weapon_restrict.smx
L 11/08/2020 - 21:25:13: [SM] Call stack trace:
L 11/08/2020 - 21:25:13: [SM]   [1] Line 202, restrictinc/events.sp::CS_OnBuyCommand
L 11/08/2020 - 21:26:28: [SM] Exception reported: Array index out-of-bounds (index 64, limit 55)
L 11/08/2020 - 21:26:28: [SM] Blaming: weapon_restrict.smx
L 11/08/2020 - 21:26:28: [SM] Call stack trace:
L 11/08/2020 - 21:26:28: [SM]   [1] Line 202, restrictinc/events.sp::CS_OnBuyCommand
L 11/08/2020 - 21:28:26: [SM] Exception reported: Array index out-of-bounds (index 64, limit 55)
L 11/08/2020 - 21:28:26: [SM] Blaming: weapon_restrict.smx
L 11/08/2020 - 21:28:26: [SM] Call stack trace:
L 11/08/2020 - 21:28:26: [SM]   [1] Line 202, restrictinc/events.sp::CS_OnBuyCommand
L 11/08/2020 - 21:29:03: [SM] Exception reported: Array index out-of-bounds (index 64, limit 55)
L 11/08/2020 - 21:29:03: [SM] Blaming: weapon_restrict.smx
L 11/08/2020 - 21:29:03: [SM] Call stack trace:
L 11/08/2020 - 21:29:03: [SM]   [1] Line 202, restrictinc/events.sp::CS_OnBuyCommand
L 11/08/2020 - 21:29:35: [SM] Exception reported: Array index out-of-bounds (index 64, limit 55)
L 11/08/2020 - 21:29:35: [SM] Blaming: weapon_restrict.smx
L 11/08/2020 - 21:29:35: [SM] Call stack trace:
L 11/08/2020 - 21:29:35: [SM]   [1] Line 202, restrictinc/events.sp::CS_OnBuyCommand
L 11/08/2020 - 21:30:51: [SM] Exception reported: Array index out-of-bounds (index 64, limit 55)
L 11/08/2020 - 21:30:51: [SM] Blaming: weapon_restrict.smx
L 11/08/2020 - 21:30:51: [SM] Call stack trace:
L 11/08/2020 - 21:30:51: [SM]   [1] Line 202, restrictinc/events.sp::CS_OnBuyCommand
L 11/08/2020 - 21:31:47: [SM] Exception reported: Array index out-of-bounds (index 64, limit 55)
L 11/08/2020 - 21:31:47: [SM] Blaming: weapon_restrict.smx
L 11/08/2020 - 21:31:47: [SM] Call stack trace:
L 11/08/2020 - 21:31:47: [SM]   [1] Line 202, restrictinc/events.sp::CS_OnBuyCommand
L 11/08/2020 - 21:32:53: [SM] Exception reported: Array index out-of-bounds (index 64, limit 55)
L 11/08/2020 - 21:32:53: [SM] Blaming: weapon_restrict.smx
L 11/08/2020 - 21:32:53: [SM] Call stack trace:
L 11/08/2020 - 21:32:53: [SM]   [1] Line 202, restrictinc/events.sp::CS_OnBuyCommand
L 11/08/2020 - 21:33:26: [SM] Exception reported: Array index out-of-bounds (index 64, limit 55)
L 11/08/2020 - 21:33:26: [SM] Blaming: weapon_restrict.smx
L 11/08/2020 - 21:33:26: [SM] Call stack trace:
L 11/08/2020 - 21:33:26: [SM]   [1] Line 202, restrictinc/events.sp::CS_OnBuyCommand
L 11/08/2020 - 21:35:31: [SM] Exception reported: Language phrase "Player_Connected_From" not found (arg 3)
L 11/08/2020 - 21:35:31: [SM] Blaming: advadmin.smx
L 11/08/2020 - 21:35:31: [SM] Call stack trace:
L 11/08/2020 - 21:35:31: [SM]   [0] VFormat
L 11/08/2020 - 21:35:31: [SM]   [1] Line 386, /groups/sourcemod/compiler-1.10/include/halflife.inc::PrintToChatAll
L 11/08/2020 - 21:35:31: [SM]   [2] Line 141, /home/groups/sourcemod/upload_tmp/phpRYtiXm.sp::OnClientAuthorized
L 11/08/2020 - 21:35:46: [SM] Exception reported: Array index out-of-bounds (index 64, limit 55)
L 11/08/2020 - 21:35:46: [SM] Blaming: weapon_restrict.smx
L 11/08/2020 - 21:35:46: [SM] Call stack trace:
L 11/08/2020 - 21:35:46: [SM]   [1] Line 202, restrictinc/events.sp::CS_OnBuyCommand
L 11/08/2020 - 21:39:32: Error log file session closed.
L 11/08/2020 - 21:39:32: SourceMod error session started
L 11/08/2020 - 21:39:32: Info (map "de_dust2") (file "/home/tcagame/jackm1/527/csgo/addons/sourcemod/logs/errors_20201108.log")
L 11/08/2020 - 21:39:32: [SM] Fatal error encountered parsing translation file "advadmin.phrases.txt"
L 11/08/2020 - 21:39:32: [SM] Error (line 0, column 0): Stream failed to open
L 11/08/2020 - 21:40:01: Error log file session closed.
L 11/08/2020 - 21:40:01: SourceMod error session started
L 11/08/2020 - 21:40:01: Info (map "de_dust2") (file "/home/tcagame/jackm1/527/csgo/addons/sourcemod/logs/errors_20201108.log")
L 11/08/2020 - 21:40:01: [SM] Fatal error encountered parsing translation file "advadmin.phrases.txt"
L 11/08/2020 - 21:40:01: [SM] Error (line 0, column 0): Stream failed to open
L 11/08/2020 - 22:13:27: Error log file session closed.
L 11/08/2020 - 22:13:27: SourceMod error session started
L 11/08/2020 - 22:13:27: Info (map "de_dust2") (file "/home/tcagame/jackm1/527/csgo/addons/sourcemod/logs/errors_20201108.log")
L 11/08/2020 - 22:13:27: [SM] Fatal error encountered parsing translation file "advadmin.phrases.txt"
L 11/08/2020 - 22:13:27: [SM] Error (line 0, column 0): Stream failed to open
L 11/08/2020 - 22:34:37: Error log file session closed.
L 11/08/2020 - 22:34:37: SourceMod error session started
L 11/08/2020 - 22:34:37: Info (map "de_dust2") (file "/home/tcagame/jackm1/527/csgo/addons/sourcemod/logs/errors_20201108.log")
L 11/08/2020 - 22:34:37: [SM] Fatal error encountered parsing translation file "advadmin.phrases.txt"
L 11/08/2020 - 22:34:37: [SM] Error (line 0, column 0): Stream failed to open
L 11/09/2020 - 01:55:15: Error log file session closed.
