L 11/25/2020 - 03:03:18: SourceMod error session started
L 11/25/2020 - 03:03:18: Info (map "de_dust2") (file "/home/tcagame/jackm1/527/csgo/addons/sourcemod/logs/errors_20201125.log")
L 11/25/2020 - 03:03:18: [SM] Fatal error encountered parsing translation file "advadmin.phrases.txt"
L 11/25/2020 - 03:03:18: [SM] Error (line 0, column 0): Stream failed to open
L 11/25/2020 - 03:04:09: [SM] Exception reported: Array index out-of-bounds (index 64, limit 55)
L 11/25/2020 - 03:04:09: [SM] Blaming: weapon_restrict.smx
L 11/25/2020 - 03:04:09: [SM] Call stack trace:
L 11/25/2020 - 03:04:09: [SM]   [1] Line 202, restrictinc/events.sp::CS_OnBuyCommand
L 11/25/2020 - 03:04:48: [SM] Exception reported: Language phrase "CMD_Health" not found (arg 5)
L 11/25/2020 - 03:04:48: [SM] Blaming: advadmin.smx
L 11/25/2020 - 03:04:48: [SM] Call stack trace:
L 11/25/2020 - 03:04:48: [SM]   [0] ShowActivity2
L 11/25/2020 - 03:04:48: [SM]   [1] Line 1329, /home/groups/sourcemod/upload_tmp/phpRYtiXm.sp::CMD_Health
L 11/25/2020 - 03:04:50: [SM] Exception reported: Language phrase "CMD_Health" not found (arg 5)
L 11/25/2020 - 03:04:50: [SM] Blaming: advadmin.smx
L 11/25/2020 - 03:04:50: [SM] Call stack trace:
L 11/25/2020 - 03:04:50: [SM]   [0] ShowActivity2
L 11/25/2020 - 03:04:50: [SM]   [1] Line 1329, /home/groups/sourcemod/upload_tmp/phpRYtiXm.sp::CMD_Health
L 11/25/2020 - 03:08:01: [SM] Exception reported: Language phrase "CMD_Health" not found (arg 5)
L 11/25/2020 - 03:08:01: [SM] Blaming: advadmin.smx
L 11/25/2020 - 03:08:01: [SM] Call stack trace:
L 11/25/2020 - 03:08:01: [SM]   [0] ShowActivity2
L 11/25/2020 - 03:08:01: [SM]   [1] Line 1329, /home/groups/sourcemod/upload_tmp/phpRYtiXm.sp::CMD_Health
L 11/25/2020 - 09:34:16: [SM] Exception reported: Language phrase "Player_Connected_From" not found (arg 3)
L 11/25/2020 - 09:34:16: [SM] Blaming: advadmin.smx
L 11/25/2020 - 09:34:16: [SM] Call stack trace:
L 11/25/2020 - 09:34:16: [SM]   [0] VFormat
L 11/25/2020 - 09:34:16: [SM]   [1] Line 386, /groups/sourcemod/compiler-1.10/include/halflife.inc::PrintToChatAll
L 11/25/2020 - 09:34:16: [SM]   [2] Line 141, /home/groups/sourcemod/upload_tmp/phpRYtiXm.sp::OnClientAuthorized
L 11/25/2020 - 14:44:15: Error log file session closed.
L 11/25/2020 - 14:44:15: SourceMod error session started
L 11/25/2020 - 14:44:15: Info (map "de_dust2") (file "/home/tcagame/jackm1/527/csgo/addons/sourcemod/logs/errors_20201125.log")
L 11/25/2020 - 14:44:15: [SM] Fatal error encountered parsing translation file "advadmin.phrases.txt"
L 11/25/2020 - 14:44:15: [SM] Error (line 0, column 0): Stream failed to open
L 11/25/2020 - 14:46:00: [SM] Exception reported: Language phrase "Player_Connected_From" not found (arg 3)
L 11/25/2020 - 14:46:00: [SM] Blaming: advadmin.smx
L 11/25/2020 - 14:46:00: [SM] Call stack trace:
L 11/25/2020 - 14:46:00: [SM]   [0] VFormat
L 11/25/2020 - 14:46:00: [SM]   [1] Line 386, /groups/sourcemod/compiler-1.10/include/halflife.inc::PrintToChatAll
L 11/25/2020 - 14:46:00: [SM]   [2] Line 141, /home/groups/sourcemod/upload_tmp/phpRYtiXm.sp::OnClientAuthorized
L 11/25/2020 - 14:51:03: [SM] Exception reported: Language phrase "Player_Connected" not found (arg 3)
L 11/25/2020 - 14:51:03: [SM] Blaming: advadmin.smx
L 11/25/2020 - 14:51:03: [SM] Call stack trace:
L 11/25/2020 - 14:51:03: [SM]   [0] VFormat
L 11/25/2020 - 14:51:03: [SM]   [1] Line 386, /groups/sourcemod/compiler-1.10/include/halflife.inc::PrintToChatAll
L 11/25/2020 - 14:51:03: [SM]   [2] Line 145, /home/groups/sourcemod/upload_tmp/phpRYtiXm.sp::OnClientAuthorized
L 11/25/2020 - 14:51:03: [SM]   [4] ServerCommandEx
L 11/25/2020 - 14:51:03: [SM]   [5] Line 402, /home/builds/sourcemod/linux-1.10/build/plugins/basecommands.sp::Command_Rcon
L 11/25/2020 - 14:51:09: [SM] Exception reported: Language phrase "CMD_Health" not found (arg 5)
L 11/25/2020 - 14:51:09: [SM] Blaming: advadmin.smx
L 11/25/2020 - 14:51:09: [SM] Call stack trace:
L 11/25/2020 - 14:51:09: [SM]   [0] ShowActivity2
L 11/25/2020 - 14:51:09: [SM]   [1] Line 1329, /home/groups/sourcemod/upload_tmp/phpRYtiXm.sp::CMD_Health
L 11/25/2020 - 14:51:12: [SM] Exception reported: Language phrase "Player_Connected" not found (arg 3)
L 11/25/2020 - 14:51:12: [SM] Blaming: advadmin.smx
L 11/25/2020 - 14:51:12: [SM] Call stack trace:
L 11/25/2020 - 14:51:12: [SM]   [0] VFormat
L 11/25/2020 - 14:51:12: [SM]   [1] Line 386, /groups/sourcemod/compiler-1.10/include/halflife.inc::PrintToChatAll
L 11/25/2020 - 14:51:12: [SM]   [2] Line 145, /home/groups/sourcemod/upload_tmp/phpRYtiXm.sp::OnClientAuthorized
L 11/25/2020 - 14:51:12: [SM]   [4] ServerCommandEx
L 11/25/2020 - 14:51:12: [SM]   [5] Line 402, /home/builds/sourcemod/linux-1.10/build/plugins/basecommands.sp::Command_Rcon
L 11/25/2020 - 14:52:15: [SM] Exception reported: Language phrase "CMD_Health" not found (arg 5)
L 11/25/2020 - 14:52:15: [SM] Blaming: advadmin.smx
L 11/25/2020 - 14:52:15: [SM] Call stack trace:
L 11/25/2020 - 14:52:15: [SM]   [0] ShowActivity2
L 11/25/2020 - 14:52:15: [SM]   [1] Line 1329, /home/groups/sourcemod/upload_tmp/phpRYtiXm.sp::CMD_Health
L 11/25/2020 - 14:52:15: [SM] Exception reported: Language phrase "CMD_Health" not found (arg 5)
L 11/25/2020 - 14:52:15: [SM] Blaming: advadmin.smx
L 11/25/2020 - 14:52:15: [SM] Call stack trace:
L 11/25/2020 - 14:52:15: [SM]   [0] ShowActivity2
L 11/25/2020 - 14:52:15: [SM]   [1] Line 1329, /home/groups/sourcemod/upload_tmp/phpRYtiXm.sp::CMD_Health
L 11/25/2020 - 14:52:16: [SM] Exception reported: Language phrase "CMD_Health" not found (arg 5)
L 11/25/2020 - 14:52:16: [SM] Blaming: advadmin.smx
L 11/25/2020 - 14:52:16: [SM] Call stack trace:
L 11/25/2020 - 14:52:16: [SM]   [0] ShowActivity2
L 11/25/2020 - 14:52:16: [SM]   [1] Line 1329, /home/groups/sourcemod/upload_tmp/phpRYtiXm.sp::CMD_Health
L 11/25/2020 - 14:55:40: [SM] Exception reported: Language phrase "Player_Connected_From" not found (arg 3)
L 11/25/2020 - 14:55:40: [SM] Blaming: advadmin.smx
L 11/25/2020 - 14:55:40: [SM] Call stack trace:
L 11/25/2020 - 14:55:40: [SM]   [0] VFormat
L 11/25/2020 - 14:55:40: [SM]   [1] Line 386, /groups/sourcemod/compiler-1.10/include/halflife.inc::PrintToChatAll
L 11/25/2020 - 14:55:40: [SM]   [2] Line 141, /home/groups/sourcemod/upload_tmp/phpRYtiXm.sp::OnClientAuthorized
L 11/25/2020 - 14:58:18: [SM] Exception reported: Array index out-of-bounds (index 64, limit 55)
L 11/25/2020 - 14:58:18: [SM] Blaming: weapon_restrict.smx
L 11/25/2020 - 14:58:18: [SM] Call stack trace:
L 11/25/2020 - 14:58:18: [SM]   [1] Line 202, restrictinc/events.sp::CS_OnBuyCommand
L 11/25/2020 - 14:58:29: [SM] Exception reported: Array index out-of-bounds (index 64, limit 55)
L 11/25/2020 - 14:58:29: [SM] Blaming: weapon_restrict.smx
L 11/25/2020 - 14:58:29: [SM] Call stack trace:
L 11/25/2020 - 14:58:29: [SM]   [1] Line 202, restrictinc/events.sp::CS_OnBuyCommand
L 11/25/2020 - 14:58:54: [SM] Exception reported: Language phrase "CMD_Team_Spec" not found (arg 5)
L 11/25/2020 - 14:58:54: [SM] Blaming: advadmin.smx
L 11/25/2020 - 14:58:54: [SM] Call stack trace:
L 11/25/2020 - 14:58:54: [SM]   [0] ShowActivity2
L 11/25/2020 - 14:58:54: [SM]   [1] Line 790, /home/groups/sourcemod/upload_tmp/phpRYtiXm.sp::CMD_Spec
L 11/25/2020 - 14:59:00: [SM] Exception reported: Language phrase "Player_Connected_From" not found (arg 3)
L 11/25/2020 - 14:59:00: [SM] Blaming: advadmin.smx
L 11/25/2020 - 14:59:00: [SM] Call stack trace:
L 11/25/2020 - 14:59:00: [SM]   [0] VFormat
L 11/25/2020 - 14:59:00: [SM]   [1] Line 386, /groups/sourcemod/compiler-1.10/include/halflife.inc::PrintToChatAll
L 11/25/2020 - 14:59:00: [SM]   [2] Line 141, /home/groups/sourcemod/upload_tmp/phpRYtiXm.sp::OnClientAuthorized
L 11/25/2020 - 15:00:00: [SM] Exception reported: Language phrase "CMD_Cash" not found (arg 5)
L 11/25/2020 - 15:00:00: [SM] Blaming: advadmin.smx
L 11/25/2020 - 15:00:00: [SM] Call stack trace:
L 11/25/2020 - 15:00:00: [SM]   [0] ShowActivity2
L 11/25/2020 - 15:00:00: [SM]   [1] Line 1427, /home/groups/sourcemod/upload_tmp/phpRYtiXm.sp::CMD_Cash
L 11/25/2020 - 15:00:09: [SM] Exception reported: Array index out-of-bounds (index 64, limit 55)
L 11/25/2020 - 15:00:09: [SM] Blaming: weapon_restrict.smx
L 11/25/2020 - 15:00:09: [SM] Call stack trace:
L 11/25/2020 - 15:00:09: [SM]   [1] Line 202, restrictinc/events.sp::CS_OnBuyCommand
L 11/25/2020 - 15:00:54: [SM] Exception reported: Language phrase "CMD_Cash" not found (arg 5)
L 11/25/2020 - 15:00:54: [SM] Blaming: advadmin.smx
L 11/25/2020 - 15:00:54: [SM] Call stack trace:
L 11/25/2020 - 15:00:54: [SM]   [0] ShowActivity2
L 11/25/2020 - 15:00:54: [SM]   [1] Line 1427, /home/groups/sourcemod/upload_tmp/phpRYtiXm.sp::CMD_Cash
L 11/25/2020 - 15:01:19: [SM] Exception reported: Language phrase "CMD_Cash" not found (arg 5)
L 11/25/2020 - 15:01:19: [SM] Blaming: advadmin.smx
L 11/25/2020 - 15:01:19: [SM] Call stack trace:
L 11/25/2020 - 15:01:19: [SM]   [0] ShowActivity2
L 11/25/2020 - 15:01:19: [SM]   [1] Line 1427, /home/groups/sourcemod/upload_tmp/phpRYtiXm.sp::CMD_Cash
L 11/25/2020 - 15:01:27: [SM] Exception reported: Array index out-of-bounds (index 64, limit 55)
L 11/25/2020 - 15:01:27: [SM] Blaming: weapon_restrict.smx
L 11/25/2020 - 15:01:27: [SM] Call stack trace:
L 11/25/2020 - 15:01:27: [SM]   [1] Line 202, restrictinc/events.sp::CS_OnBuyCommand
L 11/25/2020 - 15:02:06: [SM] Exception reported: Language phrase "CMD_Cash" not found (arg 5)
L 11/25/2020 - 15:02:06: [SM] Blaming: advadmin.smx
L 11/25/2020 - 15:02:06: [SM] Call stack trace:
L 11/25/2020 - 15:02:06: [SM]   [0] ShowActivity2
L 11/25/2020 - 15:02:06: [SM]   [1] Line 1427, /home/groups/sourcemod/upload_tmp/phpRYtiXm.sp::CMD_Cash
L 11/25/2020 - 15:02:11: [SM] Exception reported: Array index out-of-bounds (index 64, limit 55)
L 11/25/2020 - 15:02:11: [SM] Blaming: weapon_restrict.smx
L 11/25/2020 - 15:02:11: [SM] Call stack trace:
L 11/25/2020 - 15:02:11: [SM]   [1] Line 202, restrictinc/events.sp::CS_OnBuyCommand
L 11/25/2020 - 15:03:35: [SM] Exception reported: Language phrase "CMD_Cash" not found (arg 5)
L 11/25/2020 - 15:03:35: [SM] Blaming: advadmin.smx
L 11/25/2020 - 15:03:35: [SM] Call stack trace:
L 11/25/2020 - 15:03:35: [SM]   [0] ShowActivity2
L 11/25/2020 - 15:03:35: [SM]   [1] Line 1427, /home/groups/sourcemod/upload_tmp/phpRYtiXm.sp::CMD_Cash
L 11/25/2020 - 15:05:04: [SM] Exception reported: Language phrase "CMD_Cash" not found (arg 5)
L 11/25/2020 - 15:05:04: [SM] Blaming: advadmin.smx
L 11/25/2020 - 15:05:04: [SM] Call stack trace:
L 11/25/2020 - 15:05:04: [SM]   [0] ShowActivity2
L 11/25/2020 - 15:05:04: [SM]   [1] Line 1427, /home/groups/sourcemod/upload_tmp/phpRYtiXm.sp::CMD_Cash
L 11/25/2020 - 15:05:06: [SM] Exception reported: Language phrase "CMD_Cash" not found (arg 5)
L 11/25/2020 - 15:05:06: [SM] Blaming: advadmin.smx
L 11/25/2020 - 15:05:06: [SM] Call stack trace:
L 11/25/2020 - 15:05:06: [SM]   [0] ShowActivity2
L 11/25/2020 - 15:05:06: [SM]   [1] Line 1427, /home/groups/sourcemod/upload_tmp/phpRYtiXm.sp::CMD_Cash
L 11/25/2020 - 15:05:36: [SM] Exception reported: Language phrase "CMD_Cash" not found (arg 5)
L 11/25/2020 - 15:05:36: [SM] Blaming: advadmin.smx
L 11/25/2020 - 15:05:36: [SM] Call stack trace:
L 11/25/2020 - 15:05:36: [SM]   [0] ShowActivity2
L 11/25/2020 - 15:05:36: [SM]   [1] Line 1427, /home/groups/sourcemod/upload_tmp/phpRYtiXm.sp::CMD_Cash
L 11/25/2020 - 15:05:40: [SM] Exception reported: Array index out-of-bounds (index 64, limit 55)
L 11/25/2020 - 15:05:40: [SM] Blaming: weapon_restrict.smx
L 11/25/2020 - 15:05:40: [SM] Call stack trace:
L 11/25/2020 - 15:05:40: [SM]   [1] Line 202, restrictinc/events.sp::CS_OnBuyCommand
L 11/25/2020 - 15:06:31: [SM] Exception reported: Language phrase "CMD_Cash" not found (arg 5)
L 11/25/2020 - 15:06:31: [SM] Blaming: advadmin.smx
L 11/25/2020 - 15:06:31: [SM] Call stack trace:
L 11/25/2020 - 15:06:31: [SM]   [0] ShowActivity2
L 11/25/2020 - 15:06:31: [SM]   [1] Line 1427, /home/groups/sourcemod/upload_tmp/phpRYtiXm.sp::CMD_Cash
L 11/25/2020 - 15:06:37: [SM] Exception reported: Array index out-of-bounds (index 64, limit 55)
L 11/25/2020 - 15:06:37: [SM] Blaming: weapon_restrict.smx
L 11/25/2020 - 15:06:37: [SM] Call stack trace:
L 11/25/2020 - 15:06:37: [SM]   [1] Line 202, restrictinc/events.sp::CS_OnBuyCommand
L 11/25/2020 - 15:07:11: [SM] Exception reported: Array index out-of-bounds (index 64, limit 55)
L 11/25/2020 - 15:07:11: [SM] Blaming: weapon_restrict.smx
L 11/25/2020 - 15:07:11: [SM] Call stack trace:
L 11/25/2020 - 15:07:11: [SM]   [1] Line 202, restrictinc/events.sp::CS_OnBuyCommand
L 11/25/2020 - 15:07:48: [SM] Exception reported: Language phrase "CMD_Cash" not found (arg 5)
L 11/25/2020 - 15:07:48: [SM] Blaming: advadmin.smx
L 11/25/2020 - 15:07:48: [SM] Call stack trace:
L 11/25/2020 - 15:07:48: [SM]   [0] ShowActivity2
L 11/25/2020 - 15:07:48: [SM]   [1] Line 1427, /home/groups/sourcemod/upload_tmp/phpRYtiXm.sp::CMD_Cash
L 11/25/2020 - 15:08:51: [SM] Exception reported: Array index out-of-bounds (index 64, limit 55)
L 11/25/2020 - 15:08:51: [SM] Blaming: weapon_restrict.smx
L 11/25/2020 - 15:08:51: [SM] Call stack trace:
L 11/25/2020 - 15:08:51: [SM]   [1] Line 202, restrictinc/events.sp::CS_OnBuyCommand
L 11/25/2020 - 15:10:34: [SM] Exception reported: Language phrase "CMD_Cash" not found (arg 5)
L 11/25/2020 - 15:10:34: [SM] Blaming: advadmin.smx
L 11/25/2020 - 15:10:34: [SM] Call stack trace:
L 11/25/2020 - 15:10:34: [SM]   [0] ShowActivity2
L 11/25/2020 - 15:10:34: [SM]   [1] Line 1427, /home/groups/sourcemod/upload_tmp/phpRYtiXm.sp::CMD_Cash
L 11/25/2020 - 15:10:41: [SM] Exception reported: Language phrase "CMD_Cash" not found (arg 5)
L 11/25/2020 - 15:10:41: [SM] Blaming: advadmin.smx
L 11/25/2020 - 15:10:41: [SM] Call stack trace:
L 11/25/2020 - 15:10:41: [SM]   [0] ShowActivity2
L 11/25/2020 - 15:10:41: [SM]   [1] Line 1427, /home/groups/sourcemod/upload_tmp/phpRYtiXm.sp::CMD_Cash
L 11/25/2020 - 15:10:41: [SM] Exception reported: Language phrase "CMD_Cash" not found (arg 5)
L 11/25/2020 - 15:10:41: [SM] Blaming: advadmin.smx
L 11/25/2020 - 15:10:41: [SM] Call stack trace:
L 11/25/2020 - 15:10:41: [SM]   [0] ShowActivity2
L 11/25/2020 - 15:10:41: [SM]   [1] Line 1427, /home/groups/sourcemod/upload_tmp/phpRYtiXm.sp::CMD_Cash
L 11/25/2020 - 15:10:41: [SM] Exception reported: Language phrase "CMD_Cash" not found (arg 5)
L 11/25/2020 - 15:10:41: [SM] Blaming: advadmin.smx
L 11/25/2020 - 15:10:41: [SM] Call stack trace:
L 11/25/2020 - 15:10:41: [SM]   [0] ShowActivity2
L 11/25/2020 - 15:10:41: [SM]   [1] Line 1427, /home/groups/sourcemod/upload_tmp/phpRYtiXm.sp::CMD_Cash
L 11/25/2020 - 15:10:41: [SM] Exception reported: Language phrase "CMD_Cash" not found (arg 5)
L 11/25/2020 - 15:10:41: [SM] Blaming: advadmin.smx
L 11/25/2020 - 15:10:41: [SM] Call stack trace:
L 11/25/2020 - 15:10:41: [SM]   [0] ShowActivity2
L 11/25/2020 - 15:10:41: [SM]   [1] Line 1427, /home/groups/sourcemod/upload_tmp/phpRYtiXm.sp::CMD_Cash
L 11/25/2020 - 15:10:42: [SM] Exception reported: Language phrase "CMD_Cash" not found (arg 5)
L 11/25/2020 - 15:10:42: [SM] Blaming: advadmin.smx
L 11/25/2020 - 15:10:42: [SM] Call stack trace:
L 11/25/2020 - 15:10:42: [SM]   [0] ShowActivity2
L 11/25/2020 - 15:10:42: [SM]   [1] Line 1427, /home/groups/sourcemod/upload_tmp/phpRYtiXm.sp::CMD_Cash
L 11/25/2020 - 15:10:42: [SM] Exception reported: Language phrase "CMD_Cash" not found (arg 5)
L 11/25/2020 - 15:10:42: [SM] Blaming: advadmin.smx
L 11/25/2020 - 15:10:42: [SM] Call stack trace:
L 11/25/2020 - 15:10:42: [SM]   [0] ShowActivity2
L 11/25/2020 - 15:10:42: [SM]   [1] Line 1427, /home/groups/sourcemod/upload_tmp/phpRYtiXm.sp::CMD_Cash
L 11/25/2020 - 15:10:42: [SM] Exception reported: Language phrase "CMD_Cash" not found (arg 5)
L 11/25/2020 - 15:10:42: [SM] Blaming: advadmin.smx
L 11/25/2020 - 15:10:42: [SM] Call stack trace:
L 11/25/2020 - 15:10:42: [SM]   [0] ShowActivity2
L 11/25/2020 - 15:10:42: [SM]   [1] Line 1427, /home/groups/sourcemod/upload_tmp/phpRYtiXm.sp::CMD_Cash
L 11/25/2020 - 15:10:42: [SM] Exception reported: Language phrase "CMD_Cash" not found (arg 5)
L 11/25/2020 - 15:10:42: [SM] Blaming: advadmin.smx
L 11/25/2020 - 15:10:42: [SM] Call stack trace:
L 11/25/2020 - 15:10:42: [SM]   [0] ShowActivity2
L 11/25/2020 - 15:10:42: [SM]   [1] Line 1427, /home/groups/sourcemod/upload_tmp/phpRYtiXm.sp::CMD_Cash
L 11/25/2020 - 15:10:42: [SM] Exception reported: Language phrase "CMD_Cash" not found (arg 5)
L 11/25/2020 - 15:10:42: [SM] Blaming: advadmin.smx
L 11/25/2020 - 15:10:42: [SM] Call stack trace:
L 11/25/2020 - 15:10:42: [SM]   [0] ShowActivity2
L 11/25/2020 - 15:10:42: [SM]   [1] Line 1427, /home/groups/sourcemod/upload_tmp/phpRYtiXm.sp::CMD_Cash
L 11/25/2020 - 15:10:43: [SM] Exception reported: Language phrase "CMD_Cash" not found (arg 5)
L 11/25/2020 - 15:10:43: [SM] Blaming: advadmin.smx
L 11/25/2020 - 15:10:43: [SM] Call stack trace:
L 11/25/2020 - 15:10:43: [SM]   [0] ShowActivity2
L 11/25/2020 - 15:10:43: [SM]   [1] Line 1427, /home/groups/sourcemod/upload_tmp/phpRYtiXm.sp::CMD_Cash
L 11/25/2020 - 15:10:43: [SM] Exception reported: Language phrase "CMD_Cash" not found (arg 5)
L 11/25/2020 - 15:10:43: [SM] Blaming: advadmin.smx
L 11/25/2020 - 15:10:43: [SM] Call stack trace:
L 11/25/2020 - 15:10:43: [SM]   [0] ShowActivity2
L 11/25/2020 - 15:10:43: [SM]   [1] Line 1427, /home/groups/sourcemod/upload_tmp/phpRYtiXm.sp::CMD_Cash
L 11/25/2020 - 15:10:43: [SM] Exception reported: Language phrase "CMD_Cash" not found (arg 5)
L 11/25/2020 - 15:10:43: [SM] Blaming: advadmin.smx
L 11/25/2020 - 15:10:43: [SM] Call stack trace:
L 11/25/2020 - 15:10:43: [SM]   [0] ShowActivity2
L 11/25/2020 - 15:10:43: [SM]   [1] Line 1427, /home/groups/sourcemod/upload_tmp/phpRYtiXm.sp::CMD_Cash
L 11/25/2020 - 15:10:43: [SM] Exception reported: Language phrase "CMD_Cash" not found (arg 5)
L 11/25/2020 - 15:10:43: [SM] Blaming: advadmin.smx
L 11/25/2020 - 15:10:43: [SM] Call stack trace:
L 11/25/2020 - 15:10:43: [SM]   [0] ShowActivity2
L 11/25/2020 - 15:10:43: [SM]   [1] Line 1427, /home/groups/sourcemod/upload_tmp/phpRYtiXm.sp::CMD_Cash
L 11/25/2020 - 15:11:27: [SM] Exception reported: Array index out-of-bounds (index 64, limit 55)
L 11/25/2020 - 15:11:27: [SM] Blaming: weapon_restrict.smx
L 11/25/2020 - 15:11:27: [SM] Call stack trace:
L 11/25/2020 - 15:11:27: [SM]   [1] Line 202, restrictinc/events.sp::CS_OnBuyCommand
L 11/25/2020 - 15:12:45: [SM] Exception reported: Language phrase "CMD_Cash" not found (arg 5)
L 11/25/2020 - 15:12:45: [SM] Blaming: advadmin.smx
L 11/25/2020 - 15:12:45: [SM] Call stack trace:
L 11/25/2020 - 15:12:45: [SM]   [0] ShowActivity2
L 11/25/2020 - 15:12:45: [SM]   [1] Line 1427, /home/groups/sourcemod/upload_tmp/phpRYtiXm.sp::CMD_Cash
L 11/25/2020 - 15:13:30: [SM] Exception reported: Array index out-of-bounds (index 64, limit 55)
L 11/25/2020 - 15:13:30: [SM] Blaming: weapon_restrict.smx
L 11/25/2020 - 15:13:30: [SM] Call stack trace:
L 11/25/2020 - 15:13:30: [SM]   [1] Line 202, restrictinc/events.sp::CS_OnBuyCommand
L 11/25/2020 - 15:15:35: [SM] Exception reported: Array index out-of-bounds (index 64, limit 55)
L 11/25/2020 - 15:15:35: [SM] Blaming: weapon_restrict.smx
L 11/25/2020 - 15:15:35: [SM] Call stack trace:
L 11/25/2020 - 15:15:35: [SM]   [1] Line 202, restrictinc/events.sp::CS_OnBuyCommand
L 11/25/2020 - 15:16:32: [SM] Exception reported: Language phrase "CMD_Cash" not found (arg 5)
L 11/25/2020 - 15:16:32: [SM] Blaming: advadmin.smx
L 11/25/2020 - 15:16:32: [SM] Call stack trace:
L 11/25/2020 - 15:16:32: [SM]   [0] ShowActivity2
L 11/25/2020 - 15:16:32: [SM]   [1] Line 1427, /home/groups/sourcemod/upload_tmp/phpRYtiXm.sp::CMD_Cash
L 11/25/2020 - 15:19:16: [SM] Exception reported: Language phrase "Player_Connected_From" not found (arg 3)
L 11/25/2020 - 15:19:16: [SM] Blaming: advadmin.smx
L 11/25/2020 - 15:19:16: [SM] Call stack trace:
L 11/25/2020 - 15:19:16: [SM]   [0] VFormat
L 11/25/2020 - 15:19:16: [SM]   [1] Line 386, /groups/sourcemod/compiler-1.10/include/halflife.inc::PrintToChatAll
L 11/25/2020 - 15:19:16: [SM]   [2] Line 141, /home/groups/sourcemod/upload_tmp/phpRYtiXm.sp::OnClientAuthorized
L 11/25/2020 - 15:19:59: [SM] Exception reported: Language phrase "Player_Connected" not found (arg 3)
L 11/25/2020 - 15:19:59: [SM] Blaming: advadmin.smx
L 11/25/2020 - 15:19:59: [SM] Call stack trace:
L 11/25/2020 - 15:19:59: [SM]   [0] VFormat
L 11/25/2020 - 15:19:59: [SM]   [1] Line 386, /groups/sourcemod/compiler-1.10/include/halflife.inc::PrintToChatAll
L 11/25/2020 - 15:19:59: [SM]   [2] Line 145, /home/groups/sourcemod/upload_tmp/phpRYtiXm.sp::OnClientAuthorized
L 11/25/2020 - 15:21:33: [SM] Exception reported: Array index out-of-bounds (index 64, limit 55)
L 11/25/2020 - 15:21:33: [SM] Blaming: weapon_restrict.smx
L 11/25/2020 - 15:21:33: [SM] Call stack trace:
L 11/25/2020 - 15:21:33: [SM]   [1] Line 202, restrictinc/events.sp::CS_OnBuyCommand
L 11/25/2020 - 15:22:25: [SM] Exception reported: Language phrase "CMD_Cash" not found (arg 5)
L 11/25/2020 - 15:22:25: [SM] Blaming: advadmin.smx
L 11/25/2020 - 15:22:25: [SM] Call stack trace:
L 11/25/2020 - 15:22:25: [SM]   [0] ShowActivity2
L 11/25/2020 - 15:22:25: [SM]   [1] Line 1427, /home/groups/sourcemod/upload_tmp/phpRYtiXm.sp::CMD_Cash
L 11/25/2020 - 15:23:41: [SM] Exception reported: Language phrase "CMD_Cash" not found (arg 5)
L 11/25/2020 - 15:23:41: [SM] Blaming: advadmin.smx
L 11/25/2020 - 15:23:41: [SM] Call stack trace:
L 11/25/2020 - 15:23:41: [SM]   [0] ShowActivity2
L 11/25/2020 - 15:23:41: [SM]   [1] Line 1427, /home/groups/sourcemod/upload_tmp/phpRYtiXm.sp::CMD_Cash
L 11/25/2020 - 15:25:15: [SM] Exception reported: Language phrase "CMD_Cash" not found (arg 5)
L 11/25/2020 - 15:25:15: [SM] Blaming: advadmin.smx
L 11/25/2020 - 15:25:15: [SM] Call stack trace:
L 11/25/2020 - 15:25:15: [SM]   [0] ShowActivity2
L 11/25/2020 - 15:25:15: [SM]   [1] Line 1427, /home/groups/sourcemod/upload_tmp/phpRYtiXm.sp::CMD_Cash
L 11/25/2020 - 15:26:44: [SM] Exception reported: Array index out-of-bounds (index 64, limit 55)
L 11/25/2020 - 15:26:44: [SM] Blaming: weapon_restrict.smx
L 11/25/2020 - 15:26:44: [SM] Call stack trace:
L 11/25/2020 - 15:26:44: [SM]   [1] Line 202, restrictinc/events.sp::CS_OnBuyCommand
L 11/25/2020 - 15:27:18: [SM] Exception reported: Array index out-of-bounds (index 64, limit 55)
L 11/25/2020 - 15:27:18: [SM] Blaming: weapon_restrict.smx
L 11/25/2020 - 15:27:18: [SM] Call stack trace:
L 11/25/2020 - 15:27:18: [SM]   [1] Line 202, restrictinc/events.sp::CS_OnBuyCommand
L 11/25/2020 - 15:27:50: [SM] Exception reported: Language phrase "CMD_Cash" not found (arg 5)
L 11/25/2020 - 15:27:50: [SM] Blaming: advadmin.smx
L 11/25/2020 - 15:27:50: [SM] Call stack trace:
L 11/25/2020 - 15:27:50: [SM]   [0] ShowActivity2
L 11/25/2020 - 15:27:50: [SM]   [1] Line 1427, /home/groups/sourcemod/upload_tmp/phpRYtiXm.sp::CMD_Cash
L 11/25/2020 - 15:27:54: [SM] Exception reported: Array index out-of-bounds (index 64, limit 55)
L 11/25/2020 - 15:27:54: [SM] Blaming: weapon_restrict.smx
L 11/25/2020 - 15:27:54: [SM] Call stack trace:
L 11/25/2020 - 15:27:54: [SM]   [1] Line 202, restrictinc/events.sp::CS_OnBuyCommand
L 11/25/2020 - 15:28:59: [SM] Exception reported: Array index out-of-bounds (index 64, limit 55)
L 11/25/2020 - 15:28:59: [SM] Blaming: weapon_restrict.smx
L 11/25/2020 - 15:28:59: [SM] Call stack trace:
L 11/25/2020 - 15:28:59: [SM]   [1] Line 202, restrictinc/events.sp::CS_OnBuyCommand
L 11/25/2020 - 15:30:05: [SM] Exception reported: Array index out-of-bounds (index 64, limit 55)
L 11/25/2020 - 15:30:05: [SM] Blaming: weapon_restrict.smx
L 11/25/2020 - 15:30:05: [SM] Call stack trace:
L 11/25/2020 - 15:30:05: [SM]   [1] Line 202, restrictinc/events.sp::CS_OnBuyCommand
L 11/25/2020 - 15:30:07: [SM] Exception reported: Language phrase "CMD_Cash" not found (arg 5)
L 11/25/2020 - 15:30:07: [SM] Blaming: advadmin.smx
L 11/25/2020 - 15:30:07: [SM] Call stack trace:
L 11/25/2020 - 15:30:07: [SM]   [0] ShowActivity2
L 11/25/2020 - 15:30:07: [SM]   [1] Line 1427, /home/groups/sourcemod/upload_tmp/phpRYtiXm.sp::CMD_Cash
L 11/25/2020 - 15:31:41: [SM] Exception reported: Language phrase "CMD_Cash" not found (arg 5)
L 11/25/2020 - 15:31:41: [SM] Blaming: advadmin.smx
L 11/25/2020 - 15:31:41: [SM] Call stack trace:
L 11/25/2020 - 15:31:41: [SM]   [0] ShowActivity2
L 11/25/2020 - 15:31:41: [SM]   [1] Line 1427, /home/groups/sourcemod/upload_tmp/phpRYtiXm.sp::CMD_Cash
L 11/25/2020 - 15:31:44: [SM] Exception reported: Array index out-of-bounds (index 64, limit 55)
L 11/25/2020 - 15:31:44: [SM] Blaming: weapon_restrict.smx
L 11/25/2020 - 15:31:44: [SM] Call stack trace:
L 11/25/2020 - 15:31:44: [SM]   [1] Line 202, restrictinc/events.sp::CS_OnBuyCommand
L 11/25/2020 - 15:31:53: [SM] Exception reported: Language phrase "CMD_Cash" not found (arg 5)
L 11/25/2020 - 15:31:53: [SM] Blaming: advadmin.smx
L 11/25/2020 - 15:31:53: [SM] Call stack trace:
L 11/25/2020 - 15:31:53: [SM]   [0] ShowActivity2
L 11/25/2020 - 15:31:53: [SM]   [1] Line 1427, /home/groups/sourcemod/upload_tmp/phpRYtiXm.sp::CMD_Cash
L 11/25/2020 - 15:32:18: [SM] Exception reported: Array index out-of-bounds (index 64, limit 55)
L 11/25/2020 - 15:32:18: [SM] Blaming: weapon_restrict.smx
L 11/25/2020 - 15:32:18: [SM] Call stack trace:
L 11/25/2020 - 15:32:18: [SM]   [1] Line 202, restrictinc/events.sp::CS_OnBuyCommand
L 11/25/2020 - 15:32:58: [SM] Exception reported: Array index out-of-bounds (index 64, limit 55)
L 11/25/2020 - 15:32:58: [SM] Blaming: weapon_restrict.smx
L 11/25/2020 - 15:32:58: [SM] Call stack trace:
L 11/25/2020 - 15:32:58: [SM]   [1] Line 202, restrictinc/events.sp::CS_OnBuyCommand
L 11/25/2020 - 15:34:31: [SM] Exception reported: Language phrase "CMD_Cash" not found (arg 5)
L 11/25/2020 - 15:34:31: [SM] Blaming: advadmin.smx
L 11/25/2020 - 15:34:31: [SM] Call stack trace:
L 11/25/2020 - 15:34:31: [SM]   [0] ShowActivity2
L 11/25/2020 - 15:34:31: [SM]   [1] Line 1427, /home/groups/sourcemod/upload_tmp/phpRYtiXm.sp::CMD_Cash
L 11/25/2020 - 15:34:34: [SM] Exception reported: Array index out-of-bounds (index 64, limit 55)
L 11/25/2020 - 15:34:34: [SM] Blaming: weapon_restrict.smx
L 11/25/2020 - 15:34:34: [SM] Call stack trace:
L 11/25/2020 - 15:34:34: [SM]   [1] Line 202, restrictinc/events.sp::CS_OnBuyCommand
L 11/25/2020 - 15:36:04: [SM] Exception reported: Language phrase "CMD_Cash" not found (arg 5)
L 11/25/2020 - 15:36:04: [SM] Blaming: advadmin.smx
L 11/25/2020 - 15:36:04: [SM] Call stack trace:
L 11/25/2020 - 15:36:04: [SM]   [0] ShowActivity2
L 11/25/2020 - 15:36:04: [SM]   [1] Line 1427, /home/groups/sourcemod/upload_tmp/phpRYtiXm.sp::CMD_Cash
L 11/25/2020 - 15:36:07: [SM] Exception reported: Array index out-of-bounds (index 64, limit 55)
L 11/25/2020 - 15:36:07: [SM] Blaming: weapon_restrict.smx
L 11/25/2020 - 15:36:07: [SM] Call stack trace:
L 11/25/2020 - 15:36:07: [SM]   [1] Line 202, restrictinc/events.sp::CS_OnBuyCommand
L 11/25/2020 - 15:37:33: [SM] Exception reported: Array index out-of-bounds (index 64, limit 55)
L 11/25/2020 - 15:37:33: [SM] Blaming: weapon_restrict.smx
L 11/25/2020 - 15:37:33: [SM] Call stack trace:
L 11/25/2020 - 15:37:33: [SM]   [1] Line 202, restrictinc/events.sp::CS_OnBuyCommand
L 11/25/2020 - 15:38:20: [SM] Exception reported: Language phrase "CMD_Cash" not found (arg 5)
L 11/25/2020 - 15:38:20: [SM] Blaming: advadmin.smx
L 11/25/2020 - 15:38:20: [SM] Call stack trace:
L 11/25/2020 - 15:38:20: [SM]   [0] ShowActivity2
L 11/25/2020 - 15:38:20: [SM]   [1] Line 1427, /home/groups/sourcemod/upload_tmp/phpRYtiXm.sp::CMD_Cash
L 11/25/2020 - 15:38:27: [SM] Exception reported: Array index out-of-bounds (index 64, limit 55)
L 11/25/2020 - 15:38:27: [SM] Blaming: weapon_restrict.smx
L 11/25/2020 - 15:38:27: [SM] Call stack trace:
L 11/25/2020 - 15:38:27: [SM]   [1] Line 202, restrictinc/events.sp::CS_OnBuyCommand
L 11/25/2020 - 15:38:54: [SM] Exception reported: Array index out-of-bounds (index 64, limit 55)
L 11/25/2020 - 15:38:54: [SM] Blaming: weapon_restrict.smx
L 11/25/2020 - 15:38:54: [SM] Call stack trace:
L 11/25/2020 - 15:38:54: [SM]   [1] Line 202, restrictinc/events.sp::CS_OnBuyCommand
L 11/25/2020 - 15:39:04: [SM] Exception reported: Language phrase "CMD_Cash" not found (arg 5)
L 11/25/2020 - 15:39:04: [SM] Blaming: advadmin.smx
L 11/25/2020 - 15:39:04: [SM] Call stack trace:
L 11/25/2020 - 15:39:04: [SM]   [0] ShowActivity2
L 11/25/2020 - 15:39:04: [SM]   [1] Line 1427, /home/groups/sourcemod/upload_tmp/phpRYtiXm.sp::CMD_Cash
L 11/25/2020 - 15:42:28: [SM] Exception reported: Array index out-of-bounds (index 64, limit 55)
L 11/25/2020 - 15:42:28: [SM] Blaming: weapon_restrict.smx
L 11/25/2020 - 15:42:28: [SM] Call stack trace:
L 11/25/2020 - 15:42:28: [SM]   [1] Line 202, restrictinc/events.sp::CS_OnBuyCommand
L 11/25/2020 - 15:43:25: [SM] Exception reported: Language phrase "CMD_Cash" not found (arg 5)
L 11/25/2020 - 15:43:25: [SM] Blaming: advadmin.smx
L 11/25/2020 - 15:43:25: [SM] Call stack trace:
L 11/25/2020 - 15:43:25: [SM]   [0] ShowActivity2
L 11/25/2020 - 15:43:25: [SM]   [1] Line 1427, /home/groups/sourcemod/upload_tmp/phpRYtiXm.sp::CMD_Cash
L 11/25/2020 - 15:44:43: [SM] Exception reported: Language phrase "CMD_Cash" not found (arg 5)
L 11/25/2020 - 15:44:43: [SM] Blaming: advadmin.smx
L 11/25/2020 - 15:44:43: [SM] Call stack trace:
L 11/25/2020 - 15:44:43: [SM]   [0] ShowActivity2
L 11/25/2020 - 15:44:43: [SM]   [1] Line 1427, /home/groups/sourcemod/upload_tmp/phpRYtiXm.sp::CMD_Cash
L 11/25/2020 - 17:20:46: Error log file session closed.
L 11/25/2020 - 17:20:46: SourceMod error session started
L 11/25/2020 - 17:20:46: Info (map "de_dust2") (file "/home/tcagame/jackm1/527/csgo/addons/sourcemod/logs/errors_20201125.log")
L 11/25/2020 - 17:20:46: [SM] Fatal error encountered parsing translation file "advadmin.phrases.txt"
L 11/25/2020 - 17:20:46: [SM] Error (line 0, column 0): Stream failed to open
L 11/25/2020 - 17:21:20: [SM] Exception reported: Array index out-of-bounds (index 64, limit 55)
L 11/25/2020 - 17:21:20: [SM] Blaming: weapon_restrict.smx
L 11/25/2020 - 17:21:20: [SM] Call stack trace:
L 11/25/2020 - 17:21:20: [SM]   [1] Line 202, restrictinc/events.sp::CS_OnBuyCommand
L 11/25/2020 - 17:24:01: [SM] Exception reported: Language phrase "Player_Connected_From" not found (arg 3)
L 11/25/2020 - 17:24:01: [SM] Blaming: advadmin.smx
L 11/25/2020 - 17:24:01: [SM] Call stack trace:
L 11/25/2020 - 17:24:01: [SM]   [0] VFormat
L 11/25/2020 - 17:24:01: [SM]   [1] Line 386, /groups/sourcemod/compiler-1.10/include/halflife.inc::PrintToChatAll
L 11/25/2020 - 17:24:01: [SM]   [2] Line 141, /home/groups/sourcemod/upload_tmp/phpRYtiXm.sp::OnClientAuthorized
L 11/25/2020 - 17:25:33: [SM] Exception reported: Array index out-of-bounds (index 64, limit 55)
L 11/25/2020 - 17:25:33: [SM] Blaming: weapon_restrict.smx
L 11/25/2020 - 17:25:33: [SM] Call stack trace:
L 11/25/2020 - 17:25:33: [SM]   [1] Line 202, restrictinc/events.sp::CS_OnBuyCommand
L 11/25/2020 - 17:26:26: [SM] Exception reported: Array index out-of-bounds (index 64, limit 55)
L 11/25/2020 - 17:26:26: [SM] Blaming: weapon_restrict.smx
L 11/25/2020 - 17:26:26: [SM] Call stack trace:
L 11/25/2020 - 17:26:26: [SM]   [1] Line 202, restrictinc/events.sp::CS_OnBuyCommand
L 11/25/2020 - 17:26:37: [SM] Exception reported: Array index out-of-bounds (index 64, limit 55)
L 11/25/2020 - 17:26:37: [SM] Blaming: weapon_restrict.smx
L 11/25/2020 - 17:26:37: [SM] Call stack trace:
L 11/25/2020 - 17:26:37: [SM]   [1] Line 202, restrictinc/events.sp::CS_OnBuyCommand
L 11/25/2020 - 17:27:31: Error log file session closed.
L 11/25/2020 - 17:27:31: SourceMod error session started
L 11/25/2020 - 17:27:31: Info (map "de_dust2") (file "/home/tcagame/jackm1/527/csgo/addons/sourcemod/logs/errors_20201125.log")
L 11/25/2020 - 17:27:31: [SM] Fatal error encountered parsing translation file "advadmin.phrases.txt"
L 11/25/2020 - 17:27:31: [SM] Error (line 0, column 0): Stream failed to open
L 11/25/2020 - 17:27:51: [SM] Exception reported: Array index out-of-bounds (index 64, limit 55)
L 11/25/2020 - 17:27:51: [SM] Blaming: weapon_restrict.smx
L 11/25/2020 - 17:27:51: [SM] Call stack trace:
L 11/25/2020 - 17:27:51: [SM]   [1] Line 202, restrictinc/events.sp::CS_OnBuyCommand
L 11/25/2020 - 17:29:15: [SM] Exception reported: Array index out-of-bounds (index 64, limit 55)
L 11/25/2020 - 17:29:15: [SM] Blaming: weapon_restrict.smx
L 11/25/2020 - 17:29:15: [SM] Call stack trace:
L 11/25/2020 - 17:29:15: [SM]   [1] Line 202, restrictinc/events.sp::CS_OnBuyCommand
L 11/25/2020 - 17:29:16: [SM] Exception reported: Array index out-of-bounds (index 64, limit 55)
L 11/25/2020 - 17:29:16: [SM] Blaming: weapon_restrict.smx
L 11/25/2020 - 17:29:16: [SM] Call stack trace:
L 11/25/2020 - 17:29:16: [SM]   [1] Line 202, restrictinc/events.sp::CS_OnBuyCommand
L 11/25/2020 - 17:29:21: [SM] Exception reported: Array index out-of-bounds (index 64, limit 55)
L 11/25/2020 - 17:29:21: [SM] Blaming: weapon_restrict.smx
L 11/25/2020 - 17:29:21: [SM] Call stack trace:
L 11/25/2020 - 17:29:21: [SM]   [1] Line 202, restrictinc/events.sp::CS_OnBuyCommand
L 11/25/2020 - 17:30:08: [SM] Exception reported: Array index out-of-bounds (index 64, limit 55)
L 11/25/2020 - 17:30:08: [SM] Blaming: weapon_restrict.smx
L 11/25/2020 - 17:30:08: [SM] Call stack trace:
L 11/25/2020 - 17:30:08: [SM]   [1] Line 202, restrictinc/events.sp::CS_OnBuyCommand
L 11/25/2020 - 17:30:51: [SM] Exception reported: Array index out-of-bounds (index 64, limit 55)
L 11/25/2020 - 17:30:51: [SM] Blaming: weapon_restrict.smx
L 11/25/2020 - 17:30:51: [SM] Call stack trace:
L 11/25/2020 - 17:30:51: [SM]   [1] Line 202, restrictinc/events.sp::CS_OnBuyCommand
L 11/25/2020 - 17:36:00: [SM] Exception reported: Array index out-of-bounds (index 64, limit 55)
L 11/25/2020 - 17:36:00: [SM] Blaming: weapon_restrict.smx
L 11/25/2020 - 17:36:00: [SM] Call stack trace:
L 11/25/2020 - 17:36:00: [SM]   [1] Line 202, restrictinc/events.sp::CS_OnBuyCommand
L 11/25/2020 - 20:48:05: Error log file session closed.
L 11/25/2020 - 20:48:05: SourceMod error session started
L 11/25/2020 - 20:48:05: Info (map "de_dust2") (file "/home/tcagame/jackm1/527/csgo/addons/sourcemod/logs/errors_20201125.log")
L 11/25/2020 - 20:48:05: [SM] Fatal error encountered parsing translation file "advadmin.phrases.txt"
L 11/25/2020 - 20:48:05: [SM] Error (line 0, column 0): Stream failed to open
L 11/25/2020 - 20:48:26: [SM] Exception reported: Array index out-of-bounds (index 64, limit 55)
L 11/25/2020 - 20:48:26: [SM] Blaming: weapon_restrict.smx
L 11/25/2020 - 20:48:26: [SM] Call stack trace:
L 11/25/2020 - 20:48:26: [SM]   [1] Line 202, restrictinc/events.sp::CS_OnBuyCommand
L 11/25/2020 - 20:48:29: [SM] Exception reported: Array index out-of-bounds (index 64, limit 55)
L 11/25/2020 - 20:48:29: [SM] Blaming: weapon_restrict.smx
L 11/25/2020 - 20:48:29: [SM] Call stack trace:
L 11/25/2020 - 20:48:29: [SM]   [1] Line 202, restrictinc/events.sp::CS_OnBuyCommand
L 11/25/2020 - 20:49:05: [SM] Exception reported: Array index out-of-bounds (index 64, limit 55)
L 11/25/2020 - 20:49:05: [SM] Blaming: weapon_restrict.smx
L 11/25/2020 - 20:49:05: [SM] Call stack trace:
L 11/25/2020 - 20:49:05: [SM]   [1] Line 202, restrictinc/events.sp::CS_OnBuyCommand
L 11/25/2020 - 20:51:36: [SM] Exception reported: Array index out-of-bounds (index 64, limit 55)
L 11/25/2020 - 20:51:36: [SM] Blaming: weapon_restrict.smx
L 11/25/2020 - 20:51:36: [SM] Call stack trace:
L 11/25/2020 - 20:51:36: [SM]   [1] Line 202, restrictinc/events.sp::CS_OnBuyCommand
L 11/25/2020 - 20:54:54: [SM] Exception reported: Array index out-of-bounds (index 64, limit 55)
L 11/25/2020 - 20:54:54: [SM] Blaming: weapon_restrict.smx
L 11/25/2020 - 20:54:54: [SM] Call stack trace:
L 11/25/2020 - 20:54:54: [SM]   [1] Line 202, restrictinc/events.sp::CS_OnBuyCommand
L 11/25/2020 - 20:57:15: [SM] Exception reported: Array index out-of-bounds (index 64, limit 55)
L 11/25/2020 - 20:57:15: [SM] Blaming: weapon_restrict.smx
L 11/25/2020 - 20:57:15: [SM] Call stack trace:
L 11/25/2020 - 20:57:15: [SM]   [1] Line 202, restrictinc/events.sp::CS_OnBuyCommand
L 11/25/2020 - 21:02:17: [SM] Exception reported: Array index out-of-bounds (index 64, limit 55)
L 11/25/2020 - 21:02:17: [SM] Blaming: weapon_restrict.smx
L 11/25/2020 - 21:02:17: [SM] Call stack trace:
L 11/25/2020 - 21:02:17: [SM]   [1] Line 202, restrictinc/events.sp::CS_OnBuyCommand
L 11/25/2020 - 21:03:22: [SM] Exception reported: Array index out-of-bounds (index 64, limit 55)
L 11/25/2020 - 21:03:22: [SM] Blaming: weapon_restrict.smx
L 11/25/2020 - 21:03:22: [SM] Call stack trace:
L 11/25/2020 - 21:03:22: [SM]   [1] Line 202, restrictinc/events.sp::CS_OnBuyCommand
L 11/25/2020 - 21:04:08: [SM] Exception reported: Array index out-of-bounds (index 64, limit 55)
L 11/25/2020 - 21:04:08: [SM] Blaming: weapon_restrict.smx
L 11/25/2020 - 21:04:08: [SM] Call stack trace:
L 11/25/2020 - 21:04:08: [SM]   [1] Line 202, restrictinc/events.sp::CS_OnBuyCommand
L 11/25/2020 - 21:07:58: [SM] Exception reported: Array index out-of-bounds (index 64, limit 55)
L 11/25/2020 - 21:07:58: [SM] Blaming: weapon_restrict.smx
L 11/25/2020 - 21:07:58: [SM] Call stack trace:
L 11/25/2020 - 21:07:58: [SM]   [1] Line 202, restrictinc/events.sp::CS_OnBuyCommand
L 11/25/2020 - 21:08:39: [SM] Exception reported: Array index out-of-bounds (index 64, limit 55)
L 11/25/2020 - 21:08:39: [SM] Blaming: weapon_restrict.smx
L 11/25/2020 - 21:08:39: [SM] Call stack trace:
L 11/25/2020 - 21:08:39: [SM]   [1] Line 202, restrictinc/events.sp::CS_OnBuyCommand
L 11/25/2020 - 21:14:15: [SM] Exception reported: Array index out-of-bounds (index 64, limit 55)
L 11/25/2020 - 21:14:15: [SM] Blaming: weapon_restrict.smx
L 11/25/2020 - 21:14:15: [SM] Call stack trace:
L 11/25/2020 - 21:14:15: [SM]   [1] Line 202, restrictinc/events.sp::CS_OnBuyCommand
L 11/25/2020 - 21:22:14: [SM] Exception reported: Array index out-of-bounds (index 64, limit 55)
L 11/25/2020 - 21:22:14: [SM] Blaming: weapon_restrict.smx
L 11/25/2020 - 21:22:14: [SM] Call stack trace:
L 11/25/2020 - 21:22:14: [SM]   [1] Line 202, restrictinc/events.sp::CS_OnBuyCommand
L 11/25/2020 - 21:23:06: [SM] Exception reported: Array index out-of-bounds (index 63, limit 55)
L 11/25/2020 - 21:23:06: [SM] Blaming: weapon_restrict.smx
L 11/25/2020 - 21:23:06: [SM] Call stack trace:
L 11/25/2020 - 21:23:06: [SM]   [1] Line 202, restrictinc/events.sp::CS_OnBuyCommand
L 11/25/2020 - 21:24:46: [SM] Exception reported: Array index out-of-bounds (index 63, limit 55)
L 11/25/2020 - 21:24:46: [SM] Blaming: weapon_restrict.smx
L 11/25/2020 - 21:24:46: [SM] Call stack trace:
L 11/25/2020 - 21:24:46: [SM]   [1] Line 202, restrictinc/events.sp::CS_OnBuyCommand
L 11/25/2020 - 21:29:30: [SM] Exception reported: Array index out-of-bounds (index 64, limit 55)
L 11/25/2020 - 21:29:30: [SM] Blaming: weapon_restrict.smx
L 11/25/2020 - 21:29:30: [SM] Call stack trace:
L 11/25/2020 - 21:29:30: [SM]   [1] Line 202, restrictinc/events.sp::CS_OnBuyCommand
L 11/25/2020 - 21:40:48: [SM] Exception reported: Array index out-of-bounds (index 64, limit 55)
L 11/25/2020 - 21:40:48: [SM] Blaming: weapon_restrict.smx
L 11/25/2020 - 21:40:48: [SM] Call stack trace:
L 11/25/2020 - 21:40:48: [SM]   [1] Line 202, restrictinc/events.sp::CS_OnBuyCommand
L 11/25/2020 - 21:40:52: [SM] Exception reported: Language phrase "Player_Connected_From" not found (arg 3)
L 11/25/2020 - 21:40:52: [SM] Blaming: advadmin.smx
L 11/25/2020 - 21:40:52: [SM] Call stack trace:
L 11/25/2020 - 21:40:52: [SM]   [0] VFormat
L 11/25/2020 - 21:40:52: [SM]   [1] Line 386, /groups/sourcemod/compiler-1.10/include/halflife.inc::PrintToChatAll
L 11/25/2020 - 21:40:52: [SM]   [2] Line 141, /home/groups/sourcemod/upload_tmp/phpRYtiXm.sp::OnClientAuthorized
L 11/25/2020 - 21:41:20: [SM] Exception reported: Array index out-of-bounds (index 64, limit 55)
L 11/25/2020 - 21:41:20: [SM] Blaming: weapon_restrict.smx
L 11/25/2020 - 21:41:20: [SM] Call stack trace:
L 11/25/2020 - 21:41:20: [SM]   [1] Line 202, restrictinc/events.sp::CS_OnBuyCommand
L 11/25/2020 - 21:41:25: [SM] Exception reported: Array index out-of-bounds (index 64, limit 55)
L 11/25/2020 - 21:41:25: [SM] Blaming: weapon_restrict.smx
L 11/25/2020 - 21:41:25: [SM] Call stack trace:
L 11/25/2020 - 21:41:25: [SM]   [1] Line 202, restrictinc/events.sp::CS_OnBuyCommand
L 11/25/2020 - 21:42:30: [SM] Exception reported: Array index out-of-bounds (index 64, limit 55)
L 11/25/2020 - 21:42:30: [SM] Blaming: weapon_restrict.smx
L 11/25/2020 - 21:42:30: [SM] Call stack trace:
L 11/25/2020 - 21:42:30: [SM]   [1] Line 202, restrictinc/events.sp::CS_OnBuyCommand
L 11/25/2020 - 21:42:52: [SM] Exception reported: Array index out-of-bounds (index 63, limit 55)
L 11/25/2020 - 21:42:52: [SM] Blaming: weapon_restrict.smx
L 11/25/2020 - 21:42:52: [SM] Call stack trace:
L 11/25/2020 - 21:42:52: [SM]   [1] Line 202, restrictinc/events.sp::CS_OnBuyCommand
L 11/25/2020 - 21:43:19: [SM] Exception reported: Array index out-of-bounds (index 64, limit 55)
L 11/25/2020 - 21:43:19: [SM] Blaming: weapon_restrict.smx
L 11/25/2020 - 21:43:19: [SM] Call stack trace:
L 11/25/2020 - 21:43:19: [SM]   [1] Line 202, restrictinc/events.sp::CS_OnBuyCommand
L 11/25/2020 - 21:45:05: [SM] Exception reported: Array index out-of-bounds (index 64, limit 55)
L 11/25/2020 - 21:45:05: [SM] Blaming: weapon_restrict.smx
L 11/25/2020 - 21:45:05: [SM] Call stack trace:
L 11/25/2020 - 21:45:05: [SM]   [1] Line 202, restrictinc/events.sp::CS_OnBuyCommand
L 11/25/2020 - 21:45:53: [SM] Exception reported: Language phrase "Player_Connected_From" not found (arg 3)
L 11/25/2020 - 21:45:53: [SM] Blaming: advadmin.smx
L 11/25/2020 - 21:45:53: [SM] Call stack trace:
L 11/25/2020 - 21:45:53: [SM]   [0] VFormat
L 11/25/2020 - 21:45:53: [SM]   [1] Line 386, /groups/sourcemod/compiler-1.10/include/halflife.inc::PrintToChatAll
L 11/25/2020 - 21:45:53: [SM]   [2] Line 141, /home/groups/sourcemod/upload_tmp/phpRYtiXm.sp::OnClientAuthorized
L 11/25/2020 - 21:55:09: [SM] Exception reported: Array index out-of-bounds (index 64, limit 55)
L 11/25/2020 - 21:55:09: [SM] Blaming: weapon_restrict.smx
L 11/25/2020 - 21:55:09: [SM] Call stack trace:
L 11/25/2020 - 21:55:09: [SM]   [1] Line 202, restrictinc/events.sp::CS_OnBuyCommand
L 11/25/2020 - 21:55:10: [SM] Exception reported: Array index out-of-bounds (index 64, limit 55)
L 11/25/2020 - 21:55:10: [SM] Blaming: weapon_restrict.smx
L 11/25/2020 - 21:55:10: [SM] Call stack trace:
L 11/25/2020 - 21:55:10: [SM]   [1] Line 202, restrictinc/events.sp::CS_OnBuyCommand
L 11/25/2020 - 21:57:03: [SM] Exception reported: Array index out-of-bounds (index 64, limit 55)
L 11/25/2020 - 21:57:03: [SM] Blaming: weapon_restrict.smx
L 11/25/2020 - 21:57:03: [SM] Call stack trace:
L 11/25/2020 - 21:57:03: [SM]   [1] Line 202, restrictinc/events.sp::CS_OnBuyCommand
L 11/25/2020 - 21:59:06: [SM] Exception reported: Array index out-of-bounds (index 64, limit 55)
L 11/25/2020 - 21:59:06: [SM] Blaming: weapon_restrict.smx
L 11/25/2020 - 21:59:06: [SM] Call stack trace:
L 11/25/2020 - 21:59:06: [SM]   [1] Line 202, restrictinc/events.sp::CS_OnBuyCommand
L 11/25/2020 - 22:00:18: [SM] Exception reported: Array index out-of-bounds (index 64, limit 55)
L 11/25/2020 - 22:00:18: [SM] Blaming: weapon_restrict.smx
L 11/25/2020 - 22:00:18: [SM] Call stack trace:
L 11/25/2020 - 22:00:18: [SM]   [1] Line 202, restrictinc/events.sp::CS_OnBuyCommand
L 11/25/2020 - 22:03:19: [SM] Exception reported: Array index out-of-bounds (index 64, limit 55)
L 11/25/2020 - 22:03:19: [SM] Blaming: weapon_restrict.smx
L 11/25/2020 - 22:03:19: [SM] Call stack trace:
L 11/25/2020 - 22:03:19: [SM]   [1] Line 202, restrictinc/events.sp::CS_OnBuyCommand
L 11/25/2020 - 22:03:50: [SM] Exception reported: Array index out-of-bounds (index 64, limit 55)
L 11/25/2020 - 22:03:50: [SM] Blaming: weapon_restrict.smx
L 11/25/2020 - 22:03:50: [SM] Call stack trace:
L 11/25/2020 - 22:03:50: [SM]   [1] Line 202, restrictinc/events.sp::CS_OnBuyCommand
L 11/25/2020 - 22:05:41: [SM] Exception reported: Array index out-of-bounds (index 64, limit 55)
L 11/25/2020 - 22:05:41: [SM] Blaming: weapon_restrict.smx
L 11/25/2020 - 22:05:41: [SM] Call stack trace:
L 11/25/2020 - 22:05:41: [SM]   [1] Line 202, restrictinc/events.sp::CS_OnBuyCommand
L 11/25/2020 - 22:12:39: [SM] Exception reported: Array index out-of-bounds (index 64, limit 55)
L 11/25/2020 - 22:12:39: [SM] Blaming: weapon_restrict.smx
L 11/25/2020 - 22:12:39: [SM] Call stack trace:
L 11/25/2020 - 22:12:39: [SM]   [1] Line 202, restrictinc/events.sp::CS_OnBuyCommand
L 11/25/2020 - 22:19:35: [SM] Exception reported: Array index out-of-bounds (index 64, limit 55)
L 11/25/2020 - 22:19:35: [SM] Blaming: weapon_restrict.smx
L 11/25/2020 - 22:19:35: [SM] Call stack trace:
L 11/25/2020 - 22:19:35: [SM]   [1] Line 202, restrictinc/events.sp::CS_OnBuyCommand
L 11/25/2020 - 22:19:36: [SM] Exception reported: Array index out-of-bounds (index 64, limit 55)
L 11/25/2020 - 22:19:36: [SM] Blaming: weapon_restrict.smx
L 11/25/2020 - 22:19:36: [SM] Call stack trace:
L 11/25/2020 - 22:19:36: [SM]   [1] Line 202, restrictinc/events.sp::CS_OnBuyCommand
L 11/25/2020 - 22:19:44: [SM] Exception reported: Language phrase "Player_Connected_From" not found (arg 3)
L 11/25/2020 - 22:19:44: [SM] Blaming: advadmin.smx
L 11/25/2020 - 22:19:44: [SM] Call stack trace:
L 11/25/2020 - 22:19:44: [SM]   [0] VFormat
L 11/25/2020 - 22:19:44: [SM]   [1] Line 386, /groups/sourcemod/compiler-1.10/include/halflife.inc::PrintToChatAll
L 11/25/2020 - 22:19:44: [SM]   [2] Line 141, /home/groups/sourcemod/upload_tmp/phpRYtiXm.sp::OnClientAuthorized
L 11/25/2020 - 22:20:10: [SM] Exception reported: Array index out-of-bounds (index 64, limit 55)
L 11/25/2020 - 22:20:10: [SM] Blaming: weapon_restrict.smx
L 11/25/2020 - 22:20:10: [SM] Call stack trace:
L 11/25/2020 - 22:20:10: [SM]   [1] Line 202, restrictinc/events.sp::CS_OnBuyCommand
L 11/25/2020 - 22:20:16: [SM] Exception reported: Array index out-of-bounds (index 64, limit 55)
L 11/25/2020 - 22:20:16: [SM] Blaming: weapon_restrict.smx
L 11/25/2020 - 22:20:16: [SM] Call stack trace:
L 11/25/2020 - 22:20:16: [SM]   [1] Line 202, restrictinc/events.sp::CS_OnBuyCommand
L 11/25/2020 - 22:24:30: [SM] Exception reported: Array index out-of-bounds (index 64, limit 55)
L 11/25/2020 - 22:24:30: [SM] Blaming: weapon_restrict.smx
L 11/25/2020 - 22:24:30: [SM] Call stack trace:
L 11/25/2020 - 22:24:30: [SM]   [1] Line 202, restrictinc/events.sp::CS_OnBuyCommand
L 11/25/2020 - 22:25:58: [SM] Exception reported: Array index out-of-bounds (index 64, limit 55)
L 11/25/2020 - 22:25:58: [SM] Blaming: weapon_restrict.smx
L 11/25/2020 - 22:25:58: [SM] Call stack trace:
L 11/25/2020 - 22:25:58: [SM]   [1] Line 202, restrictinc/events.sp::CS_OnBuyCommand
L 11/25/2020 - 22:30:07: [SM] Exception reported: Array index out-of-bounds (index 64, limit 55)
L 11/25/2020 - 22:30:07: [SM] Blaming: weapon_restrict.smx
L 11/25/2020 - 22:30:07: [SM] Call stack trace:
L 11/25/2020 - 22:30:07: [SM]   [1] Line 202, restrictinc/events.sp::CS_OnBuyCommand
L 11/25/2020 - 22:30:45: [SM] Exception reported: Language phrase "Player_Connected_From" not found (arg 3)
L 11/25/2020 - 22:30:45: [SM] Blaming: advadmin.smx
L 11/25/2020 - 22:30:45: [SM] Call stack trace:
L 11/25/2020 - 22:30:45: [SM]   [0] VFormat
L 11/25/2020 - 22:30:45: [SM]   [1] Line 386, /groups/sourcemod/compiler-1.10/include/halflife.inc::PrintToChatAll
L 11/25/2020 - 22:30:45: [SM]   [2] Line 141, /home/groups/sourcemod/upload_tmp/phpRYtiXm.sp::OnClientAuthorized
L 11/25/2020 - 22:32:00: [SM] Exception reported: Array index out-of-bounds (index 64, limit 55)
L 11/25/2020 - 22:32:00: [SM] Blaming: weapon_restrict.smx
L 11/25/2020 - 22:32:00: [SM] Call stack trace:
L 11/25/2020 - 22:32:00: [SM]   [1] Line 202, restrictinc/events.sp::CS_OnBuyCommand
L 11/25/2020 - 22:35:05: [SM] Exception reported: Array index out-of-bounds (index 64, limit 55)
L 11/25/2020 - 22:35:05: [SM] Blaming: weapon_restrict.smx
L 11/25/2020 - 22:35:05: [SM] Call stack trace:
L 11/25/2020 - 22:35:05: [SM]   [1] Line 202, restrictinc/events.sp::CS_OnBuyCommand
L 11/25/2020 - 22:36:27: [SM] Exception reported: Array index out-of-bounds (index 64, limit 55)
L 11/25/2020 - 22:36:27: [SM] Blaming: weapon_restrict.smx
L 11/25/2020 - 22:36:27: [SM] Call stack trace:
L 11/25/2020 - 22:36:27: [SM]   [1] Line 202, restrictinc/events.sp::CS_OnBuyCommand
L 11/25/2020 - 22:38:55: [SM] Exception reported: Array index out-of-bounds (index 64, limit 55)
L 11/25/2020 - 22:38:55: [SM] Blaming: weapon_restrict.smx
L 11/25/2020 - 22:38:55: [SM] Call stack trace:
L 11/25/2020 - 22:38:55: [SM]   [1] Line 202, restrictinc/events.sp::CS_OnBuyCommand
L 11/25/2020 - 22:49:53: [SM] Exception reported: Array index out-of-bounds (index 64, limit 55)
L 11/25/2020 - 22:49:53: [SM] Blaming: weapon_restrict.smx
L 11/25/2020 - 22:49:53: [SM] Call stack trace:
L 11/25/2020 - 22:49:53: [SM]   [1] Line 202, restrictinc/events.sp::CS_OnBuyCommand
L 11/25/2020 - 22:51:58: [SM] Exception reported: Array index out-of-bounds (index 64, limit 55)
L 11/25/2020 - 22:51:58: [SM] Blaming: weapon_restrict.smx
L 11/25/2020 - 22:51:58: [SM] Call stack trace:
L 11/25/2020 - 22:51:58: [SM]   [1] Line 202, restrictinc/events.sp::CS_OnBuyCommand
L 11/25/2020 - 22:57:05: [SM] Exception reported: Array index out-of-bounds (index 63, limit 55)
L 11/25/2020 - 22:57:05: [SM] Blaming: weapon_restrict.smx
L 11/25/2020 - 22:57:05: [SM] Call stack trace:
L 11/25/2020 - 22:57:05: [SM]   [1] Line 202, restrictinc/events.sp::CS_OnBuyCommand
L 11/26/2020 - 00:49:46: Error log file session closed.
