L 11/18/2020 - 13:12:43: SourceMod error session started
L 11/18/2020 - 13:12:43: Info (map "cs_militia") (file "/home/tcagame/jackm1/527/csgo/addons/sourcemod/logs/errors_20201118.log")
L 11/18/2020 - 13:12:43: [SM] Fatal error encountered parsing translation file "advadmin.phrases.txt"
L 11/18/2020 - 13:12:43: [SM] Error (line 0, column 0): Stream failed to open
L 11/18/2020 - 13:13:15: [SM] Exception reported: Array index out-of-bounds (index 64, limit 55)
L 11/18/2020 - 13:13:15: [SM] Blaming: weapon_restrict.smx
L 11/18/2020 - 13:13:15: [SM] Call stack trace:
L 11/18/2020 - 13:13:15: [SM]   [1] Line 202, restrictinc/events.sp::CS_OnBuyCommand
L 11/18/2020 - 13:13:16: [SM] Exception reported: Array index out-of-bounds (index 64, limit 55)
L 11/18/2020 - 13:13:16: [SM] Blaming: weapon_restrict.smx
L 11/18/2020 - 13:13:16: [SM] Call stack trace:
L 11/18/2020 - 13:13:16: [SM]   [1] Line 202, restrictinc/events.sp::CS_OnBuyCommand
L 11/18/2020 - 13:20:07: [SM] Exception reported: Array index out-of-bounds (index 64, limit 55)
L 11/18/2020 - 13:20:07: [SM] Blaming: weapon_restrict.smx
L 11/18/2020 - 13:20:07: [SM] Call stack trace:
L 11/18/2020 - 13:20:07: [SM]   [1] Line 202, restrictinc/events.sp::CS_OnBuyCommand
L 11/18/2020 - 15:51:27: Error log file session closed.
L 11/18/2020 - 15:51:27: SourceMod error session started
L 11/18/2020 - 15:51:27: Info (map "cs_militia") (file "/home/tcagame/jackm1/527/csgo/addons/sourcemod/logs/errors_20201118.log")
L 11/18/2020 - 15:51:27: [SM] Fatal error encountered parsing translation file "advadmin.phrases.txt"
L 11/18/2020 - 15:51:27: [SM] Error (line 0, column 0): Stream failed to open
L 11/18/2020 - 15:51:51: [SM] Exception reported: Array index out-of-bounds (index 64, limit 55)
L 11/18/2020 - 15:51:51: [SM] Blaming: weapon_restrict.smx
L 11/18/2020 - 15:51:51: [SM] Call stack trace:
L 11/18/2020 - 15:51:51: [SM]   [1] Line 202, restrictinc/events.sp::CS_OnBuyCommand
L 11/18/2020 - 15:51:52: [SM] Exception reported: Array index out-of-bounds (index 64, limit 55)
L 11/18/2020 - 15:51:52: [SM] Blaming: weapon_restrict.smx
L 11/18/2020 - 15:51:52: [SM] Call stack trace:
L 11/18/2020 - 15:51:52: [SM]   [1] Line 202, restrictinc/events.sp::CS_OnBuyCommand
L 11/18/2020 - 15:54:09: [SM] Exception reported: Array index out-of-bounds (index 64, limit 55)
L 11/18/2020 - 15:54:09: [SM] Blaming: weapon_restrict.smx
L 11/18/2020 - 15:54:09: [SM] Call stack trace:
L 11/18/2020 - 15:54:09: [SM]   [1] Line 202, restrictinc/events.sp::CS_OnBuyCommand
L 11/18/2020 - 15:56:26: [SM] Exception reported: Array index out-of-bounds (index 64, limit 55)
L 11/18/2020 - 15:56:26: [SM] Blaming: weapon_restrict.smx
L 11/18/2020 - 15:56:26: [SM] Call stack trace:
L 11/18/2020 - 15:56:26: [SM]   [1] Line 202, restrictinc/events.sp::CS_OnBuyCommand
L 11/18/2020 - 15:58:43: [SM] Exception reported: Array index out-of-bounds (index 64, limit 55)
L 11/18/2020 - 15:58:43: [SM] Blaming: weapon_restrict.smx
L 11/18/2020 - 15:58:43: [SM] Call stack trace:
L 11/18/2020 - 15:58:43: [SM]   [1] Line 202, restrictinc/events.sp::CS_OnBuyCommand
L 11/18/2020 - 16:01:00: [SM] Exception reported: Array index out-of-bounds (index 64, limit 55)
L 11/18/2020 - 16:01:00: [SM] Blaming: weapon_restrict.smx
L 11/18/2020 - 16:01:00: [SM] Call stack trace:
L 11/18/2020 - 16:01:00: [SM]   [1] Line 202, restrictinc/events.sp::CS_OnBuyCommand
L 11/18/2020 - 16:03:17: [SM] Exception reported: Array index out-of-bounds (index 64, limit 55)
L 11/18/2020 - 16:03:17: [SM] Blaming: weapon_restrict.smx
L 11/18/2020 - 16:03:17: [SM] Call stack trace:
L 11/18/2020 - 16:03:17: [SM]   [1] Line 202, restrictinc/events.sp::CS_OnBuyCommand
L 11/18/2020 - 16:05:34: [SM] Exception reported: Array index out-of-bounds (index 64, limit 55)
L 11/18/2020 - 16:05:34: [SM] Blaming: weapon_restrict.smx
L 11/18/2020 - 16:05:34: [SM] Call stack trace:
L 11/18/2020 - 16:05:34: [SM]   [1] Line 202, restrictinc/events.sp::CS_OnBuyCommand
L 11/18/2020 - 16:07:51: [SM] Exception reported: Array index out-of-bounds (index 64, limit 55)
L 11/18/2020 - 16:07:51: [SM] Blaming: weapon_restrict.smx
L 11/18/2020 - 16:07:51: [SM] Call stack trace:
L 11/18/2020 - 16:07:51: [SM]   [1] Line 202, restrictinc/events.sp::CS_OnBuyCommand
L 11/18/2020 - 16:10:08: [SM] Exception reported: Array index out-of-bounds (index 64, limit 55)
L 11/18/2020 - 16:10:08: [SM] Blaming: weapon_restrict.smx
L 11/18/2020 - 16:10:08: [SM] Call stack trace:
L 11/18/2020 - 16:10:08: [SM]   [1] Line 202, restrictinc/events.sp::CS_OnBuyCommand
L 11/18/2020 - 16:12:25: [SM] Exception reported: Array index out-of-bounds (index 64, limit 55)
L 11/18/2020 - 16:12:25: [SM] Blaming: weapon_restrict.smx
L 11/18/2020 - 16:12:25: [SM] Call stack trace:
L 11/18/2020 - 16:12:25: [SM]   [1] Line 202, restrictinc/events.sp::CS_OnBuyCommand
L 11/18/2020 - 16:14:42: [SM] Exception reported: Array index out-of-bounds (index 64, limit 55)
L 11/18/2020 - 16:14:42: [SM] Blaming: weapon_restrict.smx
L 11/18/2020 - 16:14:42: [SM] Call stack trace:
L 11/18/2020 - 16:14:42: [SM]   [1] Line 202, restrictinc/events.sp::CS_OnBuyCommand
L 11/18/2020 - 16:16:59: [SM] Exception reported: Array index out-of-bounds (index 64, limit 55)
L 11/18/2020 - 16:16:59: [SM] Blaming: weapon_restrict.smx
L 11/18/2020 - 16:16:59: [SM] Call stack trace:
L 11/18/2020 - 16:16:59: [SM]   [1] Line 202, restrictinc/events.sp::CS_OnBuyCommand
L 11/18/2020 - 16:19:16: [SM] Exception reported: Array index out-of-bounds (index 64, limit 55)
L 11/18/2020 - 16:19:16: [SM] Blaming: weapon_restrict.smx
L 11/18/2020 - 16:19:16: [SM] Call stack trace:
L 11/18/2020 - 16:19:16: [SM]   [1] Line 202, restrictinc/events.sp::CS_OnBuyCommand
L 11/18/2020 - 16:21:33: [SM] Exception reported: Array index out-of-bounds (index 64, limit 55)
L 11/18/2020 - 16:21:33: [SM] Blaming: weapon_restrict.smx
L 11/18/2020 - 16:21:33: [SM] Call stack trace:
L 11/18/2020 - 16:21:33: [SM]   [1] Line 202, restrictinc/events.sp::CS_OnBuyCommand
L 11/18/2020 - 16:23:50: [SM] Exception reported: Array index out-of-bounds (index 64, limit 55)
L 11/18/2020 - 16:23:50: [SM] Blaming: weapon_restrict.smx
L 11/18/2020 - 16:23:50: [SM] Call stack trace:
L 11/18/2020 - 16:23:50: [SM]   [1] Line 202, restrictinc/events.sp::CS_OnBuyCommand
L 11/18/2020 - 16:26:15: [SM] Exception reported: Array index out-of-bounds (index 64, limit 55)
L 11/18/2020 - 16:26:15: [SM] Blaming: weapon_restrict.smx
L 11/18/2020 - 16:26:15: [SM] Call stack trace:
L 11/18/2020 - 16:26:15: [SM]   [1] Line 202, restrictinc/events.sp::CS_OnBuyCommand
L 11/18/2020 - 16:28:32: [SM] Exception reported: Array index out-of-bounds (index 64, limit 55)
L 11/18/2020 - 16:28:32: [SM] Blaming: weapon_restrict.smx
L 11/18/2020 - 16:28:32: [SM] Call stack trace:
L 11/18/2020 - 16:28:32: [SM]   [1] Line 202, restrictinc/events.sp::CS_OnBuyCommand
L 11/18/2020 - 16:30:49: [SM] Exception reported: Array index out-of-bounds (index 64, limit 55)
L 11/18/2020 - 16:30:49: [SM] Blaming: weapon_restrict.smx
L 11/18/2020 - 16:30:49: [SM] Call stack trace:
L 11/18/2020 - 16:30:49: [SM]   [1] Line 202, restrictinc/events.sp::CS_OnBuyCommand
L 11/18/2020 - 21:33:27: Error log file session closed.
L 11/18/2020 - 21:33:27: SourceMod error session started
L 11/18/2020 - 21:33:27: Info (map "cs_militia") (file "/home/tcagame/jackm1/527/csgo/addons/sourcemod/logs/errors_20201118.log")
L 11/18/2020 - 21:33:27: [SM] Fatal error encountered parsing translation file "advadmin.phrases.txt"
L 11/18/2020 - 21:33:27: [SM] Error (line 0, column 0): Stream failed to open
L 11/18/2020 - 21:33:55: [SM] Exception reported: Array index out-of-bounds (index 64, limit 55)
L 11/18/2020 - 21:33:55: [SM] Blaming: weapon_restrict.smx
L 11/18/2020 - 21:33:55: [SM] Call stack trace:
L 11/18/2020 - 21:33:55: [SM]   [1] Line 202, restrictinc/events.sp::CS_OnBuyCommand
L 11/18/2020 - 21:34:59: [SM] Exception reported: Array index out-of-bounds (index 64, limit 55)
L 11/18/2020 - 21:34:59: [SM] Blaming: weapon_restrict.smx
L 11/18/2020 - 21:34:59: [SM] Call stack trace:
L 11/18/2020 - 21:34:59: [SM]   [1] Line 202, restrictinc/events.sp::CS_OnBuyCommand
L 11/18/2020 - 21:36:54: [SM] Exception reported: Array index out-of-bounds (index 64, limit 55)
L 11/18/2020 - 21:36:54: [SM] Blaming: weapon_restrict.smx
L 11/18/2020 - 21:36:54: [SM] Call stack trace:
L 11/18/2020 - 21:36:54: [SM]   [1] Line 202, restrictinc/events.sp::CS_OnBuyCommand
L 11/18/2020 - 21:39:09: [SM] Exception reported: Language phrase "Player_Connected_From" not found (arg 3)
L 11/18/2020 - 21:39:09: [SM] Blaming: advadmin.smx
L 11/18/2020 - 21:39:09: [SM] Call stack trace:
L 11/18/2020 - 21:39:09: [SM]   [0] VFormat
L 11/18/2020 - 21:39:09: [SM]   [1] Line 386, /groups/sourcemod/compiler-1.10/include/halflife.inc::PrintToChatAll
L 11/18/2020 - 21:39:09: [SM]   [2] Line 141, /home/groups/sourcemod/upload_tmp/phpRYtiXm.sp::OnClientAuthorized
L 11/18/2020 - 21:41:04: [SM] Exception reported: Array index out-of-bounds (index 64, limit 55)
L 11/18/2020 - 21:41:04: [SM] Blaming: weapon_restrict.smx
L 11/18/2020 - 21:41:04: [SM] Call stack trace:
L 11/18/2020 - 21:41:04: [SM]   [1] Line 202, restrictinc/events.sp::CS_OnBuyCommand
L 11/18/2020 - 21:41:41: [SM] Exception reported: Array index out-of-bounds (index 64, limit 55)
L 11/18/2020 - 21:41:41: [SM] Blaming: weapon_restrict.smx
L 11/18/2020 - 21:41:41: [SM] Call stack trace:
L 11/18/2020 - 21:41:41: [SM]   [1] Line 202, restrictinc/events.sp::CS_OnBuyCommand
L 11/18/2020 - 21:43:57: Error log file session closed.
L 11/18/2020 - 21:43:57: SourceMod error session started
L 11/18/2020 - 21:43:57: Info (map "de_inferno") (file "/home/tcagame/jackm1/527/csgo/addons/sourcemod/logs/errors_20201118.log")
L 11/18/2020 - 21:43:57: [SM] Fatal error encountered parsing translation file "advadmin.phrases.txt"
L 11/18/2020 - 21:43:57: [SM] Error (line 0, column 0): Stream failed to open
L 11/18/2020 - 21:45:03: [SM] Exception reported: Array index out-of-bounds (index 64, limit 55)
L 11/18/2020 - 21:45:03: [SM] Blaming: weapon_restrict.smx
L 11/18/2020 - 21:45:03: [SM] Call stack trace:
L 11/18/2020 - 21:45:03: [SM]   [1] Line 202, restrictinc/events.sp::CS_OnBuyCommand
L 11/18/2020 - 21:47:33: [SM] Exception reported: Array index out-of-bounds (index 64, limit 55)
L 11/18/2020 - 21:47:33: [SM] Blaming: weapon_restrict.smx
L 11/18/2020 - 21:47:33: [SM] Call stack trace:
L 11/18/2020 - 21:47:33: [SM]   [1] Line 202, restrictinc/events.sp::CS_OnBuyCommand
L 11/18/2020 - 21:47:41: [SM] Exception reported: Array index out-of-bounds (index 64, limit 55)
L 11/18/2020 - 21:47:41: [SM] Blaming: weapon_restrict.smx
L 11/18/2020 - 21:47:41: [SM] Call stack trace:
L 11/18/2020 - 21:47:41: [SM]   [1] Line 202, restrictinc/events.sp::CS_OnBuyCommand
L 11/18/2020 - 21:49:12: [SM] Exception reported: Array index out-of-bounds (index 64, limit 55)
L 11/18/2020 - 21:49:12: [SM] Blaming: weapon_restrict.smx
L 11/18/2020 - 21:49:12: [SM] Call stack trace:
L 11/18/2020 - 21:49:12: [SM]   [1] Line 202, restrictinc/events.sp::CS_OnBuyCommand
L 11/18/2020 - 21:49:16: [SM] Exception reported: Array index out-of-bounds (index 64, limit 55)
L 11/18/2020 - 21:49:16: [SM] Blaming: weapon_restrict.smx
L 11/18/2020 - 21:49:16: [SM] Call stack trace:
L 11/18/2020 - 21:49:16: [SM]   [1] Line 202, restrictinc/events.sp::CS_OnBuyCommand
L 11/18/2020 - 21:49:21: [SM] Exception reported: Array index out-of-bounds (index 64, limit 55)
L 11/18/2020 - 21:49:21: [SM] Blaming: weapon_restrict.smx
L 11/18/2020 - 21:49:21: [SM] Call stack trace:
L 11/18/2020 - 21:49:21: [SM]   [1] Line 202, restrictinc/events.sp::CS_OnBuyCommand
L 11/18/2020 - 21:49:32: [SM] Exception reported: Array index out-of-bounds (index 64, limit 55)
L 11/18/2020 - 21:49:32: [SM] Blaming: weapon_restrict.smx
L 11/18/2020 - 21:49:32: [SM] Call stack trace:
L 11/18/2020 - 21:49:32: [SM]   [1] Line 202, restrictinc/events.sp::CS_OnBuyCommand
L 11/18/2020 - 21:50:50: [SM] Exception reported: Array index out-of-bounds (index 64, limit 55)
L 11/18/2020 - 21:50:50: [SM] Blaming: weapon_restrict.smx
L 11/18/2020 - 21:50:50: [SM] Call stack trace:
L 11/18/2020 - 21:50:50: [SM]   [1] Line 202, restrictinc/events.sp::CS_OnBuyCommand
L 11/18/2020 - 21:59:59: [SM] Exception reported: Array index out-of-bounds (index 64, limit 55)
L 11/18/2020 - 21:59:59: [SM] Blaming: weapon_restrict.smx
L 11/18/2020 - 21:59:59: [SM] Call stack trace:
L 11/18/2020 - 21:59:59: [SM]   [1] Line 202, restrictinc/events.sp::CS_OnBuyCommand
L 11/18/2020 - 22:11:30: [SM] Exception reported: Array index out-of-bounds (index 64, limit 55)
L 11/18/2020 - 22:11:30: [SM] Blaming: weapon_restrict.smx
L 11/18/2020 - 22:11:30: [SM] Call stack trace:
L 11/18/2020 - 22:11:30: [SM]   [1] Line 202, restrictinc/events.sp::CS_OnBuyCommand
L 11/18/2020 - 22:11:30: [SM] Exception reported: Array index out-of-bounds (index 64, limit 55)
L 11/18/2020 - 22:11:30: [SM] Blaming: weapon_restrict.smx
L 11/18/2020 - 22:11:30: [SM] Call stack trace:
L 11/18/2020 - 22:11:30: [SM]   [1] Line 202, restrictinc/events.sp::CS_OnBuyCommand
L 11/18/2020 - 22:28:41: [SM] Exception reported: Language phrase "Player_Connected_From" not found (arg 3)
L 11/18/2020 - 22:28:41: [SM] Blaming: advadmin.smx
L 11/18/2020 - 22:28:41: [SM] Call stack trace:
L 11/18/2020 - 22:28:41: [SM]   [0] VFormat
L 11/18/2020 - 22:28:41: [SM]   [1] Line 386, /groups/sourcemod/compiler-1.10/include/halflife.inc::PrintToChatAll
L 11/18/2020 - 22:28:41: [SM]   [2] Line 141, /home/groups/sourcemod/upload_tmp/phpRYtiXm.sp::OnClientAuthorized
L 11/18/2020 - 22:39:36: [SM] Exception reported: Language phrase "Player_Connected_From" not found (arg 3)
L 11/18/2020 - 22:39:36: [SM] Blaming: advadmin.smx
L 11/18/2020 - 22:39:36: [SM] Call stack trace:
L 11/18/2020 - 22:39:36: [SM]   [0] VFormat
L 11/18/2020 - 22:39:36: [SM]   [1] Line 386, /groups/sourcemod/compiler-1.10/include/halflife.inc::PrintToChatAll
L 11/18/2020 - 22:39:36: [SM]   [2] Line 141, /home/groups/sourcemod/upload_tmp/phpRYtiXm.sp::OnClientAuthorized
L 11/18/2020 - 22:44:04: [SM] Exception reported: Array index out-of-bounds (index 64, limit 55)
L 11/18/2020 - 22:44:04: [SM] Blaming: weapon_restrict.smx
L 11/18/2020 - 22:44:04: [SM] Call stack trace:
L 11/18/2020 - 22:44:04: [SM]   [1] Line 202, restrictinc/events.sp::CS_OnBuyCommand
L 11/18/2020 - 22:47:31: Error log file session closed.
L 11/18/2020 - 22:47:31: SourceMod error session started
L 11/18/2020 - 22:47:31: Info (map "de_overpass") (file "/home/tcagame/jackm1/527/csgo/addons/sourcemod/logs/errors_20201118.log")
L 11/18/2020 - 22:47:31: [SM] Fatal error encountered parsing translation file "advadmin.phrases.txt"
L 11/18/2020 - 22:47:31: [SM] Error (line 0, column 0): Stream failed to open
L 11/18/2020 - 22:53:00: [SM] Exception reported: Array index out-of-bounds (index 64, limit 55)
L 11/18/2020 - 22:53:00: [SM] Blaming: weapon_restrict.smx
L 11/18/2020 - 22:53:00: [SM] Call stack trace:
L 11/18/2020 - 22:53:00: [SM]   [1] Line 202, restrictinc/events.sp::CS_OnBuyCommand
L 11/18/2020 - 22:53:55: [SM] Exception reported: Array index out-of-bounds (index 64, limit 55)
L 11/18/2020 - 22:53:55: [SM] Blaming: weapon_restrict.smx
L 11/18/2020 - 22:53:55: [SM] Call stack trace:
L 11/18/2020 - 22:53:55: [SM]   [1] Line 202, restrictinc/events.sp::CS_OnBuyCommand
L 11/18/2020 - 22:54:42: [SM] Exception reported: Array index out-of-bounds (index 64, limit 55)
L 11/18/2020 - 22:54:42: [SM] Blaming: weapon_restrict.smx
L 11/18/2020 - 22:54:42: [SM] Call stack trace:
L 11/18/2020 - 22:54:42: [SM]   [1] Line 202, restrictinc/events.sp::CS_OnBuyCommand
L 11/18/2020 - 23:05:10: [SM] Exception reported: Array index out-of-bounds (index 64, limit 55)
L 11/18/2020 - 23:05:10: [SM] Blaming: weapon_restrict.smx
L 11/18/2020 - 23:05:10: [SM] Call stack trace:
L 11/18/2020 - 23:05:10: [SM]   [1] Line 202, restrictinc/events.sp::CS_OnBuyCommand
L 11/18/2020 - 23:13:53: [SM] Exception reported: Language phrase "Player_Connected_From" not found (arg 3)
L 11/18/2020 - 23:13:53: [SM] Blaming: advadmin.smx
L 11/18/2020 - 23:13:53: [SM] Call stack trace:
L 11/18/2020 - 23:13:53: [SM]   [0] VFormat
L 11/18/2020 - 23:13:53: [SM]   [1] Line 386, /groups/sourcemod/compiler-1.10/include/halflife.inc::PrintToChatAll
L 11/18/2020 - 23:13:53: [SM]   [2] Line 141, /home/groups/sourcemod/upload_tmp/phpRYtiXm.sp::OnClientAuthorized
L 11/18/2020 - 23:15:21: Error log file session closed.
L 11/18/2020 - 23:15:21: SourceMod error session started
L 11/18/2020 - 23:15:21: Info (map "cs_militia") (file "/home/tcagame/jackm1/527/csgo/addons/sourcemod/logs/errors_20201118.log")
L 11/18/2020 - 23:15:21: [SM] Fatal error encountered parsing translation file "advadmin.phrases.txt"
L 11/18/2020 - 23:15:21: [SM] Error (line 0, column 0): Stream failed to open
L 11/18/2020 - 23:16:34: [SM] Exception reported: Array index out-of-bounds (index 64, limit 55)
L 11/18/2020 - 23:16:34: [SM] Blaming: weapon_restrict.smx
L 11/18/2020 - 23:16:34: [SM] Call stack trace:
L 11/18/2020 - 23:16:34: [SM]   [1] Line 202, restrictinc/events.sp::CS_OnBuyCommand
L 11/18/2020 - 23:17:37: [SM] Exception reported: Array index out-of-bounds (index 64, limit 55)
L 11/18/2020 - 23:17:37: [SM] Blaming: weapon_restrict.smx
L 11/18/2020 - 23:17:37: [SM] Call stack trace:
L 11/18/2020 - 23:17:37: [SM]   [1] Line 202, restrictinc/events.sp::CS_OnBuyCommand
L 11/18/2020 - 23:17:49: [SM] Exception reported: Array index out-of-bounds (index 64, limit 55)
L 11/18/2020 - 23:17:49: [SM] Blaming: weapon_restrict.smx
L 11/18/2020 - 23:17:49: [SM] Call stack trace:
L 11/18/2020 - 23:17:49: [SM]   [1] Line 202, restrictinc/events.sp::CS_OnBuyCommand
L 11/18/2020 - 23:18:06: [SM] Exception reported: Array index out-of-bounds (index 64, limit 55)
L 11/18/2020 - 23:18:06: [SM] Blaming: weapon_restrict.smx
L 11/18/2020 - 23:18:06: [SM] Call stack trace:
L 11/18/2020 - 23:18:06: [SM]   [1] Line 202, restrictinc/events.sp::CS_OnBuyCommand
L 11/18/2020 - 23:18:27: [SM] Exception reported: Array index out-of-bounds (index 64, limit 55)
L 11/18/2020 - 23:18:27: [SM] Blaming: weapon_restrict.smx
L 11/18/2020 - 23:18:27: [SM] Call stack trace:
L 11/18/2020 - 23:18:27: [SM]   [1] Line 202, restrictinc/events.sp::CS_OnBuyCommand
L 11/18/2020 - 23:19:18: [SM] Exception reported: Array index out-of-bounds (index 64, limit 55)
L 11/18/2020 - 23:19:18: [SM] Blaming: weapon_restrict.smx
L 11/18/2020 - 23:19:18: [SM] Call stack trace:
L 11/18/2020 - 23:19:18: [SM]   [1] Line 202, restrictinc/events.sp::CS_OnBuyCommand
L 11/18/2020 - 23:30:21: [SM] Exception reported: Array index out-of-bounds (index 64, limit 55)
L 11/18/2020 - 23:30:21: [SM] Blaming: weapon_restrict.smx
L 11/18/2020 - 23:30:21: [SM] Call stack trace:
L 11/18/2020 - 23:30:21: [SM]   [1] Line 202, restrictinc/events.sp::CS_OnBuyCommand
L 11/18/2020 - 23:30:23: [SM] Exception reported: Array index out-of-bounds (index 64, limit 55)
L 11/18/2020 - 23:30:23: [SM] Blaming: weapon_restrict.smx
L 11/18/2020 - 23:30:23: [SM] Call stack trace:
L 11/18/2020 - 23:30:23: [SM]   [1] Line 202, restrictinc/events.sp::CS_OnBuyCommand
L 11/18/2020 - 23:31:06: [SM] Exception reported: Array index out-of-bounds (index 64, limit 55)
L 11/18/2020 - 23:31:06: [SM] Blaming: weapon_restrict.smx
L 11/18/2020 - 23:31:06: [SM] Call stack trace:
L 11/18/2020 - 23:31:06: [SM]   [1] Line 202, restrictinc/events.sp::CS_OnBuyCommand
L 11/18/2020 - 23:31:42: [SM] Exception reported: Array index out-of-bounds (index 64, limit 55)
L 11/18/2020 - 23:31:42: [SM] Blaming: weapon_restrict.smx
L 11/18/2020 - 23:31:42: [SM] Call stack trace:
L 11/18/2020 - 23:31:42: [SM]   [1] Line 202, restrictinc/events.sp::CS_OnBuyCommand
L 11/19/2020 - 16:39:12: Error log file session closed.
