L 09/05/2020 - 13:28:17: SourceMod error session started
L 09/05/2020 - 13:28:17: Info (map "de_dust2") (file "/home/tcagame/jackm1/527/csgo/addons/sourcemod/logs/errors_20200905.log")
L 09/05/2020 - 13:28:17: [SM] Fatal error encountered parsing translation file "advadmin.phrases.txt"
L 09/05/2020 - 13:28:17: [SM] Error (line 0, column 0): Stream failed to open
L 09/05/2020 - 13:50:35: [SM] Exception reported: Language phrase "Player_Connected_From" not found (arg 3)
L 09/05/2020 - 13:50:35: [SM] Blaming: advadmin.smx
L 09/05/2020 - 13:50:35: [SM] Call stack trace:
L 09/05/2020 - 13:50:35: [SM]   [0] VFormat
L 09/05/2020 - 13:50:35: [SM]   [1] Line 386, /groups/sourcemod/compiler-1.10/include/halflife.inc::PrintToChatAll
L 09/05/2020 - 13:50:35: [SM]   [2] Line 141, /home/groups/sourcemod/upload_tmp/phpRYtiXm.sp::OnClientAuthorized
L 09/05/2020 - 13:52:32: [SM] Exception reported: Array index out-of-bounds (index 64, limit 55)
L 09/05/2020 - 13:52:32: [SM] Blaming: weapon_restrict.smx
L 09/05/2020 - 13:52:32: [SM] Call stack trace:
L 09/05/2020 - 13:52:32: [SM]   [1] Line 202, restrictinc/events.sp::CS_OnBuyCommand
L 09/05/2020 - 13:55:50: Error log file session closed.
L 09/05/2020 - 13:55:50: SourceMod error session started
L 09/05/2020 - 13:55:50: Info (map "de_dust2") (file "/home/tcagame/jackm1/527/csgo/addons/sourcemod/logs/errors_20200905.log")
L 09/05/2020 - 13:55:50: [SM] Fatal error encountered parsing translation file "advadmin.phrases.txt"
L 09/05/2020 - 13:55:50: [SM] Error (line 0, column 0): Stream failed to open
L 09/05/2020 - 13:57:38: [SM] Exception reported: Array index out-of-bounds (index 64, limit 55)
L 09/05/2020 - 13:57:38: [SM] Blaming: weapon_restrict.smx
L 09/05/2020 - 13:57:38: [SM] Call stack trace:
L 09/05/2020 - 13:57:38: [SM]   [1] Line 202, restrictinc/events.sp::CS_OnBuyCommand
L 09/05/2020 - 15:04:32: Error log file session closed.
L 09/05/2020 - 15:04:32: SourceMod error session started
L 09/05/2020 - 15:04:32: Info (map "de_dust2") (file "/home/tcagame/jackm1/527/csgo/addons/sourcemod/logs/errors_20200905.log")
L 09/05/2020 - 15:04:32: [SM] Fatal error encountered parsing translation file "advadmin.phrases.txt"
L 09/05/2020 - 15:04:32: [SM] Error (line 0, column 0): Stream failed to open
L 09/06/2020 - 19:22:34: Error log file session closed.
