L 11/29/2020 - 13:35:45: SourceMod error session started
L 11/29/2020 - 13:35:45: Info (map "de_overpass") (file "/home/tcagame/jackm1/527/csgo/addons/sourcemod/logs/errors_20201129.log")
L 11/29/2020 - 13:35:45: [SM] Fatal error encountered parsing translation file "advadmin.phrases.txt"
L 11/29/2020 - 13:35:45: [SM] Error (line 0, column 0): Stream failed to open
L 11/29/2020 - 13:36:12: [SM] Exception reported: Language phrase "Player_Connected_From" not found (arg 3)
L 11/29/2020 - 13:36:12: [SM] Blaming: advadmin.smx
L 11/29/2020 - 13:36:12: [SM] Call stack trace:
L 11/29/2020 - 13:36:12: [SM]   [0] VFormat
L 11/29/2020 - 13:36:12: [SM]   [1] Line 386, /groups/sourcemod/compiler-1.10/include/halflife.inc::PrintToChatAll
L 11/29/2020 - 13:36:12: [SM]   [2] Line 141, /home/groups/sourcemod/upload_tmp/phpRYtiXm.sp::OnClientAuthorized
L 11/29/2020 - 13:40:13: [SM] Exception reported: Array index out-of-bounds (index 64, limit 55)
L 11/29/2020 - 13:40:13: [SM] Blaming: weapon_restrict.smx
L 11/29/2020 - 13:40:13: [SM] Call stack trace:
L 11/29/2020 - 13:40:13: [SM]   [1] Line 202, restrictinc/events.sp::CS_OnBuyCommand
L 11/29/2020 - 13:51:05: [SM] Exception reported: Array index out-of-bounds (index 64, limit 55)
L 11/29/2020 - 13:51:05: [SM] Blaming: weapon_restrict.smx
L 11/29/2020 - 13:51:05: [SM] Call stack trace:
L 11/29/2020 - 13:51:05: [SM]   [1] Line 202, restrictinc/events.sp::CS_OnBuyCommand
L 11/29/2020 - 14:14:31: Error log file session closed.
L 11/29/2020 - 14:14:31: SourceMod error session started
L 11/29/2020 - 14:14:31: Info (map "de_overpass") (file "/home/tcagame/jackm1/527/csgo/addons/sourcemod/logs/errors_20201129.log")
L 11/29/2020 - 14:14:31: [SM] Fatal error encountered parsing translation file "advadmin.phrases.txt"
L 11/29/2020 - 14:14:31: [SM] Error (line 0, column 0): Stream failed to open
L 11/29/2020 - 14:15:02: [SM] Exception reported: Array index out-of-bounds (index 64, limit 55)
L 11/29/2020 - 14:15:02: [SM] Blaming: weapon_restrict.smx
L 11/29/2020 - 14:15:02: [SM] Call stack trace:
L 11/29/2020 - 14:15:02: [SM]   [1] Line 202, restrictinc/events.sp::CS_OnBuyCommand
L 11/29/2020 - 14:17:04: [SM] Exception reported: Array index out-of-bounds (index 64, limit 55)
L 11/29/2020 - 14:17:04: [SM] Blaming: weapon_restrict.smx
L 11/29/2020 - 14:17:04: [SM] Call stack trace:
L 11/29/2020 - 14:17:04: [SM]   [1] Line 202, restrictinc/events.sp::CS_OnBuyCommand
L 11/29/2020 - 14:28:26: Error log file session closed.
L 11/29/2020 - 14:28:26: SourceMod error session started
L 11/29/2020 - 14:28:26: Info (map "de_inferno") (file "/home/tcagame/jackm1/527/csgo/addons/sourcemod/logs/errors_20201129.log")
L 11/29/2020 - 14:28:26: [SM] Fatal error encountered parsing translation file "advadmin.phrases.txt"
L 11/29/2020 - 14:28:26: [SM] Error (line 0, column 0): Stream failed to open
L 11/29/2020 - 14:29:24: [SM] Exception reported: Array index out-of-bounds (index 64, limit 55)
L 11/29/2020 - 14:29:24: [SM] Blaming: weapon_restrict.smx
L 11/29/2020 - 14:29:24: [SM] Call stack trace:
L 11/29/2020 - 14:29:24: [SM]   [1] Line 202, restrictinc/events.sp::CS_OnBuyCommand
L 11/29/2020 - 14:31:45: [SM] Exception reported: Language phrase "Player_Connected" not found (arg 3)
L 11/29/2020 - 14:31:45: [SM] Blaming: advadmin.smx
L 11/29/2020 - 14:31:45: [SM] Call stack trace:
L 11/29/2020 - 14:31:45: [SM]   [0] VFormat
L 11/29/2020 - 14:31:45: [SM]   [1] Line 386, /groups/sourcemod/compiler-1.10/include/halflife.inc::PrintToChatAll
L 11/29/2020 - 14:31:45: [SM]   [2] Line 145, /home/groups/sourcemod/upload_tmp/phpRYtiXm.sp::OnClientAuthorized
L 11/29/2020 - 14:31:45: [SM]   [4] ServerCommandEx
L 11/29/2020 - 14:31:45: [SM]   [5] Line 402, /home/builds/sourcemod/linux-1.10/build/plugins/basecommands.sp::Command_Rcon
L 11/29/2020 - 14:31:48: [SM] Exception reported: Language phrase "Player_Connected" not found (arg 3)
L 11/29/2020 - 14:31:48: [SM] Blaming: advadmin.smx
L 11/29/2020 - 14:31:48: [SM] Call stack trace:
L 11/29/2020 - 14:31:48: [SM]   [0] VFormat
L 11/29/2020 - 14:31:48: [SM]   [1] Line 386, /groups/sourcemod/compiler-1.10/include/halflife.inc::PrintToChatAll
L 11/29/2020 - 14:31:48: [SM]   [2] Line 145, /home/groups/sourcemod/upload_tmp/phpRYtiXm.sp::OnClientAuthorized
L 11/29/2020 - 14:31:48: [SM]   [4] ServerCommandEx
L 11/29/2020 - 14:31:48: [SM]   [5] Line 402, /home/builds/sourcemod/linux-1.10/build/plugins/basecommands.sp::Command_Rcon
L 11/29/2020 - 14:31:54: [SM] Exception reported: Language phrase "Player_Connected" not found (arg 3)
L 11/29/2020 - 14:31:54: [SM] Blaming: advadmin.smx
L 11/29/2020 - 14:31:54: [SM] Call stack trace:
L 11/29/2020 - 14:31:54: [SM]   [0] VFormat
L 11/29/2020 - 14:31:54: [SM]   [1] Line 386, /groups/sourcemod/compiler-1.10/include/halflife.inc::PrintToChatAll
L 11/29/2020 - 14:31:54: [SM]   [2] Line 145, /home/groups/sourcemod/upload_tmp/phpRYtiXm.sp::OnClientAuthorized
L 11/29/2020 - 14:31:54: [SM]   [4] ServerCommandEx
L 11/29/2020 - 14:31:54: [SM]   [5] Line 402, /home/builds/sourcemod/linux-1.10/build/plugins/basecommands.sp::Command_Rcon
L 11/29/2020 - 14:37:43: Error log file session closed.
L 11/29/2020 - 14:37:43: SourceMod error session started
L 11/29/2020 - 14:37:43: Info (map "de_inferno") (file "/home/tcagame/jackm1/527/csgo/addons/sourcemod/logs/errors_20201129.log")
L 11/29/2020 - 14:37:43: [SM] Fatal error encountered parsing translation file "advadmin.phrases.txt"
L 11/29/2020 - 14:37:43: [SM] Error (line 0, column 0): Stream failed to open
L 11/29/2020 - 16:16:00: Error log file session closed.
L 11/29/2020 - 16:16:00: SourceMod error session started
L 11/29/2020 - 16:16:00: Info (map "de_inferno") (file "/home/tcagame/jackm1/527/csgo/addons/sourcemod/logs/errors_20201129.log")
L 11/29/2020 - 16:16:00: [SM] Fatal error encountered parsing translation file "advadmin.phrases.txt"
L 11/29/2020 - 16:16:00: [SM] Error (line 0, column 0): Stream failed to open
L 11/29/2020 - 16:17:45: [SM] Exception reported: Language phrase "Player_Connected_From" not found (arg 3)
L 11/29/2020 - 16:17:45: [SM] Blaming: advadmin.smx
L 11/29/2020 - 16:17:45: [SM] Call stack trace:
L 11/29/2020 - 16:17:45: [SM]   [0] VFormat
L 11/29/2020 - 16:17:45: [SM]   [1] Line 386, /groups/sourcemod/compiler-1.10/include/halflife.inc::PrintToChatAll
L 11/29/2020 - 16:17:45: [SM]   [2] Line 141, /home/groups/sourcemod/upload_tmp/phpRYtiXm.sp::OnClientAuthorized
L 11/29/2020 - 16:19:53: [SM] Exception reported: Array index out-of-bounds (index 64, limit 55)
L 11/29/2020 - 16:19:53: [SM] Blaming: weapon_restrict.smx
L 11/29/2020 - 16:19:53: [SM] Call stack trace:
L 11/29/2020 - 16:19:53: [SM]   [1] Line 202, restrictinc/events.sp::CS_OnBuyCommand
L 11/29/2020 - 16:19:55: [SM] Exception reported: Array index out-of-bounds (index 64, limit 55)
L 11/29/2020 - 16:19:55: [SM] Blaming: weapon_restrict.smx
L 11/29/2020 - 16:19:55: [SM] Call stack trace:
L 11/29/2020 - 16:19:55: [SM]   [1] Line 202, restrictinc/events.sp::CS_OnBuyCommand
L 11/29/2020 - 16:23:11: [SM] Exception reported: Array index out-of-bounds (index 64, limit 55)
L 11/29/2020 - 16:23:11: [SM] Blaming: weapon_restrict.smx
L 11/29/2020 - 16:23:11: [SM] Call stack trace:
L 11/29/2020 - 16:23:11: [SM]   [1] Line 202, restrictinc/events.sp::CS_OnBuyCommand
L 11/29/2020 - 16:25:59: [SM] Exception reported: Array index out-of-bounds (index 63, limit 55)
L 11/29/2020 - 16:25:59: [SM] Blaming: weapon_restrict.smx
L 11/29/2020 - 16:25:59: [SM] Call stack trace:
L 11/29/2020 - 16:25:59: [SM]   [1] Line 202, restrictinc/events.sp::CS_OnBuyCommand
L 11/29/2020 - 16:35:50: [SM] Exception reported: Array index out-of-bounds (index 64, limit 55)
L 11/29/2020 - 16:35:50: [SM] Blaming: weapon_restrict.smx
L 11/29/2020 - 16:35:50: [SM] Call stack trace:
L 11/29/2020 - 16:35:50: [SM]   [1] Line 202, restrictinc/events.sp::CS_OnBuyCommand
L 11/29/2020 - 17:51:47: Error log file session closed.
L 11/29/2020 - 17:51:47: SourceMod error session started
L 11/29/2020 - 17:51:47: Info (map "de_inferno") (file "/home/tcagame/jackm1/527/csgo/addons/sourcemod/logs/errors_20201129.log")
L 11/29/2020 - 17:51:47: [SM] Fatal error encountered parsing translation file "advadmin.phrases.txt"
L 11/29/2020 - 17:51:47: [SM] Error (line 0, column 0): Stream failed to open
L 11/29/2020 - 17:52:39: [SM] Exception reported: Array index out-of-bounds (index 64, limit 55)
L 11/29/2020 - 17:52:39: [SM] Blaming: weapon_restrict.smx
L 11/29/2020 - 17:52:39: [SM] Call stack trace:
L 11/29/2020 - 17:52:39: [SM]   [1] Line 202, restrictinc/events.sp::CS_OnBuyCommand
L 11/29/2020 - 21:31:09: Error log file session closed.
L 11/29/2020 - 21:31:09: SourceMod error session started
L 11/29/2020 - 21:31:09: Info (map "de_inferno") (file "/home/tcagame/jackm1/527/csgo/addons/sourcemod/logs/errors_20201129.log")
L 11/29/2020 - 21:31:09: [SM] Fatal error encountered parsing translation file "advadmin.phrases.txt"
L 11/29/2020 - 21:31:09: [SM] Error (line 0, column 0): Stream failed to open
L 11/29/2020 - 21:34:15: [SM] Exception reported: Language phrase "Player_Connected_From" not found (arg 3)
L 11/29/2020 - 21:34:15: [SM] Blaming: advadmin.smx
L 11/29/2020 - 21:34:15: [SM] Call stack trace:
L 11/29/2020 - 21:34:15: [SM]   [0] VFormat
L 11/29/2020 - 21:34:15: [SM]   [1] Line 386, /groups/sourcemod/compiler-1.10/include/halflife.inc::PrintToChatAll
L 11/29/2020 - 21:34:15: [SM]   [2] Line 141, /home/groups/sourcemod/upload_tmp/phpRYtiXm.sp::OnClientAuthorized
L 11/29/2020 - 21:37:01: Error log file session closed.
L 11/29/2020 - 21:37:01: SourceMod error session started
L 11/29/2020 - 21:37:01: Info (map "de_dust2") (file "/home/tcagame/jackm1/527/csgo/addons/sourcemod/logs/errors_20201129.log")
L 11/29/2020 - 21:37:01: [SM] Fatal error encountered parsing translation file "advadmin.phrases.txt"
L 11/29/2020 - 21:37:01: [SM] Error (line 0, column 0): Stream failed to open
L 11/29/2020 - 21:37:24: [SM] Exception reported: Language phrase "Player_Connected" not found (arg 3)
L 11/29/2020 - 21:37:24: [SM] Blaming: advadmin.smx
L 11/29/2020 - 21:37:24: [SM] Call stack trace:
L 11/29/2020 - 21:37:24: [SM]   [0] VFormat
L 11/29/2020 - 21:37:24: [SM]   [1] Line 386, /groups/sourcemod/compiler-1.10/include/halflife.inc::PrintToChatAll
L 11/29/2020 - 21:37:24: [SM]   [2] Line 145, /home/groups/sourcemod/upload_tmp/phpRYtiXm.sp::OnClientAuthorized
L 11/29/2020 - 21:37:29: [SM] Exception reported: Language phrase "Player_Connected" not found (arg 3)
L 11/29/2020 - 21:37:29: [SM] Blaming: advadmin.smx
L 11/29/2020 - 21:37:29: [SM] Call stack trace:
L 11/29/2020 - 21:37:29: [SM]   [0] VFormat
L 11/29/2020 - 21:37:29: [SM]   [1] Line 386, /groups/sourcemod/compiler-1.10/include/halflife.inc::PrintToChatAll
L 11/29/2020 - 21:37:29: [SM]   [2] Line 145, /home/groups/sourcemod/upload_tmp/phpRYtiXm.sp::OnClientAuthorized
L 11/29/2020 - 21:54:50: [SM] Exception reported: Array index out-of-bounds (index 64, limit 55)
L 11/29/2020 - 21:54:50: [SM] Blaming: weapon_restrict.smx
L 11/29/2020 - 21:54:50: [SM] Call stack trace:
L 11/29/2020 - 21:54:50: [SM]   [1] Line 202, restrictinc/events.sp::CS_OnBuyCommand
L 11/29/2020 - 21:58:58: [SM] Exception reported: Array index out-of-bounds (index 64, limit 55)
L 11/29/2020 - 21:58:58: [SM] Blaming: weapon_restrict.smx
L 11/29/2020 - 21:58:58: [SM] Call stack trace:
L 11/29/2020 - 21:58:58: [SM]   [1] Line 202, restrictinc/events.sp::CS_OnBuyCommand
L 11/29/2020 - 22:04:41: [SM] Exception reported: Language phrase "Player_Connected_From" not found (arg 3)
L 11/29/2020 - 22:04:41: [SM] Blaming: advadmin.smx
L 11/29/2020 - 22:04:41: [SM] Call stack trace:
L 11/29/2020 - 22:04:41: [SM]   [0] VFormat
L 11/29/2020 - 22:04:41: [SM]   [1] Line 386, /groups/sourcemod/compiler-1.10/include/halflife.inc::PrintToChatAll
L 11/29/2020 - 22:04:41: [SM]   [2] Line 141, /home/groups/sourcemod/upload_tmp/phpRYtiXm.sp::OnClientAuthorized
L 11/29/2020 - 22:07:44: [SM] Exception reported: Array index out-of-bounds (index 64, limit 55)
L 11/29/2020 - 22:07:44: [SM] Blaming: weapon_restrict.smx
L 11/29/2020 - 22:07:44: [SM] Call stack trace:
L 11/29/2020 - 22:07:44: [SM]   [1] Line 202, restrictinc/events.sp::CS_OnBuyCommand
L 11/29/2020 - 22:07:44: [SM] Exception reported: Array index out-of-bounds (index 64, limit 55)
L 11/29/2020 - 22:07:44: [SM] Blaming: weapon_restrict.smx
L 11/29/2020 - 22:07:44: [SM] Call stack trace:
L 11/29/2020 - 22:07:44: [SM]   [1] Line 202, restrictinc/events.sp::CS_OnBuyCommand
L 11/29/2020 - 22:09:33: [SM] Exception reported: Array index out-of-bounds (index 64, limit 55)
L 11/29/2020 - 22:09:33: [SM] Blaming: weapon_restrict.smx
L 11/29/2020 - 22:09:33: [SM] Call stack trace:
L 11/29/2020 - 22:09:33: [SM]   [1] Line 202, restrictinc/events.sp::CS_OnBuyCommand
L 11/29/2020 - 22:10:01: [SM] Exception reported: Language phrase "Player_Connected_From" not found (arg 3)
L 11/29/2020 - 22:10:01: [SM] Blaming: advadmin.smx
L 11/29/2020 - 22:10:01: [SM] Call stack trace:
L 11/29/2020 - 22:10:01: [SM]   [0] VFormat
L 11/29/2020 - 22:10:01: [SM]   [1] Line 386, /groups/sourcemod/compiler-1.10/include/halflife.inc::PrintToChatAll
L 11/29/2020 - 22:10:01: [SM]   [2] Line 141, /home/groups/sourcemod/upload_tmp/phpRYtiXm.sp::OnClientAuthorized
L 11/29/2020 - 22:10:06: [SM] Exception reported: Array index out-of-bounds (index 64, limit 55)
L 11/29/2020 - 22:10:06: [SM] Blaming: weapon_restrict.smx
L 11/29/2020 - 22:10:06: [SM] Call stack trace:
L 11/29/2020 - 22:10:06: [SM]   [1] Line 202, restrictinc/events.sp::CS_OnBuyCommand
L 11/29/2020 - 22:11:01: [SM] Exception reported: Array index out-of-bounds (index 64, limit 55)
L 11/29/2020 - 22:11:01: [SM] Blaming: weapon_restrict.smx
L 11/29/2020 - 22:11:01: [SM] Call stack trace:
L 11/29/2020 - 22:11:01: [SM]   [1] Line 202, restrictinc/events.sp::CS_OnBuyCommand
L 11/29/2020 - 22:11:01: [SM] Exception reported: Array index out-of-bounds (index 64, limit 55)
L 11/29/2020 - 22:11:01: [SM] Blaming: weapon_restrict.smx
L 11/29/2020 - 22:11:01: [SM] Call stack trace:
L 11/29/2020 - 22:11:01: [SM]   [1] Line 202, restrictinc/events.sp::CS_OnBuyCommand
L 11/29/2020 - 22:13:03: Error log file session closed.
L 11/29/2020 - 22:13:03: SourceMod error session started
L 11/29/2020 - 22:13:03: Info (map "de_mirage") (file "/home/tcagame/jackm1/527/csgo/addons/sourcemod/logs/errors_20201129.log")
L 11/29/2020 - 22:13:03: [SM] Fatal error encountered parsing translation file "advadmin.phrases.txt"
L 11/29/2020 - 22:13:03: [SM] Error (line 0, column 0): Stream failed to open
L 11/29/2020 - 22:14:33: [SM] Exception reported: Language phrase "Player_Connected" not found (arg 3)
L 11/29/2020 - 22:14:33: [SM] Blaming: advadmin.smx
L 11/29/2020 - 22:14:33: [SM] Call stack trace:
L 11/29/2020 - 22:14:33: [SM]   [0] VFormat
L 11/29/2020 - 22:14:33: [SM]   [1] Line 386, /groups/sourcemod/compiler-1.10/include/halflife.inc::PrintToChatAll
L 11/29/2020 - 22:14:33: [SM]   [2] Line 145, /home/groups/sourcemod/upload_tmp/phpRYtiXm.sp::OnClientAuthorized
L 11/29/2020 - 22:14:37: [SM] Exception reported: Language phrase "Player_Connected" not found (arg 3)
L 11/29/2020 - 22:14:37: [SM] Blaming: advadmin.smx
L 11/29/2020 - 22:14:37: [SM] Call stack trace:
L 11/29/2020 - 22:14:37: [SM]   [0] VFormat
L 11/29/2020 - 22:14:37: [SM]   [1] Line 386, /groups/sourcemod/compiler-1.10/include/halflife.inc::PrintToChatAll
L 11/29/2020 - 22:14:37: [SM]   [2] Line 145, /home/groups/sourcemod/upload_tmp/phpRYtiXm.sp::OnClientAuthorized
L 11/29/2020 - 22:14:40: [SM] Exception reported: Language phrase "Player_Connected" not found (arg 3)
L 11/29/2020 - 22:14:40: [SM] Blaming: advadmin.smx
L 11/29/2020 - 22:14:40: [SM] Call stack trace:
L 11/29/2020 - 22:14:40: [SM]   [0] VFormat
L 11/29/2020 - 22:14:40: [SM]   [1] Line 386, /groups/sourcemod/compiler-1.10/include/halflife.inc::PrintToChatAll
L 11/29/2020 - 22:14:40: [SM]   [2] Line 145, /home/groups/sourcemod/upload_tmp/phpRYtiXm.sp::OnClientAuthorized
L 11/29/2020 - 22:14:42: [SM] Exception reported: Language phrase "Player_Connected" not found (arg 3)
L 11/29/2020 - 22:14:42: [SM] Blaming: advadmin.smx
L 11/29/2020 - 22:14:42: [SM] Call stack trace:
L 11/29/2020 - 22:14:42: [SM]   [0] VFormat
L 11/29/2020 - 22:14:42: [SM]   [1] Line 386, /groups/sourcemod/compiler-1.10/include/halflife.inc::PrintToChatAll
L 11/29/2020 - 22:14:42: [SM]   [2] Line 145, /home/groups/sourcemod/upload_tmp/phpRYtiXm.sp::OnClientAuthorized
L 11/29/2020 - 22:16:06: [SM] Exception reported: Array index out-of-bounds (index 64, limit 55)
L 11/29/2020 - 22:16:06: [SM] Blaming: weapon_restrict.smx
L 11/29/2020 - 22:16:06: [SM] Call stack trace:
L 11/29/2020 - 22:16:06: [SM]   [1] Line 202, restrictinc/events.sp::CS_OnBuyCommand
L 11/29/2020 - 22:18:54: [SM] Exception reported: Array index out-of-bounds (index 64, limit 55)
L 11/29/2020 - 22:18:54: [SM] Blaming: weapon_restrict.smx
L 11/29/2020 - 22:18:54: [SM] Call stack trace:
L 11/29/2020 - 22:18:54: [SM]   [1] Line 202, restrictinc/events.sp::CS_OnBuyCommand
L 11/29/2020 - 22:18:54: [SM] Exception reported: Array index out-of-bounds (index 64, limit 55)
L 11/29/2020 - 22:18:54: [SM] Blaming: weapon_restrict.smx
L 11/29/2020 - 22:18:54: [SM] Call stack trace:
L 11/29/2020 - 22:18:54: [SM]   [1] Line 202, restrictinc/events.sp::CS_OnBuyCommand
L 11/29/2020 - 22:18:55: [SM] Exception reported: Array index out-of-bounds (index 64, limit 55)
L 11/29/2020 - 22:18:55: [SM] Blaming: weapon_restrict.smx
L 11/29/2020 - 22:18:55: [SM] Call stack trace:
L 11/29/2020 - 22:18:55: [SM]   [1] Line 202, restrictinc/events.sp::CS_OnBuyCommand
L 11/29/2020 - 22:19:36: [SM] Exception reported: Array index out-of-bounds (index 64, limit 55)
L 11/29/2020 - 22:19:36: [SM] Blaming: weapon_restrict.smx
L 11/29/2020 - 22:19:36: [SM] Call stack trace:
L 11/29/2020 - 22:19:36: [SM]   [1] Line 202, restrictinc/events.sp::CS_OnBuyCommand
L 11/29/2020 - 22:26:56: [SM] Exception reported: Language phrase "Player_Connected_From" not found (arg 3)
L 11/29/2020 - 22:26:56: [SM] Blaming: advadmin.smx
L 11/29/2020 - 22:26:56: [SM] Call stack trace:
L 11/29/2020 - 22:26:56: [SM]   [0] VFormat
L 11/29/2020 - 22:26:56: [SM]   [1] Line 386, /groups/sourcemod/compiler-1.10/include/halflife.inc::PrintToChatAll
L 11/29/2020 - 22:26:56: [SM]   [2] Line 141, /home/groups/sourcemod/upload_tmp/phpRYtiXm.sp::OnClientAuthorized
L 11/29/2020 - 22:28:28: [SM] Exception reported: Array index out-of-bounds (index 64, limit 55)
L 11/29/2020 - 22:28:28: [SM] Blaming: weapon_restrict.smx
L 11/29/2020 - 22:28:28: [SM] Call stack trace:
L 11/29/2020 - 22:28:28: [SM]   [1] Line 202, restrictinc/events.sp::CS_OnBuyCommand
L 11/29/2020 - 22:31:19: [SM] Exception reported: Language phrase "Player_Connected_From" not found (arg 3)
L 11/29/2020 - 22:31:19: [SM] Blaming: advadmin.smx
L 11/29/2020 - 22:31:19: [SM] Call stack trace:
L 11/29/2020 - 22:31:19: [SM]   [0] VFormat
L 11/29/2020 - 22:31:19: [SM]   [1] Line 386, /groups/sourcemod/compiler-1.10/include/halflife.inc::PrintToChatAll
L 11/29/2020 - 22:31:19: [SM]   [2] Line 141, /home/groups/sourcemod/upload_tmp/phpRYtiXm.sp::OnClientAuthorized
L 11/29/2020 - 22:32:31: [SM] Exception reported: Array index out-of-bounds (index 64, limit 55)
L 11/29/2020 - 22:32:31: [SM] Blaming: weapon_restrict.smx
L 11/29/2020 - 22:32:31: [SM] Call stack trace:
L 11/29/2020 - 22:32:31: [SM]   [1] Line 202, restrictinc/events.sp::CS_OnBuyCommand
L 11/29/2020 - 22:32:32: [SM] Exception reported: Array index out-of-bounds (index 64, limit 55)
L 11/29/2020 - 22:32:32: [SM] Blaming: weapon_restrict.smx
L 11/29/2020 - 22:32:32: [SM] Call stack trace:
L 11/29/2020 - 22:32:32: [SM]   [1] Line 202, restrictinc/events.sp::CS_OnBuyCommand
L 11/29/2020 - 22:33:41: [SM] Exception reported: Array index out-of-bounds (index 64, limit 55)
L 11/29/2020 - 22:33:41: [SM] Blaming: weapon_restrict.smx
L 11/29/2020 - 22:33:41: [SM] Call stack trace:
L 11/29/2020 - 22:33:41: [SM]   [1] Line 202, restrictinc/events.sp::CS_OnBuyCommand
L 11/29/2020 - 22:34:02: [SM] Exception reported: Array index out-of-bounds (index 64, limit 55)
L 11/29/2020 - 22:34:02: [SM] Blaming: weapon_restrict.smx
L 11/29/2020 - 22:34:02: [SM] Call stack trace:
L 11/29/2020 - 22:34:02: [SM]   [1] Line 202, restrictinc/events.sp::CS_OnBuyCommand
L 11/29/2020 - 22:39:00: [SM] Exception reported: Language phrase "Player_Connected" not found (arg 3)
L 11/29/2020 - 22:39:00: [SM] Blaming: advadmin.smx
L 11/29/2020 - 22:39:00: [SM] Call stack trace:
L 11/29/2020 - 22:39:00: [SM]   [0] VFormat
L 11/29/2020 - 22:39:00: [SM]   [1] Line 386, /groups/sourcemod/compiler-1.10/include/halflife.inc::PrintToChatAll
L 11/29/2020 - 22:39:00: [SM]   [2] Line 145, /home/groups/sourcemod/upload_tmp/phpRYtiXm.sp::OnClientAuthorized
L 11/29/2020 - 22:39:19: [SM] Exception reported: Language phrase "Player_Connected" not found (arg 3)
L 11/29/2020 - 22:39:19: [SM] Blaming: advadmin.smx
L 11/29/2020 - 22:39:19: [SM] Call stack trace:
L 11/29/2020 - 22:39:19: [SM]   [0] VFormat
L 11/29/2020 - 22:39:19: [SM]   [1] Line 386, /groups/sourcemod/compiler-1.10/include/halflife.inc::PrintToChatAll
L 11/29/2020 - 22:39:19: [SM]   [2] Line 145, /home/groups/sourcemod/upload_tmp/phpRYtiXm.sp::OnClientAuthorized
L 11/29/2020 - 22:39:20: [SM] Exception reported: Language phrase "Player_Connected" not found (arg 3)
L 11/29/2020 - 22:39:20: [SM] Blaming: advadmin.smx
L 11/29/2020 - 22:39:20: [SM] Call stack trace:
L 11/29/2020 - 22:39:20: [SM]   [0] VFormat
L 11/29/2020 - 22:39:20: [SM]   [1] Line 386, /groups/sourcemod/compiler-1.10/include/halflife.inc::PrintToChatAll
L 11/29/2020 - 22:39:20: [SM]   [2] Line 145, /home/groups/sourcemod/upload_tmp/phpRYtiXm.sp::OnClientAuthorized
L 11/29/2020 - 22:39:24: [SM] Exception reported: Language phrase "Player_Connected_From" not found (arg 3)
L 11/29/2020 - 22:39:24: [SM] Blaming: advadmin.smx
L 11/29/2020 - 22:39:24: [SM] Call stack trace:
L 11/29/2020 - 22:39:24: [SM]   [0] VFormat
L 11/29/2020 - 22:39:24: [SM]   [1] Line 386, /groups/sourcemod/compiler-1.10/include/halflife.inc::PrintToChatAll
L 11/29/2020 - 22:39:24: [SM]   [2] Line 141, /home/groups/sourcemod/upload_tmp/phpRYtiXm.sp::OnClientAuthorized
L 11/29/2020 - 22:39:40: [SM] Exception reported: Language phrase "Player_Connected_From" not found (arg 3)
L 11/29/2020 - 22:39:40: [SM] Blaming: advadmin.smx
L 11/29/2020 - 22:39:40: [SM] Call stack trace:
L 11/29/2020 - 22:39:40: [SM]   [0] VFormat
L 11/29/2020 - 22:39:40: [SM]   [1] Line 386, /groups/sourcemod/compiler-1.10/include/halflife.inc::PrintToChatAll
L 11/29/2020 - 22:39:40: [SM]   [2] Line 141, /home/groups/sourcemod/upload_tmp/phpRYtiXm.sp::OnClientAuthorized
L 11/29/2020 - 22:41:11: [SM] Exception reported: Array index out-of-bounds (index 64, limit 55)
L 11/29/2020 - 22:41:11: [SM] Blaming: weapon_restrict.smx
L 11/29/2020 - 22:41:11: [SM] Call stack trace:
L 11/29/2020 - 22:41:11: [SM]   [1] Line 202, restrictinc/events.sp::CS_OnBuyCommand
L 11/29/2020 - 22:41:24: [SM] Exception reported: Array index out-of-bounds (index 64, limit 55)
L 11/29/2020 - 22:41:24: [SM] Blaming: weapon_restrict.smx
L 11/29/2020 - 22:41:24: [SM] Call stack trace:
L 11/29/2020 - 22:41:24: [SM]   [1] Line 202, restrictinc/events.sp::CS_OnBuyCommand
L 11/29/2020 - 22:42:37: Error log file session closed.
L 11/29/2020 - 22:42:37: SourceMod error session started
L 11/29/2020 - 22:42:37: Info (map "de_mirage") (file "/home/tcagame/jackm1/527/csgo/addons/sourcemod/logs/errors_20201129.log")
L 11/29/2020 - 22:42:37: [SM] Fatal error encountered parsing translation file "advadmin.phrases.txt"
L 11/29/2020 - 22:42:37: [SM] Error (line 0, column 0): Stream failed to open
L 11/29/2020 - 22:43:22: [SM] Exception reported: Array index out-of-bounds (index 64, limit 55)
L 11/29/2020 - 22:43:22: [SM] Blaming: weapon_restrict.smx
L 11/29/2020 - 22:43:22: [SM] Call stack trace:
L 11/29/2020 - 22:43:22: [SM]   [1] Line 202, restrictinc/events.sp::CS_OnBuyCommand
L 11/29/2020 - 22:43:32: [SM] Exception reported: Array index out-of-bounds (index 64, limit 55)
L 11/29/2020 - 22:43:32: [SM] Blaming: weapon_restrict.smx
L 11/29/2020 - 22:43:32: [SM] Call stack trace:
L 11/29/2020 - 22:43:32: [SM]   [1] Line 202, restrictinc/events.sp::CS_OnBuyCommand
L 11/29/2020 - 22:44:37: [SM] Exception reported: Array index out-of-bounds (index 64, limit 55)
L 11/29/2020 - 22:44:37: [SM] Blaming: weapon_restrict.smx
L 11/29/2020 - 22:44:37: [SM] Call stack trace:
L 11/29/2020 - 22:44:37: [SM]   [1] Line 202, restrictinc/events.sp::CS_OnBuyCommand
L 11/29/2020 - 22:44:40: [SM] Exception reported: Array index out-of-bounds (index 64, limit 55)
L 11/29/2020 - 22:44:40: [SM] Blaming: weapon_restrict.smx
L 11/29/2020 - 22:44:40: [SM] Call stack trace:
L 11/29/2020 - 22:44:40: [SM]   [1] Line 202, restrictinc/events.sp::CS_OnBuyCommand
L 11/29/2020 - 22:44:41: [SM] Exception reported: Array index out-of-bounds (index 64, limit 55)
L 11/29/2020 - 22:44:41: [SM] Blaming: weapon_restrict.smx
L 11/29/2020 - 22:44:41: [SM] Call stack trace:
L 11/29/2020 - 22:44:41: [SM]   [1] Line 202, restrictinc/events.sp::CS_OnBuyCommand
L 11/29/2020 - 22:44:42: [SM] Exception reported: Array index out-of-bounds (index 64, limit 55)
L 11/29/2020 - 22:44:42: [SM] Blaming: weapon_restrict.smx
L 11/29/2020 - 22:44:42: [SM] Call stack trace:
L 11/29/2020 - 22:44:42: [SM]   [1] Line 202, restrictinc/events.sp::CS_OnBuyCommand
L 11/29/2020 - 22:44:49: [SM] Exception reported: Array index out-of-bounds (index 64, limit 55)
L 11/29/2020 - 22:44:49: [SM] Blaming: weapon_restrict.smx
L 11/29/2020 - 22:44:49: [SM] Call stack trace:
L 11/29/2020 - 22:44:49: [SM]   [1] Line 202, restrictinc/events.sp::CS_OnBuyCommand
L 11/29/2020 - 22:44:51: [SM] Exception reported: Array index out-of-bounds (index 64, limit 55)
L 11/29/2020 - 22:44:51: [SM] Blaming: weapon_restrict.smx
L 11/29/2020 - 22:44:51: [SM] Call stack trace:
L 11/29/2020 - 22:44:51: [SM]   [1] Line 202, restrictinc/events.sp::CS_OnBuyCommand
L 11/29/2020 - 22:44:51: [SM] Exception reported: Array index out-of-bounds (index 64, limit 55)
L 11/29/2020 - 22:44:51: [SM] Blaming: weapon_restrict.smx
L 11/29/2020 - 22:44:51: [SM] Call stack trace:
L 11/29/2020 - 22:44:51: [SM]   [1] Line 202, restrictinc/events.sp::CS_OnBuyCommand
L 11/29/2020 - 22:46:06: [SM] Exception reported: Array index out-of-bounds (index 64, limit 55)
L 11/29/2020 - 22:46:06: [SM] Blaming: weapon_restrict.smx
L 11/29/2020 - 22:46:06: [SM] Call stack trace:
L 11/29/2020 - 22:46:06: [SM]   [1] Line 202, restrictinc/events.sp::CS_OnBuyCommand
L 11/29/2020 - 22:46:09: [SM] Exception reported: Array index out-of-bounds (index 64, limit 55)
L 11/29/2020 - 22:46:09: [SM] Blaming: weapon_restrict.smx
L 11/29/2020 - 22:46:09: [SM] Call stack trace:
L 11/29/2020 - 22:46:09: [SM]   [1] Line 202, restrictinc/events.sp::CS_OnBuyCommand
L 11/29/2020 - 22:46:14: [SM] Exception reported: Array index out-of-bounds (index 64, limit 55)
L 11/29/2020 - 22:46:14: [SM] Blaming: weapon_restrict.smx
L 11/29/2020 - 22:46:14: [SM] Call stack trace:
L 11/29/2020 - 22:46:14: [SM]   [1] Line 202, restrictinc/events.sp::CS_OnBuyCommand
L 11/29/2020 - 22:48:17: [SM] Exception reported: Language phrase "Player_Connected_From" not found (arg 3)
L 11/29/2020 - 22:48:17: [SM] Blaming: advadmin.smx
L 11/29/2020 - 22:48:17: [SM] Call stack trace:
L 11/29/2020 - 22:48:17: [SM]   [0] VFormat
L 11/29/2020 - 22:48:17: [SM]   [1] Line 386, /groups/sourcemod/compiler-1.10/include/halflife.inc::PrintToChatAll
L 11/29/2020 - 22:48:17: [SM]   [2] Line 141, /home/groups/sourcemod/upload_tmp/phpRYtiXm.sp::OnClientAuthorized
L 11/29/2020 - 22:49:31: [SM] Exception reported: Array index out-of-bounds (index 64, limit 55)
L 11/29/2020 - 22:49:31: [SM] Blaming: weapon_restrict.smx
L 11/29/2020 - 22:49:31: [SM] Call stack trace:
L 11/29/2020 - 22:49:31: [SM]   [1] Line 202, restrictinc/events.sp::CS_OnBuyCommand
L 11/29/2020 - 22:50:54: [SM] Exception reported: Array index out-of-bounds (index 64, limit 55)
L 11/29/2020 - 22:50:54: [SM] Blaming: weapon_restrict.smx
L 11/29/2020 - 22:50:54: [SM] Call stack trace:
L 11/29/2020 - 22:50:54: [SM]   [1] Line 202, restrictinc/events.sp::CS_OnBuyCommand
L 11/29/2020 - 22:51:32: [SM] Exception reported: Array index out-of-bounds (index 64, limit 55)
L 11/29/2020 - 22:51:32: [SM] Blaming: weapon_restrict.smx
L 11/29/2020 - 22:51:32: [SM] Call stack trace:
L 11/29/2020 - 22:51:32: [SM]   [1] Line 202, restrictinc/events.sp::CS_OnBuyCommand
L 11/29/2020 - 22:51:32: [SM] Exception reported: Array index out-of-bounds (index 64, limit 55)
L 11/29/2020 - 22:51:32: [SM] Blaming: weapon_restrict.smx
L 11/29/2020 - 22:51:32: [SM] Call stack trace:
L 11/29/2020 - 22:51:32: [SM]   [1] Line 202, restrictinc/events.sp::CS_OnBuyCommand
L 11/29/2020 - 22:55:00: [SM] Exception reported: Array index out-of-bounds (index 64, limit 55)
L 11/29/2020 - 22:55:00: [SM] Blaming: weapon_restrict.smx
L 11/29/2020 - 22:55:00: [SM] Call stack trace:
L 11/29/2020 - 22:55:00: [SM]   [1] Line 202, restrictinc/events.sp::CS_OnBuyCommand
L 11/29/2020 - 22:55:15: [SM] Exception reported: Array index out-of-bounds (index 64, limit 55)
L 11/29/2020 - 22:55:15: [SM] Blaming: weapon_restrict.smx
L 11/29/2020 - 22:55:15: [SM] Call stack trace:
L 11/29/2020 - 22:55:15: [SM]   [1] Line 202, restrictinc/events.sp::CS_OnBuyCommand
L 11/29/2020 - 22:57:12: [SM] Exception reported: Array index out-of-bounds (index 64, limit 55)
L 11/29/2020 - 22:57:12: [SM] Blaming: weapon_restrict.smx
L 11/29/2020 - 22:57:12: [SM] Call stack trace:
L 11/29/2020 - 22:57:12: [SM]   [1] Line 202, restrictinc/events.sp::CS_OnBuyCommand
L 11/29/2020 - 23:01:52: [SM] Exception reported: Array index out-of-bounds (index 64, limit 55)
L 11/29/2020 - 23:01:52: [SM] Blaming: weapon_restrict.smx
L 11/29/2020 - 23:01:52: [SM] Call stack trace:
L 11/29/2020 - 23:01:52: [SM]   [1] Line 202, restrictinc/events.sp::CS_OnBuyCommand
L 11/29/2020 - 23:02:00: [SM] Exception reported: Array index out-of-bounds (index 64, limit 55)
L 11/29/2020 - 23:02:00: [SM] Blaming: weapon_restrict.smx
L 11/29/2020 - 23:02:00: [SM] Call stack trace:
L 11/29/2020 - 23:02:00: [SM]   [1] Line 202, restrictinc/events.sp::CS_OnBuyCommand
L 11/29/2020 - 23:02:37: [SM] Exception reported: Array index out-of-bounds (index 64, limit 55)
L 11/29/2020 - 23:02:37: [SM] Blaming: weapon_restrict.smx
L 11/29/2020 - 23:02:37: [SM] Call stack trace:
L 11/29/2020 - 23:02:37: [SM]   [1] Line 202, restrictinc/events.sp::CS_OnBuyCommand
L 11/29/2020 - 23:03:06: [SM] Exception reported: Array index out-of-bounds (index 64, limit 55)
L 11/29/2020 - 23:03:06: [SM] Blaming: weapon_restrict.smx
L 11/29/2020 - 23:03:06: [SM] Call stack trace:
L 11/29/2020 - 23:03:06: [SM]   [1] Line 202, restrictinc/events.sp::CS_OnBuyCommand
L 11/29/2020 - 23:03:15: [SM] Exception reported: Array index out-of-bounds (index 64, limit 55)
L 11/29/2020 - 23:03:15: [SM] Blaming: weapon_restrict.smx
L 11/29/2020 - 23:03:15: [SM] Call stack trace:
L 11/29/2020 - 23:03:15: [SM]   [1] Line 202, restrictinc/events.sp::CS_OnBuyCommand
L 11/29/2020 - 23:03:44: [SM] Exception reported: Array index out-of-bounds (index 64, limit 55)
L 11/29/2020 - 23:03:44: [SM] Blaming: weapon_restrict.smx
L 11/29/2020 - 23:03:44: [SM] Call stack trace:
L 11/29/2020 - 23:03:44: [SM]   [1] Line 202, restrictinc/events.sp::CS_OnBuyCommand
L 11/29/2020 - 23:03:47: [SM] Exception reported: Array index out-of-bounds (index 64, limit 55)
L 11/29/2020 - 23:03:47: [SM] Blaming: weapon_restrict.smx
L 11/29/2020 - 23:03:47: [SM] Call stack trace:
L 11/29/2020 - 23:03:47: [SM]   [1] Line 202, restrictinc/events.sp::CS_OnBuyCommand
L 11/29/2020 - 23:04:26: [SM] Exception reported: Array index out-of-bounds (index 64, limit 55)
L 11/29/2020 - 23:04:26: [SM] Blaming: weapon_restrict.smx
L 11/29/2020 - 23:04:26: [SM] Call stack trace:
L 11/29/2020 - 23:04:26: [SM]   [1] Line 202, restrictinc/events.sp::CS_OnBuyCommand
L 11/29/2020 - 23:06:24: [SM] Exception reported: Array index out-of-bounds (index 64, limit 55)
L 11/29/2020 - 23:06:24: [SM] Blaming: weapon_restrict.smx
L 11/29/2020 - 23:06:24: [SM] Call stack trace:
L 11/29/2020 - 23:06:24: [SM]   [1] Line 202, restrictinc/events.sp::CS_OnBuyCommand
L 11/29/2020 - 23:06:50: [SM] Exception reported: Array index out-of-bounds (index 64, limit 55)
L 11/29/2020 - 23:06:50: [SM] Blaming: weapon_restrict.smx
L 11/29/2020 - 23:06:50: [SM] Call stack trace:
L 11/29/2020 - 23:06:50: [SM]   [1] Line 202, restrictinc/events.sp::CS_OnBuyCommand
L 11/29/2020 - 23:06:51: [SM] Exception reported: Array index out-of-bounds (index 64, limit 55)
L 11/29/2020 - 23:06:51: [SM] Blaming: weapon_restrict.smx
L 11/29/2020 - 23:06:51: [SM] Call stack trace:
L 11/29/2020 - 23:06:51: [SM]   [1] Line 202, restrictinc/events.sp::CS_OnBuyCommand
L 11/29/2020 - 23:09:54: [SM] Exception reported: Array index out-of-bounds (index 64, limit 55)
L 11/29/2020 - 23:09:54: [SM] Blaming: weapon_restrict.smx
L 11/29/2020 - 23:09:54: [SM] Call stack trace:
L 11/29/2020 - 23:09:54: [SM]   [1] Line 202, restrictinc/events.sp::CS_OnBuyCommand
L 11/29/2020 - 23:10:13: [SM] Exception reported: Array index out-of-bounds (index 64, limit 55)
L 11/29/2020 - 23:10:13: [SM] Blaming: weapon_restrict.smx
L 11/29/2020 - 23:10:13: [SM] Call stack trace:
L 11/29/2020 - 23:10:13: [SM]   [1] Line 202, restrictinc/events.sp::CS_OnBuyCommand
L 11/29/2020 - 23:11:09: [SM] Exception reported: Array index out-of-bounds (index 64, limit 55)
L 11/29/2020 - 23:11:09: [SM] Blaming: weapon_restrict.smx
L 11/29/2020 - 23:11:09: [SM] Call stack trace:
L 11/29/2020 - 23:11:09: [SM]   [1] Line 202, restrictinc/events.sp::CS_OnBuyCommand
L 11/29/2020 - 23:13:15: [SM] Exception reported: Array index out-of-bounds (index 64, limit 55)
L 11/29/2020 - 23:13:15: [SM] Blaming: weapon_restrict.smx
L 11/29/2020 - 23:13:15: [SM] Call stack trace:
L 11/29/2020 - 23:13:15: [SM]   [1] Line 202, restrictinc/events.sp::CS_OnBuyCommand
L 11/29/2020 - 23:13:15: [SM] Exception reported: Array index out-of-bounds (index 64, limit 55)
L 11/29/2020 - 23:13:15: [SM] Blaming: weapon_restrict.smx
L 11/29/2020 - 23:13:15: [SM] Call stack trace:
L 11/29/2020 - 23:13:15: [SM]   [1] Line 202, restrictinc/events.sp::CS_OnBuyCommand
L 11/29/2020 - 23:13:20: [SM] Exception reported: Array index out-of-bounds (index 64, limit 55)
L 11/29/2020 - 23:13:20: [SM] Blaming: weapon_restrict.smx
L 11/29/2020 - 23:13:20: [SM] Call stack trace:
L 11/29/2020 - 23:13:20: [SM]   [1] Line 202, restrictinc/events.sp::CS_OnBuyCommand
L 11/29/2020 - 23:14:01: [SM] Exception reported: Language phrase "Player_Connected_From" not found (arg 3)
L 11/29/2020 - 23:14:01: [SM] Blaming: advadmin.smx
L 11/29/2020 - 23:14:01: [SM] Call stack trace:
L 11/29/2020 - 23:14:01: [SM]   [0] VFormat
L 11/29/2020 - 23:14:01: [SM]   [1] Line 386, /groups/sourcemod/compiler-1.10/include/halflife.inc::PrintToChatAll
L 11/29/2020 - 23:14:01: [SM]   [2] Line 141, /home/groups/sourcemod/upload_tmp/phpRYtiXm.sp::OnClientAuthorized
L 11/29/2020 - 23:14:03: [SM] Exception reported: Array index out-of-bounds (index 64, limit 55)
L 11/29/2020 - 23:14:03: [SM] Blaming: weapon_restrict.smx
L 11/29/2020 - 23:14:03: [SM] Call stack trace:
L 11/29/2020 - 23:14:03: [SM]   [1] Line 202, restrictinc/events.sp::CS_OnBuyCommand
L 11/29/2020 - 23:14:09: [SM] Exception reported: Array index out-of-bounds (index 64, limit 55)
L 11/29/2020 - 23:14:09: [SM] Blaming: weapon_restrict.smx
L 11/29/2020 - 23:14:09: [SM] Call stack trace:
L 11/29/2020 - 23:14:09: [SM]   [1] Line 202, restrictinc/events.sp::CS_OnBuyCommand
L 11/29/2020 - 23:14:56: [SM] Exception reported: Array index out-of-bounds (index 64, limit 55)
L 11/29/2020 - 23:14:56: [SM] Blaming: weapon_restrict.smx
L 11/29/2020 - 23:14:56: [SM] Call stack trace:
L 11/29/2020 - 23:14:56: [SM]   [1] Line 202, restrictinc/events.sp::CS_OnBuyCommand
L 11/29/2020 - 23:15:04: [SM] Exception reported: Array index out-of-bounds (index 64, limit 55)
L 11/29/2020 - 23:15:04: [SM] Blaming: weapon_restrict.smx
L 11/29/2020 - 23:15:04: [SM] Call stack trace:
L 11/29/2020 - 23:15:04: [SM]   [1] Line 202, restrictinc/events.sp::CS_OnBuyCommand
L 11/29/2020 - 23:15:08: [SM] Exception reported: Array index out-of-bounds (index 64, limit 55)
L 11/29/2020 - 23:15:08: [SM] Blaming: weapon_restrict.smx
L 11/29/2020 - 23:15:08: [SM] Call stack trace:
L 11/29/2020 - 23:15:08: [SM]   [1] Line 202, restrictinc/events.sp::CS_OnBuyCommand
L 11/29/2020 - 23:16:08: [SM] Exception reported: Language phrase "Player_Connected" not found (arg 3)
L 11/29/2020 - 23:16:08: [SM] Blaming: advadmin.smx
L 11/29/2020 - 23:16:08: [SM] Call stack trace:
L 11/29/2020 - 23:16:08: [SM]   [0] VFormat
L 11/29/2020 - 23:16:08: [SM]   [1] Line 386, /groups/sourcemod/compiler-1.10/include/halflife.inc::PrintToChatAll
L 11/29/2020 - 23:16:08: [SM]   [2] Line 145, /home/groups/sourcemod/upload_tmp/phpRYtiXm.sp::OnClientAuthorized
L 11/29/2020 - 23:18:58: [SM] Exception reported: Language phrase "Player_Connected_From" not found (arg 3)
L 11/29/2020 - 23:18:58: [SM] Blaming: advadmin.smx
L 11/29/2020 - 23:18:58: [SM] Call stack trace:
L 11/29/2020 - 23:18:58: [SM]   [0] VFormat
L 11/29/2020 - 23:18:58: [SM]   [1] Line 386, /groups/sourcemod/compiler-1.10/include/halflife.inc::PrintToChatAll
L 11/29/2020 - 23:18:58: [SM]   [2] Line 141, /home/groups/sourcemod/upload_tmp/phpRYtiXm.sp::OnClientAuthorized
L 11/29/2020 - 23:18:59: [SM] Exception reported: Language phrase "Player_Connected_From" not found (arg 3)
L 11/29/2020 - 23:18:59: [SM] Blaming: advadmin.smx
L 11/29/2020 - 23:18:59: [SM] Call stack trace:
L 11/29/2020 - 23:18:59: [SM]   [0] VFormat
L 11/29/2020 - 23:18:59: [SM]   [1] Line 386, /groups/sourcemod/compiler-1.10/include/halflife.inc::PrintToChatAll
L 11/29/2020 - 23:18:59: [SM]   [2] Line 141, /home/groups/sourcemod/upload_tmp/phpRYtiXm.sp::OnClientAuthorized
L 11/29/2020 - 23:19:16: [SM] Exception reported: Array index out-of-bounds (index 64, limit 55)
L 11/29/2020 - 23:19:16: [SM] Blaming: weapon_restrict.smx
L 11/29/2020 - 23:19:16: [SM] Call stack trace:
L 11/29/2020 - 23:19:16: [SM]   [1] Line 202, restrictinc/events.sp::CS_OnBuyCommand
L 11/29/2020 - 23:19:23: [SM] Exception reported: Array index out-of-bounds (index 64, limit 55)
L 11/29/2020 - 23:19:23: [SM] Blaming: weapon_restrict.smx
L 11/29/2020 - 23:19:23: [SM] Call stack trace:
L 11/29/2020 - 23:19:23: [SM]   [1] Line 202, restrictinc/events.sp::CS_OnBuyCommand
L 11/29/2020 - 23:19:47: [SM] Exception reported: Array index out-of-bounds (index 64, limit 55)
L 11/29/2020 - 23:19:47: [SM] Blaming: weapon_restrict.smx
L 11/29/2020 - 23:19:47: [SM] Call stack trace:
L 11/29/2020 - 23:19:47: [SM]   [1] Line 202, restrictinc/events.sp::CS_OnBuyCommand
L 11/29/2020 - 23:20:33: [SM] Exception reported: Array index out-of-bounds (index 64, limit 55)
L 11/29/2020 - 23:20:33: [SM] Blaming: weapon_restrict.smx
L 11/29/2020 - 23:20:33: [SM] Call stack trace:
L 11/29/2020 - 23:20:33: [SM]   [1] Line 202, restrictinc/events.sp::CS_OnBuyCommand
L 11/29/2020 - 23:21:08: [SM] Exception reported: Array index out-of-bounds (index 64, limit 55)
L 11/29/2020 - 23:21:08: [SM] Blaming: weapon_restrict.smx
L 11/29/2020 - 23:21:08: [SM] Call stack trace:
L 11/29/2020 - 23:21:08: [SM]   [1] Line 202, restrictinc/events.sp::CS_OnBuyCommand
L 11/29/2020 - 23:21:37: [SM] Exception reported: Language phrase "Player_Connected_From" not found (arg 3)
L 11/29/2020 - 23:21:37: [SM] Blaming: advadmin.smx
L 11/29/2020 - 23:21:37: [SM] Call stack trace:
L 11/29/2020 - 23:21:37: [SM]   [0] VFormat
L 11/29/2020 - 23:21:37: [SM]   [1] Line 386, /groups/sourcemod/compiler-1.10/include/halflife.inc::PrintToChatAll
L 11/29/2020 - 23:21:37: [SM]   [2] Line 141, /home/groups/sourcemod/upload_tmp/phpRYtiXm.sp::OnClientAuthorized
L 11/29/2020 - 23:22:07: [SM] Exception reported: Array index out-of-bounds (index 64, limit 55)
L 11/29/2020 - 23:22:07: [SM] Blaming: weapon_restrict.smx
L 11/29/2020 - 23:22:07: [SM] Call stack trace:
L 11/29/2020 - 23:22:07: [SM]   [1] Line 202, restrictinc/events.sp::CS_OnBuyCommand
L 11/29/2020 - 23:24:11: [SM] Exception reported: Array index out-of-bounds (index 64, limit 55)
L 11/29/2020 - 23:24:11: [SM] Blaming: weapon_restrict.smx
L 11/29/2020 - 23:24:11: [SM] Call stack trace:
L 11/29/2020 - 23:24:11: [SM]   [1] Line 202, restrictinc/events.sp::CS_OnBuyCommand
L 11/29/2020 - 23:24:23: [SM] Exception reported: Language phrase "Player_Connected_From" not found (arg 3)
L 11/29/2020 - 23:24:23: [SM] Blaming: advadmin.smx
L 11/29/2020 - 23:24:23: [SM] Call stack trace:
L 11/29/2020 - 23:24:23: [SM]   [0] VFormat
L 11/29/2020 - 23:24:23: [SM]   [1] Line 386, /groups/sourcemod/compiler-1.10/include/halflife.inc::PrintToChatAll
L 11/29/2020 - 23:24:23: [SM]   [2] Line 141, /home/groups/sourcemod/upload_tmp/phpRYtiXm.sp::OnClientAuthorized
L 11/29/2020 - 23:24:32: [SM] Exception reported: Array index out-of-bounds (index 64, limit 55)
L 11/29/2020 - 23:24:32: [SM] Blaming: weapon_restrict.smx
L 11/29/2020 - 23:24:32: [SM] Call stack trace:
L 11/29/2020 - 23:24:32: [SM]   [1] Line 202, restrictinc/events.sp::CS_OnBuyCommand
L 11/29/2020 - 23:25:49: [SM] Exception reported: Language phrase "Player_Connected_From" not found (arg 3)
L 11/29/2020 - 23:25:49: [SM] Blaming: advadmin.smx
L 11/29/2020 - 23:25:49: [SM] Call stack trace:
L 11/29/2020 - 23:25:49: [SM]   [0] VFormat
L 11/29/2020 - 23:25:49: [SM]   [1] Line 386, /groups/sourcemod/compiler-1.10/include/halflife.inc::PrintToChatAll
L 11/29/2020 - 23:25:49: [SM]   [2] Line 141, /home/groups/sourcemod/upload_tmp/phpRYtiXm.sp::OnClientAuthorized
L 11/29/2020 - 23:25:58: [SM] Exception reported: Array index out-of-bounds (index 64, limit 55)
L 11/29/2020 - 23:25:58: [SM] Blaming: weapon_restrict.smx
L 11/29/2020 - 23:25:58: [SM] Call stack trace:
L 11/29/2020 - 23:25:58: [SM]   [1] Line 202, restrictinc/events.sp::CS_OnBuyCommand
L 11/29/2020 - 23:26:05: [SM] Exception reported: Array index out-of-bounds (index 64, limit 55)
L 11/29/2020 - 23:26:05: [SM] Blaming: weapon_restrict.smx
L 11/29/2020 - 23:26:05: [SM] Call stack trace:
L 11/29/2020 - 23:26:05: [SM]   [1] Line 202, restrictinc/events.sp::CS_OnBuyCommand
L 11/29/2020 - 23:26:08: [SM] Exception reported: Language phrase "Player_Connected" not found (arg 3)
L 11/29/2020 - 23:26:08: [SM] Blaming: advadmin.smx
L 11/29/2020 - 23:26:08: [SM] Call stack trace:
L 11/29/2020 - 23:26:08: [SM]   [0] VFormat
L 11/29/2020 - 23:26:08: [SM]   [1] Line 386, /groups/sourcemod/compiler-1.10/include/halflife.inc::PrintToChatAll
L 11/29/2020 - 23:26:08: [SM]   [2] Line 145, /home/groups/sourcemod/upload_tmp/phpRYtiXm.sp::OnClientAuthorized
L 11/29/2020 - 23:26:08: [SM] Exception reported: Array index out-of-bounds (index 64, limit 55)
L 11/29/2020 - 23:26:08: [SM] Blaming: weapon_restrict.smx
L 11/29/2020 - 23:26:08: [SM] Call stack trace:
L 11/29/2020 - 23:26:08: [SM]   [1] Line 202, restrictinc/events.sp::CS_OnBuyCommand
L 11/29/2020 - 23:26:25: [SM] Exception reported: Language phrase "Player_Connected" not found (arg 3)
L 11/29/2020 - 23:26:25: [SM] Blaming: advadmin.smx
L 11/29/2020 - 23:26:25: [SM] Call stack trace:
L 11/29/2020 - 23:26:25: [SM]   [0] VFormat
L 11/29/2020 - 23:26:25: [SM]   [1] Line 386, /groups/sourcemod/compiler-1.10/include/halflife.inc::PrintToChatAll
L 11/29/2020 - 23:26:25: [SM]   [2] Line 145, /home/groups/sourcemod/upload_tmp/phpRYtiXm.sp::OnClientAuthorized
L 11/29/2020 - 23:26:41: [SM] Exception reported: Array index out-of-bounds (index 64, limit 55)
L 11/29/2020 - 23:26:41: [SM] Blaming: weapon_restrict.smx
L 11/29/2020 - 23:26:41: [SM] Call stack trace:
L 11/29/2020 - 23:26:41: [SM]   [1] Line 202, restrictinc/events.sp::CS_OnBuyCommand
L 11/29/2020 - 23:27:07: [SM] Exception reported: Array index out-of-bounds (index 64, limit 55)
L 11/29/2020 - 23:27:07: [SM] Blaming: weapon_restrict.smx
L 11/29/2020 - 23:27:07: [SM] Call stack trace:
L 11/29/2020 - 23:27:07: [SM]   [1] Line 202, restrictinc/events.sp::CS_OnBuyCommand
L 11/29/2020 - 23:27:09: [SM] Exception reported: Array index out-of-bounds (index 64, limit 55)
L 11/29/2020 - 23:27:09: [SM] Blaming: weapon_restrict.smx
L 11/29/2020 - 23:27:09: [SM] Call stack trace:
L 11/29/2020 - 23:27:09: [SM]   [1] Line 202, restrictinc/events.sp::CS_OnBuyCommand
L 11/29/2020 - 23:27:30: [SM] Exception reported: Array index out-of-bounds (index 64, limit 55)
L 11/29/2020 - 23:27:30: [SM] Blaming: weapon_restrict.smx
L 11/29/2020 - 23:27:30: [SM] Call stack trace:
L 11/29/2020 - 23:27:30: [SM]   [1] Line 202, restrictinc/events.sp::CS_OnBuyCommand
L 11/29/2020 - 23:27:32: [SM] Exception reported: Array index out-of-bounds (index 64, limit 55)
L 11/29/2020 - 23:27:32: [SM] Blaming: weapon_restrict.smx
L 11/29/2020 - 23:27:32: [SM] Call stack trace:
L 11/29/2020 - 23:27:32: [SM]   [1] Line 202, restrictinc/events.sp::CS_OnBuyCommand
L 11/29/2020 - 23:27:47: [SM] Exception reported: Array index out-of-bounds (index 64, limit 55)
L 11/29/2020 - 23:27:47: [SM] Blaming: weapon_restrict.smx
L 11/29/2020 - 23:27:47: [SM] Call stack trace:
L 11/29/2020 - 23:27:47: [SM]   [1] Line 202, restrictinc/events.sp::CS_OnBuyCommand
L 11/29/2020 - 23:27:47: [SM] Exception reported: Array index out-of-bounds (index 64, limit 55)
L 11/29/2020 - 23:27:47: [SM] Blaming: weapon_restrict.smx
L 11/29/2020 - 23:27:47: [SM] Call stack trace:
L 11/29/2020 - 23:27:47: [SM]   [1] Line 202, restrictinc/events.sp::CS_OnBuyCommand
L 11/29/2020 - 23:28:58: [SM] Exception reported: Array index out-of-bounds (index 64, limit 55)
L 11/29/2020 - 23:28:58: [SM] Blaming: weapon_restrict.smx
L 11/29/2020 - 23:28:58: [SM] Call stack trace:
L 11/29/2020 - 23:28:58: [SM]   [1] Line 202, restrictinc/events.sp::CS_OnBuyCommand
L 11/29/2020 - 23:29:36: [SM] Exception reported: Array index out-of-bounds (index 64, limit 55)
L 11/29/2020 - 23:29:36: [SM] Blaming: weapon_restrict.smx
L 11/29/2020 - 23:29:36: [SM] Call stack trace:
L 11/29/2020 - 23:29:36: [SM]   [1] Line 202, restrictinc/events.sp::CS_OnBuyCommand
L 11/29/2020 - 23:29:36: [SM] Exception reported: Array index out-of-bounds (index 64, limit 55)
L 11/29/2020 - 23:29:36: [SM] Blaming: weapon_restrict.smx
L 11/29/2020 - 23:29:36: [SM] Call stack trace:
L 11/29/2020 - 23:29:36: [SM]   [1] Line 202, restrictinc/events.sp::CS_OnBuyCommand
L 11/29/2020 - 23:30:04: [SM] Exception reported: Array index out-of-bounds (index 64, limit 55)
L 11/29/2020 - 23:30:04: [SM] Blaming: weapon_restrict.smx
L 11/29/2020 - 23:30:04: [SM] Call stack trace:
L 11/29/2020 - 23:30:04: [SM]   [1] Line 202, restrictinc/events.sp::CS_OnBuyCommand
L 11/29/2020 - 23:30:45: [SM] Exception reported: Array index out-of-bounds (index 64, limit 55)
L 11/29/2020 - 23:30:45: [SM] Blaming: weapon_restrict.smx
L 11/29/2020 - 23:30:45: [SM] Call stack trace:
L 11/29/2020 - 23:30:45: [SM]   [1] Line 202, restrictinc/events.sp::CS_OnBuyCommand
L 11/29/2020 - 23:30:53: [SM] Exception reported: Array index out-of-bounds (index 64, limit 55)
L 11/29/2020 - 23:30:53: [SM] Blaming: weapon_restrict.smx
L 11/29/2020 - 23:30:53: [SM] Call stack trace:
L 11/29/2020 - 23:30:53: [SM]   [1] Line 202, restrictinc/events.sp::CS_OnBuyCommand
L 11/29/2020 - 23:31:11: [SM] Exception reported: Array index out-of-bounds (index 64, limit 55)
L 11/29/2020 - 23:31:11: [SM] Blaming: weapon_restrict.smx
L 11/29/2020 - 23:31:11: [SM] Call stack trace:
L 11/29/2020 - 23:31:11: [SM]   [1] Line 202, restrictinc/events.sp::CS_OnBuyCommand
L 11/29/2020 - 23:31:25: [SM] Exception reported: Array index out-of-bounds (index 64, limit 55)
L 11/29/2020 - 23:31:25: [SM] Blaming: weapon_restrict.smx
L 11/29/2020 - 23:31:25: [SM] Call stack trace:
L 11/29/2020 - 23:31:25: [SM]   [1] Line 202, restrictinc/events.sp::CS_OnBuyCommand
L 11/29/2020 - 23:31:28: [SM] Exception reported: Array index out-of-bounds (index 64, limit 55)
L 11/29/2020 - 23:31:28: [SM] Blaming: weapon_restrict.smx
L 11/29/2020 - 23:31:28: [SM] Call stack trace:
L 11/29/2020 - 23:31:28: [SM]   [1] Line 202, restrictinc/events.sp::CS_OnBuyCommand
L 11/29/2020 - 23:32:53: [SM] Exception reported: Array index out-of-bounds (index 64, limit 55)
L 11/29/2020 - 23:32:53: [SM] Blaming: weapon_restrict.smx
L 11/29/2020 - 23:32:53: [SM] Call stack trace:
L 11/29/2020 - 23:32:53: [SM]   [1] Line 202, restrictinc/events.sp::CS_OnBuyCommand
L 11/29/2020 - 23:33:09: [SM] Exception reported: Array index out-of-bounds (index 64, limit 55)
L 11/29/2020 - 23:33:09: [SM] Blaming: weapon_restrict.smx
L 11/29/2020 - 23:33:09: [SM] Call stack trace:
L 11/29/2020 - 23:33:09: [SM]   [1] Line 202, restrictinc/events.sp::CS_OnBuyCommand
L 11/29/2020 - 23:33:14: [SM] Exception reported: Array index out-of-bounds (index 64, limit 55)
L 11/29/2020 - 23:33:14: [SM] Blaming: weapon_restrict.smx
L 11/29/2020 - 23:33:14: [SM] Call stack trace:
L 11/29/2020 - 23:33:14: [SM]   [1] Line 202, restrictinc/events.sp::CS_OnBuyCommand
L 11/29/2020 - 23:34:41: [SM] Exception reported: Array index out-of-bounds (index 64, limit 55)
L 11/29/2020 - 23:34:41: [SM] Blaming: weapon_restrict.smx
L 11/29/2020 - 23:34:41: [SM] Call stack trace:
L 11/29/2020 - 23:34:41: [SM]   [1] Line 202, restrictinc/events.sp::CS_OnBuyCommand
L 11/29/2020 - 23:35:23: [SM] Exception reported: Array index out-of-bounds (index 64, limit 55)
L 11/29/2020 - 23:35:23: [SM] Blaming: weapon_restrict.smx
L 11/29/2020 - 23:35:23: [SM] Call stack trace:
L 11/29/2020 - 23:35:23: [SM]   [1] Line 202, restrictinc/events.sp::CS_OnBuyCommand
L 11/29/2020 - 23:35:50: [SM] Exception reported: Array index out-of-bounds (index 64, limit 55)
L 11/29/2020 - 23:35:50: [SM] Blaming: weapon_restrict.smx
L 11/29/2020 - 23:35:50: [SM] Call stack trace:
L 11/29/2020 - 23:35:50: [SM]   [1] Line 202, restrictinc/events.sp::CS_OnBuyCommand
L 11/29/2020 - 23:36:47: [SM] Exception reported: Array index out-of-bounds (index 64, limit 55)
L 11/29/2020 - 23:36:47: [SM] Blaming: weapon_restrict.smx
L 11/29/2020 - 23:36:47: [SM] Call stack trace:
L 11/29/2020 - 23:36:47: [SM]   [1] Line 202, restrictinc/events.sp::CS_OnBuyCommand
L 11/29/2020 - 23:36:52: [SM] Exception reported: Array index out-of-bounds (index 64, limit 55)
L 11/29/2020 - 23:36:52: [SM] Blaming: weapon_restrict.smx
L 11/29/2020 - 23:36:52: [SM] Call stack trace:
L 11/29/2020 - 23:36:52: [SM]   [1] Line 202, restrictinc/events.sp::CS_OnBuyCommand
L 11/29/2020 - 23:37:13: [SM] Exception reported: Array index out-of-bounds (index 64, limit 55)
L 11/29/2020 - 23:37:13: [SM] Blaming: weapon_restrict.smx
L 11/29/2020 - 23:37:13: [SM] Call stack trace:
L 11/29/2020 - 23:37:13: [SM]   [1] Line 202, restrictinc/events.sp::CS_OnBuyCommand
L 11/29/2020 - 23:37:20: [SM] Exception reported: Array index out-of-bounds (index 64, limit 55)
L 11/29/2020 - 23:37:20: [SM] Blaming: weapon_restrict.smx
L 11/29/2020 - 23:37:20: [SM] Call stack trace:
L 11/29/2020 - 23:37:20: [SM]   [1] Line 202, restrictinc/events.sp::CS_OnBuyCommand
L 11/29/2020 - 23:37:55: [SM] Exception reported: Array index out-of-bounds (index 64, limit 55)
L 11/29/2020 - 23:37:55: [SM] Blaming: weapon_restrict.smx
L 11/29/2020 - 23:37:55: [SM] Call stack trace:
L 11/29/2020 - 23:37:55: [SM]   [1] Line 202, restrictinc/events.sp::CS_OnBuyCommand
L 11/29/2020 - 23:38:05: [SM] Exception reported: Array index out-of-bounds (index 64, limit 55)
L 11/29/2020 - 23:38:05: [SM] Blaming: weapon_restrict.smx
L 11/29/2020 - 23:38:05: [SM] Call stack trace:
L 11/29/2020 - 23:38:05: [SM]   [1] Line 202, restrictinc/events.sp::CS_OnBuyCommand
L 11/29/2020 - 23:38:32: [SM] Exception reported: Array index out-of-bounds (index 64, limit 55)
L 11/29/2020 - 23:38:32: [SM] Blaming: weapon_restrict.smx
L 11/29/2020 - 23:38:32: [SM] Call stack trace:
L 11/29/2020 - 23:38:32: [SM]   [1] Line 202, restrictinc/events.sp::CS_OnBuyCommand
L 11/29/2020 - 23:38:41: [SM] Exception reported: Array index out-of-bounds (index 64, limit 55)
L 11/29/2020 - 23:38:41: [SM] Blaming: weapon_restrict.smx
L 11/29/2020 - 23:38:41: [SM] Call stack trace:
L 11/29/2020 - 23:38:41: [SM]   [1] Line 202, restrictinc/events.sp::CS_OnBuyCommand
L 11/29/2020 - 23:39:17: [SM] Exception reported: Array index out-of-bounds (index 64, limit 55)
L 11/29/2020 - 23:39:17: [SM] Blaming: weapon_restrict.smx
L 11/29/2020 - 23:39:17: [SM] Call stack trace:
L 11/29/2020 - 23:39:17: [SM]   [1] Line 202, restrictinc/events.sp::CS_OnBuyCommand
L 11/29/2020 - 23:39:55: [SM] Exception reported: Array index out-of-bounds (index 64, limit 55)
L 11/29/2020 - 23:39:55: [SM] Blaming: weapon_restrict.smx
L 11/29/2020 - 23:39:55: [SM] Call stack trace:
L 11/29/2020 - 23:39:55: [SM]   [1] Line 202, restrictinc/events.sp::CS_OnBuyCommand
L 11/29/2020 - 23:40:42: [SM] Exception reported: Array index out-of-bounds (index 64, limit 55)
L 11/29/2020 - 23:40:42: [SM] Blaming: weapon_restrict.smx
L 11/29/2020 - 23:40:42: [SM] Call stack trace:
L 11/29/2020 - 23:40:42: [SM]   [1] Line 202, restrictinc/events.sp::CS_OnBuyCommand
L 11/29/2020 - 23:40:48: [SM] Exception reported: Array index out-of-bounds (index 64, limit 55)
L 11/29/2020 - 23:40:48: [SM] Blaming: weapon_restrict.smx
L 11/29/2020 - 23:40:48: [SM] Call stack trace:
L 11/29/2020 - 23:40:48: [SM]   [1] Line 202, restrictinc/events.sp::CS_OnBuyCommand
L 11/29/2020 - 23:40:56: [SM] Exception reported: Array index out-of-bounds (index 64, limit 55)
L 11/29/2020 - 23:40:56: [SM] Blaming: weapon_restrict.smx
L 11/29/2020 - 23:40:56: [SM] Call stack trace:
L 11/29/2020 - 23:40:56: [SM]   [1] Line 202, restrictinc/events.sp::CS_OnBuyCommand
L 11/29/2020 - 23:41:12: [SM] Exception reported: Array index out-of-bounds (index 64, limit 55)
L 11/29/2020 - 23:41:12: [SM] Blaming: weapon_restrict.smx
L 11/29/2020 - 23:41:12: [SM] Call stack trace:
L 11/29/2020 - 23:41:12: [SM]   [1] Line 202, restrictinc/events.sp::CS_OnBuyCommand
L 11/29/2020 - 23:41:25: [SM] Exception reported: Array index out-of-bounds (index 64, limit 55)
L 11/29/2020 - 23:41:25: [SM] Blaming: weapon_restrict.smx
L 11/29/2020 - 23:41:25: [SM] Call stack trace:
L 11/29/2020 - 23:41:25: [SM]   [1] Line 202, restrictinc/events.sp::CS_OnBuyCommand
L 11/29/2020 - 23:41:26: [SM] Exception reported: Array index out-of-bounds (index 64, limit 55)
L 11/29/2020 - 23:41:26: [SM] Blaming: weapon_restrict.smx
L 11/29/2020 - 23:41:26: [SM] Call stack trace:
L 11/29/2020 - 23:41:26: [SM]   [1] Line 202, restrictinc/events.sp::CS_OnBuyCommand
L 11/29/2020 - 23:41:44: [SM] Exception reported: Array index out-of-bounds (index 64, limit 55)
L 11/29/2020 - 23:41:44: [SM] Blaming: weapon_restrict.smx
L 11/29/2020 - 23:41:44: [SM] Call stack trace:
L 11/29/2020 - 23:41:44: [SM]   [1] Line 202, restrictinc/events.sp::CS_OnBuyCommand
L 11/29/2020 - 23:42:24: [SM] Exception reported: Language phrase "Player_Connected" not found (arg 3)
L 11/29/2020 - 23:42:24: [SM] Blaming: advadmin.smx
L 11/29/2020 - 23:42:24: [SM] Call stack trace:
L 11/29/2020 - 23:42:24: [SM]   [0] VFormat
L 11/29/2020 - 23:42:24: [SM]   [1] Line 386, /groups/sourcemod/compiler-1.10/include/halflife.inc::PrintToChatAll
L 11/29/2020 - 23:42:24: [SM]   [2] Line 145, /home/groups/sourcemod/upload_tmp/phpRYtiXm.sp::OnClientAuthorized
L 11/29/2020 - 23:42:24: [SM] Exception reported: Language phrase "Player_Connected" not found (arg 3)
L 11/29/2020 - 23:42:24: [SM] Blaming: advadmin.smx
L 11/29/2020 - 23:42:24: [SM] Call stack trace:
L 11/29/2020 - 23:42:24: [SM]   [0] VFormat
L 11/29/2020 - 23:42:24: [SM]   [1] Line 386, /groups/sourcemod/compiler-1.10/include/halflife.inc::PrintToChatAll
L 11/29/2020 - 23:42:24: [SM]   [2] Line 145, /home/groups/sourcemod/upload_tmp/phpRYtiXm.sp::OnClientAuthorized
L 11/29/2020 - 23:42:30: [SM] Exception reported: Language phrase "Player_Connected" not found (arg 3)
L 11/29/2020 - 23:42:30: [SM] Blaming: advadmin.smx
L 11/29/2020 - 23:42:30: [SM] Call stack trace:
L 11/29/2020 - 23:42:30: [SM]   [0] VFormat
L 11/29/2020 - 23:42:30: [SM]   [1] Line 386, /groups/sourcemod/compiler-1.10/include/halflife.inc::PrintToChatAll
L 11/29/2020 - 23:42:30: [SM]   [2] Line 145, /home/groups/sourcemod/upload_tmp/phpRYtiXm.sp::OnClientAuthorized
L 11/29/2020 - 23:42:31: [SM] Exception reported: Array index out-of-bounds (index 64, limit 55)
L 11/29/2020 - 23:42:31: [SM] Blaming: weapon_restrict.smx
L 11/29/2020 - 23:42:31: [SM] Call stack trace:
L 11/29/2020 - 23:42:31: [SM]   [1] Line 202, restrictinc/events.sp::CS_OnBuyCommand
L 11/29/2020 - 23:42:52: [SM] Exception reported: Array index out-of-bounds (index 64, limit 55)
L 11/29/2020 - 23:42:52: [SM] Blaming: weapon_restrict.smx
L 11/29/2020 - 23:42:52: [SM] Call stack trace:
L 11/29/2020 - 23:42:52: [SM]   [1] Line 202, restrictinc/events.sp::CS_OnBuyCommand
L 11/29/2020 - 23:42:56: [SM] Exception reported: Array index out-of-bounds (index 64, limit 55)
L 11/29/2020 - 23:42:56: [SM] Blaming: weapon_restrict.smx
L 11/29/2020 - 23:42:56: [SM] Call stack trace:
L 11/29/2020 - 23:42:56: [SM]   [1] Line 202, restrictinc/events.sp::CS_OnBuyCommand
L 11/29/2020 - 23:43:21: [SM] Exception reported: Array index out-of-bounds (index 64, limit 55)
L 11/29/2020 - 23:43:21: [SM] Blaming: weapon_restrict.smx
L 11/29/2020 - 23:43:21: [SM] Call stack trace:
L 11/29/2020 - 23:43:21: [SM]   [1] Line 202, restrictinc/events.sp::CS_OnBuyCommand
L 11/29/2020 - 23:43:42: [SM] Exception reported: Array index out-of-bounds (index 64, limit 55)
L 11/29/2020 - 23:43:42: [SM] Blaming: weapon_restrict.smx
L 11/29/2020 - 23:43:42: [SM] Call stack trace:
L 11/29/2020 - 23:43:42: [SM]   [1] Line 202, restrictinc/events.sp::CS_OnBuyCommand
L 11/29/2020 - 23:44:06: [SM] Exception reported: Array index out-of-bounds (index 64, limit 55)
L 11/29/2020 - 23:44:06: [SM] Blaming: weapon_restrict.smx
L 11/29/2020 - 23:44:06: [SM] Call stack trace:
L 11/29/2020 - 23:44:06: [SM]   [1] Line 202, restrictinc/events.sp::CS_OnBuyCommand
L 11/29/2020 - 23:44:11: [SM] Exception reported: Array index out-of-bounds (index 64, limit 55)
L 11/29/2020 - 23:44:11: [SM] Blaming: weapon_restrict.smx
L 11/29/2020 - 23:44:11: [SM] Call stack trace:
L 11/29/2020 - 23:44:11: [SM]   [1] Line 202, restrictinc/events.sp::CS_OnBuyCommand
L 11/29/2020 - 23:44:13: [SM] Exception reported: Array index out-of-bounds (index 64, limit 55)
L 11/29/2020 - 23:44:13: [SM] Blaming: weapon_restrict.smx
L 11/29/2020 - 23:44:13: [SM] Call stack trace:
L 11/29/2020 - 23:44:13: [SM]   [1] Line 202, restrictinc/events.sp::CS_OnBuyCommand
L 11/29/2020 - 23:44:16: [SM] Exception reported: Language phrase "Player_Connected_From" not found (arg 3)
L 11/29/2020 - 23:44:16: [SM] Blaming: advadmin.smx
L 11/29/2020 - 23:44:16: [SM] Call stack trace:
L 11/29/2020 - 23:44:16: [SM]   [0] VFormat
L 11/29/2020 - 23:44:16: [SM]   [1] Line 386, /groups/sourcemod/compiler-1.10/include/halflife.inc::PrintToChatAll
L 11/29/2020 - 23:44:16: [SM]   [2] Line 141, /home/groups/sourcemod/upload_tmp/phpRYtiXm.sp::OnClientAuthorized
L 11/29/2020 - 23:44:43: [SM] Exception reported: Array index out-of-bounds (index 64, limit 55)
L 11/29/2020 - 23:44:43: [SM] Blaming: weapon_restrict.smx
L 11/29/2020 - 23:44:43: [SM] Call stack trace:
L 11/29/2020 - 23:44:43: [SM]   [1] Line 202, restrictinc/events.sp::CS_OnBuyCommand
L 11/29/2020 - 23:44:51: [SM] Exception reported: Array index out-of-bounds (index 64, limit 55)
L 11/29/2020 - 23:44:51: [SM] Blaming: weapon_restrict.smx
L 11/29/2020 - 23:44:51: [SM] Call stack trace:
L 11/29/2020 - 23:44:51: [SM]   [1] Line 202, restrictinc/events.sp::CS_OnBuyCommand
L 11/29/2020 - 23:44:58: [SM] Exception reported: Array index out-of-bounds (index 64, limit 55)
L 11/29/2020 - 23:44:58: [SM] Blaming: weapon_restrict.smx
L 11/29/2020 - 23:44:58: [SM] Call stack trace:
L 11/29/2020 - 23:44:58: [SM]   [1] Line 202, restrictinc/events.sp::CS_OnBuyCommand
L 11/29/2020 - 23:45:09: [SM] Exception reported: Language phrase "Player_Connected_From" not found (arg 3)
L 11/29/2020 - 23:45:09: [SM] Blaming: advadmin.smx
L 11/29/2020 - 23:45:09: [SM] Call stack trace:
L 11/29/2020 - 23:45:09: [SM]   [0] VFormat
L 11/29/2020 - 23:45:09: [SM]   [1] Line 386, /groups/sourcemod/compiler-1.10/include/halflife.inc::PrintToChatAll
L 11/29/2020 - 23:45:09: [SM]   [2] Line 141, /home/groups/sourcemod/upload_tmp/phpRYtiXm.sp::OnClientAuthorized
L 11/29/2020 - 23:45:25: [SM] Exception reported: Array index out-of-bounds (index 64, limit 55)
L 11/29/2020 - 23:45:25: [SM] Blaming: weapon_restrict.smx
L 11/29/2020 - 23:45:25: [SM] Call stack trace:
L 11/29/2020 - 23:45:25: [SM]   [1] Line 202, restrictinc/events.sp::CS_OnBuyCommand
L 11/29/2020 - 23:46:02: [SM] Exception reported: Array index out-of-bounds (index 64, limit 55)
L 11/29/2020 - 23:46:02: [SM] Blaming: weapon_restrict.smx
L 11/29/2020 - 23:46:02: [SM] Call stack trace:
L 11/29/2020 - 23:46:02: [SM]   [1] Line 202, restrictinc/events.sp::CS_OnBuyCommand
L 11/29/2020 - 23:47:04: [SM] Exception reported: Array index out-of-bounds (index 64, limit 55)
L 11/29/2020 - 23:47:04: [SM] Blaming: weapon_restrict.smx
L 11/29/2020 - 23:47:04: [SM] Call stack trace:
L 11/29/2020 - 23:47:04: [SM]   [1] Line 202, restrictinc/events.sp::CS_OnBuyCommand
L 11/29/2020 - 23:47:13: [SM] Exception reported: Array index out-of-bounds (index 64, limit 55)
L 11/29/2020 - 23:47:13: [SM] Blaming: weapon_restrict.smx
L 11/29/2020 - 23:47:13: [SM] Call stack trace:
L 11/29/2020 - 23:47:13: [SM]   [1] Line 202, restrictinc/events.sp::CS_OnBuyCommand
L 11/29/2020 - 23:47:31: [SM] Exception reported: Array index out-of-bounds (index 64, limit 55)
L 11/29/2020 - 23:47:31: [SM] Blaming: weapon_restrict.smx
L 11/29/2020 - 23:47:31: [SM] Call stack trace:
L 11/29/2020 - 23:47:31: [SM]   [1] Line 202, restrictinc/events.sp::CS_OnBuyCommand
L 11/29/2020 - 23:47:51: [SM] Exception reported: Array index out-of-bounds (index 64, limit 55)
L 11/29/2020 - 23:47:51: [SM] Blaming: weapon_restrict.smx
L 11/29/2020 - 23:47:51: [SM] Call stack trace:
L 11/29/2020 - 23:47:51: [SM]   [1] Line 202, restrictinc/events.sp::CS_OnBuyCommand
L 11/29/2020 - 23:47:54: [SM] Exception reported: Array index out-of-bounds (index 64, limit 55)
L 11/29/2020 - 23:47:54: [SM] Blaming: weapon_restrict.smx
L 11/29/2020 - 23:47:54: [SM] Call stack trace:
L 11/29/2020 - 23:47:54: [SM]   [1] Line 202, restrictinc/events.sp::CS_OnBuyCommand
L 11/29/2020 - 23:48:53: [SM] Exception reported: Array index out-of-bounds (index 64, limit 55)
L 11/29/2020 - 23:48:53: [SM] Blaming: weapon_restrict.smx
L 11/29/2020 - 23:48:53: [SM] Call stack trace:
L 11/29/2020 - 23:48:53: [SM]   [1] Line 202, restrictinc/events.sp::CS_OnBuyCommand
L 11/29/2020 - 23:49:09: [SM] Exception reported: Array index out-of-bounds (index 64, limit 55)
L 11/29/2020 - 23:49:09: [SM] Blaming: weapon_restrict.smx
L 11/29/2020 - 23:49:09: [SM] Call stack trace:
L 11/29/2020 - 23:49:09: [SM]   [1] Line 202, restrictinc/events.sp::CS_OnBuyCommand
L 11/29/2020 - 23:49:40: [SM] Exception reported: Array index out-of-bounds (index 64, limit 55)
L 11/29/2020 - 23:49:40: [SM] Blaming: weapon_restrict.smx
L 11/29/2020 - 23:49:40: [SM] Call stack trace:
L 11/29/2020 - 23:49:40: [SM]   [1] Line 202, restrictinc/events.sp::CS_OnBuyCommand
L 11/29/2020 - 23:50:12: [SM] Exception reported: Array index out-of-bounds (index 64, limit 55)
L 11/29/2020 - 23:50:12: [SM] Blaming: weapon_restrict.smx
L 11/29/2020 - 23:50:12: [SM] Call stack trace:
L 11/29/2020 - 23:50:12: [SM]   [1] Line 202, restrictinc/events.sp::CS_OnBuyCommand
L 11/29/2020 - 23:50:14: [SM] Exception reported: Array index out-of-bounds (index 64, limit 55)
L 11/29/2020 - 23:50:14: [SM] Blaming: weapon_restrict.smx
L 11/29/2020 - 23:50:14: [SM] Call stack trace:
L 11/29/2020 - 23:50:14: [SM]   [1] Line 202, restrictinc/events.sp::CS_OnBuyCommand
L 11/29/2020 - 23:51:22: [SM] Exception reported: Array index out-of-bounds (index 64, limit 55)
L 11/29/2020 - 23:51:22: [SM] Blaming: weapon_restrict.smx
L 11/29/2020 - 23:51:22: [SM] Call stack trace:
L 11/29/2020 - 23:51:22: [SM]   [1] Line 202, restrictinc/events.sp::CS_OnBuyCommand
L 11/29/2020 - 23:51:51: [SM] Exception reported: Array index out-of-bounds (index 64, limit 55)
L 11/29/2020 - 23:51:51: [SM] Blaming: weapon_restrict.smx
L 11/29/2020 - 23:51:51: [SM] Call stack trace:
L 11/29/2020 - 23:51:51: [SM]   [1] Line 202, restrictinc/events.sp::CS_OnBuyCommand
L 11/29/2020 - 23:51:59: [SM] Exception reported: Array index out-of-bounds (index 64, limit 55)
L 11/29/2020 - 23:51:59: [SM] Blaming: weapon_restrict.smx
L 11/29/2020 - 23:51:59: [SM] Call stack trace:
L 11/29/2020 - 23:51:59: [SM]   [1] Line 202, restrictinc/events.sp::CS_OnBuyCommand
L 11/29/2020 - 23:52:05: [SM] Exception reported: Array index out-of-bounds (index 64, limit 55)
L 11/29/2020 - 23:52:05: [SM] Blaming: weapon_restrict.smx
L 11/29/2020 - 23:52:05: [SM] Call stack trace:
L 11/29/2020 - 23:52:05: [SM]   [1] Line 202, restrictinc/events.sp::CS_OnBuyCommand
L 11/29/2020 - 23:52:14: [SM] Exception reported: Array index out-of-bounds (index 64, limit 55)
L 11/29/2020 - 23:52:14: [SM] Blaming: weapon_restrict.smx
L 11/29/2020 - 23:52:14: [SM] Call stack trace:
L 11/29/2020 - 23:52:14: [SM]   [1] Line 202, restrictinc/events.sp::CS_OnBuyCommand
L 11/29/2020 - 23:52:44: Error log file session closed.
L 11/29/2020 - 23:52:44: SourceMod error session started
L 11/29/2020 - 23:52:44: Info (map "de_overpass") (file "/home/tcagame/jackm1/527/csgo/addons/sourcemod/logs/errors_20201129.log")
L 11/29/2020 - 23:52:44: [SM] Fatal error encountered parsing translation file "advadmin.phrases.txt"
L 11/29/2020 - 23:52:44: [SM] Error (line 0, column 0): Stream failed to open
L 11/29/2020 - 23:52:58: [SM] Exception reported: Array index out-of-bounds (index 64, limit 55)
L 11/29/2020 - 23:52:58: [SM] Blaming: weapon_restrict.smx
L 11/29/2020 - 23:52:58: [SM] Call stack trace:
L 11/29/2020 - 23:52:58: [SM]   [1] Line 202, restrictinc/events.sp::CS_OnBuyCommand
L 11/29/2020 - 23:53:29: [SM] Exception reported: Language phrase "Player_Connected" not found (arg 3)
L 11/29/2020 - 23:53:29: [SM] Blaming: advadmin.smx
L 11/29/2020 - 23:53:29: [SM] Call stack trace:
L 11/29/2020 - 23:53:29: [SM]   [0] VFormat
L 11/29/2020 - 23:53:29: [SM]   [1] Line 386, /groups/sourcemod/compiler-1.10/include/halflife.inc::PrintToChatAll
L 11/29/2020 - 23:53:29: [SM]   [2] Line 145, /home/groups/sourcemod/upload_tmp/phpRYtiXm.sp::OnClientAuthorized
L 11/29/2020 - 23:54:02: [SM] Exception reported: Language phrase "Player_Connected_From" not found (arg 3)
L 11/29/2020 - 23:54:02: [SM] Blaming: advadmin.smx
L 11/29/2020 - 23:54:02: [SM] Call stack trace:
L 11/29/2020 - 23:54:02: [SM]   [0] VFormat
L 11/29/2020 - 23:54:02: [SM]   [1] Line 386, /groups/sourcemod/compiler-1.10/include/halflife.inc::PrintToChatAll
L 11/29/2020 - 23:54:02: [SM]   [2] Line 141, /home/groups/sourcemod/upload_tmp/phpRYtiXm.sp::OnClientAuthorized
L 11/29/2020 - 23:55:37: [SM] Exception reported: Array index out-of-bounds (index 64, limit 55)
L 11/29/2020 - 23:55:37: [SM] Blaming: weapon_restrict.smx
L 11/29/2020 - 23:55:37: [SM] Call stack trace:
L 11/29/2020 - 23:55:37: [SM]   [1] Line 202, restrictinc/events.sp::CS_OnBuyCommand
L 11/29/2020 - 23:55:56: [SM] Exception reported: Array index out-of-bounds (index 64, limit 55)
L 11/29/2020 - 23:55:56: [SM] Blaming: weapon_restrict.smx
L 11/29/2020 - 23:55:56: [SM] Call stack trace:
L 11/29/2020 - 23:55:56: [SM]   [1] Line 202, restrictinc/events.sp::CS_OnBuyCommand
L 11/29/2020 - 23:56:57: [SM] Exception reported: Array index out-of-bounds (index 64, limit 55)
L 11/29/2020 - 23:56:57: [SM] Blaming: weapon_restrict.smx
L 11/29/2020 - 23:56:57: [SM] Call stack trace:
L 11/29/2020 - 23:56:57: [SM]   [1] Line 202, restrictinc/events.sp::CS_OnBuyCommand
L 11/29/2020 - 23:57:00: [SM] Exception reported: Array index out-of-bounds (index 64, limit 55)
L 11/29/2020 - 23:57:00: [SM] Blaming: weapon_restrict.smx
L 11/29/2020 - 23:57:00: [SM] Call stack trace:
L 11/29/2020 - 23:57:00: [SM]   [1] Line 202, restrictinc/events.sp::CS_OnBuyCommand
L 11/29/2020 - 23:57:01: [SM] Exception reported: Array index out-of-bounds (index 64, limit 55)
L 11/29/2020 - 23:57:01: [SM] Blaming: weapon_restrict.smx
L 11/29/2020 - 23:57:01: [SM] Call stack trace:
L 11/29/2020 - 23:57:01: [SM]   [1] Line 202, restrictinc/events.sp::CS_OnBuyCommand
L 11/29/2020 - 23:57:03: [SM] Exception reported: Array index out-of-bounds (index 64, limit 55)
L 11/29/2020 - 23:57:03: [SM] Blaming: weapon_restrict.smx
L 11/29/2020 - 23:57:03: [SM] Call stack trace:
L 11/29/2020 - 23:57:03: [SM]   [1] Line 202, restrictinc/events.sp::CS_OnBuyCommand
L 11/29/2020 - 23:57:06: [SM] Exception reported: Array index out-of-bounds (index 64, limit 55)
L 11/29/2020 - 23:57:06: [SM] Blaming: weapon_restrict.smx
L 11/29/2020 - 23:57:06: [SM] Call stack trace:
L 11/29/2020 - 23:57:06: [SM]   [1] Line 202, restrictinc/events.sp::CS_OnBuyCommand
L 11/29/2020 - 23:57:15: [SM] Exception reported: Array index out-of-bounds (index 64, limit 55)
L 11/29/2020 - 23:57:15: [SM] Blaming: weapon_restrict.smx
L 11/29/2020 - 23:57:15: [SM] Call stack trace:
L 11/29/2020 - 23:57:15: [SM]   [1] Line 202, restrictinc/events.sp::CS_OnBuyCommand
L 11/29/2020 - 23:57:18: [SM] Exception reported: Array index out-of-bounds (index 64, limit 55)
L 11/29/2020 - 23:57:18: [SM] Blaming: weapon_restrict.smx
L 11/29/2020 - 23:57:18: [SM] Call stack trace:
L 11/29/2020 - 23:57:18: [SM]   [1] Line 202, restrictinc/events.sp::CS_OnBuyCommand
L 11/29/2020 - 23:58:34: [SM] Exception reported: Array index out-of-bounds (index 64, limit 55)
L 11/29/2020 - 23:58:34: [SM] Blaming: weapon_restrict.smx
L 11/29/2020 - 23:58:34: [SM] Call stack trace:
L 11/29/2020 - 23:58:34: [SM]   [1] Line 202, restrictinc/events.sp::CS_OnBuyCommand
L 11/29/2020 - 23:58:36: [SM] Exception reported: Array index out-of-bounds (index 64, limit 55)
L 11/29/2020 - 23:58:36: [SM] Blaming: weapon_restrict.smx
L 11/29/2020 - 23:58:36: [SM] Call stack trace:
L 11/29/2020 - 23:58:36: [SM]   [1] Line 202, restrictinc/events.sp::CS_OnBuyCommand
L 11/29/2020 - 23:58:37: [SM] Exception reported: Array index out-of-bounds (index 64, limit 55)
L 11/29/2020 - 23:58:37: [SM] Blaming: weapon_restrict.smx
L 11/29/2020 - 23:58:37: [SM] Call stack trace:
L 11/29/2020 - 23:58:37: [SM]   [1] Line 202, restrictinc/events.sp::CS_OnBuyCommand
L 11/29/2020 - 23:58:39: [SM] Exception reported: Array index out-of-bounds (index 64, limit 55)
L 11/29/2020 - 23:58:39: [SM] Blaming: weapon_restrict.smx
L 11/29/2020 - 23:58:39: [SM] Call stack trace:
L 11/29/2020 - 23:58:39: [SM]   [1] Line 202, restrictinc/events.sp::CS_OnBuyCommand
L 11/29/2020 - 23:58:39: [SM] Exception reported: Array index out-of-bounds (index 64, limit 55)
L 11/29/2020 - 23:58:39: [SM] Blaming: weapon_restrict.smx
L 11/29/2020 - 23:58:39: [SM] Call stack trace:
L 11/29/2020 - 23:58:39: [SM]   [1] Line 202, restrictinc/events.sp::CS_OnBuyCommand
L 11/29/2020 - 23:58:43: [SM] Exception reported: Array index out-of-bounds (index 64, limit 55)
L 11/29/2020 - 23:58:43: [SM] Blaming: weapon_restrict.smx
L 11/29/2020 - 23:58:43: [SM] Call stack trace:
L 11/29/2020 - 23:58:43: [SM]   [1] Line 202, restrictinc/events.sp::CS_OnBuyCommand
L 11/30/2020 - 00:00:25: Error log file session closed.
