L 11/19/2020 - 16:39:12: SourceMod error session started
L 11/19/2020 - 16:39:12: Info (map "cs_militia") (file "/home/tcagame/jackm1/527/csgo/addons/sourcemod/logs/errors_20201119.log")
L 11/19/2020 - 16:39:12: [SM] Fatal error encountered parsing translation file "advadmin.phrases.txt"
L 11/19/2020 - 16:39:12: [SM] Error (line 0, column 0): Stream failed to open
L 11/19/2020 - 16:39:28: [SM] Exception reported: Language phrase "Player_Connected_From" not found (arg 3)
L 11/19/2020 - 16:39:28: [SM] Blaming: advadmin.smx
L 11/19/2020 - 16:39:28: [SM] Call stack trace:
L 11/19/2020 - 16:39:28: [SM]   [0] VFormat
L 11/19/2020 - 16:39:28: [SM]   [1] Line 386, /groups/sourcemod/compiler-1.10/include/halflife.inc::PrintToChatAll
L 11/19/2020 - 16:39:28: [SM]   [2] Line 141, /home/groups/sourcemod/upload_tmp/phpRYtiXm.sp::OnClientAuthorized
L 11/19/2020 - 16:39:46: [SM] Exception reported: Array index out-of-bounds (index 64, limit 55)
L 11/19/2020 - 16:39:46: [SM] Blaming: weapon_restrict.smx
L 11/19/2020 - 16:39:46: [SM] Call stack trace:
L 11/19/2020 - 16:39:46: [SM]   [1] Line 202, restrictinc/events.sp::CS_OnBuyCommand
L 11/19/2020 - 16:40:17: [SM] Exception reported: Array index out-of-bounds (index 64, limit 55)
L 11/19/2020 - 16:40:17: [SM] Blaming: weapon_restrict.smx
L 11/19/2020 - 16:40:17: [SM] Call stack trace:
L 11/19/2020 - 16:40:17: [SM]   [1] Line 202, restrictinc/events.sp::CS_OnBuyCommand
L 11/19/2020 - 16:42:34: Error log file session closed.
L 11/19/2020 - 16:42:34: SourceMod error session started
L 11/19/2020 - 16:42:34: Info (map "de_dust2") (file "/home/tcagame/jackm1/527/csgo/addons/sourcemod/logs/errors_20201119.log")
L 11/19/2020 - 16:42:34: [SM] Fatal error encountered parsing translation file "advadmin.phrases.txt"
L 11/19/2020 - 16:42:34: [SM] Error (line 0, column 0): Stream failed to open
L 11/19/2020 - 16:42:59: [SM] Exception reported: Array index out-of-bounds (index 64, limit 55)
L 11/19/2020 - 16:42:59: [SM] Blaming: weapon_restrict.smx
L 11/19/2020 - 16:42:59: [SM] Call stack trace:
L 11/19/2020 - 16:42:59: [SM]   [1] Line 202, restrictinc/events.sp::CS_OnBuyCommand
L 11/19/2020 - 16:43:01: [SM] Exception reported: Array index out-of-bounds (index 64, limit 55)
L 11/19/2020 - 16:43:01: [SM] Blaming: weapon_restrict.smx
L 11/19/2020 - 16:43:01: [SM] Call stack trace:
L 11/19/2020 - 16:43:01: [SM]   [1] Line 202, restrictinc/events.sp::CS_OnBuyCommand
L 11/19/2020 - 16:44:26: [SM] Exception reported: Array index out-of-bounds (index 64, limit 55)
L 11/19/2020 - 16:44:26: [SM] Blaming: weapon_restrict.smx
L 11/19/2020 - 16:44:26: [SM] Call stack trace:
L 11/19/2020 - 16:44:26: [SM]   [1] Line 202, restrictinc/events.sp::CS_OnBuyCommand
L 11/19/2020 - 16:44:33: [SM] Exception reported: Array index out-of-bounds (index 64, limit 55)
L 11/19/2020 - 16:44:33: [SM] Blaming: weapon_restrict.smx
L 11/19/2020 - 16:44:33: [SM] Call stack trace:
L 11/19/2020 - 16:44:33: [SM]   [1] Line 202, restrictinc/events.sp::CS_OnBuyCommand
L 11/19/2020 - 16:45:12: [SM] Exception reported: Array index out-of-bounds (index 64, limit 55)
L 11/19/2020 - 16:45:12: [SM] Blaming: weapon_restrict.smx
L 11/19/2020 - 16:45:12: [SM] Call stack trace:
L 11/19/2020 - 16:45:12: [SM]   [1] Line 202, restrictinc/events.sp::CS_OnBuyCommand
L 11/19/2020 - 16:45:18: [SM] Exception reported: Array index out-of-bounds (index 64, limit 55)
L 11/19/2020 - 16:45:18: [SM] Blaming: weapon_restrict.smx
L 11/19/2020 - 16:45:18: [SM] Call stack trace:
L 11/19/2020 - 16:45:18: [SM]   [1] Line 202, restrictinc/events.sp::CS_OnBuyCommand
L 11/19/2020 - 16:45:21: [SM] Exception reported: Array index out-of-bounds (index 64, limit 55)
L 11/19/2020 - 16:45:21: [SM] Blaming: weapon_restrict.smx
L 11/19/2020 - 16:45:21: [SM] Call stack trace:
L 11/19/2020 - 16:45:21: [SM]   [1] Line 202, restrictinc/events.sp::CS_OnBuyCommand
L 11/19/2020 - 16:45:29: [SM] Exception reported: Array index out-of-bounds (index 64, limit 55)
L 11/19/2020 - 16:45:29: [SM] Blaming: weapon_restrict.smx
L 11/19/2020 - 16:45:29: [SM] Call stack trace:
L 11/19/2020 - 16:45:29: [SM]   [1] Line 202, restrictinc/events.sp::CS_OnBuyCommand
L 11/19/2020 - 16:46:54: [SM] Exception reported: Array index out-of-bounds (index 64, limit 55)
L 11/19/2020 - 16:46:54: [SM] Blaming: weapon_restrict.smx
L 11/19/2020 - 16:46:54: [SM] Call stack trace:
L 11/19/2020 - 16:46:54: [SM]   [1] Line 202, restrictinc/events.sp::CS_OnBuyCommand
L 11/19/2020 - 16:53:22: [SM] Exception reported: Array index out-of-bounds (index 64, limit 55)
L 11/19/2020 - 16:53:22: [SM] Blaming: weapon_restrict.smx
L 11/19/2020 - 16:53:22: [SM] Call stack trace:
L 11/19/2020 - 16:53:22: [SM]   [1] Line 202, restrictinc/events.sp::CS_OnBuyCommand
L 11/19/2020 - 16:54:00: [SM] Exception reported: Array index out-of-bounds (index 64, limit 55)
L 11/19/2020 - 16:54:00: [SM] Blaming: weapon_restrict.smx
L 11/19/2020 - 16:54:00: [SM] Call stack trace:
L 11/19/2020 - 16:54:00: [SM]   [1] Line 202, restrictinc/events.sp::CS_OnBuyCommand
L 11/19/2020 - 16:54:38: [SM] Exception reported: Array index out-of-bounds (index 64, limit 55)
L 11/19/2020 - 16:54:38: [SM] Blaming: weapon_restrict.smx
L 11/19/2020 - 16:54:38: [SM] Call stack trace:
L 11/19/2020 - 16:54:38: [SM]   [1] Line 202, restrictinc/events.sp::CS_OnBuyCommand
L 11/19/2020 - 16:55:54: [SM] Exception reported: Array index out-of-bounds (index 64, limit 55)
L 11/19/2020 - 16:55:54: [SM] Blaming: weapon_restrict.smx
L 11/19/2020 - 16:55:54: [SM] Call stack trace:
L 11/19/2020 - 16:55:54: [SM]   [1] Line 202, restrictinc/events.sp::CS_OnBuyCommand
L 11/19/2020 - 16:56:28: [SM] Exception reported: Array index out-of-bounds (index 64, limit 55)
L 11/19/2020 - 16:56:28: [SM] Blaming: weapon_restrict.smx
L 11/19/2020 - 16:56:28: [SM] Call stack trace:
L 11/19/2020 - 16:56:28: [SM]   [1] Line 202, restrictinc/events.sp::CS_OnBuyCommand
L 11/19/2020 - 16:59:20: [SM] Exception reported: Array index out-of-bounds (index 64, limit 55)
L 11/19/2020 - 16:59:20: [SM] Blaming: weapon_restrict.smx
L 11/19/2020 - 16:59:20: [SM] Call stack trace:
L 11/19/2020 - 16:59:20: [SM]   [1] Line 202, restrictinc/events.sp::CS_OnBuyCommand
L 11/19/2020 - 17:02:46: [SM] Exception reported: Array index out-of-bounds (index 64, limit 55)
L 11/19/2020 - 17:02:46: [SM] Blaming: weapon_restrict.smx
L 11/19/2020 - 17:02:46: [SM] Call stack trace:
L 11/19/2020 - 17:02:46: [SM]   [1] Line 202, restrictinc/events.sp::CS_OnBuyCommand
L 11/19/2020 - 17:05:18: Error log file session closed.
L 11/19/2020 - 17:05:18: SourceMod error session started
L 11/19/2020 - 17:05:18: Info (map "de_dust2") (file "/home/tcagame/jackm1/527/csgo/addons/sourcemod/logs/errors_20201119.log")
L 11/19/2020 - 17:05:18: [SM] Fatal error encountered parsing translation file "advadmin.phrases.txt"
L 11/19/2020 - 17:05:18: [SM] Error (line 0, column 0): Stream failed to open
L 11/19/2020 - 17:05:49: [SM] Exception reported: Array index out-of-bounds (index 64, limit 55)
L 11/19/2020 - 17:05:49: [SM] Blaming: weapon_restrict.smx
L 11/19/2020 - 17:05:49: [SM] Call stack trace:
L 11/19/2020 - 17:05:49: [SM]   [1] Line 202, restrictinc/events.sp::CS_OnBuyCommand
L 11/19/2020 - 17:05:50: [SM] Exception reported: Array index out-of-bounds (index 64, limit 55)
L 11/19/2020 - 17:05:50: [SM] Blaming: weapon_restrict.smx
L 11/19/2020 - 17:05:50: [SM] Call stack trace:
L 11/19/2020 - 17:05:50: [SM]   [1] Line 202, restrictinc/events.sp::CS_OnBuyCommand
L 11/19/2020 - 17:05:53: [SM] Exception reported: Language phrase "Player_Connected_From" not found (arg 3)
L 11/19/2020 - 17:05:53: [SM] Blaming: advadmin.smx
L 11/19/2020 - 17:05:53: [SM] Call stack trace:
L 11/19/2020 - 17:05:53: [SM]   [0] VFormat
L 11/19/2020 - 17:05:53: [SM]   [1] Line 386, /groups/sourcemod/compiler-1.10/include/halflife.inc::PrintToChatAll
L 11/19/2020 - 17:05:53: [SM]   [2] Line 141, /home/groups/sourcemod/upload_tmp/phpRYtiXm.sp::OnClientAuthorized
L 11/19/2020 - 17:05:59: [SM] Exception reported: Language phrase "Player_Connected_From" not found (arg 3)
L 11/19/2020 - 17:05:59: [SM] Blaming: advadmin.smx
L 11/19/2020 - 17:05:59: [SM] Call stack trace:
L 11/19/2020 - 17:05:59: [SM]   [0] VFormat
L 11/19/2020 - 17:05:59: [SM]   [1] Line 386, /groups/sourcemod/compiler-1.10/include/halflife.inc::PrintToChatAll
L 11/19/2020 - 17:05:59: [SM]   [2] Line 141, /home/groups/sourcemod/upload_tmp/phpRYtiXm.sp::OnClientAuthorized
L 11/19/2020 - 17:07:01: [SM] Exception reported: Array index out-of-bounds (index 64, limit 55)
L 11/19/2020 - 17:07:01: [SM] Blaming: weapon_restrict.smx
L 11/19/2020 - 17:07:01: [SM] Call stack trace:
L 11/19/2020 - 17:07:01: [SM]   [1] Line 202, restrictinc/events.sp::CS_OnBuyCommand
L 11/19/2020 - 17:07:14: [SM] Exception reported: Language phrase "Player_Connected_From" not found (arg 3)
L 11/19/2020 - 17:07:14: [SM] Blaming: advadmin.smx
L 11/19/2020 - 17:07:14: [SM] Call stack trace:
L 11/19/2020 - 17:07:14: [SM]   [0] VFormat
L 11/19/2020 - 17:07:14: [SM]   [1] Line 386, /groups/sourcemod/compiler-1.10/include/halflife.inc::PrintToChatAll
L 11/19/2020 - 17:07:14: [SM]   [2] Line 141, /home/groups/sourcemod/upload_tmp/phpRYtiXm.sp::OnClientAuthorized
L 11/19/2020 - 17:07:53: [SM] Exception reported: Array index out-of-bounds (index 64, limit 55)
L 11/19/2020 - 17:07:53: [SM] Blaming: weapon_restrict.smx
L 11/19/2020 - 17:07:53: [SM] Call stack trace:
L 11/19/2020 - 17:07:53: [SM]   [1] Line 202, restrictinc/events.sp::CS_OnBuyCommand
L 11/19/2020 - 17:07:56: [SM] Exception reported: Array index out-of-bounds (index 64, limit 55)
L 11/19/2020 - 17:07:56: [SM] Blaming: weapon_restrict.smx
L 11/19/2020 - 17:07:56: [SM] Call stack trace:
L 11/19/2020 - 17:07:56: [SM]   [1] Line 202, restrictinc/events.sp::CS_OnBuyCommand
L 11/19/2020 - 17:07:56: [SM] Exception reported: Array index out-of-bounds (index 64, limit 55)
L 11/19/2020 - 17:07:56: [SM] Blaming: weapon_restrict.smx
L 11/19/2020 - 17:07:56: [SM] Call stack trace:
L 11/19/2020 - 17:07:56: [SM]   [1] Line 202, restrictinc/events.sp::CS_OnBuyCommand
L 11/19/2020 - 17:08:30: [SM] Exception reported: Array index out-of-bounds (index 64, limit 55)
L 11/19/2020 - 17:08:30: [SM] Blaming: weapon_restrict.smx
L 11/19/2020 - 17:08:30: [SM] Call stack trace:
L 11/19/2020 - 17:08:30: [SM]   [1] Line 202, restrictinc/events.sp::CS_OnBuyCommand
L 11/19/2020 - 17:09:23: [SM] Exception reported: Array index out-of-bounds (index 64, limit 55)
L 11/19/2020 - 17:09:23: [SM] Blaming: weapon_restrict.smx
L 11/19/2020 - 17:09:23: [SM] Call stack trace:
L 11/19/2020 - 17:09:23: [SM]   [1] Line 202, restrictinc/events.sp::CS_OnBuyCommand
L 11/19/2020 - 17:10:14: [SM] Exception reported: Array index out-of-bounds (index 64, limit 55)
L 11/19/2020 - 17:10:14: [SM] Blaming: weapon_restrict.smx
L 11/19/2020 - 17:10:14: [SM] Call stack trace:
L 11/19/2020 - 17:10:14: [SM]   [1] Line 202, restrictinc/events.sp::CS_OnBuyCommand
L 11/19/2020 - 17:11:35: [SM] Exception reported: Language phrase "Player_Connected_From" not found (arg 3)
L 11/19/2020 - 17:11:35: [SM] Blaming: advadmin.smx
L 11/19/2020 - 17:11:35: [SM] Call stack trace:
L 11/19/2020 - 17:11:35: [SM]   [0] VFormat
L 11/19/2020 - 17:11:35: [SM]   [1] Line 386, /groups/sourcemod/compiler-1.10/include/halflife.inc::PrintToChatAll
L 11/19/2020 - 17:11:35: [SM]   [2] Line 141, /home/groups/sourcemod/upload_tmp/phpRYtiXm.sp::OnClientAuthorized
L 11/19/2020 - 17:11:51: [SM] Exception reported: Array index out-of-bounds (index 64, limit 55)
L 11/19/2020 - 17:11:51: [SM] Blaming: weapon_restrict.smx
L 11/19/2020 - 17:11:51: [SM] Call stack trace:
L 11/19/2020 - 17:11:51: [SM]   [1] Line 202, restrictinc/events.sp::CS_OnBuyCommand
L 11/19/2020 - 17:11:51: [SM] Exception reported: Array index out-of-bounds (index 64, limit 55)
L 11/19/2020 - 17:11:51: [SM] Blaming: weapon_restrict.smx
L 11/19/2020 - 17:11:51: [SM] Call stack trace:
L 11/19/2020 - 17:11:51: [SM]   [1] Line 202, restrictinc/events.sp::CS_OnBuyCommand
L 11/19/2020 - 17:11:59: [SM] Exception reported: Array index out-of-bounds (index 64, limit 55)
L 11/19/2020 - 17:11:59: [SM] Blaming: weapon_restrict.smx
L 11/19/2020 - 17:11:59: [SM] Call stack trace:
L 11/19/2020 - 17:11:59: [SM]   [1] Line 202, restrictinc/events.sp::CS_OnBuyCommand
L 11/19/2020 - 17:13:45: Error log file session closed.
L 11/19/2020 - 17:13:45: SourceMod error session started
L 11/19/2020 - 17:13:45: Info (map "de_overpass") (file "/home/tcagame/jackm1/527/csgo/addons/sourcemod/logs/errors_20201119.log")
L 11/19/2020 - 17:13:45: [SM] Fatal error encountered parsing translation file "advadmin.phrases.txt"
L 11/19/2020 - 17:13:45: [SM] Error (line 0, column 0): Stream failed to open
L 11/19/2020 - 17:14:07: [SM] Exception reported: Array index out-of-bounds (index 64, limit 55)
L 11/19/2020 - 17:14:07: [SM] Blaming: weapon_restrict.smx
L 11/19/2020 - 17:14:07: [SM] Call stack trace:
L 11/19/2020 - 17:14:07: [SM]   [1] Line 202, restrictinc/events.sp::CS_OnBuyCommand
L 11/19/2020 - 17:15:01: [SM] Exception reported: Array index out-of-bounds (index 64, limit 55)
L 11/19/2020 - 17:15:01: [SM] Blaming: weapon_restrict.smx
L 11/19/2020 - 17:15:01: [SM] Call stack trace:
L 11/19/2020 - 17:15:01: [SM]   [1] Line 202, restrictinc/events.sp::CS_OnBuyCommand
L 11/19/2020 - 17:15:14: [SM] Exception reported: Array index out-of-bounds (index 64, limit 55)
L 11/19/2020 - 17:15:14: [SM] Blaming: weapon_restrict.smx
L 11/19/2020 - 17:15:14: [SM] Call stack trace:
L 11/19/2020 - 17:15:14: [SM]   [1] Line 202, restrictinc/events.sp::CS_OnBuyCommand
L 11/19/2020 - 17:16:44: [SM] Exception reported: Array index out-of-bounds (index 64, limit 55)
L 11/19/2020 - 17:16:44: [SM] Blaming: weapon_restrict.smx
L 11/19/2020 - 17:16:44: [SM] Call stack trace:
L 11/19/2020 - 17:16:44: [SM]   [1] Line 202, restrictinc/events.sp::CS_OnBuyCommand
L 11/19/2020 - 17:16:47: [SM] Exception reported: Array index out-of-bounds (index 64, limit 55)
L 11/19/2020 - 17:16:47: [SM] Blaming: weapon_restrict.smx
L 11/19/2020 - 17:16:47: [SM] Call stack trace:
L 11/19/2020 - 17:16:47: [SM]   [1] Line 202, restrictinc/events.sp::CS_OnBuyCommand
L 11/19/2020 - 17:16:56: [SM] Exception reported: Array index out-of-bounds (index 64, limit 55)
L 11/19/2020 - 17:16:56: [SM] Blaming: weapon_restrict.smx
L 11/19/2020 - 17:16:56: [SM] Call stack trace:
L 11/19/2020 - 17:16:56: [SM]   [1] Line 202, restrictinc/events.sp::CS_OnBuyCommand
L 11/19/2020 - 17:17:00: [SM] Exception reported: Array index out-of-bounds (index 64, limit 55)
L 11/19/2020 - 17:17:00: [SM] Blaming: weapon_restrict.smx
L 11/19/2020 - 17:17:00: [SM] Call stack trace:
L 11/19/2020 - 17:17:00: [SM]   [1] Line 202, restrictinc/events.sp::CS_OnBuyCommand
L 11/19/2020 - 17:18:21: [SM] Exception reported: Array index out-of-bounds (index 64, limit 55)
L 11/19/2020 - 17:18:21: [SM] Blaming: weapon_restrict.smx
L 11/19/2020 - 17:18:21: [SM] Call stack trace:
L 11/19/2020 - 17:18:21: [SM]   [1] Line 202, restrictinc/events.sp::CS_OnBuyCommand
L 11/19/2020 - 17:18:27: [SM] Exception reported: Array index out-of-bounds (index 64, limit 55)
L 11/19/2020 - 17:18:27: [SM] Blaming: weapon_restrict.smx
L 11/19/2020 - 17:18:27: [SM] Call stack trace:
L 11/19/2020 - 17:18:27: [SM]   [1] Line 202, restrictinc/events.sp::CS_OnBuyCommand
L 11/19/2020 - 17:18:32: [SM] Exception reported: Array index out-of-bounds (index 64, limit 55)
L 11/19/2020 - 17:18:32: [SM] Blaming: weapon_restrict.smx
L 11/19/2020 - 17:18:32: [SM] Call stack trace:
L 11/19/2020 - 17:18:32: [SM]   [1] Line 202, restrictinc/events.sp::CS_OnBuyCommand
L 11/19/2020 - 17:19:53: [SM] Exception reported: Array index out-of-bounds (index 64, limit 55)
L 11/19/2020 - 17:19:53: [SM] Blaming: weapon_restrict.smx
L 11/19/2020 - 17:19:53: [SM] Call stack trace:
L 11/19/2020 - 17:19:53: [SM]   [1] Line 202, restrictinc/events.sp::CS_OnBuyCommand
L 11/19/2020 - 17:19:56: [SM] Exception reported: Array index out-of-bounds (index 64, limit 55)
L 11/19/2020 - 17:19:56: [SM] Blaming: weapon_restrict.smx
L 11/19/2020 - 17:19:56: [SM] Call stack trace:
L 11/19/2020 - 17:19:56: [SM]   [1] Line 202, restrictinc/events.sp::CS_OnBuyCommand
L 11/19/2020 - 17:21:10: [SM] Exception reported: Array index out-of-bounds (index 64, limit 55)
L 11/19/2020 - 17:21:10: [SM] Blaming: weapon_restrict.smx
L 11/19/2020 - 17:21:10: [SM] Call stack trace:
L 11/19/2020 - 17:21:10: [SM]   [1] Line 202, restrictinc/events.sp::CS_OnBuyCommand
L 11/19/2020 - 17:21:18: [SM] Exception reported: Array index out-of-bounds (index 64, limit 55)
L 11/19/2020 - 17:21:18: [SM] Blaming: weapon_restrict.smx
L 11/19/2020 - 17:21:18: [SM] Call stack trace:
L 11/19/2020 - 17:21:18: [SM]   [1] Line 202, restrictinc/events.sp::CS_OnBuyCommand
L 11/19/2020 - 17:22:12: [SM] Exception reported: Array index out-of-bounds (index 64, limit 55)
L 11/19/2020 - 17:22:12: [SM] Blaming: weapon_restrict.smx
L 11/19/2020 - 17:22:12: [SM] Call stack trace:
L 11/19/2020 - 17:22:12: [SM]   [1] Line 202, restrictinc/events.sp::CS_OnBuyCommand
L 11/19/2020 - 17:22:17: [SM] Exception reported: Array index out-of-bounds (index 64, limit 55)
L 11/19/2020 - 17:22:17: [SM] Blaming: weapon_restrict.smx
L 11/19/2020 - 17:22:17: [SM] Call stack trace:
L 11/19/2020 - 17:22:17: [SM]   [1] Line 202, restrictinc/events.sp::CS_OnBuyCommand
L 11/19/2020 - 17:23:51: [SM] Exception reported: Array index out-of-bounds (index 64, limit 55)
L 11/19/2020 - 17:23:51: [SM] Blaming: weapon_restrict.smx
L 11/19/2020 - 17:23:51: [SM] Call stack trace:
L 11/19/2020 - 17:23:51: [SM]   [1] Line 202, restrictinc/events.sp::CS_OnBuyCommand
L 11/19/2020 - 17:25:03: [SM] Exception reported: Array index out-of-bounds (index 64, limit 55)
L 11/19/2020 - 17:25:03: [SM] Blaming: weapon_restrict.smx
L 11/19/2020 - 17:25:03: [SM] Call stack trace:
L 11/19/2020 - 17:25:03: [SM]   [1] Line 202, restrictinc/events.sp::CS_OnBuyCommand
L 11/19/2020 - 17:25:07: [SM] Exception reported: Array index out-of-bounds (index 64, limit 55)
L 11/19/2020 - 17:25:07: [SM] Blaming: weapon_restrict.smx
L 11/19/2020 - 17:25:07: [SM] Call stack trace:
L 11/19/2020 - 17:25:07: [SM]   [1] Line 202, restrictinc/events.sp::CS_OnBuyCommand
L 11/19/2020 - 17:25:48: [SM] Exception reported: Array index out-of-bounds (index 64, limit 55)
L 11/19/2020 - 17:25:48: [SM] Blaming: weapon_restrict.smx
L 11/19/2020 - 17:25:48: [SM] Call stack trace:
L 11/19/2020 - 17:25:48: [SM]   [1] Line 202, restrictinc/events.sp::CS_OnBuyCommand
L 11/19/2020 - 17:27:35: [SM] Exception reported: Array index out-of-bounds (index 64, limit 55)
L 11/19/2020 - 17:27:35: [SM] Blaming: weapon_restrict.smx
L 11/19/2020 - 17:27:35: [SM] Call stack trace:
L 11/19/2020 - 17:27:35: [SM]   [1] Line 202, restrictinc/events.sp::CS_OnBuyCommand
L 11/19/2020 - 17:27:36: [SM] Exception reported: Array index out-of-bounds (index 64, limit 55)
L 11/19/2020 - 17:27:36: [SM] Blaming: weapon_restrict.smx
L 11/19/2020 - 17:27:36: [SM] Call stack trace:
L 11/19/2020 - 17:27:36: [SM]   [1] Line 202, restrictinc/events.sp::CS_OnBuyCommand
L 11/19/2020 - 17:28:33: [SM] Exception reported: Array index out-of-bounds (index 64, limit 55)
L 11/19/2020 - 17:28:33: [SM] Blaming: weapon_restrict.smx
L 11/19/2020 - 17:28:33: [SM] Call stack trace:
L 11/19/2020 - 17:28:33: [SM]   [1] Line 202, restrictinc/events.sp::CS_OnBuyCommand
L 11/19/2020 - 17:28:34: [SM] Exception reported: Array index out-of-bounds (index 64, limit 55)
L 11/19/2020 - 17:28:34: [SM] Blaming: weapon_restrict.smx
L 11/19/2020 - 17:28:34: [SM] Call stack trace:
L 11/19/2020 - 17:28:34: [SM]   [1] Line 202, restrictinc/events.sp::CS_OnBuyCommand
L 11/19/2020 - 17:29:59: [SM] Exception reported: Array index out-of-bounds (index 64, limit 55)
L 11/19/2020 - 17:29:59: [SM] Blaming: weapon_restrict.smx
L 11/19/2020 - 17:29:59: [SM] Call stack trace:
L 11/19/2020 - 17:29:59: [SM]   [1] Line 202, restrictinc/events.sp::CS_OnBuyCommand
L 11/19/2020 - 17:30:03: [SM] Exception reported: Array index out-of-bounds (index 64, limit 55)
L 11/19/2020 - 17:30:03: [SM] Blaming: weapon_restrict.smx
L 11/19/2020 - 17:30:03: [SM] Call stack trace:
L 11/19/2020 - 17:30:03: [SM]   [1] Line 202, restrictinc/events.sp::CS_OnBuyCommand
L 11/19/2020 - 17:31:08: [SM] Exception reported: Array index out-of-bounds (index 64, limit 55)
L 11/19/2020 - 17:31:08: [SM] Blaming: weapon_restrict.smx
L 11/19/2020 - 17:31:08: [SM] Call stack trace:
L 11/19/2020 - 17:31:08: [SM]   [1] Line 202, restrictinc/events.sp::CS_OnBuyCommand
L 11/19/2020 - 17:31:08: [SM] Exception reported: Array index out-of-bounds (index 64, limit 55)
L 11/19/2020 - 17:31:08: [SM] Blaming: weapon_restrict.smx
L 11/19/2020 - 17:31:08: [SM] Call stack trace:
L 11/19/2020 - 17:31:08: [SM]   [1] Line 202, restrictinc/events.sp::CS_OnBuyCommand
L 11/19/2020 - 17:32:02: [SM] Exception reported: Array index out-of-bounds (index 64, limit 55)
L 11/19/2020 - 17:32:02: [SM] Blaming: weapon_restrict.smx
L 11/19/2020 - 17:32:02: [SM] Call stack trace:
L 11/19/2020 - 17:32:02: [SM]   [1] Line 202, restrictinc/events.sp::CS_OnBuyCommand
L 11/19/2020 - 17:32:03: [SM] Exception reported: Array index out-of-bounds (index 64, limit 55)
L 11/19/2020 - 17:32:03: [SM] Blaming: weapon_restrict.smx
L 11/19/2020 - 17:32:03: [SM] Call stack trace:
L 11/19/2020 - 17:32:03: [SM]   [1] Line 202, restrictinc/events.sp::CS_OnBuyCommand
L 11/19/2020 - 17:32:58: [SM] Exception reported: Array index out-of-bounds (index 64, limit 55)
L 11/19/2020 - 17:32:58: [SM] Blaming: weapon_restrict.smx
L 11/19/2020 - 17:32:58: [SM] Call stack trace:
L 11/19/2020 - 17:32:58: [SM]   [1] Line 202, restrictinc/events.sp::CS_OnBuyCommand
L 11/19/2020 - 17:34:34: [SM] Exception reported: Array index out-of-bounds (index 64, limit 55)
L 11/19/2020 - 17:34:34: [SM] Blaming: weapon_restrict.smx
L 11/19/2020 - 17:34:34: [SM] Call stack trace:
L 11/19/2020 - 17:34:34: [SM]   [1] Line 202, restrictinc/events.sp::CS_OnBuyCommand
L 11/19/2020 - 17:35:13: [SM] Exception reported: Array index out-of-bounds (index 64, limit 55)
L 11/19/2020 - 17:35:13: [SM] Blaming: weapon_restrict.smx
L 11/19/2020 - 17:35:13: [SM] Call stack trace:
L 11/19/2020 - 17:35:13: [SM]   [1] Line 202, restrictinc/events.sp::CS_OnBuyCommand
L 11/19/2020 - 17:35:16: [SM] Exception reported: Array index out-of-bounds (index 64, limit 55)
L 11/19/2020 - 17:35:16: [SM] Blaming: weapon_restrict.smx
L 11/19/2020 - 17:35:16: [SM] Call stack trace:
L 11/19/2020 - 17:35:16: [SM]   [1] Line 202, restrictinc/events.sp::CS_OnBuyCommand
L 11/19/2020 - 17:35:17: [SM] Exception reported: Array index out-of-bounds (index 64, limit 55)
L 11/19/2020 - 17:35:17: [SM] Blaming: weapon_restrict.smx
L 11/19/2020 - 17:35:17: [SM] Call stack trace:
L 11/19/2020 - 17:35:17: [SM]   [1] Line 202, restrictinc/events.sp::CS_OnBuyCommand
L 11/19/2020 - 17:35:23: [SM] Exception reported: Array index out-of-bounds (index 64, limit 55)
L 11/19/2020 - 17:35:23: [SM] Blaming: weapon_restrict.smx
L 11/19/2020 - 17:35:23: [SM] Call stack trace:
L 11/19/2020 - 17:35:23: [SM]   [1] Line 202, restrictinc/events.sp::CS_OnBuyCommand
L 11/19/2020 - 17:37:16: [SM] Exception reported: Array index out-of-bounds (index 64, limit 55)
L 11/19/2020 - 17:37:16: [SM] Blaming: weapon_restrict.smx
L 11/19/2020 - 17:37:16: [SM] Call stack trace:
L 11/19/2020 - 17:37:16: [SM]   [1] Line 202, restrictinc/events.sp::CS_OnBuyCommand
L 11/19/2020 - 17:37:25: [SM] Exception reported: Array index out-of-bounds (index 64, limit 55)
L 11/19/2020 - 17:37:25: [SM] Blaming: weapon_restrict.smx
L 11/19/2020 - 17:37:25: [SM] Call stack trace:
L 11/19/2020 - 17:37:25: [SM]   [1] Line 202, restrictinc/events.sp::CS_OnBuyCommand
L 11/19/2020 - 17:38:21: [SM] Exception reported: Array index out-of-bounds (index 64, limit 55)
L 11/19/2020 - 17:38:21: [SM] Blaming: weapon_restrict.smx
L 11/19/2020 - 17:38:21: [SM] Call stack trace:
L 11/19/2020 - 17:38:21: [SM]   [1] Line 202, restrictinc/events.sp::CS_OnBuyCommand
L 11/19/2020 - 17:39:52: [SM] Exception reported: Array index out-of-bounds (index 64, limit 55)
L 11/19/2020 - 17:39:52: [SM] Blaming: weapon_restrict.smx
L 11/19/2020 - 17:39:52: [SM] Call stack trace:
L 11/19/2020 - 17:39:52: [SM]   [1] Line 202, restrictinc/events.sp::CS_OnBuyCommand
L 11/19/2020 - 17:40:46: [SM] Exception reported: Array index out-of-bounds (index 64, limit 55)
L 11/19/2020 - 17:40:46: [SM] Blaming: weapon_restrict.smx
L 11/19/2020 - 17:40:46: [SM] Call stack trace:
L 11/19/2020 - 17:40:46: [SM]   [1] Line 202, restrictinc/events.sp::CS_OnBuyCommand
L 11/19/2020 - 17:40:46: [SM] Exception reported: Array index out-of-bounds (index 64, limit 55)
L 11/19/2020 - 17:40:46: [SM] Blaming: weapon_restrict.smx
L 11/19/2020 - 17:40:46: [SM] Call stack trace:
L 11/19/2020 - 17:40:46: [SM]   [1] Line 202, restrictinc/events.sp::CS_OnBuyCommand
L 11/19/2020 - 17:41:41: [SM] Exception reported: Array index out-of-bounds (index 64, limit 55)
L 11/19/2020 - 17:41:41: [SM] Blaming: weapon_restrict.smx
L 11/19/2020 - 17:41:41: [SM] Call stack trace:
L 11/19/2020 - 17:41:41: [SM]   [1] Line 202, restrictinc/events.sp::CS_OnBuyCommand
L 11/19/2020 - 17:42:43: [SM] Exception reported: Array index out-of-bounds (index 64, limit 55)
L 11/19/2020 - 17:42:43: [SM] Blaming: weapon_restrict.smx
L 11/19/2020 - 17:42:43: [SM] Call stack trace:
L 11/19/2020 - 17:42:43: [SM]   [1] Line 202, restrictinc/events.sp::CS_OnBuyCommand
L 11/19/2020 - 17:45:13: [SM] Exception reported: Array index out-of-bounds (index 64, limit 55)
L 11/19/2020 - 17:45:13: [SM] Blaming: weapon_restrict.smx
L 11/19/2020 - 17:45:13: [SM] Call stack trace:
L 11/19/2020 - 17:45:13: [SM]   [1] Line 202, restrictinc/events.sp::CS_OnBuyCommand
L 11/19/2020 - 17:45:21: [SM] Exception reported: Array index out-of-bounds (index 64, limit 55)
L 11/19/2020 - 17:45:21: [SM] Blaming: weapon_restrict.smx
L 11/19/2020 - 17:45:21: [SM] Call stack trace:
L 11/19/2020 - 17:45:21: [SM]   [1] Line 202, restrictinc/events.sp::CS_OnBuyCommand
L 11/19/2020 - 17:46:58: [SM] Exception reported: Array index out-of-bounds (index 64, limit 55)
L 11/19/2020 - 17:46:58: [SM] Blaming: weapon_restrict.smx
L 11/19/2020 - 17:46:58: [SM] Call stack trace:
L 11/19/2020 - 17:46:58: [SM]   [1] Line 202, restrictinc/events.sp::CS_OnBuyCommand
L 11/19/2020 - 17:48:56: [SM] Exception reported: Array index out-of-bounds (index 64, limit 55)
L 11/19/2020 - 17:48:56: [SM] Blaming: weapon_restrict.smx
L 11/19/2020 - 17:48:56: [SM] Call stack trace:
L 11/19/2020 - 17:48:56: [SM]   [1] Line 202, restrictinc/events.sp::CS_OnBuyCommand
L 11/19/2020 - 17:50:45: [SM] Exception reported: Array index out-of-bounds (index 64, limit 55)
L 11/19/2020 - 17:50:45: [SM] Blaming: weapon_restrict.smx
L 11/19/2020 - 17:50:45: [SM] Call stack trace:
L 11/19/2020 - 17:50:45: [SM]   [1] Line 202, restrictinc/events.sp::CS_OnBuyCommand
L 11/19/2020 - 17:50:47: [SM] Exception reported: Array index out-of-bounds (index 64, limit 55)
L 11/19/2020 - 17:50:47: [SM] Blaming: weapon_restrict.smx
L 11/19/2020 - 17:50:47: [SM] Call stack trace:
L 11/19/2020 - 17:50:47: [SM]   [1] Line 202, restrictinc/events.sp::CS_OnBuyCommand
L 11/19/2020 - 17:53:05: [SM] Exception reported: Array index out-of-bounds (index 64, limit 55)
L 11/19/2020 - 17:53:05: [SM] Blaming: weapon_restrict.smx
L 11/19/2020 - 17:53:05: [SM] Call stack trace:
L 11/19/2020 - 17:53:05: [SM]   [1] Line 202, restrictinc/events.sp::CS_OnBuyCommand
L 11/19/2020 - 17:53:35: [SM] Exception reported: Array index out-of-bounds (index 64, limit 55)
L 11/19/2020 - 17:53:35: [SM] Blaming: weapon_restrict.smx
L 11/19/2020 - 17:53:35: [SM] Call stack trace:
L 11/19/2020 - 17:53:35: [SM]   [1] Line 202, restrictinc/events.sp::CS_OnBuyCommand
L 11/19/2020 - 17:54:46: [SM] Exception reported: Array index out-of-bounds (index 64, limit 55)
L 11/19/2020 - 17:54:46: [SM] Blaming: weapon_restrict.smx
L 11/19/2020 - 17:54:46: [SM] Call stack trace:
L 11/19/2020 - 17:54:46: [SM]   [1] Line 202, restrictinc/events.sp::CS_OnBuyCommand
L 11/19/2020 - 17:54:53: [SM] Exception reported: Array index out-of-bounds (index 64, limit 55)
L 11/19/2020 - 17:54:53: [SM] Blaming: weapon_restrict.smx
L 11/19/2020 - 17:54:53: [SM] Call stack trace:
L 11/19/2020 - 17:54:53: [SM]   [1] Line 202, restrictinc/events.sp::CS_OnBuyCommand
L 11/19/2020 - 17:57:36: [SM] Exception reported: Array index out-of-bounds (index 64, limit 55)
L 11/19/2020 - 17:57:36: [SM] Blaming: weapon_restrict.smx
L 11/19/2020 - 17:57:36: [SM] Call stack trace:
L 11/19/2020 - 17:57:36: [SM]   [1] Line 202, restrictinc/events.sp::CS_OnBuyCommand
L 11/19/2020 - 17:57:39: [SM] Exception reported: Array index out-of-bounds (index 64, limit 55)
L 11/19/2020 - 17:57:39: [SM] Blaming: weapon_restrict.smx
L 11/19/2020 - 17:57:39: [SM] Call stack trace:
L 11/19/2020 - 17:57:39: [SM]   [1] Line 202, restrictinc/events.sp::CS_OnBuyCommand
L 11/19/2020 - 17:58:42: [SM] Exception reported: Array index out-of-bounds (index 64, limit 55)
L 11/19/2020 - 17:58:42: [SM] Blaming: weapon_restrict.smx
L 11/19/2020 - 17:58:42: [SM] Call stack trace:
L 11/19/2020 - 17:58:42: [SM]   [1] Line 202, restrictinc/events.sp::CS_OnBuyCommand
L 11/19/2020 - 17:58:48: [SM] Exception reported: Array index out-of-bounds (index 64, limit 55)
L 11/19/2020 - 17:58:48: [SM] Blaming: weapon_restrict.smx
L 11/19/2020 - 17:58:48: [SM] Call stack trace:
L 11/19/2020 - 17:58:48: [SM]   [1] Line 202, restrictinc/events.sp::CS_OnBuyCommand
L 11/19/2020 - 17:58:50: [SM] Exception reported: Array index out-of-bounds (index 64, limit 55)
L 11/19/2020 - 17:58:50: [SM] Blaming: weapon_restrict.smx
L 11/19/2020 - 17:58:50: [SM] Call stack trace:
L 11/19/2020 - 17:58:50: [SM]   [1] Line 202, restrictinc/events.sp::CS_OnBuyCommand
L 11/19/2020 - 20:14:17: Error log file session closed.
L 11/19/2020 - 20:14:17: SourceMod error session started
L 11/19/2020 - 20:14:17: Info (map "de_overpass") (file "/home/tcagame/jackm1/527/csgo/addons/sourcemod/logs/errors_20201119.log")
L 11/19/2020 - 20:14:17: [SM] Fatal error encountered parsing translation file "advadmin.phrases.txt"
L 11/19/2020 - 20:14:17: [SM] Error (line 0, column 0): Stream failed to open
L 11/19/2020 - 20:14:38: [SM] Exception reported: Array index out-of-bounds (index 64, limit 55)
L 11/19/2020 - 20:14:38: [SM] Blaming: weapon_restrict.smx
L 11/19/2020 - 20:14:38: [SM] Call stack trace:
L 11/19/2020 - 20:14:38: [SM]   [1] Line 202, restrictinc/events.sp::CS_OnBuyCommand
L 11/19/2020 - 20:15:02: [SM] Exception reported: Language phrase "Player_Connected_From" not found (arg 3)
L 11/19/2020 - 20:15:02: [SM] Blaming: advadmin.smx
L 11/19/2020 - 20:15:02: [SM] Call stack trace:
L 11/19/2020 - 20:15:02: [SM]   [0] VFormat
L 11/19/2020 - 20:15:02: [SM]   [1] Line 386, /groups/sourcemod/compiler-1.10/include/halflife.inc::PrintToChatAll
L 11/19/2020 - 20:15:02: [SM]   [2] Line 141, /home/groups/sourcemod/upload_tmp/phpRYtiXm.sp::OnClientAuthorized
L 11/19/2020 - 20:16:06: [SM] Exception reported: Language phrase "Player_Connected_From" not found (arg 3)
L 11/19/2020 - 20:16:06: [SM] Blaming: advadmin.smx
L 11/19/2020 - 20:16:06: [SM] Call stack trace:
L 11/19/2020 - 20:16:06: [SM]   [0] VFormat
L 11/19/2020 - 20:16:06: [SM]   [1] Line 386, /groups/sourcemod/compiler-1.10/include/halflife.inc::PrintToChatAll
L 11/19/2020 - 20:16:06: [SM]   [2] Line 141, /home/groups/sourcemod/upload_tmp/phpRYtiXm.sp::OnClientAuthorized
L 11/19/2020 - 20:16:15: [SM] Exception reported: Array index out-of-bounds (index 64, limit 55)
L 11/19/2020 - 20:16:15: [SM] Blaming: weapon_restrict.smx
L 11/19/2020 - 20:16:15: [SM] Call stack trace:
L 11/19/2020 - 20:16:15: [SM]   [1] Line 202, restrictinc/events.sp::CS_OnBuyCommand
L 11/19/2020 - 20:17:19: [SM] Exception reported: Array index out-of-bounds (index 64, limit 55)
L 11/19/2020 - 20:17:19: [SM] Blaming: weapon_restrict.smx
L 11/19/2020 - 20:17:19: [SM] Call stack trace:
L 11/19/2020 - 20:17:19: [SM]   [1] Line 202, restrictinc/events.sp::CS_OnBuyCommand
L 11/19/2020 - 20:17:56: [SM] Exception reported: Language phrase "Player_Connected_From" not found (arg 3)
L 11/19/2020 - 20:17:56: [SM] Blaming: advadmin.smx
L 11/19/2020 - 20:17:56: [SM] Call stack trace:
L 11/19/2020 - 20:17:56: [SM]   [0] VFormat
L 11/19/2020 - 20:17:56: [SM]   [1] Line 386, /groups/sourcemod/compiler-1.10/include/halflife.inc::PrintToChatAll
L 11/19/2020 - 20:17:56: [SM]   [2] Line 141, /home/groups/sourcemod/upload_tmp/phpRYtiXm.sp::OnClientAuthorized
L 11/19/2020 - 20:18:00: [SM] Exception reported: Array index out-of-bounds (index 64, limit 55)
L 11/19/2020 - 20:18:00: [SM] Blaming: weapon_restrict.smx
L 11/19/2020 - 20:18:00: [SM] Call stack trace:
L 11/19/2020 - 20:18:00: [SM]   [1] Line 202, restrictinc/events.sp::CS_OnBuyCommand
L 11/19/2020 - 20:21:30: [SM] Exception reported: Array index out-of-bounds (index 64, limit 55)
L 11/19/2020 - 20:21:30: [SM] Blaming: weapon_restrict.smx
L 11/19/2020 - 20:21:30: [SM] Call stack trace:
L 11/19/2020 - 20:21:30: [SM]   [1] Line 202, restrictinc/events.sp::CS_OnBuyCommand
L 11/19/2020 - 20:21:38: Error log file session closed.
L 11/19/2020 - 20:21:38: SourceMod error session started
L 11/19/2020 - 20:21:38: Info (map "de_overpass") (file "/home/tcagame/jackm1/527/csgo/addons/sourcemod/logs/errors_20201119.log")
L 11/19/2020 - 20:21:38: [SM] Fatal error encountered parsing translation file "advadmin.phrases.txt"
L 11/19/2020 - 20:21:38: [SM] Error (line 0, column 0): Stream failed to open
L 11/19/2020 - 20:21:49: [SM] Exception reported: Array index out-of-bounds (index 64, limit 55)
L 11/19/2020 - 20:21:49: [SM] Blaming: weapon_restrict.smx
L 11/19/2020 - 20:21:49: [SM] Call stack trace:
L 11/19/2020 - 20:21:49: [SM]   [1] Line 202, restrictinc/events.sp::CS_OnBuyCommand
L 11/19/2020 - 20:21:52: [SM] Exception reported: Language phrase "Player_Connected" not found (arg 3)
L 11/19/2020 - 20:21:52: [SM] Blaming: advadmin.smx
L 11/19/2020 - 20:21:52: [SM] Call stack trace:
L 11/19/2020 - 20:21:52: [SM]   [0] VFormat
L 11/19/2020 - 20:21:52: [SM]   [1] Line 386, /groups/sourcemod/compiler-1.10/include/halflife.inc::PrintToChatAll
L 11/19/2020 - 20:21:52: [SM]   [2] Line 145, /home/groups/sourcemod/upload_tmp/phpRYtiXm.sp::OnClientAuthorized
L 11/19/2020 - 20:22:20: [SM] Exception reported: Array index out-of-bounds (index 64, limit 55)
L 11/19/2020 - 20:22:20: [SM] Blaming: weapon_restrict.smx
L 11/19/2020 - 20:22:20: [SM] Call stack trace:
L 11/19/2020 - 20:22:20: [SM]   [1] Line 202, restrictinc/events.sp::CS_OnBuyCommand
L 11/19/2020 - 20:23:40: [SM] Exception reported: Array index out-of-bounds (index 64, limit 55)
L 11/19/2020 - 20:23:40: [SM] Blaming: weapon_restrict.smx
L 11/19/2020 - 20:23:40: [SM] Call stack trace:
L 11/19/2020 - 20:23:40: [SM]   [1] Line 202, restrictinc/events.sp::CS_OnBuyCommand
L 11/19/2020 - 20:23:42: [SM] Exception reported: Array index out-of-bounds (index 64, limit 55)
L 11/19/2020 - 20:23:42: [SM] Blaming: weapon_restrict.smx
L 11/19/2020 - 20:23:42: [SM] Call stack trace:
L 11/19/2020 - 20:23:42: [SM]   [1] Line 202, restrictinc/events.sp::CS_OnBuyCommand
L 11/19/2020 - 20:26:13: [SM] Exception reported: Language phrase "Player_Connected_From" not found (arg 3)
L 11/19/2020 - 20:26:13: [SM] Blaming: advadmin.smx
L 11/19/2020 - 20:26:13: [SM] Call stack trace:
L 11/19/2020 - 20:26:13: [SM]   [0] VFormat
L 11/19/2020 - 20:26:13: [SM]   [1] Line 386, /groups/sourcemod/compiler-1.10/include/halflife.inc::PrintToChatAll
L 11/19/2020 - 20:26:13: [SM]   [2] Line 141, /home/groups/sourcemod/upload_tmp/phpRYtiXm.sp::OnClientAuthorized
L 11/19/2020 - 20:26:52: [SM] Exception reported: Array index out-of-bounds (index 64, limit 55)
L 11/19/2020 - 20:26:52: [SM] Blaming: weapon_restrict.smx
L 11/19/2020 - 20:26:52: [SM] Call stack trace:
L 11/19/2020 - 20:26:52: [SM]   [1] Line 202, restrictinc/events.sp::CS_OnBuyCommand
L 11/19/2020 - 20:28:27: [SM] Exception reported: Array index out-of-bounds (index 64, limit 55)
L 11/19/2020 - 20:28:27: [SM] Blaming: weapon_restrict.smx
L 11/19/2020 - 20:28:27: [SM] Call stack trace:
L 11/19/2020 - 20:28:27: [SM]   [1] Line 202, restrictinc/events.sp::CS_OnBuyCommand
L 11/19/2020 - 20:29:56: [SM] Exception reported: Array index out-of-bounds (index 64, limit 55)
L 11/19/2020 - 20:29:56: [SM] Blaming: weapon_restrict.smx
L 11/19/2020 - 20:29:56: [SM] Call stack trace:
L 11/19/2020 - 20:29:56: [SM]   [1] Line 202, restrictinc/events.sp::CS_OnBuyCommand
L 11/19/2020 - 20:30:35: [SM] Exception reported: Array index out-of-bounds (index 64, limit 55)
L 11/19/2020 - 20:30:35: [SM] Blaming: weapon_restrict.smx
L 11/19/2020 - 20:30:35: [SM] Call stack trace:
L 11/19/2020 - 20:30:35: [SM]   [1] Line 202, restrictinc/events.sp::CS_OnBuyCommand
L 11/19/2020 - 20:32:01: [SM] Exception reported: Language phrase "Player_Connected_From" not found (arg 3)
L 11/19/2020 - 20:32:01: [SM] Blaming: advadmin.smx
L 11/19/2020 - 20:32:01: [SM] Call stack trace:
L 11/19/2020 - 20:32:01: [SM]   [0] VFormat
L 11/19/2020 - 20:32:01: [SM]   [1] Line 386, /groups/sourcemod/compiler-1.10/include/halflife.inc::PrintToChatAll
L 11/19/2020 - 20:32:01: [SM]   [2] Line 141, /home/groups/sourcemod/upload_tmp/phpRYtiXm.sp::OnClientAuthorized
L 11/19/2020 - 20:35:39: [SM] Exception reported: Array index out-of-bounds (index 64, limit 55)
L 11/19/2020 - 20:35:39: [SM] Blaming: weapon_restrict.smx
L 11/19/2020 - 20:35:39: [SM] Call stack trace:
L 11/19/2020 - 20:35:39: [SM]   [1] Line 202, restrictinc/events.sp::CS_OnBuyCommand
L 11/19/2020 - 20:37:02: [SM] Exception reported: Array index out-of-bounds (index 64, limit 55)
L 11/19/2020 - 20:37:02: [SM] Blaming: weapon_restrict.smx
L 11/19/2020 - 20:37:02: [SM] Call stack trace:
L 11/19/2020 - 20:37:02: [SM]   [1] Line 202, restrictinc/events.sp::CS_OnBuyCommand
L 11/19/2020 - 20:50:12: [SM] Exception reported: Array index out-of-bounds (index 64, limit 55)
L 11/19/2020 - 20:50:12: [SM] Blaming: weapon_restrict.smx
L 11/19/2020 - 20:50:12: [SM] Call stack trace:
L 11/19/2020 - 20:50:12: [SM]   [1] Line 202, restrictinc/events.sp::CS_OnBuyCommand
L 11/19/2020 - 20:50:19: [SM] Exception reported: Array index out-of-bounds (index 64, limit 55)
L 11/19/2020 - 20:50:19: [SM] Blaming: weapon_restrict.smx
L 11/19/2020 - 20:50:19: [SM] Call stack trace:
L 11/19/2020 - 20:50:19: [SM]   [1] Line 202, restrictinc/events.sp::CS_OnBuyCommand
L 11/19/2020 - 20:50:21: [SM] Exception reported: Array index out-of-bounds (index 64, limit 55)
L 11/19/2020 - 20:50:21: [SM] Blaming: weapon_restrict.smx
L 11/19/2020 - 20:50:21: [SM] Call stack trace:
L 11/19/2020 - 20:50:21: [SM]   [1] Line 202, restrictinc/events.sp::CS_OnBuyCommand
L 11/19/2020 - 20:50:48: [SM] Exception reported: Array index out-of-bounds (index 64, limit 55)
L 11/19/2020 - 20:50:48: [SM] Blaming: weapon_restrict.smx
L 11/19/2020 - 20:50:48: [SM] Call stack trace:
L 11/19/2020 - 20:50:48: [SM]   [1] Line 202, restrictinc/events.sp::CS_OnBuyCommand
L 11/19/2020 - 20:50:53: [SM] Exception reported: Array index out-of-bounds (index 64, limit 55)
L 11/19/2020 - 20:50:53: [SM] Blaming: weapon_restrict.smx
L 11/19/2020 - 20:50:53: [SM] Call stack trace:
L 11/19/2020 - 20:50:53: [SM]   [1] Line 202, restrictinc/events.sp::CS_OnBuyCommand
L 11/19/2020 - 20:53:09: [SM] Exception reported: Array index out-of-bounds (index 64, limit 55)
L 11/19/2020 - 20:53:09: [SM] Blaming: weapon_restrict.smx
L 11/19/2020 - 20:53:09: [SM] Call stack trace:
L 11/19/2020 - 20:53:09: [SM]   [1] Line 202, restrictinc/events.sp::CS_OnBuyCommand
L 11/19/2020 - 20:55:05: [SM] Exception reported: Array index out-of-bounds (index 64, limit 55)
L 11/19/2020 - 20:55:05: [SM] Blaming: weapon_restrict.smx
L 11/19/2020 - 20:55:05: [SM] Call stack trace:
L 11/19/2020 - 20:55:05: [SM]   [1] Line 202, restrictinc/events.sp::CS_OnBuyCommand
L 11/19/2020 - 20:55:38: [SM] Exception reported: Array index out-of-bounds (index 64, limit 55)
L 11/19/2020 - 20:55:38: [SM] Blaming: weapon_restrict.smx
L 11/19/2020 - 20:55:38: [SM] Call stack trace:
L 11/19/2020 - 20:55:38: [SM]   [1] Line 202, restrictinc/events.sp::CS_OnBuyCommand
L 11/19/2020 - 20:57:54: [SM] Exception reported: Array index out-of-bounds (index 64, limit 55)
L 11/19/2020 - 20:57:54: [SM] Blaming: weapon_restrict.smx
L 11/19/2020 - 20:57:54: [SM] Call stack trace:
L 11/19/2020 - 20:57:54: [SM]   [1] Line 202, restrictinc/events.sp::CS_OnBuyCommand
L 11/19/2020 - 20:59:51: [SM] Exception reported: Array index out-of-bounds (index 64, limit 55)
L 11/19/2020 - 20:59:51: [SM] Blaming: weapon_restrict.smx
L 11/19/2020 - 20:59:51: [SM] Call stack trace:
L 11/19/2020 - 20:59:51: [SM]   [1] Line 202, restrictinc/events.sp::CS_OnBuyCommand
L 11/19/2020 - 21:02:48: [SM] Exception reported: Array index out-of-bounds (index 64, limit 55)
L 11/19/2020 - 21:02:48: [SM] Blaming: weapon_restrict.smx
L 11/19/2020 - 21:02:48: [SM] Call stack trace:
L 11/19/2020 - 21:02:48: [SM]   [1] Line 202, restrictinc/events.sp::CS_OnBuyCommand
L 11/20/2020 - 14:21:21: Error log file session closed.
