L 12/22/2020 - 04:01:34: SourceMod log file session started (file "/home/tcagame/jackm1/527/csgo/addons/sourcemod/logs/L20201222.log") (Version "1.10.0.6502")
L 12/22/2020 - 04:01:34: -------- Mapchange to de_overpass --------
L 12/22/2020 - 04:29:40: -------- Mapchange to cs_italy --------
L 12/22/2020 - 06:13:08: -------- Mapchange to cs_italy --------
L 12/22/2020 - 06:21:15: -------- Mapchange to de_overpass --------
L 12/22/2020 - 15:16:58: -------- Mapchange to de_overpass --------
L 12/22/2020 - 15:44:16: -------- Mapchange to de_overpass --------
L 12/22/2020 - 18:08:18: -------- Mapchange to de_overpass --------
L 12/22/2020 - 18:13:28: -------- Mapchange to de_inferno --------
L 12/22/2020 - 19:29:40: -------- Mapchange to de_inferno --------
L 12/22/2020 - 19:44:40: [funcommands.smx] "Bored<175><STEAM_1:1:113204936><>" drugged "MY FIRST STORY<174><STEAM_1:0:182229334><>"
L 12/22/2020 - 19:44:57: [funcommands.smx] "Bored<175><STEAM_1:1:113204936><>" undrugged "MY FIRST STORY<174><STEAM_1:0:182229334><>"
L 12/22/2020 - 19:46:04: [playercommands.smx] "Bored<175><STEAM_1:1:113204936><>" slapped "MY FIRST STORY<174><STEAM_1:0:182229334><>" (damage "0")
L 12/22/2020 - 19:46:06: [playercommands.smx] "Bored<175><STEAM_1:1:113204936><>" slapped "MY FIRST STORY<174><STEAM_1:0:182229334><>" (damage "0")
L 12/22/2020 - 19:46:08: [playercommands.smx] "Bored<175><STEAM_1:1:113204936><>" slapped "MY FIRST STORY<174><STEAM_1:0:182229334><>" (damage "0")
L 12/22/2020 - 19:46:11: [playercommands.smx] "Bored<175><STEAM_1:1:113204936><>" slapped "MY FIRST STORY<174><STEAM_1:0:182229334><>" (damage "0")
L 12/22/2020 - 19:46:15: [playercommands.smx] "Bored<175><STEAM_1:1:113204936><>" slapped "MY FIRST STORY<174><STEAM_1:0:182229334><>" (damage "0")
L 12/22/2020 - 19:46:20: [playercommands.smx] "Bored<175><STEAM_1:1:113204936><>" slayed "MY FIRST STORY<174><STEAM_1:0:182229334><>"
L 12/22/2020 - 20:05:14: -------- Mapchange to de_dust2 --------
L 12/22/2020 - 22:49:20: -------- Mapchange to de_mirage --------
L 12/22/2020 - 23:47:09: -------- Mapchange to de_mirage --------
L 12/23/2020 - 00:03:15: Log file closed.
