L 12/16/2020 - 00:01:12: SourceMod log file session started (file "/home/tcagame/jackm1/527/csgo/addons/sourcemod/logs/L20201216.log") (Version "1.10.0.6490")
L 12/16/2020 - 00:01:12: -------- Mapchange to de_inferno --------
L 12/16/2020 - 00:01:12: [basecommands.smx] "Console<0><Console><Console>" changed cvar (cvar "sv_vote_issue_changelevel_allowed") (value "0")
L 12/16/2020 - 00:02:58: [basecommands.smx] "Console<0><Console><Console>" changed cvar (cvar "sv_vote_issue_changelevel_allowed") (value "0")
L 12/16/2020 - 12:22:22: -------- Mapchange to de_inferno --------
L 12/16/2020 - 12:22:22: [basecommands.smx] "Console<0><Console><Console>" changed cvar (cvar "sv_vote_issue_changelevel_allowed") (value "0")
L 12/16/2020 - 12:26:14: -------- Mapchange to de_mirage --------
L 12/16/2020 - 12:26:14: [basecommands.smx] "Console<0><Console><Console>" changed cvar (cvar "sv_vote_issue_changelevel_allowed") (value "0")
L 12/16/2020 - 12:26:58: [basecommands.smx] "Console<0><Console><Console>" changed cvar (cvar "sv_vote_issue_changelevel_allowed") (value "0")
L 12/16/2020 - 14:20:07: -------- Mapchange to de_mirage --------
L 12/16/2020 - 14:20:07: [basecommands.smx] "Console<0><Console><Console>" changed cvar (cvar "sv_vote_issue_changelevel_allowed") (value "0")
L 12/16/2020 - 14:50:05: -------- Mapchange to de_mirage --------
L 12/16/2020 - 14:50:06: [basecommands.smx] "Console<0><Console><Console>" changed cvar (cvar "sv_vote_issue_changelevel_allowed") (value "0")
L 12/16/2020 - 16:23:39: -------- Mapchange to de_mirage --------
L 12/16/2020 - 16:23:39: [basecommands.smx] "Console<0><Console><Console>" changed cvar (cvar "sv_vote_issue_changelevel_allowed") (value "0")
L 12/16/2020 - 17:08:01: -------- Mapchange to de_mirage --------
L 12/16/2020 - 17:08:01: [basecommands.smx] "Console<0><Console><Console>" changed cvar (cvar "sv_vote_issue_changelevel_allowed") (value "0")
L 12/16/2020 - 17:21:09: -------- Mapchange to de_mirage --------
L 12/16/2020 - 17:21:09: [basecommands.smx] "Console<0><Console><Console>" changed cvar (cvar "sv_vote_issue_changelevel_allowed") (value "0")
L 12/16/2020 - 17:47:42: -------- Mapchange to de_mirage --------
L 12/16/2020 - 17:47:42: [basecommands.smx] "Console<0><Console><Console>" changed cvar (cvar "sv_vote_issue_changelevel_allowed") (value "0")
L 12/16/2020 - 17:57:55: -------- Mapchange to de_mirage --------
L 12/16/2020 - 17:57:55: [basecommands.smx] "Console<0><Console><Console>" changed cvar (cvar "sv_vote_issue_changelevel_allowed") (value "0")
L 12/16/2020 - 18:02:45: -------- Mapchange to de_bank --------
L 12/16/2020 - 18:02:45: [basecommands.smx] "Console<0><Console><Console>" changed cvar (cvar "sv_vote_issue_changelevel_allowed") (value "0")
L 12/16/2020 - 18:03:26: [basecommands.smx] "Console<0><Console><Console>" changed cvar (cvar "sv_vote_issue_changelevel_allowed") (value "0")
L 12/16/2020 - 19:54:58: -------- Mapchange to de_train --------
L 12/16/2020 - 19:54:58: [basecommands.smx] "Console<0><Console><Console>" changed cvar (cvar "sv_vote_issue_changelevel_allowed") (value "0")
L 12/16/2020 - 19:56:24: [basecommands.smx] "Console<0><Console><Console>" changed cvar (cvar "sv_vote_issue_changelevel_allowed") (value "0")
L 12/16/2020 - 20:54:16: -------- Mapchange to de_train --------
L 12/16/2020 - 20:54:16: [basecommands.smx] "Console<0><Console><Console>" changed cvar (cvar "sv_vote_issue_changelevel_allowed") (value "0")
L 12/16/2020 - 20:54:57: [basecommands.smx] "Leo Dooly<64><STEAM_1:0:109554979><>" changed map to "mirage"
L 12/16/2020 - 20:55:00: [SM] Changed map to "mirage"
L 12/16/2020 - 20:55:01: -------- Mapchange to de_mirage --------
L 12/16/2020 - 20:55:01: [basecommands.smx] "Console<0><Console><Console>" changed cvar (cvar "sv_vote_issue_changelevel_allowed") (value "0")
L 12/16/2020 - 20:58:32: [basecommands.smx] "Console<0><Console><Console>" changed cvar (cvar "sv_vote_issue_changelevel_allowed") (value "0")
L 12/16/2020 - 22:25:51: -------- Mapchange to de_mirage --------
L 12/16/2020 - 22:25:51: [basecommands.smx] "Console<0><Console><Console>" changed cvar (cvar "sv_vote_issue_changelevel_allowed") (value "0")
L 12/16/2020 - 23:18:11: -------- Mapchange to de_mirage --------
L 12/16/2020 - 23:18:11: [basecommands.smx] "Console<0><Console><Console>" changed cvar (cvar "sv_vote_issue_changelevel_allowed") (value "0")
L 12/17/2020 - 09:10:02: Log file closed.
