L 02/17/2021 - 06:49:43: SourceMod log file session started (file "/home/tcagame/jackm1/599/csgo/addons/sourcemod/logs/L20210217.log") (Version "1.10.0.6502")
L 02/17/2021 - 06:49:43: -------- Mapchange to de_vertigo --------
L 02/17/2021 - 07:10:22: -------- Mapchange to de_vertigo --------
L 02/17/2021 - 13:50:09: -------- Mapchange to de_vertigo --------
L 02/17/2021 - 15:00:44: -------- Mapchange to de_vertigo --------
L 02/17/2021 - 16:14:41: -------- Mapchange to de_vertigo --------
L 02/17/2021 - 16:18:47: -------- Mapchange to de_cache --------
L 02/17/2021 - 16:54:10: [basecommands.smx] "death4two<289><STEAM_1:1:89148858><>" kicked "death4two<289><STEAM_1:1:89148858><>" (reason "1")
L 02/17/2021 - 16:56:02: -------- Mapchange to de_overpass --------
L 02/17/2021 - 17:41:45: -------- Mapchange to de_overpass --------
L 02/17/2021 - 18:44:33: -------- Mapchange to de_overpass --------
L 02/17/2021 - 18:46:54: -------- Mapchange to de_inferno --------
L 02/17/2021 - 19:17:19: -------- Mapchange to de_inferno --------
L 02/17/2021 - 20:33:58: -------- Mapchange to de_inferno --------
L 02/17/2021 - 21:38:32: Log file closed.
L 02/17/2021 - 22:04:31: SourceMod log file session started (file "/home/tcagame/jackm1/599/csgo/addons/sourcemod/logs/L20210217.log") (Version "1.10.0.6502")
L 02/17/2021 - 22:04:31: [GEOIP] GeoIP database info: GEO-106FREE 20180327 Build 1 Copyright (c) 2018 MaxMind Inc All Rights Reserved
L 02/17/2021 - 22:18:03: -------- Mapchange to de_inferno --------
L 02/17/2021 - 22:44:20: -------- Mapchange to de_inferno --------
L 02/17/2021 - 22:49:54: -------- Mapchange to de_overpass --------
L 02/18/2021 - 06:44:00: Log file closed.
