L 11/08/2020 - 00:26:40: SourceMod log file session started (file "/home/tcagame/jackm1/527/csgo/addons/sourcemod/logs/L20201108.log") (Version "1.10.0.6490")
L 11/08/2020 - 00:26:40: -------- Mapchange to de_nuke --------
L 11/08/2020 - 02:02:55: -------- Mapchange to de_nuke --------
L 11/08/2020 - 02:09:48: -------- Mapchange to de_overpass --------
L 11/08/2020 - 02:38:39: -------- Mapchange to de_overpass --------
L 11/08/2020 - 02:42:05: -------- Mapchange to de_bank --------
L 11/08/2020 - 04:42:22: -------- Mapchange to de_bank --------
L 11/08/2020 - 07:37:43: -------- Mapchange to de_bank --------
L 11/08/2020 - 07:40:43: -------- Mapchange to de_bank --------
L 11/08/2020 - 14:05:06: -------- Mapchange to de_bank --------
L 11/08/2020 - 14:08:01: -------- Mapchange to de_dust2 --------
L 11/08/2020 - 14:44:43: -------- Mapchange to de_mirage --------
L 11/08/2020 - 16:19:54: -------- Mapchange to de_mirage --------
L 11/08/2020 - 16:22:20: -------- Mapchange to cs_militia --------
L 11/08/2020 - 19:59:22: -------- Mapchange to cs_militia --------
L 11/08/2020 - 20:05:50: -------- Mapchange to de_mirage --------
L 11/08/2020 - 20:20:10: -------- Mapchange to de_mirage --------
L 11/08/2020 - 20:26:02: -------- Mapchange to de_mirage --------
L 11/08/2020 - 20:59:30: -------- Mapchange to de_mirage --------
L 11/08/2020 - 21:05:30: -------- Mapchange to de_dust2 --------
L 11/08/2020 - 21:39:32: -------- Mapchange to de_dust2 --------
L 11/08/2020 - 21:40:01: -------- Mapchange to de_dust2 --------
L 11/08/2020 - 22:13:27: -------- Mapchange to de_dust2 --------
L 11/08/2020 - 22:34:37: -------- Mapchange to de_dust2 --------
L 11/09/2020 - 01:55:15: Log file closed.
