L 12/25/2020 - 01:50:34: SourceMod log file session started (file "/home/tcagame/jackm1/527/csgo/addons/sourcemod/logs/L20201225.log") (Version "1.10.0.6502")
L 12/25/2020 - 01:50:34: -------- Mapchange to de_mirage --------
L 12/25/2020 - 11:05:59: -------- Mapchange to de_mirage --------
L 12/25/2020 - 12:38:42: -------- Mapchange to de_mirage --------
L 12/25/2020 - 12:56:51: -------- Mapchange to de_bank --------
L 12/25/2020 - 14:04:06: -------- Mapchange to de_bank --------
L 12/25/2020 - 15:26:25: -------- Mapchange to de_bank --------
L 12/25/2020 - 15:27:03: -------- Mapchange to de_bank --------
L 12/25/2020 - 16:47:51: -------- Mapchange to de_bank --------
L 12/25/2020 - 17:09:17: [basechat.smx] "Bored<279><STEAM_1:1:113204936><>" triggered sm_say (text trx u better win ;) )
L 12/25/2020 - 17:09:27: [basechat.smx] "Bored<279><STEAM_1:1:113204936><>" triggered sm_say (text u better win ;) )
L 12/25/2020 - 17:09:37: [basechat.smx] "Bored<279><STEAM_1:1:113204936><>" triggered sm_say (text what cheat u testin?)
L 12/25/2020 - 17:10:31: [basechat.smx] "Bored<279><STEAM_1:1:113204936><>" triggered sm_say (text ot is pretty bad but ima play phas with the boys if theres any issue with the serv plz dm me.)
L 12/25/2020 - 17:41:04: -------- Mapchange to de_inferno --------
L 12/25/2020 - 18:00:29: [basechat.smx] "Bored<284><STEAM_1:1:113204936><>" triggered sm_say (text sup)
L 12/25/2020 - 18:00:42: [basechat.smx] "Bored<284><STEAM_1:1:113204936><>" triggered sm_say (text we know.)
L 12/25/2020 - 18:01:08: [basechat.smx] "Bored<284><STEAM_1:1:113204936><>" triggered sm_say (text girls are temporary, hvh is fore)
L 12/25/2020 - 18:01:11: [basechat.smx] "Bored<284><STEAM_1:1:113204936><>" triggered sm_say (text cringe name.)
L 12/25/2020 - 18:31:23: -------- Mapchange to de_mirage --------
L 12/25/2020 - 22:00:38: -------- Mapchange to de_mirage --------
L 12/25/2020 - 23:05:59: -------- Mapchange to de_mirage --------
L 12/25/2020 - 23:10:39: -------- Mapchange to de_safehouse --------
L 12/25/2020 - 23:50:46: -------- Mapchange to de_safehouse --------
L 12/26/2020 - 01:53:12: Log file closed.
