L 12/02/2020 - 15:37:35: SourceMod log file session started (file "/home/tcagame/jackm1/527/csgo/addons/sourcemod/logs/L20201202.log") (Version "1.10.0.6490")
L 12/02/2020 - 15:37:35: -------- Mapchange to de_overpass --------
L 12/02/2020 - 18:52:12: -------- Mapchange to de_overpass --------
L 12/02/2020 - 19:03:54: [basechat.smx] "Leo Dooly<155><STEAM_1:0:109554979><>" triggered sm_say (text ct i expect better of u lmao)
L 12/02/2020 - 19:04:06: [basechat.smx] "Leo Dooly<155><STEAM_1:0:109554979><>" triggered sm_say (text lmao)
L 12/02/2020 - 19:10:32: [basechat.smx] "Leo Dooly<157><STEAM_1:0:109554979><>" triggered sm_say (text thx dusty rpc looks good)
L 12/02/2020 - 19:29:50: [basechat.smx] "Leo Dooly<157><STEAM_1:0:109554979><>" triggered sm_say (text me and my friend are using sv next)
L 12/02/2020 - 20:14:48: [basecommands.smx] "Leo Dooly<160><STEAM_1:0:109554979><>" console command (cmdline "bot_kick")
L 12/02/2020 - 20:58:56: [basecommands.smx] "Leo Dooly<160><STEAM_1:0:109554979><>" changed map to "mirage"
L 12/02/2020 - 20:58:59: [SM] Changed map to "mirage"
L 12/02/2020 - 20:59:00: -------- Mapchange to de_mirage --------
L 12/02/2020 - 21:10:55: [basechat.smx] "Leo Dooly<160><STEAM_1:0:109554979><>" triggered sm_say (text SV SIDE 5 PER ROUND PAYMENTS - PP BTC)
L 12/02/2020 - 21:10:56: [basechat.smx] "Leo Dooly<160><STEAM_1:0:109554979><>" triggered sm_say (text SV SIDE 5 PER ROUND PAYMENTS - PP BTC)
L 12/02/2020 - 21:10:56: [basechat.smx] "Leo Dooly<160><STEAM_1:0:109554979><>" triggered sm_say (text SV SIDE 5 PER ROUND PAYMENTS - PP BTC)
L 12/02/2020 - 21:10:56: [basechat.smx] "Leo Dooly<160><STEAM_1:0:109554979><>" triggered sm_say (text SV SIDE 5 PER ROUND PAYMENTS - PP BTC)
L 12/02/2020 - 21:10:56: [basechat.smx] "Leo Dooly<160><STEAM_1:0:109554979><>" triggered sm_say (text SV SIDE 5 PER ROUND PAYMENTS - PP BTC)
L 12/02/2020 - 21:10:57: [basechat.smx] "Leo Dooly<160><STEAM_1:0:109554979><>" triggered sm_say (text SV SIDE 5 PER ROUND PAYMENTS - PP BTC)
L 12/02/2020 - 21:10:57: [basechat.smx] "Leo Dooly<160><STEAM_1:0:109554979><>" triggered sm_say (text SV SIDE 5 PER ROUND PAYMENTS - PP BTC)
L 12/02/2020 - 21:10:57: [basechat.smx] "Leo Dooly<160><STEAM_1:0:109554979><>" triggered sm_say (text SV SIDE 5 PER ROUND PAYMENTS - PP BTC)
L 12/02/2020 - 21:10:57: [basechat.smx] "Leo Dooly<160><STEAM_1:0:109554979><>" triggered sm_say (text SV SIDE 5 PER ROUND PAYMENTS - PP BTC)
L 12/02/2020 - 21:10:58: [basechat.smx] "Leo Dooly<160><STEAM_1:0:109554979><>" triggered sm_say (text SV SIDE 5 PER ROUND PAYMENTS - PP BTC)
L 12/02/2020 - 21:10:58: [basechat.smx] "Leo Dooly<160><STEAM_1:0:109554979><>" triggered sm_say (text SV SIDE 5 PER ROUND PAYMENTS - PP BTC)
L 12/02/2020 - 21:10:58: [basechat.smx] "Leo Dooly<160><STEAM_1:0:109554979><>" triggered sm_say (text SV SIDE 5 PER ROUND PAYMENTS - PP BTC)
L 12/02/2020 - 21:10:58: [basechat.smx] "Leo Dooly<160><STEAM_1:0:109554979><>" triggered sm_say (text SV SIDE 5 PER ROUND PAYMENTS - PP BTC)
L 12/02/2020 - 21:10:59: [basechat.smx] "Leo Dooly<160><STEAM_1:0:109554979><>" triggered sm_say (text SV SIDE 5 PER ROUND PAYMENTS - PP BTC)
L 12/02/2020 - 21:15:28: [basechat.smx] "Leo Dooly<160><STEAM_1:0:109554979><>" triggered sm_say (text kahzi where tf did u go)
L 12/02/2020 - 21:15:29: [basechat.smx] "Leo Dooly<160><STEAM_1:0:109554979><>" triggered sm_say (text kahzi where tf did u go)
L 12/02/2020 - 21:15:29: [basechat.smx] "Leo Dooly<160><STEAM_1:0:109554979><>" triggered sm_say (text kahzi where tf did u go)
L 12/02/2020 - 21:15:29: [basechat.smx] "Leo Dooly<160><STEAM_1:0:109554979><>" triggered sm_say (text kahzi where tf did u go)
L 12/02/2020 - 21:15:29: [basechat.smx] "Leo Dooly<160><STEAM_1:0:109554979><>" triggered sm_say (text kahzi where tf did u go)
L 12/02/2020 - 21:15:30: [basechat.smx] "Leo Dooly<160><STEAM_1:0:109554979><>" triggered sm_say (text kahzi where tf did u go)
L 12/02/2020 - 21:15:30: [basechat.smx] "Leo Dooly<160><STEAM_1:0:109554979><>" triggered sm_say (text kahzi where tf did u go)
L 12/02/2020 - 21:15:30: [basechat.smx] "Leo Dooly<160><STEAM_1:0:109554979><>" triggered sm_say (text kahzi where tf did u go)
L 12/02/2020 - 21:15:30: [basechat.smx] "Leo Dooly<160><STEAM_1:0:109554979><>" triggered sm_say (text kahzi where tf did u go)
L 12/02/2020 - 21:15:31: [basechat.smx] "Leo Dooly<160><STEAM_1:0:109554979><>" triggered sm_say (text kahzi where tf did u go)
L 12/02/2020 - 21:15:31: [basechat.smx] "Leo Dooly<160><STEAM_1:0:109554979><>" triggered sm_say (text kahzi where tf did u go)
L 12/02/2020 - 21:15:31: [basechat.smx] "Leo Dooly<160><STEAM_1:0:109554979><>" triggered sm_say (text kahzi where tf did u go)
L 12/02/2020 - 21:38:29: [basecommands.smx] "Leo Dooly<164><STEAM_1:0:109554979><>" kicked "cytex<163><STEAM_1:0:552508106><>" (reason "")
L 12/02/2020 - 21:38:44: [basecommands.smx] "Leo Dooly<164><STEAM_1:0:109554979><>" kicked "cytex<165><STEAM_1:0:552508106><>" (reason "")
L 12/02/2020 - 21:39:11: [basebans.smx] "Leo Dooly<164><STEAM_1:0:109554979><>" banned "cytex<166><STEAM_1:0:552508106><>" (minutes "16") (reason "")
L 12/02/2020 - 21:39:45: [basebans.smx] "Leo Dooly<164><STEAM_1:0:109554979><>" banned "cytex<167><STEAM_1:0:552508106><>" (minutes "16") (reason "")
L 12/02/2020 - 21:40:01: [basebans.smx] "Leo Dooly<164><STEAM_1:0:109554979><>" banned "cytex<168><STEAM_1:0:552508106><>" (minutes "0") (reason "")
L 12/02/2020 - 23:00:31: -------- Mapchange to de_mirage --------
L 12/03/2020 - 00:48:15: Log file closed.
