L 09/20/2020 - 14:44:03: SourceMod log file session started (file "/home/tcagame/jackm1/527/csgo/addons/sourcemod/logs/L20200920.log") (Version "1.10.0.6490")
L 09/20/2020 - 14:44:03: -------- Mapchange to de_overpass --------
L 09/20/2020 - 14:47:38: SourceMod log file session started (file "/home/tcagame/jackm1/527/csgo/addons/sourcemod/logs/L20200920.log") (Version "1.10.0.6490")
L 09/20/2020 - 14:47:38: [GEOIP] GeoIP database info: GEO-106FREE 20180327 Build 1 Copyright (c) 2018 MaxMind Inc All Rights Reserved
L 09/20/2020 - 14:48:53: -------- Mapchange to de_dust2 --------
L 09/20/2020 - 15:02:12: -------- Mapchange to de_overpass --------
L 09/20/2020 - 15:20:05: [basecommands.smx] "dylan<6><STEAM_1:1:511092287><>" console command (cmdline "mp_damage_scale_ct_body .5")
L 09/20/2020 - 15:25:59: [basecommands.smx] "dylan<6><STEAM_1:1:511092287><>" console command (cmdline "mp_damage_scale_ct_body 1")
L 09/20/2020 - 15:26:02: [basecommands.smx] "dylan<6><STEAM_1:1:511092287><>" console command (cmdline "mp_damage_scale_t_body .5")
L 09/20/2020 - 15:36:19: [basecommands.smx] "dylan<6><STEAM_1:1:511092287><>" console command (cmdline "mp_damage_scale_t_body .3")
L 09/20/2020 - 15:36:44: [basecommands.smx] "dylan<6><STEAM_1:1:511092287><>" console command (cmdline "mp_damage_scale_t_body .5")
L 09/20/2020 - 15:37:29: [basecommands.smx] "dylan<6><STEAM_1:1:511092287><>" console command (cmdline "mp_damage_scale_t_body .3")
L 09/20/2020 - 15:38:11: [basecommands.smx] "dylan<6><STEAM_1:1:511092287><>" console command (cmdline "mp_damage_scale_t_body 1")
L 09/20/2020 - 15:40:05: [basecommands.smx] "dylan<6><STEAM_1:1:511092287><>" console command (cmdline "mp_damage_scale_t_body .3")
L 09/20/2020 - 15:40:08: [basecommands.smx] "dylan<6><STEAM_1:1:511092287><>" console command (cmdline "mp_damage_scale_ct_body 1")
L 09/20/2020 - 15:41:15: [basecommands.smx] "dylan<6><STEAM_1:1:511092287><>" console command (cmdline "mp_damage_scale_t_body 1")
L 09/20/2020 - 15:41:51: [basecommands.smx] "dylan<6><STEAM_1:1:511092287><>" console command (cmdline "mp_damage_scale_t_body .3")
L 09/20/2020 - 15:42:19: [basecommands.smx] "dylan<6><STEAM_1:1:511092287><>" console command (cmdline "mp_damage_scale_t_body 1")
L 09/20/2020 - 15:43:20: SourceMod log file session started (file "/home/tcagame/jackm1/527/csgo/addons/sourcemod/logs/L20200920.log") (Version "1.10.0.6490")
L 09/20/2020 - 15:43:20: [GEOIP] GeoIP database info: GEO-106FREE 20180327 Build 1 Copyright (c) 2018 MaxMind Inc All Rights Reserved
L 09/20/2020 - 18:34:25: -------- Mapchange to de_dust2 --------
L 09/20/2020 - 18:34:58: -------- Mapchange to de_dust2 --------
L 09/20/2020 - 18:44:42: -------- Mapchange to de_dust2 --------
L 09/21/2020 - 17:35:51: Log file closed.
