L 12/27/2020 - 02:48:06: SourceMod log file session started (file "/home/tcagame/jackm1/527/csgo/addons/sourcemod/logs/L20201227.log") (Version "1.10.0.6502")
L 12/27/2020 - 02:48:06: -------- Mapchange to de_overpass --------
L 12/27/2020 - 02:48:52: -------- Mapchange to de_overpass --------
L 12/27/2020 - 11:50:42: -------- Mapchange to de_overpass --------
L 12/27/2020 - 12:51:30: -------- Mapchange to de_overpass --------
L 12/27/2020 - 13:10:02: -------- Mapchange to de_inferno --------
L 12/27/2020 - 13:32:01: [basechat.smx] "Leo Dooly<314><STEAM_1:0:109554979><>" triggered sm_say (text wassgood)
L 12/27/2020 - 13:32:23: [basechat.smx] "Leo Dooly<314><STEAM_1:0:109554979><>" triggered sm_say (text its leo)
L 12/27/2020 - 13:36:47: [basechat.smx] "Leo Dooly<314><STEAM_1:0:109554979><>" triggered sm_say (text NJ)
L 12/27/2020 - 13:38:28: [basecommands.smx] "Leo Dooly<314><STEAM_1:0:109554979><>" changed map to "mirage"
L 12/27/2020 - 13:38:31: [SM] Changed map to "mirage"
L 12/27/2020 - 13:38:31: -------- Mapchange to de_mirage --------
L 12/27/2020 - 13:55:34: [basecommands.smx] "Leo Dooly<314><STEAM_1:0:109554979><>" console command (cmdline "bot_kick")
L 12/27/2020 - 14:43:37: -------- Mapchange to de_mirage --------
L 12/27/2020 - 17:02:51: -------- Mapchange to de_mirage --------
L 12/27/2020 - 17:35:24: -------- Mapchange to de_mirage --------
L 12/27/2020 - 17:45:53: -------- Mapchange to de_mirage --------
L 12/27/2020 - 18:50:56: -------- Mapchange to de_mirage --------
L 12/27/2020 - 18:56:17: -------- Mapchange to cs_militia --------
L 12/27/2020 - 20:54:05: -------- Mapchange to cs_militia --------
L 12/27/2020 - 21:34:07: -------- Mapchange to cs_militia --------
L 12/27/2020 - 21:48:23: -------- Mapchange to cs_militia --------
L 12/27/2020 - 21:57:38: -------- Mapchange to cs_militia --------
L 12/27/2020 - 22:00:37: -------- Mapchange to cs_militia --------
L 12/27/2020 - 22:04:54: [basecommands.smx] "dylan<337><STEAM_1:0:23861894><>" changed map to "mirage"
L 12/27/2020 - 22:04:57: [SM] Changed map to "mirage"
L 12/27/2020 - 22:04:57: -------- Mapchange to de_mirage --------
L 12/27/2020 - 22:06:26: [basecommands.smx] "dylan<337><STEAM_1:0:23861894><>" console command (cmdline "removeallids")
L 12/27/2020 - 22:07:00: [basecommands.smx] "dylan<337><STEAM_1:0:23861894><>" console command (cmdline "removeallids")
L 12/27/2020 - 22:26:27: [basecommands.smx] "dylan<346><STEAM_1:0:23861894><>" console command (cmdline "removeallids")
L 12/27/2020 - 22:26:55: [basecommands.smx] "dylan<346><STEAM_1:0:23861894><>" console command (cmdline "removeallids")
L 12/27/2020 - 22:27:29: [basecommands.smx] "dylan<346><STEAM_1:0:23861894><>" console command (cmdline "removeallids")
L 12/27/2020 - 22:28:12: [basecommands.smx] "dylan<346><STEAM_1:0:23861894><>" console command (cmdline "removeallids")
L 12/27/2020 - 22:29:25: [basecommands.smx] "dylan<346><STEAM_1:0:23861894><>" console command (cmdline "removeallids")
L 12/27/2020 - 22:30:17: [basecommands.smx] "dylan<346><STEAM_1:0:23861894><>" console command (cmdline "removeallids")
L 12/27/2020 - 22:32:02: [basecommands.smx] "dylan<346><STEAM_1:0:23861894><>" console command (cmdline "removeallids")
L 12/27/2020 - 22:33:09: [basecommands.smx] "dylan<346><STEAM_1:0:23861894><>" console command (cmdline "removeallids")
L 12/28/2020 - 00:17:17: Log file closed.
