L 11/07/2020 - 01:53:30: SourceMod log file session started (file "/home/tcagame/jackm1/527/csgo/addons/sourcemod/logs/L20201107.log") (Version "1.10.0.6490")
L 11/07/2020 - 01:53:30: -------- Mapchange to de_overpass --------
L 11/07/2020 - 16:35:59: -------- Mapchange to de_overpass --------
L 11/07/2020 - 16:40:42: -------- Mapchange to de_mirage --------
L 11/07/2020 - 16:50:42: [basecommands.smx] "Leo Dooly<171><STEAM_1:0:109554979><>" kicked "Chinese Soldier ＃不是同性<170><STEAM_1:0:572138807><>" (reason "1")
L 11/07/2020 - 16:51:15: [basechat.smx] "Leo Dooly<171><STEAM_1:0:109554979><>" triggered sm_say (text [SM] Kicked Chinese Soldier ＃不是同性 (Reason: 1))
L 11/07/2020 - 16:51:37: [basechat.smx] "Leo Dooly<171><STEAM_1:0:109554979><>" triggered sm_say (text if sketchy wins ill give him succy succy)
L 11/07/2020 - 16:51:40: [basechat.smx] "Leo Dooly<171><STEAM_1:0:109554979><>" triggered sm_say (text if sketchy wins ill give him succy succy)
L 11/07/2020 - 16:51:42: [basechat.smx] "Leo Dooly<171><STEAM_1:0:109554979><>" triggered sm_say (text if sketchy wins ill give him succy succy)
L 11/07/2020 - 16:51:42: [basechat.smx] "Leo Dooly<171><STEAM_1:0:109554979><>" triggered sm_say (text if sketchy wins ill give him succy succy)
L 11/07/2020 - 16:51:43: [basechat.smx] "Leo Dooly<171><STEAM_1:0:109554979><>" triggered sm_say (text if sketchy wins ill give him succy succy)
L 11/07/2020 - 16:51:43: [basechat.smx] "Leo Dooly<171><STEAM_1:0:109554979><>" triggered sm_say (text if sketchy wins ill give him succy succy)
L 11/07/2020 - 16:51:43: [basechat.smx] "Leo Dooly<171><STEAM_1:0:109554979><>" triggered sm_say (text if sketchy wins ill give him succy succy)
L 11/07/2020 - 16:51:43: [basechat.smx] "Leo Dooly<171><STEAM_1:0:109554979><>" triggered sm_say (text if sketchy wins ill give him succy succy)
L 11/07/2020 - 16:51:43: [basechat.smx] "Leo Dooly<171><STEAM_1:0:109554979><>" triggered sm_say (text if sketchy wins ill give him succy succy)
L 11/07/2020 - 16:52:52: [basechat.smx] "Leo Dooly<171><STEAM_1:0:109554979><>" triggered sm_say (text i will say the n word)
L 11/07/2020 - 16:52:52: [basechat.smx] "Leo Dooly<171><STEAM_1:0:109554979><>" triggered sm_say (text i will say the n word)
L 11/07/2020 - 16:52:53: [basechat.smx] "Leo Dooly<171><STEAM_1:0:109554979><>" triggered sm_say (text i will say the n word)
L 11/07/2020 - 16:52:53: [basechat.smx] "Leo Dooly<171><STEAM_1:0:109554979><>" triggered sm_say (text i will say the n word)
L 11/07/2020 - 16:52:53: [basechat.smx] "Leo Dooly<171><STEAM_1:0:109554979><>" triggered sm_say (text i will say the n word)
L 11/07/2020 - 16:52:53: [basechat.smx] "Leo Dooly<171><STEAM_1:0:109554979><>" triggered sm_say (text i will say the n word)
L 11/07/2020 - 16:52:53: [basechat.smx] "Leo Dooly<171><STEAM_1:0:109554979><>" triggered sm_say (text i will say the n word)
L 11/07/2020 - 16:52:54: [basechat.smx] "Leo Dooly<171><STEAM_1:0:109554979><>" triggered sm_say (text i will say the n word)
L 11/07/2020 - 16:52:54: [basechat.smx] "Leo Dooly<171><STEAM_1:0:109554979><>" triggered sm_say (text i will say the n word)
L 11/07/2020 - 16:53:12: [basechat.smx] "Leo Dooly<171><STEAM_1:0:109554979><>" triggered sm_say (text give me 400$ for succy succy)
L 11/07/2020 - 16:53:14: [basechat.smx] "Leo Dooly<171><STEAM_1:0:109554979><>" triggered sm_say (text give me 400$ for succy succy)
L 11/07/2020 - 16:53:14: [basechat.smx] "Leo Dooly<171><STEAM_1:0:109554979><>" triggered sm_say (text give me 400$ for succy succy)
L 11/07/2020 - 16:55:00: [basechat.smx] "Leo Dooly<171><STEAM_1:0:109554979><>" triggered sm_say (text get 1nd by the AWP)
L 11/07/2020 - 16:55:01: [basechat.smx] "Leo Dooly<171><STEAM_1:0:109554979><>" triggered sm_say (text get 1nd by the AWP)
L 11/07/2020 - 16:55:01: [basechat.smx] "Leo Dooly<171><STEAM_1:0:109554979><>" triggered sm_say (text get 1nd by the AWP)
L 11/07/2020 - 16:55:01: [basechat.smx] "Leo Dooly<171><STEAM_1:0:109554979><>" triggered sm_say (text get 1nd by the AWP)
L 11/07/2020 - 16:55:01: [basechat.smx] "Leo Dooly<171><STEAM_1:0:109554979><>" triggered sm_say (text get 1nd by the AWP)
L 11/07/2020 - 16:55:01: [basechat.smx] "Leo Dooly<171><STEAM_1:0:109554979><>" triggered sm_say (text get 1nd by the AWP)
L 11/07/2020 - 16:55:02: [basechat.smx] "Leo Dooly<171><STEAM_1:0:109554979><>" triggered sm_say (text get 1nd by the AWP)
L 11/07/2020 - 16:55:02: [basechat.smx] "Leo Dooly<171><STEAM_1:0:109554979><>" triggered sm_say (text get 1nd by the AWP)
L 11/07/2020 - 16:55:02: [basechat.smx] "Leo Dooly<171><STEAM_1:0:109554979><>" triggered sm_say (text get 1nd by the AWP)
L 11/07/2020 - 16:55:02: [basechat.smx] "Leo Dooly<171><STEAM_1:0:109554979><>" triggered sm_say (text get 1nd by the AWP)
L 11/07/2020 - 16:55:02: [basechat.smx] "Leo Dooly<171><STEAM_1:0:109554979><>" triggered sm_say (text get 1nd by the AWP)
L 11/07/2020 - 16:55:03: [basechat.smx] "Leo Dooly<171><STEAM_1:0:109554979><>" triggered sm_say (text get 1nd by the AWP)
L 11/07/2020 - 16:55:03: [basechat.smx] "Leo Dooly<171><STEAM_1:0:109554979><>" triggered sm_say (text get 1nd by the AWP)
L 11/07/2020 - 16:55:03: [basechat.smx] "Leo Dooly<171><STEAM_1:0:109554979><>" triggered sm_say (text get 1nd by the AWP)
L 11/07/2020 - 16:55:03: [basechat.smx] "Leo Dooly<171><STEAM_1:0:109554979><>" triggered sm_say (text get 1nd by the AWP)
L 11/07/2020 - 16:55:03: [basechat.smx] "Leo Dooly<171><STEAM_1:0:109554979><>" triggered sm_say (text give me 400$ for succy succy)
L 11/07/2020 - 16:55:04: [basechat.smx] "Leo Dooly<171><STEAM_1:0:109554979><>" triggered sm_say (text give me 400$ for succy succy)
L 11/07/2020 - 16:55:04: [basechat.smx] "Leo Dooly<171><STEAM_1:0:109554979><>" triggered sm_say (text give me 400$ for succy succy)
L 11/07/2020 - 16:55:04: [basechat.smx] "Leo Dooly<171><STEAM_1:0:109554979><>" triggered sm_say (text give me 400$ for succy succy)
L 11/07/2020 - 16:57:51: [basechat.smx] "Leo Dooly<171><STEAM_1:0:109554979><>" triggered sm_say (text give me gamesense for succy succy)
L 11/07/2020 - 16:57:51: [basechat.smx] "Leo Dooly<171><STEAM_1:0:109554979><>" triggered sm_say (text give me gamesense for succy succy)
L 11/07/2020 - 16:57:52: [basechat.smx] "Leo Dooly<171><STEAM_1:0:109554979><>" triggered sm_say (text give me gamesense for succy succy)
L 11/07/2020 - 16:57:52: [basechat.smx] "Leo Dooly<171><STEAM_1:0:109554979><>" triggered sm_say (text give me gamesense for succy succy)
L 11/07/2020 - 16:57:52: [basechat.smx] "Leo Dooly<171><STEAM_1:0:109554979><>" triggered sm_say (text give me gamesense for succy succy)
L 11/07/2020 - 16:57:52: [basechat.smx] "Leo Dooly<171><STEAM_1:0:109554979><>" triggered sm_say (text give me gamesense for succy succy)
L 11/07/2020 - 16:57:52: [basechat.smx] "Leo Dooly<171><STEAM_1:0:109554979><>" triggered sm_say (text give me gamesense for succy succy)
L 11/07/2020 - 16:57:53: [basechat.smx] "Leo Dooly<171><STEAM_1:0:109554979><>" triggered sm_say (text give me gamesense for succy succy)
L 11/07/2020 - 16:57:53: [basechat.smx] "Leo Dooly<171><STEAM_1:0:109554979><>" triggered sm_say (text give me gamesense for succy succy)
L 11/07/2020 - 16:57:53: [basechat.smx] "Leo Dooly<171><STEAM_1:0:109554979><>" triggered sm_say (text give me gamesense for succy succy)
L 11/07/2020 - 16:57:53: [basechat.smx] "Leo Dooly<171><STEAM_1:0:109554979><>" triggered sm_say (text give me gamesense for succy succy)
L 11/07/2020 - 17:02:37: -------- Mapchange to de_mirage --------
L 11/07/2020 - 17:05:58: [basechat.smx] "Leo Dooly<171><STEAM_1:0:109554979><>" triggered sm_say (text when am i getting succy succy)
L 11/07/2020 - 17:11:27: [basechat.smx] "Leo Dooly<171><STEAM_1:0:109554979><>" triggered sm_say (text server side for 1$/round)
L 11/07/2020 - 17:16:35: [basechat.smx] "Leo Dooly<171><STEAM_1:0:109554979><>" triggered sm_say (text server side for 1$/round)
L 11/07/2020 - 17:16:35: [basechat.smx] "Leo Dooly<171><STEAM_1:0:109554979><>" triggered sm_say (text server side for 1$/round)
L 11/07/2020 - 17:16:36: [basechat.smx] "Leo Dooly<171><STEAM_1:0:109554979><>" triggered sm_say (text server side for 1$/round)
L 11/07/2020 - 17:16:36: [basechat.smx] "Leo Dooly<171><STEAM_1:0:109554979><>" triggered sm_say (text server side for 1$/round)
L 11/07/2020 - 17:16:36: [basechat.smx] "Leo Dooly<171><STEAM_1:0:109554979><>" triggered sm_say (text server side for 1$/round)
L 11/07/2020 - 17:16:36: [basechat.smx] "Leo Dooly<171><STEAM_1:0:109554979><>" triggered sm_say (text server side for 1$/round)
L 11/07/2020 - 17:16:37: [basechat.smx] "Leo Dooly<171><STEAM_1:0:109554979><>" triggered sm_say (text when am i getting succy succy)
L 11/07/2020 - 17:33:15: SourceMod log file session started (file "/home/tcagame/jackm1/527/csgo/addons/sourcemod/logs/L20201107.log") (Version "1.10.0.6490")
L 11/07/2020 - 17:33:15: [GEOIP] GeoIP database info: GEO-106FREE 20180327 Build 1 Copyright (c) 2018 MaxMind Inc All Rights Reserved
L 11/07/2020 - 17:34:31: -------- Mapchange to de_dust2 --------
L 11/07/2020 - 19:00:26: -------- Mapchange to de_dust2 --------
L 11/07/2020 - 19:31:11: -------- Mapchange to cs_office --------
L 11/07/2020 - 19:32:53: -------- Mapchange to de_overpass --------
L 11/07/2020 - 20:03:52: -------- Mapchange to cs_office --------
L 11/07/2020 - 21:36:28: -------- Mapchange to cs_office --------
L 11/07/2020 - 23:00:33: -------- Mapchange to cs_office --------
L 11/07/2020 - 23:26:10: -------- Mapchange to de_dust2 --------
L 11/08/2020 - 00:15:35: Log file closed.
