L 10/25/2020 - 02:40:20: SourceMod log file session started (file "/home/tcagame/jackm1/527/csgo/addons/sourcemod/logs/L20201025.log") (Version "1.10.0.6490")
L 10/25/2020 - 02:40:20: -------- Mapchange to de_safehouse --------
L 10/25/2020 - 14:17:39: -------- Mapchange to de_safehouse --------
L 10/25/2020 - 14:21:12: -------- Mapchange to de_safehouse --------
L 10/25/2020 - 14:39:48: -------- Mapchange to de_safehouse --------
L 10/25/2020 - 15:08:12: -------- Mapchange to cs_assault --------
L 10/25/2020 - 17:39:10: -------- Mapchange to cs_assault --------
L 10/25/2020 - 17:49:07: -------- Mapchange to de_inferno --------
L 10/25/2020 - 18:18:24: [basecommands.smx] "dylan<9><STEAM_1:0:23861894><>" console command (cmdline "mp_damage_scale_t_body .5")
L 10/25/2020 - 18:19:07: [basecommands.smx] "dylan<9><STEAM_1:0:23861894><>" console command (cmdline "mp_damage_scale_t_body 1")
L 10/25/2020 - 18:19:35: [basecommands.smx] "dylan<9><STEAM_1:0:23861894><>" console command (cmdline "mp_damage_scale_t_body .5")
L 10/25/2020 - 18:20:00: [basecommands.smx] "dylan<9><STEAM_1:0:23861894><>" console command (cmdline "mp_damage_scale_t_body 1")
L 10/25/2020 - 18:20:20: [basecommands.smx] "dylan<9><STEAM_1:0:23861894><>" console command (cmdline "mp_damage_scale_t_body .5")
L 10/25/2020 - 18:21:11: [basecommands.smx] "dylan<9><STEAM_1:0:23861894><>" console command (cmdline "mp_damage_scale_t_body 1")
L 10/25/2020 - 18:21:31: [basecommands.smx] "dylan<9><STEAM_1:0:23861894><>" console command (cmdline "mp_damage_scale_t_body .5")
L 10/25/2020 - 18:21:37: [basecommands.smx] "dylan<9><STEAM_1:0:23861894><>" console command (cmdline "mp_damage_scale_t_body 1")
L 10/25/2020 - 18:22:07: [basecommands.smx] "dylan<9><STEAM_1:0:23861894><>" console command (cmdline "mp_damage_scale_t_body .5")
L 10/25/2020 - 18:22:11: [basecommands.smx] "dylan<9><STEAM_1:0:23861894><>" console command (cmdline "mp_damage_scale_t_body 1")
L 10/25/2020 - 18:22:16: [basecommands.smx] "dylan<9><STEAM_1:0:23861894><>" console command (cmdline "mp_damage_scale_t_body .5")
L 10/25/2020 - 18:22:18: [basecommands.smx] "dylan<9><STEAM_1:0:23861894><>" console command (cmdline "mp_damage_scale_t_body 1")
L 10/25/2020 - 18:22:57: [basecommands.smx] "dylan<9><STEAM_1:0:23861894><>" console command (cmdline "mp_damage_scale_t_body .5")
L 10/25/2020 - 18:22:59: [basecommands.smx] "dylan<9><STEAM_1:0:23861894><>" console command (cmdline "mp_damage_scale_t_body 1")
L 10/25/2020 - 18:24:01: [basecommands.smx] "dylan<9><STEAM_1:0:23861894><>" console command (cmdline "mp_damage_scale_t_body .5")
L 10/25/2020 - 18:24:09: [basecommands.smx] "dylan<9><STEAM_1:0:23861894><>" console command (cmdline "mp_damage_scale_t_body 1")
L 10/25/2020 - 18:24:56: [basecommands.smx] "dylan<9><STEAM_1:0:23861894><>" console command (cmdline "mp_damage_scale_t_body .5")
L 10/25/2020 - 18:25:17: [basecommands.smx] "dylan<9><STEAM_1:0:23861894><>" console command (cmdline "mp_damage_scale_t_body 1")
L 10/25/2020 - 18:26:13: [basecommands.smx] "dylan<9><STEAM_1:0:23861894><>" console command (cmdline "mp_damage_scale_t_body .5")
L 10/25/2020 - 18:26:21: [basecommands.smx] "dylan<9><STEAM_1:0:23861894><>" console command (cmdline "mp_damage_scale_t_body 1")
L 10/25/2020 - 18:27:00: [basecommands.smx] "dylan<9><STEAM_1:0:23861894><>" console command (cmdline "mp_damage_scale_t_body .5")
L 10/25/2020 - 18:27:26: [basecommands.smx] "dylan<9><STEAM_1:0:23861894><>" console command (cmdline "mp_damage_scale_t_body 1")
L 10/25/2020 - 18:27:30: [basecommands.smx] "dylan<9><STEAM_1:0:23861894><>" console command (cmdline "mp_damage_scale_t_body .5")
L 10/25/2020 - 18:27:44: [basecommands.smx] "dylan<9><STEAM_1:0:23861894><>" console command (cmdline "mp_damage_scale_t_body 1")
L 10/25/2020 - 18:28:32: [basecommands.smx] "dylan<9><STEAM_1:0:23861894><>" console command (cmdline "mp_damage_scale_ct_body 1")
L 10/25/2020 - 18:28:37: [basecommands.smx] "dylan<9><STEAM_1:0:23861894><>" console command (cmdline "mp_damage_scale_ct_body .5")
L 10/25/2020 - 18:29:03: [basecommands.smx] "dylan<9><STEAM_1:0:23861894><>" console command (cmdline "mp_damage_scale_ct_body 1")
L 10/25/2020 - 18:29:36: [basecommands.smx] "dylan<9><STEAM_1:0:23861894><>" console command (cmdline "mp_damage_scale_t_body 1")
L 10/25/2020 - 18:29:54: [basecommands.smx] "dylan<9><STEAM_1:0:23861894><>" console command (cmdline "mp_damage_scale_ct_body .5")
L 10/25/2020 - 18:30:19: [basecommands.smx] "dylan<9><STEAM_1:0:23861894><>" console command (cmdline "mp_damage_scale_t_body 1")
L 10/25/2020 - 18:30:54: [basecommands.smx] "dylan<9><STEAM_1:0:23861894><>" console command (cmdline "mp_damage_scale_ct_body .5")
L 10/25/2020 - 18:31:10: [basecommands.smx] "dylan<9><STEAM_1:0:23861894><>" console command (cmdline "mp_damage_scale_t_body 1")
L 10/25/2020 - 18:33:29: [basecommands.smx] "dylan<9><STEAM_1:0:23861894><>" console command (cmdline "mp_damage_scale_ct_body .5")
L 10/25/2020 - 18:34:04: [basecommands.smx] "dylan<9><STEAM_1:0:23861894><>" console command (cmdline "mp_damage_scale_t_body 1")
L 10/25/2020 - 18:35:35: [basecommands.smx] "dylan<9><STEAM_1:0:23861894><>" console command (cmdline "mp_damage_scale_ct_body .5")
L 10/25/2020 - 18:37:39: [basecommands.smx] "dylan<9><STEAM_1:0:23861894><>" console command (cmdline "mp_damage_scale_t_body 1")
L 10/25/2020 - 18:37:43: [basecommands.smx] "dylan<9><STEAM_1:0:23861894><>" console command (cmdline "mp_damage_scale_ct_body 1")
L 10/25/2020 - 18:37:59: [basecommands.smx] "dylan<9><STEAM_1:0:23861894><>" console command (cmdline "mp_damage_scale_ct_body .5")
L 10/25/2020 - 18:38:58: [basecommands.smx] "dylan<9><STEAM_1:0:23861894><>" console command (cmdline "mp_damage_scale_t_body 1")
L 10/25/2020 - 18:39:00: [basecommands.smx] "dylan<9><STEAM_1:0:23861894><>" console command (cmdline "mp_damage_scale_ct_body .5")
L 10/25/2020 - 18:39:41: [basecommands.smx] "dylan<9><STEAM_1:0:23861894><>" console command (cmdline "mp_damage_scale_ct_body 1")
L 10/25/2020 - 18:40:24: [basecommands.smx] "dylan<9><STEAM_1:0:23861894><>" console command (cmdline "mp_damage_scale_ct_body .5")
L 10/25/2020 - 18:40:31: [basecommands.smx] "dylan<9><STEAM_1:0:23861894><>" console command (cmdline "mp_damage_scale_ct_body 1")
L 10/25/2020 - 18:40:33: [basecommands.smx] "dylan<9><STEAM_1:0:23861894><>" console command (cmdline "mp_damage_scale_ct_body .5")
L 10/25/2020 - 18:41:20: [basecommands.smx] "dylan<9><STEAM_1:0:23861894><>" console command (cmdline "mp_damage_scale_ct_body 1")
L 10/25/2020 - 18:41:48: [basecommands.smx] "dylan<9><STEAM_1:0:23861894><>" console command (cmdline "mp_damage_scale_ct_body .5")
L 10/25/2020 - 18:43:08: [basecommands.smx] "dylan<9><STEAM_1:0:23861894><>" console command (cmdline "mp_damage_scale_ct_body 1")
L 10/25/2020 - 18:43:33: [basecommands.smx] "dylan<9><STEAM_1:0:23861894><>" console command (cmdline "mp_damage_scale_ct_body .5")
L 10/25/2020 - 18:44:39: [basecommands.smx] "dylan<9><STEAM_1:0:23861894><>" console command (cmdline "mp_damage_scale_ct_body 1")
L 10/25/2020 - 18:47:12: SourceMod log file session started (file "/home/tcagame/jackm1/527/csgo/addons/sourcemod/logs/L20201025.log") (Version "1.10.0.6490")
L 10/25/2020 - 18:47:12: [GEOIP] GeoIP database info: GEO-106FREE 20180327 Build 1 Copyright (c) 2018 MaxMind Inc All Rights Reserved
L 10/25/2020 - 19:40:40: -------- Mapchange to de_dust2 --------
L 10/26/2020 - 18:38:13: Log file closed.
