L 07/11/2020 - 00:07:33: SourceMod log file session started (file "/home/tcagame/jackm1/488/csgo/addons/sourcemod/logs/L20200711.log") (Version "1.10.0.6490")
L 07/11/2020 - 00:07:33: -------- Mapchange to de_dust2 --------
L 07/11/2020 - 00:08:49: -------- Mapchange to de_dust2 --------
L 07/11/2020 - 15:44:58: -------- Mapchange to de_dust2 --------
L 07/11/2020 - 15:56:24: SourceMod log file session started (file "/home/tcagame/jackm1/488/csgo/addons/sourcemod/logs/L20200711.log") (Version "1.10.0.6490")
L 07/11/2020 - 15:56:24: [GEOIP] GeoIP database info: GEO-106FREE 20180327 Build 1 Copyright (c) 2018 MaxMind Inc All Rights Reserved
L 07/11/2020 - 16:01:53: -------- Mapchange to de_dust2 --------
L 07/11/2020 - 16:06:02: -------- Mapchange to de_bank --------
L 07/11/2020 - 16:11:32: [playercommands.smx] "GongleGopper<3><STEAM_1:0:109554979><>" slayed "dylan<2><STEAM_1:0:152419574><>"
L 07/11/2020 - 16:15:00: [basecommands.smx] "GongleGopper<3><STEAM_1:0:109554979><>" refreshed the admin cache.
L 07/11/2020 - 16:15:00: [basecommands.smx] "GongleGopper<3><STEAM_1:0:109554979><>" refreshed the admin cache.
L 07/11/2020 - 16:15:00: [basecommands.smx] "GongleGopper<3><STEAM_1:0:109554979><>" executed config (file "sourcemod/sm_warmode_off.cfg")
L 07/11/2020 - 16:32:03: -------- Mapchange to cs_militia --------
L 07/11/2020 - 16:33:11: SourceMod log file session started (file "/home/tcagame/jackm1/488/csgo/addons/sourcemod/logs/L20200711.log") (Version "1.10.0.6490")
L 07/11/2020 - 16:33:11: [GEOIP] GeoIP database info: GEO-106FREE 20180327 Build 1 Copyright (c) 2018 MaxMind Inc All Rights Reserved
L 07/11/2020 - 16:34:43: -------- Mapchange to de_dust2 --------
L 07/11/2020 - 16:35:23: [basecommands.smx] "dylan<2><STEAM_1:0:152419574><>" console command (cmdline "bot_add")
L 07/11/2020 - 16:35:25: [basecommands.smx] "dylan<2><STEAM_1:0:152419574><>" console command (cmdline "bot_add t")
L 07/11/2020 - 16:35:31: [basecommands.smx] "dylan<2><STEAM_1:0:152419574><>" console command (cmdline "bot_add ct")
L 07/11/2020 - 16:35:34: [basecommands.smx] "dylan<2><STEAM_1:0:152419574><>" console command (cmdline "bot_kick t")
L 07/11/2020 - 16:35:37: [basecommands.smx] "dylan<2><STEAM_1:0:152419574><>" console command (cmdline "bot_stop 1")
L 07/11/2020 - 16:46:57: [basevotes.smx] "GongleGopper<5><STEAM_1:0:109554979><>" initiated a kick vote against "GongleGopper<5><STEAM_1:0:109554979><>"
L 07/11/2020 - 16:47:00: [basevotes.smx] Vote failed.
L 07/11/2020 - 16:49:08: [funcommands.smx] "GongleGopper<5><STEAM_1:0:109554979><>" set blind on "dylan<2><STEAM_1:0:152419574><>" (amount "0")
L 07/11/2020 - 16:49:21: [funcommands.smx] "GongleGopper<5><STEAM_1:0:109554979><>" set blind on "dylan<2><STEAM_1:0:152419574><>" (amount "0")
L 07/11/2020 - 16:54:11: [basecommands.smx] "dylan<2><STEAM_1:0:152419574><>" console command (cmdline "bot_stop 1")
L 07/11/2020 - 16:56:38: [basecommands.smx] "dylan<2><STEAM_1:0:152419574><>" console command (cmdline "bot_kick")
L 07/11/2020 - 16:56:47: -------- Mapchange to cs_assault --------
L 07/11/2020 - 16:59:46: SourceMod log file session started (file "/home/tcagame/jackm1/488/csgo/addons/sourcemod/logs/L20200711.log") (Version "1.10.0.6490")
L 07/11/2020 - 16:59:46: [GEOIP] GeoIP database info: GEO-106FREE 20180327 Build 1 Copyright (c) 2018 MaxMind Inc All Rights Reserved
L 07/11/2020 - 16:59:51: -------- Mapchange to de_dust2 --------
L 07/11/2020 - 17:19:24: -------- Mapchange to cs_office --------
L 07/11/2020 - 19:30:38: -------- Mapchange to cs_office --------
L 07/11/2020 - 19:45:57: -------- Mapchange to de_inferno --------
L 07/11/2020 - 20:20:11: [basecommands.smx] "dylan<16><STEAM_1:0:152419574><>" console command (cmdline "mp_damage_scale_t_body .5")
L 07/11/2020 - 20:21:14: [basecommands.smx] "dylan<16><STEAM_1:0:152419574><>" console command (cmdline "mp_damage_scale_t_body 1")
L 07/11/2020 - 20:21:29: [basecommands.smx] "dylan<16><STEAM_1:0:152419574><>" console command (cmdline "mp_damage_scale_t_body 1")
L 07/11/2020 - 20:37:47: [basecommands.smx] "dylan<16><STEAM_1:0:152419574><>" console command (cmdline "mp_damage_scale_ct_body .5")
L 07/11/2020 - 20:39:20: [basecommands.smx] "dylan<16><STEAM_1:0:152419574><>" kicked "Velk<13><STEAM_1:1:49294742><>" (reason "")
L 07/11/2020 - 20:39:34: [basecommands.smx] "dylan<16><STEAM_1:0:152419574><>" console command (cmdline "mp_damage_scale_ct_body .5")
L 07/11/2020 - 20:39:48: [basecommands.smx] "dylan<16><STEAM_1:0:152419574><>" kicked "GongleGopper<12><STEAM_1:0:109554979><>" (reason "")
L 07/11/2020 - 20:41:37: [basecommands.smx] "dylan<16><STEAM_1:0:152419574><>" console command (cmdline "mp_damage_scale_ct_body 1")
L 07/11/2020 - 20:42:01: [basecommands.smx] "dylan<16><STEAM_1:0:152419574><>" console command (cmdline "mp_damage_scale_ct_body .5")
L 07/11/2020 - 20:42:43: [basecommands.smx] "dylan<16><STEAM_1:0:152419574><>" console command (cmdline "mp_damage_scale_ct_body 1")
L 07/11/2020 - 20:46:50: [basecommands.smx] "dylan<16><STEAM_1:0:152419574><>" console command (cmdline "mp_damage_scale_ct_body .5")
L 07/11/2020 - 20:47:22: [basecommands.smx] "dylan<16><STEAM_1:0:152419574><>" console command (cmdline "mp_damage_scale_ct_body 1")
L 07/11/2020 - 20:47:44: [basecommands.smx] "dylan<16><STEAM_1:0:152419574><>" console command (cmdline "mp_damage_scale_ct_body .5")
L 07/11/2020 - 20:48:59: [basecommands.smx] "dylan<16><STEAM_1:0:152419574><>" console command (cmdline "mp_damage_scale_ct_body 1")
L 07/11/2020 - 20:50:34: [basecommands.smx] "dylan<16><STEAM_1:0:152419574><>" console command (cmdline "mp_damage_scale_ct_body .5")
L 07/11/2020 - 20:53:35: [basecommands.smx] "dylan<16><STEAM_1:0:152419574><>" console command (cmdline "mp_damage_scale_ct_body 1")
L 07/11/2020 - 20:55:01: [basecommands.smx] "dylan<16><STEAM_1:0:152419574><>" console command (cmdline "mp_damage_scale_ct_body .5")
L 07/11/2020 - 20:55:35: [basecommands.smx] "dylan<16><STEAM_1:0:152419574><>" console command (cmdline "mp_damage_scale_ct_body 1")
L 07/11/2020 - 20:55:41: [basecommands.smx] "dylan<16><STEAM_1:0:152419574><>" console command (cmdline "mp_damage_scale_ct_body .5")
L 07/11/2020 - 20:56:25: [basecommands.smx] "dylan<16><STEAM_1:0:152419574><>" console command (cmdline "mp_damage_scale_ct_body 1")
L 07/11/2020 - 21:31:08: -------- Mapchange to de_overpass --------
L 07/11/2020 - 21:46:51: [basecommands.smx] "dylan<16><STEAM_1:0:152419574><>" console command (cmdline "bot_kick")
L 07/11/2020 - 21:56:45: [basecommands.smx] "dylan<16><STEAM_1:0:152419574><>" console command (cmdline "mp_damage_scale_ct_body .5")
L 07/11/2020 - 21:56:53: [basecommands.smx] "dylan<16><STEAM_1:0:152419574><>" console command (cmdline "mp_damage_scale_ct_body 1")
L 07/11/2020 - 22:00:08: [basecommands.smx] "dylan<16><STEAM_1:0:152419574><>" console command (cmdline "mp_damage_scale_ct_body .5")
L 07/11/2020 - 22:00:23: [basecommands.smx] "dylan<16><STEAM_1:0:152419574><>" console command (cmdline "mp_damage_scale_ct_body 1")
L 07/11/2020 - 22:58:45: -------- Mapchange to de_train --------
L 07/11/2020 - 23:07:32: [basecommands.smx] "dylan<57><STEAM_1:0:152419574><>" console command (cmdline "mp_damage_scale_t_body .5")
L 07/11/2020 - 23:07:54: [basecommands.smx] "dylan<57><STEAM_1:0:152419574><>" console command (cmdline "mp_damage_scale_t_body 1")
L 07/11/2020 - 23:08:36: [basecommands.smx] "dylan<57><STEAM_1:0:152419574><>" console command (cmdline "mp_damage_scale_t_body .5")
L 07/11/2020 - 23:13:49: [basecommands.smx] "dylan<57><STEAM_1:0:152419574><>" console command (cmdline "mp_damage_scale_t_body 1")
L 07/11/2020 - 23:22:56: [basecommands.smx] "dylan<57><STEAM_1:0:152419574><>" console command (cmdline "mp_damage_scale_t_body 1")
L 07/11/2020 - 23:32:02: -------- Mapchange to cs_assault --------
L 07/11/2020 - 23:41:39: [basecommands.smx] "dylan<57><STEAM_1:0:152419574><>" console command (cmdline "mp_damage_scale_t_body 1")
L 07/11/2020 - 23:41:46: [basecommands.smx] "dylan<57><STEAM_1:0:152419574><>" console command (cmdline "mp_damage_scale_ct_body 1")
L 07/11/2020 - 23:42:41: [basecommands.smx] "dylan<57><STEAM_1:0:152419574><>" console command (cmdline "mp_damage_scale_ct_body .5")
L 07/11/2020 - 23:43:13: [basecommands.smx] "dylan<57><STEAM_1:0:152419574><>" console command (cmdline "mp_damage_scale_ct_body 1")
L 07/11/2020 - 23:46:18: [basecommands.smx] "dylan<57><STEAM_1:0:152419574><>" console command (cmdline "mp_damage_scale_ct_body .5")
L 07/11/2020 - 23:46:30: [basecommands.smx] "dylan<57><STEAM_1:0:152419574><>" console command (cmdline "mp_damage_scale_ct_body .1")
L 07/11/2020 - 23:46:46: [basecommands.smx] "dylan<57><STEAM_1:0:152419574><>" console command (cmdline "mp_damage_scale_ct_body .5")
L 07/11/2020 - 23:47:18: [basecommands.smx] "dylan<57><STEAM_1:0:152419574><>" console command (cmdline "mp_damage_scale_ct_body .5")
L 07/11/2020 - 23:48:32: [basecommands.smx] "dylan<57><STEAM_1:0:152419574><>" console command (cmdline "mp_damage_scale_ct_body .5")
L 07/11/2020 - 23:51:14: [basecommands.smx] "dylan<57><STEAM_1:0:152419574><>" console command (cmdline "mp_damage_scale_ct_body 1")
L 07/12/2020 - 00:00:08: Log file closed.
