L 03/10/2021 - 07:57:36: [afk_manager4.smx] Player count for AFK Move minimum has been reached, feature is now enabled: sm_afk_move_min_players = 4 Current Players = 4
L 03/10/2021 - 08:00:25: [afk_manager4.smx] Player count for AFK Kick minimum has been reached, feature is now enabled: sm_afk_kick_min_players = 6 Current Players = 6
L 03/10/2021 - 08:30:48: [afk_manager4.smx] Player count for AFK Kick minimum is below requirements, feature is now disabled: sm_afk_kick_min_players = 6 Current Players = 5
L 03/10/2021 - 08:36:21: [afk_manager4.smx] Player count for AFK Kick minimum has been reached, feature is now enabled: sm_afk_kick_min_players = 6 Current Players = 6
L 03/10/2021 - 08:48:04: [afk_manager4.smx] osiris<502><STEAM_1:1:594600550><> was moved to spectate for being AFK too long.
L 03/10/2021 - 08:48:15: [afk_manager4.smx] Bl33d<496><STEAM_1:1:542402577><> was moved to spectate for being AFK too long.
L 03/10/2021 - 08:49:12: [afk_manager4.smx] osiris<502><STEAM_1:1:594600550><> was kicked for being AFK too long.
L 03/10/2021 - 08:50:29: [afk_manager4.smx] real gang-star from the bronx<488><STEAM_1:0:454716760><> was moved to spectate for being AFK too long.
L 03/10/2021 - 08:55:23: [afk_manager4.smx] A Little Jew Boy<498><STEAM_1:0:584465199><> was moved to spectate for being AFK too long.
L 03/10/2021 - 08:57:49: [afk_manager4.smx] A Little Jew Boy<498><STEAM_1:0:584465199><> was moved to spectate for being AFK too long.
L 03/10/2021 - 09:05:17: [afk_manager4.smx] elina<506><STEAM_1:1:591572473><> was moved to spectate for being AFK too long.
L 03/10/2021 - 09:06:07: [afk_manager4.smx] A Little Jew Boy<498><STEAM_1:0:584465199><> was moved to spectate for being AFK too long.
L 03/10/2021 - 09:07:48: [afk_manager4.smx] A Little Jew Boy<498><STEAM_1:0:584465199><> was kicked for being AFK too long.
L 03/10/2021 - 09:16:45: [afk_manager4.smx] Shazfer<495><STEAM_1:0:339037><> was moved to spectate for being AFK too long.
L 03/10/2021 - 09:18:13: [afk_manager4.smx] A Little Jew Boy<511><STEAM_1:0:584465199><> was moved to spectate for being AFK too long.
L 03/10/2021 - 09:18:13: [afk_manager4.smx] Shazfer<495><STEAM_1:0:339037><> was moved to spectate for being AFK too long.
L 03/10/2021 - 09:21:51: [afk_manager4.smx] A Little Jew Boy<511><STEAM_1:0:584465199><> was moved to spectate for being AFK too long.
L 03/10/2021 - 09:25:46: [afk_manager4.smx] fndadealer<510><STEAM_1:0:593906195><> was moved to spectate for being AFK too long.
L 03/10/2021 - 09:29:48: [afk_manager4.smx] nope<519><STEAM_1:0:590576380><> was moved to spectate for being AFK too long.
L 03/10/2021 - 09:30:00: [afk_manager4.smx] fndadealer<510><STEAM_1:0:593906195><> was moved to spectate for being AFK too long.
L 03/10/2021 - 09:32:29: [afk_manager4.smx] elina<506><STEAM_1:1:591572473><> was moved to spectate for being AFK too long.
L 03/10/2021 - 09:33:32: [afk_manager4.smx] elina<506><STEAM_1:1:591572473><> was kicked for being AFK too long.
L 03/10/2021 - 09:34:23: [afk_manager4.smx] fndadealer<510><STEAM_1:0:593906195><> was moved to spectate for being AFK too long.
L 03/10/2021 - 09:37:27: [afk_manager4.smx] lately<516><STEAM_1:1:533397785><> was moved to spectate for being AFK too long.
L 03/10/2021 - 09:42:09: [afk_manager4.smx] A Little Jew Boy<511><STEAM_1:0:584465199><> was moved to spectate for being AFK too long.
L 03/10/2021 - 09:42:52: [afk_manager4.smx] lately<516><STEAM_1:1:533397785><> was moved to spectate for being AFK too long.
L 03/10/2021 - 09:44:31: [afk_manager4.smx] lately<516><STEAM_1:1:533397785><> was kicked for being AFK too long.
L 03/10/2021 - 09:45:39: [afk_manager4.smx] lately<535><STEAM_1:1:533397785><> was moved to spectate for being AFK too long.
L 03/10/2021 - 09:48:16: [afk_manager4.smx] Lucky<537><STEAM_1:0:43136296><> was moved to spectate for being AFK too long.
L 03/10/2021 - 09:48:19: [afk_manager4.smx] A Little Jew Boy<511><STEAM_1:0:584465199><> was moved to spectate for being AFK too long.
L 03/10/2021 - 09:49:36: [afk_manager4.smx] A Little Jew Boy<511><STEAM_1:0:584465199><> was moved to spectate for being AFK too long.
L 03/10/2021 - 09:57:07: [afk_manager4.smx] sd966<532><STEAM_1:1:591354473><> was moved to spectate for being AFK too long.
L 03/10/2021 - 10:00:11: [afk_manager4.smx] sd966<532><STEAM_1:1:591354473><> was kicked for being AFK too long.
L 03/10/2021 - 10:10:34: [afk_manager4.smx] editted<543><STEAM_1:0:544564067><> was moved to spectate for being AFK too long.
L 03/10/2021 - 10:18:22: [afk_manager4.smx] xd<549><STEAM_1:0:537972281><> was moved to spectate for being AFK too long.
L 03/10/2021 - 10:18:36: [afk_manager4.smx] arnold schwarzenegger<539><STEAM_1:1:161000992><> was moved to spectate for being AFK too long.
L 03/10/2021 - 10:18:48: [afk_manager4.smx] sd966<545><STEAM_1:1:591354473><> was moved to spectate for being AFK too long.
L 03/10/2021 - 10:19:39: [afk_manager4.smx] arnold schwarzenegger<539><STEAM_1:1:161000992><> was kicked for being AFK too long.
L 03/10/2021 - 10:32:01: [afk_manager4.smx] Stayin' at spawn<556><STEAM_1:0:594341335><> was moved to spectate for being AFK too long.
L 03/10/2021 - 10:36:35: [afk_manager4.smx] editted<543><STEAM_1:0:544564067><> was moved to spectate for being AFK too long.
L 03/10/2021 - 10:39:18: [afk_manager4.smx] A Little Jew Boy<566><STEAM_1:0:584465199><> was moved to spectate for being AFK too long.
L 03/10/2021 - 10:44:49: [afk_manager4.smx] Player count for AFK Kick minimum is below requirements, feature is now disabled: sm_afk_kick_min_players = 6 Current Players = 5
L 03/10/2021 - 10:52:42: [afk_manager4.smx] Player count for AFK Kick minimum has been reached, feature is now enabled: sm_afk_kick_min_players = 6 Current Players = 6
L 03/10/2021 - 11:03:48: [afk_manager4.smx] big bobo<585><STEAM_1:1:568060324><> was moved to spectate for being AFK too long.
L 03/10/2021 - 11:14:09: [afk_manager4.smx] football.pro<592><STEAM_1:1:580657776><> was moved to spectate for being AFK too long.
L 03/10/2021 - 11:23:31: [afk_manager4.smx] zadet<597><STEAM_1:1:552131127><> was moved to spectate for being AFK too long.
L 03/10/2021 - 11:24:43: [afk_manager4.smx] zadet<597><STEAM_1:1:552131127><> was kicked for being AFK too long.
L 03/10/2021 - 11:35:41: [afk_manager4.smx] Bob Ross<601><STEAM_1:1:585412542><> was moved to spectate for being AFK too long.
L 03/10/2021 - 11:36:22: [afk_manager4.smx] vanity<602><STEAM_1:0:548590782><> was moved to spectate for being AFK too long.
L 03/10/2021 - 11:42:22: [afk_manager4.smx] sedated<590><STEAM_1:0:548837819><> was moved to spectate for being AFK too long.
L 03/10/2021 - 11:44:28: [afk_manager4.smx] Player count for AFK Kick minimum is below requirements, feature is now disabled: sm_afk_kick_min_players = 6 Current Players = 5
L 03/10/2021 - 11:50:17: [afk_manager4.smx] Player count for AFK Kick minimum has been reached, feature is now enabled: sm_afk_kick_min_players = 6 Current Players = 6
L 03/10/2021 - 11:52:37: [afk_manager4.smx] Emmanuel.Tamayo1991@gmail.com<600><STEAM_1:0:536465617><> was moved to spectate for being AFK too long.
L 03/10/2021 - 11:53:08: [afk_manager4.smx] sex<605><STEAM_1:0:555867886><> was moved to spectate for being AFK too long.
L 03/10/2021 - 11:53:32: [afk_manager4.smx] Player count for AFK Kick minimum is below requirements, feature is now disabled: sm_afk_kick_min_players = 6 Current Players = 5
L 03/10/2021 - 11:55:23: [afk_manager4.smx] Player count for AFK Kick minimum has been reached, feature is now enabled: sm_afk_kick_min_players = 6 Current Players = 6
L 03/10/2021 - 12:04:47: [afk_manager4.smx] Player count for AFK Kick minimum is below requirements, feature is now disabled: sm_afk_kick_min_players = 6 Current Players = 5
L 03/10/2021 - 12:18:34: [afk_manager4.smx] Player count for AFK Kick minimum has been reached, feature is now enabled: sm_afk_kick_min_players = 6 Current Players = 6
L 03/10/2021 - 12:42:36: [afk_manager4.smx] sex<625><STEAM_1:0:555867886><> was moved to spectate for being AFK too long.
L 03/10/2021 - 12:48:15: [afk_manager4.smx] yve<626><STEAM_1:0:594272437><> was moved to spectate for being AFK too long.
L 03/10/2021 - 12:48:20: [afk_manager4.smx] Haru<598><STEAM_1:0:571722659><> was moved to spectate for being AFK too long.
L 03/10/2021 - 12:49:03: [afk_manager4.smx] L̷e̷e̷ ̷S̷u̷r̷g̷e̷<615><STEAM_1:0:121003578><> was moved to spectate for being AFK too long.
L 03/10/2021 - 13:14:25: [afk_manager4.smx] (◕‿◕✿)<627><STEAM_1:1:554044120><> was moved to spectate for being AFK too long.
L 03/10/2021 - 13:14:27: [afk_manager4.smx] osiris<634><STEAM_1:1:594600550><> was moved to spectate for being AFK too long.
L 03/10/2021 - 13:15:31: [afk_manager4.smx] (◕‿◕✿)<627><STEAM_1:1:554044120><> was kicked for being AFK too long.
L 03/10/2021 - 13:17:52: [afk_manager4.smx] unconnected<635><STEAM_1:0:460560113><> was moved to spectate for being AFK too long.
L 03/10/2021 - 13:25:14: [afk_manager4.smx] rxn<643><STEAM_1:0:591960479><> was moved to spectate for being AFK too long.
L 03/10/2021 - 13:29:53: [afk_manager4.smx] affection<645><STEAM_1:0:147304572><> was moved to spectate for being AFK too long.
L 03/10/2021 - 13:34:26: [afk_manager4.smx] dragon dezz nutz<644><STEAM_1:0:594039030><> was moved to spectate for being AFK too long.
L 03/10/2021 - 13:34:37: [afk_manager4.smx] vagina<642><STEAM_1:0:594091377><> was moved to spectate for being AFK too long.
L 03/10/2021 - 13:37:25: [afk_manager4.smx] Replays<636><STEAM_1:1:449634592><> was moved to spectate for being AFK too long.
L 03/10/2021 - 13:59:56: [afk_manager4.smx] Player count for AFK Kick minimum is below requirements, feature is now disabled: sm_afk_kick_min_players = 6 Current Players = 5
L 03/10/2021 - 14:07:14: [afk_manager4.smx] Player count for AFK Kick minimum has been reached, feature is now enabled: sm_afk_kick_min_players = 6 Current Players = 6
L 03/10/2021 - 14:10:48: [afk_manager4.smx] unconnected<635><STEAM_1:0:460560113><> was moved to spectate for being AFK too long.
L 03/10/2021 - 14:11:56: [afk_manager4.smx] unconnected<635><STEAM_1:0:460560113><> was kicked for being AFK too long.
L 03/10/2021 - 14:13:10: [afk_manager4.smx] unconnected<659><STEAM_1:0:460560113><> was moved to spectate for being AFK too long.
L 03/10/2021 - 14:14:47: [afk_manager4.smx] unconnected<659><STEAM_1:0:460560113><> was kicked for being AFK too long.
L 03/10/2021 - 14:17:42: [afk_manager4.smx] unconnected<663><STEAM_1:0:460560113><> was moved to spectate for being AFK too long.
L 03/10/2021 - 14:21:31: [afk_manager4.smx] 𝑪𝒐𝒓𝒏𝒆𝒚<657><STEAM_1:1:14504776><> was moved to spectate for being AFK too long.
L 03/10/2021 - 14:22:35: [afk_manager4.smx] unconnected<663><STEAM_1:0:460560113><> was kicked for being AFK too long.
L 03/10/2021 - 14:28:50: [afk_manager4.smx] Player count for AFK Kick minimum is below requirements, feature is now disabled: sm_afk_kick_min_players = 6 Current Players = 5
L 03/10/2021 - 14:37:00: [afk_manager4.smx] Player count for AFK Kick minimum has been reached, feature is now enabled: sm_afk_kick_min_players = 6 Current Players = 6
L 03/10/2021 - 14:47:32: [afk_manager4.smx] Leeve<673><STEAM_1:0:158457500><> was moved to spectate for being AFK too long.
L 03/10/2021 - 14:49:52: [afk_manager4.smx] Im the apocalypse<681><STEAM_1:0:594818044><> was moved to spectate for being AFK too long.
L 03/10/2021 - 15:01:09: [afk_manager4.smx] qoft<689><STEAM_1:1:593056704><> was moved to spectate for being AFK too long.
L 03/10/2021 - 15:02:28: [afk_manager4.smx] forget me<680><STEAM_1:1:569238002><> was moved to spectate for being AFK too long.
L 03/10/2021 - 15:11:57: [afk_manager4.smx] 哦<684><STEAM_1:1:120700975><> was moved to spectate for being AFK too long.
L 03/10/2021 - 15:18:00: [afk_manager4.smx] Haru<667><STEAM_1:0:571722659><> was moved to spectate for being AFK too long.
L 03/10/2021 - 15:21:19: [afk_manager4.smx] forget me<680><STEAM_1:1:569238002><> was moved to spectate for being AFK too long.
L 03/10/2021 - 15:21:20: [afk_manager4.smx] Haru<667><STEAM_1:0:571722659><> was kicked for being AFK too long.
L 03/10/2021 - 15:25:03: [afk_manager4.smx] forget me<680><STEAM_1:1:569238002><> was kicked for being AFK too long.
L 03/10/2021 - 15:27:28: [afk_manager4.smx] al<683><STEAM_1:0:554049390><> was moved to spectate for being AFK too long.
L 03/10/2021 - 15:27:28: [afk_manager4.smx] BumbleWhore<692><STEAM_1:0:593980929><> was moved to spectate for being AFK too long.
L 03/10/2021 - 15:28:47: [afk_manager4.smx] BumbleWhore<692><STEAM_1:0:593980929><> was kicked for being AFK too long.
L 03/10/2021 - 15:32:52: [afk_manager4.smx] Player count for AFK Kick minimum is below requirements, feature is now disabled: sm_afk_kick_min_players = 6 Current Players = 5
L 03/10/2021 - 15:47:29: [afk_manager4.smx] Player count for AFK Kick minimum has been reached, feature is now enabled: sm_afk_kick_min_players = 6 Current Players = 6
L 03/10/2021 - 15:47:40: [afk_manager4.smx] smurf do global<707><STEAM_1:1:591737840><> was moved to spectate for being AFK too long.
L 03/10/2021 - 15:49:21: [afk_manager4.smx] ALT<709><STEAM_1:1:546253186><> was moved to spectate for being AFK too long.
L 03/10/2021 - 15:59:07: [afk_manager4.smx] shabazzf0<717><STEAM_1:1:594859870><> was moved to spectate for being AFK too long.
L 03/10/2021 - 16:10:17: [afk_manager4.smx] MonsterGlobal_2.0<720><STEAM_1:0:594572824><> was moved to spectate for being AFK too long.
L 03/10/2021 - 16:17:46: [afk_manager4.smx] Shazfer<718><STEAM_1:0:339037><> was moved to spectate for being AFK too long.
L 03/10/2021 - 16:39:51: [afk_manager4.smx] Marcus<732><STEAM_1:1:564533451><> was moved to spectate for being AFK too long.
L 03/10/2021 - 16:45:35: [afk_manager4.smx] Umba<746><STEAM_1:1:205547252><> was moved to spectate for being AFK too long.
L 03/10/2021 - 17:12:14: [afk_manager4.smx] BOT Bob<758><STEAM_1:0:542067245><> was moved to spectate for being AFK too long.
L 03/10/2021 - 17:15:43: [afk_manager4.smx] alex. bandz<757><STEAM_1:0:594292239><> was moved to spectate for being AFK too long.
L 03/10/2021 - 17:16:40: [afk_manager4.smx] Player count for AFK Kick minimum is below requirements, feature is now disabled: sm_afk_kick_min_players = 6 Current Players = 5
L 03/10/2021 - 17:19:05: [afk_manager4.smx] Player count for AFK Kick minimum has been reached, feature is now enabled: sm_afk_kick_min_players = 6 Current Players = 6
L 03/10/2021 - 17:33:12: [afk_manager4.smx] MonsterGlobal_2.0<754><STEAM_1:0:594572824><> was moved to spectate for being AFK too long.
L 03/10/2021 - 18:04:35: [afk_manager4.smx] Poke<771><STEAM_1:1:591122403><> was moved to spectate for being AFK too long.
L 03/10/2021 - 18:07:48: [afk_manager4.smx] dom<783><STEAM_1:0:594179067><> was moved to spectate for being AFK too long.
L 03/10/2021 - 18:08:51: [afk_manager4.smx] dom<783><STEAM_1:0:594179067><> was kicked for being AFK too long.
L 03/10/2021 - 18:23:14: [afk_manager4.smx] Poke<771><STEAM_1:1:591122403><> was moved to spectate for being AFK too long.
L 03/10/2021 - 18:35:14: [afk_manager4.smx] Momma smurf<804><STEAM_1:1:585363290><> was moved to spectate for being AFK too long.
L 03/10/2021 - 18:35:26: [afk_manager4.smx] Player count for AFK Kick minimum is below requirements, feature is now disabled: sm_afk_kick_min_players = 6 Current Players = 5
L 03/10/2021 - 18:38:05: [afk_manager4.smx] Player count for AFK Move minimum is below requirements, feature is now disabled: sm_afk_move_min_players = 4 Current Players = 3
L 03/10/2021 - 18:51:45: [afk_manager4.smx] Player count for AFK Move minimum has been reached, feature is now enabled: sm_afk_move_min_players = 4 Current Players = 4
L 03/10/2021 - 18:59:55: [afk_manager4.smx] Player count for AFK Kick minimum has been reached, feature is now enabled: sm_afk_kick_min_players = 6 Current Players = 6
L 03/10/2021 - 19:00:46: [afk_manager4.smx] osiris<814><STEAM_1:1:594600550><> was moved to spectate for being AFK too long.
L 03/10/2021 - 19:08:03: [afk_manager4.smx] Player count for AFK Kick minimum is below requirements, feature is now disabled: sm_afk_kick_min_players = 6 Current Players = 5
L 03/10/2021 - 19:09:20: [afk_manager4.smx] Player count for AFK Kick minimum has been reached, feature is now enabled: sm_afk_kick_min_players = 6 Current Players = 6
L 03/10/2021 - 19:11:05: [afk_manager4.smx] Player count for AFK Kick minimum is below requirements, feature is now disabled: sm_afk_kick_min_players = 6 Current Players = 5
L 03/10/2021 - 19:15:37: [afk_manager4.smx] Player count for AFK Kick minimum has been reached, feature is now enabled: sm_afk_kick_min_players = 6 Current Players = 6
L 03/10/2021 - 19:15:42: [afk_manager4.smx] Player count for AFK Kick minimum is below requirements, feature is now disabled: sm_afk_kick_min_players = 6 Current Players = 5
L 03/10/2021 - 19:17:10: [afk_manager4.smx] Unknown<820><STEAM_1:1:557062735><> was moved to spectate for being AFK too long.
L 03/10/2021 - 19:30:56: [afk_manager4.smx] Player count for AFK Kick minimum has been reached, feature is now enabled: sm_afk_kick_min_players = 6 Current Players = 6
L 03/10/2021 - 19:39:51: [afk_manager4.smx] $9800 Drip<827><STEAM_1:1:510721760><> was moved to spectate for being AFK too long.
L 03/10/2021 - 19:48:31: [afk_manager4.smx] $9800 Drip<827><STEAM_1:1:510721760><> was moved to spectate for being AFK too long.
L 03/10/2021 - 20:06:44: [afk_manager4.smx] sex<834><STEAM_1:1:594932804><> was moved to spectate for being AFK too long.
L 03/10/2021 - 20:19:20: [afk_manager4.smx] $9800 Drip<827><STEAM_1:1:510721760><> was moved to spectate for being AFK too long.
L 03/10/2021 - 20:20:43: [afk_manager4.smx] $9800 Drip<827><STEAM_1:1:510721760><> was moved to spectate for being AFK too long.
L 03/10/2021 - 20:28:14: [afk_manager4.smx] $9800 Drip<827><STEAM_1:1:510721760><> was moved to spectate for being AFK too long.
L 03/10/2021 - 20:30:28: [afk_manager4.smx] Player count for AFK Kick minimum is below requirements, feature is now disabled: sm_afk_kick_min_players = 6 Current Players = 5
L 03/10/2021 - 20:31:19: [afk_manager4.smx] osiris<814><STEAM_1:1:594600550><> was moved to spectate for being AFK too long.
L 03/10/2021 - 20:38:56: [afk_manager4.smx] Player count for AFK Kick minimum has been reached, feature is now enabled: sm_afk_kick_min_players = 6 Current Players = 6
L 03/10/2021 - 20:39:39: [afk_manager4.smx] idk<850><STEAM_1:1:590525203><> was moved to spectate for being AFK too long.
L 03/10/2021 - 20:39:42: [afk_manager4.smx] Player count for AFK Kick minimum is below requirements, feature is now disabled: sm_afk_kick_min_players = 6 Current Players = 5
L 03/10/2021 - 20:40:21: [afk_manager4.smx] Player count for AFK Move minimum is below requirements, feature is now disabled: sm_afk_move_min_players = 4 Current Players = 3
L 03/10/2021 - 20:43:45: [afk_manager4.smx] Player count for AFK Move minimum has been reached, feature is now enabled: sm_afk_move_min_players = 4 Current Players = 4
L 03/10/2021 - 20:46:44: [afk_manager4.smx] Player count for AFK Kick minimum has been reached, feature is now enabled: sm_afk_kick_min_players = 6 Current Players = 6
L 03/10/2021 - 20:48:47: [afk_manager4.smx] turku7<852><STEAM_1:0:559071196><> was moved to spectate for being AFK too long.
L 03/10/2021 - 21:02:16: [afk_manager4.smx] turku7<852><STEAM_1:0:559071196><> was moved to spectate for being AFK too long.
L 03/10/2021 - 21:03:22: [afk_manager4.smx] turku7<852><STEAM_1:0:559071196><> was kicked for being AFK too long.
L 03/10/2021 - 21:03:22: [afk_manager4.smx] Player count for AFK Kick minimum is below requirements, feature is now disabled: sm_afk_kick_min_players = 6 Current Players = 5
L 03/10/2021 - 21:03:43: [afk_manager4.smx] Player count for AFK Kick minimum has been reached, feature is now enabled: sm_afk_kick_min_players = 6 Current Players = 6
L 03/10/2021 - 21:07:32: [afk_manager4.smx] Ev9<855><STEAM_1:1:593483658><> was moved to spectate for being AFK too long.
L 03/10/2021 - 21:09:13: [afk_manager4.smx] Ev9<855><STEAM_1:1:593483658><> was kicked for being AFK too long.
L 03/10/2021 - 21:16:04: [afk_manager4.smx] LeBron James<866><STEAM_1:1:594722366><> was moved to spectate for being AFK too long.
L 03/10/2021 - 21:19:32: [afk_manager4.smx] unconnected<865><STEAM_1:0:460560113><> was moved to spectate for being AFK too long.
L 03/10/2021 - 21:27:23: [afk_manager4.smx] Ev9<863><STEAM_1:1:593483658><> was moved to spectate for being AFK too long.
L 03/10/2021 - 22:10:45: [afk_manager4.smx] love<908><STEAM_1:0:511833789><> was moved to spectate for being AFK too long.
L 03/10/2021 - 22:48:43: [afk_manager4.smx] love<915><STEAM_1:0:511833789><> was moved to spectate for being AFK too long.
L 03/10/2021 - 23:06:52: [afk_manager4.smx] Zeerks<921><STEAM_1:1:593510634><> was moved to spectate for being AFK too long.
L 03/10/2021 - 23:09:47: [afk_manager4.smx] aqu<919><STEAM_1:0:581622562><> was moved to spectate for being AFK too long.
L 03/10/2021 - 23:14:19: [afk_manager4.smx] MonsterGlobal_2.0<867><STEAM_1:0:594572824><> was moved to spectate for being AFK too long.
L 03/10/2021 - 23:15:22: [afk_manager4.smx] MonsterGlobal_2.0<867><STEAM_1:0:594572824><> was kicked for being AFK too long.
L 03/10/2021 - 23:42:36: [afk_manager4.smx] 𝕵𝖆𝖈𝖐<942><STEAM_1:0:589914229><> was moved to spectate for being AFK too long.
L 03/10/2021 - 23:42:48: [afk_manager4.smx] morgan<943><STEAM_1:1:539496957><> was moved to spectate for being AFK too long.
L 03/10/2021 - 23:58:25: [afk_manager4.smx] xd<956><STEAM_1:0:537972281><> was moved to spectate for being AFK too long.
L 03/11/2021 - 00:00:37: [afk_manager4.smx] morgan<955><STEAM_1:1:539496957><> was moved to spectate for being AFK too long.
L 03/11/2021 - 00:03:56: [afk_manager4.smx] Zuhn<945><STEAM_1:1:590205676><> was moved to spectate for being AFK too long.
L 03/11/2021 - 00:05:03: [afk_manager4.smx] alberfadjknasmdj<961><STEAM_1:1:568194265><> was moved to spectate for being AFK too long.
L 03/11/2021 - 00:08:55: [afk_manager4.smx] alberfadjknasmdj<961><STEAM_1:1:568194265><> was moved to spectate for being AFK too long.
L 03/11/2021 - 00:18:43: [afk_manager4.smx] bemon61460<966><STEAM_1:1:594929171><> was moved to spectate for being AFK too long.
L 03/11/2021 - 00:19:01: [afk_manager4.smx] Zuhn<945><STEAM_1:1:590205676><> was moved to spectate for being AFK too long.
L 03/11/2021 - 00:19:13: [afk_manager4.smx] ChickenWing<972><STEAM_1:0:593117860><> was moved to spectate for being AFK too long.
L 03/11/2021 - 00:30:39: [afk_manager4.smx] ..Noir<975><STEAM_1:1:71064853><> was moved to spectate for being AFK too long.
L 03/11/2021 - 00:30:44: [afk_manager4.smx] dmt<978><STEAM_1:1:527200265><> was moved to spectate for being AFK too long.
L 03/11/2021 - 00:36:54: [afk_manager4.smx] morgan<984><STEAM_1:1:539496957><> was moved to spectate for being AFK too long.
L 03/11/2021 - 00:42:15: [afk_manager4.smx] pikahitler<976><STEAM_1:0:589196004><> was moved to spectate for being AFK too long.
L 03/11/2021 - 00:43:55: [afk_manager4.smx] mein kamf<983><STEAM_1:0:505561999><> was moved to spectate for being AFK too long.
L 03/11/2021 - 00:45:01: [afk_manager4.smx] mein kamf<983><STEAM_1:0:505561999><> was kicked for being AFK too long.
L 03/11/2021 - 00:51:11: [afk_manager4.smx] dmt<978><STEAM_1:1:527200265><> was moved to spectate for being AFK too long.
L 03/11/2021 - 00:57:27: [afk_manager4.smx] Elysium<967><STEAM_1:0:427113089><> was moved to spectate for being AFK too long.
L 03/11/2021 - 01:00:10: [afk_manager4.smx] bemon61460<994><STEAM_1:1:594929171><> was moved to spectate for being AFK too long.
L 03/11/2021 - 01:08:24: [afk_manager4.smx] 起司<1001><STEAM_1:1:559445026><> was moved to spectate for being AFK too long.
L 03/11/2021 - 01:13:35: [afk_manager4.smx] Helm<1006><STEAM_1:1:440544><> was moved to spectate for being AFK too long.
L 03/11/2021 - 01:22:19: [afk_manager4.smx] Death<1002><STEAM_1:1:575320989><> was moved to spectate for being AFK too long.
L 03/11/2021 - 01:24:47: [afk_manager4.smx] greg<974><STEAM_1:0:538889787><> was moved to spectate for being AFK too long.
L 03/11/2021 - 01:33:20: [afk_manager4.smx] Indian Bones<1018><STEAM_1:1:591969694><> was moved to spectate for being AFK too long.
L 03/11/2021 - 01:34:27: [afk_manager4.smx] draco<971><STEAM_1:1:52198556><> was moved to spectate for being AFK too long.
L 03/11/2021 - 01:36:28: [afk_manager4.smx] Indian Bones<1018><STEAM_1:1:591969694><> was kicked for being AFK too long.
L 03/11/2021 - 01:38:12: [afk_manager4.smx] Zuhn<1016><STEAM_1:1:590205676><> was moved to spectate for being AFK too long.
L 03/11/2021 - 01:44:39: [afk_manager4.smx] Zuhn<1016><STEAM_1:1:590205676><> was moved to spectate for being AFK too long.
L 03/11/2021 - 01:53:39: [afk_manager4.smx] greg<974><STEAM_1:0:538889787><> was moved to spectate for being AFK too long.
L 03/11/2021 - 02:16:12: [afk_manager4.smx] Player count for AFK Kick minimum is below requirements, feature is now disabled: sm_afk_kick_min_players = 6 Current Players = 5
L 03/11/2021 - 02:17:30: [afk_manager4.smx] Player count for AFK Move minimum is below requirements, feature is now disabled: sm_afk_move_min_players = 4 Current Players = 3
L 03/11/2021 - 04:23:38: [afk_manager4.smx] Player count for AFK Move minimum has been reached, feature is now enabled: sm_afk_move_min_players = 4 Current Players = 4
L 03/11/2021 - 04:24:43: [afk_manager4.smx] mein kamf<1017><STEAM_1:0:505561999><> was moved to spectate for being AFK too long.
L 03/11/2021 - 04:30:18: [afk_manager4.smx] Player count for AFK Kick minimum has been reached, feature is now enabled: sm_afk_kick_min_players = 6 Current Players = 6
L 03/11/2021 - 04:30:18: [afk_manager4.smx] mein kamf<1017><STEAM_1:0:505561999><> was kicked for being AFK too long.
L 03/11/2021 - 04:31:32: [afk_manager4.smx] Player count for AFK Kick minimum is below requirements, feature is now disabled: sm_afk_kick_min_players = 6 Current Players = 5
L 03/11/2021 - 04:35:49: [afk_manager4.smx] Player count for AFK Move minimum is below requirements, feature is now disabled: sm_afk_move_min_players = 4 Current Players = 3
L 03/11/2021 - 04:40:47: [afk_manager4.smx] Player count for AFK Move minimum has been reached, feature is now enabled: sm_afk_move_min_players = 4 Current Players = 4
L 03/11/2021 - 04:52:57: [afk_manager4.smx] Player count for AFK Kick minimum has been reached, feature is now enabled: sm_afk_kick_min_players = 6 Current Players = 6
L 03/11/2021 - 04:56:52: [afk_manager4.smx] Player count for AFK Kick minimum is below requirements, feature is now disabled: sm_afk_kick_min_players = 6 Current Players = 5
L 03/11/2021 - 04:57:59: [afk_manager4.smx] Pablito<1051><STEAM_1:1:77872271><> was moved to spectate for being AFK too long.
L 03/11/2021 - 05:00:25: [afk_manager4.smx] Player count for AFK Kick minimum has been reached, feature is now enabled: sm_afk_kick_min_players = 6 Current Players = 6
L 03/11/2021 - 05:01:47: [afk_manager4.smx] FFFFFFFFFFFFFFFFFFFFFFFFFFFFFFF<1056><STEAM_1:0:585388198><> was moved to spectate for being AFK too long.
L 03/11/2021 - 05:09:51: [afk_manager4.smx] monolith inv for my bday?<1052><STEAM_1:1:533397785><> was moved to spectate for being AFK too long.
L 03/11/2021 - 05:16:07: [afk_manager4.smx] Pablito<1051><STEAM_1:1:77872271><> was moved to spectate for being AFK too long.
L 03/11/2021 - 05:17:10: [afk_manager4.smx] Pablito<1051><STEAM_1:1:77872271><> was kicked for being AFK too long.
L 03/11/2021 - 05:17:10: [afk_manager4.smx] Player count for AFK Kick minimum is below requirements, feature is now disabled: sm_afk_kick_min_players = 6 Current Players = 5
L 03/11/2021 - 05:27:18: [afk_manager4.smx] Player count for AFK Kick minimum has been reached, feature is now enabled: sm_afk_kick_min_players = 6 Current Players = 6
L 03/11/2021 - 05:36:29: [afk_manager4.smx] Player count for AFK Kick minimum is below requirements, feature is now disabled: sm_afk_kick_min_players = 6 Current Players = 5
L 03/11/2021 - 05:39:23: [afk_manager4.smx] def1purelyric<1061><STEAM_1:0:594805437><> was moved to spectate for being AFK too long.
L 03/11/2021 - 05:48:07: [afk_manager4.smx] Player count for AFK Move minimum is below requirements, feature is now disabled: sm_afk_move_min_players = 4 Current Players = 3
L 03/11/2021 - 05:57:39: [afk_manager4.smx] Player count for AFK Move minimum has been reached, feature is now enabled: sm_afk_move_min_players = 4 Current Players = 4
L 03/11/2021 - 05:58:34: [afk_manager4.smx] Player count for AFK Kick minimum has been reached, feature is now enabled: sm_afk_kick_min_players = 6 Current Players = 6
L 03/11/2021 - 05:59:31: [afk_manager4.smx] Stande<1069><STEAM_1:0:83694792><> was moved to spectate for being AFK too long.
L 03/11/2021 - 06:02:12: [afk_manager4.smx] Keo<1068><STEAM_1:1:156996773><> was moved to spectate for being AFK too long.
L 03/11/2021 - 06:04:52: [afk_manager4.smx] Player count for AFK Kick minimum is below requirements, feature is now disabled: sm_afk_kick_min_players = 6 Current Players = 5
L 03/11/2021 - 06:06:04: [afk_manager4.smx] Keo<1068><STEAM_1:1:156996773><> was moved to spectate for being AFK too long.
L 03/11/2021 - 06:29:56: [afk_manager4.smx] nilats<1071><STEAM_1:1:464028887><> was moved to spectate for being AFK too long.
L 03/11/2021 - 06:33:01: [afk_manager4.smx] nilats<1071><STEAM_1:1:464028887><> was moved to spectate for being AFK too long.
L 03/11/2021 - 06:37:47: [afk_manager4.smx] nilats<1071><STEAM_1:1:464028887><> was moved to spectate for being AFK too long.
L 03/11/2021 - 06:40:38: [afk_manager4.smx] nilats<1071><STEAM_1:1:464028887><> was moved to spectate for being AFK too long.
L 03/11/2021 - 06:44:12: [afk_manager4.smx] nilats<1071><STEAM_1:1:464028887><> was moved to spectate for being AFK too long.
L 03/11/2021 - 06:46:30: [afk_manager4.smx] nilats<1071><STEAM_1:1:464028887><> was moved to spectate for being AFK too long.
L 03/11/2021 - 06:49:23: [afk_manager4.smx] Keo<1074><STEAM_1:1:156996773><> was moved to spectate for being AFK too long.
L 03/11/2021 - 06:51:03: [afk_manager4.smx] nilats<1071><STEAM_1:1:464028887><> was moved to spectate for being AFK too long.
L 03/11/2021 - 06:59:32: [afk_manager4.smx] nilats<1071><STEAM_1:1:464028887><> was moved to spectate for being AFK too long.
L 03/11/2021 - 07:02:56: [afk_manager4.smx] Player count for AFK Kick minimum has been reached, feature is now enabled: sm_afk_kick_min_players = 6 Current Players = 6
L 03/11/2021 - 07:05:48: [afk_manager4.smx] Player count for AFK Kick minimum is below requirements, feature is now disabled: sm_afk_kick_min_players = 6 Current Players = 5
L 03/11/2021 - 07:15:00: [afk_manager4.smx] Player count for AFK Move minimum is below requirements, feature is now disabled: sm_afk_move_min_players = 4 Current Players = 3
