L 03/11/2021 - 07:18:39: SourceMod log file session started (file "/home/steam/p_hvh/csgo/addons/sourcemod/logs/L20210311.log") (Version "1.10.0.6502")
L 03/11/2021 - 07:18:39: -------- Mapchange to de_mirage --------
L 03/11/2021 - 07:18:39: [basecommands.smx] "Console<0><Console><Console>" changed cvar (cvar "sv_vote_issue_changelevel_allowed") (value "0")
L 03/11/2021 - 07:18:39: [basecommands.smx] "Console<0><Console><Console>" changed cvar (cvar "sv_max_distance_transmit_footsteps") (value "9999")
L 03/11/2021 - 07:18:39: [basecommands.smx] "Console<0><Console><Console>" changed cvar (cvar "sv_hibernate_ms") (value "0")
L 03/11/2021 - 07:18:39: [basecommands.smx] "Console<0><Console><Console>" changed cvar (cvar "sv_hibernate_ms_vgui") (value "0")
L 03/11/2021 - 07:18:39: [basecommands.smx] "Console<0><Console><Console>" changed cvar (cvar "sv_hibernate_postgame_delay") (value "0")
L 03/11/2021 - 07:18:39: [basecommands.smx] "Console<0><Console><Console>" changed cvar (cvar "sv_hibernate_when_empty") (value "0")
L 03/11/2021 - 07:18:39: [basecommands.smx] "Console<0><Console><Console>" changed cvar (cvar "sv_parallel_sendsnapshot") (value "1")
L 03/11/2021 - 07:18:39: [basecommands.smx] "Console<0><Console><Console>" changed cvar (cvar "sv_enable_delta_packing") (value "1")
L 03/11/2021 - 07:18:39: [basecommands.smx] "Console<0><Console><Console>" changed cvar (cvar "sv_maxunlag") (value "0.200")
L 03/11/2021 - 07:18:39: [basecommands.smx] "Console<0><Console><Console>" changed cvar (cvar "net_maxcleartime") (value "0.001")
L 03/11/2021 - 07:18:39: [basecommands.smx] "Console<0><Console><Console>" changed cvar (cvar "net_minroutable") (value "1000")
L 03/11/2021 - 07:18:39: [basecommands.smx] "Console<0><Console><Console>" changed cvar (cvar "net_compresspackets") (value "0")
L 03/11/2021 - 07:18:39: [basecommands.smx] "Console<0><Console><Console>" changed cvar (cvar "g_ragdoll_important_maxcount") (value "1")
L 03/11/2021 - 07:18:39: [basecommands.smx] "Console<0><Console><Console>" changed cvar (cvar "g_ragdoll_maxcount") (value "1")
L 03/11/2021 - 07:18:39: [basecommands.smx] "Console<0><Console><Console>" changed cvar (cvar "phys_enable_experimental_optimizations") (value "1")
L 03/11/2021 - 07:18:39: [basecommands.smx] "Console<0><Console><Console>" changed cvar (cvar "prop_active_gib_limit") (value "1")
L 03/11/2021 - 07:18:39: [basecommands.smx] "Console<0><Console><Console>" changed cvar (cvar "prop_active_gib_max_fade_time") (value "1")
L 03/11/2021 - 07:18:39: [basecommands.smx] "Console<0><Console><Console>" changed cvar (cvar "sv_turbophysics") (value "1")
L 03/11/2021 - 07:18:39: [basecommands.smx] "Console<0><Console><Console>" changed cvar (cvar "fps_max") (value "0")
L 03/11/2021 - 07:18:39: [basecommands.smx] "Console<0><Console><Console>" changed cvar (cvar "host_framerate") (value "0")
L 03/11/2021 - 07:18:39: [basecommands.smx] "Console<0><Console><Console>" changed cvar (cvar "sv_alternateticks") (value "1")
L 03/11/2021 - 07:18:39: [basecommands.smx] "Console<0><Console><Console>" changed cvar (cvar "sv_forcepreload") (value "1")
L 03/11/2021 - 07:18:39: [basecommands.smx] "Console<0><Console><Console>" changed cvar (cvar "sv_stats") (value "0")
L 03/11/2021 - 07:18:39: [basecommands.smx] "Console<0><Console><Console>" changed cvar (cvar "sv_parallel_packentities") (value "1")
L 03/11/2021 - 07:18:39: [basecommands.smx] "Console<0><Console><Console>" changed cvar (cvar "sv_multiplayer_maxtempentities") (value "1")
L 03/11/2021 - 07:18:39: [basecommands.smx] "Console<0><Console><Console>" changed cvar (cvar "occlusion_test_async") (value "1")
L 03/11/2021 - 07:18:39: [basecommands.smx] "Console<0><Console><Console>" changed cvar (cvar "host_threaded_sound") (value "1")
L 03/11/2021 - 07:18:39: [basecommands.smx] "Console<0><Console><Console>" changed cvar (cvar "sv_threaded_init") (value "1")
L 03/11/2021 - 07:18:39: [basecommands.smx] "Console<0><Console><Console>" changed cvar (cvar "mod_load_anims_async") (value "1")
L 03/11/2021 - 07:18:39: [basecommands.smx] "Console<0><Console><Console>" changed cvar (cvar "mod_load_mesh_async") (value "1")
L 03/11/2021 - 07:18:39: [basecommands.smx] "Console<0><Console><Console>" changed cvar (cvar "mod_load_vcollide_async") (value "1")
L 03/11/2021 - 07:18:39: [basecommands.smx] "Console<0><Console><Console>" changed cvar (cvar "vprof_server_thread") (value "1")
L 03/11/2021 - 07:18:39: [basecommands.smx] "Console<0><Console><Console>" changed cvar (cvar "g_ai_threadedgraphbuild") (value "1")
L 03/11/2021 - 07:18:39: [basecommands.smx] "Console<0><Console><Console>" changed cvar (cvar "mp_teamname_2") (value "Profit$ - T")
L 03/11/2021 - 07:18:39: [basecommands.smx] "Console<0><Console><Console>" changed cvar (cvar "mp_teamname_1") (value "Profit$ - CT")
L 03/11/2021 - 07:18:39: [basecommands.smx] "Console<0><Console><Console>" changed cvar (cvar "sv_allow_thirdperson") (value "1")
L 03/11/2021 - 07:18:39: [basecommands.smx] "Console<0><Console><Console>" changed cvar (cvar "sv_pure_kick_clients") (value "0")
L 03/11/2021 - 07:18:39: [basecommands.smx] "Console<0><Console><Console>" changed cvar (cvar "sv_server_verify_blood_on_player") (value "0")
L 03/11/2021 - 07:18:39: [basecommands.smx] "Console<0><Console><Console>" changed cvar (cvar "host_players_show") (value "2")
L 03/11/2021 - 07:18:39: [basecommands.smx] "Console<0><Console><Console>" changed cvar (cvar "host_info_show") (value "2")
L 03/11/2021 - 07:18:39: [basecommands.smx] "Console<0><Console><Console>" changed cvar (cvar "game_mode") (value "1")
L 03/11/2021 - 07:18:39: [basecommands.smx] "Console<0><Console><Console>" changed cvar (cvar "game_type") (value "0")
L 03/11/2021 - 07:18:39: [basecommands.smx] "Console<0><Console><Console>" changed cvar (cvar "sm_afk_exclude_dead") (value "1")
L 03/11/2021 - 07:18:39: [basecommands.smx] "Console<0><Console><Console>" changed cvar (cvar "bot_join_after_player") (value "0")
L 03/11/2021 - 07:18:39: [basecommands.smx] "Console<0><Console><Console>" changed cvar (cvar "bot_join_team") (value "")
L 03/11/2021 - 07:18:40: [afk_manager4.smx] [AFK Manager] Log File: addons/sourcemod/logs/afkm_20210311.log
L 03/11/2021 - 07:32:38: -------- Mapchange to de_mirage --------
L 03/11/2021 - 07:32:38: [basecommands.smx] "Console<0><Console><Console>" changed cvar (cvar "sv_vote_issue_changelevel_allowed") (value "0")
L 03/11/2021 - 07:32:38: [basecommands.smx] "Console<0><Console><Console>" changed cvar (cvar "sv_max_distance_transmit_footsteps") (value "9999")
L 03/11/2021 - 07:32:38: [basecommands.smx] "Console<0><Console><Console>" changed cvar (cvar "sv_hibernate_ms") (value "0")
L 03/11/2021 - 07:32:38: [basecommands.smx] "Console<0><Console><Console>" changed cvar (cvar "sv_hibernate_ms_vgui") (value "0")
L 03/11/2021 - 07:32:38: [basecommands.smx] "Console<0><Console><Console>" changed cvar (cvar "sv_hibernate_postgame_delay") (value "0")
L 03/11/2021 - 07:32:38: [basecommands.smx] "Console<0><Console><Console>" changed cvar (cvar "sv_hibernate_when_empty") (value "0")
L 03/11/2021 - 07:32:38: [basecommands.smx] "Console<0><Console><Console>" changed cvar (cvar "sv_parallel_sendsnapshot") (value "1")
L 03/11/2021 - 07:32:38: [basecommands.smx] "Console<0><Console><Console>" changed cvar (cvar "sv_enable_delta_packing") (value "1")
L 03/11/2021 - 07:32:38: [basecommands.smx] "Console<0><Console><Console>" changed cvar (cvar "sv_maxunlag") (value "0.200")
L 03/11/2021 - 07:32:38: [basecommands.smx] "Console<0><Console><Console>" changed cvar (cvar "net_maxcleartime") (value "0.001")
L 03/11/2021 - 07:32:38: [basecommands.smx] "Console<0><Console><Console>" changed cvar (cvar "net_minroutable") (value "1000")
L 03/11/2021 - 07:32:38: [basecommands.smx] "Console<0><Console><Console>" changed cvar (cvar "net_compresspackets") (value "0")
L 03/11/2021 - 07:32:38: [basecommands.smx] "Console<0><Console><Console>" changed cvar (cvar "g_ragdoll_important_maxcount") (value "1")
L 03/11/2021 - 07:32:38: [basecommands.smx] "Console<0><Console><Console>" changed cvar (cvar "g_ragdoll_maxcount") (value "1")
L 03/11/2021 - 07:32:38: [basecommands.smx] "Console<0><Console><Console>" changed cvar (cvar "phys_enable_experimental_optimizations") (value "1")
L 03/11/2021 - 07:32:38: [basecommands.smx] "Console<0><Console><Console>" changed cvar (cvar "prop_active_gib_limit") (value "1")
L 03/11/2021 - 07:32:38: [basecommands.smx] "Console<0><Console><Console>" changed cvar (cvar "prop_active_gib_max_fade_time") (value "1")
L 03/11/2021 - 07:32:38: [basecommands.smx] "Console<0><Console><Console>" changed cvar (cvar "sv_turbophysics") (value "1")
L 03/11/2021 - 07:32:38: [basecommands.smx] "Console<0><Console><Console>" changed cvar (cvar "fps_max") (value "0")
L 03/11/2021 - 07:32:38: [basecommands.smx] "Console<0><Console><Console>" changed cvar (cvar "host_framerate") (value "0")
L 03/11/2021 - 07:32:38: [basecommands.smx] "Console<0><Console><Console>" changed cvar (cvar "sv_alternateticks") (value "1")
L 03/11/2021 - 07:32:38: [basecommands.smx] "Console<0><Console><Console>" changed cvar (cvar "sv_forcepreload") (value "1")
L 03/11/2021 - 07:32:38: [basecommands.smx] "Console<0><Console><Console>" changed cvar (cvar "sv_stats") (value "0")
L 03/11/2021 - 07:32:38: [basecommands.smx] "Console<0><Console><Console>" changed cvar (cvar "sv_parallel_packentities") (value "1")
L 03/11/2021 - 07:32:38: [basecommands.smx] "Console<0><Console><Console>" changed cvar (cvar "sv_multiplayer_maxtempentities") (value "1")
L 03/11/2021 - 07:32:38: [basecommands.smx] "Console<0><Console><Console>" changed cvar (cvar "occlusion_test_async") (value "1")
L 03/11/2021 - 07:32:38: [basecommands.smx] "Console<0><Console><Console>" changed cvar (cvar "host_threaded_sound") (value "1")
L 03/11/2021 - 07:32:38: [basecommands.smx] "Console<0><Console><Console>" changed cvar (cvar "sv_threaded_init") (value "1")
L 03/11/2021 - 07:32:38: [basecommands.smx] "Console<0><Console><Console>" changed cvar (cvar "mod_load_anims_async") (value "1")
L 03/11/2021 - 07:32:38: [basecommands.smx] "Console<0><Console><Console>" changed cvar (cvar "mod_load_mesh_async") (value "1")
L 03/11/2021 - 07:32:38: [basecommands.smx] "Console<0><Console><Console>" changed cvar (cvar "mod_load_vcollide_async") (value "1")
L 03/11/2021 - 07:32:38: [basecommands.smx] "Console<0><Console><Console>" changed cvar (cvar "vprof_server_thread") (value "1")
L 03/11/2021 - 07:32:38: [basecommands.smx] "Console<0><Console><Console>" changed cvar (cvar "g_ai_threadedgraphbuild") (value "1")
L 03/11/2021 - 07:32:38: [basecommands.smx] "Console<0><Console><Console>" changed cvar (cvar "mp_teamname_2") (value "Profit$ - T")
L 03/11/2021 - 07:32:38: [basecommands.smx] "Console<0><Console><Console>" changed cvar (cvar "mp_teamname_1") (value "Profit$ - CT")
L 03/11/2021 - 07:32:38: [basecommands.smx] "Console<0><Console><Console>" changed cvar (cvar "sv_allow_thirdperson") (value "1")
L 03/11/2021 - 07:32:38: [basecommands.smx] "Console<0><Console><Console>" changed cvar (cvar "sv_pure_kick_clients") (value "0")
L 03/11/2021 - 07:32:38: [basecommands.smx] "Console<0><Console><Console>" changed cvar (cvar "sv_server_verify_blood_on_player") (value "0")
L 03/11/2021 - 07:32:38: [basecommands.smx] "Console<0><Console><Console>" changed cvar (cvar "host_players_show") (value "2")
L 03/11/2021 - 07:32:38: [basecommands.smx] "Console<0><Console><Console>" changed cvar (cvar "host_info_show") (value "2")
L 03/11/2021 - 07:32:38: [basecommands.smx] "Console<0><Console><Console>" changed cvar (cvar "game_mode") (value "1")
L 03/11/2021 - 07:32:38: [basecommands.smx] "Console<0><Console><Console>" changed cvar (cvar "game_type") (value "0")
L 03/11/2021 - 07:32:38: [basecommands.smx] "Console<0><Console><Console>" changed cvar (cvar "sm_afk_exclude_dead") (value "1")
L 03/11/2021 - 07:32:38: [basecommands.smx] "Console<0><Console><Console>" changed cvar (cvar "bot_join_after_player") (value "0")
L 03/11/2021 - 07:32:38: [basecommands.smx] "Console<0><Console><Console>" changed cvar (cvar "bot_join_team") (value "")
L 03/11/2021 - 07:44:55: -------- Mapchange to de_mirage --------
L 03/11/2021 - 07:44:55: [basecommands.smx] "Console<0><Console><Console>" changed cvar (cvar "sv_vote_issue_changelevel_allowed") (value "0")
L 03/11/2021 - 07:44:55: [basecommands.smx] "Console<0><Console><Console>" changed cvar (cvar "sv_max_distance_transmit_footsteps") (value "9999")
L 03/11/2021 - 07:44:55: [basecommands.smx] "Console<0><Console><Console>" changed cvar (cvar "sv_hibernate_ms") (value "0")
L 03/11/2021 - 07:44:55: [basecommands.smx] "Console<0><Console><Console>" changed cvar (cvar "sv_hibernate_ms_vgui") (value "0")
L 03/11/2021 - 07:44:55: [basecommands.smx] "Console<0><Console><Console>" changed cvar (cvar "sv_hibernate_postgame_delay") (value "0")
L 03/11/2021 - 07:44:55: [basecommands.smx] "Console<0><Console><Console>" changed cvar (cvar "sv_hibernate_when_empty") (value "0")
L 03/11/2021 - 07:44:55: [basecommands.smx] "Console<0><Console><Console>" changed cvar (cvar "sv_parallel_sendsnapshot") (value "1")
L 03/11/2021 - 07:44:55: [basecommands.smx] "Console<0><Console><Console>" changed cvar (cvar "sv_enable_delta_packing") (value "1")
L 03/11/2021 - 07:44:55: [basecommands.smx] "Console<0><Console><Console>" changed cvar (cvar "sv_maxunlag") (value "0.200")
L 03/11/2021 - 07:44:55: [basecommands.smx] "Console<0><Console><Console>" changed cvar (cvar "net_maxcleartime") (value "0.001")
L 03/11/2021 - 07:44:55: [basecommands.smx] "Console<0><Console><Console>" changed cvar (cvar "net_minroutable") (value "1000")
L 03/11/2021 - 07:44:55: [basecommands.smx] "Console<0><Console><Console>" changed cvar (cvar "net_compresspackets") (value "0")
L 03/11/2021 - 07:44:55: [basecommands.smx] "Console<0><Console><Console>" changed cvar (cvar "g_ragdoll_important_maxcount") (value "1")
L 03/11/2021 - 07:44:55: [basecommands.smx] "Console<0><Console><Console>" changed cvar (cvar "g_ragdoll_maxcount") (value "1")
L 03/11/2021 - 07:44:55: [basecommands.smx] "Console<0><Console><Console>" changed cvar (cvar "phys_enable_experimental_optimizations") (value "1")
L 03/11/2021 - 07:44:55: [basecommands.smx] "Console<0><Console><Console>" changed cvar (cvar "prop_active_gib_limit") (value "1")
L 03/11/2021 - 07:44:55: [basecommands.smx] "Console<0><Console><Console>" changed cvar (cvar "prop_active_gib_max_fade_time") (value "1")
L 03/11/2021 - 07:44:55: [basecommands.smx] "Console<0><Console><Console>" changed cvar (cvar "sv_turbophysics") (value "1")
L 03/11/2021 - 07:44:55: [basecommands.smx] "Console<0><Console><Console>" changed cvar (cvar "fps_max") (value "0")
L 03/11/2021 - 07:44:55: [basecommands.smx] "Console<0><Console><Console>" changed cvar (cvar "host_framerate") (value "0")
L 03/11/2021 - 07:44:55: [basecommands.smx] "Console<0><Console><Console>" changed cvar (cvar "sv_alternateticks") (value "1")
L 03/11/2021 - 07:44:55: [basecommands.smx] "Console<0><Console><Console>" changed cvar (cvar "sv_forcepreload") (value "1")
L 03/11/2021 - 07:44:55: [basecommands.smx] "Console<0><Console><Console>" changed cvar (cvar "sv_stats") (value "0")
L 03/11/2021 - 07:44:55: [basecommands.smx] "Console<0><Console><Console>" changed cvar (cvar "sv_parallel_packentities") (value "1")
L 03/11/2021 - 07:44:55: [basecommands.smx] "Console<0><Console><Console>" changed cvar (cvar "sv_multiplayer_maxtempentities") (value "1")
L 03/11/2021 - 07:44:55: [basecommands.smx] "Console<0><Console><Console>" changed cvar (cvar "occlusion_test_async") (value "1")
L 03/11/2021 - 07:44:55: [basecommands.smx] "Console<0><Console><Console>" changed cvar (cvar "host_threaded_sound") (value "1")
L 03/11/2021 - 07:44:55: [basecommands.smx] "Console<0><Console><Console>" changed cvar (cvar "sv_threaded_init") (value "1")
L 03/11/2021 - 07:44:55: [basecommands.smx] "Console<0><Console><Console>" changed cvar (cvar "mod_load_anims_async") (value "1")
L 03/11/2021 - 07:44:55: [basecommands.smx] "Console<0><Console><Console>" changed cvar (cvar "mod_load_mesh_async") (value "1")
L 03/11/2021 - 07:44:55: [basecommands.smx] "Console<0><Console><Console>" changed cvar (cvar "mod_load_vcollide_async") (value "1")
L 03/11/2021 - 07:44:55: [basecommands.smx] "Console<0><Console><Console>" changed cvar (cvar "vprof_server_thread") (value "1")
L 03/11/2021 - 07:44:55: [basecommands.smx] "Console<0><Console><Console>" changed cvar (cvar "g_ai_threadedgraphbuild") (value "1")
L 03/11/2021 - 07:44:55: [basecommands.smx] "Console<0><Console><Console>" changed cvar (cvar "mp_teamname_2") (value "Profit$ - T")
L 03/11/2021 - 07:44:55: [basecommands.smx] "Console<0><Console><Console>" changed cvar (cvar "mp_teamname_1") (value "Profit$ - CT")
L 03/11/2021 - 07:44:55: [basecommands.smx] "Console<0><Console><Console>" changed cvar (cvar "sv_allow_thirdperson") (value "1")
L 03/11/2021 - 07:44:55: [basecommands.smx] "Console<0><Console><Console>" changed cvar (cvar "sv_pure_kick_clients") (value "0")
L 03/11/2021 - 07:44:55: [basecommands.smx] "Console<0><Console><Console>" changed cvar (cvar "sv_server_verify_blood_on_player") (value "0")
L 03/11/2021 - 07:44:55: [basecommands.smx] "Console<0><Console><Console>" changed cvar (cvar "host_players_show") (value "2")
L 03/11/2021 - 07:44:55: [basecommands.smx] "Console<0><Console><Console>" changed cvar (cvar "host_info_show") (value "2")
L 03/11/2021 - 07:44:55: [basecommands.smx] "Console<0><Console><Console>" changed cvar (cvar "game_mode") (value "1")
L 03/11/2021 - 07:44:55: [basecommands.smx] "Console<0><Console><Console>" changed cvar (cvar "game_type") (value "0")
L 03/11/2021 - 07:44:55: [basecommands.smx] "Console<0><Console><Console>" changed cvar (cvar "sm_afk_exclude_dead") (value "1")
L 03/11/2021 - 07:44:55: [basecommands.smx] "Console<0><Console><Console>" changed cvar (cvar "bot_join_after_player") (value "0")
L 03/11/2021 - 07:44:55: [basecommands.smx] "Console<0><Console><Console>" changed cvar (cvar "bot_join_team") (value "")
L 03/11/2021 - 12:35:57: -------- Mapchange to de_mirage --------
L 03/11/2021 - 12:35:57: [basecommands.smx] "Console<0><Console><Console>" changed cvar (cvar "sv_vote_issue_changelevel_allowed") (value "0")
L 03/11/2021 - 12:35:57: [basecommands.smx] "Console<0><Console><Console>" changed cvar (cvar "sv_max_distance_transmit_footsteps") (value "9999")
L 03/11/2021 - 12:35:57: [basecommands.smx] "Console<0><Console><Console>" changed cvar (cvar "sv_hibernate_ms") (value "0")
L 03/11/2021 - 12:35:57: [basecommands.smx] "Console<0><Console><Console>" changed cvar (cvar "sv_hibernate_ms_vgui") (value "0")
L 03/11/2021 - 12:35:57: [basecommands.smx] "Console<0><Console><Console>" changed cvar (cvar "sv_hibernate_postgame_delay") (value "0")
L 03/11/2021 - 12:35:57: [basecommands.smx] "Console<0><Console><Console>" changed cvar (cvar "sv_hibernate_when_empty") (value "0")
L 03/11/2021 - 12:35:57: [basecommands.smx] "Console<0><Console><Console>" changed cvar (cvar "sv_parallel_sendsnapshot") (value "1")
L 03/11/2021 - 12:35:57: [basecommands.smx] "Console<0><Console><Console>" changed cvar (cvar "sv_enable_delta_packing") (value "1")
L 03/11/2021 - 12:35:57: [basecommands.smx] "Console<0><Console><Console>" changed cvar (cvar "sv_maxunlag") (value "0.200")
L 03/11/2021 - 12:35:57: [basecommands.smx] "Console<0><Console><Console>" changed cvar (cvar "net_maxcleartime") (value "0.001")
L 03/11/2021 - 12:35:57: [basecommands.smx] "Console<0><Console><Console>" changed cvar (cvar "net_minroutable") (value "1000")
L 03/11/2021 - 12:35:57: [basecommands.smx] "Console<0><Console><Console>" changed cvar (cvar "net_compresspackets") (value "0")
L 03/11/2021 - 12:35:57: [basecommands.smx] "Console<0><Console><Console>" changed cvar (cvar "g_ragdoll_important_maxcount") (value "1")
L 03/11/2021 - 12:35:57: [basecommands.smx] "Console<0><Console><Console>" changed cvar (cvar "g_ragdoll_maxcount") (value "1")
L 03/11/2021 - 12:35:57: [basecommands.smx] "Console<0><Console><Console>" changed cvar (cvar "phys_enable_experimental_optimizations") (value "1")
L 03/11/2021 - 12:35:57: [basecommands.smx] "Console<0><Console><Console>" changed cvar (cvar "prop_active_gib_limit") (value "1")
L 03/11/2021 - 12:35:57: [basecommands.smx] "Console<0><Console><Console>" changed cvar (cvar "prop_active_gib_max_fade_time") (value "1")
L 03/11/2021 - 12:35:57: [basecommands.smx] "Console<0><Console><Console>" changed cvar (cvar "sv_turbophysics") (value "1")
L 03/11/2021 - 12:35:57: [basecommands.smx] "Console<0><Console><Console>" changed cvar (cvar "fps_max") (value "0")
L 03/11/2021 - 12:35:57: [basecommands.smx] "Console<0><Console><Console>" changed cvar (cvar "host_framerate") (value "0")
L 03/11/2021 - 12:35:57: [basecommands.smx] "Console<0><Console><Console>" changed cvar (cvar "sv_alternateticks") (value "1")
L 03/11/2021 - 12:35:57: [basecommands.smx] "Console<0><Console><Console>" changed cvar (cvar "sv_forcepreload") (value "1")
L 03/11/2021 - 12:35:57: [basecommands.smx] "Console<0><Console><Console>" changed cvar (cvar "sv_stats") (value "0")
L 03/11/2021 - 12:35:57: [basecommands.smx] "Console<0><Console><Console>" changed cvar (cvar "sv_parallel_packentities") (value "1")
L 03/11/2021 - 12:35:57: [basecommands.smx] "Console<0><Console><Console>" changed cvar (cvar "sv_multiplayer_maxtempentities") (value "1")
L 03/11/2021 - 12:35:57: [basecommands.smx] "Console<0><Console><Console>" changed cvar (cvar "occlusion_test_async") (value "1")
L 03/11/2021 - 12:35:57: [basecommands.smx] "Console<0><Console><Console>" changed cvar (cvar "host_threaded_sound") (value "1")
L 03/11/2021 - 12:35:57: [basecommands.smx] "Console<0><Console><Console>" changed cvar (cvar "sv_threaded_init") (value "1")
L 03/11/2021 - 12:35:57: [basecommands.smx] "Console<0><Console><Console>" changed cvar (cvar "mod_load_anims_async") (value "1")
L 03/11/2021 - 12:35:57: [basecommands.smx] "Console<0><Console><Console>" changed cvar (cvar "mod_load_mesh_async") (value "1")
L 03/11/2021 - 12:35:57: [basecommands.smx] "Console<0><Console><Console>" changed cvar (cvar "mod_load_vcollide_async") (value "1")
L 03/11/2021 - 12:35:57: [basecommands.smx] "Console<0><Console><Console>" changed cvar (cvar "vprof_server_thread") (value "1")
L 03/11/2021 - 12:35:57: [basecommands.smx] "Console<0><Console><Console>" changed cvar (cvar "g_ai_threadedgraphbuild") (value "1")
L 03/11/2021 - 12:35:57: [basecommands.smx] "Console<0><Console><Console>" changed cvar (cvar "mp_teamname_2") (value "Profit$ - T")
L 03/11/2021 - 12:35:57: [basecommands.smx] "Console<0><Console><Console>" changed cvar (cvar "mp_teamname_1") (value "Profit$ - CT")
L 03/11/2021 - 12:35:57: [basecommands.smx] "Console<0><Console><Console>" changed cvar (cvar "sv_allow_thirdperson") (value "1")
L 03/11/2021 - 12:35:57: [basecommands.smx] "Console<0><Console><Console>" changed cvar (cvar "sv_pure_kick_clients") (value "0")
L 03/11/2021 - 12:35:57: [basecommands.smx] "Console<0><Console><Console>" changed cvar (cvar "sv_server_verify_blood_on_player") (value "0")
L 03/11/2021 - 12:35:57: [basecommands.smx] "Console<0><Console><Console>" changed cvar (cvar "host_players_show") (value "2")
L 03/11/2021 - 12:35:57: [basecommands.smx] "Console<0><Console><Console>" changed cvar (cvar "host_info_show") (value "2")
L 03/11/2021 - 12:35:57: [basecommands.smx] "Console<0><Console><Console>" changed cvar (cvar "game_mode") (value "1")
L 03/11/2021 - 12:35:57: [basecommands.smx] "Console<0><Console><Console>" changed cvar (cvar "game_type") (value "0")
L 03/11/2021 - 12:35:57: [basecommands.smx] "Console<0><Console><Console>" changed cvar (cvar "sm_afk_exclude_dead") (value "1")
L 03/11/2021 - 12:35:57: [basecommands.smx] "Console<0><Console><Console>" changed cvar (cvar "bot_join_after_player") (value "0")
L 03/11/2021 - 12:35:57: [basecommands.smx] "Console<0><Console><Console>" changed cvar (cvar "bot_join_team") (value "")
L 03/11/2021 - 12:40:42: -------- Mapchange to de_mirage --------
L 03/11/2021 - 12:40:42: [basecommands.smx] "Console<0><Console><Console>" changed cvar (cvar "sv_vote_issue_changelevel_allowed") (value "0")
L 03/11/2021 - 12:40:42: [basecommands.smx] "Console<0><Console><Console>" changed cvar (cvar "sv_max_distance_transmit_footsteps") (value "9999")
L 03/11/2021 - 12:40:42: [basecommands.smx] "Console<0><Console><Console>" changed cvar (cvar "sv_hibernate_ms") (value "0")
L 03/11/2021 - 12:40:42: [basecommands.smx] "Console<0><Console><Console>" changed cvar (cvar "sv_hibernate_ms_vgui") (value "0")
L 03/11/2021 - 12:40:42: [basecommands.smx] "Console<0><Console><Console>" changed cvar (cvar "sv_hibernate_postgame_delay") (value "0")
L 03/11/2021 - 12:40:42: [basecommands.smx] "Console<0><Console><Console>" changed cvar (cvar "sv_hibernate_when_empty") (value "0")
L 03/11/2021 - 12:40:42: [basecommands.smx] "Console<0><Console><Console>" changed cvar (cvar "sv_parallel_sendsnapshot") (value "1")
L 03/11/2021 - 12:40:42: [basecommands.smx] "Console<0><Console><Console>" changed cvar (cvar "sv_enable_delta_packing") (value "1")
L 03/11/2021 - 12:40:42: [basecommands.smx] "Console<0><Console><Console>" changed cvar (cvar "sv_maxunlag") (value "0.200")
L 03/11/2021 - 12:40:42: [basecommands.smx] "Console<0><Console><Console>" changed cvar (cvar "net_maxcleartime") (value "0.001")
L 03/11/2021 - 12:40:42: [basecommands.smx] "Console<0><Console><Console>" changed cvar (cvar "net_minroutable") (value "1000")
L 03/11/2021 - 12:40:42: [basecommands.smx] "Console<0><Console><Console>" changed cvar (cvar "net_compresspackets") (value "0")
L 03/11/2021 - 12:40:42: [basecommands.smx] "Console<0><Console><Console>" changed cvar (cvar "g_ragdoll_important_maxcount") (value "1")
L 03/11/2021 - 12:40:42: [basecommands.smx] "Console<0><Console><Console>" changed cvar (cvar "g_ragdoll_maxcount") (value "1")
L 03/11/2021 - 12:40:42: [basecommands.smx] "Console<0><Console><Console>" changed cvar (cvar "phys_enable_experimental_optimizations") (value "1")
L 03/11/2021 - 12:40:42: [basecommands.smx] "Console<0><Console><Console>" changed cvar (cvar "prop_active_gib_limit") (value "1")
L 03/11/2021 - 12:40:42: [basecommands.smx] "Console<0><Console><Console>" changed cvar (cvar "prop_active_gib_max_fade_time") (value "1")
L 03/11/2021 - 12:40:42: [basecommands.smx] "Console<0><Console><Console>" changed cvar (cvar "sv_turbophysics") (value "1")
L 03/11/2021 - 12:40:42: [basecommands.smx] "Console<0><Console><Console>" changed cvar (cvar "fps_max") (value "0")
L 03/11/2021 - 12:40:42: [basecommands.smx] "Console<0><Console><Console>" changed cvar (cvar "host_framerate") (value "0")
L 03/11/2021 - 12:40:42: [basecommands.smx] "Console<0><Console><Console>" changed cvar (cvar "sv_alternateticks") (value "1")
L 03/11/2021 - 12:40:42: [basecommands.smx] "Console<0><Console><Console>" changed cvar (cvar "sv_forcepreload") (value "1")
L 03/11/2021 - 12:40:42: [basecommands.smx] "Console<0><Console><Console>" changed cvar (cvar "sv_stats") (value "0")
L 03/11/2021 - 12:40:42: [basecommands.smx] "Console<0><Console><Console>" changed cvar (cvar "sv_parallel_packentities") (value "1")
L 03/11/2021 - 12:40:42: [basecommands.smx] "Console<0><Console><Console>" changed cvar (cvar "sv_multiplayer_maxtempentities") (value "1")
L 03/11/2021 - 12:40:42: [basecommands.smx] "Console<0><Console><Console>" changed cvar (cvar "occlusion_test_async") (value "1")
L 03/11/2021 - 12:40:42: [basecommands.smx] "Console<0><Console><Console>" changed cvar (cvar "host_threaded_sound") (value "1")
L 03/11/2021 - 12:40:42: [basecommands.smx] "Console<0><Console><Console>" changed cvar (cvar "sv_threaded_init") (value "1")
L 03/11/2021 - 12:40:42: [basecommands.smx] "Console<0><Console><Console>" changed cvar (cvar "mod_load_anims_async") (value "1")
L 03/11/2021 - 12:40:42: [basecommands.smx] "Console<0><Console><Console>" changed cvar (cvar "mod_load_mesh_async") (value "1")
L 03/11/2021 - 12:40:42: [basecommands.smx] "Console<0><Console><Console>" changed cvar (cvar "mod_load_vcollide_async") (value "1")
L 03/11/2021 - 12:40:42: [basecommands.smx] "Console<0><Console><Console>" changed cvar (cvar "vprof_server_thread") (value "1")
L 03/11/2021 - 12:40:42: [basecommands.smx] "Console<0><Console><Console>" changed cvar (cvar "g_ai_threadedgraphbuild") (value "1")
L 03/11/2021 - 12:40:42: [basecommands.smx] "Console<0><Console><Console>" changed cvar (cvar "mp_teamname_2") (value "Profit$ - T")
L 03/11/2021 - 12:40:42: [basecommands.smx] "Console<0><Console><Console>" changed cvar (cvar "mp_teamname_1") (value "Profit$ - CT")
L 03/11/2021 - 12:40:42: [basecommands.smx] "Console<0><Console><Console>" changed cvar (cvar "sv_allow_thirdperson") (value "1")
L 03/11/2021 - 12:40:42: [basecommands.smx] "Console<0><Console><Console>" changed cvar (cvar "sv_pure_kick_clients") (value "0")
L 03/11/2021 - 12:40:42: [basecommands.smx] "Console<0><Console><Console>" changed cvar (cvar "sv_server_verify_blood_on_player") (value "0")
L 03/11/2021 - 12:40:42: [basecommands.smx] "Console<0><Console><Console>" changed cvar (cvar "host_players_show") (value "2")
L 03/11/2021 - 12:40:42: [basecommands.smx] "Console<0><Console><Console>" changed cvar (cvar "host_info_show") (value "2")
L 03/11/2021 - 12:40:42: [basecommands.smx] "Console<0><Console><Console>" changed cvar (cvar "game_mode") (value "1")
L 03/11/2021 - 12:40:42: [basecommands.smx] "Console<0><Console><Console>" changed cvar (cvar "game_type") (value "0")
L 03/11/2021 - 12:40:42: [basecommands.smx] "Console<0><Console><Console>" changed cvar (cvar "sm_afk_exclude_dead") (value "1")
L 03/11/2021 - 12:40:42: [basecommands.smx] "Console<0><Console><Console>" changed cvar (cvar "bot_join_after_player") (value "0")
L 03/11/2021 - 12:40:42: [basecommands.smx] "Console<0><Console><Console>" changed cvar (cvar "bot_join_team") (value "")
L 03/11/2021 - 12:47:09: -------- Mapchange to de_mirage --------
L 03/11/2021 - 12:47:09: [basecommands.smx] "Console<0><Console><Console>" changed cvar (cvar "sv_vote_issue_changelevel_allowed") (value "0")
L 03/11/2021 - 12:47:09: [basecommands.smx] "Console<0><Console><Console>" changed cvar (cvar "sv_max_distance_transmit_footsteps") (value "9999")
L 03/11/2021 - 12:47:09: [basecommands.smx] "Console<0><Console><Console>" changed cvar (cvar "sv_hibernate_ms") (value "0")
L 03/11/2021 - 12:47:09: [basecommands.smx] "Console<0><Console><Console>" changed cvar (cvar "sv_hibernate_ms_vgui") (value "0")
L 03/11/2021 - 12:47:09: [basecommands.smx] "Console<0><Console><Console>" changed cvar (cvar "sv_hibernate_postgame_delay") (value "0")
L 03/11/2021 - 12:47:09: [basecommands.smx] "Console<0><Console><Console>" changed cvar (cvar "sv_hibernate_when_empty") (value "0")
L 03/11/2021 - 12:47:09: [basecommands.smx] "Console<0><Console><Console>" changed cvar (cvar "sv_parallel_sendsnapshot") (value "1")
L 03/11/2021 - 12:47:09: [basecommands.smx] "Console<0><Console><Console>" changed cvar (cvar "sv_enable_delta_packing") (value "1")
L 03/11/2021 - 12:47:09: [basecommands.smx] "Console<0><Console><Console>" changed cvar (cvar "sv_maxunlag") (value "0.200")
L 03/11/2021 - 12:47:09: [basecommands.smx] "Console<0><Console><Console>" changed cvar (cvar "net_maxcleartime") (value "0.001")
L 03/11/2021 - 12:47:09: [basecommands.smx] "Console<0><Console><Console>" changed cvar (cvar "net_minroutable") (value "1000")
L 03/11/2021 - 12:47:09: [basecommands.smx] "Console<0><Console><Console>" changed cvar (cvar "net_compresspackets") (value "0")
L 03/11/2021 - 12:47:09: [basecommands.smx] "Console<0><Console><Console>" changed cvar (cvar "g_ragdoll_important_maxcount") (value "1")
L 03/11/2021 - 12:47:09: [basecommands.smx] "Console<0><Console><Console>" changed cvar (cvar "g_ragdoll_maxcount") (value "1")
L 03/11/2021 - 12:47:09: [basecommands.smx] "Console<0><Console><Console>" changed cvar (cvar "phys_enable_experimental_optimizations") (value "1")
L 03/11/2021 - 12:47:09: [basecommands.smx] "Console<0><Console><Console>" changed cvar (cvar "prop_active_gib_limit") (value "1")
L 03/11/2021 - 12:47:09: [basecommands.smx] "Console<0><Console><Console>" changed cvar (cvar "prop_active_gib_max_fade_time") (value "1")
L 03/11/2021 - 12:47:09: [basecommands.smx] "Console<0><Console><Console>" changed cvar (cvar "sv_turbophysics") (value "1")
L 03/11/2021 - 12:47:09: [basecommands.smx] "Console<0><Console><Console>" changed cvar (cvar "fps_max") (value "0")
L 03/11/2021 - 12:47:09: [basecommands.smx] "Console<0><Console><Console>" changed cvar (cvar "host_framerate") (value "0")
L 03/11/2021 - 12:47:09: [basecommands.smx] "Console<0><Console><Console>" changed cvar (cvar "sv_alternateticks") (value "1")
L 03/11/2021 - 12:47:09: [basecommands.smx] "Console<0><Console><Console>" changed cvar (cvar "sv_forcepreload") (value "1")
L 03/11/2021 - 12:47:09: [basecommands.smx] "Console<0><Console><Console>" changed cvar (cvar "sv_stats") (value "0")
L 03/11/2021 - 12:47:09: [basecommands.smx] "Console<0><Console><Console>" changed cvar (cvar "sv_parallel_packentities") (value "1")
L 03/11/2021 - 12:47:09: [basecommands.smx] "Console<0><Console><Console>" changed cvar (cvar "sv_multiplayer_maxtempentities") (value "1")
L 03/11/2021 - 12:47:09: [basecommands.smx] "Console<0><Console><Console>" changed cvar (cvar "occlusion_test_async") (value "1")
L 03/11/2021 - 12:47:09: [basecommands.smx] "Console<0><Console><Console>" changed cvar (cvar "host_threaded_sound") (value "1")
L 03/11/2021 - 12:47:09: [basecommands.smx] "Console<0><Console><Console>" changed cvar (cvar "sv_threaded_init") (value "1")
L 03/11/2021 - 12:47:09: [basecommands.smx] "Console<0><Console><Console>" changed cvar (cvar "mod_load_anims_async") (value "1")
L 03/11/2021 - 12:47:09: [basecommands.smx] "Console<0><Console><Console>" changed cvar (cvar "mod_load_mesh_async") (value "1")
L 03/11/2021 - 12:47:09: [basecommands.smx] "Console<0><Console><Console>" changed cvar (cvar "mod_load_vcollide_async") (value "1")
L 03/11/2021 - 12:47:09: [basecommands.smx] "Console<0><Console><Console>" changed cvar (cvar "vprof_server_thread") (value "1")
L 03/11/2021 - 12:47:09: [basecommands.smx] "Console<0><Console><Console>" changed cvar (cvar "g_ai_threadedgraphbuild") (value "1")
L 03/11/2021 - 12:47:09: [basecommands.smx] "Console<0><Console><Console>" changed cvar (cvar "mp_teamname_2") (value "Profit$ - T")
L 03/11/2021 - 12:47:09: [basecommands.smx] "Console<0><Console><Console>" changed cvar (cvar "mp_teamname_1") (value "Profit$ - CT")
L 03/11/2021 - 12:47:09: [basecommands.smx] "Console<0><Console><Console>" changed cvar (cvar "sv_allow_thirdperson") (value "1")
L 03/11/2021 - 12:47:09: [basecommands.smx] "Console<0><Console><Console>" changed cvar (cvar "sv_pure_kick_clients") (value "0")
L 03/11/2021 - 12:47:09: [basecommands.smx] "Console<0><Console><Console>" changed cvar (cvar "sv_server_verify_blood_on_player") (value "0")
L 03/11/2021 - 12:47:09: [basecommands.smx] "Console<0><Console><Console>" changed cvar (cvar "host_players_show") (value "2")
L 03/11/2021 - 12:47:09: [basecommands.smx] "Console<0><Console><Console>" changed cvar (cvar "host_info_show") (value "2")
L 03/11/2021 - 12:47:09: [basecommands.smx] "Console<0><Console><Console>" changed cvar (cvar "game_mode") (value "1")
L 03/11/2021 - 12:47:09: [basecommands.smx] "Console<0><Console><Console>" changed cvar (cvar "game_type") (value "0")
L 03/11/2021 - 12:47:09: [basecommands.smx] "Console<0><Console><Console>" changed cvar (cvar "sm_afk_exclude_dead") (value "1")
L 03/11/2021 - 12:47:09: [basecommands.smx] "Console<0><Console><Console>" changed cvar (cvar "bot_join_after_player") (value "0")
L 03/11/2021 - 12:47:09: [basecommands.smx] "Console<0><Console><Console>" changed cvar (cvar "bot_join_team") (value "")
L 03/11/2021 - 13:37:30: -------- Mapchange to de_mirage --------
L 03/11/2021 - 13:37:30: [basecommands.smx] "Console<0><Console><Console>" changed cvar (cvar "sv_vote_issue_changelevel_allowed") (value "0")
L 03/11/2021 - 13:37:30: [basecommands.smx] "Console<0><Console><Console>" changed cvar (cvar "sv_max_distance_transmit_footsteps") (value "9999")
L 03/11/2021 - 13:37:30: [basecommands.smx] "Console<0><Console><Console>" changed cvar (cvar "sv_hibernate_ms") (value "0")
L 03/11/2021 - 13:37:30: [basecommands.smx] "Console<0><Console><Console>" changed cvar (cvar "sv_hibernate_ms_vgui") (value "0")
L 03/11/2021 - 13:37:30: [basecommands.smx] "Console<0><Console><Console>" changed cvar (cvar "sv_hibernate_postgame_delay") (value "0")
L 03/11/2021 - 13:37:30: [basecommands.smx] "Console<0><Console><Console>" changed cvar (cvar "sv_hibernate_when_empty") (value "0")
L 03/11/2021 - 13:37:30: [basecommands.smx] "Console<0><Console><Console>" changed cvar (cvar "sv_parallel_sendsnapshot") (value "1")
L 03/11/2021 - 13:37:30: [basecommands.smx] "Console<0><Console><Console>" changed cvar (cvar "sv_enable_delta_packing") (value "1")
L 03/11/2021 - 13:37:30: [basecommands.smx] "Console<0><Console><Console>" changed cvar (cvar "sv_maxunlag") (value "0.200")
L 03/11/2021 - 13:37:30: [basecommands.smx] "Console<0><Console><Console>" changed cvar (cvar "net_maxcleartime") (value "0.001")
L 03/11/2021 - 13:37:30: [basecommands.smx] "Console<0><Console><Console>" changed cvar (cvar "net_minroutable") (value "1000")
L 03/11/2021 - 13:37:30: [basecommands.smx] "Console<0><Console><Console>" changed cvar (cvar "net_compresspackets") (value "0")
L 03/11/2021 - 13:37:30: [basecommands.smx] "Console<0><Console><Console>" changed cvar (cvar "g_ragdoll_important_maxcount") (value "1")
L 03/11/2021 - 13:37:30: [basecommands.smx] "Console<0><Console><Console>" changed cvar (cvar "g_ragdoll_maxcount") (value "1")
L 03/11/2021 - 13:37:30: [basecommands.smx] "Console<0><Console><Console>" changed cvar (cvar "phys_enable_experimental_optimizations") (value "1")
L 03/11/2021 - 13:37:30: [basecommands.smx] "Console<0><Console><Console>" changed cvar (cvar "prop_active_gib_limit") (value "1")
L 03/11/2021 - 13:37:30: [basecommands.smx] "Console<0><Console><Console>" changed cvar (cvar "prop_active_gib_max_fade_time") (value "1")
L 03/11/2021 - 13:37:30: [basecommands.smx] "Console<0><Console><Console>" changed cvar (cvar "sv_turbophysics") (value "1")
L 03/11/2021 - 13:37:30: [basecommands.smx] "Console<0><Console><Console>" changed cvar (cvar "fps_max") (value "0")
L 03/11/2021 - 13:37:30: [basecommands.smx] "Console<0><Console><Console>" changed cvar (cvar "host_framerate") (value "0")
L 03/11/2021 - 13:37:30: [basecommands.smx] "Console<0><Console><Console>" changed cvar (cvar "sv_alternateticks") (value "1")
L 03/11/2021 - 13:37:30: [basecommands.smx] "Console<0><Console><Console>" changed cvar (cvar "sv_forcepreload") (value "1")
L 03/11/2021 - 13:37:30: [basecommands.smx] "Console<0><Console><Console>" changed cvar (cvar "sv_stats") (value "0")
L 03/11/2021 - 13:37:30: [basecommands.smx] "Console<0><Console><Console>" changed cvar (cvar "sv_parallel_packentities") (value "1")
L 03/11/2021 - 13:37:30: [basecommands.smx] "Console<0><Console><Console>" changed cvar (cvar "sv_multiplayer_maxtempentities") (value "1")
L 03/11/2021 - 13:37:30: [basecommands.smx] "Console<0><Console><Console>" changed cvar (cvar "occlusion_test_async") (value "1")
L 03/11/2021 - 13:37:30: [basecommands.smx] "Console<0><Console><Console>" changed cvar (cvar "host_threaded_sound") (value "1")
L 03/11/2021 - 13:37:30: [basecommands.smx] "Console<0><Console><Console>" changed cvar (cvar "sv_threaded_init") (value "1")
L 03/11/2021 - 13:37:30: [basecommands.smx] "Console<0><Console><Console>" changed cvar (cvar "mod_load_anims_async") (value "1")
L 03/11/2021 - 13:37:30: [basecommands.smx] "Console<0><Console><Console>" changed cvar (cvar "mod_load_mesh_async") (value "1")
L 03/11/2021 - 13:37:30: [basecommands.smx] "Console<0><Console><Console>" changed cvar (cvar "mod_load_vcollide_async") (value "1")
L 03/11/2021 - 13:37:30: [basecommands.smx] "Console<0><Console><Console>" changed cvar (cvar "vprof_server_thread") (value "1")
L 03/11/2021 - 13:37:30: [basecommands.smx] "Console<0><Console><Console>" changed cvar (cvar "g_ai_threadedgraphbuild") (value "1")
L 03/11/2021 - 13:37:30: [basecommands.smx] "Console<0><Console><Console>" changed cvar (cvar "mp_teamname_2") (value "Profit$ - T")
L 03/11/2021 - 13:37:30: [basecommands.smx] "Console<0><Console><Console>" changed cvar (cvar "mp_teamname_1") (value "Profit$ - CT")
L 03/11/2021 - 13:37:30: [basecommands.smx] "Console<0><Console><Console>" changed cvar (cvar "sv_allow_thirdperson") (value "1")
L 03/11/2021 - 13:37:30: [basecommands.smx] "Console<0><Console><Console>" changed cvar (cvar "sv_pure_kick_clients") (value "0")
L 03/11/2021 - 13:37:30: [basecommands.smx] "Console<0><Console><Console>" changed cvar (cvar "sv_server_verify_blood_on_player") (value "0")
L 03/11/2021 - 13:37:30: [basecommands.smx] "Console<0><Console><Console>" changed cvar (cvar "host_players_show") (value "2")
L 03/11/2021 - 13:37:30: [basecommands.smx] "Console<0><Console><Console>" changed cvar (cvar "host_info_show") (value "2")
L 03/11/2021 - 13:37:30: [basecommands.smx] "Console<0><Console><Console>" changed cvar (cvar "game_mode") (value "1")
L 03/11/2021 - 13:37:30: [basecommands.smx] "Console<0><Console><Console>" changed cvar (cvar "game_type") (value "0")
L 03/11/2021 - 13:37:30: [basecommands.smx] "Console<0><Console><Console>" changed cvar (cvar "sm_afk_exclude_dead") (value "1")
L 03/11/2021 - 13:37:30: [basecommands.smx] "Console<0><Console><Console>" changed cvar (cvar "bot_join_after_player") (value "0")
L 03/11/2021 - 13:37:30: [basecommands.smx] "Console<0><Console><Console>" changed cvar (cvar "bot_join_team") (value "")
L 03/12/2021 - 00:03:24: Log file closed.
