L 03/14/2021 - 11:06:12: SourceMod log file session started (file "/home/steam/p_hvh/csgo/addons/sourcemod/logs/L20210314.log") (Version "1.10.0.6502")
L 03/14/2021 - 11:06:12: [GEOIP] GeoIP database info: GEO-106FREE 20180327 Build 1 Copyright (c) 2018 MaxMind Inc All Rights Reserved
L 03/14/2021 - 11:06:12: [firebulletsfix.smx] Found offset for Weapon_ShootPosition 290
L 03/14/2021 - 11:06:12: [simple-chatprocessor.smx] [SCP] Recognized mod [Counter-Strike: GO].
L 03/14/2021 - 11:06:12: [simple-chatprocessor.smx] [SCP] Loading translation file [scp.csgo.phrases].
L 03/14/2021 - 11:06:12: [afk_manager4.smx] [AFK Manager] Log File: addons/sourcemod/logs/afkm_20210314.log
L 03/14/2021 - 11:06:12: [afk_manager4.smx] [AFK Manager] Detected Mod Counter-Strike: Global Offensive
L 03/14/2021 - 11:08:23: -------- Mapchange to de_mirage --------
L 03/14/2021 - 11:08:23: [basecommands.smx] "Console<0><Console><Console>" changed cvar (cvar "sv_vote_issue_changelevel_allowed") (value "0")
L 03/14/2021 - 11:08:23: [basecommands.smx] "Console<0><Console><Console>" changed cvar (cvar "sv_max_distance_transmit_footsteps") (value "9999")
L 03/14/2021 - 11:08:23: [basecommands.smx] "Console<0><Console><Console>" changed cvar (cvar "sv_hibernate_ms") (value "0")
L 03/14/2021 - 11:08:23: [basecommands.smx] "Console<0><Console><Console>" changed cvar (cvar "sv_hibernate_ms_vgui") (value "0")
L 03/14/2021 - 11:08:23: [basecommands.smx] "Console<0><Console><Console>" changed cvar (cvar "sv_hibernate_postgame_delay") (value "0")
L 03/14/2021 - 11:08:23: [basecommands.smx] "Console<0><Console><Console>" changed cvar (cvar "sv_hibernate_when_empty") (value "0")
L 03/14/2021 - 11:08:23: [basecommands.smx] "Console<0><Console><Console>" changed cvar (cvar "sv_parallel_sendsnapshot") (value "1")
L 03/14/2021 - 11:08:23: [basecommands.smx] "Console<0><Console><Console>" changed cvar (cvar "sv_enable_delta_packing") (value "1")
L 03/14/2021 - 11:08:23: [basecommands.smx] "Console<0><Console><Console>" changed cvar (cvar "sv_maxunlag") (value "0.200")
L 03/14/2021 - 11:08:23: [basecommands.smx] "Console<0><Console><Console>" changed cvar (cvar "net_maxcleartime") (value "0.001")
L 03/14/2021 - 11:08:23: [basecommands.smx] "Console<0><Console><Console>" changed cvar (cvar "net_minroutable") (value "1000")
L 03/14/2021 - 11:08:23: [basecommands.smx] "Console<0><Console><Console>" changed cvar (cvar "net_compresspackets") (value "0")
L 03/14/2021 - 11:08:23: [basecommands.smx] "Console<0><Console><Console>" changed cvar (cvar "g_ragdoll_important_maxcount") (value "1")
L 03/14/2021 - 11:08:23: [basecommands.smx] "Console<0><Console><Console>" changed cvar (cvar "g_ragdoll_maxcount") (value "1")
L 03/14/2021 - 11:08:23: [basecommands.smx] "Console<0><Console><Console>" changed cvar (cvar "phys_enable_experimental_optimizations") (value "1")
L 03/14/2021 - 11:08:23: [basecommands.smx] "Console<0><Console><Console>" changed cvar (cvar "prop_active_gib_limit") (value "1")
L 03/14/2021 - 11:08:23: [basecommands.smx] "Console<0><Console><Console>" changed cvar (cvar "prop_active_gib_max_fade_time") (value "1")
L 03/14/2021 - 11:08:23: [basecommands.smx] "Console<0><Console><Console>" changed cvar (cvar "sv_turbophysics") (value "1")
L 03/14/2021 - 11:08:23: [basecommands.smx] "Console<0><Console><Console>" changed cvar (cvar "fps_max") (value "0")
L 03/14/2021 - 11:08:23: [basecommands.smx] "Console<0><Console><Console>" changed cvar (cvar "host_framerate") (value "0")
L 03/14/2021 - 11:08:23: [basecommands.smx] "Console<0><Console><Console>" changed cvar (cvar "sv_alternateticks") (value "1")
L 03/14/2021 - 11:08:23: [basecommands.smx] "Console<0><Console><Console>" changed cvar (cvar "sv_forcepreload") (value "1")
L 03/14/2021 - 11:08:23: [basecommands.smx] "Console<0><Console><Console>" changed cvar (cvar "sv_stats") (value "0")
L 03/14/2021 - 11:08:23: [basecommands.smx] "Console<0><Console><Console>" changed cvar (cvar "sv_parallel_packentities") (value "1")
L 03/14/2021 - 11:08:23: [basecommands.smx] "Console<0><Console><Console>" changed cvar (cvar "sv_multiplayer_maxtempentities") (value "1")
L 03/14/2021 - 11:08:23: [basecommands.smx] "Console<0><Console><Console>" changed cvar (cvar "occlusion_test_async") (value "1")
L 03/14/2021 - 11:08:23: [basecommands.smx] "Console<0><Console><Console>" changed cvar (cvar "host_threaded_sound") (value "1")
L 03/14/2021 - 11:08:23: [basecommands.smx] "Console<0><Console><Console>" changed cvar (cvar "sv_threaded_init") (value "1")
L 03/14/2021 - 11:08:23: [basecommands.smx] "Console<0><Console><Console>" changed cvar (cvar "mod_load_anims_async") (value "1")
L 03/14/2021 - 11:08:23: [basecommands.smx] "Console<0><Console><Console>" changed cvar (cvar "mod_load_mesh_async") (value "1")
L 03/14/2021 - 11:08:23: [basecommands.smx] "Console<0><Console><Console>" changed cvar (cvar "mod_load_vcollide_async") (value "1")
L 03/14/2021 - 11:08:23: [basecommands.smx] "Console<0><Console><Console>" changed cvar (cvar "vprof_server_thread") (value "1")
L 03/14/2021 - 11:08:23: [basecommands.smx] "Console<0><Console><Console>" changed cvar (cvar "g_ai_threadedgraphbuild") (value "1")
L 03/14/2021 - 11:08:23: [basecommands.smx] "Console<0><Console><Console>" changed cvar (cvar "mp_teamname_2") (value "Profit$ - T")
L 03/14/2021 - 11:08:23: [basecommands.smx] "Console<0><Console><Console>" changed cvar (cvar "mp_teamname_1") (value "Profit$ - CT")
L 03/14/2021 - 11:08:23: [basecommands.smx] "Console<0><Console><Console>" changed cvar (cvar "sv_allow_thirdperson") (value "1")
L 03/14/2021 - 11:08:23: [basecommands.smx] "Console<0><Console><Console>" changed cvar (cvar "sv_pure_kick_clients") (value "0")
L 03/14/2021 - 11:08:23: [basecommands.smx] "Console<0><Console><Console>" changed cvar (cvar "sv_server_verify_blood_on_player") (value "0")
L 03/14/2021 - 11:08:23: [basecommands.smx] "Console<0><Console><Console>" changed cvar (cvar "host_players_show") (value "2")
L 03/14/2021 - 11:08:23: [basecommands.smx] "Console<0><Console><Console>" changed cvar (cvar "host_info_show") (value "2")
L 03/14/2021 - 11:08:23: [basecommands.smx] "Console<0><Console><Console>" changed cvar (cvar "game_mode") (value "1")
L 03/14/2021 - 11:08:23: [basecommands.smx] "Console<0><Console><Console>" changed cvar (cvar "game_type") (value "0")
L 03/14/2021 - 11:08:23: [basecommands.smx] "Console<0><Console><Console>" changed cvar (cvar "sm_afk_exclude_dead") (value "1")
L 03/14/2021 - 11:08:23: [basecommands.smx] "Console<0><Console><Console>" changed cvar (cvar "bot_join_after_player") (value "0")
L 03/14/2021 - 11:08:23: [basecommands.smx] "Console<0><Console><Console>" changed cvar (cvar "bot_join_team") (value "")
L 03/14/2021 - 11:40:08: -------- Mapchange to de_mirage --------
L 03/14/2021 - 11:40:08: [basecommands.smx] "Console<0><Console><Console>" changed cvar (cvar "sv_vote_issue_changelevel_allowed") (value "0")
L 03/14/2021 - 11:40:08: [basecommands.smx] "Console<0><Console><Console>" changed cvar (cvar "sv_max_distance_transmit_footsteps") (value "9999")
L 03/14/2021 - 11:40:08: [basecommands.smx] "Console<0><Console><Console>" changed cvar (cvar "sv_hibernate_ms") (value "0")
L 03/14/2021 - 11:40:08: [basecommands.smx] "Console<0><Console><Console>" changed cvar (cvar "sv_hibernate_ms_vgui") (value "0")
L 03/14/2021 - 11:40:08: [basecommands.smx] "Console<0><Console><Console>" changed cvar (cvar "sv_hibernate_postgame_delay") (value "0")
L 03/14/2021 - 11:40:08: [basecommands.smx] "Console<0><Console><Console>" changed cvar (cvar "sv_hibernate_when_empty") (value "0")
L 03/14/2021 - 11:40:08: [basecommands.smx] "Console<0><Console><Console>" changed cvar (cvar "sv_parallel_sendsnapshot") (value "1")
L 03/14/2021 - 11:40:08: [basecommands.smx] "Console<0><Console><Console>" changed cvar (cvar "sv_enable_delta_packing") (value "1")
L 03/14/2021 - 11:40:08: [basecommands.smx] "Console<0><Console><Console>" changed cvar (cvar "sv_maxunlag") (value "0.200")
L 03/14/2021 - 11:40:08: [basecommands.smx] "Console<0><Console><Console>" changed cvar (cvar "net_maxcleartime") (value "0.001")
L 03/14/2021 - 11:40:08: [basecommands.smx] "Console<0><Console><Console>" changed cvar (cvar "net_minroutable") (value "1000")
L 03/14/2021 - 11:40:08: [basecommands.smx] "Console<0><Console><Console>" changed cvar (cvar "net_compresspackets") (value "0")
L 03/14/2021 - 11:40:08: [basecommands.smx] "Console<0><Console><Console>" changed cvar (cvar "g_ragdoll_important_maxcount") (value "1")
L 03/14/2021 - 11:40:08: [basecommands.smx] "Console<0><Console><Console>" changed cvar (cvar "g_ragdoll_maxcount") (value "1")
L 03/14/2021 - 11:40:08: [basecommands.smx] "Console<0><Console><Console>" changed cvar (cvar "phys_enable_experimental_optimizations") (value "1")
L 03/14/2021 - 11:40:08: [basecommands.smx] "Console<0><Console><Console>" changed cvar (cvar "prop_active_gib_limit") (value "1")
L 03/14/2021 - 11:40:08: [basecommands.smx] "Console<0><Console><Console>" changed cvar (cvar "prop_active_gib_max_fade_time") (value "1")
L 03/14/2021 - 11:40:08: [basecommands.smx] "Console<0><Console><Console>" changed cvar (cvar "sv_turbophysics") (value "1")
L 03/14/2021 - 11:40:08: [basecommands.smx] "Console<0><Console><Console>" changed cvar (cvar "fps_max") (value "0")
L 03/14/2021 - 11:40:08: [basecommands.smx] "Console<0><Console><Console>" changed cvar (cvar "host_framerate") (value "0")
L 03/14/2021 - 11:40:08: [basecommands.smx] "Console<0><Console><Console>" changed cvar (cvar "sv_alternateticks") (value "1")
L 03/14/2021 - 11:40:08: [basecommands.smx] "Console<0><Console><Console>" changed cvar (cvar "sv_forcepreload") (value "1")
L 03/14/2021 - 11:40:08: [basecommands.smx] "Console<0><Console><Console>" changed cvar (cvar "sv_stats") (value "0")
L 03/14/2021 - 11:40:08: [basecommands.smx] "Console<0><Console><Console>" changed cvar (cvar "sv_parallel_packentities") (value "1")
L 03/14/2021 - 11:40:08: [basecommands.smx] "Console<0><Console><Console>" changed cvar (cvar "sv_multiplayer_maxtempentities") (value "1")
L 03/14/2021 - 11:40:08: [basecommands.smx] "Console<0><Console><Console>" changed cvar (cvar "occlusion_test_async") (value "1")
L 03/14/2021 - 11:40:08: [basecommands.smx] "Console<0><Console><Console>" changed cvar (cvar "host_threaded_sound") (value "1")
L 03/14/2021 - 11:40:08: [basecommands.smx] "Console<0><Console><Console>" changed cvar (cvar "sv_threaded_init") (value "1")
L 03/14/2021 - 11:40:08: [basecommands.smx] "Console<0><Console><Console>" changed cvar (cvar "mod_load_anims_async") (value "1")
L 03/14/2021 - 11:40:08: [basecommands.smx] "Console<0><Console><Console>" changed cvar (cvar "mod_load_mesh_async") (value "1")
L 03/14/2021 - 11:40:08: [basecommands.smx] "Console<0><Console><Console>" changed cvar (cvar "mod_load_vcollide_async") (value "1")
L 03/14/2021 - 11:40:08: [basecommands.smx] "Console<0><Console><Console>" changed cvar (cvar "vprof_server_thread") (value "1")
L 03/14/2021 - 11:40:08: [basecommands.smx] "Console<0><Console><Console>" changed cvar (cvar "g_ai_threadedgraphbuild") (value "1")
L 03/14/2021 - 11:40:08: [basecommands.smx] "Console<0><Console><Console>" changed cvar (cvar "mp_teamname_2") (value "Profit$ - T")
L 03/14/2021 - 11:40:08: [basecommands.smx] "Console<0><Console><Console>" changed cvar (cvar "mp_teamname_1") (value "Profit$ - CT")
L 03/14/2021 - 11:40:08: [basecommands.smx] "Console<0><Console><Console>" changed cvar (cvar "sv_allow_thirdperson") (value "1")
L 03/14/2021 - 11:40:08: [basecommands.smx] "Console<0><Console><Console>" changed cvar (cvar "sv_pure_kick_clients") (value "0")
L 03/14/2021 - 11:40:08: [basecommands.smx] "Console<0><Console><Console>" changed cvar (cvar "sv_server_verify_blood_on_player") (value "0")
L 03/14/2021 - 11:40:08: [basecommands.smx] "Console<0><Console><Console>" changed cvar (cvar "host_players_show") (value "2")
L 03/14/2021 - 11:40:08: [basecommands.smx] "Console<0><Console><Console>" changed cvar (cvar "host_info_show") (value "2")
L 03/14/2021 - 11:40:08: [basecommands.smx] "Console<0><Console><Console>" changed cvar (cvar "game_mode") (value "1")
L 03/14/2021 - 11:40:08: [basecommands.smx] "Console<0><Console><Console>" changed cvar (cvar "game_type") (value "0")
L 03/14/2021 - 11:40:08: [basecommands.smx] "Console<0><Console><Console>" changed cvar (cvar "sm_afk_exclude_dead") (value "1")
L 03/14/2021 - 11:40:08: [basecommands.smx] "Console<0><Console><Console>" changed cvar (cvar "bot_join_after_player") (value "0")
L 03/14/2021 - 11:40:08: [basecommands.smx] "Console<0><Console><Console>" changed cvar (cvar "bot_join_team") (value "")
L 03/14/2021 - 11:52:48: -------- Mapchange to de_mirage --------
L 03/14/2021 - 11:52:48: [basecommands.smx] "Console<0><Console><Console>" changed cvar (cvar "sv_vote_issue_changelevel_allowed") (value "0")
L 03/14/2021 - 11:52:48: [basecommands.smx] "Console<0><Console><Console>" changed cvar (cvar "sv_max_distance_transmit_footsteps") (value "9999")
L 03/14/2021 - 11:52:48: [basecommands.smx] "Console<0><Console><Console>" changed cvar (cvar "sv_hibernate_ms") (value "0")
L 03/14/2021 - 11:52:48: [basecommands.smx] "Console<0><Console><Console>" changed cvar (cvar "sv_hibernate_ms_vgui") (value "0")
L 03/14/2021 - 11:52:48: [basecommands.smx] "Console<0><Console><Console>" changed cvar (cvar "sv_hibernate_postgame_delay") (value "0")
L 03/14/2021 - 11:52:48: [basecommands.smx] "Console<0><Console><Console>" changed cvar (cvar "sv_hibernate_when_empty") (value "0")
L 03/14/2021 - 11:52:48: [basecommands.smx] "Console<0><Console><Console>" changed cvar (cvar "sv_parallel_sendsnapshot") (value "1")
L 03/14/2021 - 11:52:48: [basecommands.smx] "Console<0><Console><Console>" changed cvar (cvar "sv_enable_delta_packing") (value "1")
L 03/14/2021 - 11:52:48: [basecommands.smx] "Console<0><Console><Console>" changed cvar (cvar "sv_maxunlag") (value "0.200")
L 03/14/2021 - 11:52:48: [basecommands.smx] "Console<0><Console><Console>" changed cvar (cvar "net_maxcleartime") (value "0.001")
L 03/14/2021 - 11:52:48: [basecommands.smx] "Console<0><Console><Console>" changed cvar (cvar "net_minroutable") (value "1000")
L 03/14/2021 - 11:52:48: [basecommands.smx] "Console<0><Console><Console>" changed cvar (cvar "net_compresspackets") (value "0")
L 03/14/2021 - 11:52:48: [basecommands.smx] "Console<0><Console><Console>" changed cvar (cvar "g_ragdoll_important_maxcount") (value "1")
L 03/14/2021 - 11:52:48: [basecommands.smx] "Console<0><Console><Console>" changed cvar (cvar "g_ragdoll_maxcount") (value "1")
L 03/14/2021 - 11:52:48: [basecommands.smx] "Console<0><Console><Console>" changed cvar (cvar "phys_enable_experimental_optimizations") (value "1")
L 03/14/2021 - 11:52:48: [basecommands.smx] "Console<0><Console><Console>" changed cvar (cvar "prop_active_gib_limit") (value "1")
L 03/14/2021 - 11:52:48: [basecommands.smx] "Console<0><Console><Console>" changed cvar (cvar "prop_active_gib_max_fade_time") (value "1")
L 03/14/2021 - 11:52:48: [basecommands.smx] "Console<0><Console><Console>" changed cvar (cvar "sv_turbophysics") (value "1")
L 03/14/2021 - 11:52:48: [basecommands.smx] "Console<0><Console><Console>" changed cvar (cvar "fps_max") (value "0")
L 03/14/2021 - 11:52:48: [basecommands.smx] "Console<0><Console><Console>" changed cvar (cvar "host_framerate") (value "0")
L 03/14/2021 - 11:52:48: [basecommands.smx] "Console<0><Console><Console>" changed cvar (cvar "sv_alternateticks") (value "1")
L 03/14/2021 - 11:52:48: [basecommands.smx] "Console<0><Console><Console>" changed cvar (cvar "sv_forcepreload") (value "1")
L 03/14/2021 - 11:52:48: [basecommands.smx] "Console<0><Console><Console>" changed cvar (cvar "sv_stats") (value "0")
L 03/14/2021 - 11:52:48: [basecommands.smx] "Console<0><Console><Console>" changed cvar (cvar "sv_parallel_packentities") (value "1")
L 03/14/2021 - 11:52:48: [basecommands.smx] "Console<0><Console><Console>" changed cvar (cvar "sv_multiplayer_maxtempentities") (value "1")
L 03/14/2021 - 11:52:48: [basecommands.smx] "Console<0><Console><Console>" changed cvar (cvar "occlusion_test_async") (value "1")
L 03/14/2021 - 11:52:48: [basecommands.smx] "Console<0><Console><Console>" changed cvar (cvar "host_threaded_sound") (value "1")
L 03/14/2021 - 11:52:48: [basecommands.smx] "Console<0><Console><Console>" changed cvar (cvar "sv_threaded_init") (value "1")
L 03/14/2021 - 11:52:48: [basecommands.smx] "Console<0><Console><Console>" changed cvar (cvar "mod_load_anims_async") (value "1")
L 03/14/2021 - 11:52:48: [basecommands.smx] "Console<0><Console><Console>" changed cvar (cvar "mod_load_mesh_async") (value "1")
L 03/14/2021 - 11:52:48: [basecommands.smx] "Console<0><Console><Console>" changed cvar (cvar "mod_load_vcollide_async") (value "1")
L 03/14/2021 - 11:52:48: [basecommands.smx] "Console<0><Console><Console>" changed cvar (cvar "vprof_server_thread") (value "1")
L 03/14/2021 - 11:52:48: [basecommands.smx] "Console<0><Console><Console>" changed cvar (cvar "g_ai_threadedgraphbuild") (value "1")
L 03/14/2021 - 11:52:48: [basecommands.smx] "Console<0><Console><Console>" changed cvar (cvar "mp_teamname_2") (value "Profit$ - T")
L 03/14/2021 - 11:52:48: [basecommands.smx] "Console<0><Console><Console>" changed cvar (cvar "mp_teamname_1") (value "Profit$ - CT")
L 03/14/2021 - 11:52:48: [basecommands.smx] "Console<0><Console><Console>" changed cvar (cvar "sv_allow_thirdperson") (value "1")
L 03/14/2021 - 11:52:48: [basecommands.smx] "Console<0><Console><Console>" changed cvar (cvar "sv_pure_kick_clients") (value "0")
L 03/14/2021 - 11:52:48: [basecommands.smx] "Console<0><Console><Console>" changed cvar (cvar "sv_server_verify_blood_on_player") (value "0")
L 03/14/2021 - 11:52:48: [basecommands.smx] "Console<0><Console><Console>" changed cvar (cvar "host_players_show") (value "2")
L 03/14/2021 - 11:52:48: [basecommands.smx] "Console<0><Console><Console>" changed cvar (cvar "host_info_show") (value "2")
L 03/14/2021 - 11:52:48: [basecommands.smx] "Console<0><Console><Console>" changed cvar (cvar "game_mode") (value "1")
L 03/14/2021 - 11:52:48: [basecommands.smx] "Console<0><Console><Console>" changed cvar (cvar "game_type") (value "0")
L 03/14/2021 - 11:52:48: [basecommands.smx] "Console<0><Console><Console>" changed cvar (cvar "sm_afk_exclude_dead") (value "1")
L 03/14/2021 - 11:52:48: [basecommands.smx] "Console<0><Console><Console>" changed cvar (cvar "bot_join_after_player") (value "0")
L 03/14/2021 - 11:52:48: [basecommands.smx] "Console<0><Console><Console>" changed cvar (cvar "bot_join_team") (value "")
L 03/14/2021 - 14:40:17: -------- Mapchange to de_mirage --------
L 03/14/2021 - 14:40:17: [basecommands.smx] "Console<0><Console><Console>" changed cvar (cvar "sv_vote_issue_changelevel_allowed") (value "0")
L 03/14/2021 - 14:40:17: [basecommands.smx] "Console<0><Console><Console>" changed cvar (cvar "sv_max_distance_transmit_footsteps") (value "9999")
L 03/14/2021 - 14:40:17: [basecommands.smx] "Console<0><Console><Console>" changed cvar (cvar "sv_hibernate_ms") (value "0")
L 03/14/2021 - 14:40:17: [basecommands.smx] "Console<0><Console><Console>" changed cvar (cvar "sv_hibernate_ms_vgui") (value "0")
L 03/14/2021 - 14:40:17: [basecommands.smx] "Console<0><Console><Console>" changed cvar (cvar "sv_hibernate_postgame_delay") (value "0")
L 03/14/2021 - 14:40:17: [basecommands.smx] "Console<0><Console><Console>" changed cvar (cvar "sv_hibernate_when_empty") (value "0")
L 03/14/2021 - 14:40:17: [basecommands.smx] "Console<0><Console><Console>" changed cvar (cvar "sv_parallel_sendsnapshot") (value "1")
L 03/14/2021 - 14:40:17: [basecommands.smx] "Console<0><Console><Console>" changed cvar (cvar "sv_enable_delta_packing") (value "1")
L 03/14/2021 - 14:40:17: [basecommands.smx] "Console<0><Console><Console>" changed cvar (cvar "sv_maxunlag") (value "0.200")
L 03/14/2021 - 14:40:17: [basecommands.smx] "Console<0><Console><Console>" changed cvar (cvar "net_maxcleartime") (value "0.001")
L 03/14/2021 - 14:40:17: [basecommands.smx] "Console<0><Console><Console>" changed cvar (cvar "net_minroutable") (value "1000")
L 03/14/2021 - 14:40:17: [basecommands.smx] "Console<0><Console><Console>" changed cvar (cvar "net_compresspackets") (value "0")
L 03/14/2021 - 14:40:17: [basecommands.smx] "Console<0><Console><Console>" changed cvar (cvar "g_ragdoll_important_maxcount") (value "1")
L 03/14/2021 - 14:40:17: [basecommands.smx] "Console<0><Console><Console>" changed cvar (cvar "g_ragdoll_maxcount") (value "1")
L 03/14/2021 - 14:40:17: [basecommands.smx] "Console<0><Console><Console>" changed cvar (cvar "phys_enable_experimental_optimizations") (value "1")
L 03/14/2021 - 14:40:17: [basecommands.smx] "Console<0><Console><Console>" changed cvar (cvar "prop_active_gib_limit") (value "1")
L 03/14/2021 - 14:40:17: [basecommands.smx] "Console<0><Console><Console>" changed cvar (cvar "prop_active_gib_max_fade_time") (value "1")
L 03/14/2021 - 14:40:17: [basecommands.smx] "Console<0><Console><Console>" changed cvar (cvar "sv_turbophysics") (value "1")
L 03/14/2021 - 14:40:17: [basecommands.smx] "Console<0><Console><Console>" changed cvar (cvar "fps_max") (value "0")
L 03/14/2021 - 14:40:17: [basecommands.smx] "Console<0><Console><Console>" changed cvar (cvar "host_framerate") (value "0")
L 03/14/2021 - 14:40:17: [basecommands.smx] "Console<0><Console><Console>" changed cvar (cvar "sv_alternateticks") (value "1")
L 03/14/2021 - 14:40:17: [basecommands.smx] "Console<0><Console><Console>" changed cvar (cvar "sv_forcepreload") (value "1")
L 03/14/2021 - 14:40:17: [basecommands.smx] "Console<0><Console><Console>" changed cvar (cvar "sv_stats") (value "0")
L 03/14/2021 - 14:40:17: [basecommands.smx] "Console<0><Console><Console>" changed cvar (cvar "sv_parallel_packentities") (value "1")
L 03/14/2021 - 14:40:17: [basecommands.smx] "Console<0><Console><Console>" changed cvar (cvar "sv_multiplayer_maxtempentities") (value "1")
L 03/14/2021 - 14:40:17: [basecommands.smx] "Console<0><Console><Console>" changed cvar (cvar "occlusion_test_async") (value "1")
L 03/14/2021 - 14:40:17: [basecommands.smx] "Console<0><Console><Console>" changed cvar (cvar "host_threaded_sound") (value "1")
L 03/14/2021 - 14:40:17: [basecommands.smx] "Console<0><Console><Console>" changed cvar (cvar "sv_threaded_init") (value "1")
L 03/14/2021 - 14:40:17: [basecommands.smx] "Console<0><Console><Console>" changed cvar (cvar "mod_load_anims_async") (value "1")
L 03/14/2021 - 14:40:17: [basecommands.smx] "Console<0><Console><Console>" changed cvar (cvar "mod_load_mesh_async") (value "1")
L 03/14/2021 - 14:40:17: [basecommands.smx] "Console<0><Console><Console>" changed cvar (cvar "mod_load_vcollide_async") (value "1")
L 03/14/2021 - 14:40:17: [basecommands.smx] "Console<0><Console><Console>" changed cvar (cvar "vprof_server_thread") (value "1")
L 03/14/2021 - 14:40:17: [basecommands.smx] "Console<0><Console><Console>" changed cvar (cvar "g_ai_threadedgraphbuild") (value "1")
L 03/14/2021 - 14:40:17: [basecommands.smx] "Console<0><Console><Console>" changed cvar (cvar "mp_teamname_2") (value "Profit$ - T")
L 03/14/2021 - 14:40:17: [basecommands.smx] "Console<0><Console><Console>" changed cvar (cvar "mp_teamname_1") (value "Profit$ - CT")
L 03/14/2021 - 14:40:17: [basecommands.smx] "Console<0><Console><Console>" changed cvar (cvar "sv_allow_thirdperson") (value "1")
L 03/14/2021 - 14:40:17: [basecommands.smx] "Console<0><Console><Console>" changed cvar (cvar "sv_pure_kick_clients") (value "0")
L 03/14/2021 - 14:40:17: [basecommands.smx] "Console<0><Console><Console>" changed cvar (cvar "sv_server_verify_blood_on_player") (value "0")
L 03/14/2021 - 14:40:17: [basecommands.smx] "Console<0><Console><Console>" changed cvar (cvar "host_players_show") (value "2")
L 03/14/2021 - 14:40:17: [basecommands.smx] "Console<0><Console><Console>" changed cvar (cvar "host_info_show") (value "2")
L 03/14/2021 - 14:40:17: [basecommands.smx] "Console<0><Console><Console>" changed cvar (cvar "game_mode") (value "1")
L 03/14/2021 - 14:40:17: [basecommands.smx] "Console<0><Console><Console>" changed cvar (cvar "game_type") (value "0")
L 03/14/2021 - 14:40:17: [basecommands.smx] "Console<0><Console><Console>" changed cvar (cvar "sm_afk_exclude_dead") (value "1")
L 03/14/2021 - 14:40:17: [basecommands.smx] "Console<0><Console><Console>" changed cvar (cvar "bot_join_after_player") (value "0")
L 03/14/2021 - 14:40:17: [basecommands.smx] "Console<0><Console><Console>" changed cvar (cvar "bot_join_team") (value "")
L 03/14/2021 - 15:05:56: -------- Mapchange to de_mirage --------
L 03/14/2021 - 15:05:56: [basecommands.smx] "Console<0><Console><Console>" changed cvar (cvar "sv_vote_issue_changelevel_allowed") (value "0")
L 03/14/2021 - 15:05:56: [basecommands.smx] "Console<0><Console><Console>" changed cvar (cvar "sv_max_distance_transmit_footsteps") (value "9999")
L 03/14/2021 - 15:05:56: [basecommands.smx] "Console<0><Console><Console>" changed cvar (cvar "sv_hibernate_ms") (value "0")
L 03/14/2021 - 15:05:56: [basecommands.smx] "Console<0><Console><Console>" changed cvar (cvar "sv_hibernate_ms_vgui") (value "0")
L 03/14/2021 - 15:05:56: [basecommands.smx] "Console<0><Console><Console>" changed cvar (cvar "sv_hibernate_postgame_delay") (value "0")
L 03/14/2021 - 15:05:56: [basecommands.smx] "Console<0><Console><Console>" changed cvar (cvar "sv_hibernate_when_empty") (value "0")
L 03/14/2021 - 15:05:56: [basecommands.smx] "Console<0><Console><Console>" changed cvar (cvar "sv_parallel_sendsnapshot") (value "1")
L 03/14/2021 - 15:05:56: [basecommands.smx] "Console<0><Console><Console>" changed cvar (cvar "sv_enable_delta_packing") (value "1")
L 03/14/2021 - 15:05:56: [basecommands.smx] "Console<0><Console><Console>" changed cvar (cvar "sv_maxunlag") (value "0.200")
L 03/14/2021 - 15:05:56: [basecommands.smx] "Console<0><Console><Console>" changed cvar (cvar "net_maxcleartime") (value "0.001")
L 03/14/2021 - 15:05:56: [basecommands.smx] "Console<0><Console><Console>" changed cvar (cvar "net_minroutable") (value "1000")
L 03/14/2021 - 15:05:56: [basecommands.smx] "Console<0><Console><Console>" changed cvar (cvar "net_compresspackets") (value "0")
L 03/14/2021 - 15:05:56: [basecommands.smx] "Console<0><Console><Console>" changed cvar (cvar "g_ragdoll_important_maxcount") (value "1")
L 03/14/2021 - 15:05:56: [basecommands.smx] "Console<0><Console><Console>" changed cvar (cvar "g_ragdoll_maxcount") (value "1")
L 03/14/2021 - 15:05:56: [basecommands.smx] "Console<0><Console><Console>" changed cvar (cvar "phys_enable_experimental_optimizations") (value "1")
L 03/14/2021 - 15:05:56: [basecommands.smx] "Console<0><Console><Console>" changed cvar (cvar "prop_active_gib_limit") (value "1")
L 03/14/2021 - 15:05:56: [basecommands.smx] "Console<0><Console><Console>" changed cvar (cvar "prop_active_gib_max_fade_time") (value "1")
L 03/14/2021 - 15:05:56: [basecommands.smx] "Console<0><Console><Console>" changed cvar (cvar "sv_turbophysics") (value "1")
L 03/14/2021 - 15:05:56: [basecommands.smx] "Console<0><Console><Console>" changed cvar (cvar "fps_max") (value "0")
L 03/14/2021 - 15:05:56: [basecommands.smx] "Console<0><Console><Console>" changed cvar (cvar "host_framerate") (value "0")
L 03/14/2021 - 15:05:56: [basecommands.smx] "Console<0><Console><Console>" changed cvar (cvar "sv_alternateticks") (value "1")
L 03/14/2021 - 15:05:56: [basecommands.smx] "Console<0><Console><Console>" changed cvar (cvar "sv_forcepreload") (value "1")
L 03/14/2021 - 15:05:56: [basecommands.smx] "Console<0><Console><Console>" changed cvar (cvar "sv_stats") (value "0")
L 03/14/2021 - 15:05:56: [basecommands.smx] "Console<0><Console><Console>" changed cvar (cvar "sv_parallel_packentities") (value "1")
L 03/14/2021 - 15:05:56: [basecommands.smx] "Console<0><Console><Console>" changed cvar (cvar "sv_multiplayer_maxtempentities") (value "1")
L 03/14/2021 - 15:05:56: [basecommands.smx] "Console<0><Console><Console>" changed cvar (cvar "occlusion_test_async") (value "1")
L 03/14/2021 - 15:05:56: [basecommands.smx] "Console<0><Console><Console>" changed cvar (cvar "host_threaded_sound") (value "1")
L 03/14/2021 - 15:05:56: [basecommands.smx] "Console<0><Console><Console>" changed cvar (cvar "sv_threaded_init") (value "1")
L 03/14/2021 - 15:05:56: [basecommands.smx] "Console<0><Console><Console>" changed cvar (cvar "mod_load_anims_async") (value "1")
L 03/14/2021 - 15:05:56: [basecommands.smx] "Console<0><Console><Console>" changed cvar (cvar "mod_load_mesh_async") (value "1")
L 03/14/2021 - 15:05:56: [basecommands.smx] "Console<0><Console><Console>" changed cvar (cvar "mod_load_vcollide_async") (value "1")
L 03/14/2021 - 15:05:56: [basecommands.smx] "Console<0><Console><Console>" changed cvar (cvar "vprof_server_thread") (value "1")
L 03/14/2021 - 15:05:56: [basecommands.smx] "Console<0><Console><Console>" changed cvar (cvar "g_ai_threadedgraphbuild") (value "1")
L 03/14/2021 - 15:05:56: [basecommands.smx] "Console<0><Console><Console>" changed cvar (cvar "mp_teamname_2") (value "Profit$ - T")
L 03/14/2021 - 15:05:56: [basecommands.smx] "Console<0><Console><Console>" changed cvar (cvar "mp_teamname_1") (value "Profit$ - CT")
L 03/14/2021 - 15:05:56: [basecommands.smx] "Console<0><Console><Console>" changed cvar (cvar "sv_allow_thirdperson") (value "1")
L 03/14/2021 - 15:05:56: [basecommands.smx] "Console<0><Console><Console>" changed cvar (cvar "sv_pure_kick_clients") (value "0")
L 03/14/2021 - 15:05:56: [basecommands.smx] "Console<0><Console><Console>" changed cvar (cvar "sv_server_verify_blood_on_player") (value "0")
L 03/14/2021 - 15:05:56: [basecommands.smx] "Console<0><Console><Console>" changed cvar (cvar "host_players_show") (value "2")
L 03/14/2021 - 15:05:56: [basecommands.smx] "Console<0><Console><Console>" changed cvar (cvar "host_info_show") (value "2")
L 03/14/2021 - 15:05:56: [basecommands.smx] "Console<0><Console><Console>" changed cvar (cvar "game_mode") (value "1")
L 03/14/2021 - 15:05:56: [basecommands.smx] "Console<0><Console><Console>" changed cvar (cvar "game_type") (value "0")
L 03/14/2021 - 15:05:56: [basecommands.smx] "Console<0><Console><Console>" changed cvar (cvar "sm_afk_exclude_dead") (value "1")
L 03/14/2021 - 15:05:56: [basecommands.smx] "Console<0><Console><Console>" changed cvar (cvar "bot_join_after_player") (value "0")
L 03/14/2021 - 15:05:56: [basecommands.smx] "Console<0><Console><Console>" changed cvar (cvar "bot_join_team") (value "")
L 03/14/2021 - 15:14:09: -------- Mapchange to de_mirage --------
L 03/14/2021 - 15:14:09: [basecommands.smx] "Console<0><Console><Console>" changed cvar (cvar "sv_vote_issue_changelevel_allowed") (value "0")
L 03/14/2021 - 15:14:09: [basecommands.smx] "Console<0><Console><Console>" changed cvar (cvar "sv_max_distance_transmit_footsteps") (value "9999")
L 03/14/2021 - 15:14:09: [basecommands.smx] "Console<0><Console><Console>" changed cvar (cvar "sv_hibernate_ms") (value "0")
L 03/14/2021 - 15:14:09: [basecommands.smx] "Console<0><Console><Console>" changed cvar (cvar "sv_hibernate_ms_vgui") (value "0")
L 03/14/2021 - 15:14:09: [basecommands.smx] "Console<0><Console><Console>" changed cvar (cvar "sv_hibernate_postgame_delay") (value "0")
L 03/14/2021 - 15:14:09: [basecommands.smx] "Console<0><Console><Console>" changed cvar (cvar "sv_hibernate_when_empty") (value "0")
L 03/14/2021 - 15:14:09: [basecommands.smx] "Console<0><Console><Console>" changed cvar (cvar "sv_parallel_sendsnapshot") (value "1")
L 03/14/2021 - 15:14:09: [basecommands.smx] "Console<0><Console><Console>" changed cvar (cvar "sv_enable_delta_packing") (value "1")
L 03/14/2021 - 15:14:09: [basecommands.smx] "Console<0><Console><Console>" changed cvar (cvar "sv_maxunlag") (value "0.200")
L 03/14/2021 - 15:14:09: [basecommands.smx] "Console<0><Console><Console>" changed cvar (cvar "net_maxcleartime") (value "0.001")
L 03/14/2021 - 15:14:09: [basecommands.smx] "Console<0><Console><Console>" changed cvar (cvar "net_minroutable") (value "1000")
L 03/14/2021 - 15:14:09: [basecommands.smx] "Console<0><Console><Console>" changed cvar (cvar "net_compresspackets") (value "0")
L 03/14/2021 - 15:14:09: [basecommands.smx] "Console<0><Console><Console>" changed cvar (cvar "g_ragdoll_important_maxcount") (value "1")
L 03/14/2021 - 15:14:09: [basecommands.smx] "Console<0><Console><Console>" changed cvar (cvar "g_ragdoll_maxcount") (value "1")
L 03/14/2021 - 15:14:09: [basecommands.smx] "Console<0><Console><Console>" changed cvar (cvar "phys_enable_experimental_optimizations") (value "1")
L 03/14/2021 - 15:14:09: [basecommands.smx] "Console<0><Console><Console>" changed cvar (cvar "prop_active_gib_limit") (value "1")
L 03/14/2021 - 15:14:09: [basecommands.smx] "Console<0><Console><Console>" changed cvar (cvar "prop_active_gib_max_fade_time") (value "1")
L 03/14/2021 - 15:14:09: [basecommands.smx] "Console<0><Console><Console>" changed cvar (cvar "sv_turbophysics") (value "1")
L 03/14/2021 - 15:14:09: [basecommands.smx] "Console<0><Console><Console>" changed cvar (cvar "fps_max") (value "0")
L 03/14/2021 - 15:14:09: [basecommands.smx] "Console<0><Console><Console>" changed cvar (cvar "host_framerate") (value "0")
L 03/14/2021 - 15:14:09: [basecommands.smx] "Console<0><Console><Console>" changed cvar (cvar "sv_alternateticks") (value "1")
L 03/14/2021 - 15:14:09: [basecommands.smx] "Console<0><Console><Console>" changed cvar (cvar "sv_forcepreload") (value "1")
L 03/14/2021 - 15:14:09: [basecommands.smx] "Console<0><Console><Console>" changed cvar (cvar "sv_stats") (value "0")
L 03/14/2021 - 15:14:09: [basecommands.smx] "Console<0><Console><Console>" changed cvar (cvar "sv_parallel_packentities") (value "1")
L 03/14/2021 - 15:14:09: [basecommands.smx] "Console<0><Console><Console>" changed cvar (cvar "sv_multiplayer_maxtempentities") (value "1")
L 03/14/2021 - 15:14:09: [basecommands.smx] "Console<0><Console><Console>" changed cvar (cvar "occlusion_test_async") (value "1")
L 03/14/2021 - 15:14:09: [basecommands.smx] "Console<0><Console><Console>" changed cvar (cvar "host_threaded_sound") (value "1")
L 03/14/2021 - 15:14:09: [basecommands.smx] "Console<0><Console><Console>" changed cvar (cvar "sv_threaded_init") (value "1")
L 03/14/2021 - 15:14:09: [basecommands.smx] "Console<0><Console><Console>" changed cvar (cvar "mod_load_anims_async") (value "1")
L 03/14/2021 - 15:14:09: [basecommands.smx] "Console<0><Console><Console>" changed cvar (cvar "mod_load_mesh_async") (value "1")
L 03/14/2021 - 15:14:09: [basecommands.smx] "Console<0><Console><Console>" changed cvar (cvar "mod_load_vcollide_async") (value "1")
L 03/14/2021 - 15:14:09: [basecommands.smx] "Console<0><Console><Console>" changed cvar (cvar "vprof_server_thread") (value "1")
L 03/14/2021 - 15:14:09: [basecommands.smx] "Console<0><Console><Console>" changed cvar (cvar "g_ai_threadedgraphbuild") (value "1")
L 03/14/2021 - 15:14:09: [basecommands.smx] "Console<0><Console><Console>" changed cvar (cvar "mp_teamname_2") (value "Profit$ - T")
L 03/14/2021 - 15:14:09: [basecommands.smx] "Console<0><Console><Console>" changed cvar (cvar "mp_teamname_1") (value "Profit$ - CT")
L 03/14/2021 - 15:14:09: [basecommands.smx] "Console<0><Console><Console>" changed cvar (cvar "sv_allow_thirdperson") (value "1")
L 03/14/2021 - 15:14:09: [basecommands.smx] "Console<0><Console><Console>" changed cvar (cvar "sv_pure_kick_clients") (value "0")
L 03/14/2021 - 15:14:09: [basecommands.smx] "Console<0><Console><Console>" changed cvar (cvar "sv_server_verify_blood_on_player") (value "0")
L 03/14/2021 - 15:14:09: [basecommands.smx] "Console<0><Console><Console>" changed cvar (cvar "host_players_show") (value "2")
L 03/14/2021 - 15:14:09: [basecommands.smx] "Console<0><Console><Console>" changed cvar (cvar "host_info_show") (value "2")
L 03/14/2021 - 15:14:09: [basecommands.smx] "Console<0><Console><Console>" changed cvar (cvar "game_mode") (value "1")
L 03/14/2021 - 15:14:09: [basecommands.smx] "Console<0><Console><Console>" changed cvar (cvar "game_type") (value "0")
L 03/14/2021 - 15:14:09: [basecommands.smx] "Console<0><Console><Console>" changed cvar (cvar "sm_afk_exclude_dead") (value "1")
L 03/14/2021 - 15:14:09: [basecommands.smx] "Console<0><Console><Console>" changed cvar (cvar "bot_join_after_player") (value "0")
L 03/14/2021 - 15:14:09: [basecommands.smx] "Console<0><Console><Console>" changed cvar (cvar "bot_join_team") (value "")
L 03/14/2021 - 15:14:56: -------- Mapchange to de_mirage --------
L 03/14/2021 - 15:14:56: [basecommands.smx] "Console<0><Console><Console>" changed cvar (cvar "sv_vote_issue_changelevel_allowed") (value "0")
L 03/14/2021 - 15:14:56: [basecommands.smx] "Console<0><Console><Console>" changed cvar (cvar "sv_max_distance_transmit_footsteps") (value "9999")
L 03/14/2021 - 15:14:56: [basecommands.smx] "Console<0><Console><Console>" changed cvar (cvar "sv_hibernate_ms") (value "0")
L 03/14/2021 - 15:14:56: [basecommands.smx] "Console<0><Console><Console>" changed cvar (cvar "sv_hibernate_ms_vgui") (value "0")
L 03/14/2021 - 15:14:56: [basecommands.smx] "Console<0><Console><Console>" changed cvar (cvar "sv_hibernate_postgame_delay") (value "0")
L 03/14/2021 - 15:14:56: [basecommands.smx] "Console<0><Console><Console>" changed cvar (cvar "sv_hibernate_when_empty") (value "0")
L 03/14/2021 - 15:14:56: [basecommands.smx] "Console<0><Console><Console>" changed cvar (cvar "sv_parallel_sendsnapshot") (value "1")
L 03/14/2021 - 15:14:56: [basecommands.smx] "Console<0><Console><Console>" changed cvar (cvar "sv_enable_delta_packing") (value "1")
L 03/14/2021 - 15:14:56: [basecommands.smx] "Console<0><Console><Console>" changed cvar (cvar "sv_maxunlag") (value "0.200")
L 03/14/2021 - 15:14:56: [basecommands.smx] "Console<0><Console><Console>" changed cvar (cvar "net_maxcleartime") (value "0.001")
L 03/14/2021 - 15:14:56: [basecommands.smx] "Console<0><Console><Console>" changed cvar (cvar "net_minroutable") (value "1000")
L 03/14/2021 - 15:14:56: [basecommands.smx] "Console<0><Console><Console>" changed cvar (cvar "net_compresspackets") (value "0")
L 03/14/2021 - 15:14:56: [basecommands.smx] "Console<0><Console><Console>" changed cvar (cvar "g_ragdoll_important_maxcount") (value "1")
L 03/14/2021 - 15:14:56: [basecommands.smx] "Console<0><Console><Console>" changed cvar (cvar "g_ragdoll_maxcount") (value "1")
L 03/14/2021 - 15:14:56: [basecommands.smx] "Console<0><Console><Console>" changed cvar (cvar "phys_enable_experimental_optimizations") (value "1")
L 03/14/2021 - 15:14:56: [basecommands.smx] "Console<0><Console><Console>" changed cvar (cvar "prop_active_gib_limit") (value "1")
L 03/14/2021 - 15:14:56: [basecommands.smx] "Console<0><Console><Console>" changed cvar (cvar "prop_active_gib_max_fade_time") (value "1")
L 03/14/2021 - 15:14:56: [basecommands.smx] "Console<0><Console><Console>" changed cvar (cvar "sv_turbophysics") (value "1")
L 03/14/2021 - 15:14:56: [basecommands.smx] "Console<0><Console><Console>" changed cvar (cvar "fps_max") (value "0")
L 03/14/2021 - 15:14:56: [basecommands.smx] "Console<0><Console><Console>" changed cvar (cvar "host_framerate") (value "0")
L 03/14/2021 - 15:14:56: [basecommands.smx] "Console<0><Console><Console>" changed cvar (cvar "sv_alternateticks") (value "1")
L 03/14/2021 - 15:14:56: [basecommands.smx] "Console<0><Console><Console>" changed cvar (cvar "sv_forcepreload") (value "1")
L 03/14/2021 - 15:14:56: [basecommands.smx] "Console<0><Console><Console>" changed cvar (cvar "sv_stats") (value "0")
L 03/14/2021 - 15:14:56: [basecommands.smx] "Console<0><Console><Console>" changed cvar (cvar "sv_parallel_packentities") (value "1")
L 03/14/2021 - 15:14:56: [basecommands.smx] "Console<0><Console><Console>" changed cvar (cvar "sv_multiplayer_maxtempentities") (value "1")
L 03/14/2021 - 15:14:56: [basecommands.smx] "Console<0><Console><Console>" changed cvar (cvar "occlusion_test_async") (value "1")
L 03/14/2021 - 15:14:56: [basecommands.smx] "Console<0><Console><Console>" changed cvar (cvar "host_threaded_sound") (value "1")
L 03/14/2021 - 15:14:56: [basecommands.smx] "Console<0><Console><Console>" changed cvar (cvar "sv_threaded_init") (value "1")
L 03/14/2021 - 15:14:56: [basecommands.smx] "Console<0><Console><Console>" changed cvar (cvar "mod_load_anims_async") (value "1")
L 03/14/2021 - 15:14:56: [basecommands.smx] "Console<0><Console><Console>" changed cvar (cvar "mod_load_mesh_async") (value "1")
L 03/14/2021 - 15:14:56: [basecommands.smx] "Console<0><Console><Console>" changed cvar (cvar "mod_load_vcollide_async") (value "1")
L 03/14/2021 - 15:14:56: [basecommands.smx] "Console<0><Console><Console>" changed cvar (cvar "vprof_server_thread") (value "1")
L 03/14/2021 - 15:14:56: [basecommands.smx] "Console<0><Console><Console>" changed cvar (cvar "g_ai_threadedgraphbuild") (value "1")
L 03/14/2021 - 15:14:56: [basecommands.smx] "Console<0><Console><Console>" changed cvar (cvar "mp_teamname_2") (value "Profit$ - T")
L 03/14/2021 - 15:14:56: [basecommands.smx] "Console<0><Console><Console>" changed cvar (cvar "mp_teamname_1") (value "Profit$ - CT")
L 03/14/2021 - 15:14:56: [basecommands.smx] "Console<0><Console><Console>" changed cvar (cvar "sv_allow_thirdperson") (value "1")
L 03/14/2021 - 15:14:56: [basecommands.smx] "Console<0><Console><Console>" changed cvar (cvar "sv_pure_kick_clients") (value "0")
L 03/14/2021 - 15:14:56: [basecommands.smx] "Console<0><Console><Console>" changed cvar (cvar "sv_server_verify_blood_on_player") (value "0")
L 03/14/2021 - 15:14:56: [basecommands.smx] "Console<0><Console><Console>" changed cvar (cvar "host_players_show") (value "2")
L 03/14/2021 - 15:14:56: [basecommands.smx] "Console<0><Console><Console>" changed cvar (cvar "host_info_show") (value "2")
L 03/14/2021 - 15:14:56: [basecommands.smx] "Console<0><Console><Console>" changed cvar (cvar "game_mode") (value "1")
L 03/14/2021 - 15:14:56: [basecommands.smx] "Console<0><Console><Console>" changed cvar (cvar "game_type") (value "0")
L 03/14/2021 - 15:14:56: [basecommands.smx] "Console<0><Console><Console>" changed cvar (cvar "sm_afk_exclude_dead") (value "1")
L 03/14/2021 - 15:14:56: [basecommands.smx] "Console<0><Console><Console>" changed cvar (cvar "bot_join_after_player") (value "0")
L 03/14/2021 - 15:14:56: [basecommands.smx] "Console<0><Console><Console>" changed cvar (cvar "bot_join_team") (value "")
L 03/14/2021 - 15:43:02: -------- Mapchange to de_mirage --------
L 03/14/2021 - 15:43:02: [basecommands.smx] "Console<0><Console><Console>" changed cvar (cvar "sv_vote_issue_changelevel_allowed") (value "0")
L 03/14/2021 - 15:43:02: [basecommands.smx] "Console<0><Console><Console>" changed cvar (cvar "sv_max_distance_transmit_footsteps") (value "9999")
L 03/14/2021 - 15:43:02: [basecommands.smx] "Console<0><Console><Console>" changed cvar (cvar "sv_hibernate_ms") (value "0")
L 03/14/2021 - 15:43:02: [basecommands.smx] "Console<0><Console><Console>" changed cvar (cvar "sv_hibernate_ms_vgui") (value "0")
L 03/14/2021 - 15:43:02: [basecommands.smx] "Console<0><Console><Console>" changed cvar (cvar "sv_hibernate_postgame_delay") (value "0")
L 03/14/2021 - 15:43:02: [basecommands.smx] "Console<0><Console><Console>" changed cvar (cvar "sv_hibernate_when_empty") (value "0")
L 03/14/2021 - 15:43:02: [basecommands.smx] "Console<0><Console><Console>" changed cvar (cvar "sv_parallel_sendsnapshot") (value "1")
L 03/14/2021 - 15:43:02: [basecommands.smx] "Console<0><Console><Console>" changed cvar (cvar "sv_enable_delta_packing") (value "1")
L 03/14/2021 - 15:43:02: [basecommands.smx] "Console<0><Console><Console>" changed cvar (cvar "sv_maxunlag") (value "0.200")
L 03/14/2021 - 15:43:02: [basecommands.smx] "Console<0><Console><Console>" changed cvar (cvar "net_maxcleartime") (value "0.001")
L 03/14/2021 - 15:43:02: [basecommands.smx] "Console<0><Console><Console>" changed cvar (cvar "net_minroutable") (value "1000")
L 03/14/2021 - 15:43:02: [basecommands.smx] "Console<0><Console><Console>" changed cvar (cvar "net_compresspackets") (value "0")
L 03/14/2021 - 15:43:02: [basecommands.smx] "Console<0><Console><Console>" changed cvar (cvar "g_ragdoll_important_maxcount") (value "1")
L 03/14/2021 - 15:43:02: [basecommands.smx] "Console<0><Console><Console>" changed cvar (cvar "g_ragdoll_maxcount") (value "1")
L 03/14/2021 - 15:43:02: [basecommands.smx] "Console<0><Console><Console>" changed cvar (cvar "phys_enable_experimental_optimizations") (value "1")
L 03/14/2021 - 15:43:02: [basecommands.smx] "Console<0><Console><Console>" changed cvar (cvar "prop_active_gib_limit") (value "1")
L 03/14/2021 - 15:43:02: [basecommands.smx] "Console<0><Console><Console>" changed cvar (cvar "prop_active_gib_max_fade_time") (value "1")
L 03/14/2021 - 15:43:02: [basecommands.smx] "Console<0><Console><Console>" changed cvar (cvar "sv_turbophysics") (value "1")
L 03/14/2021 - 15:43:02: [basecommands.smx] "Console<0><Console><Console>" changed cvar (cvar "fps_max") (value "0")
L 03/14/2021 - 15:43:02: [basecommands.smx] "Console<0><Console><Console>" changed cvar (cvar "host_framerate") (value "0")
L 03/14/2021 - 15:43:02: [basecommands.smx] "Console<0><Console><Console>" changed cvar (cvar "sv_alternateticks") (value "1")
L 03/14/2021 - 15:43:02: [basecommands.smx] "Console<0><Console><Console>" changed cvar (cvar "sv_forcepreload") (value "1")
L 03/14/2021 - 15:43:02: [basecommands.smx] "Console<0><Console><Console>" changed cvar (cvar "sv_stats") (value "0")
L 03/14/2021 - 15:43:02: [basecommands.smx] "Console<0><Console><Console>" changed cvar (cvar "sv_parallel_packentities") (value "1")
L 03/14/2021 - 15:43:02: [basecommands.smx] "Console<0><Console><Console>" changed cvar (cvar "sv_multiplayer_maxtempentities") (value "1")
L 03/14/2021 - 15:43:02: [basecommands.smx] "Console<0><Console><Console>" changed cvar (cvar "occlusion_test_async") (value "1")
L 03/14/2021 - 15:43:02: [basecommands.smx] "Console<0><Console><Console>" changed cvar (cvar "host_threaded_sound") (value "1")
L 03/14/2021 - 15:43:02: [basecommands.smx] "Console<0><Console><Console>" changed cvar (cvar "sv_threaded_init") (value "1")
L 03/14/2021 - 15:43:02: [basecommands.smx] "Console<0><Console><Console>" changed cvar (cvar "mod_load_anims_async") (value "1")
L 03/14/2021 - 15:43:02: [basecommands.smx] "Console<0><Console><Console>" changed cvar (cvar "mod_load_mesh_async") (value "1")
L 03/14/2021 - 15:43:02: [basecommands.smx] "Console<0><Console><Console>" changed cvar (cvar "mod_load_vcollide_async") (value "1")
L 03/14/2021 - 15:43:02: [basecommands.smx] "Console<0><Console><Console>" changed cvar (cvar "vprof_server_thread") (value "1")
L 03/14/2021 - 15:43:02: [basecommands.smx] "Console<0><Console><Console>" changed cvar (cvar "g_ai_threadedgraphbuild") (value "1")
L 03/14/2021 - 15:43:02: [basecommands.smx] "Console<0><Console><Console>" changed cvar (cvar "mp_teamname_2") (value "Profit$ - T")
L 03/14/2021 - 15:43:02: [basecommands.smx] "Console<0><Console><Console>" changed cvar (cvar "mp_teamname_1") (value "Profit$ - CT")
L 03/14/2021 - 15:43:02: [basecommands.smx] "Console<0><Console><Console>" changed cvar (cvar "sv_allow_thirdperson") (value "1")
L 03/14/2021 - 15:43:02: [basecommands.smx] "Console<0><Console><Console>" changed cvar (cvar "sv_pure_kick_clients") (value "0")
L 03/14/2021 - 15:43:02: [basecommands.smx] "Console<0><Console><Console>" changed cvar (cvar "sv_server_verify_blood_on_player") (value "0")
L 03/14/2021 - 15:43:02: [basecommands.smx] "Console<0><Console><Console>" changed cvar (cvar "host_players_show") (value "2")
L 03/14/2021 - 15:43:02: [basecommands.smx] "Console<0><Console><Console>" changed cvar (cvar "host_info_show") (value "2")
L 03/14/2021 - 15:43:02: [basecommands.smx] "Console<0><Console><Console>" changed cvar (cvar "game_mode") (value "1")
L 03/14/2021 - 15:43:02: [basecommands.smx] "Console<0><Console><Console>" changed cvar (cvar "game_type") (value "0")
L 03/14/2021 - 15:43:02: [basecommands.smx] "Console<0><Console><Console>" changed cvar (cvar "sm_afk_exclude_dead") (value "1")
L 03/14/2021 - 15:43:02: [basecommands.smx] "Console<0><Console><Console>" changed cvar (cvar "bot_join_after_player") (value "0")
L 03/14/2021 - 15:43:02: [basecommands.smx] "Console<0><Console><Console>" changed cvar (cvar "bot_join_team") (value "")
L 03/14/2021 - 16:56:39: [basebans.smx] "Anatrax<108><STEAM_1:0:94897427><>" banned "Jordan<138><STEAM_1:0:529550382><>" (minutes "0") (reason "")
L 03/14/2021 - 16:56:53: [basecommands.smx] "Anatrax<108><STEAM_1:0:94897427><>" console command (cmdline "removeallids")
L 03/14/2021 - 18:16:15: [basebans.smx] "Anatrax<185><STEAM_1:0:94897427><>" banned "beauford likes peanut butter<191><STEAM_1:1:593466636><>" (minutes "1") (reason "")
L 03/14/2021 - 22:03:58: -------- Mapchange to de_mirage --------
L 03/14/2021 - 22:03:58: [basecommands.smx] "Console<0><Console><Console>" changed cvar (cvar "sv_vote_issue_changelevel_allowed") (value "0")
L 03/14/2021 - 22:03:58: [basecommands.smx] "Console<0><Console><Console>" changed cvar (cvar "sv_max_distance_transmit_footsteps") (value "9999")
L 03/14/2021 - 22:03:58: [basecommands.smx] "Console<0><Console><Console>" changed cvar (cvar "sv_hibernate_ms") (value "0")
L 03/14/2021 - 22:03:58: [basecommands.smx] "Console<0><Console><Console>" changed cvar (cvar "sv_hibernate_ms_vgui") (value "0")
L 03/14/2021 - 22:03:58: [basecommands.smx] "Console<0><Console><Console>" changed cvar (cvar "sv_hibernate_postgame_delay") (value "0")
L 03/14/2021 - 22:03:58: [basecommands.smx] "Console<0><Console><Console>" changed cvar (cvar "sv_hibernate_when_empty") (value "0")
L 03/14/2021 - 22:03:58: [basecommands.smx] "Console<0><Console><Console>" changed cvar (cvar "sv_parallel_sendsnapshot") (value "1")
L 03/14/2021 - 22:03:58: [basecommands.smx] "Console<0><Console><Console>" changed cvar (cvar "sv_enable_delta_packing") (value "1")
L 03/14/2021 - 22:03:58: [basecommands.smx] "Console<0><Console><Console>" changed cvar (cvar "sv_maxunlag") (value "0.200")
L 03/14/2021 - 22:03:58: [basecommands.smx] "Console<0><Console><Console>" changed cvar (cvar "net_maxcleartime") (value "0.001")
L 03/14/2021 - 22:03:58: [basecommands.smx] "Console<0><Console><Console>" changed cvar (cvar "net_minroutable") (value "1000")
L 03/14/2021 - 22:03:58: [basecommands.smx] "Console<0><Console><Console>" changed cvar (cvar "net_compresspackets") (value "0")
L 03/14/2021 - 22:03:58: [basecommands.smx] "Console<0><Console><Console>" changed cvar (cvar "g_ragdoll_important_maxcount") (value "1")
L 03/14/2021 - 22:03:58: [basecommands.smx] "Console<0><Console><Console>" changed cvar (cvar "g_ragdoll_maxcount") (value "1")
L 03/14/2021 - 22:03:58: [basecommands.smx] "Console<0><Console><Console>" changed cvar (cvar "phys_enable_experimental_optimizations") (value "1")
L 03/14/2021 - 22:03:58: [basecommands.smx] "Console<0><Console><Console>" changed cvar (cvar "prop_active_gib_limit") (value "1")
L 03/14/2021 - 22:03:58: [basecommands.smx] "Console<0><Console><Console>" changed cvar (cvar "prop_active_gib_max_fade_time") (value "1")
L 03/14/2021 - 22:03:58: [basecommands.smx] "Console<0><Console><Console>" changed cvar (cvar "sv_turbophysics") (value "1")
L 03/14/2021 - 22:03:58: [basecommands.smx] "Console<0><Console><Console>" changed cvar (cvar "fps_max") (value "0")
L 03/14/2021 - 22:03:58: [basecommands.smx] "Console<0><Console><Console>" changed cvar (cvar "host_framerate") (value "0")
L 03/14/2021 - 22:03:58: [basecommands.smx] "Console<0><Console><Console>" changed cvar (cvar "sv_alternateticks") (value "1")
L 03/14/2021 - 22:03:58: [basecommands.smx] "Console<0><Console><Console>" changed cvar (cvar "sv_forcepreload") (value "1")
L 03/14/2021 - 22:03:58: [basecommands.smx] "Console<0><Console><Console>" changed cvar (cvar "sv_stats") (value "0")
L 03/14/2021 - 22:03:58: [basecommands.smx] "Console<0><Console><Console>" changed cvar (cvar "sv_parallel_packentities") (value "1")
L 03/14/2021 - 22:03:58: [basecommands.smx] "Console<0><Console><Console>" changed cvar (cvar "sv_multiplayer_maxtempentities") (value "1")
L 03/14/2021 - 22:03:58: [basecommands.smx] "Console<0><Console><Console>" changed cvar (cvar "occlusion_test_async") (value "1")
L 03/14/2021 - 22:03:58: [basecommands.smx] "Console<0><Console><Console>" changed cvar (cvar "host_threaded_sound") (value "1")
L 03/14/2021 - 22:03:58: [basecommands.smx] "Console<0><Console><Console>" changed cvar (cvar "sv_threaded_init") (value "1")
L 03/14/2021 - 22:03:58: [basecommands.smx] "Console<0><Console><Console>" changed cvar (cvar "mod_load_anims_async") (value "1")
L 03/14/2021 - 22:03:58: [basecommands.smx] "Console<0><Console><Console>" changed cvar (cvar "mod_load_mesh_async") (value "1")
L 03/14/2021 - 22:03:58: [basecommands.smx] "Console<0><Console><Console>" changed cvar (cvar "mod_load_vcollide_async") (value "1")
L 03/14/2021 - 22:03:58: [basecommands.smx] "Console<0><Console><Console>" changed cvar (cvar "vprof_server_thread") (value "1")
L 03/14/2021 - 22:03:58: [basecommands.smx] "Console<0><Console><Console>" changed cvar (cvar "g_ai_threadedgraphbuild") (value "1")
L 03/14/2021 - 22:03:58: [basecommands.smx] "Console<0><Console><Console>" changed cvar (cvar "mp_teamname_2") (value "Profit$ - T")
L 03/14/2021 - 22:03:58: [basecommands.smx] "Console<0><Console><Console>" changed cvar (cvar "mp_teamname_1") (value "Profit$ - CT")
L 03/14/2021 - 22:03:58: [basecommands.smx] "Console<0><Console><Console>" changed cvar (cvar "sv_allow_thirdperson") (value "1")
L 03/14/2021 - 22:03:58: [basecommands.smx] "Console<0><Console><Console>" changed cvar (cvar "sv_pure_kick_clients") (value "0")
L 03/14/2021 - 22:03:58: [basecommands.smx] "Console<0><Console><Console>" changed cvar (cvar "sv_server_verify_blood_on_player") (value "0")
L 03/14/2021 - 22:03:58: [basecommands.smx] "Console<0><Console><Console>" changed cvar (cvar "host_players_show") (value "2")
L 03/14/2021 - 22:03:58: [basecommands.smx] "Console<0><Console><Console>" changed cvar (cvar "host_info_show") (value "2")
L 03/14/2021 - 22:03:58: [basecommands.smx] "Console<0><Console><Console>" changed cvar (cvar "game_mode") (value "1")
L 03/14/2021 - 22:03:58: [basecommands.smx] "Console<0><Console><Console>" changed cvar (cvar "game_type") (value "0")
L 03/14/2021 - 22:03:58: [basecommands.smx] "Console<0><Console><Console>" changed cvar (cvar "sm_afk_exclude_dead") (value "1")
L 03/14/2021 - 22:03:58: [basecommands.smx] "Console<0><Console><Console>" changed cvar (cvar "bot_join_after_player") (value "0")
L 03/14/2021 - 22:03:58: [basecommands.smx] "Console<0><Console><Console>" changed cvar (cvar "bot_join_team") (value "")
L 03/14/2021 - 22:20:17: -------- Mapchange to de_mirage --------
L 03/14/2021 - 22:20:17: [basecommands.smx] "Console<0><Console><Console>" changed cvar (cvar "sv_vote_issue_changelevel_allowed") (value "0")
L 03/14/2021 - 22:20:17: [basecommands.smx] "Console<0><Console><Console>" changed cvar (cvar "sv_max_distance_transmit_footsteps") (value "9999")
L 03/14/2021 - 22:20:17: [basecommands.smx] "Console<0><Console><Console>" changed cvar (cvar "sv_hibernate_ms") (value "0")
L 03/14/2021 - 22:20:17: [basecommands.smx] "Console<0><Console><Console>" changed cvar (cvar "sv_hibernate_ms_vgui") (value "0")
L 03/14/2021 - 22:20:17: [basecommands.smx] "Console<0><Console><Console>" changed cvar (cvar "sv_hibernate_postgame_delay") (value "0")
L 03/14/2021 - 22:20:17: [basecommands.smx] "Console<0><Console><Console>" changed cvar (cvar "sv_hibernate_when_empty") (value "0")
L 03/14/2021 - 22:20:17: [basecommands.smx] "Console<0><Console><Console>" changed cvar (cvar "sv_parallel_sendsnapshot") (value "1")
L 03/14/2021 - 22:20:17: [basecommands.smx] "Console<0><Console><Console>" changed cvar (cvar "sv_enable_delta_packing") (value "1")
L 03/14/2021 - 22:20:17: [basecommands.smx] "Console<0><Console><Console>" changed cvar (cvar "sv_maxunlag") (value "0.200")
L 03/14/2021 - 22:20:17: [basecommands.smx] "Console<0><Console><Console>" changed cvar (cvar "net_maxcleartime") (value "0.001")
L 03/14/2021 - 22:20:17: [basecommands.smx] "Console<0><Console><Console>" changed cvar (cvar "net_minroutable") (value "1000")
L 03/14/2021 - 22:20:17: [basecommands.smx] "Console<0><Console><Console>" changed cvar (cvar "net_compresspackets") (value "0")
L 03/14/2021 - 22:20:17: [basecommands.smx] "Console<0><Console><Console>" changed cvar (cvar "g_ragdoll_important_maxcount") (value "1")
L 03/14/2021 - 22:20:17: [basecommands.smx] "Console<0><Console><Console>" changed cvar (cvar "g_ragdoll_maxcount") (value "1")
L 03/14/2021 - 22:20:17: [basecommands.smx] "Console<0><Console><Console>" changed cvar (cvar "phys_enable_experimental_optimizations") (value "1")
L 03/14/2021 - 22:20:17: [basecommands.smx] "Console<0><Console><Console>" changed cvar (cvar "prop_active_gib_limit") (value "1")
L 03/14/2021 - 22:20:17: [basecommands.smx] "Console<0><Console><Console>" changed cvar (cvar "prop_active_gib_max_fade_time") (value "1")
L 03/14/2021 - 22:20:17: [basecommands.smx] "Console<0><Console><Console>" changed cvar (cvar "sv_turbophysics") (value "1")
L 03/14/2021 - 22:20:17: [basecommands.smx] "Console<0><Console><Console>" changed cvar (cvar "fps_max") (value "0")
L 03/14/2021 - 22:20:17: [basecommands.smx] "Console<0><Console><Console>" changed cvar (cvar "host_framerate") (value "0")
L 03/14/2021 - 22:20:17: [basecommands.smx] "Console<0><Console><Console>" changed cvar (cvar "sv_alternateticks") (value "1")
L 03/14/2021 - 22:20:17: [basecommands.smx] "Console<0><Console><Console>" changed cvar (cvar "sv_forcepreload") (value "1")
L 03/14/2021 - 22:20:17: [basecommands.smx] "Console<0><Console><Console>" changed cvar (cvar "sv_stats") (value "0")
L 03/14/2021 - 22:20:17: [basecommands.smx] "Console<0><Console><Console>" changed cvar (cvar "sv_parallel_packentities") (value "1")
L 03/14/2021 - 22:20:17: [basecommands.smx] "Console<0><Console><Console>" changed cvar (cvar "sv_multiplayer_maxtempentities") (value "1")
L 03/14/2021 - 22:20:17: [basecommands.smx] "Console<0><Console><Console>" changed cvar (cvar "occlusion_test_async") (value "1")
L 03/14/2021 - 22:20:17: [basecommands.smx] "Console<0><Console><Console>" changed cvar (cvar "host_threaded_sound") (value "1")
L 03/14/2021 - 22:20:17: [basecommands.smx] "Console<0><Console><Console>" changed cvar (cvar "sv_threaded_init") (value "1")
L 03/14/2021 - 22:20:17: [basecommands.smx] "Console<0><Console><Console>" changed cvar (cvar "mod_load_anims_async") (value "1")
L 03/14/2021 - 22:20:17: [basecommands.smx] "Console<0><Console><Console>" changed cvar (cvar "mod_load_mesh_async") (value "1")
L 03/14/2021 - 22:20:17: [basecommands.smx] "Console<0><Console><Console>" changed cvar (cvar "mod_load_vcollide_async") (value "1")
L 03/14/2021 - 22:20:17: [basecommands.smx] "Console<0><Console><Console>" changed cvar (cvar "vprof_server_thread") (value "1")
L 03/14/2021 - 22:20:17: [basecommands.smx] "Console<0><Console><Console>" changed cvar (cvar "g_ai_threadedgraphbuild") (value "1")
L 03/14/2021 - 22:20:17: [basecommands.smx] "Console<0><Console><Console>" changed cvar (cvar "mp_teamname_2") (value "Profit$ - T")
L 03/14/2021 - 22:20:17: [basecommands.smx] "Console<0><Console><Console>" changed cvar (cvar "mp_teamname_1") (value "Profit$ - CT")
L 03/14/2021 - 22:20:17: [basecommands.smx] "Console<0><Console><Console>" changed cvar (cvar "sv_allow_thirdperson") (value "1")
L 03/14/2021 - 22:20:17: [basecommands.smx] "Console<0><Console><Console>" changed cvar (cvar "sv_pure_kick_clients") (value "0")
L 03/14/2021 - 22:20:17: [basecommands.smx] "Console<0><Console><Console>" changed cvar (cvar "sv_server_verify_blood_on_player") (value "0")
L 03/14/2021 - 22:20:17: [basecommands.smx] "Console<0><Console><Console>" changed cvar (cvar "host_players_show") (value "2")
L 03/14/2021 - 22:20:17: [basecommands.smx] "Console<0><Console><Console>" changed cvar (cvar "host_info_show") (value "2")
L 03/14/2021 - 22:20:17: [basecommands.smx] "Console<0><Console><Console>" changed cvar (cvar "game_mode") (value "1")
L 03/14/2021 - 22:20:17: [basecommands.smx] "Console<0><Console><Console>" changed cvar (cvar "game_type") (value "0")
L 03/14/2021 - 22:20:17: [basecommands.smx] "Console<0><Console><Console>" changed cvar (cvar "sm_afk_exclude_dead") (value "1")
L 03/14/2021 - 22:20:17: [basecommands.smx] "Console<0><Console><Console>" changed cvar (cvar "bot_join_after_player") (value "0")
L 03/14/2021 - 22:20:17: [basecommands.smx] "Console<0><Console><Console>" changed cvar (cvar "bot_join_team") (value "")
L 03/14/2021 - 22:26:00: -------- Mapchange to de_mirage --------
L 03/14/2021 - 22:26:00: [basecommands.smx] "Console<0><Console><Console>" changed cvar (cvar "sv_vote_issue_changelevel_allowed") (value "0")
L 03/14/2021 - 22:26:00: [basecommands.smx] "Console<0><Console><Console>" changed cvar (cvar "sv_max_distance_transmit_footsteps") (value "9999")
L 03/14/2021 - 22:26:00: [basecommands.smx] "Console<0><Console><Console>" changed cvar (cvar "sv_hibernate_ms") (value "0")
L 03/14/2021 - 22:26:00: [basecommands.smx] "Console<0><Console><Console>" changed cvar (cvar "sv_hibernate_ms_vgui") (value "0")
L 03/14/2021 - 22:26:00: [basecommands.smx] "Console<0><Console><Console>" changed cvar (cvar "sv_hibernate_postgame_delay") (value "0")
L 03/14/2021 - 22:26:00: [basecommands.smx] "Console<0><Console><Console>" changed cvar (cvar "sv_hibernate_when_empty") (value "0")
L 03/14/2021 - 22:26:00: [basecommands.smx] "Console<0><Console><Console>" changed cvar (cvar "sv_parallel_sendsnapshot") (value "1")
L 03/14/2021 - 22:26:00: [basecommands.smx] "Console<0><Console><Console>" changed cvar (cvar "sv_enable_delta_packing") (value "1")
L 03/14/2021 - 22:26:00: [basecommands.smx] "Console<0><Console><Console>" changed cvar (cvar "sv_maxunlag") (value "0.200")
L 03/14/2021 - 22:26:00: [basecommands.smx] "Console<0><Console><Console>" changed cvar (cvar "net_maxcleartime") (value "0.001")
L 03/14/2021 - 22:26:00: [basecommands.smx] "Console<0><Console><Console>" changed cvar (cvar "net_minroutable") (value "1000")
L 03/14/2021 - 22:26:00: [basecommands.smx] "Console<0><Console><Console>" changed cvar (cvar "net_compresspackets") (value "0")
L 03/14/2021 - 22:26:00: [basecommands.smx] "Console<0><Console><Console>" changed cvar (cvar "g_ragdoll_important_maxcount") (value "1")
L 03/14/2021 - 22:26:00: [basecommands.smx] "Console<0><Console><Console>" changed cvar (cvar "g_ragdoll_maxcount") (value "1")
L 03/14/2021 - 22:26:00: [basecommands.smx] "Console<0><Console><Console>" changed cvar (cvar "phys_enable_experimental_optimizations") (value "1")
L 03/14/2021 - 22:26:00: [basecommands.smx] "Console<0><Console><Console>" changed cvar (cvar "prop_active_gib_limit") (value "1")
L 03/14/2021 - 22:26:00: [basecommands.smx] "Console<0><Console><Console>" changed cvar (cvar "prop_active_gib_max_fade_time") (value "1")
L 03/14/2021 - 22:26:00: [basecommands.smx] "Console<0><Console><Console>" changed cvar (cvar "sv_turbophysics") (value "1")
L 03/14/2021 - 22:26:00: [basecommands.smx] "Console<0><Console><Console>" changed cvar (cvar "fps_max") (value "0")
L 03/14/2021 - 22:26:00: [basecommands.smx] "Console<0><Console><Console>" changed cvar (cvar "host_framerate") (value "0")
L 03/14/2021 - 22:26:00: [basecommands.smx] "Console<0><Console><Console>" changed cvar (cvar "sv_alternateticks") (value "1")
L 03/14/2021 - 22:26:00: [basecommands.smx] "Console<0><Console><Console>" changed cvar (cvar "sv_forcepreload") (value "1")
L 03/14/2021 - 22:26:00: [basecommands.smx] "Console<0><Console><Console>" changed cvar (cvar "sv_stats") (value "0")
L 03/14/2021 - 22:26:00: [basecommands.smx] "Console<0><Console><Console>" changed cvar (cvar "sv_parallel_packentities") (value "1")
L 03/14/2021 - 22:26:00: [basecommands.smx] "Console<0><Console><Console>" changed cvar (cvar "sv_multiplayer_maxtempentities") (value "1")
L 03/14/2021 - 22:26:00: [basecommands.smx] "Console<0><Console><Console>" changed cvar (cvar "occlusion_test_async") (value "1")
L 03/14/2021 - 22:26:00: [basecommands.smx] "Console<0><Console><Console>" changed cvar (cvar "host_threaded_sound") (value "1")
L 03/14/2021 - 22:26:00: [basecommands.smx] "Console<0><Console><Console>" changed cvar (cvar "sv_threaded_init") (value "1")
L 03/14/2021 - 22:26:00: [basecommands.smx] "Console<0><Console><Console>" changed cvar (cvar "mod_load_anims_async") (value "1")
L 03/14/2021 - 22:26:00: [basecommands.smx] "Console<0><Console><Console>" changed cvar (cvar "mod_load_mesh_async") (value "1")
L 03/14/2021 - 22:26:00: [basecommands.smx] "Console<0><Console><Console>" changed cvar (cvar "mod_load_vcollide_async") (value "1")
L 03/14/2021 - 22:26:00: [basecommands.smx] "Console<0><Console><Console>" changed cvar (cvar "vprof_server_thread") (value "1")
L 03/14/2021 - 22:26:00: [basecommands.smx] "Console<0><Console><Console>" changed cvar (cvar "g_ai_threadedgraphbuild") (value "1")
L 03/14/2021 - 22:26:00: [basecommands.smx] "Console<0><Console><Console>" changed cvar (cvar "mp_teamname_2") (value "Profit$ - T")
L 03/14/2021 - 22:26:00: [basecommands.smx] "Console<0><Console><Console>" changed cvar (cvar "mp_teamname_1") (value "Profit$ - CT")
L 03/14/2021 - 22:26:00: [basecommands.smx] "Console<0><Console><Console>" changed cvar (cvar "sv_allow_thirdperson") (value "1")
L 03/14/2021 - 22:26:00: [basecommands.smx] "Console<0><Console><Console>" changed cvar (cvar "sv_pure_kick_clients") (value "0")
L 03/14/2021 - 22:26:00: [basecommands.smx] "Console<0><Console><Console>" changed cvar (cvar "sv_server_verify_blood_on_player") (value "0")
L 03/14/2021 - 22:26:00: [basecommands.smx] "Console<0><Console><Console>" changed cvar (cvar "host_players_show") (value "2")
L 03/14/2021 - 22:26:00: [basecommands.smx] "Console<0><Console><Console>" changed cvar (cvar "host_info_show") (value "2")
L 03/14/2021 - 22:26:00: [basecommands.smx] "Console<0><Console><Console>" changed cvar (cvar "game_mode") (value "1")
L 03/14/2021 - 22:26:00: [basecommands.smx] "Console<0><Console><Console>" changed cvar (cvar "game_type") (value "0")
L 03/14/2021 - 22:26:00: [basecommands.smx] "Console<0><Console><Console>" changed cvar (cvar "sm_afk_exclude_dead") (value "1")
L 03/14/2021 - 22:26:00: [basecommands.smx] "Console<0><Console><Console>" changed cvar (cvar "bot_join_after_player") (value "0")
L 03/14/2021 - 22:26:00: [basecommands.smx] "Console<0><Console><Console>" changed cvar (cvar "bot_join_team") (value "")
L 03/14/2021 - 22:42:58: -------- Mapchange to de_mirage --------
L 03/14/2021 - 22:42:58: [basecommands.smx] "Console<0><Console><Console>" changed cvar (cvar "sv_vote_issue_changelevel_allowed") (value "0")
L 03/14/2021 - 22:42:58: [basecommands.smx] "Console<0><Console><Console>" changed cvar (cvar "sv_max_distance_transmit_footsteps") (value "9999")
L 03/14/2021 - 22:42:58: [basecommands.smx] "Console<0><Console><Console>" changed cvar (cvar "sv_hibernate_ms") (value "0")
L 03/14/2021 - 22:42:58: [basecommands.smx] "Console<0><Console><Console>" changed cvar (cvar "sv_hibernate_ms_vgui") (value "0")
L 03/14/2021 - 22:42:58: [basecommands.smx] "Console<0><Console><Console>" changed cvar (cvar "sv_hibernate_postgame_delay") (value "0")
L 03/14/2021 - 22:42:58: [basecommands.smx] "Console<0><Console><Console>" changed cvar (cvar "sv_hibernate_when_empty") (value "0")
L 03/14/2021 - 22:42:58: [basecommands.smx] "Console<0><Console><Console>" changed cvar (cvar "sv_parallel_sendsnapshot") (value "1")
L 03/14/2021 - 22:42:58: [basecommands.smx] "Console<0><Console><Console>" changed cvar (cvar "sv_enable_delta_packing") (value "1")
L 03/14/2021 - 22:42:58: [basecommands.smx] "Console<0><Console><Console>" changed cvar (cvar "sv_maxunlag") (value "0.200")
L 03/14/2021 - 22:42:58: [basecommands.smx] "Console<0><Console><Console>" changed cvar (cvar "net_maxcleartime") (value "0.001")
L 03/14/2021 - 22:42:58: [basecommands.smx] "Console<0><Console><Console>" changed cvar (cvar "net_minroutable") (value "1000")
L 03/14/2021 - 22:42:58: [basecommands.smx] "Console<0><Console><Console>" changed cvar (cvar "net_compresspackets") (value "0")
L 03/14/2021 - 22:42:58: [basecommands.smx] "Console<0><Console><Console>" changed cvar (cvar "g_ragdoll_important_maxcount") (value "1")
L 03/14/2021 - 22:42:58: [basecommands.smx] "Console<0><Console><Console>" changed cvar (cvar "g_ragdoll_maxcount") (value "1")
L 03/14/2021 - 22:42:58: [basecommands.smx] "Console<0><Console><Console>" changed cvar (cvar "phys_enable_experimental_optimizations") (value "1")
L 03/14/2021 - 22:42:58: [basecommands.smx] "Console<0><Console><Console>" changed cvar (cvar "prop_active_gib_limit") (value "1")
L 03/14/2021 - 22:42:58: [basecommands.smx] "Console<0><Console><Console>" changed cvar (cvar "prop_active_gib_max_fade_time") (value "1")
L 03/14/2021 - 22:42:58: [basecommands.smx] "Console<0><Console><Console>" changed cvar (cvar "sv_turbophysics") (value "1")
L 03/14/2021 - 22:42:58: [basecommands.smx] "Console<0><Console><Console>" changed cvar (cvar "fps_max") (value "0")
L 03/14/2021 - 22:42:58: [basecommands.smx] "Console<0><Console><Console>" changed cvar (cvar "host_framerate") (value "0")
L 03/14/2021 - 22:42:58: [basecommands.smx] "Console<0><Console><Console>" changed cvar (cvar "sv_alternateticks") (value "1")
L 03/14/2021 - 22:42:58: [basecommands.smx] "Console<0><Console><Console>" changed cvar (cvar "sv_forcepreload") (value "1")
L 03/14/2021 - 22:42:58: [basecommands.smx] "Console<0><Console><Console>" changed cvar (cvar "sv_stats") (value "0")
L 03/14/2021 - 22:42:58: [basecommands.smx] "Console<0><Console><Console>" changed cvar (cvar "sv_parallel_packentities") (value "1")
L 03/14/2021 - 22:42:58: [basecommands.smx] "Console<0><Console><Console>" changed cvar (cvar "sv_multiplayer_maxtempentities") (value "1")
L 03/14/2021 - 22:42:58: [basecommands.smx] "Console<0><Console><Console>" changed cvar (cvar "occlusion_test_async") (value "1")
L 03/14/2021 - 22:42:58: [basecommands.smx] "Console<0><Console><Console>" changed cvar (cvar "host_threaded_sound") (value "1")
L 03/14/2021 - 22:42:58: [basecommands.smx] "Console<0><Console><Console>" changed cvar (cvar "sv_threaded_init") (value "1")
L 03/14/2021 - 22:42:58: [basecommands.smx] "Console<0><Console><Console>" changed cvar (cvar "mod_load_anims_async") (value "1")
L 03/14/2021 - 22:42:58: [basecommands.smx] "Console<0><Console><Console>" changed cvar (cvar "mod_load_mesh_async") (value "1")
L 03/14/2021 - 22:42:58: [basecommands.smx] "Console<0><Console><Console>" changed cvar (cvar "mod_load_vcollide_async") (value "1")
L 03/14/2021 - 22:42:58: [basecommands.smx] "Console<0><Console><Console>" changed cvar (cvar "vprof_server_thread") (value "1")
L 03/14/2021 - 22:42:58: [basecommands.smx] "Console<0><Console><Console>" changed cvar (cvar "g_ai_threadedgraphbuild") (value "1")
L 03/14/2021 - 22:42:58: [basecommands.smx] "Console<0><Console><Console>" changed cvar (cvar "mp_teamname_2") (value "Profit$ - T")
L 03/14/2021 - 22:42:58: [basecommands.smx] "Console<0><Console><Console>" changed cvar (cvar "mp_teamname_1") (value "Profit$ - CT")
L 03/14/2021 - 22:42:58: [basecommands.smx] "Console<0><Console><Console>" changed cvar (cvar "sv_allow_thirdperson") (value "1")
L 03/14/2021 - 22:42:58: [basecommands.smx] "Console<0><Console><Console>" changed cvar (cvar "sv_pure_kick_clients") (value "0")
L 03/14/2021 - 22:42:58: [basecommands.smx] "Console<0><Console><Console>" changed cvar (cvar "sv_server_verify_blood_on_player") (value "0")
L 03/14/2021 - 22:42:58: [basecommands.smx] "Console<0><Console><Console>" changed cvar (cvar "host_players_show") (value "2")
L 03/14/2021 - 22:42:58: [basecommands.smx] "Console<0><Console><Console>" changed cvar (cvar "host_info_show") (value "2")
L 03/14/2021 - 22:42:58: [basecommands.smx] "Console<0><Console><Console>" changed cvar (cvar "game_mode") (value "1")
L 03/14/2021 - 22:42:58: [basecommands.smx] "Console<0><Console><Console>" changed cvar (cvar "game_type") (value "0")
L 03/14/2021 - 22:42:58: [basecommands.smx] "Console<0><Console><Console>" changed cvar (cvar "sm_afk_exclude_dead") (value "1")
L 03/14/2021 - 22:42:58: [basecommands.smx] "Console<0><Console><Console>" changed cvar (cvar "bot_join_after_player") (value "0")
L 03/14/2021 - 22:42:58: [basecommands.smx] "Console<0><Console><Console>" changed cvar (cvar "bot_join_team") (value "")
L 03/14/2021 - 22:45:31: -------- Mapchange to de_mirage --------
L 03/14/2021 - 22:45:31: [basecommands.smx] "Console<0><Console><Console>" changed cvar (cvar "sv_vote_issue_changelevel_allowed") (value "0")
L 03/14/2021 - 22:45:31: [basecommands.smx] "Console<0><Console><Console>" changed cvar (cvar "sv_max_distance_transmit_footsteps") (value "9999")
L 03/14/2021 - 22:45:31: [basecommands.smx] "Console<0><Console><Console>" changed cvar (cvar "sv_hibernate_ms") (value "0")
L 03/14/2021 - 22:45:31: [basecommands.smx] "Console<0><Console><Console>" changed cvar (cvar "sv_hibernate_ms_vgui") (value "0")
L 03/14/2021 - 22:45:31: [basecommands.smx] "Console<0><Console><Console>" changed cvar (cvar "sv_hibernate_postgame_delay") (value "0")
L 03/14/2021 - 22:45:31: [basecommands.smx] "Console<0><Console><Console>" changed cvar (cvar "sv_hibernate_when_empty") (value "0")
L 03/14/2021 - 22:45:31: [basecommands.smx] "Console<0><Console><Console>" changed cvar (cvar "sv_parallel_sendsnapshot") (value "1")
L 03/14/2021 - 22:45:31: [basecommands.smx] "Console<0><Console><Console>" changed cvar (cvar "sv_enable_delta_packing") (value "1")
L 03/14/2021 - 22:45:31: [basecommands.smx] "Console<0><Console><Console>" changed cvar (cvar "sv_maxunlag") (value "0.200")
L 03/14/2021 - 22:45:31: [basecommands.smx] "Console<0><Console><Console>" changed cvar (cvar "net_maxcleartime") (value "0.001")
L 03/14/2021 - 22:45:31: [basecommands.smx] "Console<0><Console><Console>" changed cvar (cvar "net_minroutable") (value "1000")
L 03/14/2021 - 22:45:31: [basecommands.smx] "Console<0><Console><Console>" changed cvar (cvar "net_compresspackets") (value "0")
L 03/14/2021 - 22:45:31: [basecommands.smx] "Console<0><Console><Console>" changed cvar (cvar "g_ragdoll_important_maxcount") (value "1")
L 03/14/2021 - 22:45:31: [basecommands.smx] "Console<0><Console><Console>" changed cvar (cvar "g_ragdoll_maxcount") (value "1")
L 03/14/2021 - 22:45:31: [basecommands.smx] "Console<0><Console><Console>" changed cvar (cvar "phys_enable_experimental_optimizations") (value "1")
L 03/14/2021 - 22:45:31: [basecommands.smx] "Console<0><Console><Console>" changed cvar (cvar "prop_active_gib_limit") (value "1")
L 03/14/2021 - 22:45:31: [basecommands.smx] "Console<0><Console><Console>" changed cvar (cvar "prop_active_gib_max_fade_time") (value "1")
L 03/14/2021 - 22:45:31: [basecommands.smx] "Console<0><Console><Console>" changed cvar (cvar "sv_turbophysics") (value "1")
L 03/14/2021 - 22:45:31: [basecommands.smx] "Console<0><Console><Console>" changed cvar (cvar "fps_max") (value "0")
L 03/14/2021 - 22:45:31: [basecommands.smx] "Console<0><Console><Console>" changed cvar (cvar "host_framerate") (value "0")
L 03/14/2021 - 22:45:31: [basecommands.smx] "Console<0><Console><Console>" changed cvar (cvar "sv_alternateticks") (value "1")
L 03/14/2021 - 22:45:31: [basecommands.smx] "Console<0><Console><Console>" changed cvar (cvar "sv_forcepreload") (value "1")
L 03/14/2021 - 22:45:31: [basecommands.smx] "Console<0><Console><Console>" changed cvar (cvar "sv_stats") (value "0")
L 03/14/2021 - 22:45:31: [basecommands.smx] "Console<0><Console><Console>" changed cvar (cvar "sv_parallel_packentities") (value "1")
L 03/14/2021 - 22:45:31: [basecommands.smx] "Console<0><Console><Console>" changed cvar (cvar "sv_multiplayer_maxtempentities") (value "1")
L 03/14/2021 - 22:45:31: [basecommands.smx] "Console<0><Console><Console>" changed cvar (cvar "occlusion_test_async") (value "1")
L 03/14/2021 - 22:45:31: [basecommands.smx] "Console<0><Console><Console>" changed cvar (cvar "host_threaded_sound") (value "1")
L 03/14/2021 - 22:45:31: [basecommands.smx] "Console<0><Console><Console>" changed cvar (cvar "sv_threaded_init") (value "1")
L 03/14/2021 - 22:45:31: [basecommands.smx] "Console<0><Console><Console>" changed cvar (cvar "mod_load_anims_async") (value "1")
L 03/14/2021 - 22:45:31: [basecommands.smx] "Console<0><Console><Console>" changed cvar (cvar "mod_load_mesh_async") (value "1")
L 03/14/2021 - 22:45:31: [basecommands.smx] "Console<0><Console><Console>" changed cvar (cvar "mod_load_vcollide_async") (value "1")
L 03/14/2021 - 22:45:31: [basecommands.smx] "Console<0><Console><Console>" changed cvar (cvar "vprof_server_thread") (value "1")
L 03/14/2021 - 22:45:31: [basecommands.smx] "Console<0><Console><Console>" changed cvar (cvar "g_ai_threadedgraphbuild") (value "1")
L 03/14/2021 - 22:45:31: [basecommands.smx] "Console<0><Console><Console>" changed cvar (cvar "mp_teamname_2") (value "Profit$ - T")
L 03/14/2021 - 22:45:31: [basecommands.smx] "Console<0><Console><Console>" changed cvar (cvar "mp_teamname_1") (value "Profit$ - CT")
L 03/14/2021 - 22:45:31: [basecommands.smx] "Console<0><Console><Console>" changed cvar (cvar "sv_allow_thirdperson") (value "1")
L 03/14/2021 - 22:45:31: [basecommands.smx] "Console<0><Console><Console>" changed cvar (cvar "sv_pure_kick_clients") (value "0")
L 03/14/2021 - 22:45:31: [basecommands.smx] "Console<0><Console><Console>" changed cvar (cvar "sv_server_verify_blood_on_player") (value "0")
L 03/14/2021 - 22:45:31: [basecommands.smx] "Console<0><Console><Console>" changed cvar (cvar "host_players_show") (value "2")
L 03/14/2021 - 22:45:31: [basecommands.smx] "Console<0><Console><Console>" changed cvar (cvar "host_info_show") (value "2")
L 03/14/2021 - 22:45:31: [basecommands.smx] "Console<0><Console><Console>" changed cvar (cvar "game_mode") (value "1")
L 03/14/2021 - 22:45:31: [basecommands.smx] "Console<0><Console><Console>" changed cvar (cvar "game_type") (value "0")
L 03/14/2021 - 22:45:31: [basecommands.smx] "Console<0><Console><Console>" changed cvar (cvar "sm_afk_exclude_dead") (value "1")
L 03/14/2021 - 22:45:31: [basecommands.smx] "Console<0><Console><Console>" changed cvar (cvar "bot_join_after_player") (value "0")
L 03/14/2021 - 22:45:31: [basecommands.smx] "Console<0><Console><Console>" changed cvar (cvar "bot_join_team") (value "")
L 03/14/2021 - 23:52:20: -------- Mapchange to de_mirage --------
L 03/14/2021 - 23:52:20: [basecommands.smx] "Console<0><Console><Console>" changed cvar (cvar "sv_vote_issue_changelevel_allowed") (value "0")
L 03/14/2021 - 23:52:20: [basecommands.smx] "Console<0><Console><Console>" changed cvar (cvar "sv_max_distance_transmit_footsteps") (value "9999")
L 03/14/2021 - 23:52:20: [basecommands.smx] "Console<0><Console><Console>" changed cvar (cvar "sv_hibernate_ms") (value "0")
L 03/14/2021 - 23:52:20: [basecommands.smx] "Console<0><Console><Console>" changed cvar (cvar "sv_hibernate_ms_vgui") (value "0")
L 03/14/2021 - 23:52:20: [basecommands.smx] "Console<0><Console><Console>" changed cvar (cvar "sv_hibernate_postgame_delay") (value "0")
L 03/14/2021 - 23:52:20: [basecommands.smx] "Console<0><Console><Console>" changed cvar (cvar "sv_hibernate_when_empty") (value "0")
L 03/14/2021 - 23:52:20: [basecommands.smx] "Console<0><Console><Console>" changed cvar (cvar "sv_parallel_sendsnapshot") (value "1")
L 03/14/2021 - 23:52:20: [basecommands.smx] "Console<0><Console><Console>" changed cvar (cvar "sv_enable_delta_packing") (value "1")
L 03/14/2021 - 23:52:20: [basecommands.smx] "Console<0><Console><Console>" changed cvar (cvar "sv_maxunlag") (value "0.200")
L 03/14/2021 - 23:52:20: [basecommands.smx] "Console<0><Console><Console>" changed cvar (cvar "net_maxcleartime") (value "0.001")
L 03/14/2021 - 23:52:20: [basecommands.smx] "Console<0><Console><Console>" changed cvar (cvar "net_minroutable") (value "1000")
L 03/14/2021 - 23:52:20: [basecommands.smx] "Console<0><Console><Console>" changed cvar (cvar "net_compresspackets") (value "0")
L 03/14/2021 - 23:52:20: [basecommands.smx] "Console<0><Console><Console>" changed cvar (cvar "g_ragdoll_important_maxcount") (value "1")
L 03/14/2021 - 23:52:20: [basecommands.smx] "Console<0><Console><Console>" changed cvar (cvar "g_ragdoll_maxcount") (value "1")
L 03/14/2021 - 23:52:20: [basecommands.smx] "Console<0><Console><Console>" changed cvar (cvar "phys_enable_experimental_optimizations") (value "1")
L 03/14/2021 - 23:52:20: [basecommands.smx] "Console<0><Console><Console>" changed cvar (cvar "prop_active_gib_limit") (value "1")
L 03/14/2021 - 23:52:20: [basecommands.smx] "Console<0><Console><Console>" changed cvar (cvar "prop_active_gib_max_fade_time") (value "1")
L 03/14/2021 - 23:52:20: [basecommands.smx] "Console<0><Console><Console>" changed cvar (cvar "sv_turbophysics") (value "1")
L 03/14/2021 - 23:52:20: [basecommands.smx] "Console<0><Console><Console>" changed cvar (cvar "fps_max") (value "0")
L 03/14/2021 - 23:52:20: [basecommands.smx] "Console<0><Console><Console>" changed cvar (cvar "host_framerate") (value "0")
L 03/14/2021 - 23:52:20: [basecommands.smx] "Console<0><Console><Console>" changed cvar (cvar "sv_alternateticks") (value "1")
L 03/14/2021 - 23:52:20: [basecommands.smx] "Console<0><Console><Console>" changed cvar (cvar "sv_forcepreload") (value "1")
L 03/14/2021 - 23:52:20: [basecommands.smx] "Console<0><Console><Console>" changed cvar (cvar "sv_stats") (value "0")
L 03/14/2021 - 23:52:20: [basecommands.smx] "Console<0><Console><Console>" changed cvar (cvar "sv_parallel_packentities") (value "1")
L 03/14/2021 - 23:52:20: [basecommands.smx] "Console<0><Console><Console>" changed cvar (cvar "sv_multiplayer_maxtempentities") (value "1")
L 03/14/2021 - 23:52:20: [basecommands.smx] "Console<0><Console><Console>" changed cvar (cvar "occlusion_test_async") (value "1")
L 03/14/2021 - 23:52:20: [basecommands.smx] "Console<0><Console><Console>" changed cvar (cvar "host_threaded_sound") (value "1")
L 03/14/2021 - 23:52:20: [basecommands.smx] "Console<0><Console><Console>" changed cvar (cvar "sv_threaded_init") (value "1")
L 03/14/2021 - 23:52:20: [basecommands.smx] "Console<0><Console><Console>" changed cvar (cvar "mod_load_anims_async") (value "1")
L 03/14/2021 - 23:52:20: [basecommands.smx] "Console<0><Console><Console>" changed cvar (cvar "mod_load_mesh_async") (value "1")
L 03/14/2021 - 23:52:20: [basecommands.smx] "Console<0><Console><Console>" changed cvar (cvar "mod_load_vcollide_async") (value "1")
L 03/14/2021 - 23:52:20: [basecommands.smx] "Console<0><Console><Console>" changed cvar (cvar "vprof_server_thread") (value "1")
L 03/14/2021 - 23:52:20: [basecommands.smx] "Console<0><Console><Console>" changed cvar (cvar "g_ai_threadedgraphbuild") (value "1")
L 03/14/2021 - 23:52:20: [basecommands.smx] "Console<0><Console><Console>" changed cvar (cvar "mp_teamname_2") (value "Profit$ - T")
L 03/14/2021 - 23:52:20: [basecommands.smx] "Console<0><Console><Console>" changed cvar (cvar "mp_teamname_1") (value "Profit$ - CT")
L 03/14/2021 - 23:52:20: [basecommands.smx] "Console<0><Console><Console>" changed cvar (cvar "sv_allow_thirdperson") (value "1")
L 03/14/2021 - 23:52:20: [basecommands.smx] "Console<0><Console><Console>" changed cvar (cvar "sv_pure_kick_clients") (value "0")
L 03/14/2021 - 23:52:20: [basecommands.smx] "Console<0><Console><Console>" changed cvar (cvar "sv_server_verify_blood_on_player") (value "0")
L 03/14/2021 - 23:52:20: [basecommands.smx] "Console<0><Console><Console>" changed cvar (cvar "host_players_show") (value "2")
L 03/14/2021 - 23:52:20: [basecommands.smx] "Console<0><Console><Console>" changed cvar (cvar "host_info_show") (value "2")
L 03/14/2021 - 23:52:20: [basecommands.smx] "Console<0><Console><Console>" changed cvar (cvar "game_mode") (value "1")
L 03/14/2021 - 23:52:20: [basecommands.smx] "Console<0><Console><Console>" changed cvar (cvar "game_type") (value "0")
L 03/14/2021 - 23:52:20: [basecommands.smx] "Console<0><Console><Console>" changed cvar (cvar "sm_afk_exclude_dead") (value "1")
L 03/14/2021 - 23:52:20: [basecommands.smx] "Console<0><Console><Console>" changed cvar (cvar "bot_join_after_player") (value "0")
L 03/14/2021 - 23:52:20: [basecommands.smx] "Console<0><Console><Console>" changed cvar (cvar "bot_join_team") (value "")
L 03/15/2021 - 00:03:32: Log file closed.
